
Testing model: imodel_fold5_l1_g1_i1_dp0.1.pth
Initializing ClassificationModel with 1 GAT layers and residual connections...
Initializing MCModel with 1 GAT layers and 1 row attention layers...
Initializing CGModel with 1 GAT layers and residual connections...
Initializing CoreModel with 1 self-attention layers...

Metrics for Lchain:
  Accuracy: 86.83%
  Precision: 0.7182
  Recall: 0.5372
  AUC-ROC: 0.9139
  AUC-PR: 0.7045

Metrics for Hchain:
  Accuracy: 88.43%
  Precision: 0.8228
  Recall: 0.7172
  AUC-ROC: 0.9416
  AUC-PR: 0.8581

Metrics for Antibody:
  Accuracy: 87.67%
  Precision: 0.7848
  Recall: 0.6453
  AUC-ROC: 0.9289
  AUC-PR: 0.8025

Metrics for Antigen:
  Accuracy: 89.73%
  Precision: 0.6085
  Recall: 0.1772
  AUC-ROC: 0.8750
  AUC-PR: 0.4489

Metrics for AGchain_0:
  Accuracy: 89.73%
  Precision: 0.6202
  Recall: 0.1801
  AUC-ROC: 0.8817
  AUC-PR: 0.4628

Metrics for AGchain_1:
  Accuracy: 89.65%
  Precision: 0.3025
  Recall: 0.0984
  AUC-ROC: 0.6308
  AUC-PR: 0.1701

Metrics for AGchain_2:
  Accuracy: 93.88%
  Precision: 0.0000
  Recall: 0.0000
  AUC-ROC: 0.2920
  AUC-PR: 0.0396
Saved last_attention matrices to imodel_fold5_l1_g1_i1_dp0.1.pth.npz

Testing model: isimodel_fold3_l1_g1_i1_dp0.1.pth
Initializing ClassificationModel with 1 GAT layers and residual connections...
Initializing MCModel with 1 GAT layers and 1 row attention layers...
Initializing CGModel with 1 GAT layers and residual connections...
Initializing CoreModel with 1 self-attention layers...

Metrics for Lchain:
  Accuracy: 87.26%
  Precision: 0.7352
  Recall: 0.5452
  AUC-ROC: 0.9208
  AUC-PR: 0.7257

Metrics for Hchain:
  Accuracy: 88.87%
  Precision: 0.8322
  Recall: 0.7259
  AUC-ROC: 0.9465
  AUC-PR: 0.8677

Metrics for Antibody:
  Accuracy: 88.11%
  Precision: 0.7972
  Recall: 0.6537
  AUC-ROC: 0.9360
  AUC-PR: 0.8181

Metrics for Antigen:
  Accuracy: 89.93%
  Precision: 0.6033
  Recall: 0.2378
  AUC-ROC: 0.8785
  AUC-PR: 0.4762

Metrics for AGchain_0:
  Accuracy: 89.94%
  Precision: 0.6111
  Recall: 0.2447
  AUC-ROC: 0.8849
  AUC-PR: 0.4887

Metrics for AGchain_1:
  Accuracy: 89.58%
  Precision: 0.2024
  Recall: 0.0464
  AUC-ROC: 0.6323
  AUC-PR: 0.1558

Metrics for AGchain_2:
  Accuracy: 93.88%
  Precision: 0.0000
  Recall: 0.0000
  AUC-ROC: 0.3832
  AUC-PR: 0.0454
Saved last_attention matrices to isimodel_fold3_l1_g1_i1_dp0.1.pth.npz

Testing model: isiaimodel_fold1_l1_g1_i1_dp0.1.pth
Initializing ClassificationModel with 1 GAT layers and residual connections...
Initializing MCModel with 1 GAT layers and 1 row attention layers...
Initializing CGModel with 1 GAT layers and residual connections...
Initializing CoreModel with 1 self-attention layers...

Metrics for Lchain:
  Accuracy: 87.31%
  Precision: 0.7193
  Recall: 0.5758
  AUC-ROC: 0.9194
  AUC-PR: 0.7177

Metrics for Hchain:
  Accuracy: 88.66%
  Precision: 0.8162
  Recall: 0.7375
  AUC-ROC: 0.9426
  AUC-PR: 0.8584

Metrics for Antibody:
  Accuracy: 88.02%
  Precision: 0.7803
  Recall: 0.6729
  AUC-ROC: 0.9331
  AUC-PR: 0.8109

Metrics for Antigen:
  Accuracy: 89.69%
  Precision: 0.5784
  Recall: 0.2182
  AUC-ROC: 0.8764
  AUC-PR: 0.4509

Metrics for AGchain_0:
  Accuracy: 89.74%
  Precision: 0.5949
  Recall: 0.2232
  AUC-ROC: 0.8841
  AUC-PR: 0.4688

Metrics for AGchain_1:
  Accuracy: 88.15%
  Precision: 0.1758
  Recall: 0.0792
  AUC-ROC: 0.6019
  AUC-PR: 0.1274

Metrics for AGchain_2:
  Accuracy: 93.88%
  Precision: 0.0000
  Recall: 0.0000
  AUC-ROC: 0.5496
  AUC-PR: 0.0642
Saved last_attention matrices to isiaimodel_fold1_l1_g1_i1_dp0.1.pth.npz

Testing model: isiaimodel_fold2_l1_g1_i1_dp0.1.pth
Initializing ClassificationModel with 1 GAT layers and residual connections...
Initializing MCModel with 1 GAT layers and 1 row attention layers...
Initializing CGModel with 1 GAT layers and residual connections...
Initializing CoreModel with 1 self-attention layers...

Metrics for Lchain:
  Accuracy: 87.48%
  Precision: 0.7170
  Recall: 0.5944
  AUC-ROC: 0.9189
  AUC-PR: 0.7138

Metrics for Hchain:
  Accuracy: 87.93%
  Precision: 0.7950
  Recall: 0.7331
  AUC-ROC: 0.9367
  AUC-PR: 0.8370

Metrics for Antibody:
  Accuracy: 87.72%
  Precision: 0.7658
  Recall: 0.6777
  AUC-ROC: 0.9295
  AUC-PR: 0.7947

Metrics for Antigen:
  Accuracy: 89.50%
  Precision: 0.5673
  Recall: 0.1759
  AUC-ROC: 0.8693
  AUC-PR: 0.4274

Metrics for AGchain_0:
  Accuracy: 89.48%
  Precision: 0.5750
  Recall: 0.1810
  AUC-ROC: 0.8786
  AUC-PR: 0.4443

Metrics for AGchain_1:
  Accuracy: 89.75%
  Precision: 0.1791
  Recall: 0.0328
  AUC-ROC: 0.5204
  AUC-PR: 0.1118

Metrics for AGchain_2:
  Accuracy: 93.88%
  Precision: 0.0000
  Recall: 0.0000
  AUC-ROC: 0.4471
  AUC-PR: 0.0511
Saved last_attention matrices to isiaimodel_fold2_l1_g1_i1_dp0.1.pth.npz

Testing model: isiaimodel_fold3_l1_g1_i1_dp0.1.pth
Initializing ClassificationModel with 1 GAT layers and residual connections...
Initializing MCModel with 1 GAT layers and 1 row attention layers...
Initializing CGModel with 1 GAT layers and residual connections...
Initializing CoreModel with 1 self-attention layers...

Metrics for Lchain:
  Accuracy: 87.46%
  Precision: 0.7065
  Recall: 0.6136
  AUC-ROC: 0.9185
  AUC-PR: 0.7138

Metrics for Hchain:
  Accuracy: 87.84%
  Precision: 0.7856
  Recall: 0.7434
  AUC-ROC: 0.9377
  AUC-PR: 0.8331

Metrics for Antibody:
  Accuracy: 87.66%
  Precision: 0.7556
  Recall: 0.6915
  AUC-ROC: 0.9301
  AUC-PR: 0.7907

Metrics for Antigen:
  Accuracy: 89.51%
  Precision: 0.5578
  Recall: 0.2048
  AUC-ROC: 0.8714
  AUC-PR: 0.4417

Metrics for AGchain_0:
  Accuracy: 89.47%
  Precision: 0.5624
  Recall: 0.2111
  AUC-ROC: 0.8795
  AUC-PR: 0.4559

Metrics for AGchain_1:
  Accuracy: 90.08%
  Precision: 0.2000
  Recall: 0.0273
  AUC-ROC: 0.5564
  AUC-PR: 0.1209

Metrics for AGchain_2:
  Accuracy: 93.47%
  Precision: 0.0000
  Recall: 0.0000
  AUC-ROC: 0.3791
  AUC-PR: 0.0452
Saved last_attention matrices to isiaimodel_fold3_l1_g1_i1_dp0.1.pth.npz

Testing model: isiaimodel_fold4_l1_g1_i1_dp0.1.pth
Initializing ClassificationModel with 1 GAT layers and residual connections...
Initializing MCModel with 1 GAT layers and 1 row attention layers...
Initializing CGModel with 1 GAT layers and residual connections...
Initializing CoreModel with 1 self-attention layers...

Metrics for Lchain:
  Accuracy: 87.38%
  Precision: 0.7098
  Recall: 0.6001
  AUC-ROC: 0.9195
  AUC-PR: 0.7082

Metrics for Hchain:
  Accuracy: 87.77%
  Precision: 0.7804
  Recall: 0.7487
  AUC-ROC: 0.9377
  AUC-PR: 0.8394

Metrics for Antibody:
  Accuracy: 87.59%
  Precision: 0.7543
  Recall: 0.6893
  AUC-ROC: 0.9301
  AUC-PR: 0.7941

Metrics for Antigen:
  Accuracy: 89.47%
  Precision: 0.5521
  Recall: 0.2049
  AUC-ROC: 0.8747
  AUC-PR: 0.4359

Metrics for AGchain_0:
  Accuracy: 89.46%
  Precision: 0.5602
  Recall: 0.2107
  AUC-ROC: 0.8824
  AUC-PR: 0.4504

Metrics for AGchain_1:
  Accuracy: 89.45%
  Precision: 0.1765
  Recall: 0.0410
  AUC-ROC: 0.5727
  AUC-PR: 0.1219

Metrics for AGchain_2:
  Accuracy: 93.47%
  Precision: 0.0000
  Recall: 0.0000
  AUC-ROC: 0.3854
  AUC-PR: 0.0460
Saved last_attention matrices to isiaimodel_fold4_l1_g1_i1_dp0.1.pth.npz

Testing model: isiaimodel_fold5_l1_g1_i1_dp0.1.pth
Initializing ClassificationModel with 1 GAT layers and residual connections...
Initializing MCModel with 1 GAT layers and 1 row attention layers...
Initializing CGModel with 1 GAT layers and residual connections...
Initializing CoreModel with 1 self-attention layers...

Metrics for Lchain:
  Accuracy: 87.74%
  Precision: 0.7437
  Recall: 0.5697
  AUC-ROC: 0.9225
  AUC-PR: 0.7377

Metrics for Hchain:
  Accuracy: 88.11%
  Precision: 0.8187
  Recall: 0.7074
  AUC-ROC: 0.9404
  AUC-PR: 0.8510

Metrics for Antibody:
  Accuracy: 87.94%
  Precision: 0.7909
  Recall: 0.6524
  AUC-ROC: 0.9332
  AUC-PR: 0.8114

Metrics for Antigen:
  Accuracy: 89.58%
  Precision: 0.5849
  Recall: 0.1682
  AUC-ROC: 0.8734
  AUC-PR: 0.4381

Metrics for AGchain_0:
  Accuracy: 89.54%
  Precision: 0.5902
  Recall: 0.1739
  AUC-ROC: 0.8820
  AUC-PR: 0.4541

Metrics for AGchain_1:
  Accuracy: 90.13%
  Precision: 0.0882
  Recall: 0.0082
  AUC-ROC: 0.5298
  AUC-PR: 0.1042

Metrics for AGchain_2:
  Accuracy: 93.88%
  Precision: 0.0000
  Recall: 0.0000
  AUC-ROC: 0.6723
  AUC-PR: 0.0829
Saved last_attention matrices to isiaimodel_fold5_l1_g1_i1_dp0.1.pth.npz
