
Testing model: mcabmodel_fold1_l1_g1_i1_dp0.0.pth
Initializing ClassificationModel with 1 GAT layers and residual connections...
Initializing MCModel with 1 GAT layers and 1 row attention layers...
Initializing CGModel with 1 GAT layers and residual connections...
Initializing CoreModel with 1 self-attention layers...

Metrics for Lchain:
  Accuracy: 85.32%
  Precision: 0.6742
  Recall: 0.5484
  AUC-ROC: 0.8891
  AUC-PR: 0.6643

Metrics for Hchain:
  Accuracy: 84.68%
  Precision: 0.7243
  Recall: 0.6658
  AUC-ROC: 0.8999
  AUC-PR: 0.7489

Metrics for Antibody:
  Accuracy: 84.99%
  Precision: 0.7047
  Recall: 0.6164
  AUC-ROC: 0.8942
  AUC-PR: 0.7097
No data available for Antigen

Testing model: mcabmodel_fold1_l1_g1_i1_dp0.1.pth
Initializing ClassificationModel with 1 GAT layers and residual connections...
Initializing MCModel with 1 GAT layers and 1 row attention layers...
Initializing CGModel with 1 GAT layers and residual connections...
Initializing CoreModel with 1 self-attention layers...

Metrics for Lchain:
  Accuracy: 84.65%
  Precision: 0.6227
  Recall: 0.6353
  AUC-ROC: 0.8847
  AUC-PR: 0.6528

Metrics for Hchain:
  Accuracy: 84.39%
  Precision: 0.6852
  Recall: 0.7424
  AUC-ROC: 0.9018
  AUC-PR: 0.7591

Metrics for Antibody:
  Accuracy: 84.51%
  Precision: 0.6598
  Recall: 0.6973
  AUC-ROC: 0.8936
  AUC-PR: 0.7110
No data available for Antigen

Testing model: mcabmodel_fold1_l1_g2_i1_dp0.0.pth
Initializing ClassificationModel with 2 GAT layers and residual connections...
Initializing MCModel with 2 GAT layers and 1 row attention layers...
Initializing CGModel with 2 GAT layers and residual connections...
Initializing CoreModel with 1 self-attention layers...

Metrics for Lchain:
  Accuracy: 86.05%
  Precision: 0.7098
  Recall: 0.5398
  AUC-ROC: 0.9013
  AUC-PR: 0.6931

Metrics for Hchain:
  Accuracy: 85.04%
  Precision: 0.7428
  Recall: 0.6516
  AUC-ROC: 0.9056
  AUC-PR: 0.7645

Metrics for Antibody:
  Accuracy: 85.53%
  Precision: 0.7300
  Recall: 0.6046
  AUC-ROC: 0.9035
  AUC-PR: 0.7348
No data available for Antigen

Testing model: mcabmodel_fold1_l1_g2_i1_dp0.1.pth
Initializing ClassificationModel with 2 GAT layers and residual connections...
Initializing MCModel with 2 GAT layers and 1 row attention layers...
Initializing CGModel with 2 GAT layers and residual connections...
Initializing CoreModel with 1 self-attention layers...

Metrics for Lchain:
  Accuracy: 85.30%
  Precision: 0.6592
  Recall: 0.5846
  AUC-ROC: 0.8886
  AUC-PR: 0.6609

Metrics for Hchain:
  Accuracy: 85.29%
  Precision: 0.7148
  Recall: 0.7249
  AUC-ROC: 0.9103
  AUC-PR: 0.7668

Metrics for Antibody:
  Accuracy: 85.30%
  Precision: 0.6932
  Recall: 0.6659
  AUC-ROC: 0.9001
  AUC-PR: 0.7218
No data available for Antigen

Testing model: mcabmodel_fold2_l1_g1_i1_dp0.0.pth
Initializing ClassificationModel with 1 GAT layers and residual connections...
Initializing MCModel with 1 GAT layers and 1 row attention layers...
Initializing CGModel with 1 GAT layers and residual connections...
Initializing CoreModel with 1 self-attention layers...

Metrics for Lchain:
  Accuracy: 85.62%
  Precision: 0.6837
  Recall: 0.5541
  AUC-ROC: 0.8849
  AUC-PR: 0.6719

Metrics for Hchain:
  Accuracy: 85.04%
  Precision: 0.7396
  Recall: 0.6575
  AUC-ROC: 0.9009
  AUC-PR: 0.7553

Metrics for Antibody:
  Accuracy: 85.32%
  Precision: 0.7173
  Recall: 0.6140
  AUC-ROC: 0.8936
  AUC-PR: 0.7187
No data available for Antigen

Testing model: mcabmodel_fold2_l1_g1_i1_dp0.1.pth
Initializing ClassificationModel with 1 GAT layers and residual connections...
Initializing MCModel with 1 GAT layers and 1 row attention layers...
Initializing CGModel with 1 GAT layers and residual connections...
Initializing CoreModel with 1 self-attention layers...

Metrics for Lchain:
  Accuracy: 85.17%
  Precision: 0.6320
  Recall: 0.6603
  AUC-ROC: 0.8883
  AUC-PR: 0.6726

Metrics for Hchain:
  Accuracy: 84.01%
  Precision: 0.6721
  Recall: 0.7551
  AUC-ROC: 0.9002
  AUC-PR: 0.7519

Metrics for Antibody:
  Accuracy: 84.57%
  Precision: 0.6560
  Recall: 0.7153
  AUC-ROC: 0.8940
  AUC-PR: 0.7140
No data available for Antigen

Testing model: mcabmodel_fold2_l1_g2_i1_dp0.0.pth
Initializing ClassificationModel with 2 GAT layers and residual connections...
Initializing MCModel with 2 GAT layers and 1 row attention layers...
Initializing CGModel with 2 GAT layers and residual connections...
Initializing CoreModel with 1 self-attention layers...

Metrics for Lchain:
  Accuracy: 85.90%
  Precision: 0.7001
  Recall: 0.5446
  AUC-ROC: 0.8991
  AUC-PR: 0.6932

Metrics for Hchain:
  Accuracy: 84.60%
  Precision: 0.7338
  Recall: 0.6424
  AUC-ROC: 0.9015
  AUC-PR: 0.7493

Metrics for Antibody:
  Accuracy: 85.22%
  Precision: 0.7206
  Recall: 0.6013
  AUC-ROC: 0.9008
  AUC-PR: 0.7262
No data available for Antigen

Testing model: mcabmodel_fold2_l1_g2_i1_dp0.1.pth
Initializing ClassificationModel with 2 GAT layers and residual connections...
Initializing MCModel with 2 GAT layers and 1 row attention layers...
Initializing CGModel with 2 GAT layers and residual connections...
Initializing CoreModel with 1 self-attention layers...

Metrics for Lchain:
  Accuracy: 85.85%
  Precision: 0.6649
  Recall: 0.6227
  AUC-ROC: 0.8972
  AUC-PR: 0.6846

Metrics for Hchain:
  Accuracy: 85.01%
  Precision: 0.7104
  Recall: 0.7171
  AUC-ROC: 0.9092
  AUC-PR: 0.7648

Metrics for Antibody:
  Accuracy: 85.41%
  Precision: 0.6921
  Recall: 0.6774
  AUC-ROC: 0.9035
  AUC-PR: 0.7297
No data available for Antigen

Testing model: mcabmodel_fold3_l1_g1_i1_dp0.0.pth
Initializing ClassificationModel with 1 GAT layers and residual connections...
Initializing MCModel with 1 GAT layers and 1 row attention layers...
Initializing CGModel with 1 GAT layers and residual connections...
Initializing CoreModel with 1 self-attention layers...

Metrics for Lchain:
  Accuracy: 85.91%
  Precision: 0.7048
  Recall: 0.5367
  AUC-ROC: 0.8887
  AUC-PR: 0.6822

Metrics for Hchain:
  Accuracy: 84.63%
  Precision: 0.7258
  Recall: 0.6594
  AUC-ROC: 0.8980
  AUC-PR: 0.7474

Metrics for Antibody:
  Accuracy: 85.24%
  Precision: 0.7178
  Recall: 0.6078
  AUC-ROC: 0.8934
  AUC-PR: 0.7191
No data available for Antigen

Testing model: mcabmodel_fold3_l1_g1_i1_dp0.1.pth
Initializing ClassificationModel with 1 GAT layers and residual connections...
Initializing MCModel with 1 GAT layers and 1 row attention layers...
Initializing CGModel with 1 GAT layers and residual connections...
Initializing CoreModel with 1 self-attention layers...

Metrics for Lchain:
  Accuracy: 84.68%
  Precision: 0.6125
  Recall: 0.6858
  AUC-ROC: 0.8866
  AUC-PR: 0.6637

Metrics for Hchain:
  Accuracy: 83.37%
  Precision: 0.6478
  Recall: 0.7934
  AUC-ROC: 0.9021
  AUC-PR: 0.7565

Metrics for Antibody:
  Accuracy: 84.00%
  Precision: 0.6337
  Recall: 0.7482
  AUC-ROC: 0.8945
  AUC-PR: 0.7143
No data available for Antigen

Testing model: mcabmodel_fold3_l1_g2_i1_dp0.0.pth
Initializing ClassificationModel with 2 GAT layers and residual connections...
Initializing MCModel with 2 GAT layers and 1 row attention layers...
Initializing CGModel with 2 GAT layers and residual connections...
Initializing CoreModel with 1 self-attention layers...

Metrics for Lchain:
  Accuracy: 86.12%
  Precision: 0.7039
  Recall: 0.5561
  AUC-ROC: 0.9014
  AUC-PR: 0.6947

Metrics for Hchain:
  Accuracy: 85.04%
  Precision: 0.7365
  Recall: 0.6632
  AUC-ROC: 0.9042
  AUC-PR: 0.7609

Metrics for Antibody:
  Accuracy: 85.56%
  Precision: 0.7238
  Recall: 0.6182
  AUC-ROC: 0.9027
  AUC-PR: 0.7330
No data available for Antigen

Testing model: mcabmodel_fold3_l1_g2_i1_dp0.1.pth
Initializing ClassificationModel with 2 GAT layers and residual connections...
Initializing MCModel with 2 GAT layers and 1 row attention layers...
Initializing CGModel with 2 GAT layers and residual connections...
Initializing CoreModel with 1 self-attention layers...

Metrics for Lchain:
  Accuracy: 85.87%
  Precision: 0.6826
  Recall: 0.5795
  AUC-ROC: 0.8957
  AUC-PR: 0.6741

Metrics for Hchain:
  Accuracy: 85.16%
  Precision: 0.7137
  Recall: 0.7191
  AUC-ROC: 0.9090
  AUC-PR: 0.7605

Metrics for Antibody:
  Accuracy: 85.50%
  Precision: 0.7019
  Recall: 0.6604
  AUC-ROC: 0.9021
  AUC-PR: 0.7231
No data available for Antigen

Testing model: mcabmodel_fold4_l1_g1_i1_dp0.0.pth
Initializing ClassificationModel with 1 GAT layers and residual connections...
Initializing MCModel with 1 GAT layers and 1 row attention layers...
Initializing CGModel with 1 GAT layers and residual connections...
Initializing CoreModel with 1 self-attention layers...

Metrics for Lchain:
  Accuracy: 85.54%
  Precision: 0.6922
  Recall: 0.5294
  AUC-ROC: 0.8844
  AUC-PR: 0.6591

Metrics for Hchain:
  Accuracy: 84.92%
  Precision: 0.7488
  Recall: 0.6341
  AUC-ROC: 0.8989
  AUC-PR: 0.7642

Metrics for Antibody:
  Accuracy: 85.22%
  Precision: 0.7264
  Recall: 0.5901
  AUC-ROC: 0.8921
  AUC-PR: 0.7168
No data available for Antigen

Testing model: mcabmodel_fold4_l1_g1_i1_dp0.1.pth
Initializing ClassificationModel with 1 GAT layers and residual connections...
Initializing MCModel with 1 GAT layers and 1 row attention layers...
Initializing CGModel with 1 GAT layers and residual connections...
Initializing CoreModel with 1 self-attention layers...

Metrics for Lchain:
  Accuracy: 84.97%
  Precision: 0.6286
  Recall: 0.6503
  AUC-ROC: 0.8841
  AUC-PR: 0.6580

Metrics for Hchain:
  Accuracy: 83.83%
  Precision: 0.6711
  Recall: 0.7444
  AUC-ROC: 0.8984
  AUC-PR: 0.7563

Metrics for Antibody:
  Accuracy: 84.38%
  Precision: 0.6539
  Recall: 0.7049
  AUC-ROC: 0.8915
  AUC-PR: 0.7109
No data available for Antigen

Testing model: mcabmodel_fold4_l1_g2_i1_dp0.0.pth
Initializing ClassificationModel with 2 GAT layers and residual connections...
Initializing MCModel with 2 GAT layers and 1 row attention layers...
Initializing CGModel with 2 GAT layers and residual connections...
Initializing CoreModel with 1 self-attention layers...

Metrics for Lchain:
  Accuracy: 85.84%
  Precision: 0.7023
  Recall: 0.5355
  AUC-ROC: 0.8978
  AUC-PR: 0.6963

Metrics for Hchain:
  Accuracy: 84.98%
  Precision: 0.7407
  Recall: 0.6520
  AUC-ROC: 0.9057
  AUC-PR: 0.7668

Metrics for Antibody:
  Accuracy: 85.39%
  Precision: 0.7259
  Recall: 0.6030
  AUC-ROC: 0.9020
  AUC-PR: 0.7364
No data available for Antigen

Testing model: mcabmodel_fold4_l1_g2_i1_dp0.1.pth
Initializing ClassificationModel with 2 GAT layers and residual connections...
Initializing MCModel with 2 GAT layers and 1 row attention layers...
Initializing CGModel with 2 GAT layers and residual connections...
Initializing CoreModel with 1 self-attention layers...

Metrics for Lchain:
  Accuracy: 85.53%
  Precision: 0.6596
  Recall: 0.6059
  AUC-ROC: 0.8899
  AUC-PR: 0.6766

Metrics for Hchain:
  Accuracy: 84.80%
  Precision: 0.7079
  Recall: 0.7096
  AUC-ROC: 0.9030
  AUC-PR: 0.7649

Metrics for Antibody:
  Accuracy: 85.15%
  Precision: 0.6886
  Recall: 0.6660
  AUC-ROC: 0.8960
  AUC-PR: 0.7254
No data available for Antigen

Testing model: mcabmodel_fold5_l1_g1_i1_dp0.0.pth
Initializing ClassificationModel with 1 GAT layers and residual connections...
Initializing MCModel with 1 GAT layers and 1 row attention layers...
Initializing CGModel with 1 GAT layers and residual connections...
Initializing CoreModel with 1 self-attention layers...

Metrics for Lchain:
  Accuracy: 85.57%
  Precision: 0.6690
  Recall: 0.5844
  AUC-ROC: 0.8855
  AUC-PR: 0.6751

Metrics for Hchain:
  Accuracy: 84.60%
  Precision: 0.7011
  Recall: 0.7135
  AUC-ROC: 0.8975
  AUC-PR: 0.7539

Metrics for Antibody:
  Accuracy: 85.07%
  Precision: 0.6888
  Recall: 0.6592
  AUC-ROC: 0.8914
  AUC-PR: 0.7189
No data available for Antigen

Testing model: mcabmodel_fold5_l1_g1_i1_dp0.1.pth
Initializing ClassificationModel with 1 GAT layers and residual connections...
Initializing MCModel with 1 GAT layers and 1 row attention layers...
Initializing CGModel with 1 GAT layers and residual connections...
Initializing CoreModel with 1 self-attention layers...

Metrics for Lchain:
  Accuracy: 85.35%
  Precision: 0.6473
  Recall: 0.6258
  AUC-ROC: 0.8880
  AUC-PR: 0.6687

Metrics for Hchain:
  Accuracy: 84.31%
  Precision: 0.6801
  Recall: 0.7516
  AUC-ROC: 0.9007
  AUC-PR: 0.7558

Metrics for Antibody:
  Accuracy: 84.81%
  Precision: 0.6674
  Recall: 0.6987
  AUC-ROC: 0.8938
  AUC-PR: 0.7160
No data available for Antigen

Testing model: mcabmodel_fold5_l1_g2_i1_dp0.0.pth
Initializing ClassificationModel with 2 GAT layers and residual connections...
Initializing MCModel with 2 GAT layers and 1 row attention layers...
Initializing CGModel with 2 GAT layers and residual connections...
Initializing CoreModel with 1 self-attention layers...

Metrics for Lchain:
  Accuracy: 85.86%
  Precision: 0.6959
  Recall: 0.5502
  AUC-ROC: 0.8953
  AUC-PR: 0.6855

Metrics for Hchain:
  Accuracy: 85.13%
  Precision: 0.7348
  Recall: 0.6718
  AUC-ROC: 0.9072
  AUC-PR: 0.7639

Metrics for Antibody:
  Accuracy: 85.48%
  Precision: 0.7198
  Recall: 0.6206
  AUC-ROC: 0.9007
  AUC-PR: 0.7302
No data available for Antigen

Testing model: mcabmodel_fold5_l1_g2_i1_dp0.1.pth
Initializing ClassificationModel with 2 GAT layers and residual connections...
Initializing MCModel with 2 GAT layers and 1 row attention layers...
Initializing CGModel with 2 GAT layers and residual connections...
Initializing CoreModel with 1 self-attention layers...

Metrics for Lchain:
  Accuracy: 85.52%
  Precision: 0.6471
  Recall: 0.6444
  AUC-ROC: 0.8967
  AUC-PR: 0.6872

Metrics for Hchain:
  Accuracy: 85.04%
  Precision: 0.7009
  Recall: 0.7435
  AUC-ROC: 0.9113
  AUC-PR: 0.7739

Metrics for Antibody:
  Accuracy: 85.27%
  Precision: 0.6791
  Recall: 0.7018
  AUC-ROC: 0.9038
  AUC-PR: 0.7334
No data available for Antigen
