
Testing model: PTabptmodel_fold1_l1_g1_i1_dp0.1.pth
Initializing ClassificationModel with 1 GAT layers and residual connections...
Initializing MCModel with 1 GAT layers and 1 row attention layers...
Initializing CGModel with 1 GAT layers and residual connections...
Initializing CoreModel with 1 self-attention layers...
No valid positions for AGchain_0. Skipping...
No valid positions for AGchain_0. Skipping...
No valid positions for AGchain_1. Skipping...
No valid positions for AGchain_0. Skipping...
No valid positions for AGchain_0. Skipping...
No valid positions for AGchain_0. Skipping...
No valid positions for AGchain_1. Skipping...
No valid positions for AGchain_0. Skipping...
No valid positions for AGchain_0. Skipping...
No valid positions for AGchain_1. Skipping...
No valid positions for AGchain_0. Skipping...
No valid positions for AGchain_0. Skipping...
No valid positions for AGchain_0. Skipping...
No valid positions for AGchain_0. Skipping...
No valid positions for AGchain_0. Skipping...
No valid positions for AGchain_1. Skipping...
No valid positions for AGchain_0. Skipping...
No valid positions for AGchain_0. Skipping...
No valid positions for AGchain_0. Skipping...
No valid positions for AGchain_0. Skipping...
No valid positions for AGchain_0. Skipping...
No valid positions for AGchain_0. Skipping...
No valid positions for AGchain_0. Skipping...
No valid positions for AGchain_0. Skipping...
No valid positions for AGchain_0. Skipping...
No valid positions for AGchain_0. Skipping...
No valid positions for AGchain_0. Skipping...
No valid positions for AGchain_0. Skipping...
No valid positions for AGchain_0. Skipping...
No valid positions for AGchain_0. Skipping...
No valid positions for AGchain_0. Skipping...
No valid positions for AGchain_0. Skipping...
No valid positions for AGchain_0. Skipping...
No valid positions for AGchain_0. Skipping...
No valid positions for AGchain_0. Skipping...
No valid positions for AGchain_0. Skipping...
No valid positions for AGchain_0. Skipping...
No valid positions for AGchain_0. Skipping...
No valid positions for AGchain_1. Skipping...
No valid positions for AGchain_0. Skipping...
No valid positions for AGchain_0. Skipping...
No valid positions for AGchain_0. Skipping...
No valid positions for AGchain_1. Skipping...
No valid positions for AGchain_0. Skipping...
No valid positions for AGchain_1. Skipping...
No valid positions for AGchain_0. Skipping...
No valid positions for AGchain_0. Skipping...
No valid positions for AGchain_0. Skipping...
No valid positions for AGchain_0. Skipping...
No valid positions for AGchain_0. Skipping...
No valid positions for AGchain_1. Skipping...
No valid positions for AGchain_2. Skipping...
No valid positions for AGchain_0. Skipping...
No valid positions for AGchain_0. Skipping...
No valid positions for AGchain_0. Skipping...
No valid positions for AGchain_0. Skipping...
No valid positions for AGchain_0. Skipping...
No valid positions for AGchain_0. Skipping...
No valid positions for AGchain_0. Skipping...
No valid positions for AGchain_0. Skipping...
No valid positions for AGchain_0. Skipping...
No valid positions for AGchain_0. Skipping...
No valid positions for AGchain_0. Skipping...
No valid positions for AGchain_0. Skipping...
No valid positions for AGchain_0. Skipping...
No valid positions for AGchain_0. Skipping...
No valid positions for AGchain_0. Skipping...
No valid positions for AGchain_0. Skipping...
No valid positions for AGchain_0. Skipping...
No valid positions for AGchain_0. Skipping...
No valid positions for AGchain_0. Skipping...
No valid positions for AGchain_0. Skipping...
No valid positions for AGchain_0. Skipping...
No valid positions for AGchain_0. Skipping...
No valid positions for AGchain_0. Skipping...
No valid positions for AGchain_0. Skipping...
No valid positions for AGchain_0. Skipping...
No valid positions for AGchain_0. Skipping...
No valid positions for AGchain_0. Skipping...
No valid positions for AGchain_0. Skipping...
No valid positions for AGchain_0. Skipping...
No valid positions for AGchain_0. Skipping...
No valid positions for AGchain_0. Skipping...
No valid positions for AGchain_0. Skipping...
No valid positions for AGchain_0. Skipping...
No valid positions for AGchain_0. Skipping...
No valid positions for AGchain_1. Skipping...
No valid positions for AGchain_0. Skipping...
No valid positions for AGchain_0. Skipping...
No valid positions for AGchain_0. Skipping...
No valid positions for AGchain_1. Skipping...
No valid positions for AGchain_0. Skipping...
No valid positions for AGchain_0. Skipping...
No valid positions for AGchain_0. Skipping...
No valid positions for AGchain_0. Skipping...
No valid positions for AGchain_0. Skipping...
No valid positions for AGchain_0. Skipping...
No valid positions for AGchain_0. Skipping...
No valid positions for AGchain_0. Skipping...
No valid positions for AGchain_0. Skipping...
No valid positions for AGchain_0. Skipping...
No valid positions for AGchain_0. Skipping...
No valid positions for AGchain_0. Skipping...
No valid positions for AGchain_0. Skipping...
No valid positions for AGchain_0. Skipping...
No valid positions for AGchain_0. Skipping...
No valid positions for AGchain_0. Skipping...
No valid positions for AGchain_0. Skipping...
No valid positions for AGchain_0. Skipping...
No valid positions for AGchain_0. Skipping...
No valid positions for AGchain_0. Skipping...
No valid positions for AGchain_0. Skipping...
No valid positions for AGchain_0. Skipping...
No valid positions for AGchain_0. Skipping...
No valid positions for AGchain_0. Skipping...
No valid positions for AGchain_0. Skipping...
No valid positions for AGchain_0. Skipping...
No valid positions for AGchain_0. Skipping...
No valid positions for AGchain_0. Skipping...
No valid positions for AGchain_0. Skipping...
No valid positions for AGchain_0. Skipping...
No valid positions for AGchain_0. Skipping...
No valid positions for AGchain_0. Skipping...
No valid positions for AGchain_0. Skipping...
No valid positions for AGchain_0. Skipping...
No valid positions for AGchain_0. Skipping...
No valid positions for AGchain_0. Skipping...
No valid positions for AGchain_0. Skipping...
No valid positions for AGchain_0. Skipping...
No valid positions for AGchain_0. Skipping...
No valid positions for AGchain_0. Skipping...
No valid positions for AGchain_0. Skipping...
No valid positions for AGchain_0. Skipping...
No valid positions for AGchain_0. Skipping...
No valid positions for AGchain_0. Skipping...
No valid positions for AGchain_0. Skipping...
No valid positions for AGchain_0. Skipping...
No valid positions for AGchain_0. Skipping...
No valid positions for AGchain_0. Skipping...
No valid positions for AGchain_0. Skipping...
No valid positions for AGchain_0. Skipping...
No valid positions for AGchain_0. Skipping...
No valid positions for AGchain_0. Skipping...
No valid positions for AGchain_0. Skipping...
No valid positions for AGchain_0. Skipping...
No valid positions for AGchain_0. Skipping...
No valid positions for AGchain_0. Skipping...
No valid positions for AGchain_0. Skipping...
No valid positions for AGchain_0. Skipping...
No valid positions for AGchain_0. Skipping...
No valid positions for AGchain_0. Skipping...
No valid positions for AGchain_0. Skipping...
No valid positions for AGchain_0. Skipping...
No valid positions for AGchain_0. Skipping...
No valid positions for AGchain_0. Skipping...
No valid positions for AGchain_0. Skipping...
No valid positions for AGchain_0. Skipping...
No valid positions for AGchain_0. Skipping...
No valid positions for AGchain_0. Skipping...
No valid positions for AGchain_0. Skipping...
No valid positions for AGchain_0. Skipping...
No valid positions for AGchain_0. Skipping...
No valid positions for AGchain_0. Skipping...
No valid positions for AGchain_0. Skipping...
No valid positions for AGchain_0. Skipping...
No valid positions for AGchain_0. Skipping...
No valid positions for AGchain_0. Skipping...
No valid positions for AGchain_1. Skipping...
No valid positions for AGchain_0. Skipping...
No valid positions for AGchain_1. Skipping...
No valid positions for AGchain_0. Skipping...
No valid positions for AGchain_0. Skipping...
No valid positions for AGchain_0. Skipping...
No valid positions for AGchain_0. Skipping...
No valid positions for AGchain_0. Skipping...
No valid positions for AGchain_0. Skipping...
No valid positions for AGchain_1. Skipping...
No valid positions for AGchain_0. Skipping...
No valid positions for AGchain_0. Skipping...
No valid positions for AGchain_0. Skipping...
No valid positions for AGchain_0. Skipping...
No valid positions for AGchain_0. Skipping...
No valid positions for AGchain_0. Skipping...
No valid positions for AGchain_0. Skipping...
No valid positions for AGchain_0. Skipping...
No valid positions for AGchain_0. Skipping...
No valid positions for AGchain_0. Skipping...
No valid positions for AGchain_0. Skipping...
No valid positions for AGchain_0. Skipping...
No valid positions for AGchain_0. Skipping...
No valid positions for AGchain_0. Skipping...
No valid positions for AGchain_0. Skipping...
No valid positions for AGchain_0. Skipping...
No valid positions for AGchain_0. Skipping...
No valid positions for AGchain_0. Skipping...
No valid positions for AGchain_0. Skipping...
No valid positions for AGchain_0. Skipping...
No valid positions for AGchain_0. Skipping...
No valid positions for AGchain_0. Skipping...
No valid positions for AGchain_0. Skipping...
No valid positions for AGchain_0. Skipping...
No valid positions for AGchain_0. Skipping...
No valid positions for AGchain_0. Skipping...
No valid positions for AGchain_0. Skipping...
No valid positions for AGchain_0. Skipping...
No valid positions for AGchain_0. Skipping...
No valid positions for AGchain_0. Skipping...
No valid positions for AGchain_0. Skipping...
No valid positions for AGchain_0. Skipping...
No valid positions for AGchain_0. Skipping...
No valid positions for AGchain_0. Skipping...

Metrics for Lchain:
  Accuracy: 87.25%
  Precision: 0.7066
  Recall: 0.5950
  AUC-ROC: 0.9182
  AUC-PR: 0.7101

Metrics for Hchain:
  Accuracy: 89.41%
  Precision: 0.8139
  Recall: 0.7778
  AUC-ROC: 0.9510
  AUC-PR: 0.8739

Metrics for Antibody:
  Accuracy: 88.39%
  Precision: 0.7743
  Recall: 0.7048
  AUC-ROC: 0.9375
  AUC-PR: 0.8191
No data available for Antigen
No data available for AGchain_0
No data available for AGchain_1
No data available for AGchain_2
Saved last_attention matrices to PTabptmodel_fold1_l1_g1_i1_dp0.1.pth.npz

Testing model: PTabptmodel_fold2_l1_g1_i1_dp0.1.pth
Initializing ClassificationModel with 1 GAT layers and residual connections...
Initializing MCModel with 1 GAT layers and 1 row attention layers...
Initializing CGModel with 1 GAT layers and residual connections...
Initializing CoreModel with 1 self-attention layers...
No valid positions for AGchain_0. Skipping...
No valid positions for AGchain_0. Skipping...
No valid positions for AGchain_1. Skipping...
No valid positions for AGchain_0. Skipping...
No valid positions for AGchain_0. Skipping...
No valid positions for AGchain_0. Skipping...
No valid positions for AGchain_1. Skipping...
No valid positions for AGchain_0. Skipping...
No valid positions for AGchain_0. Skipping...
No valid positions for AGchain_1. Skipping...
No valid positions for AGchain_0. Skipping...
No valid positions for AGchain_0. Skipping...
No valid positions for AGchain_0. Skipping...
No valid positions for AGchain_0. Skipping...
No valid positions for AGchain_0. Skipping...
No valid positions for AGchain_1. Skipping...
No valid positions for AGchain_0. Skipping...
No valid positions for AGchain_0. Skipping...
No valid positions for AGchain_0. Skipping...
No valid positions for AGchain_0. Skipping...
No valid positions for AGchain_0. Skipping...
No valid positions for AGchain_0. Skipping...
No valid positions for AGchain_0. Skipping...
No valid positions for AGchain_0. Skipping...
No valid positions for AGchain_0. Skipping...
No valid positions for AGchain_0. Skipping...
No valid positions for AGchain_0. Skipping...
No valid positions for AGchain_0. Skipping...
No valid positions for AGchain_0. Skipping...
No valid positions for AGchain_0. Skipping...
No valid positions for AGchain_0. Skipping...
No valid positions for AGchain_0. Skipping...
No valid positions for AGchain_0. Skipping...
No valid positions for AGchain_0. Skipping...
No valid positions for AGchain_0. Skipping...
No valid positions for AGchain_0. Skipping...
No valid positions for AGchain_0. Skipping...
No valid positions for AGchain_0. Skipping...
No valid positions for AGchain_1. Skipping...
No valid positions for AGchain_0. Skipping...
No valid positions for AGchain_0. Skipping...
No valid positions for AGchain_0. Skipping...
No valid positions for AGchain_1. Skipping...
No valid positions for AGchain_0. Skipping...
No valid positions for AGchain_1. Skipping...
No valid positions for AGchain_0. Skipping...
No valid positions for AGchain_0. Skipping...
No valid positions for AGchain_0. Skipping...
No valid positions for AGchain_0. Skipping...
No valid positions for AGchain_0. Skipping...
No valid positions for AGchain_1. Skipping...
No valid positions for AGchain_2. Skipping...
No valid positions for AGchain_0. Skipping...
No valid positions for AGchain_0. Skipping...
No valid positions for AGchain_0. Skipping...
No valid positions for AGchain_0. Skipping...
No valid positions for AGchain_0. Skipping...
No valid positions for AGchain_0. Skipping...
No valid positions for AGchain_0. Skipping...
No valid positions for AGchain_0. Skipping...
No valid positions for AGchain_0. Skipping...
No valid positions for AGchain_0. Skipping...
No valid positions for AGchain_0. Skipping...
No valid positions for AGchain_0. Skipping...
No valid positions for AGchain_0. Skipping...
No valid positions for AGchain_0. Skipping...
No valid positions for AGchain_0. Skipping...
No valid positions for AGchain_0. Skipping...
No valid positions for AGchain_0. Skipping...
No valid positions for AGchain_0. Skipping...
No valid positions for AGchain_0. Skipping...
No valid positions for AGchain_0. Skipping...
No valid positions for AGchain_0. Skipping...
No valid positions for AGchain_0. Skipping...
No valid positions for AGchain_0. Skipping...
No valid positions for AGchain_0. Skipping...
No valid positions for AGchain_0. Skipping...
No valid positions for AGchain_0. Skipping...
No valid positions for AGchain_0. Skipping...
No valid positions for AGchain_0. Skipping...
No valid positions for AGchain_0. Skipping...
No valid positions for AGchain_0. Skipping...
No valid positions for AGchain_0. Skipping...
No valid positions for AGchain_0. Skipping...
No valid positions for AGchain_0. Skipping...
No valid positions for AGchain_0. Skipping...
No valid positions for AGchain_1. Skipping...
No valid positions for AGchain_0. Skipping...
No valid positions for AGchain_0. Skipping...
No valid positions for AGchain_0. Skipping...
No valid positions for AGchain_1. Skipping...
No valid positions for AGchain_0. Skipping...
No valid positions for AGchain_0. Skipping...
No valid positions for AGchain_0. Skipping...
No valid positions for AGchain_0. Skipping...
No valid positions for AGchain_0. Skipping...
No valid positions for AGchain_0. Skipping...
No valid positions for AGchain_0. Skipping...
No valid positions for AGchain_0. Skipping...
No valid positions for AGchain_0. Skipping...
No valid positions for AGchain_0. Skipping...
No valid positions for AGchain_0. Skipping...
No valid positions for AGchain_0. Skipping...
No valid positions for AGchain_0. Skipping...
No valid positions for AGchain_0. Skipping...
No valid positions for AGchain_0. Skipping...
No valid positions for AGchain_0. Skipping...
No valid positions for AGchain_0. Skipping...
No valid positions for AGchain_0. Skipping...
No valid positions for AGchain_0. Skipping...
No valid positions for AGchain_0. Skipping...
No valid positions for AGchain_0. Skipping...
No valid positions for AGchain_0. Skipping...
No valid positions for AGchain_0. Skipping...
No valid positions for AGchain_0. Skipping...
No valid positions for AGchain_0. Skipping...
No valid positions for AGchain_0. Skipping...
No valid positions for AGchain_0. Skipping...
No valid positions for AGchain_0. Skipping...
No valid positions for AGchain_0. Skipping...
No valid positions for AGchain_0. Skipping...
No valid positions for AGchain_0. Skipping...
No valid positions for AGchain_0. Skipping...
No valid positions for AGchain_0. Skipping...
No valid positions for AGchain_0. Skipping...
No valid positions for AGchain_0. Skipping...
No valid positions for AGchain_0. Skipping...
No valid positions for AGchain_0. Skipping...
No valid positions for AGchain_0. Skipping...
No valid positions for AGchain_0. Skipping...
No valid positions for AGchain_0. Skipping...
No valid positions for AGchain_0. Skipping...
No valid positions for AGchain_0. Skipping...
No valid positions for AGchain_0. Skipping...
No valid positions for AGchain_0. Skipping...
No valid positions for AGchain_0. Skipping...
No valid positions for AGchain_0. Skipping...
No valid positions for AGchain_0. Skipping...
No valid positions for AGchain_0. Skipping...
No valid positions for AGchain_0. Skipping...
No valid positions for AGchain_0. Skipping...
No valid positions for AGchain_0. Skipping...
No valid positions for AGchain_0. Skipping...
No valid positions for AGchain_0. Skipping...
No valid positions for AGchain_0. Skipping...
No valid positions for AGchain_0. Skipping...
No valid positions for AGchain_0. Skipping...
No valid positions for AGchain_0. Skipping...
No valid positions for AGchain_0. Skipping...
No valid positions for AGchain_0. Skipping...
No valid positions for AGchain_0. Skipping...
No valid positions for AGchain_0. Skipping...
No valid positions for AGchain_0. Skipping...
No valid positions for AGchain_0. Skipping...
No valid positions for AGchain_0. Skipping...
No valid positions for AGchain_0. Skipping...
No valid positions for AGchain_0. Skipping...
No valid positions for AGchain_0. Skipping...
No valid positions for AGchain_0. Skipping...
No valid positions for AGchain_0. Skipping...
No valid positions for AGchain_0. Skipping...
No valid positions for AGchain_0. Skipping...
No valid positions for AGchain_0. Skipping...
No valid positions for AGchain_0. Skipping...
No valid positions for AGchain_0. Skipping...
No valid positions for AGchain_0. Skipping...
No valid positions for AGchain_0. Skipping...
No valid positions for AGchain_1. Skipping...
No valid positions for AGchain_0. Skipping...
No valid positions for AGchain_1. Skipping...
No valid positions for AGchain_0. Skipping...
No valid positions for AGchain_0. Skipping...
No valid positions for AGchain_0. Skipping...
No valid positions for AGchain_0. Skipping...
No valid positions for AGchain_0. Skipping...
No valid positions for AGchain_0. Skipping...
No valid positions for AGchain_1. Skipping...
No valid positions for AGchain_0. Skipping...
No valid positions for AGchain_0. Skipping...
No valid positions for AGchain_0. Skipping...
No valid positions for AGchain_0. Skipping...
No valid positions for AGchain_0. Skipping...
No valid positions for AGchain_0. Skipping...
No valid positions for AGchain_0. Skipping...
No valid positions for AGchain_0. Skipping...
No valid positions for AGchain_0. Skipping...
No valid positions for AGchain_0. Skipping...
No valid positions for AGchain_0. Skipping...
No valid positions for AGchain_0. Skipping...
No valid positions for AGchain_0. Skipping...
No valid positions for AGchain_0. Skipping...
No valid positions for AGchain_0. Skipping...
No valid positions for AGchain_0. Skipping...
No valid positions for AGchain_0. Skipping...
No valid positions for AGchain_0. Skipping...
No valid positions for AGchain_0. Skipping...
No valid positions for AGchain_0. Skipping...
No valid positions for AGchain_0. Skipping...
No valid positions for AGchain_0. Skipping...
No valid positions for AGchain_0. Skipping...
No valid positions for AGchain_0. Skipping...
No valid positions for AGchain_0. Skipping...
No valid positions for AGchain_0. Skipping...
No valid positions for AGchain_0. Skipping...
No valid positions for AGchain_0. Skipping...
No valid positions for AGchain_0. Skipping...
No valid positions for AGchain_0. Skipping...
No valid positions for AGchain_0. Skipping...
No valid positions for AGchain_0. Skipping...
No valid positions for AGchain_0. Skipping...
No valid positions for AGchain_0. Skipping...

Metrics for Lchain:
  Accuracy: 87.33%
  Precision: 0.7189
  Recall: 0.5783
  AUC-ROC: 0.9199
  AUC-PR: 0.7152

Metrics for Hchain:
  Accuracy: 89.39%
  Precision: 0.8208
  Recall: 0.7667
  AUC-ROC: 0.9507
  AUC-PR: 0.8743

Metrics for Antibody:
  Accuracy: 88.42%
  Precision: 0.7837
  Recall: 0.6914
  AUC-ROC: 0.9383
  AUC-PR: 0.8215
No data available for Antigen
No data available for AGchain_0
No data available for AGchain_1
No data available for AGchain_2
Saved last_attention matrices to PTabptmodel_fold2_l1_g1_i1_dp0.1.pth.npz

Testing model: PTabptmodel_fold3_l1_g1_i1_dp0.1.pth
Initializing ClassificationModel with 1 GAT layers and residual connections...
Initializing MCModel with 1 GAT layers and 1 row attention layers...
Initializing CGModel with 1 GAT layers and residual connections...
Initializing CoreModel with 1 self-attention layers...
No valid positions for AGchain_0. Skipping...
No valid positions for AGchain_0. Skipping...
No valid positions for AGchain_1. Skipping...
No valid positions for AGchain_0. Skipping...
No valid positions for AGchain_0. Skipping...
No valid positions for AGchain_0. Skipping...
No valid positions for AGchain_1. Skipping...
No valid positions for AGchain_0. Skipping...
No valid positions for AGchain_0. Skipping...
No valid positions for AGchain_1. Skipping...
No valid positions for AGchain_0. Skipping...
No valid positions for AGchain_0. Skipping...
No valid positions for AGchain_0. Skipping...
No valid positions for AGchain_0. Skipping...
No valid positions for AGchain_0. Skipping...
No valid positions for AGchain_1. Skipping...
No valid positions for AGchain_0. Skipping...
No valid positions for AGchain_0. Skipping...
No valid positions for AGchain_0. Skipping...
No valid positions for AGchain_0. Skipping...
No valid positions for AGchain_0. Skipping...
No valid positions for AGchain_0. Skipping...
No valid positions for AGchain_0. Skipping...
No valid positions for AGchain_0. Skipping...
No valid positions for AGchain_0. Skipping...
No valid positions for AGchain_0. Skipping...
No valid positions for AGchain_0. Skipping...
No valid positions for AGchain_0. Skipping...
No valid positions for AGchain_0. Skipping...
No valid positions for AGchain_0. Skipping...
No valid positions for AGchain_0. Skipping...
No valid positions for AGchain_0. Skipping...
No valid positions for AGchain_0. Skipping...
No valid positions for AGchain_0. Skipping...
No valid positions for AGchain_0. Skipping...
No valid positions for AGchain_0. Skipping...
No valid positions for AGchain_0. Skipping...
No valid positions for AGchain_0. Skipping...
No valid positions for AGchain_1. Skipping...
No valid positions for AGchain_0. Skipping...
No valid positions for AGchain_0. Skipping...
No valid positions for AGchain_0. Skipping...
No valid positions for AGchain_1. Skipping...
No valid positions for AGchain_0. Skipping...
No valid positions for AGchain_1. Skipping...
No valid positions for AGchain_0. Skipping...
No valid positions for AGchain_0. Skipping...
No valid positions for AGchain_0. Skipping...
No valid positions for AGchain_0. Skipping...
No valid positions for AGchain_0. Skipping...
No valid positions for AGchain_1. Skipping...
No valid positions for AGchain_2. Skipping...
No valid positions for AGchain_0. Skipping...
No valid positions for AGchain_0. Skipping...
No valid positions for AGchain_0. Skipping...
No valid positions for AGchain_0. Skipping...
No valid positions for AGchain_0. Skipping...
No valid positions for AGchain_0. Skipping...
No valid positions for AGchain_0. Skipping...
No valid positions for AGchain_0. Skipping...
No valid positions for AGchain_0. Skipping...
No valid positions for AGchain_0. Skipping...
No valid positions for AGchain_0. Skipping...
No valid positions for AGchain_0. Skipping...
No valid positions for AGchain_0. Skipping...
No valid positions for AGchain_0. Skipping...
No valid positions for AGchain_0. Skipping...
No valid positions for AGchain_0. Skipping...
No valid positions for AGchain_0. Skipping...
No valid positions for AGchain_0. Skipping...
No valid positions for AGchain_0. Skipping...
No valid positions for AGchain_0. Skipping...
No valid positions for AGchain_0. Skipping...
No valid positions for AGchain_0. Skipping...
No valid positions for AGchain_0. Skipping...
No valid positions for AGchain_0. Skipping...
No valid positions for AGchain_0. Skipping...
No valid positions for AGchain_0. Skipping...
No valid positions for AGchain_0. Skipping...
No valid positions for AGchain_0. Skipping...
No valid positions for AGchain_0. Skipping...
No valid positions for AGchain_0. Skipping...
No valid positions for AGchain_0. Skipping...
No valid positions for AGchain_0. Skipping...
No valid positions for AGchain_0. Skipping...
No valid positions for AGchain_0. Skipping...
No valid positions for AGchain_1. Skipping...
No valid positions for AGchain_0. Skipping...
No valid positions for AGchain_0. Skipping...
No valid positions for AGchain_0. Skipping...
No valid positions for AGchain_1. Skipping...
No valid positions for AGchain_0. Skipping...
No valid positions for AGchain_0. Skipping...
No valid positions for AGchain_0. Skipping...
No valid positions for AGchain_0. Skipping...
No valid positions for AGchain_0. Skipping...
No valid positions for AGchain_0. Skipping...
No valid positions for AGchain_0. Skipping...
No valid positions for AGchain_0. Skipping...
No valid positions for AGchain_0. Skipping...
No valid positions for AGchain_0. Skipping...
No valid positions for AGchain_0. Skipping...
No valid positions for AGchain_0. Skipping...
No valid positions for AGchain_0. Skipping...
No valid positions for AGchain_0. Skipping...
No valid positions for AGchain_0. Skipping...
No valid positions for AGchain_0. Skipping...
No valid positions for AGchain_0. Skipping...
No valid positions for AGchain_0. Skipping...
No valid positions for AGchain_0. Skipping...
No valid positions for AGchain_0. Skipping...
No valid positions for AGchain_0. Skipping...
No valid positions for AGchain_0. Skipping...
No valid positions for AGchain_0. Skipping...
No valid positions for AGchain_0. Skipping...
No valid positions for AGchain_0. Skipping...
No valid positions for AGchain_0. Skipping...
No valid positions for AGchain_0. Skipping...
No valid positions for AGchain_0. Skipping...
No valid positions for AGchain_0. Skipping...
No valid positions for AGchain_0. Skipping...
No valid positions for AGchain_0. Skipping...
No valid positions for AGchain_0. Skipping...
No valid positions for AGchain_0. Skipping...
No valid positions for AGchain_0. Skipping...
No valid positions for AGchain_0. Skipping...
No valid positions for AGchain_0. Skipping...
No valid positions for AGchain_0. Skipping...
No valid positions for AGchain_0. Skipping...
No valid positions for AGchain_0. Skipping...
No valid positions for AGchain_0. Skipping...
No valid positions for AGchain_0. Skipping...
No valid positions for AGchain_0. Skipping...
No valid positions for AGchain_0. Skipping...
No valid positions for AGchain_0. Skipping...
No valid positions for AGchain_0. Skipping...
No valid positions for AGchain_0. Skipping...
No valid positions for AGchain_0. Skipping...
No valid positions for AGchain_0. Skipping...
No valid positions for AGchain_0. Skipping...
No valid positions for AGchain_0. Skipping...
No valid positions for AGchain_0. Skipping...
No valid positions for AGchain_0. Skipping...
No valid positions for AGchain_0. Skipping...
No valid positions for AGchain_0. Skipping...
No valid positions for AGchain_0. Skipping...
No valid positions for AGchain_0. Skipping...
No valid positions for AGchain_0. Skipping...
No valid positions for AGchain_0. Skipping...
No valid positions for AGchain_0. Skipping...
No valid positions for AGchain_0. Skipping...
No valid positions for AGchain_0. Skipping...
No valid positions for AGchain_0. Skipping...
No valid positions for AGchain_0. Skipping...
No valid positions for AGchain_0. Skipping...
No valid positions for AGchain_0. Skipping...
No valid positions for AGchain_0. Skipping...
No valid positions for AGchain_0. Skipping...
No valid positions for AGchain_0. Skipping...
No valid positions for AGchain_0. Skipping...
No valid positions for AGchain_0. Skipping...
No valid positions for AGchain_0. Skipping...
No valid positions for AGchain_0. Skipping...
No valid positions for AGchain_0. Skipping...
No valid positions for AGchain_0. Skipping...
No valid positions for AGchain_0. Skipping...
No valid positions for AGchain_0. Skipping...
No valid positions for AGchain_1. Skipping...
No valid positions for AGchain_0. Skipping...
No valid positions for AGchain_1. Skipping...
No valid positions for AGchain_0. Skipping...
No valid positions for AGchain_0. Skipping...
No valid positions for AGchain_0. Skipping...
No valid positions for AGchain_0. Skipping...
No valid positions for AGchain_0. Skipping...
No valid positions for AGchain_0. Skipping...
No valid positions for AGchain_1. Skipping...
No valid positions for AGchain_0. Skipping...
No valid positions for AGchain_0. Skipping...
No valid positions for AGchain_0. Skipping...
No valid positions for AGchain_0. Skipping...
No valid positions for AGchain_0. Skipping...
No valid positions for AGchain_0. Skipping...
No valid positions for AGchain_0. Skipping...
No valid positions for AGchain_0. Skipping...
No valid positions for AGchain_0. Skipping...
No valid positions for AGchain_0. Skipping...
No valid positions for AGchain_0. Skipping...
No valid positions for AGchain_0. Skipping...
No valid positions for AGchain_0. Skipping...
No valid positions for AGchain_0. Skipping...
No valid positions for AGchain_0. Skipping...
No valid positions for AGchain_0. Skipping...
No valid positions for AGchain_0. Skipping...
No valid positions for AGchain_0. Skipping...
No valid positions for AGchain_0. Skipping...
No valid positions for AGchain_0. Skipping...
No valid positions for AGchain_0. Skipping...
No valid positions for AGchain_0. Skipping...
No valid positions for AGchain_0. Skipping...
No valid positions for AGchain_0. Skipping...
No valid positions for AGchain_0. Skipping...
No valid positions for AGchain_0. Skipping...
No valid positions for AGchain_0. Skipping...
No valid positions for AGchain_0. Skipping...
No valid positions for AGchain_0. Skipping...
No valid positions for AGchain_0. Skipping...
No valid positions for AGchain_0. Skipping...
No valid positions for AGchain_0. Skipping...
No valid positions for AGchain_0. Skipping...
No valid positions for AGchain_0. Skipping...

Metrics for Lchain:
  Accuracy: 87.48%
  Precision: 0.7013
  Recall: 0.6271
  AUC-ROC: 0.9168
  AUC-PR: 0.7104

Metrics for Hchain:
  Accuracy: 89.22%
  Precision: 0.8024
  Recall: 0.7862
  AUC-ROC: 0.9496
  AUC-PR: 0.8712

Metrics for Antibody:
  Accuracy: 88.40%
  Precision: 0.7642
  Recall: 0.7226
  AUC-ROC: 0.9365
  AUC-PR: 0.8180
No data available for Antigen
No data available for AGchain_0
No data available for AGchain_1
No data available for AGchain_2
Saved last_attention matrices to PTabptmodel_fold3_l1_g1_i1_dp0.1.pth.npz

Testing model: PTabptmodel_fold4_l1_g1_i1_dp0.1.pth
Initializing ClassificationModel with 1 GAT layers and residual connections...
Initializing MCModel with 1 GAT layers and 1 row attention layers...
Initializing CGModel with 1 GAT layers and residual connections...
Initializing CoreModel with 1 self-attention layers...
No valid positions for AGchain_0. Skipping...
No valid positions for AGchain_0. Skipping...
No valid positions for AGchain_1. Skipping...
No valid positions for AGchain_0. Skipping...
No valid positions for AGchain_0. Skipping...
No valid positions for AGchain_0. Skipping...
No valid positions for AGchain_1. Skipping...
No valid positions for AGchain_0. Skipping...
No valid positions for AGchain_0. Skipping...
No valid positions for AGchain_1. Skipping...
No valid positions for AGchain_0. Skipping...
No valid positions for AGchain_0. Skipping...
No valid positions for AGchain_0. Skipping...
No valid positions for AGchain_0. Skipping...
No valid positions for AGchain_0. Skipping...
No valid positions for AGchain_1. Skipping...
No valid positions for AGchain_0. Skipping...
No valid positions for AGchain_0. Skipping...
No valid positions for AGchain_0. Skipping...
No valid positions for AGchain_0. Skipping...
No valid positions for AGchain_0. Skipping...
No valid positions for AGchain_0. Skipping...
No valid positions for AGchain_0. Skipping...
No valid positions for AGchain_0. Skipping...
No valid positions for AGchain_0. Skipping...
No valid positions for AGchain_0. Skipping...
No valid positions for AGchain_0. Skipping...
No valid positions for AGchain_0. Skipping...
No valid positions for AGchain_0. Skipping...
No valid positions for AGchain_0. Skipping...
No valid positions for AGchain_0. Skipping...
No valid positions for AGchain_0. Skipping...
No valid positions for AGchain_0. Skipping...
No valid positions for AGchain_0. Skipping...
No valid positions for AGchain_0. Skipping...
No valid positions for AGchain_0. Skipping...
No valid positions for AGchain_0. Skipping...
No valid positions for AGchain_0. Skipping...
No valid positions for AGchain_1. Skipping...
No valid positions for AGchain_0. Skipping...
No valid positions for AGchain_0. Skipping...
No valid positions for AGchain_0. Skipping...
No valid positions for AGchain_1. Skipping...
No valid positions for AGchain_0. Skipping...
No valid positions for AGchain_1. Skipping...
No valid positions for AGchain_0. Skipping...
No valid positions for AGchain_0. Skipping...
No valid positions for AGchain_0. Skipping...
No valid positions for AGchain_0. Skipping...
No valid positions for AGchain_0. Skipping...
No valid positions for AGchain_1. Skipping...
No valid positions for AGchain_2. Skipping...
No valid positions for AGchain_0. Skipping...
No valid positions for AGchain_0. Skipping...
No valid positions for AGchain_0. Skipping...
No valid positions for AGchain_0. Skipping...
No valid positions for AGchain_0. Skipping...
No valid positions for AGchain_0. Skipping...
No valid positions for AGchain_0. Skipping...
No valid positions for AGchain_0. Skipping...
No valid positions for AGchain_0. Skipping...
No valid positions for AGchain_0. Skipping...
No valid positions for AGchain_0. Skipping...
No valid positions for AGchain_0. Skipping...
No valid positions for AGchain_0. Skipping...
No valid positions for AGchain_0. Skipping...
No valid positions for AGchain_0. Skipping...
No valid positions for AGchain_0. Skipping...
No valid positions for AGchain_0. Skipping...
No valid positions for AGchain_0. Skipping...
No valid positions for AGchain_0. Skipping...
No valid positions for AGchain_0. Skipping...
No valid positions for AGchain_0. Skipping...
No valid positions for AGchain_0. Skipping...
No valid positions for AGchain_0. Skipping...
No valid positions for AGchain_0. Skipping...
No valid positions for AGchain_0. Skipping...
No valid positions for AGchain_0. Skipping...
No valid positions for AGchain_0. Skipping...
No valid positions for AGchain_0. Skipping...
No valid positions for AGchain_0. Skipping...
No valid positions for AGchain_0. Skipping...
No valid positions for AGchain_0. Skipping...
No valid positions for AGchain_0. Skipping...
No valid positions for AGchain_0. Skipping...
No valid positions for AGchain_0. Skipping...
No valid positions for AGchain_1. Skipping...
No valid positions for AGchain_0. Skipping...
No valid positions for AGchain_0. Skipping...
No valid positions for AGchain_0. Skipping...
No valid positions for AGchain_1. Skipping...
No valid positions for AGchain_0. Skipping...
No valid positions for AGchain_0. Skipping...
No valid positions for AGchain_0. Skipping...
No valid positions for AGchain_0. Skipping...
No valid positions for AGchain_0. Skipping...
No valid positions for AGchain_0. Skipping...
No valid positions for AGchain_0. Skipping...
No valid positions for AGchain_0. Skipping...
No valid positions for AGchain_0. Skipping...
No valid positions for AGchain_0. Skipping...
No valid positions for AGchain_0. Skipping...
No valid positions for AGchain_0. Skipping...
No valid positions for AGchain_0. Skipping...
No valid positions for AGchain_0. Skipping...
No valid positions for AGchain_0. Skipping...
No valid positions for AGchain_0. Skipping...
No valid positions for AGchain_0. Skipping...
No valid positions for AGchain_0. Skipping...
No valid positions for AGchain_0. Skipping...
No valid positions for AGchain_0. Skipping...
No valid positions for AGchain_0. Skipping...
No valid positions for AGchain_0. Skipping...
No valid positions for AGchain_0. Skipping...
No valid positions for AGchain_0. Skipping...
No valid positions for AGchain_0. Skipping...
No valid positions for AGchain_0. Skipping...
No valid positions for AGchain_0. Skipping...
No valid positions for AGchain_0. Skipping...
No valid positions for AGchain_0. Skipping...
No valid positions for AGchain_0. Skipping...
No valid positions for AGchain_0. Skipping...
No valid positions for AGchain_0. Skipping...
No valid positions for AGchain_0. Skipping...
No valid positions for AGchain_0. Skipping...
No valid positions for AGchain_0. Skipping...
No valid positions for AGchain_0. Skipping...
No valid positions for AGchain_0. Skipping...
No valid positions for AGchain_0. Skipping...
No valid positions for AGchain_0. Skipping...
No valid positions for AGchain_0. Skipping...
No valid positions for AGchain_0. Skipping...
No valid positions for AGchain_0. Skipping...
No valid positions for AGchain_0. Skipping...
No valid positions for AGchain_0. Skipping...
No valid positions for AGchain_0. Skipping...
No valid positions for AGchain_0. Skipping...
No valid positions for AGchain_0. Skipping...
No valid positions for AGchain_0. Skipping...
No valid positions for AGchain_0. Skipping...
No valid positions for AGchain_0. Skipping...
No valid positions for AGchain_0. Skipping...
No valid positions for AGchain_0. Skipping...
No valid positions for AGchain_0. Skipping...
No valid positions for AGchain_0. Skipping...
No valid positions for AGchain_0. Skipping...
No valid positions for AGchain_0. Skipping...
No valid positions for AGchain_0. Skipping...
No valid positions for AGchain_0. Skipping...
No valid positions for AGchain_0. Skipping...
No valid positions for AGchain_0. Skipping...
No valid positions for AGchain_0. Skipping...
No valid positions for AGchain_0. Skipping...
No valid positions for AGchain_0. Skipping...
No valid positions for AGchain_0. Skipping...
No valid positions for AGchain_0. Skipping...
No valid positions for AGchain_0. Skipping...
No valid positions for AGchain_0. Skipping...
No valid positions for AGchain_0. Skipping...
No valid positions for AGchain_0. Skipping...
No valid positions for AGchain_0. Skipping...
No valid positions for AGchain_0. Skipping...
No valid positions for AGchain_0. Skipping...
No valid positions for AGchain_0. Skipping...
No valid positions for AGchain_0. Skipping...
No valid positions for AGchain_0. Skipping...
No valid positions for AGchain_0. Skipping...
No valid positions for AGchain_1. Skipping...
No valid positions for AGchain_0. Skipping...
No valid positions for AGchain_1. Skipping...
No valid positions for AGchain_0. Skipping...
No valid positions for AGchain_0. Skipping...
No valid positions for AGchain_0. Skipping...
No valid positions for AGchain_0. Skipping...
No valid positions for AGchain_0. Skipping...
No valid positions for AGchain_0. Skipping...
No valid positions for AGchain_1. Skipping...
No valid positions for AGchain_0. Skipping...
No valid positions for AGchain_0. Skipping...
No valid positions for AGchain_0. Skipping...
No valid positions for AGchain_0. Skipping...
No valid positions for AGchain_0. Skipping...
No valid positions for AGchain_0. Skipping...
No valid positions for AGchain_0. Skipping...
No valid positions for AGchain_0. Skipping...
No valid positions for AGchain_0. Skipping...
No valid positions for AGchain_0. Skipping...
No valid positions for AGchain_0. Skipping...
No valid positions for AGchain_0. Skipping...
No valid positions for AGchain_0. Skipping...
No valid positions for AGchain_0. Skipping...
No valid positions for AGchain_0. Skipping...
No valid positions for AGchain_0. Skipping...
No valid positions for AGchain_0. Skipping...
No valid positions for AGchain_0. Skipping...
No valid positions for AGchain_0. Skipping...
No valid positions for AGchain_0. Skipping...
No valid positions for AGchain_0. Skipping...
No valid positions for AGchain_0. Skipping...
No valid positions for AGchain_0. Skipping...
No valid positions for AGchain_0. Skipping...
No valid positions for AGchain_0. Skipping...
No valid positions for AGchain_0. Skipping...
No valid positions for AGchain_0. Skipping...
No valid positions for AGchain_0. Skipping...
No valid positions for AGchain_0. Skipping...
No valid positions for AGchain_0. Skipping...
No valid positions for AGchain_0. Skipping...
No valid positions for AGchain_0. Skipping...
No valid positions for AGchain_0. Skipping...
No valid positions for AGchain_0. Skipping...

Metrics for Lchain:
  Accuracy: 87.47%
  Precision: 0.7175
  Recall: 0.5931
  AUC-ROC: 0.9201
  AUC-PR: 0.7164

Metrics for Hchain:
  Accuracy: 89.55%
  Precision: 0.8246
  Recall: 0.7686
  AUC-ROC: 0.9515
  AUC-PR: 0.8794

Metrics for Antibody:
  Accuracy: 88.57%
  Precision: 0.7849
  Recall: 0.6985
  AUC-ROC: 0.9387
  AUC-PR: 0.8246
No data available for Antigen
No data available for AGchain_0
No data available for AGchain_1
No data available for AGchain_2
Saved last_attention matrices to PTabptmodel_fold4_l1_g1_i1_dp0.1.pth.npz

Testing model: PTabptmodel_fold5_l1_g1_i1_dp0.1.pth
Initializing ClassificationModel with 1 GAT layers and residual connections...
Initializing MCModel with 1 GAT layers and 1 row attention layers...
Initializing CGModel with 1 GAT layers and residual connections...
Initializing CoreModel with 1 self-attention layers...
No valid positions for AGchain_0. Skipping...
No valid positions for AGchain_0. Skipping...
No valid positions for AGchain_1. Skipping...
No valid positions for AGchain_0. Skipping...
No valid positions for AGchain_0. Skipping...
No valid positions for AGchain_0. Skipping...
No valid positions for AGchain_1. Skipping...
No valid positions for AGchain_0. Skipping...
No valid positions for AGchain_0. Skipping...
No valid positions for AGchain_1. Skipping...
No valid positions for AGchain_0. Skipping...
No valid positions for AGchain_0. Skipping...
No valid positions for AGchain_0. Skipping...
No valid positions for AGchain_0. Skipping...
No valid positions for AGchain_0. Skipping...
No valid positions for AGchain_1. Skipping...
No valid positions for AGchain_0. Skipping...
No valid positions for AGchain_0. Skipping...
No valid positions for AGchain_0. Skipping...
No valid positions for AGchain_0. Skipping...
No valid positions for AGchain_0. Skipping...
No valid positions for AGchain_0. Skipping...
No valid positions for AGchain_0. Skipping...
No valid positions for AGchain_0. Skipping...
No valid positions for AGchain_0. Skipping...
No valid positions for AGchain_0. Skipping...
No valid positions for AGchain_0. Skipping...
No valid positions for AGchain_0. Skipping...
No valid positions for AGchain_0. Skipping...
No valid positions for AGchain_0. Skipping...
No valid positions for AGchain_0. Skipping...
No valid positions for AGchain_0. Skipping...
No valid positions for AGchain_0. Skipping...
No valid positions for AGchain_0. Skipping...
No valid positions for AGchain_0. Skipping...
No valid positions for AGchain_0. Skipping...
No valid positions for AGchain_0. Skipping...
No valid positions for AGchain_0. Skipping...
No valid positions for AGchain_1. Skipping...
No valid positions for AGchain_0. Skipping...
No valid positions for AGchain_0. Skipping...
No valid positions for AGchain_0. Skipping...
No valid positions for AGchain_1. Skipping...
No valid positions for AGchain_0. Skipping...
No valid positions for AGchain_1. Skipping...
No valid positions for AGchain_0. Skipping...
No valid positions for AGchain_0. Skipping...
No valid positions for AGchain_0. Skipping...
No valid positions for AGchain_0. Skipping...
No valid positions for AGchain_0. Skipping...
No valid positions for AGchain_1. Skipping...
No valid positions for AGchain_2. Skipping...
No valid positions for AGchain_0. Skipping...
No valid positions for AGchain_0. Skipping...
No valid positions for AGchain_0. Skipping...
No valid positions for AGchain_0. Skipping...
No valid positions for AGchain_0. Skipping...
No valid positions for AGchain_0. Skipping...
No valid positions for AGchain_0. Skipping...
No valid positions for AGchain_0. Skipping...
No valid positions for AGchain_0. Skipping...
No valid positions for AGchain_0. Skipping...
No valid positions for AGchain_0. Skipping...
No valid positions for AGchain_0. Skipping...
No valid positions for AGchain_0. Skipping...
No valid positions for AGchain_0. Skipping...
No valid positions for AGchain_0. Skipping...
No valid positions for AGchain_0. Skipping...
No valid positions for AGchain_0. Skipping...
No valid positions for AGchain_0. Skipping...
No valid positions for AGchain_0. Skipping...
No valid positions for AGchain_0. Skipping...
No valid positions for AGchain_0. Skipping...
No valid positions for AGchain_0. Skipping...
No valid positions for AGchain_0. Skipping...
No valid positions for AGchain_0. Skipping...
No valid positions for AGchain_0. Skipping...
No valid positions for AGchain_0. Skipping...
No valid positions for AGchain_0. Skipping...
No valid positions for AGchain_0. Skipping...
No valid positions for AGchain_0. Skipping...
No valid positions for AGchain_0. Skipping...
No valid positions for AGchain_0. Skipping...
No valid positions for AGchain_0. Skipping...
No valid positions for AGchain_0. Skipping...
No valid positions for AGchain_0. Skipping...
No valid positions for AGchain_1. Skipping...
No valid positions for AGchain_0. Skipping...
No valid positions for AGchain_0. Skipping...
No valid positions for AGchain_0. Skipping...
No valid positions for AGchain_1. Skipping...
No valid positions for AGchain_0. Skipping...
No valid positions for AGchain_0. Skipping...
No valid positions for AGchain_0. Skipping...
No valid positions for AGchain_0. Skipping...
No valid positions for AGchain_0. Skipping...
No valid positions for AGchain_0. Skipping...
No valid positions for AGchain_0. Skipping...
No valid positions for AGchain_0. Skipping...
No valid positions for AGchain_0. Skipping...
No valid positions for AGchain_0. Skipping...
No valid positions for AGchain_0. Skipping...
No valid positions for AGchain_0. Skipping...
No valid positions for AGchain_0. Skipping...
No valid positions for AGchain_0. Skipping...
No valid positions for AGchain_0. Skipping...
No valid positions for AGchain_0. Skipping...
No valid positions for AGchain_0. Skipping...
No valid positions for AGchain_0. Skipping...
No valid positions for AGchain_0. Skipping...
No valid positions for AGchain_0. Skipping...
No valid positions for AGchain_0. Skipping...
No valid positions for AGchain_0. Skipping...
No valid positions for AGchain_0. Skipping...
No valid positions for AGchain_0. Skipping...
No valid positions for AGchain_0. Skipping...
No valid positions for AGchain_0. Skipping...
No valid positions for AGchain_0. Skipping...
No valid positions for AGchain_0. Skipping...
No valid positions for AGchain_0. Skipping...
No valid positions for AGchain_0. Skipping...
No valid positions for AGchain_0. Skipping...
No valid positions for AGchain_0. Skipping...
No valid positions for AGchain_0. Skipping...
No valid positions for AGchain_0. Skipping...
No valid positions for AGchain_0. Skipping...
No valid positions for AGchain_0. Skipping...
No valid positions for AGchain_0. Skipping...
No valid positions for AGchain_0. Skipping...
No valid positions for AGchain_0. Skipping...
No valid positions for AGchain_0. Skipping...
No valid positions for AGchain_0. Skipping...
No valid positions for AGchain_0. Skipping...
No valid positions for AGchain_0. Skipping...
No valid positions for AGchain_0. Skipping...
No valid positions for AGchain_0. Skipping...
No valid positions for AGchain_0. Skipping...
No valid positions for AGchain_0. Skipping...
No valid positions for AGchain_0. Skipping...
No valid positions for AGchain_0. Skipping...
No valid positions for AGchain_0. Skipping...
No valid positions for AGchain_0. Skipping...
No valid positions for AGchain_0. Skipping...
No valid positions for AGchain_0. Skipping...
No valid positions for AGchain_0. Skipping...
No valid positions for AGchain_0. Skipping...
No valid positions for AGchain_0. Skipping...
No valid positions for AGchain_0. Skipping...
No valid positions for AGchain_0. Skipping...
No valid positions for AGchain_0. Skipping...
No valid positions for AGchain_0. Skipping...
No valid positions for AGchain_0. Skipping...
No valid positions for AGchain_0. Skipping...
No valid positions for AGchain_0. Skipping...
No valid positions for AGchain_0. Skipping...
No valid positions for AGchain_0. Skipping...
No valid positions for AGchain_0. Skipping...
No valid positions for AGchain_0. Skipping...
No valid positions for AGchain_0. Skipping...
No valid positions for AGchain_0. Skipping...
No valid positions for AGchain_0. Skipping...
No valid positions for AGchain_0. Skipping...
No valid positions for AGchain_0. Skipping...
No valid positions for AGchain_0. Skipping...
No valid positions for AGchain_0. Skipping...
No valid positions for AGchain_0. Skipping...
No valid positions for AGchain_0. Skipping...
No valid positions for AGchain_1. Skipping...
No valid positions for AGchain_0. Skipping...
No valid positions for AGchain_1. Skipping...
No valid positions for AGchain_0. Skipping...
No valid positions for AGchain_0. Skipping...
No valid positions for AGchain_0. Skipping...
No valid positions for AGchain_0. Skipping...
No valid positions for AGchain_0. Skipping...
No valid positions for AGchain_0. Skipping...
No valid positions for AGchain_1. Skipping...
No valid positions for AGchain_0. Skipping...
No valid positions for AGchain_0. Skipping...
No valid positions for AGchain_0. Skipping...
No valid positions for AGchain_0. Skipping...
No valid positions for AGchain_0. Skipping...
No valid positions for AGchain_0. Skipping...
No valid positions for AGchain_0. Skipping...
No valid positions for AGchain_0. Skipping...
No valid positions for AGchain_0. Skipping...
No valid positions for AGchain_0. Skipping...
No valid positions for AGchain_0. Skipping...
No valid positions for AGchain_0. Skipping...
No valid positions for AGchain_0. Skipping...
No valid positions for AGchain_0. Skipping...
No valid positions for AGchain_0. Skipping...
No valid positions for AGchain_0. Skipping...
No valid positions for AGchain_0. Skipping...
No valid positions for AGchain_0. Skipping...
No valid positions for AGchain_0. Skipping...
No valid positions for AGchain_0. Skipping...
No valid positions for AGchain_0. Skipping...
No valid positions for AGchain_0. Skipping...
No valid positions for AGchain_0. Skipping...
No valid positions for AGchain_0. Skipping...
No valid positions for AGchain_0. Skipping...
No valid positions for AGchain_0. Skipping...
No valid positions for AGchain_0. Skipping...
No valid positions for AGchain_0. Skipping...
No valid positions for AGchain_0. Skipping...
No valid positions for AGchain_0. Skipping...
No valid positions for AGchain_0. Skipping...
No valid positions for AGchain_0. Skipping...
No valid positions for AGchain_0. Skipping...
No valid positions for AGchain_0. Skipping...

Metrics for Lchain:
  Accuracy: 87.25%
  Precision: 0.6988
  Recall: 0.6115
  AUC-ROC: 0.9147
  AUC-PR: 0.7019

Metrics for Hchain:
  Accuracy: 89.26%
  Precision: 0.8029
  Recall: 0.7873
  AUC-ROC: 0.9486
  AUC-PR: 0.8642

Metrics for Antibody:
  Accuracy: 88.30%
  Precision: 0.7641
  Recall: 0.7171
  AUC-ROC: 0.9350
  AUC-PR: 0.8097
No data available for Antigen
No data available for AGchain_0
No data available for AGchain_1
No data available for AGchain_2
Saved last_attention matrices to PTabptmodel_fold5_l1_g1_i1_dp0.1.pth.npz
