
Testing model: PTagmodel_fold1_l1_g1_i1_dp0.1.pth
Initializing ClassificationModel with 1 GAT layers and residual connections...
Initializing MCModel with 1 GAT layers and 1 row attention layers...
Initializing CGModel with 1 GAT layers and residual connections...
Initializing CoreModel with 1 self-attention layers...

Overall Metrics:
  Accuracy: 89.94%
  Precision: 0.5788
  Recall: 0.2619
  AUC-ROC: 0.8843
  AUC-PR: 0.4730
Saved last_attention matrices to PTagmodel_fold1_l1_g1_i1_dp0.1.pth.npz

Testing model: PTagmodel_fold2_l1_g1_i1_dp0.1.pth
Initializing ClassificationModel with 1 GAT layers and residual connections...
Initializing MCModel with 1 GAT layers and 1 row attention layers...
Initializing CGModel with 1 GAT layers and residual connections...
Initializing CoreModel with 1 self-attention layers...

Overall Metrics:
  Accuracy: 89.88%
  Precision: 0.5881
  Recall: 0.2203
  AUC-ROC: 0.8821
  AUC-PR: 0.4678
Saved last_attention matrices to PTagmodel_fold2_l1_g1_i1_dp0.1.pth.npz

Testing model: PTagmodel_fold3_l1_g1_i1_dp0.1.pth
Initializing ClassificationModel with 1 GAT layers and residual connections...
Initializing MCModel with 1 GAT layers and 1 row attention layers...
Initializing CGModel with 1 GAT layers and residual connections...
Initializing CoreModel with 1 self-attention layers...

Overall Metrics:
  Accuracy: 89.88%
  Precision: 0.5722
  Recall: 0.2597
  AUC-ROC: 0.8838
  AUC-PR: 0.4698
Saved last_attention matrices to PTagmodel_fold3_l1_g1_i1_dp0.1.pth.npz

Testing model: PTagmodel_fold4_l1_g1_i1_dp0.1.pth
Initializing ClassificationModel with 1 GAT layers and residual connections...
Initializing MCModel with 1 GAT layers and 1 row attention layers...
Initializing CGModel with 1 GAT layers and residual connections...
Initializing CoreModel with 1 self-attention layers...

Overall Metrics:
  Accuracy: 89.95%
  Precision: 0.5708
  Recall: 0.2934
  AUC-ROC: 0.8814
  AUC-PR: 0.4620
Saved last_attention matrices to PTagmodel_fold4_l1_g1_i1_dp0.1.pth.npz

Testing model: PTagmodel_fold5_l1_g1_i1_dp0.1.pth
Initializing ClassificationModel with 1 GAT layers and residual connections...
Initializing MCModel with 1 GAT layers and 1 row attention layers...
Initializing CGModel with 1 GAT layers and residual connections...
Initializing CoreModel with 1 self-attention layers...

Overall Metrics:
  Accuracy: 89.84%
  Precision: 0.5707
  Recall: 0.2529
  AUC-ROC: 0.8771
  AUC-PR: 0.4586
Saved last_attention matrices to PTagmodel_fold5_l1_g1_i1_dp0.1.pth.npz
