Initializing dataset...
1
Initializing MSAModel...
Finished initializing MSAModel...
2
Total number of trainable parameters: 34298496
3
Fetching item 2 from the dataset...
Fetching item 5 from the dataset...
Fetching item 4 from the dataset...
Fetching item 0 from the dataset...
Fetching item 1 from the dataset...
Fetching item 3 from the dataset...
Epoch [1/10], Loss: 7.6887
Fetching item 1 from the dataset...
Fetching item 3 from the dataset...
Fetching item 0 from the dataset...
Fetching item 4 from the dataset...
Fetching item 2 from the dataset...
Fetching item 5 from the dataset...
Epoch [2/10], Loss: 146.6941
Fetching item 1 from the dataset...
Fetching item 5 from the dataset...
Fetching item 0 from the dataset...
Fetching item 2 from the dataset...
Fetching item 4 from the dataset...
Fetching item 3 from the dataset...
Epoch [3/10], Loss: 1307.3425
Fetching item 4 from the dataset...
Fetching item 0 from the dataset...
Fetching item 5 from the dataset...
Fetching item 1 from the dataset...
Fetching item 3 from the dataset...
Fetching item 2 from the dataset...
Epoch [4/10], Loss: 248.0379
Fetching item 3 from the dataset...
Fetching item 4 from the dataset...
Fetching item 2 from the dataset...
Fetching item 1 from the dataset...
Fetching item 0 from the dataset...
Fetching item 5 from the dataset...
Epoch [5/10], Loss: 741.6157
Fetching item 4 from the dataset...
Fetching item 1 from the dataset...
Fetching item 3 from the dataset...
Fetching item 5 from the dataset...
Fetching item 2 from the dataset...
Fetching item 0 from the dataset...
Epoch [6/10], Loss: 631.7908
Fetching item 3 from the dataset...
Fetching item 4 from the dataset...
Fetching item 0 from the dataset...
Fetching item 2 from the dataset...
Fetching item 1 from the dataset...
Fetching item 5 from the dataset...
Epoch [7/10], Loss: 491.9610
Fetching item 4 from the dataset...
Fetching item 3 from the dataset...
Fetching item 0 from the dataset...
Fetching item 1 from the dataset...
Fetching item 2 from the dataset...
Fetching item 5 from the dataset...
Epoch [8/10], Loss: 1372.4482
Fetching item 5 from the dataset...
Fetching item 4 from the dataset...
Fetching item 0 from the dataset...
Fetching item 3 from the dataset...
Fetching item 2 from the dataset...
Fetching item 1 from the dataset...
Epoch [9/10], Loss: 500.6507
Fetching item 2 from the dataset...
Fetching item 3 from the dataset...
Fetching item 0 from the dataset...
Fetching item 5 from the dataset...
Fetching item 1 from the dataset...
Fetching item 4 from the dataset...
Epoch [10/10], Loss: 977.8149
Training finished!
Fetching item 0 from the dataset...
Fetching item 3 from the dataset...
tensor([[False, False, False,  ..., False,  True, False],
        [False, False, False,  ..., False,  True,  True]])
tensor([[False, False, False,  ..., False,  True, False],
        [False, False, False,  ..., False,  True,  True]])
Fetching item 1 from the dataset...
Fetching item 2 from the dataset...
tensor([[False, False, False,  ..., False,  True, False],
        [False, False, False,  ..., False,  True,  True]])
tensor([[False, False, False,  ...,  True,  True, False],
        [False, False, False,  ...,  True,  True,  True]])
Fetching item 5 from the dataset...
Fetching item 4 from the dataset...
tensor([[False, False, False,  ..., False,  True,  True],
        [False, False, False,  ..., False,  True,  True]])
tensor([[False, False, False,  ..., False,  True, False],
        [False, False, False,  ...,  True,  True,  True]])
