
Testing model: PTttmodel_d_l1_g1_i1_dp0.1.pth
Initializing ClassificationModel with 1 GAT layers and residual connections...
Initializing MCModel with 1 GAT layers and 1 row attention layers...
Initializing CGModel with 1 GAT layers and residual connections...
Initializing CoreModel with 1 self-attention layers...

Metrics for Lchain:
  Accuracy: 93.36%
  Precision: 0.7905
  Recall: 0.6738
  AUC-ROC: 0.9697
  AUC-PR: 0.8244

Metrics for Hchain:
  Accuracy: 93.53%
  Precision: 0.8466
  Recall: 0.7609
  AUC-ROC: 0.9732
  AUC-PR: 0.8747

Metrics for Antibody:
  Accuracy: 93.45%
  Precision: 0.8233
  Recall: 0.7236
  AUC-ROC: 0.9717
  AUC-PR: 0.8540

Metrics for Antigen:
  Accuracy: 76.99%
  Precision: 0.6260
  Recall: 0.2036
  AUC-ROC: 0.7185
  AUC-PR: 0.5009

Metrics for AGchain_0:
  Accuracy: 76.65%
  Precision: 0.6253
  Recall: 0.2057
  AUC-ROC: 0.7194
  AUC-PR: 0.5044

Metrics for AGchain_1:
  Accuracy: 84.28%
  Precision: 0.7273
  Recall: 0.1521
  AUC-ROC: 0.6029
  AUC-PR: 0.3721

Metrics for AGchain_2:
  Accuracy: 82.32%
  Precision: 0.0000
  Recall: 0.0000
  AUC-ROC: 0.6234
  AUC-PR: 0.1630
Saved last_attention matrices to PTttmodel_d_l1_g1_i1_dp0.1.pth.npz
