{'batch_size': 4, 'sequence_file': 'antibody_train_sequences_3000.npz', 'data_file': 'antibody_train_interfaces_3000.npz', 'edge_file': 'antibody_train_edges_3000.npz', 'max_len': 3000, 'vocab_size': 23, 'embed_dim': 256, 'num_heads': 16, 'dropout': 0.0, 'num_layers': 1, 'num_gnn_layers': 1, 'num_int_layers': 1, 'num_classes': 2, 'num_epochs': 1000, 'learning_rate': 0.0001, 'max_grad_norm': 0.1, 'validation_split': 0.1, 'early_stop_patience': 10, 'initial_gradient_noise_std': 0.05, 'accumulation_steps': 2}
Number of GPUs available: 4

Starting Fold 1/5...
Initializing ClassificationModel with 1 GAT layers and residual connections...
Initializing MCModel with 1 GAT layers and 1 row attention layers...
Initializing CGModel with 1 GAT layers and residual connections...
Initializing CoreModel with 1 self-attention layers...
Using 4 GPUs with DataParallel.
Epoch [1/1000], Training Loss: 0.5901
Validation Loss: 0.5417
New best model found with validation loss: 0.5417
Epoch [2/1000], Training Loss: 0.4616
Validation Loss: 0.4332
New best model found with validation loss: 0.4332
Epoch [3/1000], Training Loss: 0.3938
Validation Loss: 0.3852
New best model found with validation loss: 0.3852
Epoch [4/1000], Training Loss: 0.3667
Validation Loss: 0.3781
New best model found with validation loss: 0.3781
Epoch [5/1000], Training Loss: 0.3539
Validation Loss: 0.4624
No improvement in validation loss. Early stop counter: 1/10
Epoch [6/1000], Training Loss: 0.3471
Validation Loss: 0.3546
New best model found with validation loss: 0.3546
Epoch [7/1000], Training Loss: 0.3412
Validation Loss: 0.3484
New best model found with validation loss: 0.3484
Epoch [8/1000], Training Loss: 0.3470
Validation Loss: 0.3766
No improvement in validation loss. Early stop counter: 1/10
Epoch [9/1000], Training Loss: 0.3288
Validation Loss: 0.3444
New best model found with validation loss: 0.3444
Epoch [10/1000], Training Loss: 0.3245
Validation Loss: 0.3805
No improvement in validation loss. Early stop counter: 1/10
Epoch [11/1000], Training Loss: 0.3116
Validation Loss: 0.3362
New best model found with validation loss: 0.3362
Epoch [12/1000], Training Loss: 0.3080
Validation Loss: 0.3280
New best model found with validation loss: 0.3280
Epoch [13/1000], Training Loss: 0.3036
Validation Loss: 0.3317
No improvement in validation loss. Early stop counter: 1/10
Epoch [14/1000], Training Loss: 0.3024
Validation Loss: 0.3286
No improvement in validation loss. Early stop counter: 2/10
Epoch [15/1000], Training Loss: 0.2992
Validation Loss: 0.3277
New best model found with validation loss: 0.3277
Epoch [16/1000], Training Loss: 0.2998
Validation Loss: 0.3479
No improvement in validation loss. Early stop counter: 1/10
Epoch [17/1000], Training Loss: 0.3001
Validation Loss: 0.3245
New best model found with validation loss: 0.3245
Epoch [18/1000], Training Loss: 0.2978
Validation Loss: 0.3300
No improvement in validation loss. Early stop counter: 1/10
Epoch [19/1000], Training Loss: 0.2951
Validation Loss: 0.3298
No improvement in validation loss. Early stop counter: 2/10
Epoch [20/1000], Training Loss: 0.2954
Validation Loss: 0.3265
No improvement in validation loss. Early stop counter: 3/10
Epoch [21/1000], Training Loss: 0.2886
Validation Loss: 0.3231
New best model found with validation loss: 0.3231
Epoch [22/1000], Training Loss: 0.2868
Validation Loss: 0.3175
New best model found with validation loss: 0.3175
Epoch [23/1000], Training Loss: 0.2900
Validation Loss: 0.3404
No improvement in validation loss. Early stop counter: 1/10
Epoch [24/1000], Training Loss: 0.2877
Validation Loss: 0.3287
No improvement in validation loss. Early stop counter: 2/10
Epoch [25/1000], Training Loss: 0.2859
Validation Loss: 0.3284
No improvement in validation loss. Early stop counter: 3/10
Epoch [26/1000], Training Loss: 0.2854
Validation Loss: 0.3247
No improvement in validation loss. Early stop counter: 4/10
Epoch [27/1000], Training Loss: 0.2863
Validation Loss: 0.3219
No improvement in validation loss. Early stop counter: 5/10
Epoch [28/1000], Training Loss: 0.2867
Validation Loss: 0.3233
No improvement in validation loss. Early stop counter: 6/10
Epoch [29/1000], Training Loss: 0.2842
Validation Loss: 0.3238
No improvement in validation loss. Early stop counter: 7/10
Epoch [30/1000], Training Loss: 0.2848
Validation Loss: 0.3246
No improvement in validation loss. Early stop counter: 8/10
Epoch [31/1000], Training Loss: 0.2818
Validation Loss: 0.3258
No improvement in validation loss. Early stop counter: 9/10
Epoch [32/1000], Training Loss: 0.2817
Validation Loss: 0.3160
New best model found with validation loss: 0.3160
Epoch [33/1000], Training Loss: 0.2813
Validation Loss: 0.3217
No improvement in validation loss. Early stop counter: 1/10
Epoch [34/1000], Training Loss: 0.2787
Validation Loss: 0.3144
New best model found with validation loss: 0.3144
Epoch [35/1000], Training Loss: 0.2800
Validation Loss: 0.3136
New best model found with validation loss: 0.3136
Epoch [36/1000], Training Loss: 0.2786
Validation Loss: 0.3133
New best model found with validation loss: 0.3133
Epoch [37/1000], Training Loss: 0.2779
Validation Loss: 0.3157
No improvement in validation loss. Early stop counter: 1/10
Epoch [38/1000], Training Loss: 0.2787
Validation Loss: 0.3200
No improvement in validation loss. Early stop counter: 2/10
Epoch [39/1000], Training Loss: 0.2792
Validation Loss: 0.3155
No improvement in validation loss. Early stop counter: 3/10
Epoch [40/1000], Training Loss: 0.2787
Validation Loss: 0.3142
No improvement in validation loss. Early stop counter: 4/10
Epoch [41/1000], Training Loss: 0.2767
Validation Loss: 0.3152
No improvement in validation loss. Early stop counter: 5/10
Epoch [42/1000], Training Loss: 0.2764
Validation Loss: 0.3143
No improvement in validation loss. Early stop counter: 6/10
Epoch [43/1000], Training Loss: 0.2768
Validation Loss: 0.3138
No improvement in validation loss. Early stop counter: 7/10
Epoch [44/1000], Training Loss: 0.2777
Validation Loss: 0.3170
No improvement in validation loss. Early stop counter: 8/10
Epoch [45/1000], Training Loss: 0.2760
Validation Loss: 0.3138
No improvement in validation loss. Early stop counter: 9/10
Epoch [46/1000], Training Loss: 0.2764
Validation Loss: 0.3122
New best model found with validation loss: 0.3122
Epoch [47/1000], Training Loss: 0.2771
Validation Loss: 0.3118
New best model found with validation loss: 0.3118
Epoch [48/1000], Training Loss: 0.2756
Validation Loss: 0.3159
No improvement in validation loss. Early stop counter: 1/10
Epoch [49/1000], Training Loss: 0.2762
Validation Loss: 0.3119
No improvement in validation loss. Early stop counter: 2/10
Epoch [50/1000], Training Loss: 0.2766
Validation Loss: 0.3126
No improvement in validation loss. Early stop counter: 3/10
Epoch [51/1000], Training Loss: 0.2752
Validation Loss: 0.3123
No improvement in validation loss. Early stop counter: 4/10
Epoch [52/1000], Training Loss: 0.2738
Validation Loss: 0.3135
No improvement in validation loss. Early stop counter: 5/10
Epoch [53/1000], Training Loss: 0.2741
Validation Loss: 0.3112
New best model found with validation loss: 0.3112
Epoch [54/1000], Training Loss: 0.2750
Validation Loss: 0.3122
No improvement in validation loss. Early stop counter: 1/10
Epoch [55/1000], Training Loss: 0.2736
Validation Loss: 0.3115
No improvement in validation loss. Early stop counter: 2/10
Epoch [56/1000], Training Loss: 0.2734
Validation Loss: 0.3113
No improvement in validation loss. Early stop counter: 3/10
Epoch [57/1000], Training Loss: 0.2741
Validation Loss: 0.3111
New best model found with validation loss: 0.3111
Epoch [58/1000], Training Loss: 0.2749
Validation Loss: 0.3122
No improvement in validation loss. Early stop counter: 1/10
Epoch [59/1000], Training Loss: 0.2738
Validation Loss: 0.3119
No improvement in validation loss. Early stop counter: 2/10
Epoch [60/1000], Training Loss: 0.2742
Validation Loss: 0.3111
New best model found with validation loss: 0.3111
Epoch [61/1000], Training Loss: 0.2731
Validation Loss: 0.3134
No improvement in validation loss. Early stop counter: 1/10
Epoch [62/1000], Training Loss: 0.2733
Validation Loss: 0.3114
No improvement in validation loss. Early stop counter: 2/10
Epoch [63/1000], Training Loss: 0.2735
Validation Loss: 0.3110
New best model found with validation loss: 0.3110
Epoch [64/1000], Training Loss: 0.2733
Validation Loss: 0.3110
New best model found with validation loss: 0.3110
Epoch [65/1000], Training Loss: 0.2728
Validation Loss: 0.3112
No improvement in validation loss. Early stop counter: 1/10
Epoch [66/1000], Training Loss: 0.2727
Validation Loss: 0.3126
No improvement in validation loss. Early stop counter: 2/10
Epoch [67/1000], Training Loss: 0.2731
Validation Loss: 0.3148
No improvement in validation loss. Early stop counter: 3/10
Epoch [68/1000], Training Loss: 0.2730
Validation Loss: 0.3119
No improvement in validation loss. Early stop counter: 4/10
Epoch [69/1000], Training Loss: 0.2728
Validation Loss: 0.3117
No improvement in validation loss. Early stop counter: 5/10
Epoch [70/1000], Training Loss: 0.2738
Validation Loss: 0.3109
New best model found with validation loss: 0.3109
Epoch [71/1000], Training Loss: 0.2724
Validation Loss: 0.3111
No improvement in validation loss. Early stop counter: 1/10
Epoch [72/1000], Training Loss: 0.2732
Validation Loss: 0.3115
No improvement in validation loss. Early stop counter: 2/10
Epoch [73/1000], Training Loss: 0.2726
Validation Loss: 0.3115
No improvement in validation loss. Early stop counter: 3/10
Epoch [74/1000], Training Loss: 0.2723
Validation Loss: 0.3111
No improvement in validation loss. Early stop counter: 4/10
Epoch [75/1000], Training Loss: 0.2730
Validation Loss: 0.3110
No improvement in validation loss. Early stop counter: 5/10
Epoch [76/1000], Training Loss: 0.2728
Validation Loss: 0.3121
No improvement in validation loss. Early stop counter: 6/10
Epoch [77/1000], Training Loss: 0.2724
Validation Loss: 0.3117
No improvement in validation loss. Early stop counter: 7/10
Epoch [78/1000], Training Loss: 0.2721
Validation Loss: 0.3116
No improvement in validation loss. Early stop counter: 8/10
Epoch [79/1000], Training Loss: 0.2727
Validation Loss: 0.3117
No improvement in validation loss. Early stop counter: 9/10
Epoch [80/1000], Training Loss: 0.2723
Validation Loss: 0.3124
No improvement in validation loss. Early stop counter: 10/10
Early stopping triggered after 80 epochs.
Best model for fold 1 saved successfully.

Starting Fold 2/5...
Initializing ClassificationModel with 1 GAT layers and residual connections...
Initializing MCModel with 1 GAT layers and 1 row attention layers...
Initializing CGModel with 1 GAT layers and residual connections...
Initializing CoreModel with 1 self-attention layers...
Using 4 GPUs with DataParallel.
Epoch [1/1000], Training Loss: 0.6164
Validation Loss: 0.5075
New best model found with validation loss: 0.5075
Epoch [2/1000], Training Loss: 0.4617
Validation Loss: 0.4106
New best model found with validation loss: 0.4106
Epoch [3/1000], Training Loss: 0.4043
Validation Loss: 0.4072
New best model found with validation loss: 0.4072
Epoch [4/1000], Training Loss: 0.3889
Validation Loss: 0.3390
New best model found with validation loss: 0.3390
Epoch [5/1000], Training Loss: 0.3679
Validation Loss: 0.4042
No improvement in validation loss. Early stop counter: 1/10
Epoch [6/1000], Training Loss: 0.3580
Validation Loss: 0.3240
New best model found with validation loss: 0.3240
Epoch [7/1000], Training Loss: 0.3414
Validation Loss: 0.3375
No improvement in validation loss. Early stop counter: 1/10
Epoch [8/1000], Training Loss: 0.3403
Validation Loss: 0.3017
New best model found with validation loss: 0.3017
Epoch [9/1000], Training Loss: 0.3301
Validation Loss: 0.3062
No improvement in validation loss. Early stop counter: 1/10
Epoch [10/1000], Training Loss: 0.3297
Validation Loss: 0.3220
No improvement in validation loss. Early stop counter: 2/10
Epoch [11/1000], Training Loss: 0.3117
Validation Loss: 0.2945
New best model found with validation loss: 0.2945
Epoch [12/1000], Training Loss: 0.3078
Validation Loss: 0.2929
New best model found with validation loss: 0.2929
Epoch [13/1000], Training Loss: 0.3067
Validation Loss: 0.3221
No improvement in validation loss. Early stop counter: 1/10
Epoch [14/1000], Training Loss: 0.3041
Validation Loss: 0.2892
New best model found with validation loss: 0.2892
Epoch [15/1000], Training Loss: 0.3022
Validation Loss: 0.2925
No improvement in validation loss. Early stop counter: 1/10
Epoch [16/1000], Training Loss: 0.2975
Validation Loss: 0.2873
New best model found with validation loss: 0.2873
Epoch [17/1000], Training Loss: 0.2991
Validation Loss: 0.2886
No improvement in validation loss. Early stop counter: 1/10
Epoch [18/1000], Training Loss: 0.3004
Validation Loss: 0.2854
New best model found with validation loss: 0.2854
Epoch [19/1000], Training Loss: 0.3059
Validation Loss: 0.2861
No improvement in validation loss. Early stop counter: 1/10
Epoch [20/1000], Training Loss: 0.2920
Validation Loss: 0.2885
No improvement in validation loss. Early stop counter: 2/10
Epoch [21/1000], Training Loss: 0.2900
Validation Loss: 0.2823
New best model found with validation loss: 0.2823
Epoch [22/1000], Training Loss: 0.2893
Validation Loss: 0.2944
No improvement in validation loss. Early stop counter: 1/10
Epoch [23/1000], Training Loss: 0.2870
Validation Loss: 0.2851
No improvement in validation loss. Early stop counter: 2/10
Epoch [24/1000], Training Loss: 0.2885
Validation Loss: 0.2835
No improvement in validation loss. Early stop counter: 3/10
Epoch [25/1000], Training Loss: 0.2892
Validation Loss: 0.2820
New best model found with validation loss: 0.2820
Epoch [26/1000], Training Loss: 0.2886
Validation Loss: 0.2821
No improvement in validation loss. Early stop counter: 1/10
Epoch [27/1000], Training Loss: 0.2856
Validation Loss: 0.2849
No improvement in validation loss. Early stop counter: 2/10
Epoch [28/1000], Training Loss: 0.2843
Validation Loss: 0.2814
New best model found with validation loss: 0.2814
Epoch [29/1000], Training Loss: 0.2889
Validation Loss: 0.2865
No improvement in validation loss. Early stop counter: 1/10
Epoch [30/1000], Training Loss: 0.2837
Validation Loss: 0.2841
No improvement in validation loss. Early stop counter: 2/10
Epoch [31/1000], Training Loss: 0.2808
Validation Loss: 0.2817
No improvement in validation loss. Early stop counter: 3/10
Epoch [32/1000], Training Loss: 0.2813
Validation Loss: 0.2809
New best model found with validation loss: 0.2809
Epoch [33/1000], Training Loss: 0.2820
Validation Loss: 0.2841
No improvement in validation loss. Early stop counter: 1/10
Epoch [34/1000], Training Loss: 0.2819
Validation Loss: 0.2810
No improvement in validation loss. Early stop counter: 2/10
Epoch [35/1000], Training Loss: 0.2793
Validation Loss: 0.2801
New best model found with validation loss: 0.2801
Epoch [36/1000], Training Loss: 0.2790
Validation Loss: 0.2801
No improvement in validation loss. Early stop counter: 1/10
Epoch [37/1000], Training Loss: 0.2796
Validation Loss: 0.2844
No improvement in validation loss. Early stop counter: 2/10
Epoch [38/1000], Training Loss: 0.2797
Validation Loss: 0.2800
New best model found with validation loss: 0.2800
Epoch [39/1000], Training Loss: 0.2788
Validation Loss: 0.2818
No improvement in validation loss. Early stop counter: 1/10
Epoch [40/1000], Training Loss: 0.2781
Validation Loss: 0.2800
New best model found with validation loss: 0.2800
Epoch [41/1000], Training Loss: 0.2768
Validation Loss: 0.2795
New best model found with validation loss: 0.2795
Epoch [42/1000], Training Loss: 0.2769
Validation Loss: 0.2795
New best model found with validation loss: 0.2795
Epoch [43/1000], Training Loss: 0.2764
Validation Loss: 0.2794
New best model found with validation loss: 0.2794
Epoch [44/1000], Training Loss: 0.2762
Validation Loss: 0.2789
New best model found with validation loss: 0.2789
Epoch [45/1000], Training Loss: 0.2757
Validation Loss: 0.2790
No improvement in validation loss. Early stop counter: 1/10
Epoch [46/1000], Training Loss: 0.2750
Validation Loss: 0.2800
No improvement in validation loss. Early stop counter: 2/10
Epoch [47/1000], Training Loss: 0.2766
Validation Loss: 0.2807
No improvement in validation loss. Early stop counter: 3/10
Epoch [48/1000], Training Loss: 0.2757
Validation Loss: 0.2789
No improvement in validation loss. Early stop counter: 4/10
Epoch [49/1000], Training Loss: 0.2762
Validation Loss: 0.2803
No improvement in validation loss. Early stop counter: 5/10
Epoch [50/1000], Training Loss: 0.2745
Validation Loss: 0.2810
No improvement in validation loss. Early stop counter: 6/10
Epoch [51/1000], Training Loss: 0.2743
Validation Loss: 0.2783
New best model found with validation loss: 0.2783
Epoch [52/1000], Training Loss: 0.2743
Validation Loss: 0.2781
New best model found with validation loss: 0.2781
Epoch [53/1000], Training Loss: 0.2739
Validation Loss: 0.2789
No improvement in validation loss. Early stop counter: 1/10
Epoch [54/1000], Training Loss: 0.2747
Validation Loss: 0.2784
No improvement in validation loss. Early stop counter: 2/10
Epoch [55/1000], Training Loss: 0.2745
Validation Loss: 0.2781
New best model found with validation loss: 0.2781
Epoch [56/1000], Training Loss: 0.2740
Validation Loss: 0.2786
No improvement in validation loss. Early stop counter: 1/10
Epoch [57/1000], Training Loss: 0.2747
Validation Loss: 0.2785
No improvement in validation loss. Early stop counter: 2/10
Epoch [58/1000], Training Loss: 0.2743
Validation Loss: 0.2820
No improvement in validation loss. Early stop counter: 3/10
Epoch [59/1000], Training Loss: 0.2741
Validation Loss: 0.2776
New best model found with validation loss: 0.2776
Epoch [60/1000], Training Loss: 0.2748
Validation Loss: 0.2797
No improvement in validation loss. Early stop counter: 1/10
Epoch [61/1000], Training Loss: 0.2746
Validation Loss: 0.2788
No improvement in validation loss. Early stop counter: 2/10
Epoch [62/1000], Training Loss: 0.2745
Validation Loss: 0.2775
New best model found with validation loss: 0.2775
Epoch [63/1000], Training Loss: 0.2739
Validation Loss: 0.2780
No improvement in validation loss. Early stop counter: 1/10
Epoch [64/1000], Training Loss: 0.2736
Validation Loss: 0.2781
No improvement in validation loss. Early stop counter: 2/10
Epoch [65/1000], Training Loss: 0.2736
Validation Loss: 0.2778
No improvement in validation loss. Early stop counter: 3/10
Epoch [66/1000], Training Loss: 0.2742
Validation Loss: 0.2776
No improvement in validation loss. Early stop counter: 4/10
Epoch [67/1000], Training Loss: 0.2729
Validation Loss: 0.2775
New best model found with validation loss: 0.2775
Epoch [68/1000], Training Loss: 0.2730
Validation Loss: 0.2776
No improvement in validation loss. Early stop counter: 1/10
Epoch [69/1000], Training Loss: 0.2731
Validation Loss: 0.2777
No improvement in validation loss. Early stop counter: 2/10
Epoch [70/1000], Training Loss: 0.2732
Validation Loss: 0.2785
No improvement in validation loss. Early stop counter: 3/10
Epoch [71/1000], Training Loss: 0.2728
Validation Loss: 0.2778
No improvement in validation loss. Early stop counter: 4/10
Epoch [72/1000], Training Loss: 0.2729
Validation Loss: 0.2778
No improvement in validation loss. Early stop counter: 5/10
Epoch [73/1000], Training Loss: 0.2724
Validation Loss: 0.2777
No improvement in validation loss. Early stop counter: 6/10
Epoch [74/1000], Training Loss: 0.2738
Validation Loss: 0.2779
No improvement in validation loss. Early stop counter: 7/10
Epoch [75/1000], Training Loss: 0.2721
Validation Loss: 0.2777
No improvement in validation loss. Early stop counter: 8/10
Epoch [76/1000], Training Loss: 0.2729
Validation Loss: 0.2777
No improvement in validation loss. Early stop counter: 9/10
Epoch [77/1000], Training Loss: 0.2721
Validation Loss: 0.2775
New best model found with validation loss: 0.2775
Epoch [78/1000], Training Loss: 0.2727
Validation Loss: 0.2778
No improvement in validation loss. Early stop counter: 1/10
Epoch [79/1000], Training Loss: 0.2757
Validation Loss: 0.2779
No improvement in validation loss. Early stop counter: 2/10
Epoch [80/1000], Training Loss: 0.2723
Validation Loss: 0.2777
No improvement in validation loss. Early stop counter: 3/10
Epoch [81/1000], Training Loss: 0.2736
Validation Loss: 0.2776
No improvement in validation loss. Early stop counter: 4/10
Epoch [82/1000], Training Loss: 0.2723
Validation Loss: 0.2775
No improvement in validation loss. Early stop counter: 5/10
Epoch [83/1000], Training Loss: 0.2730
Validation Loss: 0.2777
No improvement in validation loss. Early stop counter: 6/10
Epoch [84/1000], Training Loss: 0.2715
Validation Loss: 0.2776
No improvement in validation loss. Early stop counter: 7/10
Epoch [85/1000], Training Loss: 0.2737
Validation Loss: 0.2776
No improvement in validation loss. Early stop counter: 8/10
Epoch [86/1000], Training Loss: 0.2723
Validation Loss: 0.2777
No improvement in validation loss. Early stop counter: 9/10
Epoch [87/1000], Training Loss: 0.2722
Validation Loss: 0.2779
No improvement in validation loss. Early stop counter: 10/10
Early stopping triggered after 87 epochs.
Best model for fold 2 saved successfully.

Starting Fold 3/5...
Initializing ClassificationModel with 1 GAT layers and residual connections...
Initializing MCModel with 1 GAT layers and 1 row attention layers...
Initializing CGModel with 1 GAT layers and residual connections...
Initializing CoreModel with 1 self-attention layers...
Using 4 GPUs with DataParallel.
Epoch [1/1000], Training Loss: 0.5977
Validation Loss: 0.5128
New best model found with validation loss: 0.5128
Epoch [2/1000], Training Loss: 0.4562
Validation Loss: 0.4029
New best model found with validation loss: 0.4029
Epoch [3/1000], Training Loss: 0.4109
Validation Loss: 0.3789
New best model found with validation loss: 0.3789
Epoch [4/1000], Training Loss: 0.3819
Validation Loss: 0.3750
New best model found with validation loss: 0.3750
Epoch [5/1000], Training Loss: 0.3756
Validation Loss: 0.3416
New best model found with validation loss: 0.3416
Epoch [6/1000], Training Loss: 0.3609
Validation Loss: 0.3368
New best model found with validation loss: 0.3368
Epoch [7/1000], Training Loss: 0.3561
Validation Loss: 0.3451
No improvement in validation loss. Early stop counter: 1/10
Epoch [8/1000], Training Loss: 0.3342
Validation Loss: 0.3335
New best model found with validation loss: 0.3335
Epoch [9/1000], Training Loss: 0.3305
Validation Loss: 0.3269
New best model found with validation loss: 0.3269
Epoch [10/1000], Training Loss: 0.3226
Validation Loss: 0.3666
No improvement in validation loss. Early stop counter: 1/10
Epoch [11/1000], Training Loss: 0.3164
Validation Loss: 0.3126
New best model found with validation loss: 0.3126
Epoch [12/1000], Training Loss: 0.3112
Validation Loss: 0.3257
No improvement in validation loss. Early stop counter: 1/10
Epoch [13/1000], Training Loss: 0.3080
Validation Loss: 0.3084
New best model found with validation loss: 0.3084
Epoch [14/1000], Training Loss: 0.3056
Validation Loss: 0.3152
No improvement in validation loss. Early stop counter: 1/10
Epoch [15/1000], Training Loss: 0.3053
Validation Loss: 0.3083
New best model found with validation loss: 0.3083
Epoch [16/1000], Training Loss: 0.3067
Validation Loss: 0.3099
No improvement in validation loss. Early stop counter: 1/10
Epoch [17/1000], Training Loss: 0.3006
Validation Loss: 0.3062
New best model found with validation loss: 0.3062
Epoch [18/1000], Training Loss: 0.3054
Validation Loss: 0.3111
No improvement in validation loss. Early stop counter: 1/10
Epoch [19/1000], Training Loss: 0.3002
Validation Loss: 0.3066
No improvement in validation loss. Early stop counter: 2/10
Epoch [20/1000], Training Loss: 0.2971
Validation Loss: 0.3024
New best model found with validation loss: 0.3024
Epoch [21/1000], Training Loss: 0.2944
Validation Loss: 0.3017
New best model found with validation loss: 0.3017
Epoch [22/1000], Training Loss: 0.2914
Validation Loss: 0.3057
No improvement in validation loss. Early stop counter: 1/10
Epoch [23/1000], Training Loss: 0.2946
Validation Loss: 0.3044
No improvement in validation loss. Early stop counter: 2/10
Epoch [24/1000], Training Loss: 0.2929
Validation Loss: 0.3059
No improvement in validation loss. Early stop counter: 3/10
Epoch [25/1000], Training Loss: 0.2896
Validation Loss: 0.3004
New best model found with validation loss: 0.3004
Epoch [26/1000], Training Loss: 0.2881
Validation Loss: 0.2981
New best model found with validation loss: 0.2981
Epoch [27/1000], Training Loss: 0.2931
Validation Loss: 0.2991
No improvement in validation loss. Early stop counter: 1/10
Epoch [28/1000], Training Loss: 0.2897
Validation Loss: 0.2982
No improvement in validation loss. Early stop counter: 2/10
Epoch [29/1000], Training Loss: 0.2890
Validation Loss: 0.3001
No improvement in validation loss. Early stop counter: 3/10
Epoch [30/1000], Training Loss: 0.2889
Validation Loss: 0.3059
No improvement in validation loss. Early stop counter: 4/10
Epoch [31/1000], Training Loss: 0.2866
Validation Loss: 0.2981
New best model found with validation loss: 0.2981
Epoch [32/1000], Training Loss: 0.2854
Validation Loss: 0.2997
No improvement in validation loss. Early stop counter: 1/10
Epoch [33/1000], Training Loss: 0.2856
Validation Loss: 0.3005
No improvement in validation loss. Early stop counter: 2/10
Epoch [34/1000], Training Loss: 0.2840
Validation Loss: 0.2983
No improvement in validation loss. Early stop counter: 3/10
Epoch [35/1000], Training Loss: 0.2848
Validation Loss: 0.2964
New best model found with validation loss: 0.2964
Epoch [36/1000], Training Loss: 0.2836
Validation Loss: 0.3009
No improvement in validation loss. Early stop counter: 1/10
Epoch [37/1000], Training Loss: 0.2850
Validation Loss: 0.2960
New best model found with validation loss: 0.2960
Epoch [38/1000], Training Loss: 0.2817
Validation Loss: 0.2964
No improvement in validation loss. Early stop counter: 1/10
Epoch [39/1000], Training Loss: 0.2834
Validation Loss: 0.2959
New best model found with validation loss: 0.2959
Epoch [40/1000], Training Loss: 0.2834
Validation Loss: 0.2963
No improvement in validation loss. Early stop counter: 1/10
Epoch [41/1000], Training Loss: 0.2810
Validation Loss: 0.2963
No improvement in validation loss. Early stop counter: 2/10
Epoch [42/1000], Training Loss: 0.2813
Validation Loss: 0.2965
No improvement in validation loss. Early stop counter: 3/10
Epoch [43/1000], Training Loss: 0.2815
Validation Loss: 0.2962
No improvement in validation loss. Early stop counter: 4/10
Epoch [44/1000], Training Loss: 0.2817
Validation Loss: 0.2982
No improvement in validation loss. Early stop counter: 5/10
Epoch [45/1000], Training Loss: 0.2793
Validation Loss: 0.2962
No improvement in validation loss. Early stop counter: 6/10
Epoch [46/1000], Training Loss: 0.2817
Validation Loss: 0.2956
New best model found with validation loss: 0.2956
Epoch [47/1000], Training Loss: 0.2805
Validation Loss: 0.2949
New best model found with validation loss: 0.2949
Epoch [48/1000], Training Loss: 0.2809
Validation Loss: 0.2983
No improvement in validation loss. Early stop counter: 1/10
Epoch [49/1000], Training Loss: 0.2809
Validation Loss: 0.2974
No improvement in validation loss. Early stop counter: 2/10
Epoch [50/1000], Training Loss: 0.2830
Validation Loss: 0.3055
No improvement in validation loss. Early stop counter: 3/10
Epoch [51/1000], Training Loss: 0.2800
Validation Loss: 0.2958
No improvement in validation loss. Early stop counter: 4/10
Epoch [52/1000], Training Loss: 0.2796
Validation Loss: 0.2958
No improvement in validation loss. Early stop counter: 5/10
Epoch [53/1000], Training Loss: 0.2788
Validation Loss: 0.2959
No improvement in validation loss. Early stop counter: 6/10
Epoch [54/1000], Training Loss: 0.2799
Validation Loss: 0.2984
No improvement in validation loss. Early stop counter: 7/10
Epoch [55/1000], Training Loss: 0.2801
Validation Loss: 0.2948
New best model found with validation loss: 0.2948
Epoch [56/1000], Training Loss: 0.2803
Validation Loss: 0.2951
No improvement in validation loss. Early stop counter: 1/10
Epoch [57/1000], Training Loss: 0.2787
Validation Loss: 0.2951
No improvement in validation loss. Early stop counter: 2/10
Epoch [58/1000], Training Loss: 0.2782
Validation Loss: 0.2947
New best model found with validation loss: 0.2947
Epoch [59/1000], Training Loss: 0.2778
Validation Loss: 0.2964
No improvement in validation loss. Early stop counter: 1/10
Epoch [60/1000], Training Loss: 0.2788
Validation Loss: 0.2958
No improvement in validation loss. Early stop counter: 2/10
Epoch [61/1000], Training Loss: 0.2778
Validation Loss: 0.2950
No improvement in validation loss. Early stop counter: 3/10
Epoch [62/1000], Training Loss: 0.2778
Validation Loss: 0.2953
No improvement in validation loss. Early stop counter: 4/10
Epoch [63/1000], Training Loss: 0.2785
Validation Loss: 0.2951
No improvement in validation loss. Early stop counter: 5/10
Epoch [64/1000], Training Loss: 0.2788
Validation Loss: 0.2951
No improvement in validation loss. Early stop counter: 6/10
Epoch [65/1000], Training Loss: 0.2782
Validation Loss: 0.2952
No improvement in validation loss. Early stop counter: 7/10
Epoch [66/1000], Training Loss: 0.2776
Validation Loss: 0.2952
No improvement in validation loss. Early stop counter: 8/10
Epoch [67/1000], Training Loss: 0.2782
Validation Loss: 0.2952
No improvement in validation loss. Early stop counter: 9/10
Epoch [68/1000], Training Loss: 0.2779
Validation Loss: 0.2964
No improvement in validation loss. Early stop counter: 10/10
Early stopping triggered after 68 epochs.
Best model for fold 3 saved successfully.

Starting Fold 4/5...
Initializing ClassificationModel with 1 GAT layers and residual connections...
Initializing MCModel with 1 GAT layers and 1 row attention layers...
Initializing CGModel with 1 GAT layers and residual connections...
Initializing CoreModel with 1 self-attention layers...
Using 4 GPUs with DataParallel.
Epoch [1/1000], Training Loss: 0.6151
Validation Loss: 0.5430
New best model found with validation loss: 0.5430
Epoch [2/1000], Training Loss: 0.4739
Validation Loss: 0.4082
New best model found with validation loss: 0.4082
Epoch [3/1000], Training Loss: 0.4061
Validation Loss: 0.3629
New best model found with validation loss: 0.3629
Epoch [4/1000], Training Loss: 0.3660
Validation Loss: 0.3714
No improvement in validation loss. Early stop counter: 1/10
Epoch [5/1000], Training Loss: 0.3567
Validation Loss: 0.3429
New best model found with validation loss: 0.3429
Epoch [6/1000], Training Loss: 0.3608
Validation Loss: 0.3368
New best model found with validation loss: 0.3368
Epoch [7/1000], Training Loss: 0.3590
Validation Loss: 0.3740
No improvement in validation loss. Early stop counter: 1/10
Epoch [8/1000], Training Loss: 0.3477
Validation Loss: 0.3394
No improvement in validation loss. Early stop counter: 2/10
Epoch [9/1000], Training Loss: 0.3355
Validation Loss: 0.3423
No improvement in validation loss. Early stop counter: 3/10
Epoch [10/1000], Training Loss: 0.3367
Validation Loss: 0.3274
New best model found with validation loss: 0.3274
Epoch [11/1000], Training Loss: 0.3179
Validation Loss: 0.3237
New best model found with validation loss: 0.3237
Epoch [12/1000], Training Loss: 0.3105
Validation Loss: 0.3167
New best model found with validation loss: 0.3167
Epoch [13/1000], Training Loss: 0.3099
Validation Loss: 0.3154
New best model found with validation loss: 0.3154
Epoch [14/1000], Training Loss: 0.3101
Validation Loss: 0.3117
New best model found with validation loss: 0.3117
Epoch [15/1000], Training Loss: 0.3095
Validation Loss: 0.3145
No improvement in validation loss. Early stop counter: 1/10
Epoch [16/1000], Training Loss: 0.3044
Validation Loss: 0.3106
New best model found with validation loss: 0.3106
Epoch [17/1000], Training Loss: 0.3054
Validation Loss: 0.3201
No improvement in validation loss. Early stop counter: 1/10
Epoch [18/1000], Training Loss: 0.3010
Validation Loss: 0.3234
No improvement in validation loss. Early stop counter: 2/10
Epoch [19/1000], Training Loss: 0.2993
Validation Loss: 0.3077
New best model found with validation loss: 0.3077
Epoch [20/1000], Training Loss: 0.3016
Validation Loss: 0.3104
No improvement in validation loss. Early stop counter: 1/10
Epoch [21/1000], Training Loss: 0.2981
Validation Loss: 0.3074
New best model found with validation loss: 0.3074
Epoch [22/1000], Training Loss: 0.2965
Validation Loss: 0.3053
New best model found with validation loss: 0.3053
Epoch [23/1000], Training Loss: 0.2925
Validation Loss: 0.3060
No improvement in validation loss. Early stop counter: 1/10
Epoch [24/1000], Training Loss: 0.2925
Validation Loss: 0.3118
No improvement in validation loss. Early stop counter: 2/10
Epoch [25/1000], Training Loss: 0.2921
Validation Loss: 0.3034
New best model found with validation loss: 0.3034
Epoch [26/1000], Training Loss: 0.2929
Validation Loss: 0.3147
No improvement in validation loss. Early stop counter: 1/10
Epoch [27/1000], Training Loss: 0.2906
Validation Loss: 0.3081
No improvement in validation loss. Early stop counter: 2/10
Epoch [28/1000], Training Loss: 0.2893
Validation Loss: 0.3023
New best model found with validation loss: 0.3023
Epoch [29/1000], Training Loss: 0.2915
Validation Loss: 0.3029
No improvement in validation loss. Early stop counter: 1/10
Epoch [30/1000], Training Loss: 0.2889
Validation Loss: 0.3092
No improvement in validation loss. Early stop counter: 2/10
Epoch [31/1000], Training Loss: 0.2855
Validation Loss: 0.3010
New best model found with validation loss: 0.3010
Epoch [32/1000], Training Loss: 0.2861
Validation Loss: 0.3041
No improvement in validation loss. Early stop counter: 1/10
Epoch [33/1000], Training Loss: 0.2846
Validation Loss: 0.3009
New best model found with validation loss: 0.3009
Epoch [34/1000], Training Loss: 0.2854
Validation Loss: 0.3036
No improvement in validation loss. Early stop counter: 1/10
Epoch [35/1000], Training Loss: 0.2847
Validation Loss: 0.2997
New best model found with validation loss: 0.2997
Epoch [36/1000], Training Loss: 0.2844
Validation Loss: 0.3074
No improvement in validation loss. Early stop counter: 1/10
Epoch [37/1000], Training Loss: 0.2865
Validation Loss: 0.3015
No improvement in validation loss. Early stop counter: 2/10
Epoch [38/1000], Training Loss: 0.2825
Validation Loss: 0.3012
No improvement in validation loss. Early stop counter: 3/10
Epoch [39/1000], Training Loss: 0.2816
Validation Loss: 0.3107
No improvement in validation loss. Early stop counter: 4/10
Epoch [40/1000], Training Loss: 0.2829
Validation Loss: 0.3035
No improvement in validation loss. Early stop counter: 5/10
Epoch [41/1000], Training Loss: 0.2812
Validation Loss: 0.2992
New best model found with validation loss: 0.2992
Epoch [42/1000], Training Loss: 0.2815
Validation Loss: 0.3000
No improvement in validation loss. Early stop counter: 1/10
Epoch [43/1000], Training Loss: 0.2811
Validation Loss: 0.3025
No improvement in validation loss. Early stop counter: 2/10
Epoch [44/1000], Training Loss: 0.2822
Validation Loss: 0.2991
New best model found with validation loss: 0.2991
Epoch [45/1000], Training Loss: 0.2820
Validation Loss: 0.3021
No improvement in validation loss. Early stop counter: 1/10
Epoch [46/1000], Training Loss: 0.2824
Validation Loss: 0.2991
No improvement in validation loss. Early stop counter: 2/10
Epoch [47/1000], Training Loss: 0.2807
Validation Loss: 0.3033
No improvement in validation loss. Early stop counter: 3/10
Epoch [48/1000], Training Loss: 0.2813
Validation Loss: 0.3047
No improvement in validation loss. Early stop counter: 4/10
Epoch [49/1000], Training Loss: 0.2799
Validation Loss: 0.2996
No improvement in validation loss. Early stop counter: 5/10
Epoch [50/1000], Training Loss: 0.2799
Validation Loss: 0.2994
No improvement in validation loss. Early stop counter: 6/10
Epoch [51/1000], Training Loss: 0.2798
Validation Loss: 0.2990
New best model found with validation loss: 0.2990
Epoch [52/1000], Training Loss: 0.2802
Validation Loss: 0.3000
No improvement in validation loss. Early stop counter: 1/10
Epoch [53/1000], Training Loss: 0.2803
Validation Loss: 0.2985
New best model found with validation loss: 0.2985
Epoch [54/1000], Training Loss: 0.2809
Validation Loss: 0.3016
No improvement in validation loss. Early stop counter: 1/10
Epoch [55/1000], Training Loss: 0.2798
Validation Loss: 0.2991
No improvement in validation loss. Early stop counter: 2/10
Epoch [56/1000], Training Loss: 0.2799
Validation Loss: 0.2993
No improvement in validation loss. Early stop counter: 3/10
Epoch [57/1000], Training Loss: 0.2792
Validation Loss: 0.2987
No improvement in validation loss. Early stop counter: 4/10
Epoch [58/1000], Training Loss: 0.2799
Validation Loss: 0.2993
No improvement in validation loss. Early stop counter: 5/10
Epoch [59/1000], Training Loss: 0.2797
Validation Loss: 0.3010
No improvement in validation loss. Early stop counter: 6/10
Epoch [60/1000], Training Loss: 0.2796
Validation Loss: 0.2986
No improvement in validation loss. Early stop counter: 7/10
Epoch [61/1000], Training Loss: 0.2784
Validation Loss: 0.3005
No improvement in validation loss. Early stop counter: 8/10
Epoch [62/1000], Training Loss: 0.2777
Validation Loss: 0.2992
No improvement in validation loss. Early stop counter: 9/10
Epoch [63/1000], Training Loss: 0.2785
Validation Loss: 0.3019
No improvement in validation loss. Early stop counter: 10/10
Early stopping triggered after 63 epochs.
Best model for fold 4 saved successfully.

Starting Fold 5/5...
Initializing ClassificationModel with 1 GAT layers and residual connections...
Initializing MCModel with 1 GAT layers and 1 row attention layers...
Initializing CGModel with 1 GAT layers and residual connections...
Initializing CoreModel with 1 self-attention layers...
Using 4 GPUs with DataParallel.
Epoch [1/1000], Training Loss: 0.5868
Validation Loss: 0.4951
New best model found with validation loss: 0.4951
Epoch [2/1000], Training Loss: 0.4532
Validation Loss: 0.4408
New best model found with validation loss: 0.4408
Epoch [3/1000], Training Loss: 0.3925
Validation Loss: 0.4002
New best model found with validation loss: 0.4002
Epoch [4/1000], Training Loss: 0.3658
Validation Loss: 0.3660
New best model found with validation loss: 0.3660
Epoch [5/1000], Training Loss: 0.3559
Validation Loss: 0.3565
New best model found with validation loss: 0.3565
Epoch [6/1000], Training Loss: 0.3452
Validation Loss: 0.3831
No improvement in validation loss. Early stop counter: 1/10
Epoch [7/1000], Training Loss: 0.3360
Validation Loss: 0.3498
New best model found with validation loss: 0.3498
Epoch [8/1000], Training Loss: 0.3441
Validation Loss: 0.3496
New best model found with validation loss: 0.3496
Epoch [9/1000], Training Loss: 0.3297
Validation Loss: 0.3372
New best model found with validation loss: 0.3372
Epoch [10/1000], Training Loss: 0.3206
Validation Loss: 0.3665
No improvement in validation loss. Early stop counter: 1/10
Epoch [11/1000], Training Loss: 0.3106
Validation Loss: 0.3418
No improvement in validation loss. Early stop counter: 2/10
Epoch [12/1000], Training Loss: 0.3094
Validation Loss: 0.3418
No improvement in validation loss. Early stop counter: 3/10
Epoch [13/1000], Training Loss: 0.3076
Validation Loss: 0.3317
New best model found with validation loss: 0.3317
Epoch [14/1000], Training Loss: 0.3030
Validation Loss: 0.3279
New best model found with validation loss: 0.3279
Epoch [15/1000], Training Loss: 0.3037
Validation Loss: 0.3859
No improvement in validation loss. Early stop counter: 1/10
Epoch [16/1000], Training Loss: 0.3007
Validation Loss: 0.3272
New best model found with validation loss: 0.3272
Epoch [17/1000], Training Loss: 0.3011
Validation Loss: 0.3304
No improvement in validation loss. Early stop counter: 1/10
Epoch [18/1000], Training Loss: 0.3000
Validation Loss: 0.3286
No improvement in validation loss. Early stop counter: 2/10
Epoch [19/1000], Training Loss: 0.2992
Validation Loss: 0.3404
No improvement in validation loss. Early stop counter: 3/10
Epoch [20/1000], Training Loss: 0.2932
Validation Loss: 0.3572
No improvement in validation loss. Early stop counter: 4/10
Epoch [21/1000], Training Loss: 0.2893
Validation Loss: 0.3329
No improvement in validation loss. Early stop counter: 5/10
Epoch [22/1000], Training Loss: 0.2881
Validation Loss: 0.3265
New best model found with validation loss: 0.3265
Epoch [23/1000], Training Loss: 0.2883
Validation Loss: 0.3264
New best model found with validation loss: 0.3264
Epoch [24/1000], Training Loss: 0.2880
Validation Loss: 0.3327
No improvement in validation loss. Early stop counter: 1/10
Epoch [25/1000], Training Loss: 0.2866
Validation Loss: 0.3225
New best model found with validation loss: 0.3225
Epoch [26/1000], Training Loss: 0.2900
Validation Loss: 0.3323
No improvement in validation loss. Early stop counter: 1/10
Epoch [27/1000], Training Loss: 0.2848
Validation Loss: 0.3236
No improvement in validation loss. Early stop counter: 2/10
Epoch [28/1000], Training Loss: 0.2856
Validation Loss: 0.3284
No improvement in validation loss. Early stop counter: 3/10
Epoch [29/1000], Training Loss: 0.2864
Validation Loss: 0.3310
No improvement in validation loss. Early stop counter: 4/10
Epoch [30/1000], Training Loss: 0.2837
Validation Loss: 0.3178
New best model found with validation loss: 0.3178
Epoch [31/1000], Training Loss: 0.2821
Validation Loss: 0.3192
No improvement in validation loss. Early stop counter: 1/10
Epoch [32/1000], Training Loss: 0.2815
Validation Loss: 0.3216
No improvement in validation loss. Early stop counter: 2/10
Epoch [33/1000], Training Loss: 0.2806
Validation Loss: 0.3213
No improvement in validation loss. Early stop counter: 3/10
Epoch [34/1000], Training Loss: 0.2800
Validation Loss: 0.3191
No improvement in validation loss. Early stop counter: 4/10
Epoch [35/1000], Training Loss: 0.2800
Validation Loss: 0.3341
No improvement in validation loss. Early stop counter: 5/10
Epoch [36/1000], Training Loss: 0.2799
Validation Loss: 0.3182
No improvement in validation loss. Early stop counter: 6/10
Epoch [37/1000], Training Loss: 0.2784
Validation Loss: 0.3254
No improvement in validation loss. Early stop counter: 7/10
Epoch [38/1000], Training Loss: 0.2799
Validation Loss: 0.3182
No improvement in validation loss. Early stop counter: 8/10
Epoch [39/1000], Training Loss: 0.2791
Validation Loss: 0.3190
No improvement in validation loss. Early stop counter: 9/10
Epoch [40/1000], Training Loss: 0.2823
Validation Loss: 0.3278
No improvement in validation loss. Early stop counter: 10/10
Early stopping triggered after 40 epochs.
Best model for fold 5 saved successfully.

Cross-validation results:
Fold 1: Validation Loss = 0.3109
Fold 2: Validation Loss = 0.2775
Fold 3: Validation Loss = 0.2947
Fold 4: Validation Loss = 0.2985
Fold 5: Validation Loss = 0.3178
Average Validation Loss: 0.2999
