{'batch_size': 4, 'sequence_file': 'antibody_train_sequences_3000.npz', 'data_file': 'antibody_train_interfaces_3000.npz', 'edge_file': 'antibody_train_edges_3000.npz', 'max_len': 3000, 'vocab_size': 23, 'embed_dim': 256, 'num_heads': 16, 'dropout': 0.0, 'num_layers': 1, 'num_gnn_layers': 1, 'num_int_layers': 1, 'num_classes': 2, 'num_epochs': 1000, 'learning_rate': 0.0001, 'max_grad_norm': 0.1, 'validation_split': 0.1, 'early_stop_patience': 10, 'initial_gradient_noise_std': 0.05, 'accumulation_steps': 2}
Number of GPUs available: 4

Starting Fold 1/5...
Initializing ClassificationModel with 1 GAT layers and residual connections...
Initializing MCModel with 1 GAT layers and 1 row attention layers...
Initializing CGModel with 1 GAT layers and residual connections...
Initializing CoreModel with 1 self-attention layers...
Using 4 GPUs with DataParallel.
Epoch [1/1000], Training Loss: 0.3620
Validation Loss: 0.3054
New best model found with validation loss: 0.3054
Epoch [2/1000], Training Loss: 0.2831
Validation Loss: 0.2671
New best model found with validation loss: 0.2671
Epoch [3/1000], Training Loss: 0.2489
Validation Loss: 0.2402
New best model found with validation loss: 0.2402
Epoch [4/1000], Training Loss: 0.2368
Validation Loss: 0.2226
New best model found with validation loss: 0.2226
Epoch [5/1000], Training Loss: 0.2248
Validation Loss: 0.2221
New best model found with validation loss: 0.2221
Epoch [6/1000], Training Loss: 0.2217
Validation Loss: 0.2181
New best model found with validation loss: 0.2181
Epoch [7/1000], Training Loss: 0.2157
Validation Loss: 0.2938
No improvement in validation loss. Early stop counter: 1/10
Epoch [8/1000], Training Loss: 0.2204
Validation Loss: 0.2287
No improvement in validation loss. Early stop counter: 2/10
Epoch [9/1000], Training Loss: 0.2109
Validation Loss: 0.2045
New best model found with validation loss: 0.2045
Epoch [10/1000], Training Loss: 0.2051
Validation Loss: 0.2071
No improvement in validation loss. Early stop counter: 1/10
Epoch [11/1000], Training Loss: 0.1935
Validation Loss: 0.2154
No improvement in validation loss. Early stop counter: 2/10
Epoch [12/1000], Training Loss: 0.1929
Validation Loss: 0.2019
New best model found with validation loss: 0.2019
Epoch [13/1000], Training Loss: 0.1940
Validation Loss: 0.2091
No improvement in validation loss. Early stop counter: 1/10
Epoch [14/1000], Training Loss: 0.2014
Validation Loss: 0.1983
New best model found with validation loss: 0.1983
Epoch [15/1000], Training Loss: 0.1865
Validation Loss: 0.1978
New best model found with validation loss: 0.1978
Epoch [16/1000], Training Loss: 0.1888
Validation Loss: 0.1949
New best model found with validation loss: 0.1949
Epoch [17/1000], Training Loss: 0.1867
Validation Loss: 0.1946
New best model found with validation loss: 0.1946
Epoch [18/1000], Training Loss: 0.1901
Validation Loss: 0.2143
No improvement in validation loss. Early stop counter: 1/10
Epoch [19/1000], Training Loss: 0.1816
Validation Loss: 0.2175
No improvement in validation loss. Early stop counter: 2/10
Epoch [20/1000], Training Loss: 0.1832
Validation Loss: 0.1930
New best model found with validation loss: 0.1930
Epoch [21/1000], Training Loss: 0.1765
Validation Loss: 0.1942
No improvement in validation loss. Early stop counter: 1/10
Epoch [22/1000], Training Loss: 0.1756
Validation Loss: 0.1903
New best model found with validation loss: 0.1903
Epoch [23/1000], Training Loss: 0.1773
Validation Loss: 0.1910
No improvement in validation loss. Early stop counter: 1/10
Epoch [24/1000], Training Loss: 0.1757
Validation Loss: 0.1929
No improvement in validation loss. Early stop counter: 2/10
Epoch [25/1000], Training Loss: 0.1748
Validation Loss: 0.1902
New best model found with validation loss: 0.1902
Epoch [26/1000], Training Loss: 0.1737
Validation Loss: 0.1927
No improvement in validation loss. Early stop counter: 1/10
Epoch [27/1000], Training Loss: 0.1732
Validation Loss: 0.1892
New best model found with validation loss: 0.1892
Epoch [28/1000], Training Loss: 0.1761
Validation Loss: 0.1924
No improvement in validation loss. Early stop counter: 1/10
Epoch [29/1000], Training Loss: 0.1738
Validation Loss: 0.1876
New best model found with validation loss: 0.1876
Epoch [30/1000], Training Loss: 0.1726
Validation Loss: 0.1929
No improvement in validation loss. Early stop counter: 1/10
Epoch [31/1000], Training Loss: 0.1708
Validation Loss: 0.1901
No improvement in validation loss. Early stop counter: 2/10
Epoch [32/1000], Training Loss: 0.1701
Validation Loss: 0.1879
No improvement in validation loss. Early stop counter: 3/10
Epoch [33/1000], Training Loss: 0.1704
Validation Loss: 0.1944
No improvement in validation loss. Early stop counter: 4/10
Epoch [34/1000], Training Loss: 0.1707
Validation Loss: 0.1876
New best model found with validation loss: 0.1876
Epoch [35/1000], Training Loss: 0.1696
Validation Loss: 0.1886
No improvement in validation loss. Early stop counter: 1/10
Epoch [36/1000], Training Loss: 0.1690
Validation Loss: 0.1955
No improvement in validation loss. Early stop counter: 2/10
Epoch [37/1000], Training Loss: 0.1693
Validation Loss: 0.1865
New best model found with validation loss: 0.1865
Epoch [38/1000], Training Loss: 0.1697
Validation Loss: 0.1908
No improvement in validation loss. Early stop counter: 1/10
Epoch [39/1000], Training Loss: 0.1694
Validation Loss: 0.2064
No improvement in validation loss. Early stop counter: 2/10
Epoch [40/1000], Training Loss: 0.1704
Validation Loss: 0.1887
No improvement in validation loss. Early stop counter: 3/10
Epoch [41/1000], Training Loss: 0.1686
Validation Loss: 0.1871
No improvement in validation loss. Early stop counter: 4/10
Epoch [42/1000], Training Loss: 0.1675
Validation Loss: 0.1859
New best model found with validation loss: 0.1859
Epoch [43/1000], Training Loss: 0.1673
Validation Loss: 0.1870
No improvement in validation loss. Early stop counter: 1/10
Epoch [44/1000], Training Loss: 0.1672
Validation Loss: 0.1877
No improvement in validation loss. Early stop counter: 2/10
Epoch [45/1000], Training Loss: 0.1675
Validation Loss: 0.1866
No improvement in validation loss. Early stop counter: 3/10
Epoch [46/1000], Training Loss: 0.1681
Validation Loss: 0.1885
No improvement in validation loss. Early stop counter: 4/10
Epoch [47/1000], Training Loss: 0.1668
Validation Loss: 0.1861
No improvement in validation loss. Early stop counter: 5/10
Epoch [48/1000], Training Loss: 0.1668
Validation Loss: 0.1863
No improvement in validation loss. Early stop counter: 6/10
Epoch [49/1000], Training Loss: 0.1672
Validation Loss: 0.1871
No improvement in validation loss. Early stop counter: 7/10
Epoch [50/1000], Training Loss: 0.1667
Validation Loss: 0.1877
No improvement in validation loss. Early stop counter: 8/10
Epoch [51/1000], Training Loss: 0.1661
Validation Loss: 0.1865
No improvement in validation loss. Early stop counter: 9/10
Epoch [52/1000], Training Loss: 0.1662
Validation Loss: 0.1866
No improvement in validation loss. Early stop counter: 10/10
Early stopping triggered after 52 epochs.
Best model for fold 1 saved successfully.

Starting Fold 2/5...
Initializing ClassificationModel with 1 GAT layers and residual connections...
Initializing MCModel with 1 GAT layers and 1 row attention layers...
Initializing CGModel with 1 GAT layers and residual connections...
Initializing CoreModel with 1 self-attention layers...
Using 4 GPUs with DataParallel.
Epoch [1/1000], Training Loss: 0.3774
Validation Loss: 0.3491
New best model found with validation loss: 0.3491
Epoch [2/1000], Training Loss: 0.3083
Validation Loss: 0.2826
New best model found with validation loss: 0.2826
Epoch [3/1000], Training Loss: 0.2679
Validation Loss: 0.2401
New best model found with validation loss: 0.2401
Epoch [4/1000], Training Loss: 0.2462
Validation Loss: 0.2217
New best model found with validation loss: 0.2217
Epoch [5/1000], Training Loss: 0.2257
Validation Loss: 0.2169
New best model found with validation loss: 0.2169
Epoch [6/1000], Training Loss: 0.2351
Validation Loss: 0.2167
New best model found with validation loss: 0.2167
Epoch [7/1000], Training Loss: 0.2217
Validation Loss: 0.2131
New best model found with validation loss: 0.2131
Epoch [8/1000], Training Loss: 0.2283
Validation Loss: 0.2137
No improvement in validation loss. Early stop counter: 1/10
Epoch [9/1000], Training Loss: 0.2123
Validation Loss: 0.2303
No improvement in validation loss. Early stop counter: 2/10
Epoch [10/1000], Training Loss: 0.2046
Validation Loss: 0.2272
No improvement in validation loss. Early stop counter: 3/10
Epoch [11/1000], Training Loss: 0.2000
Validation Loss: 0.1917
New best model found with validation loss: 0.1917
Epoch [12/1000], Training Loss: 0.1930
Validation Loss: 0.1895
New best model found with validation loss: 0.1895
Epoch [13/1000], Training Loss: 0.1936
Validation Loss: 0.2007
No improvement in validation loss. Early stop counter: 1/10
Epoch [14/1000], Training Loss: 0.1959
Validation Loss: 0.1937
No improvement in validation loss. Early stop counter: 2/10
Epoch [15/1000], Training Loss: 0.1914
Validation Loss: 0.1845
New best model found with validation loss: 0.1845
Epoch [16/1000], Training Loss: 0.1928
Validation Loss: 0.1880
No improvement in validation loss. Early stop counter: 1/10
Epoch [17/1000], Training Loss: 0.1883
Validation Loss: 0.1823
New best model found with validation loss: 0.1823
Epoch [18/1000], Training Loss: 0.1867
Validation Loss: 0.2026
No improvement in validation loss. Early stop counter: 1/10
Epoch [19/1000], Training Loss: 0.1847
Validation Loss: 0.1816
New best model found with validation loss: 0.1816
Epoch [20/1000], Training Loss: 0.1854
Validation Loss: 0.1913
No improvement in validation loss. Early stop counter: 1/10
Epoch [21/1000], Training Loss: 0.1813
Validation Loss: 0.1781
New best model found with validation loss: 0.1781
Epoch [22/1000], Training Loss: 0.1793
Validation Loss: 0.1835
No improvement in validation loss. Early stop counter: 1/10
Epoch [23/1000], Training Loss: 0.1792
Validation Loss: 0.1773
New best model found with validation loss: 0.1773
Epoch [24/1000], Training Loss: 0.1782
Validation Loss: 0.1785
No improvement in validation loss. Early stop counter: 1/10
Epoch [25/1000], Training Loss: 0.1799
Validation Loss: 0.1764
New best model found with validation loss: 0.1764
Epoch [26/1000], Training Loss: 0.1795
Validation Loss: 0.1770
No improvement in validation loss. Early stop counter: 1/10
Epoch [27/1000], Training Loss: 0.1784
Validation Loss: 0.1759
New best model found with validation loss: 0.1759
Epoch [28/1000], Training Loss: 0.1772
Validation Loss: 0.1789
No improvement in validation loss. Early stop counter: 1/10
Epoch [29/1000], Training Loss: 0.1771
Validation Loss: 0.1768
No improvement in validation loss. Early stop counter: 2/10
Epoch [30/1000], Training Loss: 0.1764
Validation Loss: 0.1761
No improvement in validation loss. Early stop counter: 3/10
Epoch [31/1000], Training Loss: 0.1744
Validation Loss: 0.1754
New best model found with validation loss: 0.1754
Epoch [32/1000], Training Loss: 0.1729
Validation Loss: 0.1749
New best model found with validation loss: 0.1749
Epoch [33/1000], Training Loss: 0.1734
Validation Loss: 0.1771
No improvement in validation loss. Early stop counter: 1/10
Epoch [34/1000], Training Loss: 0.1727
Validation Loss: 0.1770
No improvement in validation loss. Early stop counter: 2/10
Epoch [35/1000], Training Loss: 0.1728
Validation Loss: 0.1739
New best model found with validation loss: 0.1739
Epoch [36/1000], Training Loss: 0.1717
Validation Loss: 0.1753
No improvement in validation loss. Early stop counter: 1/10
Epoch [37/1000], Training Loss: 0.1726
Validation Loss: 0.1747
No improvement in validation loss. Early stop counter: 2/10
Epoch [38/1000], Training Loss: 0.1736
Validation Loss: 0.1747
No improvement in validation loss. Early stop counter: 3/10
Epoch [39/1000], Training Loss: 0.1716
Validation Loss: 0.1740
No improvement in validation loss. Early stop counter: 4/10
Epoch [40/1000], Training Loss: 0.1707
Validation Loss: 0.1751
No improvement in validation loss. Early stop counter: 5/10
Epoch [41/1000], Training Loss: 0.1699
Validation Loss: 0.1759
No improvement in validation loss. Early stop counter: 6/10
Epoch [42/1000], Training Loss: 0.1711
Validation Loss: 0.1734
New best model found with validation loss: 0.1734
Epoch [43/1000], Training Loss: 0.1692
Validation Loss: 0.1732
New best model found with validation loss: 0.1732
Epoch [44/1000], Training Loss: 0.1695
Validation Loss: 0.1788
No improvement in validation loss. Early stop counter: 1/10
Epoch [45/1000], Training Loss: 0.1712
Validation Loss: 0.1735
No improvement in validation loss. Early stop counter: 2/10
Epoch [46/1000], Training Loss: 0.1693
Validation Loss: 0.1756
No improvement in validation loss. Early stop counter: 3/10
Epoch [47/1000], Training Loss: 0.1701
Validation Loss: 0.1729
New best model found with validation loss: 0.1729
Epoch [48/1000], Training Loss: 0.1693
Validation Loss: 0.1729
No improvement in validation loss. Early stop counter: 1/10
Epoch [49/1000], Training Loss: 0.1690
Validation Loss: 0.1733
No improvement in validation loss. Early stop counter: 2/10
Epoch [50/1000], Training Loss: 0.1706
Validation Loss: 0.1729
No improvement in validation loss. Early stop counter: 3/10
Epoch [51/1000], Training Loss: 0.1684
Validation Loss: 0.1739
No improvement in validation loss. Early stop counter: 4/10
Epoch [52/1000], Training Loss: 0.1689
Validation Loss: 0.1727
New best model found with validation loss: 0.1727
Epoch [53/1000], Training Loss: 0.1686
Validation Loss: 0.1753
No improvement in validation loss. Early stop counter: 1/10
Epoch [54/1000], Training Loss: 0.1684
Validation Loss: 0.1722
New best model found with validation loss: 0.1722
Epoch [55/1000], Training Loss: 0.1681
Validation Loss: 0.1726
No improvement in validation loss. Early stop counter: 1/10
Epoch [56/1000], Training Loss: 0.1683
Validation Loss: 0.1729
No improvement in validation loss. Early stop counter: 2/10
Epoch [57/1000], Training Loss: 0.1679
Validation Loss: 0.1723
No improvement in validation loss. Early stop counter: 3/10
Epoch [58/1000], Training Loss: 0.1677
Validation Loss: 0.1721
New best model found with validation loss: 0.1721
Epoch [59/1000], Training Loss: 0.1689
Validation Loss: 0.1725
No improvement in validation loss. Early stop counter: 1/10
Epoch [60/1000], Training Loss: 0.1683
Validation Loss: 0.1727
No improvement in validation loss. Early stop counter: 2/10
Epoch [61/1000], Training Loss: 0.1671
Validation Loss: 0.1730
No improvement in validation loss. Early stop counter: 3/10
Epoch [62/1000], Training Loss: 0.1680
Validation Loss: 0.1722
No improvement in validation loss. Early stop counter: 4/10
Epoch [63/1000], Training Loss: 0.1673
Validation Loss: 0.1724
No improvement in validation loss. Early stop counter: 5/10
Epoch [64/1000], Training Loss: 0.1672
Validation Loss: 0.1724
No improvement in validation loss. Early stop counter: 6/10
Epoch [65/1000], Training Loss: 0.1679
Validation Loss: 0.1722
No improvement in validation loss. Early stop counter: 7/10
Epoch [66/1000], Training Loss: 0.1674
Validation Loss: 0.1724
No improvement in validation loss. Early stop counter: 8/10
Epoch [67/1000], Training Loss: 0.1672
Validation Loss: 0.1732
No improvement in validation loss. Early stop counter: 9/10
Epoch [68/1000], Training Loss: 0.1676
Validation Loss: 0.1726
No improvement in validation loss. Early stop counter: 10/10
Early stopping triggered after 68 epochs.
Best model for fold 2 saved successfully.

Starting Fold 3/5...
Initializing ClassificationModel with 1 GAT layers and residual connections...
Initializing MCModel with 1 GAT layers and 1 row attention layers...
Initializing CGModel with 1 GAT layers and residual connections...
Initializing CoreModel with 1 self-attention layers...
Using 4 GPUs with DataParallel.
Epoch [1/1000], Training Loss: 0.3804
Validation Loss: 0.3030
New best model found with validation loss: 0.3030
Epoch [2/1000], Training Loss: 0.2950
Validation Loss: 0.2492
New best model found with validation loss: 0.2492
Epoch [3/1000], Training Loss: 0.2644
Validation Loss: 0.2331
New best model found with validation loss: 0.2331
Epoch [4/1000], Training Loss: 0.2238
Validation Loss: 0.2114
New best model found with validation loss: 0.2114
Epoch [5/1000], Training Loss: 0.2142
Validation Loss: 0.2047
New best model found with validation loss: 0.2047
Epoch [6/1000], Training Loss: 0.2183
Validation Loss: 0.1993
New best model found with validation loss: 0.1993
Epoch [7/1000], Training Loss: 0.2207
Validation Loss: 0.1959
New best model found with validation loss: 0.1959
Epoch [8/1000], Training Loss: 0.2146
Validation Loss: 0.2064
No improvement in validation loss. Early stop counter: 1/10
Epoch [9/1000], Training Loss: 0.1990
Validation Loss: 0.2003
No improvement in validation loss. Early stop counter: 2/10
Epoch [10/1000], Training Loss: 0.2023
Validation Loss: 0.2064
No improvement in validation loss. Early stop counter: 3/10
Epoch [11/1000], Training Loss: 0.1958
Validation Loss: 0.1885
New best model found with validation loss: 0.1885
Epoch [12/1000], Training Loss: 0.1881
Validation Loss: 0.1886
No improvement in validation loss. Early stop counter: 1/10
Epoch [13/1000], Training Loss: 0.1857
Validation Loss: 0.1863
New best model found with validation loss: 0.1863
Epoch [14/1000], Training Loss: 0.1859
Validation Loss: 0.1914
No improvement in validation loss. Early stop counter: 1/10
Epoch [15/1000], Training Loss: 0.1850
Validation Loss: 0.1872
No improvement in validation loss. Early stop counter: 2/10
Epoch [16/1000], Training Loss: 0.1848
Validation Loss: 0.1846
New best model found with validation loss: 0.1846
Epoch [17/1000], Training Loss: 0.1852
Validation Loss: 0.1847
No improvement in validation loss. Early stop counter: 1/10
Epoch [18/1000], Training Loss: 0.1828
Validation Loss: 0.1857
No improvement in validation loss. Early stop counter: 2/10
Epoch [19/1000], Training Loss: 0.1812
Validation Loss: 0.2061
No improvement in validation loss. Early stop counter: 3/10
Epoch [20/1000], Training Loss: 0.1811
Validation Loss: 0.1886
No improvement in validation loss. Early stop counter: 4/10
Epoch [21/1000], Training Loss: 0.1776
Validation Loss: 0.1840
New best model found with validation loss: 0.1840
Epoch [22/1000], Training Loss: 0.1766
Validation Loss: 0.1825
New best model found with validation loss: 0.1825
Epoch [23/1000], Training Loss: 0.1777
Validation Loss: 0.1882
No improvement in validation loss. Early stop counter: 1/10
Epoch [24/1000], Training Loss: 0.1759
Validation Loss: 0.1864
No improvement in validation loss. Early stop counter: 2/10
Epoch [25/1000], Training Loss: 0.1758
Validation Loss: 0.1879
No improvement in validation loss. Early stop counter: 3/10
Epoch [26/1000], Training Loss: 0.1751
Validation Loss: 0.1896
No improvement in validation loss. Early stop counter: 4/10
Epoch [27/1000], Training Loss: 0.1771
Validation Loss: 0.1835
No improvement in validation loss. Early stop counter: 5/10
Epoch [28/1000], Training Loss: 0.1743
Validation Loss: 0.1807
New best model found with validation loss: 0.1807
Epoch [29/1000], Training Loss: 0.1739
Validation Loss: 0.1877
No improvement in validation loss. Early stop counter: 1/10
Epoch [30/1000], Training Loss: 0.1763
Validation Loss: 0.1826
No improvement in validation loss. Early stop counter: 2/10
Epoch [31/1000], Training Loss: 0.1736
Validation Loss: 0.1816
No improvement in validation loss. Early stop counter: 3/10
Epoch [32/1000], Training Loss: 0.1722
Validation Loss: 0.1810
No improvement in validation loss. Early stop counter: 4/10
Epoch [33/1000], Training Loss: 0.1716
Validation Loss: 0.1828
No improvement in validation loss. Early stop counter: 5/10
Epoch [34/1000], Training Loss: 0.1705
Validation Loss: 0.1836
No improvement in validation loss. Early stop counter: 6/10
Epoch [35/1000], Training Loss: 0.1709
Validation Loss: 0.1822
No improvement in validation loss. Early stop counter: 7/10
Epoch [36/1000], Training Loss: 0.1711
Validation Loss: 0.1797
New best model found with validation loss: 0.1797
Epoch [37/1000], Training Loss: 0.1701
Validation Loss: 0.1795
New best model found with validation loss: 0.1795
Epoch [38/1000], Training Loss: 0.1703
Validation Loss: 0.1784
New best model found with validation loss: 0.1784
Epoch [39/1000], Training Loss: 0.1693
Validation Loss: 0.1803
No improvement in validation loss. Early stop counter: 1/10
Epoch [40/1000], Training Loss: 0.1700
Validation Loss: 0.1792
No improvement in validation loss. Early stop counter: 2/10
Epoch [41/1000], Training Loss: 0.1679
Validation Loss: 0.1784
No improvement in validation loss. Early stop counter: 3/10
Epoch [42/1000], Training Loss: 0.1683
Validation Loss: 0.1826
No improvement in validation loss. Early stop counter: 4/10
Epoch [43/1000], Training Loss: 0.1683
Validation Loss: 0.1780
New best model found with validation loss: 0.1780
Epoch [44/1000], Training Loss: 0.1683
Validation Loss: 0.1791
No improvement in validation loss. Early stop counter: 1/10
Epoch [45/1000], Training Loss: 0.1690
Validation Loss: 0.1796
No improvement in validation loss. Early stop counter: 2/10
Epoch [46/1000], Training Loss: 0.1686
Validation Loss: 0.1790
No improvement in validation loss. Early stop counter: 3/10
Epoch [47/1000], Training Loss: 0.1680
Validation Loss: 0.1792
No improvement in validation loss. Early stop counter: 4/10
Epoch [48/1000], Training Loss: 0.1690
Validation Loss: 0.1789
No improvement in validation loss. Early stop counter: 5/10
Epoch [49/1000], Training Loss: 0.1681
Validation Loss: 0.1804
No improvement in validation loss. Early stop counter: 6/10
Epoch [50/1000], Training Loss: 0.1685
Validation Loss: 0.1823
No improvement in validation loss. Early stop counter: 7/10
Epoch [51/1000], Training Loss: 0.1671
Validation Loss: 0.1787
No improvement in validation loss. Early stop counter: 8/10
Epoch [52/1000], Training Loss: 0.1664
Validation Loss: 0.1776
New best model found with validation loss: 0.1776
Epoch [53/1000], Training Loss: 0.1673
Validation Loss: 0.1777
No improvement in validation loss. Early stop counter: 1/10
Epoch [54/1000], Training Loss: 0.1670
Validation Loss: 0.1780
No improvement in validation loss. Early stop counter: 2/10
Epoch [55/1000], Training Loss: 0.1673
Validation Loss: 0.1773
New best model found with validation loss: 0.1773
Epoch [56/1000], Training Loss: 0.1676
Validation Loss: 0.1774
No improvement in validation loss. Early stop counter: 1/10
Epoch [57/1000], Training Loss: 0.1672
Validation Loss: 0.1779
No improvement in validation loss. Early stop counter: 2/10
Epoch [58/1000], Training Loss: 0.1663
Validation Loss: 0.1774
No improvement in validation loss. Early stop counter: 3/10
Epoch [59/1000], Training Loss: 0.1662
Validation Loss: 0.1777
No improvement in validation loss. Early stop counter: 4/10
Epoch [60/1000], Training Loss: 0.1670
Validation Loss: 0.1779
No improvement in validation loss. Early stop counter: 5/10
Epoch [61/1000], Training Loss: 0.1660
Validation Loss: 0.1773
New best model found with validation loss: 0.1773
Epoch [62/1000], Training Loss: 0.1662
Validation Loss: 0.1779
No improvement in validation loss. Early stop counter: 1/10
Epoch [63/1000], Training Loss: 0.1666
Validation Loss: 0.1769
New best model found with validation loss: 0.1769
Epoch [64/1000], Training Loss: 0.1658
Validation Loss: 0.1776
No improvement in validation loss. Early stop counter: 1/10
Epoch [65/1000], Training Loss: 0.1660
Validation Loss: 0.1774
No improvement in validation loss. Early stop counter: 2/10
Epoch [66/1000], Training Loss: 0.1666
Validation Loss: 0.1773
No improvement in validation loss. Early stop counter: 3/10
Epoch [67/1000], Training Loss: 0.1659
Validation Loss: 0.1773
No improvement in validation loss. Early stop counter: 4/10
Epoch [68/1000], Training Loss: 0.1663
Validation Loss: 0.1774
No improvement in validation loss. Early stop counter: 5/10
Epoch [69/1000], Training Loss: 0.1658
Validation Loss: 0.1770
No improvement in validation loss. Early stop counter: 6/10
Epoch [70/1000], Training Loss: 0.1658
Validation Loss: 0.1773
No improvement in validation loss. Early stop counter: 7/10
Epoch [71/1000], Training Loss: 0.1659
Validation Loss: 0.1768
New best model found with validation loss: 0.1768
Epoch [72/1000], Training Loss: 0.1656
Validation Loss: 0.1770
No improvement in validation loss. Early stop counter: 1/10
Epoch [73/1000], Training Loss: 0.1655
Validation Loss: 0.1769
No improvement in validation loss. Early stop counter: 2/10
Epoch [74/1000], Training Loss: 0.1657
Validation Loss: 0.1768
No improvement in validation loss. Early stop counter: 3/10
Epoch [75/1000], Training Loss: 0.1656
Validation Loss: 0.1769
No improvement in validation loss. Early stop counter: 4/10
Epoch [76/1000], Training Loss: 0.1660
Validation Loss: 0.1768
No improvement in validation loss. Early stop counter: 5/10
Epoch [77/1000], Training Loss: 0.1660
Validation Loss: 0.1772
No improvement in validation loss. Early stop counter: 6/10
Epoch [78/1000], Training Loss: 0.1659
Validation Loss: 0.1770
No improvement in validation loss. Early stop counter: 7/10
Epoch [79/1000], Training Loss: 0.1660
Validation Loss: 0.1769
No improvement in validation loss. Early stop counter: 8/10
Epoch [80/1000], Training Loss: 0.1654
Validation Loss: 0.1769
No improvement in validation loss. Early stop counter: 9/10
Epoch [81/1000], Training Loss: 0.1661
Validation Loss: 0.1768
No improvement in validation loss. Early stop counter: 10/10
Early stopping triggered after 81 epochs.
Best model for fold 3 saved successfully.

Starting Fold 4/5...
Initializing ClassificationModel with 1 GAT layers and residual connections...
Initializing MCModel with 1 GAT layers and 1 row attention layers...
Initializing CGModel with 1 GAT layers and residual connections...
Initializing CoreModel with 1 self-attention layers...
Using 4 GPUs with DataParallel.
Epoch [1/1000], Training Loss: 0.3815
Validation Loss: 0.3419
New best model found with validation loss: 0.3419
Epoch [2/1000], Training Loss: 0.3029
Validation Loss: 0.2919
New best model found with validation loss: 0.2919
Epoch [3/1000], Training Loss: 0.2572
Validation Loss: 0.2461
New best model found with validation loss: 0.2461
Epoch [4/1000], Training Loss: 0.2408
Validation Loss: 0.2325
New best model found with validation loss: 0.2325
Epoch [5/1000], Training Loss: 0.2211
Validation Loss: 0.2177
New best model found with validation loss: 0.2177
Epoch [6/1000], Training Loss: 0.2207
Validation Loss: 0.2468
No improvement in validation loss. Early stop counter: 1/10
Epoch [7/1000], Training Loss: 0.2101
Validation Loss: 0.2191
No improvement in validation loss. Early stop counter: 2/10
Epoch [8/1000], Training Loss: 0.2010
Validation Loss: 0.2111
New best model found with validation loss: 0.2111
Epoch [9/1000], Training Loss: 0.2121
Validation Loss: 0.2033
New best model found with validation loss: 0.2033
Epoch [10/1000], Training Loss: 0.1996
Validation Loss: 0.2488
No improvement in validation loss. Early stop counter: 1/10
Epoch [11/1000], Training Loss: 0.1974
Validation Loss: 0.2120
No improvement in validation loss. Early stop counter: 2/10
Epoch [12/1000], Training Loss: 0.1920
Validation Loss: 0.2200
No improvement in validation loss. Early stop counter: 3/10
Epoch [13/1000], Training Loss: 0.1874
Validation Loss: 0.2024
New best model found with validation loss: 0.2024
Epoch [14/1000], Training Loss: 0.1859
Validation Loss: 0.1984
New best model found with validation loss: 0.1984
Epoch [15/1000], Training Loss: 0.1841
Validation Loss: 0.1964
New best model found with validation loss: 0.1964
Epoch [16/1000], Training Loss: 0.1815
Validation Loss: 0.1946
New best model found with validation loss: 0.1946
Epoch [17/1000], Training Loss: 0.1848
Validation Loss: 0.1943
New best model found with validation loss: 0.1943
Epoch [18/1000], Training Loss: 0.1813
Validation Loss: 0.1957
No improvement in validation loss. Early stop counter: 1/10
Epoch [19/1000], Training Loss: 0.1834
Validation Loss: 0.1926
New best model found with validation loss: 0.1926
Epoch [20/1000], Training Loss: 0.1769
Validation Loss: 0.1949
No improvement in validation loss. Early stop counter: 1/10
Epoch [21/1000], Training Loss: 0.1766
Validation Loss: 0.1921
New best model found with validation loss: 0.1921
Epoch [22/1000], Training Loss: 0.1770
Validation Loss: 0.1931
No improvement in validation loss. Early stop counter: 1/10
Epoch [23/1000], Training Loss: 0.1750
Validation Loss: 0.1924
No improvement in validation loss. Early stop counter: 2/10
Epoch [24/1000], Training Loss: 0.1768
Validation Loss: 0.1981
No improvement in validation loss. Early stop counter: 3/10
Epoch [25/1000], Training Loss: 0.1744
Validation Loss: 0.1906
New best model found with validation loss: 0.1906
Epoch [26/1000], Training Loss: 0.1729
Validation Loss: 0.1952
No improvement in validation loss. Early stop counter: 1/10
Epoch [27/1000], Training Loss: 0.1734
Validation Loss: 0.1922
No improvement in validation loss. Early stop counter: 2/10
Epoch [28/1000], Training Loss: 0.1738
Validation Loss: 0.2037
No improvement in validation loss. Early stop counter: 3/10
Epoch [29/1000], Training Loss: 0.1726
Validation Loss: 0.1879
New best model found with validation loss: 0.1879
Epoch [30/1000], Training Loss: 0.1705
Validation Loss: 0.1954
No improvement in validation loss. Early stop counter: 1/10
Epoch [31/1000], Training Loss: 0.1708
Validation Loss: 0.1881
No improvement in validation loss. Early stop counter: 2/10
Epoch [32/1000], Training Loss: 0.1697
Validation Loss: 0.1884
No improvement in validation loss. Early stop counter: 3/10
Epoch [33/1000], Training Loss: 0.1700
Validation Loss: 0.1882
No improvement in validation loss. Early stop counter: 4/10
Epoch [34/1000], Training Loss: 0.1691
Validation Loss: 0.1879
New best model found with validation loss: 0.1879
Epoch [35/1000], Training Loss: 0.1702
Validation Loss: 0.1925
No improvement in validation loss. Early stop counter: 1/10
Epoch [36/1000], Training Loss: 0.1693
Validation Loss: 0.1873
New best model found with validation loss: 0.1873
Epoch [37/1000], Training Loss: 0.1690
Validation Loss: 0.1873
No improvement in validation loss. Early stop counter: 1/10
Epoch [38/1000], Training Loss: 0.1691
Validation Loss: 0.1901
No improvement in validation loss. Early stop counter: 2/10
Epoch [39/1000], Training Loss: 0.1694
Validation Loss: 0.1870
New best model found with validation loss: 0.1870
Epoch [40/1000], Training Loss: 0.1697
Validation Loss: 0.1865
New best model found with validation loss: 0.1865
Epoch [41/1000], Training Loss: 0.1677
Validation Loss: 0.1873
No improvement in validation loss. Early stop counter: 1/10
Epoch [42/1000], Training Loss: 0.1669
Validation Loss: 0.1864
New best model found with validation loss: 0.1864
Epoch [43/1000], Training Loss: 0.1678
Validation Loss: 0.1878
No improvement in validation loss. Early stop counter: 1/10
Epoch [44/1000], Training Loss: 0.1674
Validation Loss: 0.1869
No improvement in validation loss. Early stop counter: 2/10
Epoch [45/1000], Training Loss: 0.1676
Validation Loss: 0.1879
No improvement in validation loss. Early stop counter: 3/10
Epoch [46/1000], Training Loss: 0.1680
Validation Loss: 0.1864
No improvement in validation loss. Early stop counter: 4/10
Epoch [47/1000], Training Loss: 0.1667
Validation Loss: 0.1865
No improvement in validation loss. Early stop counter: 5/10
Epoch [48/1000], Training Loss: 0.1682
Validation Loss: 0.1859
New best model found with validation loss: 0.1859
Epoch [49/1000], Training Loss: 0.1667
Validation Loss: 0.1865
No improvement in validation loss. Early stop counter: 1/10
Epoch [50/1000], Training Loss: 0.1671
Validation Loss: 0.1863
No improvement in validation loss. Early stop counter: 2/10
Epoch [51/1000], Training Loss: 0.1662
Validation Loss: 0.1858
New best model found with validation loss: 0.1858
Epoch [52/1000], Training Loss: 0.1659
Validation Loss: 0.1866
No improvement in validation loss. Early stop counter: 1/10
Epoch [53/1000], Training Loss: 0.1662
Validation Loss: 0.1857
New best model found with validation loss: 0.1857
Epoch [54/1000], Training Loss: 0.1660
Validation Loss: 0.1866
No improvement in validation loss. Early stop counter: 1/10
Epoch [55/1000], Training Loss: 0.1657
Validation Loss: 0.1862
No improvement in validation loss. Early stop counter: 2/10
Epoch [56/1000], Training Loss: 0.1658
Validation Loss: 0.1859
No improvement in validation loss. Early stop counter: 3/10
Epoch [57/1000], Training Loss: 0.1652
Validation Loss: 0.1857
No improvement in validation loss. Early stop counter: 4/10
Epoch [58/1000], Training Loss: 0.1654
Validation Loss: 0.1863
No improvement in validation loss. Early stop counter: 5/10
Epoch [59/1000], Training Loss: 0.1656
Validation Loss: 0.1856
New best model found with validation loss: 0.1856
Epoch [60/1000], Training Loss: 0.1654
Validation Loss: 0.1869
No improvement in validation loss. Early stop counter: 1/10
Epoch [61/1000], Training Loss: 0.1652
Validation Loss: 0.1857
No improvement in validation loss. Early stop counter: 2/10
Epoch [62/1000], Training Loss: 0.1649
Validation Loss: 0.1857
No improvement in validation loss. Early stop counter: 3/10
Epoch [63/1000], Training Loss: 0.1654
Validation Loss: 0.1857
No improvement in validation loss. Early stop counter: 4/10
Epoch [64/1000], Training Loss: 0.1651
Validation Loss: 0.1859
No improvement in validation loss. Early stop counter: 5/10
Epoch [65/1000], Training Loss: 0.1648
Validation Loss: 0.1861
No improvement in validation loss. Early stop counter: 6/10
Epoch [66/1000], Training Loss: 0.1644
Validation Loss: 0.1856
New best model found with validation loss: 0.1856
Epoch [67/1000], Training Loss: 0.1647
Validation Loss: 0.1859
No improvement in validation loss. Early stop counter: 1/10
Epoch [68/1000], Training Loss: 0.1647
Validation Loss: 0.1855
New best model found with validation loss: 0.1855
Epoch [69/1000], Training Loss: 0.1644
Validation Loss: 0.1861
No improvement in validation loss. Early stop counter: 1/10
Epoch [70/1000], Training Loss: 0.1642
Validation Loss: 0.1865
No improvement in validation loss. Early stop counter: 2/10
Epoch [71/1000], Training Loss: 0.1640
Validation Loss: 0.1857
No improvement in validation loss. Early stop counter: 3/10
Epoch [72/1000], Training Loss: 0.1642
Validation Loss: 0.1855
No improvement in validation loss. Early stop counter: 4/10
Epoch [73/1000], Training Loss: 0.1645
Validation Loss: 0.1855
New best model found with validation loss: 0.1855
Epoch [74/1000], Training Loss: 0.1645
Validation Loss: 0.1855
New best model found with validation loss: 0.1855
Epoch [75/1000], Training Loss: 0.1643
Validation Loss: 0.1855
No improvement in validation loss. Early stop counter: 1/10
Epoch [76/1000], Training Loss: 0.1645
Validation Loss: 0.1859
No improvement in validation loss. Early stop counter: 2/10
Epoch [77/1000], Training Loss: 0.1642
Validation Loss: 0.1856
No improvement in validation loss. Early stop counter: 3/10
Epoch [78/1000], Training Loss: 0.1645
Validation Loss: 0.1856
No improvement in validation loss. Early stop counter: 4/10
Epoch [79/1000], Training Loss: 0.1646
Validation Loss: 0.1857
No improvement in validation loss. Early stop counter: 5/10
Epoch [80/1000], Training Loss: 0.1648
Validation Loss: 0.1855
New best model found with validation loss: 0.1855
Epoch [81/1000], Training Loss: 0.1645
Validation Loss: 0.1853
New best model found with validation loss: 0.1853
Epoch [82/1000], Training Loss: 0.1642
Validation Loss: 0.1854
No improvement in validation loss. Early stop counter: 1/10
Epoch [83/1000], Training Loss: 0.1640
Validation Loss: 0.1854
No improvement in validation loss. Early stop counter: 2/10
Epoch [84/1000], Training Loss: 0.1648
Validation Loss: 0.1855
No improvement in validation loss. Early stop counter: 3/10
Epoch [85/1000], Training Loss: 0.1647
Validation Loss: 0.1853
No improvement in validation loss. Early stop counter: 4/10
Epoch [86/1000], Training Loss: 0.1647
Validation Loss: 0.1857
No improvement in validation loss. Early stop counter: 5/10
Epoch [87/1000], Training Loss: 0.1643
Validation Loss: 0.1855
No improvement in validation loss. Early stop counter: 6/10
Epoch [88/1000], Training Loss: 0.1642
Validation Loss: 0.1854
No improvement in validation loss. Early stop counter: 7/10
Epoch [89/1000], Training Loss: 0.1644
Validation Loss: 0.1856
No improvement in validation loss. Early stop counter: 8/10
Epoch [90/1000], Training Loss: 0.1650
Validation Loss: 0.1857
No improvement in validation loss. Early stop counter: 9/10
Epoch [91/1000], Training Loss: 0.1641
Validation Loss: 0.1855
No improvement in validation loss. Early stop counter: 10/10
Early stopping triggered after 91 epochs.
Best model for fold 4 saved successfully.

Starting Fold 5/5...
Initializing ClassificationModel with 1 GAT layers and residual connections...
Initializing MCModel with 1 GAT layers and 1 row attention layers...
Initializing CGModel with 1 GAT layers and residual connections...
Initializing CoreModel with 1 self-attention layers...
Using 4 GPUs with DataParallel.
Epoch [1/1000], Training Loss: 0.3934
Validation Loss: 0.2755
New best model found with validation loss: 0.2755
Epoch [2/1000], Training Loss: 0.2518
Validation Loss: 0.2612
New best model found with validation loss: 0.2612
Epoch [3/1000], Training Loss: 0.2337
Validation Loss: 0.2220
New best model found with validation loss: 0.2220
Epoch [4/1000], Training Loss: 0.2256
Validation Loss: 0.2343
No improvement in validation loss. Early stop counter: 1/10
Epoch [5/1000], Training Loss: 0.2199
Validation Loss: 0.2121
New best model found with validation loss: 0.2121
Epoch [6/1000], Training Loss: 0.2139
Validation Loss: 0.2176
No improvement in validation loss. Early stop counter: 1/10
Epoch [7/1000], Training Loss: 0.2167
Validation Loss: 0.2078
New best model found with validation loss: 0.2078
Epoch [8/1000], Training Loss: 0.2050
Validation Loss: 0.2016
New best model found with validation loss: 0.2016
Epoch [9/1000], Training Loss: 0.1989
Validation Loss: 0.2376
No improvement in validation loss. Early stop counter: 1/10
Epoch [10/1000], Training Loss: 0.2000
Validation Loss: 0.2034
No improvement in validation loss. Early stop counter: 2/10
Epoch [11/1000], Training Loss: 0.1945
Validation Loss: 0.2152
No improvement in validation loss. Early stop counter: 3/10
Epoch [12/1000], Training Loss: 0.1898
Validation Loss: 0.1939
New best model found with validation loss: 0.1939
Epoch [13/1000], Training Loss: 0.1900
Validation Loss: 0.1924
New best model found with validation loss: 0.1924
Epoch [14/1000], Training Loss: 0.1889
Validation Loss: 0.1965
No improvement in validation loss. Early stop counter: 1/10
Epoch [15/1000], Training Loss: 0.1869
Validation Loss: 0.2117
No improvement in validation loss. Early stop counter: 2/10
Epoch [16/1000], Training Loss: 0.1862
Validation Loss: 0.1919
New best model found with validation loss: 0.1919
Epoch [17/1000], Training Loss: 0.1836
Validation Loss: 0.1903
New best model found with validation loss: 0.1903
Epoch [18/1000], Training Loss: 0.1830
Validation Loss: 0.1866
New best model found with validation loss: 0.1866
Epoch [19/1000], Training Loss: 0.1829
Validation Loss: 0.1877
No improvement in validation loss. Early stop counter: 1/10
Epoch [20/1000], Training Loss: 0.1825
Validation Loss: 0.1861
New best model found with validation loss: 0.1861
Epoch [21/1000], Training Loss: 0.1785
Validation Loss: 0.1844
New best model found with validation loss: 0.1844
Epoch [22/1000], Training Loss: 0.1779
Validation Loss: 0.1915
No improvement in validation loss. Early stop counter: 1/10
Epoch [23/1000], Training Loss: 0.1785
Validation Loss: 0.1935
No improvement in validation loss. Early stop counter: 2/10
Epoch [24/1000], Training Loss: 0.1785
Validation Loss: 0.1870
No improvement in validation loss. Early stop counter: 3/10
Epoch [25/1000], Training Loss: 0.1772
Validation Loss: 0.1834
New best model found with validation loss: 0.1834
Epoch [26/1000], Training Loss: 0.1772
Validation Loss: 0.1839
No improvement in validation loss. Early stop counter: 1/10
Epoch [27/1000], Training Loss: 0.1759
Validation Loss: 0.1827
New best model found with validation loss: 0.1827
Epoch [28/1000], Training Loss: 0.1756
Validation Loss: 0.1836
No improvement in validation loss. Early stop counter: 1/10
Epoch [29/1000], Training Loss: 0.1757
Validation Loss: 0.1870
No improvement in validation loss. Early stop counter: 2/10
Epoch [30/1000], Training Loss: 0.1760
Validation Loss: 0.1850
No improvement in validation loss. Early stop counter: 3/10
Epoch [31/1000], Training Loss: 0.1740
Validation Loss: 0.1813
New best model found with validation loss: 0.1813
Epoch [32/1000], Training Loss: 0.1753
Validation Loss: 0.1838
No improvement in validation loss. Early stop counter: 1/10
Epoch [33/1000], Training Loss: 0.1738
Validation Loss: 0.1885
No improvement in validation loss. Early stop counter: 2/10
Epoch [34/1000], Training Loss: 0.1726
Validation Loss: 0.1815
No improvement in validation loss. Early stop counter: 3/10
Epoch [35/1000], Training Loss: 0.1741
Validation Loss: 0.1870
No improvement in validation loss. Early stop counter: 4/10
Epoch [36/1000], Training Loss: 0.1738
Validation Loss: 0.1808
New best model found with validation loss: 0.1808
Epoch [37/1000], Training Loss: 0.1719
Validation Loss: 0.1805
New best model found with validation loss: 0.1805
Epoch [38/1000], Training Loss: 0.1731
Validation Loss: 0.1811
No improvement in validation loss. Early stop counter: 1/10
Epoch [39/1000], Training Loss: 0.1727
Validation Loss: 0.1812
No improvement in validation loss. Early stop counter: 2/10
Epoch [40/1000], Training Loss: 0.1723
Validation Loss: 0.1827
No improvement in validation loss. Early stop counter: 3/10
Epoch [41/1000], Training Loss: 0.1711
Validation Loss: 0.1807
No improvement in validation loss. Early stop counter: 4/10
Epoch [42/1000], Training Loss: 0.1716
Validation Loss: 0.1800
New best model found with validation loss: 0.1800
Epoch [43/1000], Training Loss: 0.1718
Validation Loss: 0.1805
No improvement in validation loss. Early stop counter: 1/10
Epoch [44/1000], Training Loss: 0.1707
Validation Loss: 0.1799
New best model found with validation loss: 0.1799
Epoch [45/1000], Training Loss: 0.1718
Validation Loss: 0.1801
No improvement in validation loss. Early stop counter: 1/10
Epoch [46/1000], Training Loss: 0.1717
Validation Loss: 0.1799
No improvement in validation loss. Early stop counter: 2/10
Epoch [47/1000], Training Loss: 0.1707
Validation Loss: 0.1801
No improvement in validation loss. Early stop counter: 3/10
Epoch [48/1000], Training Loss: 0.1712
Validation Loss: 0.1805
No improvement in validation loss. Early stop counter: 4/10
Epoch [49/1000], Training Loss: 0.1704
Validation Loss: 0.1806
No improvement in validation loss. Early stop counter: 5/10
Epoch [50/1000], Training Loss: 0.1705
Validation Loss: 0.1820
No improvement in validation loss. Early stop counter: 6/10
Epoch [51/1000], Training Loss: 0.1707
Validation Loss: 0.1796
New best model found with validation loss: 0.1796
Epoch [52/1000], Training Loss: 0.1701
Validation Loss: 0.1800
No improvement in validation loss. Early stop counter: 1/10
Epoch [53/1000], Training Loss: 0.1706
Validation Loss: 0.1800
No improvement in validation loss. Early stop counter: 2/10
Epoch [54/1000], Training Loss: 0.1700
Validation Loss: 0.1795
New best model found with validation loss: 0.1795
Epoch [55/1000], Training Loss: 0.1700
Validation Loss: 0.1795
No improvement in validation loss. Early stop counter: 1/10
Epoch [56/1000], Training Loss: 0.1696
Validation Loss: 0.1795
New best model found with validation loss: 0.1795
Epoch [57/1000], Training Loss: 0.1696
Validation Loss: 0.1794
New best model found with validation loss: 0.1794
Epoch [58/1000], Training Loss: 0.1696
Validation Loss: 0.1794
No improvement in validation loss. Early stop counter: 1/10
Epoch [59/1000], Training Loss: 0.1701
Validation Loss: 0.1798
No improvement in validation loss. Early stop counter: 2/10
Epoch [60/1000], Training Loss: 0.1699
Validation Loss: 0.1793
New best model found with validation loss: 0.1793
Epoch [61/1000], Training Loss: 0.1699
Validation Loss: 0.1792
New best model found with validation loss: 0.1792
Epoch [62/1000], Training Loss: 0.1695
Validation Loss: 0.1794
No improvement in validation loss. Early stop counter: 1/10
Epoch [63/1000], Training Loss: 0.1697
Validation Loss: 0.1794
No improvement in validation loss. Early stop counter: 2/10
Epoch [64/1000], Training Loss: 0.1694
Validation Loss: 0.1792
New best model found with validation loss: 0.1792
Epoch [65/1000], Training Loss: 0.1698
Validation Loss: 0.1805
No improvement in validation loss. Early stop counter: 1/10
Epoch [66/1000], Training Loss: 0.1692
Validation Loss: 0.1791
New best model found with validation loss: 0.1791
Epoch [67/1000], Training Loss: 0.1699
Validation Loss: 0.1792
No improvement in validation loss. Early stop counter: 1/10
Epoch [68/1000], Training Loss: 0.1692
Validation Loss: 0.1791
No improvement in validation loss. Early stop counter: 2/10
Epoch [69/1000], Training Loss: 0.1689
Validation Loss: 0.1793
No improvement in validation loss. Early stop counter: 3/10
Epoch [70/1000], Training Loss: 0.1688
Validation Loss: 0.1791
New best model found with validation loss: 0.1791
Epoch [71/1000], Training Loss: 0.1695
Validation Loss: 0.1790
New best model found with validation loss: 0.1790
Epoch [72/1000], Training Loss: 0.1693
Validation Loss: 0.1790
No improvement in validation loss. Early stop counter: 1/10
Epoch [73/1000], Training Loss: 0.1693
Validation Loss: 0.1793
No improvement in validation loss. Early stop counter: 2/10
Epoch [74/1000], Training Loss: 0.1691
Validation Loss: 0.1791
No improvement in validation loss. Early stop counter: 3/10
Epoch [75/1000], Training Loss: 0.1687
Validation Loss: 0.1790
No improvement in validation loss. Early stop counter: 4/10
Epoch [76/1000], Training Loss: 0.1691
Validation Loss: 0.1790
New best model found with validation loss: 0.1790
Epoch [77/1000], Training Loss: 0.1689
Validation Loss: 0.1790
New best model found with validation loss: 0.1790
Epoch [78/1000], Training Loss: 0.1685
Validation Loss: 0.1789
New best model found with validation loss: 0.1789
Epoch [79/1000], Training Loss: 0.1697
Validation Loss: 0.1790
No improvement in validation loss. Early stop counter: 1/10
Epoch [80/1000], Training Loss: 0.1690
Validation Loss: 0.1790
No improvement in validation loss. Early stop counter: 2/10
Epoch [81/1000], Training Loss: 0.1686
Validation Loss: 0.1789
No improvement in validation loss. Early stop counter: 3/10
Epoch [82/1000], Training Loss: 0.1688
Validation Loss: 0.1789
No improvement in validation loss. Early stop counter: 4/10
Epoch [83/1000], Training Loss: 0.1687
Validation Loss: 0.1790
No improvement in validation loss. Early stop counter: 5/10
Epoch [84/1000], Training Loss: 0.1692
Validation Loss: 0.1789
No improvement in validation loss. Early stop counter: 6/10
Epoch [85/1000], Training Loss: 0.1688
Validation Loss: 0.1790
No improvement in validation loss. Early stop counter: 7/10
Epoch [86/1000], Training Loss: 0.1687
Validation Loss: 0.1789
No improvement in validation loss. Early stop counter: 8/10
Epoch [87/1000], Training Loss: 0.1690
Validation Loss: 0.1791
No improvement in validation loss. Early stop counter: 9/10
Epoch [88/1000], Training Loss: 0.1692
Validation Loss: 0.1789
No improvement in validation loss. Early stop counter: 10/10
Early stopping triggered after 88 epochs.
Best model for fold 5 saved successfully.

Cross-validation results:
Fold 1: Validation Loss = 0.1859
Fold 2: Validation Loss = 0.1721
Fold 3: Validation Loss = 0.1768
Fold 4: Validation Loss = 0.1853
Fold 5: Validation Loss = 0.1789
Average Validation Loss: 0.1798
