{'batch_size': 4, 'sequence_file': 'antibody_train_sequences_3000.npz', 'data_file': 'antibody_train_interfaces_3000.npz', 'edge_file': 'antibody_train_edges_3000.npz', 'max_len': 3000, 'vocab_size': 23, 'embed_dim': 256, 'num_heads': 16, 'dropout': 0.0, 'num_layers': 1, 'num_gnn_layers': 2, 'num_int_layers': 1, 'num_classes': 2, 'num_epochs': 1000, 'learning_rate': 0.0001, 'max_grad_norm': 0.1, 'validation_split': 0.1, 'early_stop_patience': 10, 'initial_gradient_noise_std': 0.05, 'accumulation_steps': 2}
Number of GPUs available: 4

Starting Fold 1/5...
Initializing ClassificationModel with 2 GAT layers and residual connections...
Initializing MCModel with 2 GAT layers and 1 row attention layers...
Initializing CGModel with 2 GAT layers and residual connections...
Initializing CoreModel with 1 self-attention layers...
Using 4 GPUs with DataParallel.
Epoch [1/1000], Training Loss: 0.4444
Validation Loss: 0.4517
New best model found with validation loss: 0.4517
Epoch [2/1000], Training Loss: 0.4310
Validation Loss: 0.4499
New best model found with validation loss: 0.4499
Epoch [3/1000], Training Loss: 0.4318
Validation Loss: 0.4735
No improvement in validation loss. Early stop counter: 1/10
Epoch [4/1000], Training Loss: 0.4304
Validation Loss: 0.4328
New best model found with validation loss: 0.4328
Epoch [5/1000], Training Loss: 0.4221
Validation Loss: 0.4274
New best model found with validation loss: 0.4274
Epoch [6/1000], Training Loss: 0.4174
Validation Loss: 0.4228
New best model found with validation loss: 0.4228
Epoch [7/1000], Training Loss: 0.4192
Validation Loss: 0.4236
No improvement in validation loss. Early stop counter: 1/10
Epoch [8/1000], Training Loss: 0.4110
Validation Loss: 0.4220
New best model found with validation loss: 0.4220
Epoch [9/1000], Training Loss: 0.4152
Validation Loss: 0.4636
No improvement in validation loss. Early stop counter: 1/10
Epoch [10/1000], Training Loss: 0.4122
Validation Loss: 0.4195
New best model found with validation loss: 0.4195
Epoch [11/1000], Training Loss: 0.4037
Validation Loss: 0.4186
New best model found with validation loss: 0.4186
Epoch [12/1000], Training Loss: 0.4027
Validation Loss: 0.4175
New best model found with validation loss: 0.4175
Epoch [13/1000], Training Loss: 0.4018
Validation Loss: 0.4155
New best model found with validation loss: 0.4155
Epoch [14/1000], Training Loss: 0.4020
Validation Loss: 0.4142
New best model found with validation loss: 0.4142
Epoch [15/1000], Training Loss: 0.4011
Validation Loss: 0.4144
No improvement in validation loss. Early stop counter: 1/10
Epoch [16/1000], Training Loss: 0.4006
Validation Loss: 0.4144
No improvement in validation loss. Early stop counter: 2/10
Epoch [17/1000], Training Loss: 0.3995
Validation Loss: 0.4144
No improvement in validation loss. Early stop counter: 3/10
Epoch [18/1000], Training Loss: 0.4018
Validation Loss: 0.4153
No improvement in validation loss. Early stop counter: 4/10
Epoch [19/1000], Training Loss: 0.3999
Validation Loss: 0.4123
New best model found with validation loss: 0.4123
Epoch [20/1000], Training Loss: 0.4000
Validation Loss: 0.4137
No improvement in validation loss. Early stop counter: 1/10
Epoch [21/1000], Training Loss: 0.3967
Validation Loss: 0.4133
No improvement in validation loss. Early stop counter: 2/10
Epoch [22/1000], Training Loss: 0.3959
Validation Loss: 0.4113
New best model found with validation loss: 0.4113
Epoch [23/1000], Training Loss: 0.3954
Validation Loss: 0.4115
No improvement in validation loss. Early stop counter: 1/10
Epoch [24/1000], Training Loss: 0.3954
Validation Loss: 0.4105
New best model found with validation loss: 0.4105
Epoch [25/1000], Training Loss: 0.3963
Validation Loss: 0.4121
No improvement in validation loss. Early stop counter: 1/10
Epoch [26/1000], Training Loss: 0.3943
Validation Loss: 0.4110
No improvement in validation loss. Early stop counter: 2/10
Epoch [27/1000], Training Loss: 0.3948
Validation Loss: 0.4103
New best model found with validation loss: 0.4103
Epoch [28/1000], Training Loss: 0.3942
Validation Loss: 0.4095
New best model found with validation loss: 0.4095
Epoch [29/1000], Training Loss: 0.3943
Validation Loss: 0.4148
No improvement in validation loss. Early stop counter: 1/10
Epoch [30/1000], Training Loss: 0.3957
Validation Loss: 0.4099
No improvement in validation loss. Early stop counter: 2/10
Epoch [31/1000], Training Loss: 0.3932
Validation Loss: 0.4091
New best model found with validation loss: 0.4091
Epoch [32/1000], Training Loss: 0.3927
Validation Loss: 0.4112
No improvement in validation loss. Early stop counter: 1/10
Epoch [33/1000], Training Loss: 0.3921
Validation Loss: 0.4088
New best model found with validation loss: 0.4088
Epoch [34/1000], Training Loss: 0.3923
Validation Loss: 0.4089
No improvement in validation loss. Early stop counter: 1/10
Epoch [35/1000], Training Loss: 0.3922
Validation Loss: 0.4096
No improvement in validation loss. Early stop counter: 2/10
Epoch [36/1000], Training Loss: 0.3917
Validation Loss: 0.4098
No improvement in validation loss. Early stop counter: 3/10
Epoch [37/1000], Training Loss: 0.3924
Validation Loss: 0.4085
New best model found with validation loss: 0.4085
Epoch [38/1000], Training Loss: 0.3929
Validation Loss: 0.4115
No improvement in validation loss. Early stop counter: 1/10
Epoch [39/1000], Training Loss: 0.3921
Validation Loss: 0.4089
No improvement in validation loss. Early stop counter: 2/10
Epoch [40/1000], Training Loss: 0.3929
Validation Loss: 0.4092
No improvement in validation loss. Early stop counter: 3/10
Epoch [41/1000], Training Loss: 0.3913
Validation Loss: 0.4083
New best model found with validation loss: 0.4083
Epoch [42/1000], Training Loss: 0.3912
Validation Loss: 0.4081
New best model found with validation loss: 0.4081
Epoch [43/1000], Training Loss: 0.3913
Validation Loss: 0.4084
No improvement in validation loss. Early stop counter: 1/10
Epoch [44/1000], Training Loss: 0.3903
Validation Loss: 0.4079
New best model found with validation loss: 0.4079
Epoch [45/1000], Training Loss: 0.3920
Validation Loss: 0.4081
No improvement in validation loss. Early stop counter: 1/10
Epoch [46/1000], Training Loss: 0.3909
Validation Loss: 0.4079
New best model found with validation loss: 0.4079
Epoch [47/1000], Training Loss: 0.3906
Validation Loss: 0.4084
No improvement in validation loss. Early stop counter: 1/10
Epoch [48/1000], Training Loss: 0.3912
Validation Loss: 0.4077
New best model found with validation loss: 0.4077
Epoch [49/1000], Training Loss: 0.3906
Validation Loss: 0.4082
No improvement in validation loss. Early stop counter: 1/10
Epoch [50/1000], Training Loss: 0.3911
Validation Loss: 0.4078
No improvement in validation loss. Early stop counter: 2/10
Epoch [51/1000], Training Loss: 0.3898
Validation Loss: 0.4083
No improvement in validation loss. Early stop counter: 3/10
Epoch [52/1000], Training Loss: 0.3895
Validation Loss: 0.4077
New best model found with validation loss: 0.4077
Epoch [53/1000], Training Loss: 0.3899
Validation Loss: 0.4078
No improvement in validation loss. Early stop counter: 1/10
Epoch [54/1000], Training Loss: 0.3900
Validation Loss: 0.4090
No improvement in validation loss. Early stop counter: 2/10
Epoch [55/1000], Training Loss: 0.3898
Validation Loss: 0.4076
New best model found with validation loss: 0.4076
Epoch [56/1000], Training Loss: 0.3896
Validation Loss: 0.4076
No improvement in validation loss. Early stop counter: 1/10
Epoch [57/1000], Training Loss: 0.3899
Validation Loss: 0.4082
No improvement in validation loss. Early stop counter: 2/10
Epoch [58/1000], Training Loss: 0.3894
Validation Loss: 0.4076
No improvement in validation loss. Early stop counter: 3/10
Epoch [59/1000], Training Loss: 0.3902
Validation Loss: 0.4073
New best model found with validation loss: 0.4073
Epoch [60/1000], Training Loss: 0.3901
Validation Loss: 0.4081
No improvement in validation loss. Early stop counter: 1/10
Epoch [61/1000], Training Loss: 0.3899
Validation Loss: 0.4075
No improvement in validation loss. Early stop counter: 2/10
Epoch [62/1000], Training Loss: 0.3895
Validation Loss: 0.4077
No improvement in validation loss. Early stop counter: 3/10
Epoch [63/1000], Training Loss: 0.3902
Validation Loss: 0.4075
No improvement in validation loss. Early stop counter: 4/10
Epoch [64/1000], Training Loss: 0.3901
Validation Loss: 0.4075
No improvement in validation loss. Early stop counter: 5/10
Epoch [65/1000], Training Loss: 0.3906
Validation Loss: 0.4075
No improvement in validation loss. Early stop counter: 6/10
Epoch [66/1000], Training Loss: 0.3899
Validation Loss: 0.4076
No improvement in validation loss. Early stop counter: 7/10
Epoch [67/1000], Training Loss: 0.3893
Validation Loss: 0.4074
No improvement in validation loss. Early stop counter: 8/10
Epoch [68/1000], Training Loss: 0.3900
Validation Loss: 0.4072
New best model found with validation loss: 0.4072
Epoch [69/1000], Training Loss: 0.3903
Validation Loss: 0.4074
No improvement in validation loss. Early stop counter: 1/10
Epoch [70/1000], Training Loss: 0.3896
Validation Loss: 0.4075
No improvement in validation loss. Early stop counter: 2/10
Epoch [71/1000], Training Loss: 0.3901
Validation Loss: 0.4074
No improvement in validation loss. Early stop counter: 3/10
Epoch [72/1000], Training Loss: 0.3895
Validation Loss: 0.4072
New best model found with validation loss: 0.4072
Epoch [73/1000], Training Loss: 0.3902
Validation Loss: 0.4073
No improvement in validation loss. Early stop counter: 1/10
Epoch [74/1000], Training Loss: 0.3887
Validation Loss: 0.4074
No improvement in validation loss. Early stop counter: 2/10
Epoch [75/1000], Training Loss: 0.3894
Validation Loss: 0.4073
No improvement in validation loss. Early stop counter: 3/10
Epoch [76/1000], Training Loss: 0.3891
Validation Loss: 0.4073
No improvement in validation loss. Early stop counter: 4/10
Epoch [77/1000], Training Loss: 0.3900
Validation Loss: 0.4074
No improvement in validation loss. Early stop counter: 5/10
Epoch [78/1000], Training Loss: 0.3893
Validation Loss: 0.4072
New best model found with validation loss: 0.4072
Epoch [79/1000], Training Loss: 0.3895
Validation Loss: 0.4073
No improvement in validation loss. Early stop counter: 1/10
Epoch [80/1000], Training Loss: 0.3900
Validation Loss: 0.4074
No improvement in validation loss. Early stop counter: 2/10
Epoch [81/1000], Training Loss: 0.3885
Validation Loss: 0.4073
No improvement in validation loss. Early stop counter: 3/10
Epoch [82/1000], Training Loss: 0.3890
Validation Loss: 0.4073
No improvement in validation loss. Early stop counter: 4/10
Epoch [83/1000], Training Loss: 0.3888
Validation Loss: 0.4073
No improvement in validation loss. Early stop counter: 5/10
Epoch [84/1000], Training Loss: 0.3894
Validation Loss: 0.4073
No improvement in validation loss. Early stop counter: 6/10
Epoch [85/1000], Training Loss: 0.3896
Validation Loss: 0.4073
No improvement in validation loss. Early stop counter: 7/10
Epoch [86/1000], Training Loss: 0.3891
Validation Loss: 0.4073
No improvement in validation loss. Early stop counter: 8/10
Epoch [87/1000], Training Loss: 0.3906
Validation Loss: 0.4073
No improvement in validation loss. Early stop counter: 9/10
Epoch [88/1000], Training Loss: 0.3894
Validation Loss: 0.4073
No improvement in validation loss. Early stop counter: 10/10
Early stopping triggered after 88 epochs.
Best model for fold 1 saved successfully.

Starting Fold 2/5...
Initializing ClassificationModel with 2 GAT layers and residual connections...
Initializing MCModel with 2 GAT layers and 1 row attention layers...
Initializing CGModel with 2 GAT layers and residual connections...
Initializing CoreModel with 1 self-attention layers...
Using 4 GPUs with DataParallel.
Epoch [1/1000], Training Loss: 0.4455
Validation Loss: 0.4273
New best model found with validation loss: 0.4273
Epoch [2/1000], Training Loss: 0.4387
Validation Loss: 0.4266
New best model found with validation loss: 0.4266
Epoch [3/1000], Training Loss: 0.4349
Validation Loss: 0.4292
No improvement in validation loss. Early stop counter: 1/10
Epoch [4/1000], Training Loss: 0.4321
Validation Loss: 0.4181
New best model found with validation loss: 0.4181
Epoch [5/1000], Training Loss: 0.4280
Validation Loss: 0.4394
No improvement in validation loss. Early stop counter: 1/10
Epoch [6/1000], Training Loss: 0.4313
Validation Loss: 0.4186
No improvement in validation loss. Early stop counter: 2/10
Epoch [7/1000], Training Loss: 0.4239
Validation Loss: 0.4132
New best model found with validation loss: 0.4132
Epoch [8/1000], Training Loss: 0.4169
Validation Loss: 0.4067
New best model found with validation loss: 0.4067
Epoch [9/1000], Training Loss: 0.4137
Validation Loss: 0.4015
New best model found with validation loss: 0.4015
Epoch [10/1000], Training Loss: 0.4125
Validation Loss: 0.4016
No improvement in validation loss. Early stop counter: 1/10
Epoch [11/1000], Training Loss: 0.4086
Validation Loss: 0.3982
New best model found with validation loss: 0.3982
Epoch [12/1000], Training Loss: 0.4071
Validation Loss: 0.4009
No improvement in validation loss. Early stop counter: 1/10
Epoch [13/1000], Training Loss: 0.4063
Validation Loss: 0.4016
No improvement in validation loss. Early stop counter: 2/10
Epoch [14/1000], Training Loss: 0.4040
Validation Loss: 0.3976
New best model found with validation loss: 0.3976
Epoch [15/1000], Training Loss: 0.4040
Validation Loss: 0.3959
New best model found with validation loss: 0.3959
Epoch [16/1000], Training Loss: 0.4055
Validation Loss: 0.3977
No improvement in validation loss. Early stop counter: 1/10
Epoch [17/1000], Training Loss: 0.4036
Validation Loss: 0.4012
No improvement in validation loss. Early stop counter: 2/10
Epoch [18/1000], Training Loss: 0.4029
Validation Loss: 0.4063
No improvement in validation loss. Early stop counter: 3/10
Epoch [19/1000], Training Loss: 0.4024
Validation Loss: 0.4015
No improvement in validation loss. Early stop counter: 4/10
Epoch [20/1000], Training Loss: 0.4029
Validation Loss: 0.3961
No improvement in validation loss. Early stop counter: 5/10
Epoch [21/1000], Training Loss: 0.4004
Validation Loss: 0.3965
No improvement in validation loss. Early stop counter: 6/10
Epoch [22/1000], Training Loss: 0.3996
Validation Loss: 0.3943
New best model found with validation loss: 0.3943
Epoch [23/1000], Training Loss: 0.3982
Validation Loss: 0.3943
New best model found with validation loss: 0.3943
Epoch [24/1000], Training Loss: 0.3990
Validation Loss: 0.3927
New best model found with validation loss: 0.3927
Epoch [25/1000], Training Loss: 0.3977
Validation Loss: 0.3927
New best model found with validation loss: 0.3927
Epoch [26/1000], Training Loss: 0.3993
Validation Loss: 0.3926
New best model found with validation loss: 0.3926
Epoch [27/1000], Training Loss: 0.3981
Validation Loss: 0.3926
New best model found with validation loss: 0.3926
Epoch [28/1000], Training Loss: 0.3981
Validation Loss: 0.3926
New best model found with validation loss: 0.3926
Epoch [29/1000], Training Loss: 0.3980
Validation Loss: 0.3920
New best model found with validation loss: 0.3920
Epoch [30/1000], Training Loss: 0.3979
Validation Loss: 0.3976
No improvement in validation loss. Early stop counter: 1/10
Epoch [31/1000], Training Loss: 0.3957
Validation Loss: 0.3918
New best model found with validation loss: 0.3918
Epoch [32/1000], Training Loss: 0.3959
Validation Loss: 0.3939
No improvement in validation loss. Early stop counter: 1/10
Epoch [33/1000], Training Loss: 0.3967
Validation Loss: 0.3915
New best model found with validation loss: 0.3915
Epoch [34/1000], Training Loss: 0.3971
Validation Loss: 0.3916
No improvement in validation loss. Early stop counter: 1/10
Epoch [35/1000], Training Loss: 0.3964
Validation Loss: 0.3917
No improvement in validation loss. Early stop counter: 2/10
Epoch [36/1000], Training Loss: 0.3962
Validation Loss: 0.3914
New best model found with validation loss: 0.3914
Epoch [37/1000], Training Loss: 0.3960
Validation Loss: 0.3938
No improvement in validation loss. Early stop counter: 1/10
Epoch [38/1000], Training Loss: 0.3950
Validation Loss: 0.3916
No improvement in validation loss. Early stop counter: 2/10
Epoch [39/1000], Training Loss: 0.3950
Validation Loss: 0.3920
No improvement in validation loss. Early stop counter: 3/10
Epoch [40/1000], Training Loss: 0.3950
Validation Loss: 0.3915
No improvement in validation loss. Early stop counter: 4/10
Epoch [41/1000], Training Loss: 0.3948
Validation Loss: 0.3912
New best model found with validation loss: 0.3912
Epoch [42/1000], Training Loss: 0.3946
Validation Loss: 0.3910
New best model found with validation loss: 0.3910
Epoch [43/1000], Training Loss: 0.3950
Validation Loss: 0.3913
No improvement in validation loss. Early stop counter: 1/10
Epoch [44/1000], Training Loss: 0.3945
Validation Loss: 0.3910
New best model found with validation loss: 0.3910
Epoch [45/1000], Training Loss: 0.3954
Validation Loss: 0.3908
New best model found with validation loss: 0.3908
Epoch [46/1000], Training Loss: 0.3948
Validation Loss: 0.3914
No improvement in validation loss. Early stop counter: 1/10
Epoch [47/1000], Training Loss: 0.3942
Validation Loss: 0.3911
No improvement in validation loss. Early stop counter: 2/10
Epoch [48/1000], Training Loss: 0.3935
Validation Loss: 0.3914
No improvement in validation loss. Early stop counter: 3/10
Epoch [49/1000], Training Loss: 0.3944
Validation Loss: 0.3915
No improvement in validation loss. Early stop counter: 4/10
Epoch [50/1000], Training Loss: 0.3943
Validation Loss: 0.3907
New best model found with validation loss: 0.3907
Epoch [51/1000], Training Loss: 0.3948
Validation Loss: 0.3906
New best model found with validation loss: 0.3906
Epoch [52/1000], Training Loss: 0.3936
Validation Loss: 0.3906
New best model found with validation loss: 0.3906
Epoch [53/1000], Training Loss: 0.3939
Validation Loss: 0.3906
No improvement in validation loss. Early stop counter: 1/10
Epoch [54/1000], Training Loss: 0.3932
Validation Loss: 0.3912
No improvement in validation loss. Early stop counter: 2/10
Epoch [55/1000], Training Loss: 0.3937
Validation Loss: 0.3905
New best model found with validation loss: 0.3905
Epoch [56/1000], Training Loss: 0.3933
Validation Loss: 0.3905
No improvement in validation loss. Early stop counter: 1/10
Epoch [57/1000], Training Loss: 0.3948
Validation Loss: 0.3904
New best model found with validation loss: 0.3904
Epoch [58/1000], Training Loss: 0.3933
Validation Loss: 0.3915
No improvement in validation loss. Early stop counter: 1/10
Epoch [59/1000], Training Loss: 0.3936
Validation Loss: 0.3918
No improvement in validation loss. Early stop counter: 2/10
Epoch [60/1000], Training Loss: 0.3935
Validation Loss: 0.3904
New best model found with validation loss: 0.3904
Epoch [61/1000], Training Loss: 0.3941
Validation Loss: 0.3904
No improvement in validation loss. Early stop counter: 1/10
Epoch [62/1000], Training Loss: 0.3932
Validation Loss: 0.3905
No improvement in validation loss. Early stop counter: 2/10
Epoch [63/1000], Training Loss: 0.3931
Validation Loss: 0.3902
New best model found with validation loss: 0.3902
Epoch [64/1000], Training Loss: 0.3935
Validation Loss: 0.3903
No improvement in validation loss. Early stop counter: 1/10
Epoch [65/1000], Training Loss: 0.3933
Validation Loss: 0.3902
New best model found with validation loss: 0.3902
Epoch [66/1000], Training Loss: 0.3946
Validation Loss: 0.3903
No improvement in validation loss. Early stop counter: 1/10
Epoch [67/1000], Training Loss: 0.3946
Validation Loss: 0.3902
No improvement in validation loss. Early stop counter: 2/10
Epoch [68/1000], Training Loss: 0.3925
Validation Loss: 0.3902
New best model found with validation loss: 0.3902
Epoch [69/1000], Training Loss: 0.3931
Validation Loss: 0.3904
No improvement in validation loss. Early stop counter: 1/10
Epoch [70/1000], Training Loss: 0.3936
Validation Loss: 0.3903
No improvement in validation loss. Early stop counter: 2/10
Epoch [71/1000], Training Loss: 0.3930
Validation Loss: 0.3902
No improvement in validation loss. Early stop counter: 3/10
Epoch [72/1000], Training Loss: 0.3928
Validation Loss: 0.3902
New best model found with validation loss: 0.3902
Epoch [73/1000], Training Loss: 0.3938
Validation Loss: 0.3902
No improvement in validation loss. Early stop counter: 1/10
Epoch [74/1000], Training Loss: 0.3931
Validation Loss: 0.3903
No improvement in validation loss. Early stop counter: 2/10
Epoch [75/1000], Training Loss: 0.3922
Validation Loss: 0.3902
No improvement in validation loss. Early stop counter: 3/10
Epoch [76/1000], Training Loss: 0.3923
Validation Loss: 0.3904
No improvement in validation loss. Early stop counter: 4/10
Epoch [77/1000], Training Loss: 0.3931
Validation Loss: 0.3902
New best model found with validation loss: 0.3902
Epoch [78/1000], Training Loss: 0.3924
Validation Loss: 0.3902
No improvement in validation loss. Early stop counter: 1/10
Epoch [79/1000], Training Loss: 0.3924
Validation Loss: 0.3902
No improvement in validation loss. Early stop counter: 2/10
Epoch [80/1000], Training Loss: 0.3926
Validation Loss: 0.3901
New best model found with validation loss: 0.3901
Epoch [81/1000], Training Loss: 0.3933
Validation Loss: 0.3902
No improvement in validation loss. Early stop counter: 1/10
Epoch [82/1000], Training Loss: 0.3933
Validation Loss: 0.3902
No improvement in validation loss. Early stop counter: 2/10
Epoch [83/1000], Training Loss: 0.3932
Validation Loss: 0.3901
No improvement in validation loss. Early stop counter: 3/10
Epoch [84/1000], Training Loss: 0.3923
Validation Loss: 0.3902
No improvement in validation loss. Early stop counter: 4/10
Epoch [85/1000], Training Loss: 0.3927
Validation Loss: 0.3901
No improvement in validation loss. Early stop counter: 5/10
Epoch [86/1000], Training Loss: 0.3924
Validation Loss: 0.3901
No improvement in validation loss. Early stop counter: 6/10
Epoch [87/1000], Training Loss: 0.3925
Validation Loss: 0.3901
No improvement in validation loss. Early stop counter: 7/10
Epoch [88/1000], Training Loss: 0.3930
Validation Loss: 0.3901
New best model found with validation loss: 0.3901
Epoch [89/1000], Training Loss: 0.3924
Validation Loss: 0.3901
No improvement in validation loss. Early stop counter: 1/10
Epoch [90/1000], Training Loss: 0.3933
Validation Loss: 0.3901
No improvement in validation loss. Early stop counter: 2/10
Epoch [91/1000], Training Loss: 0.3927
Validation Loss: 0.3902
No improvement in validation loss. Early stop counter: 3/10
Epoch [92/1000], Training Loss: 0.3930
Validation Loss: 0.3902
No improvement in validation loss. Early stop counter: 4/10
Epoch [93/1000], Training Loss: 0.3934
Validation Loss: 0.3901
No improvement in validation loss. Early stop counter: 5/10
Epoch [94/1000], Training Loss: 0.3928
Validation Loss: 0.3901
No improvement in validation loss. Early stop counter: 6/10
Epoch [95/1000], Training Loss: 0.3936
Validation Loss: 0.3901
No improvement in validation loss. Early stop counter: 7/10
Epoch [96/1000], Training Loss: 0.3925
Validation Loss: 0.3901
No improvement in validation loss. Early stop counter: 8/10
Epoch [97/1000], Training Loss: 0.3925
Validation Loss: 0.3901
No improvement in validation loss. Early stop counter: 9/10
Epoch [98/1000], Training Loss: 0.3931
Validation Loss: 0.3901
No improvement in validation loss. Early stop counter: 10/10
Early stopping triggered after 98 epochs.
Best model for fold 2 saved successfully.

Starting Fold 3/5...
Initializing ClassificationModel with 2 GAT layers and residual connections...
Initializing MCModel with 2 GAT layers and 1 row attention layers...
Initializing CGModel with 2 GAT layers and residual connections...
Initializing CoreModel with 1 self-attention layers...
Using 4 GPUs with DataParallel.
Epoch [1/1000], Training Loss: 0.4458
Validation Loss: 0.4320
New best model found with validation loss: 0.4320
Epoch [2/1000], Training Loss: 0.4443
Validation Loss: 0.4194
New best model found with validation loss: 0.4194
Epoch [3/1000], Training Loss: 0.4378
Validation Loss: 0.4223
No improvement in validation loss. Early stop counter: 1/10
Epoch [4/1000], Training Loss: 0.4341
Validation Loss: 0.4299
No improvement in validation loss. Early stop counter: 2/10
Epoch [5/1000], Training Loss: 0.4287
Validation Loss: 0.4170
New best model found with validation loss: 0.4170
Epoch [6/1000], Training Loss: 0.4242
Validation Loss: 0.4077
New best model found with validation loss: 0.4077
Epoch [7/1000], Training Loss: 0.4292
Validation Loss: 0.4081
No improvement in validation loss. Early stop counter: 1/10
Epoch [8/1000], Training Loss: 0.4149
Validation Loss: 0.4070
New best model found with validation loss: 0.4070
Epoch [9/1000], Training Loss: 0.4104
Validation Loss: 0.4041
New best model found with validation loss: 0.4041
Epoch [10/1000], Training Loss: 0.4142
Validation Loss: 0.4043
No improvement in validation loss. Early stop counter: 1/10
Epoch [11/1000], Training Loss: 0.4059
Validation Loss: 0.3996
New best model found with validation loss: 0.3996
Epoch [12/1000], Training Loss: 0.4052
Validation Loss: 0.4037
No improvement in validation loss. Early stop counter: 1/10
Epoch [13/1000], Training Loss: 0.4048
Validation Loss: 0.4011
No improvement in validation loss. Early stop counter: 2/10
Epoch [14/1000], Training Loss: 0.4058
Validation Loss: 0.3988
New best model found with validation loss: 0.3988
Epoch [15/1000], Training Loss: 0.4049
Validation Loss: 0.4015
No improvement in validation loss. Early stop counter: 1/10
Epoch [16/1000], Training Loss: 0.4036
Validation Loss: 0.4017
No improvement in validation loss. Early stop counter: 2/10
Epoch [17/1000], Training Loss: 0.4022
Validation Loss: 0.4049
No improvement in validation loss. Early stop counter: 3/10
Epoch [18/1000], Training Loss: 0.4024
Validation Loss: 0.3978
New best model found with validation loss: 0.3978
Epoch [19/1000], Training Loss: 0.4005
Validation Loss: 0.3981
No improvement in validation loss. Early stop counter: 1/10
Epoch [20/1000], Training Loss: 0.3993
Validation Loss: 0.3978
No improvement in validation loss. Early stop counter: 2/10
Epoch [21/1000], Training Loss: 0.3986
Validation Loss: 0.3978
No improvement in validation loss. Early stop counter: 3/10
Epoch [22/1000], Training Loss: 0.3988
Validation Loss: 0.3970
New best model found with validation loss: 0.3970
Epoch [23/1000], Training Loss: 0.3975
Validation Loss: 0.3975
No improvement in validation loss. Early stop counter: 1/10
Epoch [24/1000], Training Loss: 0.3985
Validation Loss: 0.3976
No improvement in validation loss. Early stop counter: 2/10
Epoch [25/1000], Training Loss: 0.3980
Validation Loss: 0.3956
New best model found with validation loss: 0.3956
Epoch [26/1000], Training Loss: 0.3963
Validation Loss: 0.3968
No improvement in validation loss. Early stop counter: 1/10
Epoch [27/1000], Training Loss: 0.3976
Validation Loss: 0.3987
No improvement in validation loss. Early stop counter: 2/10
Epoch [28/1000], Training Loss: 0.3967
Validation Loss: 0.3991
No improvement in validation loss. Early stop counter: 3/10
Epoch [29/1000], Training Loss: 0.3966
Validation Loss: 0.3967
No improvement in validation loss. Early stop counter: 4/10
Epoch [30/1000], Training Loss: 0.3968
Validation Loss: 0.3967
No improvement in validation loss. Early stop counter: 5/10
Epoch [31/1000], Training Loss: 0.3964
Validation Loss: 0.3963
No improvement in validation loss. Early stop counter: 6/10
Epoch [32/1000], Training Loss: 0.3952
Validation Loss: 0.3971
No improvement in validation loss. Early stop counter: 7/10
Epoch [33/1000], Training Loss: 0.3952
Validation Loss: 0.3955
New best model found with validation loss: 0.3955
Epoch [34/1000], Training Loss: 0.3949
Validation Loss: 0.3957
No improvement in validation loss. Early stop counter: 1/10
Epoch [35/1000], Training Loss: 0.3957
Validation Loss: 0.3952
New best model found with validation loss: 0.3952
Epoch [36/1000], Training Loss: 0.3951
Validation Loss: 0.3959
No improvement in validation loss. Early stop counter: 1/10
Epoch [37/1000], Training Loss: 0.3962
Validation Loss: 0.3956
No improvement in validation loss. Early stop counter: 2/10
Epoch [38/1000], Training Loss: 0.3961
Validation Loss: 0.3959
No improvement in validation loss. Early stop counter: 3/10
Epoch [39/1000], Training Loss: 0.3959
Validation Loss: 0.3949
New best model found with validation loss: 0.3949
Epoch [40/1000], Training Loss: 0.3952
Validation Loss: 0.3960
No improvement in validation loss. Early stop counter: 1/10
Epoch [41/1000], Training Loss: 0.3945
Validation Loss: 0.3956
No improvement in validation loss. Early stop counter: 2/10
Epoch [42/1000], Training Loss: 0.3940
Validation Loss: 0.3951
No improvement in validation loss. Early stop counter: 3/10
Epoch [43/1000], Training Loss: 0.3941
Validation Loss: 0.3948
New best model found with validation loss: 0.3948
Epoch [44/1000], Training Loss: 0.3946
Validation Loss: 0.3952
No improvement in validation loss. Early stop counter: 1/10
Epoch [45/1000], Training Loss: 0.3936
Validation Loss: 0.3945
New best model found with validation loss: 0.3945
Epoch [46/1000], Training Loss: 0.3943
Validation Loss: 0.3955
No improvement in validation loss. Early stop counter: 1/10
Epoch [47/1000], Training Loss: 0.3934
Validation Loss: 0.3951
No improvement in validation loss. Early stop counter: 2/10
Epoch [48/1000], Training Loss: 0.3934
Validation Loss: 0.3961
No improvement in validation loss. Early stop counter: 3/10
Epoch [49/1000], Training Loss: 0.3937
Validation Loss: 0.3948
No improvement in validation loss. Early stop counter: 4/10
Epoch [50/1000], Training Loss: 0.3939
Validation Loss: 0.3957
No improvement in validation loss. Early stop counter: 5/10
Epoch [51/1000], Training Loss: 0.3937
Validation Loss: 0.3945
New best model found with validation loss: 0.3945
Epoch [52/1000], Training Loss: 0.3924
Validation Loss: 0.3947
No improvement in validation loss. Early stop counter: 1/10
Epoch [53/1000], Training Loss: 0.3943
Validation Loss: 0.3947
No improvement in validation loss. Early stop counter: 2/10
Epoch [54/1000], Training Loss: 0.3931
Validation Loss: 0.3948
No improvement in validation loss. Early stop counter: 3/10
Epoch [55/1000], Training Loss: 0.3936
Validation Loss: 0.3948
No improvement in validation loss. Early stop counter: 4/10
Epoch [56/1000], Training Loss: 0.3933
Validation Loss: 0.3958
No improvement in validation loss. Early stop counter: 5/10
Epoch [57/1000], Training Loss: 0.3932
Validation Loss: 0.3947
No improvement in validation loss. Early stop counter: 6/10
Epoch [58/1000], Training Loss: 0.3926
Validation Loss: 0.3945
No improvement in validation loss. Early stop counter: 7/10
Epoch [59/1000], Training Loss: 0.3928
Validation Loss: 0.3947
No improvement in validation loss. Early stop counter: 8/10
Epoch [60/1000], Training Loss: 0.3933
Validation Loss: 0.3947
No improvement in validation loss. Early stop counter: 9/10
Epoch [61/1000], Training Loss: 0.3923
Validation Loss: 0.3942
New best model found with validation loss: 0.3942
Epoch [62/1000], Training Loss: 0.3928
Validation Loss: 0.3942
No improvement in validation loss. Early stop counter: 1/10
Epoch [63/1000], Training Loss: 0.3933
Validation Loss: 0.3943
No improvement in validation loss. Early stop counter: 2/10
Epoch [64/1000], Training Loss: 0.3926
Validation Loss: 0.3947
No improvement in validation loss. Early stop counter: 3/10
Epoch [65/1000], Training Loss: 0.3930
Validation Loss: 0.3944
No improvement in validation loss. Early stop counter: 4/10
Epoch [66/1000], Training Loss: 0.3930
Validation Loss: 0.3943
No improvement in validation loss. Early stop counter: 5/10
Epoch [67/1000], Training Loss: 0.3927
Validation Loss: 0.3949
No improvement in validation loss. Early stop counter: 6/10
Epoch [68/1000], Training Loss: 0.3926
Validation Loss: 0.3943
No improvement in validation loss. Early stop counter: 7/10
Epoch [69/1000], Training Loss: 0.3936
Validation Loss: 0.3945
No improvement in validation loss. Early stop counter: 8/10
Epoch [70/1000], Training Loss: 0.3925
Validation Loss: 0.3943
No improvement in validation loss. Early stop counter: 9/10
Epoch [71/1000], Training Loss: 0.3923
Validation Loss: 0.3942
No improvement in validation loss. Early stop counter: 10/10
Early stopping triggered after 71 epochs.
Best model for fold 3 saved successfully.

Starting Fold 4/5...
Initializing ClassificationModel with 2 GAT layers and residual connections...
Initializing MCModel with 2 GAT layers and 1 row attention layers...
Initializing CGModel with 2 GAT layers and residual connections...
Initializing CoreModel with 1 self-attention layers...
Using 4 GPUs with DataParallel.
Epoch [1/1000], Training Loss: 0.4410
Validation Loss: 0.4388
New best model found with validation loss: 0.4388
Epoch [2/1000], Training Loss: 0.4342
Validation Loss: 0.4531
No improvement in validation loss. Early stop counter: 1/10
Epoch [3/1000], Training Loss: 0.4298
Validation Loss: 0.4342
New best model found with validation loss: 0.4342
Epoch [4/1000], Training Loss: 0.4288
Validation Loss: 0.4385
No improvement in validation loss. Early stop counter: 1/10
Epoch [5/1000], Training Loss: 0.4199
Validation Loss: 0.4261
New best model found with validation loss: 0.4261
Epoch [6/1000], Training Loss: 0.4181
Validation Loss: 0.4268
No improvement in validation loss. Early stop counter: 1/10
Epoch [7/1000], Training Loss: 0.4123
Validation Loss: 0.4169
New best model found with validation loss: 0.4169
Epoch [8/1000], Training Loss: 0.4117
Validation Loss: 0.4554
No improvement in validation loss. Early stop counter: 1/10
Epoch [9/1000], Training Loss: 0.4099
Validation Loss: 0.4162
New best model found with validation loss: 0.4162
Epoch [10/1000], Training Loss: 0.4079
Validation Loss: 0.4126
New best model found with validation loss: 0.4126
Epoch [11/1000], Training Loss: 0.4023
Validation Loss: 0.4123
New best model found with validation loss: 0.4123
Epoch [12/1000], Training Loss: 0.4016
Validation Loss: 0.4118
New best model found with validation loss: 0.4118
Epoch [13/1000], Training Loss: 0.4016
Validation Loss: 0.4112
New best model found with validation loss: 0.4112
Epoch [14/1000], Training Loss: 0.4013
Validation Loss: 0.4099
New best model found with validation loss: 0.4099
Epoch [15/1000], Training Loss: 0.4010
Validation Loss: 0.4101
No improvement in validation loss. Early stop counter: 1/10
Epoch [16/1000], Training Loss: 0.3997
Validation Loss: 0.4104
No improvement in validation loss. Early stop counter: 2/10
Epoch [17/1000], Training Loss: 0.4000
Validation Loss: 0.4101
No improvement in validation loss. Early stop counter: 3/10
Epoch [18/1000], Training Loss: 0.4008
Validation Loss: 0.4100
No improvement in validation loss. Early stop counter: 4/10
Epoch [19/1000], Training Loss: 0.3996
Validation Loss: 0.4089
New best model found with validation loss: 0.4089
Epoch [20/1000], Training Loss: 0.3982
Validation Loss: 0.4080
New best model found with validation loss: 0.4080
Epoch [21/1000], Training Loss: 0.3971
Validation Loss: 0.4134
No improvement in validation loss. Early stop counter: 1/10
Epoch [22/1000], Training Loss: 0.3956
Validation Loss: 0.4072
New best model found with validation loss: 0.4072
Epoch [23/1000], Training Loss: 0.3966
Validation Loss: 0.4071
New best model found with validation loss: 0.4071
Epoch [24/1000], Training Loss: 0.3962
Validation Loss: 0.4066
New best model found with validation loss: 0.4066
Epoch [25/1000], Training Loss: 0.3958
Validation Loss: 0.4064
New best model found with validation loss: 0.4064
Epoch [26/1000], Training Loss: 0.3966
Validation Loss: 0.4066
No improvement in validation loss. Early stop counter: 1/10
Epoch [27/1000], Training Loss: 0.3953
Validation Loss: 0.4056
New best model found with validation loss: 0.4056
Epoch [28/1000], Training Loss: 0.3948
Validation Loss: 0.4073
No improvement in validation loss. Early stop counter: 1/10
Epoch [29/1000], Training Loss: 0.3953
Validation Loss: 0.4065
No improvement in validation loss. Early stop counter: 2/10
Epoch [30/1000], Training Loss: 0.3962
Validation Loss: 0.4071
No improvement in validation loss. Early stop counter: 3/10
Epoch [31/1000], Training Loss: 0.3943
Validation Loss: 0.4049
New best model found with validation loss: 0.4049
Epoch [32/1000], Training Loss: 0.3943
Validation Loss: 0.4046
New best model found with validation loss: 0.4046
Epoch [33/1000], Training Loss: 0.3940
Validation Loss: 0.4052
No improvement in validation loss. Early stop counter: 1/10
Epoch [34/1000], Training Loss: 0.3937
Validation Loss: 0.4046
New best model found with validation loss: 0.4046
Epoch [35/1000], Training Loss: 0.3936
Validation Loss: 0.4044
New best model found with validation loss: 0.4044
Epoch [36/1000], Training Loss: 0.3938
Validation Loss: 0.4044
New best model found with validation loss: 0.4044
Epoch [37/1000], Training Loss: 0.3939
Validation Loss: 0.4052
No improvement in validation loss. Early stop counter: 1/10
Epoch [38/1000], Training Loss: 0.3943
Validation Loss: 0.4054
No improvement in validation loss. Early stop counter: 2/10
Epoch [39/1000], Training Loss: 0.3927
Validation Loss: 0.4052
No improvement in validation loss. Early stop counter: 3/10
Epoch [40/1000], Training Loss: 0.3933
Validation Loss: 0.4048
No improvement in validation loss. Early stop counter: 4/10
Epoch [41/1000], Training Loss: 0.3922
Validation Loss: 0.4041
New best model found with validation loss: 0.4041
Epoch [42/1000], Training Loss: 0.3925
Validation Loss: 0.4036
New best model found with validation loss: 0.4036
Epoch [43/1000], Training Loss: 0.3913
Validation Loss: 0.4035
New best model found with validation loss: 0.4035
Epoch [44/1000], Training Loss: 0.3925
Validation Loss: 0.4039
No improvement in validation loss. Early stop counter: 1/10
Epoch [45/1000], Training Loss: 0.3923
Validation Loss: 0.4035
New best model found with validation loss: 0.4035
Epoch [46/1000], Training Loss: 0.3922
Validation Loss: 0.4033
New best model found with validation loss: 0.4033
Epoch [47/1000], Training Loss: 0.3918
Validation Loss: 0.4040
No improvement in validation loss. Early stop counter: 1/10
Epoch [48/1000], Training Loss: 0.3925
Validation Loss: 0.4041
No improvement in validation loss. Early stop counter: 2/10
Epoch [49/1000], Training Loss: 0.3917
Validation Loss: 0.4034
No improvement in validation loss. Early stop counter: 3/10
Epoch [50/1000], Training Loss: 0.3915
Validation Loss: 0.4036
No improvement in validation loss. Early stop counter: 4/10
Epoch [51/1000], Training Loss: 0.3920
Validation Loss: 0.4035
No improvement in validation loss. Early stop counter: 5/10
Epoch [52/1000], Training Loss: 0.3910
Validation Loss: 0.4038
No improvement in validation loss. Early stop counter: 6/10
Epoch [53/1000], Training Loss: 0.3915
Validation Loss: 0.4032
New best model found with validation loss: 0.4032
Epoch [54/1000], Training Loss: 0.3921
Validation Loss: 0.4031
New best model found with validation loss: 0.4031
Epoch [55/1000], Training Loss: 0.3918
Validation Loss: 0.4032
No improvement in validation loss. Early stop counter: 1/10
Epoch [56/1000], Training Loss: 0.3914
Validation Loss: 0.4029
New best model found with validation loss: 0.4029
Epoch [57/1000], Training Loss: 0.3911
Validation Loss: 0.4031
No improvement in validation loss. Early stop counter: 1/10
Epoch [58/1000], Training Loss: 0.3917
Validation Loss: 0.4029
New best model found with validation loss: 0.4029
Epoch [59/1000], Training Loss: 0.3920
Validation Loss: 0.4030
No improvement in validation loss. Early stop counter: 1/10
Epoch [60/1000], Training Loss: 0.3915
Validation Loss: 0.4035
No improvement in validation loss. Early stop counter: 2/10
Epoch [61/1000], Training Loss: 0.3911
Validation Loss: 0.4029
No improvement in validation loss. Early stop counter: 3/10
Epoch [62/1000], Training Loss: 0.3911
Validation Loss: 0.4028
New best model found with validation loss: 0.4028
Epoch [63/1000], Training Loss: 0.3915
Validation Loss: 0.4027
New best model found with validation loss: 0.4027
Epoch [64/1000], Training Loss: 0.3913
Validation Loss: 0.4027
No improvement in validation loss. Early stop counter: 1/10
Epoch [65/1000], Training Loss: 0.3908
Validation Loss: 0.4028
No improvement in validation loss. Early stop counter: 2/10
Epoch [66/1000], Training Loss: 0.3909
Validation Loss: 0.4027
No improvement in validation loss. Early stop counter: 3/10
Epoch [67/1000], Training Loss: 0.3910
Validation Loss: 0.4027
New best model found with validation loss: 0.4027
Epoch [68/1000], Training Loss: 0.3908
Validation Loss: 0.4026
New best model found with validation loss: 0.4026
Epoch [69/1000], Training Loss: 0.3908
Validation Loss: 0.4028
No improvement in validation loss. Early stop counter: 1/10
Epoch [70/1000], Training Loss: 0.3905
Validation Loss: 0.4027
No improvement in validation loss. Early stop counter: 2/10
Epoch [71/1000], Training Loss: 0.3901
Validation Loss: 0.4026
No improvement in validation loss. Early stop counter: 3/10
Epoch [72/1000], Training Loss: 0.3910
Validation Loss: 0.4026
New best model found with validation loss: 0.4026
Epoch [73/1000], Training Loss: 0.3906
Validation Loss: 0.4026
No improvement in validation loss. Early stop counter: 1/10
Epoch [74/1000], Training Loss: 0.3909
Validation Loss: 0.4026
New best model found with validation loss: 0.4026
Epoch [75/1000], Training Loss: 0.3902
Validation Loss: 0.4026
No improvement in validation loss. Early stop counter: 1/10
Epoch [76/1000], Training Loss: 0.3909
Validation Loss: 0.4026
New best model found with validation loss: 0.4026
Epoch [77/1000], Training Loss: 0.3902
Validation Loss: 0.4026
New best model found with validation loss: 0.4026
Epoch [78/1000], Training Loss: 0.3906
Validation Loss: 0.4026
No improvement in validation loss. Early stop counter: 1/10
Epoch [79/1000], Training Loss: 0.3900
Validation Loss: 0.4025
New best model found with validation loss: 0.4025
Epoch [80/1000], Training Loss: 0.3906
Validation Loss: 0.4026
No improvement in validation loss. Early stop counter: 1/10
Epoch [81/1000], Training Loss: 0.3903
Validation Loss: 0.4025
New best model found with validation loss: 0.4025
Epoch [82/1000], Training Loss: 0.3904
Validation Loss: 0.4025
New best model found with validation loss: 0.4025
Epoch [83/1000], Training Loss: 0.3911
Validation Loss: 0.4025
No improvement in validation loss. Early stop counter: 1/10
Epoch [84/1000], Training Loss: 0.3907
Validation Loss: 0.4025
No improvement in validation loss. Early stop counter: 2/10
Epoch [85/1000], Training Loss: 0.3906
Validation Loss: 0.4026
No improvement in validation loss. Early stop counter: 3/10
Epoch [86/1000], Training Loss: 0.3908
Validation Loss: 0.4026
No improvement in validation loss. Early stop counter: 4/10
Epoch [87/1000], Training Loss: 0.3906
Validation Loss: 0.4025
New best model found with validation loss: 0.4025
Epoch [88/1000], Training Loss: 0.3909
Validation Loss: 0.4025
No improvement in validation loss. Early stop counter: 1/10
Epoch [89/1000], Training Loss: 0.3907
Validation Loss: 0.4025
No improvement in validation loss. Early stop counter: 2/10
Epoch [90/1000], Training Loss: 0.3906
Validation Loss: 0.4025
No improvement in validation loss. Early stop counter: 3/10
Epoch [91/1000], Training Loss: 0.3909
Validation Loss: 0.4025
No improvement in validation loss. Early stop counter: 4/10
Epoch [92/1000], Training Loss: 0.3902
Validation Loss: 0.4025
No improvement in validation loss. Early stop counter: 5/10
Epoch [93/1000], Training Loss: 0.3905
Validation Loss: 0.4025
No improvement in validation loss. Early stop counter: 6/10
Epoch [94/1000], Training Loss: 0.3909
Validation Loss: 0.4025
New best model found with validation loss: 0.4025
Epoch [95/1000], Training Loss: 0.3906
Validation Loss: 0.4025
No improvement in validation loss. Early stop counter: 1/10
Epoch [96/1000], Training Loss: 0.3911
Validation Loss: 0.4025
No improvement in validation loss. Early stop counter: 2/10
Epoch [97/1000], Training Loss: 0.3903
Validation Loss: 0.4025
New best model found with validation loss: 0.4025
Epoch [98/1000], Training Loss: 0.3908
Validation Loss: 0.4025
New best model found with validation loss: 0.4025
Epoch [99/1000], Training Loss: 0.3904
Validation Loss: 0.4025
No improvement in validation loss. Early stop counter: 1/10
Epoch [100/1000], Training Loss: 0.3902
Validation Loss: 0.4025
New best model found with validation loss: 0.4025
Epoch [101/1000], Training Loss: 0.3901
Validation Loss: 0.4025
No improvement in validation loss. Early stop counter: 1/10
Epoch [102/1000], Training Loss: 0.3907
Validation Loss: 0.4025
New best model found with validation loss: 0.4025
Epoch [103/1000], Training Loss: 0.3902
Validation Loss: 0.4025
New best model found with validation loss: 0.4025
Epoch [104/1000], Training Loss: 0.3905
Validation Loss: 0.4025
No improvement in validation loss. Early stop counter: 1/10
Epoch [105/1000], Training Loss: 0.3905
Validation Loss: 0.4025
No improvement in validation loss. Early stop counter: 2/10
Epoch [106/1000], Training Loss: 0.3914
Validation Loss: 0.4025
No improvement in validation loss. Early stop counter: 3/10
Epoch [107/1000], Training Loss: 0.3906
Validation Loss: 0.4025
No improvement in validation loss. Early stop counter: 4/10
Epoch [108/1000], Training Loss: 0.3904
Validation Loss: 0.4025
No improvement in validation loss. Early stop counter: 5/10
Epoch [109/1000], Training Loss: 0.3900
Validation Loss: 0.4025
New best model found with validation loss: 0.4025
Epoch [110/1000], Training Loss: 0.3905
Validation Loss: 0.4025
No improvement in validation loss. Early stop counter: 1/10
Epoch [111/1000], Training Loss: 0.3907
Validation Loss: 0.4025
No improvement in validation loss. Early stop counter: 2/10
Epoch [112/1000], Training Loss: 0.3898
Validation Loss: 0.4024
New best model found with validation loss: 0.4024
Epoch [113/1000], Training Loss: 0.3901
Validation Loss: 0.4024
New best model found with validation loss: 0.4024
Epoch [114/1000], Training Loss: 0.3904
Validation Loss: 0.4025
No improvement in validation loss. Early stop counter: 1/10
Epoch [115/1000], Training Loss: 0.3910
Validation Loss: 0.4025
No improvement in validation loss. Early stop counter: 2/10
Epoch [116/1000], Training Loss: 0.3908
Validation Loss: 0.4025
No improvement in validation loss. Early stop counter: 3/10
Epoch [117/1000], Training Loss: 0.3908
Validation Loss: 0.4025
No improvement in validation loss. Early stop counter: 4/10
Epoch [118/1000], Training Loss: 0.3909
Validation Loss: 0.4024
New best model found with validation loss: 0.4024
Epoch [119/1000], Training Loss: 0.3909
Validation Loss: 0.4024
New best model found with validation loss: 0.4024
Epoch [120/1000], Training Loss: 0.3908
Validation Loss: 0.4024
No improvement in validation loss. Early stop counter: 1/10
Epoch [121/1000], Training Loss: 0.3907
Validation Loss: 0.4024
No improvement in validation loss. Early stop counter: 2/10
Epoch [122/1000], Training Loss: 0.3903
Validation Loss: 0.4024
New best model found with validation loss: 0.4024
Epoch [123/1000], Training Loss: 0.3902
Validation Loss: 0.4024
No improvement in validation loss. Early stop counter: 1/10
Epoch [124/1000], Training Loss: 0.3911
Validation Loss: 0.4024
No improvement in validation loss. Early stop counter: 2/10
Epoch [125/1000], Training Loss: 0.3906
Validation Loss: 0.4024
No improvement in validation loss. Early stop counter: 3/10
Epoch [126/1000], Training Loss: 0.3911
Validation Loss: 0.4024
No improvement in validation loss. Early stop counter: 4/10
Epoch [127/1000], Training Loss: 0.3911
Validation Loss: 0.4024
No improvement in validation loss. Early stop counter: 5/10
Epoch [128/1000], Training Loss: 0.3901
Validation Loss: 0.4024
No improvement in validation loss. Early stop counter: 6/10
Epoch [129/1000], Training Loss: 0.3895
Validation Loss: 0.4024
No improvement in validation loss. Early stop counter: 7/10
Epoch [130/1000], Training Loss: 0.3902
Validation Loss: 0.4024
No improvement in validation loss. Early stop counter: 8/10
Epoch [131/1000], Training Loss: 0.3913
Validation Loss: 0.4024
New best model found with validation loss: 0.4024
Epoch [132/1000], Training Loss: 0.3908
Validation Loss: 0.4024
No improvement in validation loss. Early stop counter: 1/10
Epoch [133/1000], Training Loss: 0.3908
Validation Loss: 0.4024
No improvement in validation loss. Early stop counter: 2/10
Epoch [134/1000], Training Loss: 0.3904
Validation Loss: 0.4024
New best model found with validation loss: 0.4024
Epoch [135/1000], Training Loss: 0.3909
Validation Loss: 0.4024
No improvement in validation loss. Early stop counter: 1/10
Epoch [136/1000], Training Loss: 0.3909
Validation Loss: 0.4024
No improvement in validation loss. Early stop counter: 2/10
Epoch [137/1000], Training Loss: 0.3902
Validation Loss: 0.4024
New best model found with validation loss: 0.4024
Epoch [138/1000], Training Loss: 0.3907
Validation Loss: 0.4024
No improvement in validation loss. Early stop counter: 1/10
Epoch [139/1000], Training Loss: 0.3906
Validation Loss: 0.4024
No improvement in validation loss. Early stop counter: 2/10
Epoch [140/1000], Training Loss: 0.3903
Validation Loss: 0.4024
No improvement in validation loss. Early stop counter: 3/10
Epoch [141/1000], Training Loss: 0.3908
Validation Loss: 0.4024
No improvement in validation loss. Early stop counter: 4/10
Epoch [142/1000], Training Loss: 0.3904
Validation Loss: 0.4024
No improvement in validation loss. Early stop counter: 5/10
Epoch [143/1000], Training Loss: 0.3905
Validation Loss: 0.4024
No improvement in validation loss. Early stop counter: 6/10
Epoch [144/1000], Training Loss: 0.3913
Validation Loss: 0.4024
No improvement in validation loss. Early stop counter: 7/10
Epoch [145/1000], Training Loss: 0.3905
Validation Loss: 0.4024
No improvement in validation loss. Early stop counter: 8/10
Epoch [146/1000], Training Loss: 0.3903
Validation Loss: 0.4024
No improvement in validation loss. Early stop counter: 9/10
Epoch [147/1000], Training Loss: 0.3904
Validation Loss: 0.4024
No improvement in validation loss. Early stop counter: 10/10
Early stopping triggered after 147 epochs.
Best model for fold 4 saved successfully.

Starting Fold 5/5...
Initializing ClassificationModel with 2 GAT layers and residual connections...
Initializing MCModel with 2 GAT layers and 1 row attention layers...
Initializing CGModel with 2 GAT layers and residual connections...
Initializing CoreModel with 1 self-attention layers...
Using 4 GPUs with DataParallel.
Epoch [1/1000], Training Loss: 0.4513
Validation Loss: 0.4385
New best model found with validation loss: 0.4385
Epoch [2/1000], Training Loss: 0.4349
Validation Loss: 0.4360
New best model found with validation loss: 0.4360
Epoch [3/1000], Training Loss: 0.4284
Validation Loss: 0.4386
No improvement in validation loss. Early stop counter: 1/10
Epoch [4/1000], Training Loss: 0.4290
Validation Loss: 0.4548
No improvement in validation loss. Early stop counter: 2/10
Epoch [5/1000], Training Loss: 0.4303
Validation Loss: 0.4350
New best model found with validation loss: 0.4350
Epoch [6/1000], Training Loss: 0.4212
Validation Loss: 0.4226
New best model found with validation loss: 0.4226
Epoch [7/1000], Training Loss: 0.4190
Validation Loss: 0.4233
No improvement in validation loss. Early stop counter: 1/10
Epoch [8/1000], Training Loss: 0.4126
Validation Loss: 0.4167
New best model found with validation loss: 0.4167
Epoch [9/1000], Training Loss: 0.4119
Validation Loss: 0.4172
No improvement in validation loss. Early stop counter: 1/10
Epoch [10/1000], Training Loss: 0.4089
Validation Loss: 0.4159
New best model found with validation loss: 0.4159
Epoch [11/1000], Training Loss: 0.4026
Validation Loss: 0.4108
New best model found with validation loss: 0.4108
Epoch [12/1000], Training Loss: 0.4021
Validation Loss: 0.4111
No improvement in validation loss. Early stop counter: 1/10
Epoch [13/1000], Training Loss: 0.4038
Validation Loss: 0.4097
New best model found with validation loss: 0.4097
Epoch [14/1000], Training Loss: 0.4005
Validation Loss: 0.4107
No improvement in validation loss. Early stop counter: 1/10
Epoch [15/1000], Training Loss: 0.4016
Validation Loss: 0.4108
No improvement in validation loss. Early stop counter: 2/10
Epoch [16/1000], Training Loss: 0.4007
Validation Loss: 0.4080
New best model found with validation loss: 0.4080
Epoch [17/1000], Training Loss: 0.3988
Validation Loss: 0.4076
New best model found with validation loss: 0.4076
Epoch [18/1000], Training Loss: 0.3998
Validation Loss: 0.4086
No improvement in validation loss. Early stop counter: 1/10
Epoch [19/1000], Training Loss: 0.3995
Validation Loss: 0.4119
No improvement in validation loss. Early stop counter: 2/10
Epoch [20/1000], Training Loss: 0.3973
Validation Loss: 0.4101
No improvement in validation loss. Early stop counter: 3/10
Epoch [21/1000], Training Loss: 0.3967
Validation Loss: 0.4085
No improvement in validation loss. Early stop counter: 4/10
Epoch [22/1000], Training Loss: 0.3965
Validation Loss: 0.4055
New best model found with validation loss: 0.4055
Epoch [23/1000], Training Loss: 0.3962
Validation Loss: 0.4078
No improvement in validation loss. Early stop counter: 1/10
Epoch [24/1000], Training Loss: 0.3951
Validation Loss: 0.4056
No improvement in validation loss. Early stop counter: 2/10
Epoch [25/1000], Training Loss: 0.3942
Validation Loss: 0.4054
New best model found with validation loss: 0.4054
Epoch [26/1000], Training Loss: 0.3955
Validation Loss: 0.4059
No improvement in validation loss. Early stop counter: 1/10
Epoch [27/1000], Training Loss: 0.3951
Validation Loss: 0.4071
No improvement in validation loss. Early stop counter: 2/10
Epoch [28/1000], Training Loss: 0.3953
Validation Loss: 0.4054
New best model found with validation loss: 0.4054
Epoch [29/1000], Training Loss: 0.3950
Validation Loss: 0.4058
No improvement in validation loss. Early stop counter: 1/10
Epoch [30/1000], Training Loss: 0.3940
Validation Loss: 0.4052
New best model found with validation loss: 0.4052
Epoch [31/1000], Training Loss: 0.3935
Validation Loss: 0.4046
New best model found with validation loss: 0.4046
Epoch [32/1000], Training Loss: 0.3928
Validation Loss: 0.4047
No improvement in validation loss. Early stop counter: 1/10
Epoch [33/1000], Training Loss: 0.3924
Validation Loss: 0.4041
New best model found with validation loss: 0.4041
Epoch [34/1000], Training Loss: 0.3929
Validation Loss: 0.4041
No improvement in validation loss. Early stop counter: 1/10
Epoch [35/1000], Training Loss: 0.3929
Validation Loss: 0.4045
No improvement in validation loss. Early stop counter: 2/10
Epoch [36/1000], Training Loss: 0.3927
Validation Loss: 0.4053
No improvement in validation loss. Early stop counter: 3/10
Epoch [37/1000], Training Loss: 0.3931
Validation Loss: 0.4038
New best model found with validation loss: 0.4038
Epoch [38/1000], Training Loss: 0.3925
Validation Loss: 0.4043
No improvement in validation loss. Early stop counter: 1/10
Epoch [39/1000], Training Loss: 0.3929
Validation Loss: 0.4060
No improvement in validation loss. Early stop counter: 2/10
Epoch [40/1000], Training Loss: 0.3926
Validation Loss: 0.4038
No improvement in validation loss. Early stop counter: 3/10
Epoch [41/1000], Training Loss: 0.3924
Validation Loss: 0.4065
No improvement in validation loss. Early stop counter: 4/10
Epoch [42/1000], Training Loss: 0.3915
Validation Loss: 0.4040
No improvement in validation loss. Early stop counter: 5/10
Epoch [43/1000], Training Loss: 0.3919
Validation Loss: 0.4039
No improvement in validation loss. Early stop counter: 6/10
Epoch [44/1000], Training Loss: 0.3921
Validation Loss: 0.4045
No improvement in validation loss. Early stop counter: 7/10
Epoch [45/1000], Training Loss: 0.3922
Validation Loss: 0.4040
No improvement in validation loss. Early stop counter: 8/10
Epoch [46/1000], Training Loss: 0.3914
Validation Loss: 0.4045
No improvement in validation loss. Early stop counter: 9/10
Epoch [47/1000], Training Loss: 0.3909
Validation Loss: 0.4036
New best model found with validation loss: 0.4036
Epoch [48/1000], Training Loss: 0.3926
Validation Loss: 0.4038
No improvement in validation loss. Early stop counter: 1/10
Epoch [49/1000], Training Loss: 0.3926
Validation Loss: 0.4036
No improvement in validation loss. Early stop counter: 2/10
Epoch [50/1000], Training Loss: 0.3916
Validation Loss: 0.4038
No improvement in validation loss. Early stop counter: 3/10
Epoch [51/1000], Training Loss: 0.3919
Validation Loss: 0.4033
New best model found with validation loss: 0.4033
Epoch [52/1000], Training Loss: 0.3913
Validation Loss: 0.4035
No improvement in validation loss. Early stop counter: 1/10
Epoch [53/1000], Training Loss: 0.3903
Validation Loss: 0.4032
New best model found with validation loss: 0.4032
Epoch [54/1000], Training Loss: 0.3915
Validation Loss: 0.4034
No improvement in validation loss. Early stop counter: 1/10
Epoch [55/1000], Training Loss: 0.3921
Validation Loss: 0.4035
No improvement in validation loss. Early stop counter: 2/10
Epoch [56/1000], Training Loss: 0.3921
Validation Loss: 0.4038
No improvement in validation loss. Early stop counter: 3/10
Epoch [57/1000], Training Loss: 0.3919
Validation Loss: 0.4041
No improvement in validation loss. Early stop counter: 4/10
Epoch [58/1000], Training Loss: 0.3908
Validation Loss: 0.4033
No improvement in validation loss. Early stop counter: 5/10
Epoch [59/1000], Training Loss: 0.3911
Validation Loss: 0.4031
New best model found with validation loss: 0.4031
Epoch [60/1000], Training Loss: 0.3911
Validation Loss: 0.4033
No improvement in validation loss. Early stop counter: 1/10
Epoch [61/1000], Training Loss: 0.3902
Validation Loss: 0.4034
No improvement in validation loss. Early stop counter: 2/10
Epoch [62/1000], Training Loss: 0.3907
Validation Loss: 0.4031
No improvement in validation loss. Early stop counter: 3/10
Epoch [63/1000], Training Loss: 0.3907
Validation Loss: 0.4036
No improvement in validation loss. Early stop counter: 4/10
Epoch [64/1000], Training Loss: 0.3909
Validation Loss: 0.4030
New best model found with validation loss: 0.4030
Epoch [65/1000], Training Loss: 0.3904
Validation Loss: 0.4031
No improvement in validation loss. Early stop counter: 1/10
Epoch [66/1000], Training Loss: 0.3907
Validation Loss: 0.4032
No improvement in validation loss. Early stop counter: 2/10
Epoch [67/1000], Training Loss: 0.3899
Validation Loss: 0.4031
No improvement in validation loss. Early stop counter: 3/10
Epoch [68/1000], Training Loss: 0.3910
Validation Loss: 0.4032
No improvement in validation loss. Early stop counter: 4/10
Epoch [69/1000], Training Loss: 0.3907
Validation Loss: 0.4031
No improvement in validation loss. Early stop counter: 5/10
Epoch [70/1000], Training Loss: 0.3908
Validation Loss: 0.4030
New best model found with validation loss: 0.4030
Epoch [71/1000], Training Loss: 0.3909
Validation Loss: 0.4031
No improvement in validation loss. Early stop counter: 1/10
Epoch [72/1000], Training Loss: 0.3911
Validation Loss: 0.4030
New best model found with validation loss: 0.4030
Epoch [73/1000], Training Loss: 0.3900
Validation Loss: 0.4030
New best model found with validation loss: 0.4030
Epoch [74/1000], Training Loss: 0.3910
Validation Loss: 0.4030
New best model found with validation loss: 0.4030
Epoch [75/1000], Training Loss: 0.3904
Validation Loss: 0.4030
No improvement in validation loss. Early stop counter: 1/10
Epoch [76/1000], Training Loss: 0.3901
Validation Loss: 0.4032
No improvement in validation loss. Early stop counter: 2/10
Epoch [77/1000], Training Loss: 0.3907
Validation Loss: 0.4032
No improvement in validation loss. Early stop counter: 3/10
Epoch [78/1000], Training Loss: 0.3897
Validation Loss: 0.4031
No improvement in validation loss. Early stop counter: 4/10
Epoch [79/1000], Training Loss: 0.3907
Validation Loss: 0.4030
No improvement in validation loss. Early stop counter: 5/10
Epoch [80/1000], Training Loss: 0.3909
Validation Loss: 0.4030
New best model found with validation loss: 0.4030
Epoch [81/1000], Training Loss: 0.3905
Validation Loss: 0.4030
No improvement in validation loss. Early stop counter: 1/10
Epoch [82/1000], Training Loss: 0.3906
Validation Loss: 0.4030
New best model found with validation loss: 0.4030
Epoch [83/1000], Training Loss: 0.3901
Validation Loss: 0.4030
No improvement in validation loss. Early stop counter: 1/10
Epoch [84/1000], Training Loss: 0.3902
Validation Loss: 0.4030
No improvement in validation loss. Early stop counter: 2/10
Epoch [85/1000], Training Loss: 0.3904
Validation Loss: 0.4030
No improvement in validation loss. Early stop counter: 3/10
Epoch [86/1000], Training Loss: 0.3903
Validation Loss: 0.4030
New best model found with validation loss: 0.4030
Epoch [87/1000], Training Loss: 0.3910
Validation Loss: 0.4030
New best model found with validation loss: 0.4030
Epoch [88/1000], Training Loss: 0.3899
Validation Loss: 0.4030
No improvement in validation loss. Early stop counter: 1/10
Epoch [89/1000], Training Loss: 0.3908
Validation Loss: 0.4030
No improvement in validation loss. Early stop counter: 2/10
Epoch [90/1000], Training Loss: 0.3903
Validation Loss: 0.4030
No improvement in validation loss. Early stop counter: 3/10
Epoch [91/1000], Training Loss: 0.3909
Validation Loss: 0.4030
No improvement in validation loss. Early stop counter: 4/10
Epoch [92/1000], Training Loss: 0.3899
Validation Loss: 0.4030
No improvement in validation loss. Early stop counter: 5/10
Epoch [93/1000], Training Loss: 0.3904
Validation Loss: 0.4030
No improvement in validation loss. Early stop counter: 6/10
Epoch [94/1000], Training Loss: 0.3900
Validation Loss: 0.4030
No improvement in validation loss. Early stop counter: 7/10
Epoch [95/1000], Training Loss: 0.3907
Validation Loss: 0.4029
New best model found with validation loss: 0.4029
Epoch [96/1000], Training Loss: 0.3905
Validation Loss: 0.4030
No improvement in validation loss. Early stop counter: 1/10
Epoch [97/1000], Training Loss: 0.3913
Validation Loss: 0.4030
No improvement in validation loss. Early stop counter: 2/10
Epoch [98/1000], Training Loss: 0.3906
Validation Loss: 0.4030
No improvement in validation loss. Early stop counter: 3/10
Epoch [99/1000], Training Loss: 0.3901
Validation Loss: 0.4030
No improvement in validation loss. Early stop counter: 4/10
Epoch [100/1000], Training Loss: 0.3905
Validation Loss: 0.4030
No improvement in validation loss. Early stop counter: 5/10
Epoch [101/1000], Training Loss: 0.3904
Validation Loss: 0.4030
No improvement in validation loss. Early stop counter: 6/10
Epoch [102/1000], Training Loss: 0.3900
Validation Loss: 0.4030
No improvement in validation loss. Early stop counter: 7/10
Epoch [103/1000], Training Loss: 0.3907
Validation Loss: 0.4029
No improvement in validation loss. Early stop counter: 8/10
Epoch [104/1000], Training Loss: 0.3901
Validation Loss: 0.4030
No improvement in validation loss. Early stop counter: 9/10
Epoch [105/1000], Training Loss: 0.3907
Validation Loss: 0.4029
No improvement in validation loss. Early stop counter: 10/10
Early stopping triggered after 105 epochs.
Best model for fold 5 saved successfully.

Cross-validation results:
Fold 1: Validation Loss = 0.4072
Fold 2: Validation Loss = 0.3901
Fold 3: Validation Loss = 0.3942
Fold 4: Validation Loss = 0.4024
Fold 5: Validation Loss = 0.4029
Average Validation Loss: 0.3994
