{'batch_size': 4, 'sequence_file': 'antibody_train_sequences_3000.npz', 'data_file': 'antibody_train_interfaces_3000.npz', 'edge_file': 'antibody_train_edges_3000.npz', 'max_len': 3000, 'vocab_size': 23, 'embed_dim': 256, 'num_heads': 16, 'dropout': 0.1, 'num_layers': 1, 'num_gnn_layers': 2, 'num_int_layers': 1, 'num_classes': 2, 'num_epochs': 1000, 'learning_rate': 0.0001, 'max_grad_norm': 0.1, 'validation_split': 0.1, 'early_stop_patience': 10, 'initial_gradient_noise_std': 0.05, 'accumulation_steps': 2}
Number of GPUs available: 4

Starting Fold 1/5...
Initializing ClassificationModel with 2 GAT layers and residual connections...
Initializing MCModel with 2 GAT layers and 1 row attention layers...
Initializing CGModel with 2 GAT layers and residual connections...
Initializing CoreModel with 1 self-attention layers...
Using 4 GPUs with DataParallel.
Epoch [1/1000], Training Loss: 0.3689
Validation Loss: 0.2769
New best model found with validation loss: 0.2769
Epoch [2/1000], Training Loss: 0.2511
Validation Loss: 0.2325
New best model found with validation loss: 0.2325
Epoch [3/1000], Training Loss: 0.2365
Validation Loss: 0.2178
New best model found with validation loss: 0.2178
Epoch [4/1000], Training Loss: 0.2221
Validation Loss: 0.2215
No improvement in validation loss. Early stop counter: 1/10
Epoch [5/1000], Training Loss: 0.2091
Validation Loss: 0.2050
New best model found with validation loss: 0.2050
Epoch [6/1000], Training Loss: 0.2074
Validation Loss: 0.2077
No improvement in validation loss. Early stop counter: 1/10
Epoch [7/1000], Training Loss: 0.2042
Validation Loss: 0.2046
New best model found with validation loss: 0.2046
Epoch [8/1000], Training Loss: 0.1974
Validation Loss: 0.2028
New best model found with validation loss: 0.2028
Epoch [9/1000], Training Loss: 0.1981
Validation Loss: 0.1961
New best model found with validation loss: 0.1961
Epoch [10/1000], Training Loss: 0.1972
Validation Loss: 0.1979
No improvement in validation loss. Early stop counter: 1/10
Epoch [11/1000], Training Loss: 0.1876
Validation Loss: 0.1929
New best model found with validation loss: 0.1929
Epoch [12/1000], Training Loss: 0.1858
Validation Loss: 0.1931
No improvement in validation loss. Early stop counter: 1/10
Epoch [13/1000], Training Loss: 0.1868
Validation Loss: 0.1935
No improvement in validation loss. Early stop counter: 2/10
Epoch [14/1000], Training Loss: 0.1834
Validation Loss: 0.1963
No improvement in validation loss. Early stop counter: 3/10
Epoch [15/1000], Training Loss: 0.1852
Validation Loss: 0.1897
New best model found with validation loss: 0.1897
Epoch [16/1000], Training Loss: 0.1856
Validation Loss: 0.1967
No improvement in validation loss. Early stop counter: 1/10
Epoch [17/1000], Training Loss: 0.1817
Validation Loss: 0.1863
New best model found with validation loss: 0.1863
Epoch [18/1000], Training Loss: 0.1810
Validation Loss: 0.1845
New best model found with validation loss: 0.1845
Epoch [19/1000], Training Loss: 0.1823
Validation Loss: 0.1890
No improvement in validation loss. Early stop counter: 1/10
Epoch [20/1000], Training Loss: 0.1791
Validation Loss: 0.1868
No improvement in validation loss. Early stop counter: 2/10
Epoch [21/1000], Training Loss: 0.1779
Validation Loss: 0.1841
New best model found with validation loss: 0.1841
Epoch [22/1000], Training Loss: 0.1766
Validation Loss: 0.1841
New best model found with validation loss: 0.1841
Epoch [23/1000], Training Loss: 0.1775
Validation Loss: 0.1834
New best model found with validation loss: 0.1834
Epoch [24/1000], Training Loss: 0.1764
Validation Loss: 0.1837
No improvement in validation loss. Early stop counter: 1/10
Epoch [25/1000], Training Loss: 0.1762
Validation Loss: 0.1865
No improvement in validation loss. Early stop counter: 2/10
Epoch [26/1000], Training Loss: 0.1759
Validation Loss: 0.1859
No improvement in validation loss. Early stop counter: 3/10
Epoch [27/1000], Training Loss: 0.1747
Validation Loss: 0.1845
No improvement in validation loss. Early stop counter: 4/10
Epoch [28/1000], Training Loss: 0.1735
Validation Loss: 0.1889
No improvement in validation loss. Early stop counter: 5/10
Epoch [29/1000], Training Loss: 0.1750
Validation Loss: 0.1842
No improvement in validation loss. Early stop counter: 6/10
Epoch [30/1000], Training Loss: 0.1743
Validation Loss: 0.1815
New best model found with validation loss: 0.1815
Epoch [31/1000], Training Loss: 0.1726
Validation Loss: 0.1817
No improvement in validation loss. Early stop counter: 1/10
Epoch [32/1000], Training Loss: 0.1740
Validation Loss: 0.1819
No improvement in validation loss. Early stop counter: 2/10
Epoch [33/1000], Training Loss: 0.1709
Validation Loss: 0.1864
No improvement in validation loss. Early stop counter: 3/10
Epoch [34/1000], Training Loss: 0.1713
Validation Loss: 0.1810
New best model found with validation loss: 0.1810
Epoch [35/1000], Training Loss: 0.1724
Validation Loss: 0.1806
New best model found with validation loss: 0.1806
Epoch [36/1000], Training Loss: 0.1711
Validation Loss: 0.1820
No improvement in validation loss. Early stop counter: 1/10
Epoch [37/1000], Training Loss: 0.1712
Validation Loss: 0.1831
No improvement in validation loss. Early stop counter: 2/10
Epoch [38/1000], Training Loss: 0.1706
Validation Loss: 0.1802
New best model found with validation loss: 0.1802
Epoch [39/1000], Training Loss: 0.1712
Validation Loss: 0.1814
No improvement in validation loss. Early stop counter: 1/10
Epoch [40/1000], Training Loss: 0.1711
Validation Loss: 0.1811
No improvement in validation loss. Early stop counter: 2/10
Epoch [41/1000], Training Loss: 0.1694
Validation Loss: 0.1824
No improvement in validation loss. Early stop counter: 3/10
Epoch [42/1000], Training Loss: 0.1701
Validation Loss: 0.1811
No improvement in validation loss. Early stop counter: 4/10
Epoch [43/1000], Training Loss: 0.1691
Validation Loss: 0.1808
No improvement in validation loss. Early stop counter: 5/10
Epoch [44/1000], Training Loss: 0.1697
Validation Loss: 0.1802
No improvement in validation loss. Early stop counter: 6/10
Epoch [45/1000], Training Loss: 0.1696
Validation Loss: 0.1807
No improvement in validation loss. Early stop counter: 7/10
Epoch [46/1000], Training Loss: 0.1685
Validation Loss: 0.1806
No improvement in validation loss. Early stop counter: 8/10
Epoch [47/1000], Training Loss: 0.1687
Validation Loss: 0.1806
No improvement in validation loss. Early stop counter: 9/10
Epoch [48/1000], Training Loss: 0.1700
Validation Loss: 0.1806
No improvement in validation loss. Early stop counter: 10/10
Early stopping triggered after 48 epochs.
Best model for fold 1 saved successfully.

Starting Fold 2/5...
Initializing ClassificationModel with 2 GAT layers and residual connections...
Initializing MCModel with 2 GAT layers and 1 row attention layers...
Initializing CGModel with 2 GAT layers and residual connections...
Initializing CoreModel with 1 self-attention layers...
Using 4 GPUs with DataParallel.
Epoch [1/1000], Training Loss: 0.3532
Validation Loss: 0.2655
New best model found with validation loss: 0.2655
Epoch [2/1000], Training Loss: 0.2826
Validation Loss: 0.2343
New best model found with validation loss: 0.2343
Epoch [3/1000], Training Loss: 0.2442
Validation Loss: 0.2100
New best model found with validation loss: 0.2100
Epoch [4/1000], Training Loss: 0.2286
Validation Loss: 0.2296
No improvement in validation loss. Early stop counter: 1/10
Epoch [5/1000], Training Loss: 0.2214
Validation Loss: 0.1995
New best model found with validation loss: 0.1995
Epoch [6/1000], Training Loss: 0.2153
Validation Loss: 0.1899
New best model found with validation loss: 0.1899
Epoch [7/1000], Training Loss: 0.2087
Validation Loss: 0.1897
New best model found with validation loss: 0.1897
Epoch [8/1000], Training Loss: 0.2032
Validation Loss: 0.2283
No improvement in validation loss. Early stop counter: 1/10
Epoch [9/1000], Training Loss: 0.2061
Validation Loss: 0.1922
No improvement in validation loss. Early stop counter: 2/10
Epoch [10/1000], Training Loss: 0.2007
Validation Loss: 0.2269
No improvement in validation loss. Early stop counter: 3/10
Epoch [11/1000], Training Loss: 0.1965
Validation Loss: 0.1833
New best model found with validation loss: 0.1833
Epoch [12/1000], Training Loss: 0.1928
Validation Loss: 0.1817
New best model found with validation loss: 0.1817
Epoch [13/1000], Training Loss: 0.1925
Validation Loss: 0.1801
New best model found with validation loss: 0.1801
Epoch [14/1000], Training Loss: 0.1937
Validation Loss: 0.1813
No improvement in validation loss. Early stop counter: 1/10
Epoch [15/1000], Training Loss: 0.1902
Validation Loss: 0.1865
No improvement in validation loss. Early stop counter: 2/10
Epoch [16/1000], Training Loss: 0.1896
Validation Loss: 0.1761
New best model found with validation loss: 0.1761
Epoch [17/1000], Training Loss: 0.1883
Validation Loss: 0.1798
No improvement in validation loss. Early stop counter: 1/10
Epoch [18/1000], Training Loss: 0.1857
Validation Loss: 0.1760
New best model found with validation loss: 0.1760
Epoch [19/1000], Training Loss: 0.1840
Validation Loss: 0.1727
New best model found with validation loss: 0.1727
Epoch [20/1000], Training Loss: 0.1850
Validation Loss: 0.1771
No improvement in validation loss. Early stop counter: 1/10
Epoch [21/1000], Training Loss: 0.1826
Validation Loss: 0.1716
New best model found with validation loss: 0.1716
Epoch [22/1000], Training Loss: 0.1808
Validation Loss: 0.1749
No improvement in validation loss. Early stop counter: 1/10
Epoch [23/1000], Training Loss: 0.1824
Validation Loss: 0.1765
No improvement in validation loss. Early stop counter: 2/10
Epoch [24/1000], Training Loss: 0.1805
Validation Loss: 0.1695
New best model found with validation loss: 0.1695
Epoch [25/1000], Training Loss: 0.1803
Validation Loss: 0.1867
No improvement in validation loss. Early stop counter: 1/10
Epoch [26/1000], Training Loss: 0.1807
Validation Loss: 0.1760
No improvement in validation loss. Early stop counter: 2/10
Epoch [27/1000], Training Loss: 0.1790
Validation Loss: 0.1711
No improvement in validation loss. Early stop counter: 3/10
Epoch [28/1000], Training Loss: 0.1797
Validation Loss: 0.1697
No improvement in validation loss. Early stop counter: 4/10
Epoch [29/1000], Training Loss: 0.1788
Validation Loss: 0.1706
No improvement in validation loss. Early stop counter: 5/10
Epoch [30/1000], Training Loss: 0.1767
Validation Loss: 0.1703
No improvement in validation loss. Early stop counter: 6/10
Epoch [31/1000], Training Loss: 0.1764
Validation Loss: 0.1738
No improvement in validation loss. Early stop counter: 7/10
Epoch [32/1000], Training Loss: 0.1766
Validation Loss: 0.1731
No improvement in validation loss. Early stop counter: 8/10
Epoch [33/1000], Training Loss: 0.1757
Validation Loss: 0.1701
No improvement in validation loss. Early stop counter: 9/10
Epoch [34/1000], Training Loss: 0.1749
Validation Loss: 0.1680
New best model found with validation loss: 0.1680
Epoch [35/1000], Training Loss: 0.1756
Validation Loss: 0.1690
No improvement in validation loss. Early stop counter: 1/10
Epoch [36/1000], Training Loss: 0.1762
Validation Loss: 0.1687
No improvement in validation loss. Early stop counter: 2/10
Epoch [37/1000], Training Loss: 0.1745
Validation Loss: 0.1691
No improvement in validation loss. Early stop counter: 3/10
Epoch [38/1000], Training Loss: 0.1739
Validation Loss: 0.1676
New best model found with validation loss: 0.1676
Epoch [39/1000], Training Loss: 0.1752
Validation Loss: 0.1671
New best model found with validation loss: 0.1671
Epoch [40/1000], Training Loss: 0.1739
Validation Loss: 0.1665
New best model found with validation loss: 0.1665
Epoch [41/1000], Training Loss: 0.1722
Validation Loss: 0.1668
No improvement in validation loss. Early stop counter: 1/10
Epoch [42/1000], Training Loss: 0.1726
Validation Loss: 0.1667
No improvement in validation loss. Early stop counter: 2/10
Epoch [43/1000], Training Loss: 0.1721
Validation Loss: 0.1674
No improvement in validation loss. Early stop counter: 3/10
Epoch [44/1000], Training Loss: 0.1717
Validation Loss: 0.1671
No improvement in validation loss. Early stop counter: 4/10
Epoch [45/1000], Training Loss: 0.1726
Validation Loss: 0.1661
New best model found with validation loss: 0.1661
Epoch [46/1000], Training Loss: 0.1731
Validation Loss: 0.1678
No improvement in validation loss. Early stop counter: 1/10
Epoch [47/1000], Training Loss: 0.1729
Validation Loss: 0.1664
No improvement in validation loss. Early stop counter: 2/10
Epoch [48/1000], Training Loss: 0.1722
Validation Loss: 0.1673
No improvement in validation loss. Early stop counter: 3/10
Epoch [49/1000], Training Loss: 0.1713
Validation Loss: 0.1664
No improvement in validation loss. Early stop counter: 4/10
Epoch [50/1000], Training Loss: 0.1707
Validation Loss: 0.1665
No improvement in validation loss. Early stop counter: 5/10
Epoch [51/1000], Training Loss: 0.1710
Validation Loss: 0.1659
New best model found with validation loss: 0.1659
Epoch [52/1000], Training Loss: 0.1709
Validation Loss: 0.1670
No improvement in validation loss. Early stop counter: 1/10
Epoch [53/1000], Training Loss: 0.1716
Validation Loss: 0.1659
New best model found with validation loss: 0.1659
Epoch [54/1000], Training Loss: 0.1708
Validation Loss: 0.1667
No improvement in validation loss. Early stop counter: 1/10
Epoch [55/1000], Training Loss: 0.1705
Validation Loss: 0.1663
No improvement in validation loss. Early stop counter: 2/10
Epoch [56/1000], Training Loss: 0.1726
Validation Loss: 0.1658
New best model found with validation loss: 0.1658
Epoch [57/1000], Training Loss: 0.1708
Validation Loss: 0.1657
New best model found with validation loss: 0.1657
Epoch [58/1000], Training Loss: 0.1708
Validation Loss: 0.1670
No improvement in validation loss. Early stop counter: 1/10
Epoch [59/1000], Training Loss: 0.1713
Validation Loss: 0.1659
No improvement in validation loss. Early stop counter: 2/10
Epoch [60/1000], Training Loss: 0.1712
Validation Loss: 0.1672
No improvement in validation loss. Early stop counter: 3/10
Epoch [61/1000], Training Loss: 0.1704
Validation Loss: 0.1663
No improvement in validation loss. Early stop counter: 4/10
Epoch [62/1000], Training Loss: 0.1704
Validation Loss: 0.1656
New best model found with validation loss: 0.1656
Epoch [63/1000], Training Loss: 0.1703
Validation Loss: 0.1656
New best model found with validation loss: 0.1656
Epoch [64/1000], Training Loss: 0.1699
Validation Loss: 0.1657
No improvement in validation loss. Early stop counter: 1/10
Epoch [65/1000], Training Loss: 0.1708
Validation Loss: 0.1657
No improvement in validation loss. Early stop counter: 2/10
Epoch [66/1000], Training Loss: 0.1698
Validation Loss: 0.1657
No improvement in validation loss. Early stop counter: 3/10
Epoch [67/1000], Training Loss: 0.1698
Validation Loss: 0.1655
New best model found with validation loss: 0.1655
Epoch [68/1000], Training Loss: 0.1702
Validation Loss: 0.1656
No improvement in validation loss. Early stop counter: 1/10
Epoch [69/1000], Training Loss: 0.1707
Validation Loss: 0.1655
No improvement in validation loss. Early stop counter: 2/10
Epoch [70/1000], Training Loss: 0.1704
Validation Loss: 0.1653
New best model found with validation loss: 0.1653
Epoch [71/1000], Training Loss: 0.1704
Validation Loss: 0.1654
No improvement in validation loss. Early stop counter: 1/10
Epoch [72/1000], Training Loss: 0.1703
Validation Loss: 0.1654
No improvement in validation loss. Early stop counter: 2/10
Epoch [73/1000], Training Loss: 0.1703
Validation Loss: 0.1652
New best model found with validation loss: 0.1652
Epoch [74/1000], Training Loss: 0.1699
Validation Loss: 0.1653
No improvement in validation loss. Early stop counter: 1/10
Epoch [75/1000], Training Loss: 0.1698
Validation Loss: 0.1651
New best model found with validation loss: 0.1651
Epoch [76/1000], Training Loss: 0.1694
Validation Loss: 0.1651
No improvement in validation loss. Early stop counter: 1/10
Epoch [77/1000], Training Loss: 0.1692
Validation Loss: 0.1651
New best model found with validation loss: 0.1651
Epoch [78/1000], Training Loss: 0.1703
Validation Loss: 0.1650
New best model found with validation loss: 0.1650
Epoch [79/1000], Training Loss: 0.1699
Validation Loss: 0.1651
No improvement in validation loss. Early stop counter: 1/10
Epoch [80/1000], Training Loss: 0.1700
Validation Loss: 0.1650
No improvement in validation loss. Early stop counter: 2/10
Epoch [81/1000], Training Loss: 0.1697
Validation Loss: 0.1651
No improvement in validation loss. Early stop counter: 3/10
Epoch [82/1000], Training Loss: 0.1691
Validation Loss: 0.1652
No improvement in validation loss. Early stop counter: 4/10
Epoch [83/1000], Training Loss: 0.1689
Validation Loss: 0.1652
No improvement in validation loss. Early stop counter: 5/10
Epoch [84/1000], Training Loss: 0.1700
Validation Loss: 0.1652
No improvement in validation loss. Early stop counter: 6/10
Epoch [85/1000], Training Loss: 0.1689
Validation Loss: 0.1652
No improvement in validation loss. Early stop counter: 7/10
Epoch [86/1000], Training Loss: 0.1690
Validation Loss: 0.1653
No improvement in validation loss. Early stop counter: 8/10
Epoch [87/1000], Training Loss: 0.1696
Validation Loss: 0.1654
No improvement in validation loss. Early stop counter: 9/10
Epoch [88/1000], Training Loss: 0.1700
Validation Loss: 0.1652
No improvement in validation loss. Early stop counter: 10/10
Early stopping triggered after 88 epochs.
Best model for fold 2 saved successfully.

Starting Fold 3/5...
Initializing ClassificationModel with 2 GAT layers and residual connections...
Initializing MCModel with 2 GAT layers and 1 row attention layers...
Initializing CGModel with 2 GAT layers and residual connections...
Initializing CoreModel with 1 self-attention layers...
Using 4 GPUs with DataParallel.
Epoch [1/1000], Training Loss: 0.3816
Validation Loss: 0.3006
New best model found with validation loss: 0.3006
Epoch [2/1000], Training Loss: 0.2851
Validation Loss: 0.2401
New best model found with validation loss: 0.2401
Epoch [3/1000], Training Loss: 0.2463
Validation Loss: 0.2126
New best model found with validation loss: 0.2126
Epoch [4/1000], Training Loss: 0.2378
Validation Loss: 0.2077
New best model found with validation loss: 0.2077
Epoch [5/1000], Training Loss: 0.2209
Validation Loss: 0.2016
New best model found with validation loss: 0.2016
Epoch [6/1000], Training Loss: 0.2207
Validation Loss: 0.2125
No improvement in validation loss. Early stop counter: 1/10
Epoch [7/1000], Training Loss: 0.2128
Validation Loss: 0.1957
New best model found with validation loss: 0.1957
Epoch [8/1000], Training Loss: 0.2108
Validation Loss: 0.2054
No improvement in validation loss. Early stop counter: 1/10
Epoch [9/1000], Training Loss: 0.2112
Validation Loss: 0.1958
No improvement in validation loss. Early stop counter: 2/10
Epoch [10/1000], Training Loss: 0.2051
Validation Loss: 0.1943
New best model found with validation loss: 0.1943
Epoch [11/1000], Training Loss: 0.1997
Validation Loss: 0.1918
New best model found with validation loss: 0.1918
Epoch [12/1000], Training Loss: 0.2009
Validation Loss: 0.1894
New best model found with validation loss: 0.1894
Epoch [13/1000], Training Loss: 0.1957
Validation Loss: 0.2045
No improvement in validation loss. Early stop counter: 1/10
Epoch [14/1000], Training Loss: 0.1947
Validation Loss: 0.1909
No improvement in validation loss. Early stop counter: 2/10
Epoch [15/1000], Training Loss: 0.1971
Validation Loss: 0.1869
New best model found with validation loss: 0.1869
Epoch [16/1000], Training Loss: 0.1947
Validation Loss: 0.1888
No improvement in validation loss. Early stop counter: 1/10
Epoch [17/1000], Training Loss: 0.1917
Validation Loss: 0.1854
New best model found with validation loss: 0.1854
Epoch [18/1000], Training Loss: 0.1926
Validation Loss: 0.1826
New best model found with validation loss: 0.1826
Epoch [19/1000], Training Loss: 0.1899
Validation Loss: 0.1838
No improvement in validation loss. Early stop counter: 1/10
Epoch [20/1000], Training Loss: 0.1884
Validation Loss: 0.1872
No improvement in validation loss. Early stop counter: 2/10
Epoch [21/1000], Training Loss: 0.1860
Validation Loss: 0.1823
New best model found with validation loss: 0.1823
Epoch [22/1000], Training Loss: 0.1876
Validation Loss: 0.1815
New best model found with validation loss: 0.1815
Epoch [23/1000], Training Loss: 0.1858
Validation Loss: 0.1829
No improvement in validation loss. Early stop counter: 1/10
Epoch [24/1000], Training Loss: 0.1844
Validation Loss: 0.1882
No improvement in validation loss. Early stop counter: 2/10
Epoch [25/1000], Training Loss: 0.1840
Validation Loss: 0.1832
No improvement in validation loss. Early stop counter: 3/10
Epoch [26/1000], Training Loss: 0.1844
Validation Loss: 0.1812
New best model found with validation loss: 0.1812
Epoch [27/1000], Training Loss: 0.1827
Validation Loss: 0.1869
No improvement in validation loss. Early stop counter: 1/10
Epoch [28/1000], Training Loss: 0.1835
Validation Loss: 0.1798
New best model found with validation loss: 0.1798
Epoch [29/1000], Training Loss: 0.1841
Validation Loss: 0.1792
New best model found with validation loss: 0.1792
Epoch [30/1000], Training Loss: 0.1812
Validation Loss: 0.1793
No improvement in validation loss. Early stop counter: 1/10
Epoch [31/1000], Training Loss: 0.1802
Validation Loss: 0.1797
No improvement in validation loss. Early stop counter: 2/10
Epoch [32/1000], Training Loss: 0.1795
Validation Loss: 0.1783
New best model found with validation loss: 0.1783
Epoch [33/1000], Training Loss: 0.1788
Validation Loss: 0.1777
New best model found with validation loss: 0.1777
Epoch [34/1000], Training Loss: 0.1790
Validation Loss: 0.1815
No improvement in validation loss. Early stop counter: 1/10
Epoch [35/1000], Training Loss: 0.1778
Validation Loss: 0.1777
New best model found with validation loss: 0.1777
Epoch [36/1000], Training Loss: 0.1798
Validation Loss: 0.1772
New best model found with validation loss: 0.1772
Epoch [37/1000], Training Loss: 0.1767
Validation Loss: 0.1786
No improvement in validation loss. Early stop counter: 1/10
Epoch [38/1000], Training Loss: 0.1781
Validation Loss: 0.1781
No improvement in validation loss. Early stop counter: 2/10
Epoch [39/1000], Training Loss: 0.1790
Validation Loss: 0.1761
New best model found with validation loss: 0.1761
Epoch [40/1000], Training Loss: 0.1770
Validation Loss: 0.1770
No improvement in validation loss. Early stop counter: 1/10
Epoch [41/1000], Training Loss: 0.1763
Validation Loss: 0.1772
No improvement in validation loss. Early stop counter: 2/10
Epoch [42/1000], Training Loss: 0.1759
Validation Loss: 0.1766
No improvement in validation loss. Early stop counter: 3/10
Epoch [43/1000], Training Loss: 0.1771
Validation Loss: 0.1764
No improvement in validation loss. Early stop counter: 4/10
Epoch [44/1000], Training Loss: 0.1764
Validation Loss: 0.1819
No improvement in validation loss. Early stop counter: 5/10
Epoch [45/1000], Training Loss: 0.1775
Validation Loss: 0.1793
No improvement in validation loss. Early stop counter: 6/10
Epoch [46/1000], Training Loss: 0.1753
Validation Loss: 0.1767
No improvement in validation loss. Early stop counter: 7/10
Epoch [47/1000], Training Loss: 0.1765
Validation Loss: 0.1798
No improvement in validation loss. Early stop counter: 8/10
Epoch [48/1000], Training Loss: 0.1757
Validation Loss: 0.1761
New best model found with validation loss: 0.1761
Epoch [49/1000], Training Loss: 0.1765
Validation Loss: 0.1755
New best model found with validation loss: 0.1755
Epoch [50/1000], Training Loss: 0.1763
Validation Loss: 0.1754
New best model found with validation loss: 0.1754
Epoch [51/1000], Training Loss: 0.1755
Validation Loss: 0.1755
No improvement in validation loss. Early stop counter: 1/10
Epoch [52/1000], Training Loss: 0.1756
Validation Loss: 0.1766
No improvement in validation loss. Early stop counter: 2/10
Epoch [53/1000], Training Loss: 0.1761
Validation Loss: 0.1770
No improvement in validation loss. Early stop counter: 3/10
Epoch [54/1000], Training Loss: 0.1742
Validation Loss: 0.1753
New best model found with validation loss: 0.1753
Epoch [55/1000], Training Loss: 0.1750
Validation Loss: 0.1755
No improvement in validation loss. Early stop counter: 1/10
Epoch [56/1000], Training Loss: 0.1752
Validation Loss: 0.1751
New best model found with validation loss: 0.1751
Epoch [57/1000], Training Loss: 0.1752
Validation Loss: 0.1753
No improvement in validation loss. Early stop counter: 1/10
Epoch [58/1000], Training Loss: 0.1750
Validation Loss: 0.1762
No improvement in validation loss. Early stop counter: 2/10
Epoch [59/1000], Training Loss: 0.1753
Validation Loss: 0.1760
No improvement in validation loss. Early stop counter: 3/10
Epoch [60/1000], Training Loss: 0.1747
Validation Loss: 0.1750
New best model found with validation loss: 0.1750
Epoch [61/1000], Training Loss: 0.1732
Validation Loss: 0.1759
No improvement in validation loss. Early stop counter: 1/10
Epoch [62/1000], Training Loss: 0.1739
Validation Loss: 0.1752
No improvement in validation loss. Early stop counter: 2/10
Epoch [63/1000], Training Loss: 0.1739
Validation Loss: 0.1762
No improvement in validation loss. Early stop counter: 3/10
Epoch [64/1000], Training Loss: 0.1753
Validation Loss: 0.1749
New best model found with validation loss: 0.1749
Epoch [65/1000], Training Loss: 0.1730
Validation Loss: 0.1766
No improvement in validation loss. Early stop counter: 1/10
Epoch [66/1000], Training Loss: 0.1727
Validation Loss: 0.1759
No improvement in validation loss. Early stop counter: 2/10
Epoch [67/1000], Training Loss: 0.1741
Validation Loss: 0.1768
No improvement in validation loss. Early stop counter: 3/10
Epoch [68/1000], Training Loss: 0.1738
Validation Loss: 0.1749
No improvement in validation loss. Early stop counter: 4/10
Epoch [69/1000], Training Loss: 0.1740
Validation Loss: 0.1778
No improvement in validation loss. Early stop counter: 5/10
Epoch [70/1000], Training Loss: 0.1745
Validation Loss: 0.1750
No improvement in validation loss. Early stop counter: 6/10
Epoch [71/1000], Training Loss: 0.1733
Validation Loss: 0.1759
No improvement in validation loss. Early stop counter: 7/10
Epoch [72/1000], Training Loss: 0.1732
Validation Loss: 0.1755
No improvement in validation loss. Early stop counter: 8/10
Epoch [73/1000], Training Loss: 0.1743
Validation Loss: 0.1748
New best model found with validation loss: 0.1748
Epoch [74/1000], Training Loss: 0.1738
Validation Loss: 0.1750
No improvement in validation loss. Early stop counter: 1/10
Epoch [75/1000], Training Loss: 0.1741
Validation Loss: 0.1751
No improvement in validation loss. Early stop counter: 2/10
Epoch [76/1000], Training Loss: 0.1742
Validation Loss: 0.1750
No improvement in validation loss. Early stop counter: 3/10
Epoch [77/1000], Training Loss: 0.1741
Validation Loss: 0.1752
No improvement in validation loss. Early stop counter: 4/10
Epoch [78/1000], Training Loss: 0.1732
Validation Loss: 0.1749
No improvement in validation loss. Early stop counter: 5/10
Epoch [79/1000], Training Loss: 0.1737
Validation Loss: 0.1753
No improvement in validation loss. Early stop counter: 6/10
Epoch [80/1000], Training Loss: 0.1729
Validation Loss: 0.1744
New best model found with validation loss: 0.1744
Epoch [81/1000], Training Loss: 0.1733
Validation Loss: 0.1751
No improvement in validation loss. Early stop counter: 1/10
Epoch [82/1000], Training Loss: 0.1731
Validation Loss: 0.1749
No improvement in validation loss. Early stop counter: 2/10
Epoch [83/1000], Training Loss: 0.1735
Validation Loss: 0.1748
No improvement in validation loss. Early stop counter: 3/10
Epoch [84/1000], Training Loss: 0.1728
Validation Loss: 0.1747
No improvement in validation loss. Early stop counter: 4/10
Epoch [85/1000], Training Loss: 0.1734
Validation Loss: 0.1747
No improvement in validation loss. Early stop counter: 5/10
Epoch [86/1000], Training Loss: 0.1736
Validation Loss: 0.1745
No improvement in validation loss. Early stop counter: 6/10
Epoch [87/1000], Training Loss: 0.1732
Validation Loss: 0.1748
No improvement in validation loss. Early stop counter: 7/10
Epoch [88/1000], Training Loss: 0.1739
Validation Loss: 0.1753
No improvement in validation loss. Early stop counter: 8/10
Epoch [89/1000], Training Loss: 0.1741
Validation Loss: 0.1746
No improvement in validation loss. Early stop counter: 9/10
Epoch [90/1000], Training Loss: 0.1736
Validation Loss: 0.1744
New best model found with validation loss: 0.1744
Epoch [91/1000], Training Loss: 0.1732
Validation Loss: 0.1747
No improvement in validation loss. Early stop counter: 1/10
Epoch [92/1000], Training Loss: 0.1738
Validation Loss: 0.1745
No improvement in validation loss. Early stop counter: 2/10
Epoch [93/1000], Training Loss: 0.1731
Validation Loss: 0.1747
No improvement in validation loss. Early stop counter: 3/10
Epoch [94/1000], Training Loss: 0.1734
Validation Loss: 0.1748
No improvement in validation loss. Early stop counter: 4/10
Epoch [95/1000], Training Loss: 0.1738
Validation Loss: 0.1748
No improvement in validation loss. Early stop counter: 5/10
Epoch [96/1000], Training Loss: 0.1741
Validation Loss: 0.1748
No improvement in validation loss. Early stop counter: 6/10
Epoch [97/1000], Training Loss: 0.1732
Validation Loss: 0.1747
No improvement in validation loss. Early stop counter: 7/10
Epoch [98/1000], Training Loss: 0.1729
Validation Loss: 0.1747
No improvement in validation loss. Early stop counter: 8/10
Epoch [99/1000], Training Loss: 0.1738
Validation Loss: 0.1746
No improvement in validation loss. Early stop counter: 9/10
Epoch [100/1000], Training Loss: 0.1743
Validation Loss: 0.1750
No improvement in validation loss. Early stop counter: 10/10
Early stopping triggered after 100 epochs.
Best model for fold 3 saved successfully.

Starting Fold 4/5...
Initializing ClassificationModel with 2 GAT layers and residual connections...
Initializing MCModel with 2 GAT layers and 1 row attention layers...
Initializing CGModel with 2 GAT layers and residual connections...
Initializing CoreModel with 1 self-attention layers...
Using 4 GPUs with DataParallel.
Epoch [1/1000], Training Loss: 0.3573
Validation Loss: 0.2937
New best model found with validation loss: 0.2937
Epoch [2/1000], Training Loss: 0.2842
Validation Loss: 0.2658
New best model found with validation loss: 0.2658
Epoch [3/1000], Training Loss: 0.2610
Validation Loss: 0.2472
New best model found with validation loss: 0.2472
Epoch [4/1000], Training Loss: 0.2388
Validation Loss: 0.2289
New best model found with validation loss: 0.2289
Epoch [5/1000], Training Loss: 0.2289
Validation Loss: 0.2203
New best model found with validation loss: 0.2203
Epoch [6/1000], Training Loss: 0.2204
Validation Loss: 0.2222
No improvement in validation loss. Early stop counter: 1/10
Epoch [7/1000], Training Loss: 0.2151
Validation Loss: 0.2110
New best model found with validation loss: 0.2110
Epoch [8/1000], Training Loss: 0.2043
Validation Loss: 0.2089
New best model found with validation loss: 0.2089
Epoch [9/1000], Training Loss: 0.2015
Validation Loss: 0.2026
New best model found with validation loss: 0.2026
Epoch [10/1000], Training Loss: 0.2029
Validation Loss: 0.2018
New best model found with validation loss: 0.2018
Epoch [11/1000], Training Loss: 0.1913
Validation Loss: 0.2121
No improvement in validation loss. Early stop counter: 1/10
Epoch [12/1000], Training Loss: 0.1958
Validation Loss: 0.2245
No improvement in validation loss. Early stop counter: 2/10
Epoch [13/1000], Training Loss: 0.1897
Validation Loss: 0.1978
New best model found with validation loss: 0.1978
Epoch [14/1000], Training Loss: 0.1899
Validation Loss: 0.1937
New best model found with validation loss: 0.1937
Epoch [15/1000], Training Loss: 0.1898
Validation Loss: 0.1984
No improvement in validation loss. Early stop counter: 1/10
Epoch [16/1000], Training Loss: 0.1891
Validation Loss: 0.2104
No improvement in validation loss. Early stop counter: 2/10
Epoch [17/1000], Training Loss: 0.1899
Validation Loss: 0.1952
No improvement in validation loss. Early stop counter: 3/10
Epoch [18/1000], Training Loss: 0.1855
Validation Loss: 0.1970
No improvement in validation loss. Early stop counter: 4/10
Epoch [19/1000], Training Loss: 0.1837
Validation Loss: 0.1964
No improvement in validation loss. Early stop counter: 5/10
Epoch [20/1000], Training Loss: 0.1840
Validation Loss: 0.1966
No improvement in validation loss. Early stop counter: 6/10
Epoch [21/1000], Training Loss: 0.1847
Validation Loss: 0.1914
New best model found with validation loss: 0.1914
Epoch [22/1000], Training Loss: 0.1809
Validation Loss: 0.1946
No improvement in validation loss. Early stop counter: 1/10
Epoch [23/1000], Training Loss: 0.1800
Validation Loss: 0.1921
No improvement in validation loss. Early stop counter: 2/10
Epoch [24/1000], Training Loss: 0.1791
Validation Loss: 0.1908
New best model found with validation loss: 0.1908
Epoch [25/1000], Training Loss: 0.1803
Validation Loss: 0.1984
No improvement in validation loss. Early stop counter: 1/10
Epoch [26/1000], Training Loss: 0.1798
Validation Loss: 0.1904
New best model found with validation loss: 0.1904
Epoch [27/1000], Training Loss: 0.1801
Validation Loss: 0.1909
No improvement in validation loss. Early stop counter: 1/10
Epoch [28/1000], Training Loss: 0.1784
Validation Loss: 0.1905
No improvement in validation loss. Early stop counter: 2/10
Epoch [29/1000], Training Loss: 0.1801
Validation Loss: 0.1896
New best model found with validation loss: 0.1896
Epoch [30/1000], Training Loss: 0.1773
Validation Loss: 0.1893
New best model found with validation loss: 0.1893
Epoch [31/1000], Training Loss: 0.1760
Validation Loss: 0.1893
No improvement in validation loss. Early stop counter: 1/10
Epoch [32/1000], Training Loss: 0.1754
Validation Loss: 0.1907
No improvement in validation loss. Early stop counter: 2/10
Epoch [33/1000], Training Loss: 0.1744
Validation Loss: 0.1882
New best model found with validation loss: 0.1882
Epoch [34/1000], Training Loss: 0.1760
Validation Loss: 0.1876
New best model found with validation loss: 0.1876
Epoch [35/1000], Training Loss: 0.1746
Validation Loss: 0.1937
No improvement in validation loss. Early stop counter: 1/10
Epoch [36/1000], Training Loss: 0.1745
Validation Loss: 0.1878
No improvement in validation loss. Early stop counter: 2/10
Epoch [37/1000], Training Loss: 0.1736
Validation Loss: 0.1874
New best model found with validation loss: 0.1874
Epoch [38/1000], Training Loss: 0.1731
Validation Loss: 0.1888
No improvement in validation loss. Early stop counter: 1/10
Epoch [39/1000], Training Loss: 0.1734
Validation Loss: 0.1875
No improvement in validation loss. Early stop counter: 2/10
Epoch [40/1000], Training Loss: 0.1743
Validation Loss: 0.1875
No improvement in validation loss. Early stop counter: 3/10
Epoch [41/1000], Training Loss: 0.1736
Validation Loss: 0.1899
No improvement in validation loss. Early stop counter: 4/10
Epoch [42/1000], Training Loss: 0.1730
Validation Loss: 0.1886
No improvement in validation loss. Early stop counter: 5/10
Epoch [43/1000], Training Loss: 0.1734
Validation Loss: 0.1871
New best model found with validation loss: 0.1871
Epoch [44/1000], Training Loss: 0.1721
Validation Loss: 0.1868
New best model found with validation loss: 0.1868
Epoch [45/1000], Training Loss: 0.1733
Validation Loss: 0.1862
New best model found with validation loss: 0.1862
Epoch [46/1000], Training Loss: 0.1723
Validation Loss: 0.1879
No improvement in validation loss. Early stop counter: 1/10
Epoch [47/1000], Training Loss: 0.1709
Validation Loss: 0.1862
New best model found with validation loss: 0.1862
Epoch [48/1000], Training Loss: 0.1722
Validation Loss: 0.1860
New best model found with validation loss: 0.1860
Epoch [49/1000], Training Loss: 0.1724
Validation Loss: 0.1860
New best model found with validation loss: 0.1860
Epoch [50/1000], Training Loss: 0.1727
Validation Loss: 0.1864
No improvement in validation loss. Early stop counter: 1/10
Epoch [51/1000], Training Loss: 0.1718
Validation Loss: 0.1865
No improvement in validation loss. Early stop counter: 2/10
Epoch [52/1000], Training Loss: 0.1713
Validation Loss: 0.1874
No improvement in validation loss. Early stop counter: 3/10
Epoch [53/1000], Training Loss: 0.1707
Validation Loss: 0.1860
New best model found with validation loss: 0.1860
Epoch [54/1000], Training Loss: 0.1715
Validation Loss: 0.1860
No improvement in validation loss. Early stop counter: 1/10
Epoch [55/1000], Training Loss: 0.1722
Validation Loss: 0.1867
No improvement in validation loss. Early stop counter: 2/10
Epoch [56/1000], Training Loss: 0.1707
Validation Loss: 0.1857
New best model found with validation loss: 0.1857
Epoch [57/1000], Training Loss: 0.1718
Validation Loss: 0.1861
No improvement in validation loss. Early stop counter: 1/10
Epoch [58/1000], Training Loss: 0.1720
Validation Loss: 0.1853
New best model found with validation loss: 0.1853
Epoch [59/1000], Training Loss: 0.1709
Validation Loss: 0.1855
No improvement in validation loss. Early stop counter: 1/10
Epoch [60/1000], Training Loss: 0.1711
Validation Loss: 0.1867
No improvement in validation loss. Early stop counter: 2/10
Epoch [61/1000], Training Loss: 0.1707
Validation Loss: 0.1859
No improvement in validation loss. Early stop counter: 3/10
Epoch [62/1000], Training Loss: 0.1707
Validation Loss: 0.1858
No improvement in validation loss. Early stop counter: 4/10
Epoch [63/1000], Training Loss: 0.1696
Validation Loss: 0.1864
No improvement in validation loss. Early stop counter: 5/10
Epoch [64/1000], Training Loss: 0.1709
Validation Loss: 0.1862
No improvement in validation loss. Early stop counter: 6/10
Epoch [65/1000], Training Loss: 0.1701
Validation Loss: 0.1853
No improvement in validation loss. Early stop counter: 7/10
Epoch [66/1000], Training Loss: 0.1704
Validation Loss: 0.1854
No improvement in validation loss. Early stop counter: 8/10
Epoch [67/1000], Training Loss: 0.1697
Validation Loss: 0.1860
No improvement in validation loss. Early stop counter: 9/10
Epoch [68/1000], Training Loss: 0.1702
Validation Loss: 0.1857
No improvement in validation loss. Early stop counter: 10/10
Early stopping triggered after 68 epochs.
Best model for fold 4 saved successfully.

Starting Fold 5/5...
Initializing ClassificationModel with 2 GAT layers and residual connections...
Initializing MCModel with 2 GAT layers and 1 row attention layers...
Initializing CGModel with 2 GAT layers and residual connections...
Initializing CoreModel with 1 self-attention layers...
Using 4 GPUs with DataParallel.
Epoch [1/1000], Training Loss: 0.3527
Validation Loss: 0.2769
New best model found with validation loss: 0.2769
Epoch [2/1000], Training Loss: 0.2791
Validation Loss: 0.2513
New best model found with validation loss: 0.2513
Epoch [3/1000], Training Loss: 0.2602
Validation Loss: 0.2355
New best model found with validation loss: 0.2355
Epoch [4/1000], Training Loss: 0.2304
Validation Loss: 0.2238
New best model found with validation loss: 0.2238
Epoch [5/1000], Training Loss: 0.2243
Validation Loss: 0.2245
No improvement in validation loss. Early stop counter: 1/10
Epoch [6/1000], Training Loss: 0.2108
Validation Loss: 0.2103
New best model found with validation loss: 0.2103
Epoch [7/1000], Training Loss: 0.2102
Validation Loss: 0.2027
New best model found with validation loss: 0.2027
Epoch [8/1000], Training Loss: 0.2070
Validation Loss: 0.2042
No improvement in validation loss. Early stop counter: 1/10
Epoch [9/1000], Training Loss: 0.2019
Validation Loss: 0.2023
New best model found with validation loss: 0.2023
Epoch [10/1000], Training Loss: 0.2006
Validation Loss: 0.1977
New best model found with validation loss: 0.1977
Epoch [11/1000], Training Loss: 0.1955
Validation Loss: 0.1985
No improvement in validation loss. Early stop counter: 1/10
Epoch [12/1000], Training Loss: 0.1928
Validation Loss: 0.2095
No improvement in validation loss. Early stop counter: 2/10
Epoch [13/1000], Training Loss: 0.1930
Validation Loss: 0.2000
No improvement in validation loss. Early stop counter: 3/10
Epoch [14/1000], Training Loss: 0.1923
Validation Loss: 0.1974
New best model found with validation loss: 0.1974
Epoch [15/1000], Training Loss: 0.1904
Validation Loss: 0.1919
New best model found with validation loss: 0.1919
Epoch [16/1000], Training Loss: 0.1903
Validation Loss: 0.2061
No improvement in validation loss. Early stop counter: 1/10
Epoch [17/1000], Training Loss: 0.1907
Validation Loss: 0.1921
No improvement in validation loss. Early stop counter: 2/10
Epoch [18/1000], Training Loss: 0.1884
Validation Loss: 0.1898
New best model found with validation loss: 0.1898
Epoch [19/1000], Training Loss: 0.1881
Validation Loss: 0.1925
No improvement in validation loss. Early stop counter: 1/10
Epoch [20/1000], Training Loss: 0.1880
Validation Loss: 0.2002
No improvement in validation loss. Early stop counter: 2/10
Epoch [21/1000], Training Loss: 0.1834
Validation Loss: 0.1895
New best model found with validation loss: 0.1895
Epoch [22/1000], Training Loss: 0.1850
Validation Loss: 0.1874
New best model found with validation loss: 0.1874
Epoch [23/1000], Training Loss: 0.1822
Validation Loss: 0.1880
No improvement in validation loss. Early stop counter: 1/10
Epoch [24/1000], Training Loss: 0.1820
Validation Loss: 0.1907
No improvement in validation loss. Early stop counter: 2/10
Epoch [25/1000], Training Loss: 0.1811
Validation Loss: 0.1870
New best model found with validation loss: 0.1870
Epoch [26/1000], Training Loss: 0.1802
Validation Loss: 0.1919
No improvement in validation loss. Early stop counter: 1/10
Epoch [27/1000], Training Loss: 0.1818
Validation Loss: 0.1854
New best model found with validation loss: 0.1854
Epoch [28/1000], Training Loss: 0.1802
Validation Loss: 0.1849
New best model found with validation loss: 0.1849
Epoch [29/1000], Training Loss: 0.1805
Validation Loss: 0.1886
No improvement in validation loss. Early stop counter: 1/10
Epoch [30/1000], Training Loss: 0.1810
Validation Loss: 0.1878
No improvement in validation loss. Early stop counter: 2/10
Epoch [31/1000], Training Loss: 0.1786
Validation Loss: 0.1846
New best model found with validation loss: 0.1846
Epoch [32/1000], Training Loss: 0.1782
Validation Loss: 0.1845
New best model found with validation loss: 0.1845
Epoch [33/1000], Training Loss: 0.1773
Validation Loss: 0.1848
No improvement in validation loss. Early stop counter: 1/10
Epoch [34/1000], Training Loss: 0.1773
Validation Loss: 0.1844
New best model found with validation loss: 0.1844
Epoch [35/1000], Training Loss: 0.1772
Validation Loss: 0.1836
New best model found with validation loss: 0.1836
Epoch [36/1000], Training Loss: 0.1778
Validation Loss: 0.1834
New best model found with validation loss: 0.1834
Epoch [37/1000], Training Loss: 0.1771
Validation Loss: 0.1858
No improvement in validation loss. Early stop counter: 1/10
Epoch [38/1000], Training Loss: 0.1775
Validation Loss: 0.1842
No improvement in validation loss. Early stop counter: 2/10
Epoch [39/1000], Training Loss: 0.1767
Validation Loss: 0.1833
New best model found with validation loss: 0.1833
Epoch [40/1000], Training Loss: 0.1765
Validation Loss: 0.1832
New best model found with validation loss: 0.1832
Epoch [41/1000], Training Loss: 0.1762
Validation Loss: 0.1841
No improvement in validation loss. Early stop counter: 1/10
Epoch [42/1000], Training Loss: 0.1744
Validation Loss: 0.1828
New best model found with validation loss: 0.1828
Epoch [43/1000], Training Loss: 0.1751
Validation Loss: 0.1830
No improvement in validation loss. Early stop counter: 1/10
Epoch [44/1000], Training Loss: 0.1756
Validation Loss: 0.1824
New best model found with validation loss: 0.1824
Epoch [45/1000], Training Loss: 0.1760
Validation Loss: 0.1827
No improvement in validation loss. Early stop counter: 1/10
Epoch [46/1000], Training Loss: 0.1755
Validation Loss: 0.1832
No improvement in validation loss. Early stop counter: 2/10
Epoch [47/1000], Training Loss: 0.1748
Validation Loss: 0.1827
No improvement in validation loss. Early stop counter: 3/10
Epoch [48/1000], Training Loss: 0.1751
Validation Loss: 0.1828
No improvement in validation loss. Early stop counter: 4/10
Epoch [49/1000], Training Loss: 0.1749
Validation Loss: 0.1828
No improvement in validation loss. Early stop counter: 5/10
Epoch [50/1000], Training Loss: 0.1750
Validation Loss: 0.1821
New best model found with validation loss: 0.1821
Epoch [51/1000], Training Loss: 0.1747
Validation Loss: 0.1822
No improvement in validation loss. Early stop counter: 1/10
Epoch [52/1000], Training Loss: 0.1733
Validation Loss: 0.1817
New best model found with validation loss: 0.1817
Epoch [53/1000], Training Loss: 0.1742
Validation Loss: 0.1822
No improvement in validation loss. Early stop counter: 1/10
Epoch [54/1000], Training Loss: 0.1747
Validation Loss: 0.1825
No improvement in validation loss. Early stop counter: 2/10
Epoch [55/1000], Training Loss: 0.1741
Validation Loss: 0.1818
No improvement in validation loss. Early stop counter: 3/10
Epoch [56/1000], Training Loss: 0.1748
Validation Loss: 0.1816
New best model found with validation loss: 0.1816
Epoch [57/1000], Training Loss: 0.1742
Validation Loss: 0.1821
No improvement in validation loss. Early stop counter: 1/10
Epoch [58/1000], Training Loss: 0.1736
Validation Loss: 0.1817
No improvement in validation loss. Early stop counter: 2/10
Epoch [59/1000], Training Loss: 0.1738
Validation Loss: 0.1819
No improvement in validation loss. Early stop counter: 3/10
Epoch [60/1000], Training Loss: 0.1742
Validation Loss: 0.1814
New best model found with validation loss: 0.1814
Epoch [61/1000], Training Loss: 0.1729
Validation Loss: 0.1812
New best model found with validation loss: 0.1812
Epoch [62/1000], Training Loss: 0.1748
Validation Loss: 0.1814
No improvement in validation loss. Early stop counter: 1/10
Epoch [63/1000], Training Loss: 0.1728
Validation Loss: 0.1820
No improvement in validation loss. Early stop counter: 2/10
Epoch [64/1000], Training Loss: 0.1732
Validation Loss: 0.1815
No improvement in validation loss. Early stop counter: 3/10
Epoch [65/1000], Training Loss: 0.1731
Validation Loss: 0.1814
No improvement in validation loss. Early stop counter: 4/10
Epoch [66/1000], Training Loss: 0.1737
Validation Loss: 0.1815
No improvement in validation loss. Early stop counter: 5/10
Epoch [67/1000], Training Loss: 0.1731
Validation Loss: 0.1815
No improvement in validation loss. Early stop counter: 6/10
Epoch [68/1000], Training Loss: 0.1728
Validation Loss: 0.1815
No improvement in validation loss. Early stop counter: 7/10
Epoch [69/1000], Training Loss: 0.1734
Validation Loss: 0.1813
No improvement in validation loss. Early stop counter: 8/10
Epoch [70/1000], Training Loss: 0.1734
Validation Loss: 0.1814
No improvement in validation loss. Early stop counter: 9/10
Epoch [71/1000], Training Loss: 0.1733
Validation Loss: 0.1811
New best model found with validation loss: 0.1811
Epoch [72/1000], Training Loss: 0.1732
Validation Loss: 0.1811
No improvement in validation loss. Early stop counter: 1/10
Epoch [73/1000], Training Loss: 0.1728
Validation Loss: 0.1814
No improvement in validation loss. Early stop counter: 2/10
Epoch [74/1000], Training Loss: 0.1731
Validation Loss: 0.1811
No improvement in validation loss. Early stop counter: 3/10
Epoch [75/1000], Training Loss: 0.1718
Validation Loss: 0.1815
No improvement in validation loss. Early stop counter: 4/10
Epoch [76/1000], Training Loss: 0.1729
Validation Loss: 0.1812
No improvement in validation loss. Early stop counter: 5/10
Epoch [77/1000], Training Loss: 0.1734
Validation Loss: 0.1813
No improvement in validation loss. Early stop counter: 6/10
Epoch [78/1000], Training Loss: 0.1724
Validation Loss: 0.1811
No improvement in validation loss. Early stop counter: 7/10
Epoch [79/1000], Training Loss: 0.1727
Validation Loss: 0.1812
No improvement in validation loss. Early stop counter: 8/10
Epoch [80/1000], Training Loss: 0.1738
Validation Loss: 0.1810
New best model found with validation loss: 0.1810
Epoch [81/1000], Training Loss: 0.1739
Validation Loss: 0.1811
No improvement in validation loss. Early stop counter: 1/10
Epoch [82/1000], Training Loss: 0.1728
Validation Loss: 0.1811
No improvement in validation loss. Early stop counter: 2/10
Epoch [83/1000], Training Loss: 0.1729
Validation Loss: 0.1811
No improvement in validation loss. Early stop counter: 3/10
Epoch [84/1000], Training Loss: 0.1731
Validation Loss: 0.1811
No improvement in validation loss. Early stop counter: 4/10
Epoch [85/1000], Training Loss: 0.1735
Validation Loss: 0.1812
No improvement in validation loss. Early stop counter: 5/10
Epoch [86/1000], Training Loss: 0.1733
Validation Loss: 0.1812
No improvement in validation loss. Early stop counter: 6/10
Epoch [87/1000], Training Loss: 0.1727
Validation Loss: 0.1811
No improvement in validation loss. Early stop counter: 7/10
Epoch [88/1000], Training Loss: 0.1724
Validation Loss: 0.1810
No improvement in validation loss. Early stop counter: 8/10
Epoch [89/1000], Training Loss: 0.1722
Validation Loss: 0.1810
No improvement in validation loss. Early stop counter: 9/10
Epoch [90/1000], Training Loss: 0.1725
Validation Loss: 0.1812
No improvement in validation loss. Early stop counter: 10/10
Early stopping triggered after 90 epochs.
Best model for fold 5 saved successfully.

Cross-validation results:
Fold 1: Validation Loss = 0.1802
Fold 2: Validation Loss = 0.1650
Fold 3: Validation Loss = 0.1744
Fold 4: Validation Loss = 0.1853
Fold 5: Validation Loss = 0.1810
Average Validation Loss: 0.1772
