{'batch_size': 4, 'sequence_file': 'antibody_train_sequences_3000.npz', 'data_file': 'antibody_train_interfaces_3000.npz', 'edge_file': 'antibody_train_edges_3000.npz', 'max_len': 3000, 'vocab_size': 23, 'embed_dim': 256, 'num_heads': 16, 'dropout': 0.1, 'num_layers': 1, 'num_gnn_layers': 1, 'num_int_layers': 1, 'num_classes': 2, 'num_epochs': 1000, 'learning_rate': 0.0001, 'max_grad_norm': 0.1, 'validation_split': 0.1, 'early_stop_patience': 10, 'initial_gradient_noise_std': 0.05, 'accumulation_steps': 2}
Number of GPUs available: 4

Starting Fold 1/5...
Initializing ClassificationModel with 1 GAT layers and residual connections...
Initializing MCModel with 1 GAT layers and 1 row attention layers...
Initializing CGModel with 1 GAT layers and residual connections...
Initializing CoreModel with 1 self-attention layers...
Using 4 GPUs with DataParallel.
Epoch [1/1000], Training Loss: 0.3681
Validation Loss: 0.3292
New best model found with validation loss: 0.3292
Epoch [2/1000], Training Loss: 0.3182
Validation Loss: 0.2994
New best model found with validation loss: 0.2994
Epoch [3/1000], Training Loss: 0.2972
Validation Loss: 0.2784
New best model found with validation loss: 0.2784
Epoch [4/1000], Training Loss: 0.2764
Validation Loss: 0.2705
New best model found with validation loss: 0.2705
Epoch [5/1000], Training Loss: 0.2663
Validation Loss: 0.2690
New best model found with validation loss: 0.2690
Epoch [6/1000], Training Loss: 0.2668
Validation Loss: 0.2595
New best model found with validation loss: 0.2595
Epoch [7/1000], Training Loss: 0.2584
Validation Loss: 0.2593
New best model found with validation loss: 0.2593
Epoch [8/1000], Training Loss: 0.2502
Validation Loss: 0.2563
New best model found with validation loss: 0.2563
Epoch [9/1000], Training Loss: 0.2511
Validation Loss: 0.2697
No improvement in validation loss. Early stop counter: 1/10
Epoch [10/1000], Training Loss: 0.2479
Validation Loss: 0.2524
New best model found with validation loss: 0.2524
Epoch [11/1000], Training Loss: 0.2411
Validation Loss: 0.2620
No improvement in validation loss. Early stop counter: 1/10
Epoch [12/1000], Training Loss: 0.2375
Validation Loss: 0.2524
New best model found with validation loss: 0.2524
Epoch [13/1000], Training Loss: 0.2358
Validation Loss: 0.2434
New best model found with validation loss: 0.2434
Epoch [14/1000], Training Loss: 0.2335
Validation Loss: 0.2470
No improvement in validation loss. Early stop counter: 1/10
Epoch [15/1000], Training Loss: 0.2307
Validation Loss: 0.2453
No improvement in validation loss. Early stop counter: 2/10
Epoch [16/1000], Training Loss: 0.2330
Validation Loss: 0.2537
No improvement in validation loss. Early stop counter: 3/10
Epoch [17/1000], Training Loss: 0.2295
Validation Loss: 0.2903
No improvement in validation loss. Early stop counter: 4/10
Epoch [18/1000], Training Loss: 0.2271
Validation Loss: 0.2497
No improvement in validation loss. Early stop counter: 5/10
Epoch [19/1000], Training Loss: 0.2267
Validation Loss: 0.2435
No improvement in validation loss. Early stop counter: 6/10
Epoch [20/1000], Training Loss: 0.2258
Validation Loss: 0.2428
New best model found with validation loss: 0.2428
Epoch [21/1000], Training Loss: 0.2238
Validation Loss: 0.2352
New best model found with validation loss: 0.2352
Epoch [22/1000], Training Loss: 0.2250
Validation Loss: 0.2390
No improvement in validation loss. Early stop counter: 1/10
Epoch [23/1000], Training Loss: 0.2225
Validation Loss: 0.2402
No improvement in validation loss. Early stop counter: 2/10
Epoch [24/1000], Training Loss: 0.2216
Validation Loss: 0.2363
No improvement in validation loss. Early stop counter: 3/10
Epoch [25/1000], Training Loss: 0.2204
Validation Loss: 0.2359
No improvement in validation loss. Early stop counter: 4/10
Epoch [26/1000], Training Loss: 0.2217
Validation Loss: 0.2366
No improvement in validation loss. Early stop counter: 5/10
Epoch [27/1000], Training Loss: 0.2193
Validation Loss: 0.2372
No improvement in validation loss. Early stop counter: 6/10
Epoch [28/1000], Training Loss: 0.2196
Validation Loss: 0.2376
No improvement in validation loss. Early stop counter: 7/10
Epoch [29/1000], Training Loss: 0.2183
Validation Loss: 0.2344
New best model found with validation loss: 0.2344
Epoch [30/1000], Training Loss: 0.2188
Validation Loss: 0.2351
No improvement in validation loss. Early stop counter: 1/10
Epoch [31/1000], Training Loss: 0.2175
Validation Loss: 0.2475
No improvement in validation loss. Early stop counter: 2/10
Epoch [32/1000], Training Loss: 0.2185
Validation Loss: 0.2357
No improvement in validation loss. Early stop counter: 3/10
Epoch [33/1000], Training Loss: 0.2169
Validation Loss: 0.2348
No improvement in validation loss. Early stop counter: 4/10
Epoch [34/1000], Training Loss: 0.2166
Validation Loss: 0.2337
New best model found with validation loss: 0.2337
Epoch [35/1000], Training Loss: 0.2160
Validation Loss: 0.2417
No improvement in validation loss. Early stop counter: 1/10
Epoch [36/1000], Training Loss: 0.2166
Validation Loss: 0.2356
No improvement in validation loss. Early stop counter: 2/10
Epoch [37/1000], Training Loss: 0.2155
Validation Loss: 0.2347
No improvement in validation loss. Early stop counter: 3/10
Epoch [38/1000], Training Loss: 0.2170
Validation Loss: 0.2491
No improvement in validation loss. Early stop counter: 4/10
Epoch [39/1000], Training Loss: 0.2170
Validation Loss: 0.2412
No improvement in validation loss. Early stop counter: 5/10
Epoch [40/1000], Training Loss: 0.2158
Validation Loss: 0.2341
No improvement in validation loss. Early stop counter: 6/10
Epoch [41/1000], Training Loss: 0.2142
Validation Loss: 0.2333
New best model found with validation loss: 0.2333
Epoch [42/1000], Training Loss: 0.2136
Validation Loss: 0.2392
No improvement in validation loss. Early stop counter: 1/10
Epoch [43/1000], Training Loss: 0.2148
Validation Loss: 0.2343
No improvement in validation loss. Early stop counter: 2/10
Epoch [44/1000], Training Loss: 0.2138
Validation Loss: 0.2438
No improvement in validation loss. Early stop counter: 3/10
Epoch [45/1000], Training Loss: 0.2149
Validation Loss: 0.2317
New best model found with validation loss: 0.2317
Epoch [46/1000], Training Loss: 0.2137
Validation Loss: 0.2365
No improvement in validation loss. Early stop counter: 1/10
Epoch [47/1000], Training Loss: 0.2142
Validation Loss: 0.2366
No improvement in validation loss. Early stop counter: 2/10
Epoch [48/1000], Training Loss: 0.2143
Validation Loss: 0.2328
No improvement in validation loss. Early stop counter: 3/10
Epoch [49/1000], Training Loss: 0.2135
Validation Loss: 0.2389
No improvement in validation loss. Early stop counter: 4/10
Epoch [50/1000], Training Loss: 0.2141
Validation Loss: 0.2488
No improvement in validation loss. Early stop counter: 5/10
Epoch [51/1000], Training Loss: 0.2131
Validation Loss: 0.2362
No improvement in validation loss. Early stop counter: 6/10
Epoch [52/1000], Training Loss: 0.2141
Validation Loss: 0.2393
No improvement in validation loss. Early stop counter: 7/10
Epoch [53/1000], Training Loss: 0.2136
Validation Loss: 0.2332
No improvement in validation loss. Early stop counter: 8/10
Epoch [54/1000], Training Loss: 0.2129
Validation Loss: 0.2326
No improvement in validation loss. Early stop counter: 9/10
Epoch [55/1000], Training Loss: 0.2119
Validation Loss: 0.2350
No improvement in validation loss. Early stop counter: 10/10
Early stopping triggered after 55 epochs.
Best model for fold 1 saved successfully.

Starting Fold 2/5...
Initializing ClassificationModel with 1 GAT layers and residual connections...
Initializing MCModel with 1 GAT layers and 1 row attention layers...
Initializing CGModel with 1 GAT layers and residual connections...
Initializing CoreModel with 1 self-attention layers...
Using 4 GPUs with DataParallel.
Epoch [1/1000], Training Loss: 0.3919
Validation Loss: 0.3125
New best model found with validation loss: 0.3125
Epoch [2/1000], Training Loss: 0.3364
Validation Loss: 0.2956
New best model found with validation loss: 0.2956
Epoch [3/1000], Training Loss: 0.3089
Validation Loss: 0.3337
No improvement in validation loss. Early stop counter: 1/10
Epoch [4/1000], Training Loss: 0.2936
Validation Loss: 0.2621
New best model found with validation loss: 0.2621
Epoch [5/1000], Training Loss: 0.2759
Validation Loss: 0.2373
New best model found with validation loss: 0.2373
Epoch [6/1000], Training Loss: 0.2697
Validation Loss: 0.2332
New best model found with validation loss: 0.2332
Epoch [7/1000], Training Loss: 0.2650
Validation Loss: 0.2305
New best model found with validation loss: 0.2305
Epoch [8/1000], Training Loss: 0.2576
Validation Loss: 0.2286
New best model found with validation loss: 0.2286
Epoch [9/1000], Training Loss: 0.2566
Validation Loss: 0.2232
New best model found with validation loss: 0.2232
Epoch [10/1000], Training Loss: 0.2545
Validation Loss: 0.2275
No improvement in validation loss. Early stop counter: 1/10
Epoch [11/1000], Training Loss: 0.2450
Validation Loss: 0.2181
New best model found with validation loss: 0.2181
Epoch [12/1000], Training Loss: 0.2418
Validation Loss: 0.2238
No improvement in validation loss. Early stop counter: 1/10
Epoch [13/1000], Training Loss: 0.2428
Validation Loss: 0.2144
New best model found with validation loss: 0.2144
Epoch [14/1000], Training Loss: 0.2411
Validation Loss: 0.2145
No improvement in validation loss. Early stop counter: 1/10
Epoch [15/1000], Training Loss: 0.2404
Validation Loss: 0.2300
No improvement in validation loss. Early stop counter: 2/10
Epoch [16/1000], Training Loss: 0.2382
Validation Loss: 0.2174
No improvement in validation loss. Early stop counter: 3/10
Epoch [17/1000], Training Loss: 0.2357
Validation Loss: 0.2180
No improvement in validation loss. Early stop counter: 4/10
Epoch [18/1000], Training Loss: 0.2359
Validation Loss: 0.2104
New best model found with validation loss: 0.2104
Epoch [19/1000], Training Loss: 0.2311
Validation Loss: 0.2107
No improvement in validation loss. Early stop counter: 1/10
Epoch [20/1000], Training Loss: 0.2305
Validation Loss: 0.2112
No improvement in validation loss. Early stop counter: 2/10
Epoch [21/1000], Training Loss: 0.2280
Validation Loss: 0.2089
New best model found with validation loss: 0.2089
Epoch [22/1000], Training Loss: 0.2272
Validation Loss: 0.2142
No improvement in validation loss. Early stop counter: 1/10
Epoch [23/1000], Training Loss: 0.2265
Validation Loss: 0.2122
No improvement in validation loss. Early stop counter: 2/10
Epoch [24/1000], Training Loss: 0.2266
Validation Loss: 0.2468
No improvement in validation loss. Early stop counter: 3/10
Epoch [25/1000], Training Loss: 0.2275
Validation Loss: 0.2131
No improvement in validation loss. Early stop counter: 4/10
Epoch [26/1000], Training Loss: 0.2241
Validation Loss: 0.2058
New best model found with validation loss: 0.2058
Epoch [27/1000], Training Loss: 0.2248
Validation Loss: 0.2236
No improvement in validation loss. Early stop counter: 1/10
Epoch [28/1000], Training Loss: 0.2236
Validation Loss: 0.2073
No improvement in validation loss. Early stop counter: 2/10
Epoch [29/1000], Training Loss: 0.2242
Validation Loss: 0.2047
New best model found with validation loss: 0.2047
Epoch [30/1000], Training Loss: 0.2236
Validation Loss: 0.2056
No improvement in validation loss. Early stop counter: 1/10
Epoch [31/1000], Training Loss: 0.2212
Validation Loss: 0.2061
No improvement in validation loss. Early stop counter: 2/10
Epoch [32/1000], Training Loss: 0.2227
Validation Loss: 0.2041
New best model found with validation loss: 0.2041
Epoch [33/1000], Training Loss: 0.2221
Validation Loss: 0.2061
No improvement in validation loss. Early stop counter: 1/10
Epoch [34/1000], Training Loss: 0.2207
Validation Loss: 0.2033
New best model found with validation loss: 0.2033
Epoch [35/1000], Training Loss: 0.2201
Validation Loss: 0.2052
No improvement in validation loss. Early stop counter: 1/10
Epoch [36/1000], Training Loss: 0.2213
Validation Loss: 0.2165
No improvement in validation loss. Early stop counter: 2/10
Epoch [37/1000], Training Loss: 0.2199
Validation Loss: 0.2142
No improvement in validation loss. Early stop counter: 3/10
Epoch [38/1000], Training Loss: 0.2194
Validation Loss: 0.2142
No improvement in validation loss. Early stop counter: 4/10
Epoch [39/1000], Training Loss: 0.2196
Validation Loss: 0.2171
No improvement in validation loss. Early stop counter: 5/10
Epoch [40/1000], Training Loss: 0.2186
Validation Loss: 0.2098
No improvement in validation loss. Early stop counter: 6/10
Epoch [41/1000], Training Loss: 0.2195
Validation Loss: 0.2034
No improvement in validation loss. Early stop counter: 7/10
Epoch [42/1000], Training Loss: 0.2179
Validation Loss: 0.2032
New best model found with validation loss: 0.2032
Epoch [43/1000], Training Loss: 0.2193
Validation Loss: 0.2074
No improvement in validation loss. Early stop counter: 1/10
Epoch [44/1000], Training Loss: 0.2182
Validation Loss: 0.2069
No improvement in validation loss. Early stop counter: 2/10
Epoch [45/1000], Training Loss: 0.2173
Validation Loss: 0.2096
No improvement in validation loss. Early stop counter: 3/10
Epoch [46/1000], Training Loss: 0.2182
Validation Loss: 0.2036
No improvement in validation loss. Early stop counter: 4/10
Epoch [47/1000], Training Loss: 0.2191
Validation Loss: 0.2092
No improvement in validation loss. Early stop counter: 5/10
Epoch [48/1000], Training Loss: 0.2185
Validation Loss: 0.2083
No improvement in validation loss. Early stop counter: 6/10
Epoch [49/1000], Training Loss: 0.2189
Validation Loss: 0.2049
No improvement in validation loss. Early stop counter: 7/10
Epoch [50/1000], Training Loss: 0.2177
Validation Loss: 0.2079
No improvement in validation loss. Early stop counter: 8/10
Epoch [51/1000], Training Loss: 0.2166
Validation Loss: 0.2093
No improvement in validation loss. Early stop counter: 9/10
Epoch [52/1000], Training Loss: 0.2184
Validation Loss: 0.2100
No improvement in validation loss. Early stop counter: 10/10
Early stopping triggered after 52 epochs.
Best model for fold 2 saved successfully.

Starting Fold 3/5...
Initializing ClassificationModel with 1 GAT layers and residual connections...
Initializing MCModel with 1 GAT layers and 1 row attention layers...
Initializing CGModel with 1 GAT layers and residual connections...
Initializing CoreModel with 1 self-attention layers...
Using 4 GPUs with DataParallel.
Epoch [1/1000], Training Loss: 0.3781
Validation Loss: 0.3184
New best model found with validation loss: 0.3184
Epoch [2/1000], Training Loss: 0.3318
Validation Loss: 0.2878
New best model found with validation loss: 0.2878
Epoch [3/1000], Training Loss: 0.2933
Validation Loss: 0.2602
New best model found with validation loss: 0.2602
Epoch [4/1000], Training Loss: 0.2726
Validation Loss: 0.2437
New best model found with validation loss: 0.2437
Epoch [5/1000], Training Loss: 0.2664
Validation Loss: 0.2405
New best model found with validation loss: 0.2405
Epoch [6/1000], Training Loss: 0.2599
Validation Loss: 0.2467
No improvement in validation loss. Early stop counter: 1/10
Epoch [7/1000], Training Loss: 0.2583
Validation Loss: 0.2375
New best model found with validation loss: 0.2375
Epoch [8/1000], Training Loss: 0.2516
Validation Loss: 0.2271
New best model found with validation loss: 0.2271
Epoch [9/1000], Training Loss: 0.2474
Validation Loss: 0.2244
New best model found with validation loss: 0.2244
Epoch [10/1000], Training Loss: 0.2476
Validation Loss: 0.2319
No improvement in validation loss. Early stop counter: 1/10
Epoch [11/1000], Training Loss: 0.2405
Validation Loss: 0.2214
New best model found with validation loss: 0.2214
Epoch [12/1000], Training Loss: 0.2377
Validation Loss: 0.2236
No improvement in validation loss. Early stop counter: 1/10
Epoch [13/1000], Training Loss: 0.2374
Validation Loss: 0.2193
New best model found with validation loss: 0.2193
Epoch [14/1000], Training Loss: 0.2391
Validation Loss: 0.2192
New best model found with validation loss: 0.2192
Epoch [15/1000], Training Loss: 0.2332
Validation Loss: 0.2174
New best model found with validation loss: 0.2174
Epoch [16/1000], Training Loss: 0.2321
Validation Loss: 0.2162
New best model found with validation loss: 0.2162
Epoch [17/1000], Training Loss: 0.2302
Validation Loss: 0.2305
No improvement in validation loss. Early stop counter: 1/10
Epoch [18/1000], Training Loss: 0.2302
Validation Loss: 0.2220
No improvement in validation loss. Early stop counter: 2/10
Epoch [19/1000], Training Loss: 0.2284
Validation Loss: 0.2130
New best model found with validation loss: 0.2130
Epoch [20/1000], Training Loss: 0.2277
Validation Loss: 0.2119
New best model found with validation loss: 0.2119
Epoch [21/1000], Training Loss: 0.2252
Validation Loss: 0.2131
No improvement in validation loss. Early stop counter: 1/10
Epoch [22/1000], Training Loss: 0.2245
Validation Loss: 0.2101
New best model found with validation loss: 0.2101
Epoch [23/1000], Training Loss: 0.2249
Validation Loss: 0.2213
No improvement in validation loss. Early stop counter: 1/10
Epoch [24/1000], Training Loss: 0.2236
Validation Loss: 0.2093
New best model found with validation loss: 0.2093
Epoch [25/1000], Training Loss: 0.2224
Validation Loss: 0.2298
No improvement in validation loss. Early stop counter: 1/10
Epoch [26/1000], Training Loss: 0.2225
Validation Loss: 0.2086
New best model found with validation loss: 0.2086
Epoch [27/1000], Training Loss: 0.2215
Validation Loss: 0.2118
No improvement in validation loss. Early stop counter: 1/10
Epoch [28/1000], Training Loss: 0.2222
Validation Loss: 0.2083
New best model found with validation loss: 0.2083
Epoch [29/1000], Training Loss: 0.2213
Validation Loss: 0.2093
No improvement in validation loss. Early stop counter: 1/10
Epoch [30/1000], Training Loss: 0.2205
Validation Loss: 0.2103
No improvement in validation loss. Early stop counter: 2/10
Epoch [31/1000], Training Loss: 0.2202
Validation Loss: 0.2097
No improvement in validation loss. Early stop counter: 3/10
Epoch [32/1000], Training Loss: 0.2185
Validation Loss: 0.2127
No improvement in validation loss. Early stop counter: 4/10
Epoch [33/1000], Training Loss: 0.2199
Validation Loss: 0.2084
No improvement in validation loss. Early stop counter: 5/10
Epoch [34/1000], Training Loss: 0.2185
Validation Loss: 0.2074
New best model found with validation loss: 0.2074
Epoch [35/1000], Training Loss: 0.2186
Validation Loss: 0.2081
No improvement in validation loss. Early stop counter: 1/10
Epoch [36/1000], Training Loss: 0.2176
Validation Loss: 0.2108
No improvement in validation loss. Early stop counter: 2/10
Epoch [37/1000], Training Loss: 0.2175
Validation Loss: 0.2066
New best model found with validation loss: 0.2066
Epoch [38/1000], Training Loss: 0.2183
Validation Loss: 0.2066
New best model found with validation loss: 0.2066
Epoch [39/1000], Training Loss: 0.2184
Validation Loss: 0.2081
No improvement in validation loss. Early stop counter: 1/10
Epoch [40/1000], Training Loss: 0.2175
Validation Loss: 0.2058
New best model found with validation loss: 0.2058
Epoch [41/1000], Training Loss: 0.2182
Validation Loss: 0.2071
No improvement in validation loss. Early stop counter: 1/10
Epoch [42/1000], Training Loss: 0.2170
Validation Loss: 0.2077
No improvement in validation loss. Early stop counter: 2/10
Epoch [43/1000], Training Loss: 0.2164
Validation Loss: 0.2122
No improvement in validation loss. Early stop counter: 3/10
Epoch [44/1000], Training Loss: 0.2167
Validation Loss: 0.2100
No improvement in validation loss. Early stop counter: 4/10
Epoch [45/1000], Training Loss: 0.2165
Validation Loss: 0.2108
No improvement in validation loss. Early stop counter: 5/10
Epoch [46/1000], Training Loss: 0.2157
Validation Loss: 0.2159
No improvement in validation loss. Early stop counter: 6/10
Epoch [47/1000], Training Loss: 0.2155
Validation Loss: 0.2094
No improvement in validation loss. Early stop counter: 7/10
Epoch [48/1000], Training Loss: 0.2165
Validation Loss: 0.2100
No improvement in validation loss. Early stop counter: 8/10
Epoch [49/1000], Training Loss: 0.2172
Validation Loss: 0.2173
No improvement in validation loss. Early stop counter: 9/10
Epoch [50/1000], Training Loss: 0.2180
Validation Loss: 0.2169
No improvement in validation loss. Early stop counter: 10/10
Early stopping triggered after 50 epochs.
Best model for fold 3 saved successfully.

Starting Fold 4/5...
Initializing ClassificationModel with 1 GAT layers and residual connections...
Initializing MCModel with 1 GAT layers and 1 row attention layers...
Initializing CGModel with 1 GAT layers and residual connections...
Initializing CoreModel with 1 self-attention layers...
Using 4 GPUs with DataParallel.
Epoch [1/1000], Training Loss: 0.3897
Validation Loss: 0.3317
New best model found with validation loss: 0.3317
Epoch [2/1000], Training Loss: 0.3164
Validation Loss: 0.2808
New best model found with validation loss: 0.2808
Epoch [3/1000], Training Loss: 0.2848
Validation Loss: 0.2581
New best model found with validation loss: 0.2581
Epoch [4/1000], Training Loss: 0.2697
Validation Loss: 0.2504
New best model found with validation loss: 0.2504
Epoch [5/1000], Training Loss: 0.2574
Validation Loss: 0.2477
New best model found with validation loss: 0.2477
Epoch [6/1000], Training Loss: 0.2580
Validation Loss: 0.2680
No improvement in validation loss. Early stop counter: 1/10
Epoch [7/1000], Training Loss: 0.2545
Validation Loss: 0.2418
New best model found with validation loss: 0.2418
Epoch [8/1000], Training Loss: 0.2505
Validation Loss: 0.2455
No improvement in validation loss. Early stop counter: 1/10
Epoch [9/1000], Training Loss: 0.2538
Validation Loss: 0.2682
No improvement in validation loss. Early stop counter: 2/10
Epoch [10/1000], Training Loss: 0.2488
Validation Loss: 0.2672
No improvement in validation loss. Early stop counter: 3/10
Epoch [11/1000], Training Loss: 0.2380
Validation Loss: 0.2464
No improvement in validation loss. Early stop counter: 4/10
Epoch [12/1000], Training Loss: 0.2374
Validation Loss: 0.2334
New best model found with validation loss: 0.2334
Epoch [13/1000], Training Loss: 0.2338
Validation Loss: 0.2358
No improvement in validation loss. Early stop counter: 1/10
Epoch [14/1000], Training Loss: 0.2360
Validation Loss: 0.2303
New best model found with validation loss: 0.2303
Epoch [15/1000], Training Loss: 0.2336
Validation Loss: 0.2281
New best model found with validation loss: 0.2281
Epoch [16/1000], Training Loss: 0.2296
Validation Loss: 0.2519
No improvement in validation loss. Early stop counter: 1/10
Epoch [17/1000], Training Loss: 0.2289
Validation Loss: 0.2261
New best model found with validation loss: 0.2261
Epoch [18/1000], Training Loss: 0.2290
Validation Loss: 0.2245
New best model found with validation loss: 0.2245
Epoch [19/1000], Training Loss: 0.2267
Validation Loss: 0.2279
No improvement in validation loss. Early stop counter: 1/10
Epoch [20/1000], Training Loss: 0.2280
Validation Loss: 0.2495
No improvement in validation loss. Early stop counter: 2/10
Epoch [21/1000], Training Loss: 0.2244
Validation Loss: 0.2230
New best model found with validation loss: 0.2230
Epoch [22/1000], Training Loss: 0.2227
Validation Loss: 0.2263
No improvement in validation loss. Early stop counter: 1/10
Epoch [23/1000], Training Loss: 0.2218
Validation Loss: 0.2227
New best model found with validation loss: 0.2227
Epoch [24/1000], Training Loss: 0.2203
Validation Loss: 0.2236
No improvement in validation loss. Early stop counter: 1/10
Epoch [25/1000], Training Loss: 0.2208
Validation Loss: 0.2234
No improvement in validation loss. Early stop counter: 2/10
Epoch [26/1000], Training Loss: 0.2195
Validation Loss: 0.2315
No improvement in validation loss. Early stop counter: 3/10
Epoch [27/1000], Training Loss: 0.2208
Validation Loss: 0.2334
No improvement in validation loss. Early stop counter: 4/10
Epoch [28/1000], Training Loss: 0.2191
Validation Loss: 0.2236
No improvement in validation loss. Early stop counter: 5/10
Epoch [29/1000], Training Loss: 0.2185
Validation Loss: 0.2224
New best model found with validation loss: 0.2224
Epoch [30/1000], Training Loss: 0.2184
Validation Loss: 0.2238
No improvement in validation loss. Early stop counter: 1/10
Epoch [31/1000], Training Loss: 0.2176
Validation Loss: 0.2199
New best model found with validation loss: 0.2199
Epoch [32/1000], Training Loss: 0.2166
Validation Loss: 0.2226
No improvement in validation loss. Early stop counter: 1/10
Epoch [33/1000], Training Loss: 0.2163
Validation Loss: 0.2194
New best model found with validation loss: 0.2194
Epoch [34/1000], Training Loss: 0.2166
Validation Loss: 0.2243
No improvement in validation loss. Early stop counter: 1/10
Epoch [35/1000], Training Loss: 0.2160
Validation Loss: 0.2208
No improvement in validation loss. Early stop counter: 2/10
Epoch [36/1000], Training Loss: 0.2169
Validation Loss: 0.2186
New best model found with validation loss: 0.2186
Epoch [37/1000], Training Loss: 0.2161
Validation Loss: 0.2200
No improvement in validation loss. Early stop counter: 1/10
Epoch [38/1000], Training Loss: 0.2164
Validation Loss: 0.2211
No improvement in validation loss. Early stop counter: 2/10
Epoch [39/1000], Training Loss: 0.2147
Validation Loss: 0.2225
No improvement in validation loss. Early stop counter: 3/10
Epoch [40/1000], Training Loss: 0.2165
Validation Loss: 0.2207
No improvement in validation loss. Early stop counter: 4/10
Epoch [41/1000], Training Loss: 0.2140
Validation Loss: 0.2239
No improvement in validation loss. Early stop counter: 5/10
Epoch [42/1000], Training Loss: 0.2141
Validation Loss: 0.2249
No improvement in validation loss. Early stop counter: 6/10
Epoch [43/1000], Training Loss: 0.2135
Validation Loss: 0.2238
No improvement in validation loss. Early stop counter: 7/10
Epoch [44/1000], Training Loss: 0.2143
Validation Loss: 0.2189
No improvement in validation loss. Early stop counter: 8/10
Epoch [45/1000], Training Loss: 0.2131
Validation Loss: 0.2242
No improvement in validation loss. Early stop counter: 9/10
Epoch [46/1000], Training Loss: 0.2137
Validation Loss: 0.2225
No improvement in validation loss. Early stop counter: 10/10
Early stopping triggered after 46 epochs.
Best model for fold 4 saved successfully.

Starting Fold 5/5...
Initializing ClassificationModel with 1 GAT layers and residual connections...
Initializing MCModel with 1 GAT layers and 1 row attention layers...
Initializing CGModel with 1 GAT layers and residual connections...
Initializing CoreModel with 1 self-attention layers...
Using 4 GPUs with DataParallel.
Epoch [1/1000], Training Loss: 0.3785
Validation Loss: 0.3365
New best model found with validation loss: 0.3365
Epoch [2/1000], Training Loss: 0.3128
Validation Loss: 0.3293
New best model found with validation loss: 0.3293
Epoch [3/1000], Training Loss: 0.2932
Validation Loss: 0.3030
New best model found with validation loss: 0.3030
Epoch [4/1000], Training Loss: 0.2809
Validation Loss: 0.3023
New best model found with validation loss: 0.3023
Epoch [5/1000], Training Loss: 0.2695
Validation Loss: 0.2720
New best model found with validation loss: 0.2720
Epoch [6/1000], Training Loss: 0.2585
Validation Loss: 0.2643
New best model found with validation loss: 0.2643
Epoch [7/1000], Training Loss: 0.2607
Validation Loss: 0.2626
New best model found with validation loss: 0.2626
Epoch [8/1000], Training Loss: 0.2480
Validation Loss: 0.2550
New best model found with validation loss: 0.2550
Epoch [9/1000], Training Loss: 0.2502
Validation Loss: 0.2681
No improvement in validation loss. Early stop counter: 1/10
Epoch [10/1000], Training Loss: 0.2395
Validation Loss: 0.2579
No improvement in validation loss. Early stop counter: 2/10
Epoch [11/1000], Training Loss: 0.2370
Validation Loss: 0.2464
New best model found with validation loss: 0.2464
Epoch [12/1000], Training Loss: 0.2330
Validation Loss: 0.2472
No improvement in validation loss. Early stop counter: 1/10
Epoch [13/1000], Training Loss: 0.2305
Validation Loss: 0.2495
No improvement in validation loss. Early stop counter: 2/10
Epoch [14/1000], Training Loss: 0.2289
Validation Loss: 0.2462
New best model found with validation loss: 0.2462
Epoch [15/1000], Training Loss: 0.2318
Validation Loss: 0.2456
New best model found with validation loss: 0.2456
Epoch [16/1000], Training Loss: 0.2284
Validation Loss: 0.2438
New best model found with validation loss: 0.2438
Epoch [17/1000], Training Loss: 0.2261
Validation Loss: 0.2417
New best model found with validation loss: 0.2417
Epoch [18/1000], Training Loss: 0.2277
Validation Loss: 0.2395
New best model found with validation loss: 0.2395
Epoch [19/1000], Training Loss: 0.2242
Validation Loss: 0.2443
No improvement in validation loss. Early stop counter: 1/10
Epoch [20/1000], Training Loss: 0.2228
Validation Loss: 0.2404
No improvement in validation loss. Early stop counter: 2/10
Epoch [21/1000], Training Loss: 0.2217
Validation Loss: 0.2359
New best model found with validation loss: 0.2359
Epoch [22/1000], Training Loss: 0.2200
Validation Loss: 0.2396
No improvement in validation loss. Early stop counter: 1/10
Epoch [23/1000], Training Loss: 0.2192
Validation Loss: 0.2411
No improvement in validation loss. Early stop counter: 2/10
Epoch [24/1000], Training Loss: 0.2201
Validation Loss: 0.2394
No improvement in validation loss. Early stop counter: 3/10
Epoch [25/1000], Training Loss: 0.2181
Validation Loss: 0.2348
New best model found with validation loss: 0.2348
Epoch [26/1000], Training Loss: 0.2186
Validation Loss: 0.2385
No improvement in validation loss. Early stop counter: 1/10
Epoch [27/1000], Training Loss: 0.2163
Validation Loss: 0.2396
No improvement in validation loss. Early stop counter: 2/10
Epoch [28/1000], Training Loss: 0.2206
Validation Loss: 0.2359
No improvement in validation loss. Early stop counter: 3/10
Epoch [29/1000], Training Loss: 0.2164
Validation Loss: 0.2373
No improvement in validation loss. Early stop counter: 4/10
Epoch [30/1000], Training Loss: 0.2174
Validation Loss: 0.2370
No improvement in validation loss. Early stop counter: 5/10
Epoch [31/1000], Training Loss: 0.2161
Validation Loss: 0.2345
New best model found with validation loss: 0.2345
Epoch [32/1000], Training Loss: 0.2154
Validation Loss: 0.2349
No improvement in validation loss. Early stop counter: 1/10
Epoch [33/1000], Training Loss: 0.2150
Validation Loss: 0.2355
No improvement in validation loss. Early stop counter: 2/10
Epoch [34/1000], Training Loss: 0.2151
Validation Loss: 0.2348
No improvement in validation loss. Early stop counter: 3/10
Epoch [35/1000], Training Loss: 0.2146
Validation Loss: 0.2328
New best model found with validation loss: 0.2328
Epoch [36/1000], Training Loss: 0.2133
Validation Loss: 0.2341
No improvement in validation loss. Early stop counter: 1/10
Epoch [37/1000], Training Loss: 0.2130
Validation Loss: 0.2345
No improvement in validation loss. Early stop counter: 2/10
Epoch [38/1000], Training Loss: 0.2132
Validation Loss: 0.2324
New best model found with validation loss: 0.2324
Epoch [39/1000], Training Loss: 0.2134
Validation Loss: 0.2357
No improvement in validation loss. Early stop counter: 1/10
Epoch [40/1000], Training Loss: 0.2140
Validation Loss: 0.2323
New best model found with validation loss: 0.2323
Epoch [41/1000], Training Loss: 0.2132
Validation Loss: 0.2324
No improvement in validation loss. Early stop counter: 1/10
Epoch [42/1000], Training Loss: 0.2113
Validation Loss: 0.2320
New best model found with validation loss: 0.2320
Epoch [43/1000], Training Loss: 0.2110
Validation Loss: 0.2313
New best model found with validation loss: 0.2313
Epoch [44/1000], Training Loss: 0.2112
Validation Loss: 0.2340
No improvement in validation loss. Early stop counter: 1/10
Epoch [45/1000], Training Loss: 0.2112
Validation Loss: 0.2328
No improvement in validation loss. Early stop counter: 2/10
Epoch [46/1000], Training Loss: 0.2121
Validation Loss: 0.2331
No improvement in validation loss. Early stop counter: 3/10
Epoch [47/1000], Training Loss: 0.2110
Validation Loss: 0.2340
No improvement in validation loss. Early stop counter: 4/10
Epoch [48/1000], Training Loss: 0.2110
Validation Loss: 0.2313
New best model found with validation loss: 0.2313
Epoch [49/1000], Training Loss: 0.2110
Validation Loss: 0.2327
No improvement in validation loss. Early stop counter: 1/10
Epoch [50/1000], Training Loss: 0.2110
Validation Loss: 0.2324
No improvement in validation loss. Early stop counter: 2/10
Epoch [51/1000], Training Loss: 0.2106
Validation Loss: 0.2313
New best model found with validation loss: 0.2313
Epoch [52/1000], Training Loss: 0.2101
Validation Loss: 0.2331
No improvement in validation loss. Early stop counter: 1/10
Epoch [53/1000], Training Loss: 0.2112
Validation Loss: 0.2339
No improvement in validation loss. Early stop counter: 2/10
Epoch [54/1000], Training Loss: 0.2101
Validation Loss: 0.2333
No improvement in validation loss. Early stop counter: 3/10
Epoch [55/1000], Training Loss: 0.2107
Validation Loss: 0.2319
No improvement in validation loss. Early stop counter: 4/10
Epoch [56/1000], Training Loss: 0.2111
Validation Loss: 0.2316
No improvement in validation loss. Early stop counter: 5/10
Epoch [57/1000], Training Loss: 0.2092
Validation Loss: 0.2319
No improvement in validation loss. Early stop counter: 6/10
Epoch [58/1000], Training Loss: 0.2091
Validation Loss: 0.2358
No improvement in validation loss. Early stop counter: 7/10
Epoch [59/1000], Training Loss: 0.2114
Validation Loss: 0.2318
No improvement in validation loss. Early stop counter: 8/10
Epoch [60/1000], Training Loss: 0.2093
Validation Loss: 0.2316
No improvement in validation loss. Early stop counter: 9/10
Epoch [61/1000], Training Loss: 0.2113
Validation Loss: 0.2326
No improvement in validation loss. Early stop counter: 10/10
Early stopping triggered after 61 epochs.
Best model for fold 5 saved successfully.

Cross-validation results:
Fold 1: Validation Loss = 0.2317
Fold 2: Validation Loss = 0.2032
Fold 3: Validation Loss = 0.2058
Fold 4: Validation Loss = 0.2186
Fold 5: Validation Loss = 0.2313
Average Validation Loss: 0.2181
