{'batch_size': 4, 'sequence_file': 'antibody_train_sequences_3000.npz', 'data_file': 'antibody_train_interfaces_3000.npz', 'edge_file': 'antibody_train_edges_3000.npz', 'max_len': 3000, 'vocab_size': 23, 'embed_dim': 256, 'num_heads': 16, 'dropout': 0.0, 'num_layers': 1, 'num_gnn_layers': 2, 'num_int_layers': 1, 'num_classes': 2, 'num_epochs': 1000, 'learning_rate': 0.0001, 'max_grad_norm': 0.1, 'validation_split': 0.1, 'early_stop_patience': 10, 'initial_gradient_noise_std': 0.05, 'accumulation_steps': 2}
Number of GPUs available: 4

Starting Fold 1/5...
Initializing ClassificationModel with 2 GAT layers and residual connections...
Initializing MCModel with 2 GAT layers and 1 row attention layers...
Initializing CGModel with 2 GAT layers and residual connections...
Initializing CoreModel with 1 self-attention layers...
Using 4 GPUs with DataParallel.
Epoch [1/1000], Training Loss: 0.3434
Validation Loss: 0.2763
New best model found with validation loss: 0.2763
Epoch [2/1000], Training Loss: 0.2501
Validation Loss: 0.2350
New best model found with validation loss: 0.2350
Epoch [3/1000], Training Loss: 0.2242
Validation Loss: 0.2543
No improvement in validation loss. Early stop counter: 1/10
Epoch [4/1000], Training Loss: 0.2165
Validation Loss: 0.2163
New best model found with validation loss: 0.2163
Epoch [5/1000], Training Loss: 0.2042
Validation Loss: 0.2387
No improvement in validation loss. Early stop counter: 1/10
Epoch [6/1000], Training Loss: 0.1962
Validation Loss: 0.2227
No improvement in validation loss. Early stop counter: 2/10
Epoch [7/1000], Training Loss: 0.1993
Validation Loss: 0.2074
New best model found with validation loss: 0.2074
Epoch [8/1000], Training Loss: 0.1971
Validation Loss: 0.1961
New best model found with validation loss: 0.1961
Epoch [9/1000], Training Loss: 0.1848
Validation Loss: 0.2089
No improvement in validation loss. Early stop counter: 1/10
Epoch [10/1000], Training Loss: 0.1834
Validation Loss: 0.2026
No improvement in validation loss. Early stop counter: 2/10
Epoch [11/1000], Training Loss: 0.1780
Validation Loss: 0.1885
New best model found with validation loss: 0.1885
Epoch [12/1000], Training Loss: 0.1777
Validation Loss: 0.1869
New best model found with validation loss: 0.1869
Epoch [13/1000], Training Loss: 0.1740
Validation Loss: 0.2039
No improvement in validation loss. Early stop counter: 1/10
Epoch [14/1000], Training Loss: 0.1718
Validation Loss: 0.2157
No improvement in validation loss. Early stop counter: 2/10
Epoch [15/1000], Training Loss: 0.1759
Validation Loss: 0.1932
No improvement in validation loss. Early stop counter: 3/10
Epoch [16/1000], Training Loss: 0.1752
Validation Loss: 0.2032
No improvement in validation loss. Early stop counter: 4/10
Epoch [17/1000], Training Loss: 0.1745
Validation Loss: 0.1943
No improvement in validation loss. Early stop counter: 5/10
Epoch [18/1000], Training Loss: 0.1717
Validation Loss: 0.1872
No improvement in validation loss. Early stop counter: 6/10
Epoch [19/1000], Training Loss: 0.1697
Validation Loss: 0.1831
New best model found with validation loss: 0.1831
Epoch [20/1000], Training Loss: 0.1733
Validation Loss: 0.1846
No improvement in validation loss. Early stop counter: 1/10
Epoch [21/1000], Training Loss: 0.1669
Validation Loss: 0.1811
New best model found with validation loss: 0.1811
Epoch [22/1000], Training Loss: 0.1655
Validation Loss: 0.1810
New best model found with validation loss: 0.1810
Epoch [23/1000], Training Loss: 0.1642
Validation Loss: 0.1817
No improvement in validation loss. Early stop counter: 1/10
Epoch [24/1000], Training Loss: 0.1642
Validation Loss: 0.1847
No improvement in validation loss. Early stop counter: 2/10
Epoch [25/1000], Training Loss: 0.1640
Validation Loss: 0.1828
No improvement in validation loss. Early stop counter: 3/10
Epoch [26/1000], Training Loss: 0.1646
Validation Loss: 0.1809
New best model found with validation loss: 0.1809
Epoch [27/1000], Training Loss: 0.1616
Validation Loss: 0.1851
No improvement in validation loss. Early stop counter: 1/10
Epoch [28/1000], Training Loss: 0.1620
Validation Loss: 0.1880
No improvement in validation loss. Early stop counter: 2/10
Epoch [29/1000], Training Loss: 0.1610
Validation Loss: 0.1823
No improvement in validation loss. Early stop counter: 3/10
Epoch [30/1000], Training Loss: 0.1603
Validation Loss: 0.1817
No improvement in validation loss. Early stop counter: 4/10
Epoch [31/1000], Training Loss: 0.1590
Validation Loss: 0.1813
No improvement in validation loss. Early stop counter: 5/10
Epoch [32/1000], Training Loss: 0.1580
Validation Loss: 0.1813
No improvement in validation loss. Early stop counter: 6/10
Epoch [33/1000], Training Loss: 0.1585
Validation Loss: 0.1828
No improvement in validation loss. Early stop counter: 7/10
Epoch [34/1000], Training Loss: 0.1578
Validation Loss: 0.1808
New best model found with validation loss: 0.1808
Epoch [35/1000], Training Loss: 0.1571
Validation Loss: 0.1811
No improvement in validation loss. Early stop counter: 1/10
Epoch [36/1000], Training Loss: 0.1575
Validation Loss: 0.1813
No improvement in validation loss. Early stop counter: 2/10
Epoch [37/1000], Training Loss: 0.1569
Validation Loss: 0.1806
New best model found with validation loss: 0.1806
Epoch [38/1000], Training Loss: 0.1573
Validation Loss: 0.1838
No improvement in validation loss. Early stop counter: 1/10
Epoch [39/1000], Training Loss: 0.1558
Validation Loss: 0.1879
No improvement in validation loss. Early stop counter: 2/10
Epoch [40/1000], Training Loss: 0.1563
Validation Loss: 0.1823
No improvement in validation loss. Early stop counter: 3/10
Epoch [41/1000], Training Loss: 0.1556
Validation Loss: 0.1803
New best model found with validation loss: 0.1803
Epoch [42/1000], Training Loss: 0.1538
Validation Loss: 0.1827
No improvement in validation loss. Early stop counter: 1/10
Epoch [43/1000], Training Loss: 0.1543
Validation Loss: 0.1802
New best model found with validation loss: 0.1802
Epoch [44/1000], Training Loss: 0.1541
Validation Loss: 0.1810
No improvement in validation loss. Early stop counter: 1/10
Epoch [45/1000], Training Loss: 0.1553
Validation Loss: 0.1807
No improvement in validation loss. Early stop counter: 2/10
Epoch [46/1000], Training Loss: 0.1541
Validation Loss: 0.1818
No improvement in validation loss. Early stop counter: 3/10
Epoch [47/1000], Training Loss: 0.1534
Validation Loss: 0.1808
No improvement in validation loss. Early stop counter: 4/10
Epoch [48/1000], Training Loss: 0.1540
Validation Loss: 0.1805
No improvement in validation loss. Early stop counter: 5/10
Epoch [49/1000], Training Loss: 0.1537
Validation Loss: 0.1812
No improvement in validation loss. Early stop counter: 6/10
Epoch [50/1000], Training Loss: 0.1550
Validation Loss: 0.1806
No improvement in validation loss. Early stop counter: 7/10
Epoch [51/1000], Training Loss: 0.1526
Validation Loss: 0.1807
No improvement in validation loss. Early stop counter: 8/10
Epoch [52/1000], Training Loss: 0.1528
Validation Loss: 0.1805
No improvement in validation loss. Early stop counter: 9/10
Epoch [53/1000], Training Loss: 0.1525
Validation Loss: 0.1809
No improvement in validation loss. Early stop counter: 10/10
Early stopping triggered after 53 epochs.
Best model for fold 1 saved successfully.

Starting Fold 2/5...
Initializing ClassificationModel with 2 GAT layers and residual connections...
Initializing MCModel with 2 GAT layers and 1 row attention layers...
Initializing CGModel with 2 GAT layers and residual connections...
Initializing CoreModel with 1 self-attention layers...
Using 4 GPUs with DataParallel.
Epoch [1/1000], Training Loss: 0.3518
Validation Loss: 0.2538
New best model found with validation loss: 0.2538
Epoch [2/1000], Training Loss: 0.2570
Validation Loss: 0.2334
New best model found with validation loss: 0.2334
Epoch [3/1000], Training Loss: 0.2417
Validation Loss: 0.2135
New best model found with validation loss: 0.2135
Epoch [4/1000], Training Loss: 0.2306
Validation Loss: 0.2119
New best model found with validation loss: 0.2119
Epoch [5/1000], Training Loss: 0.2241
Validation Loss: 0.2034
New best model found with validation loss: 0.2034
Epoch [6/1000], Training Loss: 0.2098
Validation Loss: 0.2123
No improvement in validation loss. Early stop counter: 1/10
Epoch [7/1000], Training Loss: 0.2062
Validation Loss: 0.1966
New best model found with validation loss: 0.1966
Epoch [8/1000], Training Loss: 0.1986
Validation Loss: 0.1953
New best model found with validation loss: 0.1953
Epoch [9/1000], Training Loss: 0.1883
Validation Loss: 0.1867
New best model found with validation loss: 0.1867
Epoch [10/1000], Training Loss: 0.1950
Validation Loss: 0.1817
New best model found with validation loss: 0.1817
Epoch [11/1000], Training Loss: 0.1846
Validation Loss: 0.1856
No improvement in validation loss. Early stop counter: 1/10
Epoch [12/1000], Training Loss: 0.1871
Validation Loss: 0.1773
New best model found with validation loss: 0.1773
Epoch [13/1000], Training Loss: 0.1805
Validation Loss: 0.1752
New best model found with validation loss: 0.1752
Epoch [14/1000], Training Loss: 0.1806
Validation Loss: 0.1755
No improvement in validation loss. Early stop counter: 1/10
Epoch [15/1000], Training Loss: 0.1782
Validation Loss: 0.1821
No improvement in validation loss. Early stop counter: 2/10
Epoch [16/1000], Training Loss: 0.1785
Validation Loss: 0.1837
No improvement in validation loss. Early stop counter: 3/10
Epoch [17/1000], Training Loss: 0.1754
Validation Loss: 0.1791
No improvement in validation loss. Early stop counter: 4/10
Epoch [18/1000], Training Loss: 0.1754
Validation Loss: 0.1729
New best model found with validation loss: 0.1729
Epoch [19/1000], Training Loss: 0.1747
Validation Loss: 0.1791
No improvement in validation loss. Early stop counter: 1/10
Epoch [20/1000], Training Loss: 0.1729
Validation Loss: 0.1711
New best model found with validation loss: 0.1711
Epoch [21/1000], Training Loss: 0.1694
Validation Loss: 0.1724
No improvement in validation loss. Early stop counter: 1/10
Epoch [22/1000], Training Loss: 0.1679
Validation Loss: 0.1714
No improvement in validation loss. Early stop counter: 2/10
Epoch [23/1000], Training Loss: 0.1684
Validation Loss: 0.1706
New best model found with validation loss: 0.1706
Epoch [24/1000], Training Loss: 0.1681
Validation Loss: 0.1698
New best model found with validation loss: 0.1698
Epoch [25/1000], Training Loss: 0.1666
Validation Loss: 0.1693
New best model found with validation loss: 0.1693
Epoch [26/1000], Training Loss: 0.1677
Validation Loss: 0.1701
No improvement in validation loss. Early stop counter: 1/10
Epoch [27/1000], Training Loss: 0.1649
Validation Loss: 0.1691
New best model found with validation loss: 0.1691
Epoch [28/1000], Training Loss: 0.1660
Validation Loss: 0.1697
No improvement in validation loss. Early stop counter: 1/10
Epoch [29/1000], Training Loss: 0.1641
Validation Loss: 0.1701
No improvement in validation loss. Early stop counter: 2/10
Epoch [30/1000], Training Loss: 0.1664
Validation Loss: 0.1683
New best model found with validation loss: 0.1683
Epoch [31/1000], Training Loss: 0.1625
Validation Loss: 0.1683
No improvement in validation loss. Early stop counter: 1/10
Epoch [32/1000], Training Loss: 0.1619
Validation Loss: 0.1690
No improvement in validation loss. Early stop counter: 2/10
Epoch [33/1000], Training Loss: 0.1651
Validation Loss: 0.1689
No improvement in validation loss. Early stop counter: 3/10
Epoch [34/1000], Training Loss: 0.1616
Validation Loss: 0.1684
No improvement in validation loss. Early stop counter: 4/10
Epoch [35/1000], Training Loss: 0.1615
Validation Loss: 0.1694
No improvement in validation loss. Early stop counter: 5/10
Epoch [36/1000], Training Loss: 0.1608
Validation Loss: 0.1677
New best model found with validation loss: 0.1677
Epoch [37/1000], Training Loss: 0.1616
Validation Loss: 0.1695
No improvement in validation loss. Early stop counter: 1/10
Epoch [38/1000], Training Loss: 0.1616
Validation Loss: 0.1685
No improvement in validation loss. Early stop counter: 2/10
Epoch [39/1000], Training Loss: 0.1614
Validation Loss: 0.1684
No improvement in validation loss. Early stop counter: 3/10
Epoch [40/1000], Training Loss: 0.1601
Validation Loss: 0.1671
New best model found with validation loss: 0.1671
Epoch [41/1000], Training Loss: 0.1590
Validation Loss: 0.1672
No improvement in validation loss. Early stop counter: 1/10
Epoch [42/1000], Training Loss: 0.1587
Validation Loss: 0.1676
No improvement in validation loss. Early stop counter: 2/10
Epoch [43/1000], Training Loss: 0.1580
Validation Loss: 0.1674
No improvement in validation loss. Early stop counter: 3/10
Epoch [44/1000], Training Loss: 0.1582
Validation Loss: 0.1671
No improvement in validation loss. Early stop counter: 4/10
Epoch [45/1000], Training Loss: 0.1589
Validation Loss: 0.1688
No improvement in validation loss. Early stop counter: 5/10
Epoch [46/1000], Training Loss: 0.1582
Validation Loss: 0.1700
No improvement in validation loss. Early stop counter: 6/10
Epoch [47/1000], Training Loss: 0.1600
Validation Loss: 0.1675
No improvement in validation loss. Early stop counter: 7/10
Epoch [48/1000], Training Loss: 0.1579
Validation Loss: 0.1677
No improvement in validation loss. Early stop counter: 8/10
Epoch [49/1000], Training Loss: 0.1572
Validation Loss: 0.1676
No improvement in validation loss. Early stop counter: 9/10
Epoch [50/1000], Training Loss: 0.1587
Validation Loss: 0.1703
No improvement in validation loss. Early stop counter: 10/10
Early stopping triggered after 50 epochs.
Best model for fold 2 saved successfully.

Starting Fold 3/5...
Initializing ClassificationModel with 2 GAT layers and residual connections...
Initializing MCModel with 2 GAT layers and 1 row attention layers...
Initializing CGModel with 2 GAT layers and residual connections...
Initializing CoreModel with 1 self-attention layers...
Using 4 GPUs with DataParallel.
Epoch [1/1000], Training Loss: 0.3589
Validation Loss: 0.2914
New best model found with validation loss: 0.2914
Epoch [2/1000], Training Loss: 0.2663
Validation Loss: 0.2317
New best model found with validation loss: 0.2317
Epoch [3/1000], Training Loss: 0.2316
Validation Loss: 0.2328
No improvement in validation loss. Early stop counter: 1/10
Epoch [4/1000], Training Loss: 0.2189
Validation Loss: 0.2033
New best model found with validation loss: 0.2033
Epoch [5/1000], Training Loss: 0.2100
Validation Loss: 0.1974
New best model found with validation loss: 0.1974
Epoch [6/1000], Training Loss: 0.2010
Validation Loss: 0.1994
No improvement in validation loss. Early stop counter: 1/10
Epoch [7/1000], Training Loss: 0.2084
Validation Loss: 0.1942
New best model found with validation loss: 0.1942
Epoch [8/1000], Training Loss: 0.2001
Validation Loss: 0.1878
New best model found with validation loss: 0.1878
Epoch [9/1000], Training Loss: 0.1973
Validation Loss: 0.1905
No improvement in validation loss. Early stop counter: 1/10
Epoch [10/1000], Training Loss: 0.1900
Validation Loss: 0.1882
No improvement in validation loss. Early stop counter: 2/10
Epoch [11/1000], Training Loss: 0.1813
Validation Loss: 0.1920
No improvement in validation loss. Early stop counter: 3/10
Epoch [12/1000], Training Loss: 0.1817
Validation Loss: 0.1858
New best model found with validation loss: 0.1858
Epoch [13/1000], Training Loss: 0.1783
Validation Loss: 0.1835
New best model found with validation loss: 0.1835
Epoch [14/1000], Training Loss: 0.1767
Validation Loss: 0.1838
No improvement in validation loss. Early stop counter: 1/10
Epoch [15/1000], Training Loss: 0.1758
Validation Loss: 0.1820
New best model found with validation loss: 0.1820
Epoch [16/1000], Training Loss: 0.1750
Validation Loss: 0.1814
New best model found with validation loss: 0.1814
Epoch [17/1000], Training Loss: 0.1730
Validation Loss: 0.1914
No improvement in validation loss. Early stop counter: 1/10
Epoch [18/1000], Training Loss: 0.1735
Validation Loss: 0.1779
New best model found with validation loss: 0.1779
Epoch [19/1000], Training Loss: 0.1734
Validation Loss: 0.1785
No improvement in validation loss. Early stop counter: 1/10
Epoch [20/1000], Training Loss: 0.1712
Validation Loss: 0.1868
No improvement in validation loss. Early stop counter: 2/10
Epoch [21/1000], Training Loss: 0.1679
Validation Loss: 0.1761
New best model found with validation loss: 0.1761
Epoch [22/1000], Training Loss: 0.1682
Validation Loss: 0.1781
No improvement in validation loss. Early stop counter: 1/10
Epoch [23/1000], Training Loss: 0.1659
Validation Loss: 0.1774
No improvement in validation loss. Early stop counter: 2/10
Epoch [24/1000], Training Loss: 0.1681
Validation Loss: 0.1788
No improvement in validation loss. Early stop counter: 3/10
Epoch [25/1000], Training Loss: 0.1654
Validation Loss: 0.1753
New best model found with validation loss: 0.1753
Epoch [26/1000], Training Loss: 0.1652
Validation Loss: 0.1773
No improvement in validation loss. Early stop counter: 1/10
Epoch [27/1000], Training Loss: 0.1648
Validation Loss: 0.1793
No improvement in validation loss. Early stop counter: 2/10
Epoch [28/1000], Training Loss: 0.1636
Validation Loss: 0.1760
No improvement in validation loss. Early stop counter: 3/10
Epoch [29/1000], Training Loss: 0.1644
Validation Loss: 0.1761
No improvement in validation loss. Early stop counter: 4/10
Epoch [30/1000], Training Loss: 0.1633
Validation Loss: 0.1752
New best model found with validation loss: 0.1752
Epoch [31/1000], Training Loss: 0.1617
Validation Loss: 0.1737
New best model found with validation loss: 0.1737
Epoch [32/1000], Training Loss: 0.1608
Validation Loss: 0.1741
No improvement in validation loss. Early stop counter: 1/10
Epoch [33/1000], Training Loss: 0.1607
Validation Loss: 0.1738
No improvement in validation loss. Early stop counter: 2/10
Epoch [34/1000], Training Loss: 0.1599
Validation Loss: 0.1755
No improvement in validation loss. Early stop counter: 3/10
Epoch [35/1000], Training Loss: 0.1599
Validation Loss: 0.1735
New best model found with validation loss: 0.1735
Epoch [36/1000], Training Loss: 0.1595
Validation Loss: 0.1729
New best model found with validation loss: 0.1729
Epoch [37/1000], Training Loss: 0.1602
Validation Loss: 0.1740
No improvement in validation loss. Early stop counter: 1/10
Epoch [38/1000], Training Loss: 0.1589
Validation Loss: 0.1737
No improvement in validation loss. Early stop counter: 2/10
Epoch [39/1000], Training Loss: 0.1589
Validation Loss: 0.1742
No improvement in validation loss. Early stop counter: 3/10
Epoch [40/1000], Training Loss: 0.1598
Validation Loss: 0.1773
No improvement in validation loss. Early stop counter: 4/10
Epoch [41/1000], Training Loss: 0.1586
Validation Loss: 0.1729
New best model found with validation loss: 0.1729
Epoch [42/1000], Training Loss: 0.1577
Validation Loss: 0.1728
New best model found with validation loss: 0.1728
Epoch [43/1000], Training Loss: 0.1576
Validation Loss: 0.1730
No improvement in validation loss. Early stop counter: 1/10
Epoch [44/1000], Training Loss: 0.1576
Validation Loss: 0.1759
No improvement in validation loss. Early stop counter: 2/10
Epoch [45/1000], Training Loss: 0.1583
Validation Loss: 0.1727
New best model found with validation loss: 0.1727
Epoch [46/1000], Training Loss: 0.1571
Validation Loss: 0.1729
No improvement in validation loss. Early stop counter: 1/10
Epoch [47/1000], Training Loss: 0.1563
Validation Loss: 0.1731
No improvement in validation loss. Early stop counter: 2/10
Epoch [48/1000], Training Loss: 0.1569
Validation Loss: 0.1725
New best model found with validation loss: 0.1725
Epoch [49/1000], Training Loss: 0.1564
Validation Loss: 0.1724
New best model found with validation loss: 0.1724
Epoch [50/1000], Training Loss: 0.1562
Validation Loss: 0.1741
No improvement in validation loss. Early stop counter: 1/10
Epoch [51/1000], Training Loss: 0.1560
Validation Loss: 0.1750
No improvement in validation loss. Early stop counter: 2/10
Epoch [52/1000], Training Loss: 0.1558
Validation Loss: 0.1723
New best model found with validation loss: 0.1723
Epoch [53/1000], Training Loss: 0.1560
Validation Loss: 0.1741
No improvement in validation loss. Early stop counter: 1/10
Epoch [54/1000], Training Loss: 0.1565
Validation Loss: 0.1740
No improvement in validation loss. Early stop counter: 2/10
Epoch [55/1000], Training Loss: 0.1559
Validation Loss: 0.1720
New best model found with validation loss: 0.1720
Epoch [56/1000], Training Loss: 0.1560
Validation Loss: 0.1728
No improvement in validation loss. Early stop counter: 1/10
Epoch [57/1000], Training Loss: 0.1553
Validation Loss: 0.1719
New best model found with validation loss: 0.1719
Epoch [58/1000], Training Loss: 0.1553
Validation Loss: 0.1718
New best model found with validation loss: 0.1718
Epoch [59/1000], Training Loss: 0.1560
Validation Loss: 0.1718
New best model found with validation loss: 0.1718
Epoch [60/1000], Training Loss: 0.1553
Validation Loss: 0.1727
No improvement in validation loss. Early stop counter: 1/10
Epoch [61/1000], Training Loss: 0.1558
Validation Loss: 0.1718
No improvement in validation loss. Early stop counter: 2/10
Epoch [62/1000], Training Loss: 0.1546
Validation Loss: 0.1733
No improvement in validation loss. Early stop counter: 3/10
Epoch [63/1000], Training Loss: 0.1554
Validation Loss: 0.1721
No improvement in validation loss. Early stop counter: 4/10
Epoch [64/1000], Training Loss: 0.1556
Validation Loss: 0.1726
No improvement in validation loss. Early stop counter: 5/10
Epoch [65/1000], Training Loss: 0.1547
Validation Loss: 0.1718
No improvement in validation loss. Early stop counter: 6/10
Epoch [66/1000], Training Loss: 0.1548
Validation Loss: 0.1717
New best model found with validation loss: 0.1717
Epoch [67/1000], Training Loss: 0.1546
Validation Loss: 0.1724
No improvement in validation loss. Early stop counter: 1/10
Epoch [68/1000], Training Loss: 0.1554
Validation Loss: 0.1719
No improvement in validation loss. Early stop counter: 2/10
Epoch [69/1000], Training Loss: 0.1544
Validation Loss: 0.1723
No improvement in validation loss. Early stop counter: 3/10
Epoch [70/1000], Training Loss: 0.1554
Validation Loss: 0.1719
No improvement in validation loss. Early stop counter: 4/10
Epoch [71/1000], Training Loss: 0.1548
Validation Loss: 0.1717
No improvement in validation loss. Early stop counter: 5/10
Epoch [72/1000], Training Loss: 0.1543
Validation Loss: 0.1718
No improvement in validation loss. Early stop counter: 6/10
Epoch [73/1000], Training Loss: 0.1546
Validation Loss: 0.1718
No improvement in validation loss. Early stop counter: 7/10
Epoch [74/1000], Training Loss: 0.1539
Validation Loss: 0.1717
No improvement in validation loss. Early stop counter: 8/10
Epoch [75/1000], Training Loss: 0.1539
Validation Loss: 0.1717
No improvement in validation loss. Early stop counter: 9/10
Epoch [76/1000], Training Loss: 0.1540
Validation Loss: 0.1718
No improvement in validation loss. Early stop counter: 10/10
Early stopping triggered after 76 epochs.
Best model for fold 3 saved successfully.

Starting Fold 4/5...
Initializing ClassificationModel with 2 GAT layers and residual connections...
Initializing MCModel with 2 GAT layers and 1 row attention layers...
Initializing CGModel with 2 GAT layers and residual connections...
Initializing CoreModel with 1 self-attention layers...
Using 4 GPUs with DataParallel.
Epoch [1/1000], Training Loss: 0.3365
Validation Loss: 0.2959
New best model found with validation loss: 0.2959
Epoch [2/1000], Training Loss: 0.2651
Validation Loss: 0.2568
New best model found with validation loss: 0.2568
Epoch [3/1000], Training Loss: 0.2329
Validation Loss: 0.2448
New best model found with validation loss: 0.2448
Epoch [4/1000], Training Loss: 0.2141
Validation Loss: 0.2170
New best model found with validation loss: 0.2170
Epoch [5/1000], Training Loss: 0.2050
Validation Loss: 0.2216
No improvement in validation loss. Early stop counter: 1/10
Epoch [6/1000], Training Loss: 0.2057
Validation Loss: 0.2086
New best model found with validation loss: 0.2086
Epoch [7/1000], Training Loss: 0.1985
Validation Loss: 0.2252
No improvement in validation loss. Early stop counter: 1/10
Epoch [8/1000], Training Loss: 0.1953
Validation Loss: 0.2016
New best model found with validation loss: 0.2016
Epoch [9/1000], Training Loss: 0.1934
Validation Loss: 0.2024
No improvement in validation loss. Early stop counter: 1/10
Epoch [10/1000], Training Loss: 0.1875
Validation Loss: 0.2493
No improvement in validation loss. Early stop counter: 2/10
Epoch [11/1000], Training Loss: 0.1805
Validation Loss: 0.2025
No improvement in validation loss. Early stop counter: 3/10
Epoch [12/1000], Training Loss: 0.1751
Validation Loss: 0.1938
New best model found with validation loss: 0.1938
Epoch [13/1000], Training Loss: 0.1746
Validation Loss: 0.1929
New best model found with validation loss: 0.1929
Epoch [14/1000], Training Loss: 0.1738
Validation Loss: 0.1929
New best model found with validation loss: 0.1929
Epoch [15/1000], Training Loss: 0.1731
Validation Loss: 0.1913
New best model found with validation loss: 0.1913
Epoch [16/1000], Training Loss: 0.1688
Validation Loss: 0.1905
New best model found with validation loss: 0.1905
Epoch [17/1000], Training Loss: 0.1687
Validation Loss: 0.1934
No improvement in validation loss. Early stop counter: 1/10
Epoch [18/1000], Training Loss: 0.1715
Validation Loss: 0.1953
No improvement in validation loss. Early stop counter: 2/10
Epoch [19/1000], Training Loss: 0.1682
Validation Loss: 0.1938
No improvement in validation loss. Early stop counter: 3/10
Epoch [20/1000], Training Loss: 0.1651
Validation Loss: 0.2086
No improvement in validation loss. Early stop counter: 4/10
Epoch [21/1000], Training Loss: 0.1642
Validation Loss: 0.1972
No improvement in validation loss. Early stop counter: 5/10
Epoch [22/1000], Training Loss: 0.1626
Validation Loss: 0.1869
New best model found with validation loss: 0.1869
Epoch [23/1000], Training Loss: 0.1620
Validation Loss: 0.1881
No improvement in validation loss. Early stop counter: 1/10
Epoch [24/1000], Training Loss: 0.1634
Validation Loss: 0.1948
No improvement in validation loss. Early stop counter: 2/10
Epoch [25/1000], Training Loss: 0.1610
Validation Loss: 0.1890
No improvement in validation loss. Early stop counter: 3/10
Epoch [26/1000], Training Loss: 0.1604
Validation Loss: 0.1893
No improvement in validation loss. Early stop counter: 4/10
Epoch [27/1000], Training Loss: 0.1630
Validation Loss: 0.2106
No improvement in validation loss. Early stop counter: 5/10
Epoch [28/1000], Training Loss: 0.1616
Validation Loss: 0.2016
No improvement in validation loss. Early stop counter: 6/10
Epoch [29/1000], Training Loss: 0.1603
Validation Loss: 0.1863
New best model found with validation loss: 0.1863
Epoch [30/1000], Training Loss: 0.1586
Validation Loss: 0.1868
No improvement in validation loss. Early stop counter: 1/10
Epoch [31/1000], Training Loss: 0.1583
Validation Loss: 0.1854
New best model found with validation loss: 0.1854
Epoch [32/1000], Training Loss: 0.1576
Validation Loss: 0.1875
No improvement in validation loss. Early stop counter: 1/10
Epoch [33/1000], Training Loss: 0.1577
Validation Loss: 0.1854
No improvement in validation loss. Early stop counter: 2/10
Epoch [34/1000], Training Loss: 0.1569
Validation Loss: 0.1866
No improvement in validation loss. Early stop counter: 3/10
Epoch [35/1000], Training Loss: 0.1571
Validation Loss: 0.1864
No improvement in validation loss. Early stop counter: 4/10
Epoch [36/1000], Training Loss: 0.1571
Validation Loss: 0.1860
No improvement in validation loss. Early stop counter: 5/10
Epoch [37/1000], Training Loss: 0.1563
Validation Loss: 0.1857
No improvement in validation loss. Early stop counter: 6/10
Epoch [38/1000], Training Loss: 0.1566
Validation Loss: 0.1887
No improvement in validation loss. Early stop counter: 7/10
Epoch [39/1000], Training Loss: 0.1556
Validation Loss: 0.1865
No improvement in validation loss. Early stop counter: 8/10
Epoch [40/1000], Training Loss: 0.1554
Validation Loss: 0.1849
New best model found with validation loss: 0.1849
Epoch [41/1000], Training Loss: 0.1552
Validation Loss: 0.1852
No improvement in validation loss. Early stop counter: 1/10
Epoch [42/1000], Training Loss: 0.1538
Validation Loss: 0.1858
No improvement in validation loss. Early stop counter: 2/10
Epoch [43/1000], Training Loss: 0.1543
Validation Loss: 0.1853
No improvement in validation loss. Early stop counter: 3/10
Epoch [44/1000], Training Loss: 0.1541
Validation Loss: 0.1845
New best model found with validation loss: 0.1845
Epoch [45/1000], Training Loss: 0.1537
Validation Loss: 0.1847
No improvement in validation loss. Early stop counter: 1/10
Epoch [46/1000], Training Loss: 0.1536
Validation Loss: 0.1849
No improvement in validation loss. Early stop counter: 2/10
Epoch [47/1000], Training Loss: 0.1535
Validation Loss: 0.1847
No improvement in validation loss. Early stop counter: 3/10
Epoch [48/1000], Training Loss: 0.1533
Validation Loss: 0.1853
No improvement in validation loss. Early stop counter: 4/10
Epoch [49/1000], Training Loss: 0.1532
Validation Loss: 0.1857
No improvement in validation loss. Early stop counter: 5/10
Epoch [50/1000], Training Loss: 0.1530
Validation Loss: 0.1854
No improvement in validation loss. Early stop counter: 6/10
Epoch [51/1000], Training Loss: 0.1523
Validation Loss: 0.1842
New best model found with validation loss: 0.1842
Epoch [52/1000], Training Loss: 0.1519
Validation Loss: 0.1846
No improvement in validation loss. Early stop counter: 1/10
Epoch [53/1000], Training Loss: 0.1527
Validation Loss: 0.1838
New best model found with validation loss: 0.1838
Epoch [54/1000], Training Loss: 0.1521
Validation Loss: 0.1842
No improvement in validation loss. Early stop counter: 1/10
Epoch [55/1000], Training Loss: 0.1523
Validation Loss: 0.1841
No improvement in validation loss. Early stop counter: 2/10
Epoch [56/1000], Training Loss: 0.1523
Validation Loss: 0.1845
No improvement in validation loss. Early stop counter: 3/10
Epoch [57/1000], Training Loss: 0.1520
Validation Loss: 0.1841
No improvement in validation loss. Early stop counter: 4/10
Epoch [58/1000], Training Loss: 0.1521
Validation Loss: 0.1849
No improvement in validation loss. Early stop counter: 5/10
Epoch [59/1000], Training Loss: 0.1524
Validation Loss: 0.1843
No improvement in validation loss. Early stop counter: 6/10
Epoch [60/1000], Training Loss: 0.1520
Validation Loss: 0.1842
No improvement in validation loss. Early stop counter: 7/10
Epoch [61/1000], Training Loss: 0.1518
Validation Loss: 0.1842
No improvement in validation loss. Early stop counter: 8/10
Epoch [62/1000], Training Loss: 0.1518
Validation Loss: 0.1840
No improvement in validation loss. Early stop counter: 9/10
Epoch [63/1000], Training Loss: 0.1517
Validation Loss: 0.1838
No improvement in validation loss. Early stop counter: 10/10
Early stopping triggered after 63 epochs.
Best model for fold 4 saved successfully.

Starting Fold 5/5...
Initializing ClassificationModel with 2 GAT layers and residual connections...
Initializing MCModel with 2 GAT layers and 1 row attention layers...
Initializing CGModel with 2 GAT layers and residual connections...
Initializing CoreModel with 1 self-attention layers...
Using 4 GPUs with DataParallel.
Epoch [1/1000], Training Loss: 0.3255
Validation Loss: 0.2593
New best model found with validation loss: 0.2593
Epoch [2/1000], Training Loss: 0.2424
Validation Loss: 0.2334
New best model found with validation loss: 0.2334
Epoch [3/1000], Training Loss: 0.2259
Validation Loss: 0.2143
New best model found with validation loss: 0.2143
Epoch [4/1000], Training Loss: 0.2127
Validation Loss: 0.2170
No improvement in validation loss. Early stop counter: 1/10
Epoch [5/1000], Training Loss: 0.2076
Validation Loss: 0.2073
New best model found with validation loss: 0.2073
Epoch [6/1000], Training Loss: 0.2053
Validation Loss: 0.1981
New best model found with validation loss: 0.1981
Epoch [7/1000], Training Loss: 0.1955
Validation Loss: 0.2254
No improvement in validation loss. Early stop counter: 1/10
Epoch [8/1000], Training Loss: 0.1926
Validation Loss: 0.1973
New best model found with validation loss: 0.1973
Epoch [9/1000], Training Loss: 0.1874
Validation Loss: 0.1932
New best model found with validation loss: 0.1932
Epoch [10/1000], Training Loss: 0.1843
Validation Loss: 0.1883
New best model found with validation loss: 0.1883
Epoch [11/1000], Training Loss: 0.1789
Validation Loss: 0.1905
No improvement in validation loss. Early stop counter: 1/10
Epoch [12/1000], Training Loss: 0.1764
Validation Loss: 0.1852
New best model found with validation loss: 0.1852
Epoch [13/1000], Training Loss: 0.1760
Validation Loss: 0.1965
No improvement in validation loss. Early stop counter: 1/10
Epoch [14/1000], Training Loss: 0.1748
Validation Loss: 0.1828
New best model found with validation loss: 0.1828
Epoch [15/1000], Training Loss: 0.1749
Validation Loss: 0.1915
No improvement in validation loss. Early stop counter: 1/10
Epoch [16/1000], Training Loss: 0.1736
Validation Loss: 0.1841
No improvement in validation loss. Early stop counter: 2/10
Epoch [17/1000], Training Loss: 0.1708
Validation Loss: 0.1821
New best model found with validation loss: 0.1821
Epoch [18/1000], Training Loss: 0.1711
Validation Loss: 0.1817
New best model found with validation loss: 0.1817
Epoch [19/1000], Training Loss: 0.1706
Validation Loss: 0.1812
New best model found with validation loss: 0.1812
Epoch [20/1000], Training Loss: 0.1703
Validation Loss: 0.1977
No improvement in validation loss. Early stop counter: 1/10
Epoch [21/1000], Training Loss: 0.1670
Validation Loss: 0.1796
New best model found with validation loss: 0.1796
Epoch [22/1000], Training Loss: 0.1655
Validation Loss: 0.1785
New best model found with validation loss: 0.1785
Epoch [23/1000], Training Loss: 0.1660
Validation Loss: 0.1778
New best model found with validation loss: 0.1778
Epoch [24/1000], Training Loss: 0.1649
Validation Loss: 0.1779
No improvement in validation loss. Early stop counter: 1/10
Epoch [25/1000], Training Loss: 0.1638
Validation Loss: 0.1778
No improvement in validation loss. Early stop counter: 2/10
Epoch [26/1000], Training Loss: 0.1646
Validation Loss: 0.1873
No improvement in validation loss. Early stop counter: 3/10
Epoch [27/1000], Training Loss: 0.1630
Validation Loss: 0.1911
No improvement in validation loss. Early stop counter: 4/10
Epoch [28/1000], Training Loss: 0.1629
Validation Loss: 0.1763
New best model found with validation loss: 0.1763
Epoch [29/1000], Training Loss: 0.1628
Validation Loss: 0.1775
No improvement in validation loss. Early stop counter: 1/10
Epoch [30/1000], Training Loss: 0.1604
Validation Loss: 0.1795
No improvement in validation loss. Early stop counter: 2/10
Epoch [31/1000], Training Loss: 0.1610
Validation Loss: 0.1757
New best model found with validation loss: 0.1757
Epoch [32/1000], Training Loss: 0.1593
Validation Loss: 0.1784
No improvement in validation loss. Early stop counter: 1/10
Epoch [33/1000], Training Loss: 0.1585
Validation Loss: 0.1765
No improvement in validation loss. Early stop counter: 2/10
Epoch [34/1000], Training Loss: 0.1600
Validation Loss: 0.1762
No improvement in validation loss. Early stop counter: 3/10
Epoch [35/1000], Training Loss: 0.1593
Validation Loss: 0.1805
No improvement in validation loss. Early stop counter: 4/10
Epoch [36/1000], Training Loss: 0.1593
Validation Loss: 0.1760
No improvement in validation loss. Early stop counter: 5/10
Epoch [37/1000], Training Loss: 0.1591
Validation Loss: 0.1772
No improvement in validation loss. Early stop counter: 6/10
Epoch [38/1000], Training Loss: 0.1581
Validation Loss: 0.1769
No improvement in validation loss. Early stop counter: 7/10
Epoch [39/1000], Training Loss: 0.1573
Validation Loss: 0.1776
No improvement in validation loss. Early stop counter: 8/10
Epoch [40/1000], Training Loss: 0.1578
Validation Loss: 0.1753
New best model found with validation loss: 0.1753
Epoch [41/1000], Training Loss: 0.1569
Validation Loss: 0.1749
New best model found with validation loss: 0.1749
Epoch [42/1000], Training Loss: 0.1567
Validation Loss: 0.1753
No improvement in validation loss. Early stop counter: 1/10
Epoch [43/1000], Training Loss: 0.1562
Validation Loss: 0.1768
No improvement in validation loss. Early stop counter: 2/10
Epoch [44/1000], Training Loss: 0.1559
Validation Loss: 0.1754
No improvement in validation loss. Early stop counter: 3/10
Epoch [45/1000], Training Loss: 0.1567
Validation Loss: 0.1747
New best model found with validation loss: 0.1747
Epoch [46/1000], Training Loss: 0.1560
Validation Loss: 0.1753
No improvement in validation loss. Early stop counter: 1/10
Epoch [47/1000], Training Loss: 0.1562
Validation Loss: 0.1750
No improvement in validation loss. Early stop counter: 2/10
Epoch [48/1000], Training Loss: 0.1555
Validation Loss: 0.1774
No improvement in validation loss. Early stop counter: 3/10
Epoch [49/1000], Training Loss: 0.1561
Validation Loss: 0.1743
New best model found with validation loss: 0.1743
Epoch [50/1000], Training Loss: 0.1549
Validation Loss: 0.1741
New best model found with validation loss: 0.1741
Epoch [51/1000], Training Loss: 0.1550
Validation Loss: 0.1753
No improvement in validation loss. Early stop counter: 1/10
Epoch [52/1000], Training Loss: 0.1549
Validation Loss: 0.1744
No improvement in validation loss. Early stop counter: 2/10
Epoch [53/1000], Training Loss: 0.1549
Validation Loss: 0.1738
New best model found with validation loss: 0.1738
Epoch [54/1000], Training Loss: 0.1545
Validation Loss: 0.1739
No improvement in validation loss. Early stop counter: 1/10
Epoch [55/1000], Training Loss: 0.1546
Validation Loss: 0.1746
No improvement in validation loss. Early stop counter: 2/10
Epoch [56/1000], Training Loss: 0.1549
Validation Loss: 0.1737
New best model found with validation loss: 0.1737
Epoch [57/1000], Training Loss: 0.1547
Validation Loss: 0.1738
No improvement in validation loss. Early stop counter: 1/10
Epoch [58/1000], Training Loss: 0.1543
Validation Loss: 0.1737
No improvement in validation loss. Early stop counter: 2/10
Epoch [59/1000], Training Loss: 0.1548
Validation Loss: 0.1734
New best model found with validation loss: 0.1734
Epoch [60/1000], Training Loss: 0.1548
Validation Loss: 0.1749
No improvement in validation loss. Early stop counter: 1/10
Epoch [61/1000], Training Loss: 0.1538
Validation Loss: 0.1734
New best model found with validation loss: 0.1734
Epoch [62/1000], Training Loss: 0.1539
Validation Loss: 0.1737
No improvement in validation loss. Early stop counter: 1/10
Epoch [63/1000], Training Loss: 0.1539
Validation Loss: 0.1740
No improvement in validation loss. Early stop counter: 2/10
Epoch [64/1000], Training Loss: 0.1534
Validation Loss: 0.1739
No improvement in validation loss. Early stop counter: 3/10
Epoch [65/1000], Training Loss: 0.1539
Validation Loss: 0.1734
New best model found with validation loss: 0.1734
Epoch [66/1000], Training Loss: 0.1542
Validation Loss: 0.1733
New best model found with validation loss: 0.1733
Epoch [67/1000], Training Loss: 0.1541
Validation Loss: 0.1736
No improvement in validation loss. Early stop counter: 1/10
Epoch [68/1000], Training Loss: 0.1543
Validation Loss: 0.1742
No improvement in validation loss. Early stop counter: 2/10
Epoch [69/1000], Training Loss: 0.1537
Validation Loss: 0.1733
No improvement in validation loss. Early stop counter: 3/10
Epoch [70/1000], Training Loss: 0.1537
Validation Loss: 0.1733
No improvement in validation loss. Early stop counter: 4/10
Epoch [71/1000], Training Loss: 0.1537
Validation Loss: 0.1739
No improvement in validation loss. Early stop counter: 5/10
Epoch [72/1000], Training Loss: 0.1537
Validation Loss: 0.1735
No improvement in validation loss. Early stop counter: 6/10
Epoch [73/1000], Training Loss: 0.1548
Validation Loss: 0.1730
New best model found with validation loss: 0.1730
Epoch [74/1000], Training Loss: 0.1541
Validation Loss: 0.1735
No improvement in validation loss. Early stop counter: 1/10
Epoch [75/1000], Training Loss: 0.1539
Validation Loss: 0.1739
No improvement in validation loss. Early stop counter: 2/10
Epoch [76/1000], Training Loss: 0.1531
Validation Loss: 0.1732
No improvement in validation loss. Early stop counter: 3/10
Epoch [77/1000], Training Loss: 0.1537
Validation Loss: 0.1734
No improvement in validation loss. Early stop counter: 4/10
Epoch [78/1000], Training Loss: 0.1540
Validation Loss: 0.1732
No improvement in validation loss. Early stop counter: 5/10
Epoch [79/1000], Training Loss: 0.1534
Validation Loss: 0.1734
No improvement in validation loss. Early stop counter: 6/10
Epoch [80/1000], Training Loss: 0.1534
Validation Loss: 0.1734
No improvement in validation loss. Early stop counter: 7/10
Epoch [81/1000], Training Loss: 0.1536
Validation Loss: 0.1731
No improvement in validation loss. Early stop counter: 8/10
Epoch [82/1000], Training Loss: 0.1541
Validation Loss: 0.1732
No improvement in validation loss. Early stop counter: 9/10
Epoch [83/1000], Training Loss: 0.1531
Validation Loss: 0.1732
No improvement in validation loss. Early stop counter: 10/10
Early stopping triggered after 83 epochs.
Best model for fold 5 saved successfully.

Cross-validation results:
Fold 1: Validation Loss = 0.1802
Fold 2: Validation Loss = 0.1671
Fold 3: Validation Loss = 0.1717
Fold 4: Validation Loss = 0.1838
Fold 5: Validation Loss = 0.1730
Average Validation Loss: 0.1752
