{'batch_size': 4, 'sequence_file': 'antibody_train_sequences_3000.npz', 'data_file': 'antibody_train_interfaces_3000.npz', 'edge_file': 'antibody_train_edges_3000.npz', 'max_len': 3000, 'vocab_size': 23, 'embed_dim': 256, 'num_heads': 16, 'dropout': 0.1, 'num_layers': 1, 'num_gnn_layers': 2, 'num_int_layers': 1, 'num_classes': 2, 'num_epochs': 1000, 'learning_rate': 0.0001, 'max_grad_norm': 0.1, 'validation_split': 0.1, 'early_stop_patience': 10, 'initial_gradient_noise_std': 0.05, 'accumulation_steps': 2}
Number of GPUs available: 4

Starting Fold 1/5...
Initializing ClassificationModel with 2 GAT layers and residual connections...
Initializing MCModel with 2 GAT layers and 1 row attention layers...
Initializing CGModel with 2 GAT layers and residual connections...
Initializing CoreModel with 1 self-attention layers...
Using 4 GPUs with DataParallel.
Epoch [1/1000], Training Loss: 0.3667
Validation Loss: 0.3182
New best model found with validation loss: 0.3182
Epoch [2/1000], Training Loss: 0.2878
Validation Loss: 0.2836
New best model found with validation loss: 0.2836
Epoch [3/1000], Training Loss: 0.2722
Validation Loss: 0.2775
New best model found with validation loss: 0.2775
Epoch [4/1000], Training Loss: 0.2563
Validation Loss: 0.2622
New best model found with validation loss: 0.2622
Epoch [5/1000], Training Loss: 0.2470
Validation Loss: 0.3198
No improvement in validation loss. Early stop counter: 1/10
Epoch [6/1000], Training Loss: 0.2507
Validation Loss: 0.2604
New best model found with validation loss: 0.2604
Epoch [7/1000], Training Loss: 0.2443
Validation Loss: 0.2563
New best model found with validation loss: 0.2563
Epoch [8/1000], Training Loss: 0.2341
Validation Loss: 0.2573
No improvement in validation loss. Early stop counter: 1/10
Epoch [9/1000], Training Loss: 0.2311
Validation Loss: 0.2446
New best model found with validation loss: 0.2446
Epoch [10/1000], Training Loss: 0.2330
Validation Loss: 0.2426
New best model found with validation loss: 0.2426
Epoch [11/1000], Training Loss: 0.2279
Validation Loss: 0.2450
No improvement in validation loss. Early stop counter: 1/10
Epoch [12/1000], Training Loss: 0.2239
Validation Loss: 0.2354
New best model found with validation loss: 0.2354
Epoch [13/1000], Training Loss: 0.2248
Validation Loss: 0.2386
No improvement in validation loss. Early stop counter: 1/10
Epoch [14/1000], Training Loss: 0.2224
Validation Loss: 0.2396
No improvement in validation loss. Early stop counter: 2/10
Epoch [15/1000], Training Loss: 0.2187
Validation Loss: 0.2401
No improvement in validation loss. Early stop counter: 3/10
Epoch [16/1000], Training Loss: 0.2212
Validation Loss: 0.2349
New best model found with validation loss: 0.2349
Epoch [17/1000], Training Loss: 0.2208
Validation Loss: 0.2347
New best model found with validation loss: 0.2347
Epoch [18/1000], Training Loss: 0.2184
Validation Loss: 0.2317
New best model found with validation loss: 0.2317
Epoch [19/1000], Training Loss: 0.2174
Validation Loss: 0.2280
New best model found with validation loss: 0.2280
Epoch [20/1000], Training Loss: 0.2158
Validation Loss: 0.2304
No improvement in validation loss. Early stop counter: 1/10
Epoch [21/1000], Training Loss: 0.2151
Validation Loss: 0.2305
No improvement in validation loss. Early stop counter: 2/10
Epoch [22/1000], Training Loss: 0.2128
Validation Loss: 0.2308
No improvement in validation loss. Early stop counter: 3/10
Epoch [23/1000], Training Loss: 0.2122
Validation Loss: 0.2308
No improvement in validation loss. Early stop counter: 4/10
Epoch [24/1000], Training Loss: 0.2121
Validation Loss: 0.2354
No improvement in validation loss. Early stop counter: 5/10
Epoch [25/1000], Training Loss: 0.2124
Validation Loss: 0.2288
No improvement in validation loss. Early stop counter: 6/10
Epoch [26/1000], Training Loss: 0.2122
Validation Loss: 0.2275
New best model found with validation loss: 0.2275
Epoch [27/1000], Training Loss: 0.2119
Validation Loss: 0.2321
No improvement in validation loss. Early stop counter: 1/10
Epoch [28/1000], Training Loss: 0.2119
Validation Loss: 0.2307
No improvement in validation loss. Early stop counter: 2/10
Epoch [29/1000], Training Loss: 0.2105
Validation Loss: 0.2278
No improvement in validation loss. Early stop counter: 3/10
Epoch [30/1000], Training Loss: 0.2116
Validation Loss: 0.2314
No improvement in validation loss. Early stop counter: 4/10
Epoch [31/1000], Training Loss: 0.2113
Validation Loss: 0.2287
No improvement in validation loss. Early stop counter: 5/10
Epoch [32/1000], Training Loss: 0.2090
Validation Loss: 0.2269
New best model found with validation loss: 0.2269
Epoch [33/1000], Training Loss: 0.2090
Validation Loss: 0.2283
No improvement in validation loss. Early stop counter: 1/10
Epoch [34/1000], Training Loss: 0.2088
Validation Loss: 0.2249
New best model found with validation loss: 0.2249
Epoch [35/1000], Training Loss: 0.2082
Validation Loss: 0.2278
No improvement in validation loss. Early stop counter: 1/10
Epoch [36/1000], Training Loss: 0.2089
Validation Loss: 0.2257
No improvement in validation loss. Early stop counter: 2/10
Epoch [37/1000], Training Loss: 0.2086
Validation Loss: 0.2264
No improvement in validation loss. Early stop counter: 3/10
Epoch [38/1000], Training Loss: 0.2080
Validation Loss: 0.2245
New best model found with validation loss: 0.2245
Epoch [39/1000], Training Loss: 0.2094
Validation Loss: 0.2353
No improvement in validation loss. Early stop counter: 1/10
Epoch [40/1000], Training Loss: 0.2091
Validation Loss: 0.2257
No improvement in validation loss. Early stop counter: 2/10
Epoch [41/1000], Training Loss: 0.2077
Validation Loss: 0.2244
New best model found with validation loss: 0.2244
Epoch [42/1000], Training Loss: 0.2068
Validation Loss: 0.2274
No improvement in validation loss. Early stop counter: 1/10
Epoch [43/1000], Training Loss: 0.2067
Validation Loss: 0.2247
No improvement in validation loss. Early stop counter: 2/10
Epoch [44/1000], Training Loss: 0.2074
Validation Loss: 0.2265
No improvement in validation loss. Early stop counter: 3/10
Epoch [45/1000], Training Loss: 0.2074
Validation Loss: 0.2260
No improvement in validation loss. Early stop counter: 4/10
Epoch [46/1000], Training Loss: 0.2075
Validation Loss: 0.2247
No improvement in validation loss. Early stop counter: 5/10
Epoch [47/1000], Training Loss: 0.2059
Validation Loss: 0.2301
No improvement in validation loss. Early stop counter: 6/10
Epoch [48/1000], Training Loss: 0.2071
Validation Loss: 0.2244
New best model found with validation loss: 0.2244
Epoch [49/1000], Training Loss: 0.2059
Validation Loss: 0.2241
New best model found with validation loss: 0.2241
Epoch [50/1000], Training Loss: 0.2055
Validation Loss: 0.2273
No improvement in validation loss. Early stop counter: 1/10
Epoch [51/1000], Training Loss: 0.2060
Validation Loss: 0.2283
No improvement in validation loss. Early stop counter: 2/10
Epoch [52/1000], Training Loss: 0.2051
Validation Loss: 0.2253
No improvement in validation loss. Early stop counter: 3/10
Epoch [53/1000], Training Loss: 0.2066
Validation Loss: 0.2249
No improvement in validation loss. Early stop counter: 4/10
Epoch [54/1000], Training Loss: 0.2060
Validation Loss: 0.2243
No improvement in validation loss. Early stop counter: 5/10
Epoch [55/1000], Training Loss: 0.2072
Validation Loss: 0.2249
No improvement in validation loss. Early stop counter: 6/10
Epoch [56/1000], Training Loss: 0.2052
Validation Loss: 0.2250
No improvement in validation loss. Early stop counter: 7/10
Epoch [57/1000], Training Loss: 0.2060
Validation Loss: 0.2267
No improvement in validation loss. Early stop counter: 8/10
Epoch [58/1000], Training Loss: 0.2046
Validation Loss: 0.2257
No improvement in validation loss. Early stop counter: 9/10
Epoch [59/1000], Training Loss: 0.2052
Validation Loss: 0.2260
No improvement in validation loss. Early stop counter: 10/10
Early stopping triggered after 59 epochs.
Best model for fold 1 saved successfully.

Starting Fold 2/5...
Initializing ClassificationModel with 2 GAT layers and residual connections...
Initializing MCModel with 2 GAT layers and 1 row attention layers...
Initializing CGModel with 2 GAT layers and residual connections...
Initializing CoreModel with 1 self-attention layers...
Using 4 GPUs with DataParallel.
Epoch [1/1000], Training Loss: 0.3712
Validation Loss: 0.2783
New best model found with validation loss: 0.2783
Epoch [2/1000], Training Loss: 0.2972
Validation Loss: 0.2522
New best model found with validation loss: 0.2522
Epoch [3/1000], Training Loss: 0.2757
Validation Loss: 0.2386
New best model found with validation loss: 0.2386
Epoch [4/1000], Training Loss: 0.2594
Validation Loss: 0.2391
No improvement in validation loss. Early stop counter: 1/10
Epoch [5/1000], Training Loss: 0.2559
Validation Loss: 0.2491
No improvement in validation loss. Early stop counter: 2/10
Epoch [6/1000], Training Loss: 0.2542
Validation Loss: 0.2315
New best model found with validation loss: 0.2315
Epoch [7/1000], Training Loss: 0.2452
Validation Loss: 0.2265
New best model found with validation loss: 0.2265
Epoch [8/1000], Training Loss: 0.2430
Validation Loss: 0.2216
New best model found with validation loss: 0.2216
Epoch [9/1000], Training Loss: 0.2381
Validation Loss: 0.2182
New best model found with validation loss: 0.2182
Epoch [10/1000], Training Loss: 0.2385
Validation Loss: 0.2675
No improvement in validation loss. Early stop counter: 1/10
Epoch [11/1000], Training Loss: 0.2335
Validation Loss: 0.2140
New best model found with validation loss: 0.2140
Epoch [12/1000], Training Loss: 0.2298
Validation Loss: 0.2149
No improvement in validation loss. Early stop counter: 1/10
Epoch [13/1000], Training Loss: 0.2292
Validation Loss: 0.2114
New best model found with validation loss: 0.2114
Epoch [14/1000], Training Loss: 0.2289
Validation Loss: 0.2096
New best model found with validation loss: 0.2096
Epoch [15/1000], Training Loss: 0.2286
Validation Loss: 0.2088
New best model found with validation loss: 0.2088
Epoch [16/1000], Training Loss: 0.2255
Validation Loss: 0.2153
No improvement in validation loss. Early stop counter: 1/10
Epoch [17/1000], Training Loss: 0.2259
Validation Loss: 0.2083
New best model found with validation loss: 0.2083
Epoch [18/1000], Training Loss: 0.2246
Validation Loss: 0.2088
No improvement in validation loss. Early stop counter: 1/10
Epoch [19/1000], Training Loss: 0.2240
Validation Loss: 0.2071
New best model found with validation loss: 0.2071
Epoch [20/1000], Training Loss: 0.2232
Validation Loss: 0.2101
No improvement in validation loss. Early stop counter: 1/10
Epoch [21/1000], Training Loss: 0.2191
Validation Loss: 0.2075
No improvement in validation loss. Early stop counter: 2/10
Epoch [22/1000], Training Loss: 0.2208
Validation Loss: 0.2051
New best model found with validation loss: 0.2051
Epoch [23/1000], Training Loss: 0.2198
Validation Loss: 0.2040
New best model found with validation loss: 0.2040
Epoch [24/1000], Training Loss: 0.2183
Validation Loss: 0.2032
New best model found with validation loss: 0.2032
Epoch [25/1000], Training Loss: 0.2185
Validation Loss: 0.2044
No improvement in validation loss. Early stop counter: 1/10
Epoch [26/1000], Training Loss: 0.2173
Validation Loss: 0.2172
No improvement in validation loss. Early stop counter: 2/10
Epoch [27/1000], Training Loss: 0.2185
Validation Loss: 0.2130
No improvement in validation loss. Early stop counter: 3/10
Epoch [28/1000], Training Loss: 0.2170
Validation Loss: 0.2110
No improvement in validation loss. Early stop counter: 4/10
Epoch [29/1000], Training Loss: 0.2166
Validation Loss: 0.2022
New best model found with validation loss: 0.2022
Epoch [30/1000], Training Loss: 0.2192
Validation Loss: 0.2033
No improvement in validation loss. Early stop counter: 1/10
Epoch [31/1000], Training Loss: 0.2143
Validation Loss: 0.2024
No improvement in validation loss. Early stop counter: 2/10
Epoch [32/1000], Training Loss: 0.2148
Validation Loss: 0.2019
New best model found with validation loss: 0.2019
Epoch [33/1000], Training Loss: 0.2135
Validation Loss: 0.2028
No improvement in validation loss. Early stop counter: 1/10
Epoch [34/1000], Training Loss: 0.2145
Validation Loss: 0.2025
No improvement in validation loss. Early stop counter: 2/10
Epoch [35/1000], Training Loss: 0.2136
Validation Loss: 0.2026
No improvement in validation loss. Early stop counter: 3/10
Epoch [36/1000], Training Loss: 0.2137
Validation Loss: 0.2052
No improvement in validation loss. Early stop counter: 4/10
Epoch [37/1000], Training Loss: 0.2124
Validation Loss: 0.2016
New best model found with validation loss: 0.2016
Epoch [38/1000], Training Loss: 0.2137
Validation Loss: 0.2032
No improvement in validation loss. Early stop counter: 1/10
Epoch [39/1000], Training Loss: 0.2128
Validation Loss: 0.2018
No improvement in validation loss. Early stop counter: 2/10
Epoch [40/1000], Training Loss: 0.2122
Validation Loss: 0.2013
New best model found with validation loss: 0.2013
Epoch [41/1000], Training Loss: 0.2128
Validation Loss: 0.2024
No improvement in validation loss. Early stop counter: 1/10
Epoch [42/1000], Training Loss: 0.2111
Validation Loss: 0.2020
No improvement in validation loss. Early stop counter: 2/10
Epoch [43/1000], Training Loss: 0.2115
Validation Loss: 0.2051
No improvement in validation loss. Early stop counter: 3/10
Epoch [44/1000], Training Loss: 0.2129
Validation Loss: 0.2012
New best model found with validation loss: 0.2012
Epoch [45/1000], Training Loss: 0.2115
Validation Loss: 0.2018
No improvement in validation loss. Early stop counter: 1/10
Epoch [46/1000], Training Loss: 0.2121
Validation Loss: 0.2012
No improvement in validation loss. Early stop counter: 2/10
Epoch [47/1000], Training Loss: 0.2124
Validation Loss: 0.2024
No improvement in validation loss. Early stop counter: 3/10
Epoch [48/1000], Training Loss: 0.2121
Validation Loss: 0.2041
No improvement in validation loss. Early stop counter: 4/10
Epoch [49/1000], Training Loss: 0.2102
Validation Loss: 0.2043
No improvement in validation loss. Early stop counter: 5/10
Epoch [50/1000], Training Loss: 0.2109
Validation Loss: 0.2026
No improvement in validation loss. Early stop counter: 6/10
Epoch [51/1000], Training Loss: 0.2103
Validation Loss: 0.2041
No improvement in validation loss. Early stop counter: 7/10
Epoch [52/1000], Training Loss: 0.2103
Validation Loss: 0.2034
No improvement in validation loss. Early stop counter: 8/10
Epoch [53/1000], Training Loss: 0.2103
Validation Loss: 0.2008
New best model found with validation loss: 0.2008
Epoch [54/1000], Training Loss: 0.2112
Validation Loss: 0.2035
No improvement in validation loss. Early stop counter: 1/10
Epoch [55/1000], Training Loss: 0.2111
Validation Loss: 0.2020
No improvement in validation loss. Early stop counter: 2/10
Epoch [56/1000], Training Loss: 0.2118
Validation Loss: 0.2012
No improvement in validation loss. Early stop counter: 3/10
Epoch [57/1000], Training Loss: 0.2094
Validation Loss: 0.2016
No improvement in validation loss. Early stop counter: 4/10
Epoch [58/1000], Training Loss: 0.2112
Validation Loss: 0.2028
No improvement in validation loss. Early stop counter: 5/10
Epoch [59/1000], Training Loss: 0.2101
Validation Loss: 0.2039
No improvement in validation loss. Early stop counter: 6/10
Epoch [60/1000], Training Loss: 0.2104
Validation Loss: 0.2027
No improvement in validation loss. Early stop counter: 7/10
Epoch [61/1000], Training Loss: 0.2098
Validation Loss: 0.2011
No improvement in validation loss. Early stop counter: 8/10
Epoch [62/1000], Training Loss: 0.2099
Validation Loss: 0.2024
No improvement in validation loss. Early stop counter: 9/10
Epoch [63/1000], Training Loss: 0.2098
Validation Loss: 0.2023
No improvement in validation loss. Early stop counter: 10/10
Early stopping triggered after 63 epochs.
Best model for fold 2 saved successfully.

Starting Fold 3/5...
Initializing ClassificationModel with 2 GAT layers and residual connections...
Initializing MCModel with 2 GAT layers and 1 row attention layers...
Initializing CGModel with 2 GAT layers and residual connections...
Initializing CoreModel with 1 self-attention layers...
Using 4 GPUs with DataParallel.
Epoch [1/1000], Training Loss: 0.3531
Validation Loss: 0.2671
New best model found with validation loss: 0.2671
Epoch [2/1000], Training Loss: 0.2904
Validation Loss: 0.3289
No improvement in validation loss. Early stop counter: 1/10
Epoch [3/1000], Training Loss: 0.2700
Validation Loss: 0.2393
New best model found with validation loss: 0.2393
Epoch [4/1000], Training Loss: 0.2588
Validation Loss: 0.2481
No improvement in validation loss. Early stop counter: 1/10
Epoch [5/1000], Training Loss: 0.2529
Validation Loss: 0.2326
New best model found with validation loss: 0.2326
Epoch [6/1000], Training Loss: 0.2471
Validation Loss: 0.2239
New best model found with validation loss: 0.2239
Epoch [7/1000], Training Loss: 0.2456
Validation Loss: 0.2339
No improvement in validation loss. Early stop counter: 1/10
Epoch [8/1000], Training Loss: 0.2454
Validation Loss: 0.2416
No improvement in validation loss. Early stop counter: 2/10
Epoch [9/1000], Training Loss: 0.2363
Validation Loss: 0.2164
New best model found with validation loss: 0.2164
Epoch [10/1000], Training Loss: 0.2333
Validation Loss: 0.2371
No improvement in validation loss. Early stop counter: 1/10
Epoch [11/1000], Training Loss: 0.2305
Validation Loss: 0.2152
New best model found with validation loss: 0.2152
Epoch [12/1000], Training Loss: 0.2257
Validation Loss: 0.2115
New best model found with validation loss: 0.2115
Epoch [13/1000], Training Loss: 0.2245
Validation Loss: 0.2177
No improvement in validation loss. Early stop counter: 1/10
Epoch [14/1000], Training Loss: 0.2240
Validation Loss: 0.2092
New best model found with validation loss: 0.2092
Epoch [15/1000], Training Loss: 0.2234
Validation Loss: 0.2101
No improvement in validation loss. Early stop counter: 1/10
Epoch [16/1000], Training Loss: 0.2202
Validation Loss: 0.2084
New best model found with validation loss: 0.2084
Epoch [17/1000], Training Loss: 0.2198
Validation Loss: 0.2082
New best model found with validation loss: 0.2082
Epoch [18/1000], Training Loss: 0.2184
Validation Loss: 0.2080
New best model found with validation loss: 0.2080
Epoch [19/1000], Training Loss: 0.2167
Validation Loss: 0.2053
New best model found with validation loss: 0.2053
Epoch [20/1000], Training Loss: 0.2168
Validation Loss: 0.2062
No improvement in validation loss. Early stop counter: 1/10
Epoch [21/1000], Training Loss: 0.2145
Validation Loss: 0.2046
New best model found with validation loss: 0.2046
Epoch [22/1000], Training Loss: 0.2145
Validation Loss: 0.2073
No improvement in validation loss. Early stop counter: 1/10
Epoch [23/1000], Training Loss: 0.2140
Validation Loss: 0.2069
No improvement in validation loss. Early stop counter: 2/10
Epoch [24/1000], Training Loss: 0.2149
Validation Loss: 0.2053
No improvement in validation loss. Early stop counter: 3/10
Epoch [25/1000], Training Loss: 0.2143
Validation Loss: 0.2063
No improvement in validation loss. Early stop counter: 4/10
Epoch [26/1000], Training Loss: 0.2148
Validation Loss: 0.2040
New best model found with validation loss: 0.2040
Epoch [27/1000], Training Loss: 0.2127
Validation Loss: 0.2055
No improvement in validation loss. Early stop counter: 1/10
Epoch [28/1000], Training Loss: 0.2129
Validation Loss: 0.2091
No improvement in validation loss. Early stop counter: 2/10
Epoch [29/1000], Training Loss: 0.2134
Validation Loss: 0.2042
No improvement in validation loss. Early stop counter: 3/10
Epoch [30/1000], Training Loss: 0.2127
Validation Loss: 0.2090
No improvement in validation loss. Early stop counter: 4/10
Epoch [31/1000], Training Loss: 0.2111
Validation Loss: 0.2029
New best model found with validation loss: 0.2029
Epoch [32/1000], Training Loss: 0.2112
Validation Loss: 0.2022
New best model found with validation loss: 0.2022
Epoch [33/1000], Training Loss: 0.2104
Validation Loss: 0.2029
No improvement in validation loss. Early stop counter: 1/10
Epoch [34/1000], Training Loss: 0.2108
Validation Loss: 0.2022
New best model found with validation loss: 0.2022
Epoch [35/1000], Training Loss: 0.2116
Validation Loss: 0.2021
New best model found with validation loss: 0.2021
Epoch [36/1000], Training Loss: 0.2100
Validation Loss: 0.2045
No improvement in validation loss. Early stop counter: 1/10
Epoch [37/1000], Training Loss: 0.2110
Validation Loss: 0.2032
No improvement in validation loss. Early stop counter: 2/10
Epoch [38/1000], Training Loss: 0.2103
Validation Loss: 0.2031
No improvement in validation loss. Early stop counter: 3/10
Epoch [39/1000], Training Loss: 0.2099
Validation Loss: 0.2032
No improvement in validation loss. Early stop counter: 4/10
Epoch [40/1000], Training Loss: 0.2095
Validation Loss: 0.2039
No improvement in validation loss. Early stop counter: 5/10
Epoch [41/1000], Training Loss: 0.2087
Validation Loss: 0.2028
No improvement in validation loss. Early stop counter: 6/10
Epoch [42/1000], Training Loss: 0.2099
Validation Loss: 0.2024
No improvement in validation loss. Early stop counter: 7/10
Epoch [43/1000], Training Loss: 0.2096
Validation Loss: 0.2021
New best model found with validation loss: 0.2021
Epoch [44/1000], Training Loss: 0.2104
Validation Loss: 0.2042
No improvement in validation loss. Early stop counter: 1/10
Epoch [45/1000], Training Loss: 0.2101
Validation Loss: 0.2017
New best model found with validation loss: 0.2017
Epoch [46/1000], Training Loss: 0.2080
Validation Loss: 0.2019
No improvement in validation loss. Early stop counter: 1/10
Epoch [47/1000], Training Loss: 0.2095
Validation Loss: 0.2019
No improvement in validation loss. Early stop counter: 2/10
Epoch [48/1000], Training Loss: 0.2074
Validation Loss: 0.2010
New best model found with validation loss: 0.2010
Epoch [49/1000], Training Loss: 0.2094
Validation Loss: 0.2022
No improvement in validation loss. Early stop counter: 1/10
Epoch [50/1000], Training Loss: 0.2075
Validation Loss: 0.2022
No improvement in validation loss. Early stop counter: 2/10
Epoch [51/1000], Training Loss: 0.2084
Validation Loss: 0.2020
No improvement in validation loss. Early stop counter: 3/10
Epoch [52/1000], Training Loss: 0.2089
Validation Loss: 0.2017
No improvement in validation loss. Early stop counter: 4/10
Epoch [53/1000], Training Loss: 0.2073
Validation Loss: 0.2018
No improvement in validation loss. Early stop counter: 5/10
Epoch [54/1000], Training Loss: 0.2087
Validation Loss: 0.2013
No improvement in validation loss. Early stop counter: 6/10
Epoch [55/1000], Training Loss: 0.2084
Validation Loss: 0.2026
No improvement in validation loss. Early stop counter: 7/10
Epoch [56/1000], Training Loss: 0.2079
Validation Loss: 0.2022
No improvement in validation loss. Early stop counter: 8/10
Epoch [57/1000], Training Loss: 0.2080
Validation Loss: 0.2021
No improvement in validation loss. Early stop counter: 9/10
Epoch [58/1000], Training Loss: 0.2091
Validation Loss: 0.2019
No improvement in validation loss. Early stop counter: 10/10
Early stopping triggered after 58 epochs.
Best model for fold 3 saved successfully.

Starting Fold 4/5...
Initializing ClassificationModel with 2 GAT layers and residual connections...
Initializing MCModel with 2 GAT layers and 1 row attention layers...
Initializing CGModel with 2 GAT layers and residual connections...
Initializing CoreModel with 1 self-attention layers...
Using 4 GPUs with DataParallel.
Epoch [1/1000], Training Loss: 0.3760
Validation Loss: 0.2976
New best model found with validation loss: 0.2976
Epoch [2/1000], Training Loss: 0.2914
Validation Loss: 0.2667
New best model found with validation loss: 0.2667
Epoch [3/1000], Training Loss: 0.2675
Validation Loss: 0.2529
New best model found with validation loss: 0.2529
Epoch [4/1000], Training Loss: 0.2632
Validation Loss: 0.2456
New best model found with validation loss: 0.2456
Epoch [5/1000], Training Loss: 0.2545
Validation Loss: 0.2528
No improvement in validation loss. Early stop counter: 1/10
Epoch [6/1000], Training Loss: 0.2516
Validation Loss: 0.2392
New best model found with validation loss: 0.2392
Epoch [7/1000], Training Loss: 0.2413
Validation Loss: 0.2333
New best model found with validation loss: 0.2333
Epoch [8/1000], Training Loss: 0.2461
Validation Loss: 0.2461
No improvement in validation loss. Early stop counter: 1/10
Epoch [9/1000], Training Loss: 0.2424
Validation Loss: 0.2361
No improvement in validation loss. Early stop counter: 2/10
Epoch [10/1000], Training Loss: 0.2388
Validation Loss: 0.2334
No improvement in validation loss. Early stop counter: 3/10
Epoch [11/1000], Training Loss: 0.2308
Validation Loss: 0.2282
New best model found with validation loss: 0.2282
Epoch [12/1000], Training Loss: 0.2299
Validation Loss: 0.2249
New best model found with validation loss: 0.2249
Epoch [13/1000], Training Loss: 0.2265
Validation Loss: 0.2255
No improvement in validation loss. Early stop counter: 1/10
Epoch [14/1000], Training Loss: 0.2283
Validation Loss: 0.2229
New best model found with validation loss: 0.2229
Epoch [15/1000], Training Loss: 0.2248
Validation Loss: 0.2241
No improvement in validation loss. Early stop counter: 1/10
Epoch [16/1000], Training Loss: 0.2228
Validation Loss: 0.2243
No improvement in validation loss. Early stop counter: 2/10
Epoch [17/1000], Training Loss: 0.2234
Validation Loss: 0.2220
New best model found with validation loss: 0.2220
Epoch [18/1000], Training Loss: 0.2225
Validation Loss: 0.2225
No improvement in validation loss. Early stop counter: 1/10
Epoch [19/1000], Training Loss: 0.2222
Validation Loss: 0.2259
No improvement in validation loss. Early stop counter: 2/10
Epoch [20/1000], Training Loss: 0.2220
Validation Loss: 0.2203
New best model found with validation loss: 0.2203
Epoch [21/1000], Training Loss: 0.2174
Validation Loss: 0.2178
New best model found with validation loss: 0.2178
Epoch [22/1000], Training Loss: 0.2178
Validation Loss: 0.2172
New best model found with validation loss: 0.2172
Epoch [23/1000], Training Loss: 0.2154
Validation Loss: 0.2181
No improvement in validation loss. Early stop counter: 1/10
Epoch [24/1000], Training Loss: 0.2165
Validation Loss: 0.2203
No improvement in validation loss. Early stop counter: 2/10
Epoch [25/1000], Training Loss: 0.2170
Validation Loss: 0.2258
No improvement in validation loss. Early stop counter: 3/10
Epoch [26/1000], Training Loss: 0.2161
Validation Loss: 0.2170
New best model found with validation loss: 0.2170
Epoch [27/1000], Training Loss: 0.2140
Validation Loss: 0.2171
No improvement in validation loss. Early stop counter: 1/10
Epoch [28/1000], Training Loss: 0.2139
Validation Loss: 0.2166
New best model found with validation loss: 0.2166
Epoch [29/1000], Training Loss: 0.2163
Validation Loss: 0.2169
No improvement in validation loss. Early stop counter: 1/10
Epoch [30/1000], Training Loss: 0.2142
Validation Loss: 0.2149
New best model found with validation loss: 0.2149
Epoch [31/1000], Training Loss: 0.2134
Validation Loss: 0.2173
No improvement in validation loss. Early stop counter: 1/10
Epoch [32/1000], Training Loss: 0.2128
Validation Loss: 0.2172
No improvement in validation loss. Early stop counter: 2/10
Epoch [33/1000], Training Loss: 0.2131
Validation Loss: 0.2137
New best model found with validation loss: 0.2137
Epoch [34/1000], Training Loss: 0.2130
Validation Loss: 0.2145
No improvement in validation loss. Early stop counter: 1/10
Epoch [35/1000], Training Loss: 0.2116
Validation Loss: 0.2169
No improvement in validation loss. Early stop counter: 2/10
Epoch [36/1000], Training Loss: 0.2116
Validation Loss: 0.2150
No improvement in validation loss. Early stop counter: 3/10
Epoch [37/1000], Training Loss: 0.2123
Validation Loss: 0.2217
No improvement in validation loss. Early stop counter: 4/10
Epoch [38/1000], Training Loss: 0.2108
Validation Loss: 0.2179
No improvement in validation loss. Early stop counter: 5/10
Epoch [39/1000], Training Loss: 0.2111
Validation Loss: 0.2150
No improvement in validation loss. Early stop counter: 6/10
Epoch [40/1000], Training Loss: 0.2105
Validation Loss: 0.2165
No improvement in validation loss. Early stop counter: 7/10
Epoch [41/1000], Training Loss: 0.2113
Validation Loss: 0.2140
No improvement in validation loss. Early stop counter: 8/10
Epoch [42/1000], Training Loss: 0.2119
Validation Loss: 0.2139
No improvement in validation loss. Early stop counter: 9/10
Epoch [43/1000], Training Loss: 0.2105
Validation Loss: 0.2154
No improvement in validation loss. Early stop counter: 10/10
Early stopping triggered after 43 epochs.
Best model for fold 4 saved successfully.

Starting Fold 5/5...
Initializing ClassificationModel with 2 GAT layers and residual connections...
Initializing MCModel with 2 GAT layers and 1 row attention layers...
Initializing CGModel with 2 GAT layers and residual connections...
Initializing CoreModel with 1 self-attention layers...
Using 4 GPUs with DataParallel.
Epoch [1/1000], Training Loss: 0.3634
Validation Loss: 0.3193
New best model found with validation loss: 0.3193
Epoch [2/1000], Training Loss: 0.2829
Validation Loss: 0.2742
New best model found with validation loss: 0.2742
Epoch [3/1000], Training Loss: 0.2652
Validation Loss: 0.2593
New best model found with validation loss: 0.2593
Epoch [4/1000], Training Loss: 0.2558
Validation Loss: 0.2689
No improvement in validation loss. Early stop counter: 1/10
Epoch [5/1000], Training Loss: 0.2480
Validation Loss: 0.2580
New best model found with validation loss: 0.2580
Epoch [6/1000], Training Loss: 0.2445
Validation Loss: 0.2489
New best model found with validation loss: 0.2489
Epoch [7/1000], Training Loss: 0.2359
Validation Loss: 0.2694
No improvement in validation loss. Early stop counter: 1/10
Epoch [8/1000], Training Loss: 0.2399
Validation Loss: 0.2437
New best model found with validation loss: 0.2437
Epoch [9/1000], Training Loss: 0.2342
Validation Loss: 0.2475
No improvement in validation loss. Early stop counter: 1/10
Epoch [10/1000], Training Loss: 0.2314
Validation Loss: 0.2411
New best model found with validation loss: 0.2411
Epoch [11/1000], Training Loss: 0.2253
Validation Loss: 0.2549
No improvement in validation loss. Early stop counter: 1/10
Epoch [12/1000], Training Loss: 0.2237
Validation Loss: 0.2387
New best model found with validation loss: 0.2387
Epoch [13/1000], Training Loss: 0.2217
Validation Loss: 0.2447
No improvement in validation loss. Early stop counter: 1/10
Epoch [14/1000], Training Loss: 0.2207
Validation Loss: 0.2409
No improvement in validation loss. Early stop counter: 2/10
Epoch [15/1000], Training Loss: 0.2211
Validation Loss: 0.2368
New best model found with validation loss: 0.2368
Epoch [16/1000], Training Loss: 0.2195
Validation Loss: 0.2348
New best model found with validation loss: 0.2348
Epoch [17/1000], Training Loss: 0.2173
Validation Loss: 0.2343
New best model found with validation loss: 0.2343
Epoch [18/1000], Training Loss: 0.2172
Validation Loss: 0.2348
No improvement in validation loss. Early stop counter: 1/10
Epoch [19/1000], Training Loss: 0.2166
Validation Loss: 0.2360
No improvement in validation loss. Early stop counter: 2/10
Epoch [20/1000], Training Loss: 0.2141
Validation Loss: 0.2358
No improvement in validation loss. Early stop counter: 3/10
Epoch [21/1000], Training Loss: 0.2127
Validation Loss: 0.2331
New best model found with validation loss: 0.2331
Epoch [22/1000], Training Loss: 0.2131
Validation Loss: 0.2320
New best model found with validation loss: 0.2320
Epoch [23/1000], Training Loss: 0.2131
Validation Loss: 0.2305
New best model found with validation loss: 0.2305
Epoch [24/1000], Training Loss: 0.2120
Validation Loss: 0.2298
New best model found with validation loss: 0.2298
Epoch [25/1000], Training Loss: 0.2123
Validation Loss: 0.2327
No improvement in validation loss. Early stop counter: 1/10
Epoch [26/1000], Training Loss: 0.2121
Validation Loss: 0.2316
No improvement in validation loss. Early stop counter: 2/10
Epoch [27/1000], Training Loss: 0.2103
Validation Loss: 0.2328
No improvement in validation loss. Early stop counter: 3/10
Epoch [28/1000], Training Loss: 0.2107
Validation Loss: 0.2304
No improvement in validation loss. Early stop counter: 4/10
Epoch [29/1000], Training Loss: 0.2108
Validation Loss: 0.2288
New best model found with validation loss: 0.2288
Epoch [30/1000], Training Loss: 0.2096
Validation Loss: 0.2310
No improvement in validation loss. Early stop counter: 1/10
Epoch [31/1000], Training Loss: 0.2081
Validation Loss: 0.2282
New best model found with validation loss: 0.2282
Epoch [32/1000], Training Loss: 0.2078
Validation Loss: 0.2314
No improvement in validation loss. Early stop counter: 1/10
Epoch [33/1000], Training Loss: 0.2076
Validation Loss: 0.2286
No improvement in validation loss. Early stop counter: 2/10
Epoch [34/1000], Training Loss: 0.2088
Validation Loss: 0.2307
No improvement in validation loss. Early stop counter: 3/10
Epoch [35/1000], Training Loss: 0.2074
Validation Loss: 0.2285
No improvement in validation loss. Early stop counter: 4/10
Epoch [36/1000], Training Loss: 0.2077
Validation Loss: 0.2293
No improvement in validation loss. Early stop counter: 5/10
Epoch [37/1000], Training Loss: 0.2075
Validation Loss: 0.2296
No improvement in validation loss. Early stop counter: 6/10
Epoch [38/1000], Training Loss: 0.2053
Validation Loss: 0.2289
No improvement in validation loss. Early stop counter: 7/10
Epoch [39/1000], Training Loss: 0.2067
Validation Loss: 0.2287
No improvement in validation loss. Early stop counter: 8/10
Epoch [40/1000], Training Loss: 0.2062
Validation Loss: 0.2287
No improvement in validation loss. Early stop counter: 9/10
Epoch [41/1000], Training Loss: 0.2046
Validation Loss: 0.2292
No improvement in validation loss. Early stop counter: 10/10
Early stopping triggered after 41 epochs.
Best model for fold 5 saved successfully.

Cross-validation results:
Fold 1: Validation Loss = 0.2241
Fold 2: Validation Loss = 0.2008
Fold 3: Validation Loss = 0.2010
Fold 4: Validation Loss = 0.2137
Fold 5: Validation Loss = 0.2282
Average Validation Loss: 0.2135
