{'batch_size': 4, 'sequence_file': 'antigen_train_sequences_3000.npz', 'data_file': 'antigen_train_interfaces_3000.npz', 'edge_file': 'antigen_train_edges_3000.npz', 'max_len': 3000, 'vocab_size': 23, 'embed_dim': 256, 'num_heads': 16, 'dropout': 0.1, 'num_layers': 1, 'num_gnn_layers': 2, 'num_int_layers': 1, 'num_classes': 2, 'num_epochs': 1000, 'learning_rate': 0.0001, 'max_grad_norm': 0.1, 'validation_split': 0.1, 'early_stop_patience': 10, 'initial_gradient_noise_std': 0.05, 'accumulation_steps': 2}
Number of GPUs available: 4

Starting Fold 1/5...
Initializing ClassificationModel with 2 GAT layers and residual connections...
Initializing MCModel with 2 GAT layers and 1 row attention layers...
Initializing CGModel with 2 GAT layers and residual connections...
Initializing CoreModel with 1 self-attention layers...
Using 4 GPUs with DataParallel.
Epoch [1/1000], Training Loss: 0.6338
Validation Loss: 0.6061
New best model found with validation loss: 0.6061
Epoch [2/1000], Training Loss: 0.5844
Validation Loss: 0.6059
New best model found with validation loss: 0.6059
Epoch [3/1000], Training Loss: 0.5457
Validation Loss: 0.5758
New best model found with validation loss: 0.5758
Epoch [4/1000], Training Loss: 0.5411
Validation Loss: 0.5518
New best model found with validation loss: 0.5518
Epoch [5/1000], Training Loss: 0.5233
Validation Loss: 0.5375
New best model found with validation loss: 0.5375
Epoch [6/1000], Training Loss: 0.5229
Validation Loss: 0.5828
No improvement in validation loss. Early stop counter: 1/10
Epoch [7/1000], Training Loss: 0.5135
Validation Loss: 0.5375
New best model found with validation loss: 0.5375
Epoch [8/1000], Training Loss: 0.5101
Validation Loss: 0.5423
No improvement in validation loss. Early stop counter: 1/10
Epoch [9/1000], Training Loss: 0.5139
Validation Loss: 0.5493
No improvement in validation loss. Early stop counter: 2/10
Epoch [10/1000], Training Loss: 0.5023
Validation Loss: 0.5477
No improvement in validation loss. Early stop counter: 3/10
Epoch [11/1000], Training Loss: 0.4993
Validation Loss: 0.5342
New best model found with validation loss: 0.5342
Epoch [12/1000], Training Loss: 0.4917
Validation Loss: 0.5406
No improvement in validation loss. Early stop counter: 1/10
Epoch [13/1000], Training Loss: 0.4959
Validation Loss: 0.5255
New best model found with validation loss: 0.5255
Epoch [14/1000], Training Loss: 0.4876
Validation Loss: 0.5324
No improvement in validation loss. Early stop counter: 1/10
Epoch [15/1000], Training Loss: 0.4862
Validation Loss: 0.5293
No improvement in validation loss. Early stop counter: 2/10
Epoch [16/1000], Training Loss: 0.4836
Validation Loss: 0.5412
No improvement in validation loss. Early stop counter: 3/10
Epoch [17/1000], Training Loss: 0.4864
Validation Loss: 0.5291
No improvement in validation loss. Early stop counter: 4/10
Epoch [18/1000], Training Loss: 0.4771
Validation Loss: 0.5307
No improvement in validation loss. Early stop counter: 5/10
Epoch [19/1000], Training Loss: 0.4818
Validation Loss: 0.5308
No improvement in validation loss. Early stop counter: 6/10
Epoch [20/1000], Training Loss: 0.4801
Validation Loss: 0.5417
No improvement in validation loss. Early stop counter: 7/10
Epoch [21/1000], Training Loss: 0.4775
Validation Loss: 0.5441
No improvement in validation loss. Early stop counter: 8/10
Epoch [22/1000], Training Loss: 0.4709
Validation Loss: 0.5272
No improvement in validation loss. Early stop counter: 9/10
Epoch [23/1000], Training Loss: 0.4708
Validation Loss: 0.5258
No improvement in validation loss. Early stop counter: 10/10
Early stopping triggered after 23 epochs.
Best model for fold 1 saved successfully.

Starting Fold 2/5...
Initializing ClassificationModel with 2 GAT layers and residual connections...
Initializing MCModel with 2 GAT layers and 1 row attention layers...
Initializing CGModel with 2 GAT layers and residual connections...
Initializing CoreModel with 1 self-attention layers...
Using 4 GPUs with DataParallel.
Epoch [1/1000], Training Loss: 0.6088
Validation Loss: 0.5848
New best model found with validation loss: 0.5848
Epoch [2/1000], Training Loss: 0.5586
Validation Loss: 0.5635
New best model found with validation loss: 0.5635
Epoch [3/1000], Training Loss: 0.5315
Validation Loss: 0.5529
New best model found with validation loss: 0.5529
Epoch [4/1000], Training Loss: 0.5238
Validation Loss: 0.5504
New best model found with validation loss: 0.5504
Epoch [5/1000], Training Loss: 0.5145
Validation Loss: 0.5864
No improvement in validation loss. Early stop counter: 1/10
Epoch [6/1000], Training Loss: 0.5224
Validation Loss: 0.5572
No improvement in validation loss. Early stop counter: 2/10
Epoch [7/1000], Training Loss: 0.5104
Validation Loss: 0.5507
No improvement in validation loss. Early stop counter: 3/10
Epoch [8/1000], Training Loss: 0.5086
Validation Loss: 0.5385
New best model found with validation loss: 0.5385
Epoch [9/1000], Training Loss: 0.4983
Validation Loss: 0.5382
New best model found with validation loss: 0.5382
Epoch [10/1000], Training Loss: 0.5011
Validation Loss: 0.5444
No improvement in validation loss. Early stop counter: 1/10
Epoch [11/1000], Training Loss: 0.4914
Validation Loss: 0.5274
New best model found with validation loss: 0.5274
Epoch [12/1000], Training Loss: 0.4897
Validation Loss: 0.5507
No improvement in validation loss. Early stop counter: 1/10
Epoch [13/1000], Training Loss: 0.4891
Validation Loss: 0.5332
No improvement in validation loss. Early stop counter: 2/10
Epoch [14/1000], Training Loss: 0.4880
Validation Loss: 0.5552
No improvement in validation loss. Early stop counter: 3/10
Epoch [15/1000], Training Loss: 0.4819
Validation Loss: 0.5379
No improvement in validation loss. Early stop counter: 4/10
Epoch [16/1000], Training Loss: 0.4844
Validation Loss: 0.5192
New best model found with validation loss: 0.5192
Epoch [17/1000], Training Loss: 0.4782
Validation Loss: 0.5333
No improvement in validation loss. Early stop counter: 1/10
Epoch [18/1000], Training Loss: 0.4818
Validation Loss: 0.5157
New best model found with validation loss: 0.5157
Epoch [19/1000], Training Loss: 0.4793
Validation Loss: 0.5293
No improvement in validation loss. Early stop counter: 1/10
Epoch [20/1000], Training Loss: 0.4777
Validation Loss: 0.5333
No improvement in validation loss. Early stop counter: 2/10
Epoch [21/1000], Training Loss: 0.4706
Validation Loss: 0.5197
No improvement in validation loss. Early stop counter: 3/10
Epoch [22/1000], Training Loss: 0.4672
Validation Loss: 0.5243
No improvement in validation loss. Early stop counter: 4/10
Epoch [23/1000], Training Loss: 0.4714
Validation Loss: 0.5119
New best model found with validation loss: 0.5119
Epoch [24/1000], Training Loss: 0.4692
Validation Loss: 0.5130
No improvement in validation loss. Early stop counter: 1/10
Epoch [25/1000], Training Loss: 0.4680
Validation Loss: 0.5186
No improvement in validation loss. Early stop counter: 2/10
Epoch [26/1000], Training Loss: 0.4673
Validation Loss: 0.5116
New best model found with validation loss: 0.5116
Epoch [27/1000], Training Loss: 0.4668
Validation Loss: 0.5068
New best model found with validation loss: 0.5068
Epoch [28/1000], Training Loss: 0.4649
Validation Loss: 0.5151
No improvement in validation loss. Early stop counter: 1/10
Epoch [29/1000], Training Loss: 0.4651
Validation Loss: 0.5249
No improvement in validation loss. Early stop counter: 2/10
Epoch [30/1000], Training Loss: 0.4633
Validation Loss: 0.5060
New best model found with validation loss: 0.5060
Epoch [31/1000], Training Loss: 0.4560
Validation Loss: 0.5035
New best model found with validation loss: 0.5035
Epoch [32/1000], Training Loss: 0.4580
Validation Loss: 0.5080
No improvement in validation loss. Early stop counter: 1/10
Epoch [33/1000], Training Loss: 0.4576
Validation Loss: 0.5099
No improvement in validation loss. Early stop counter: 2/10
Epoch [34/1000], Training Loss: 0.4605
Validation Loss: 0.5004
New best model found with validation loss: 0.5004
Epoch [35/1000], Training Loss: 0.4546
Validation Loss: 0.5033
No improvement in validation loss. Early stop counter: 1/10
Epoch [36/1000], Training Loss: 0.4567
Validation Loss: 0.5076
No improvement in validation loss. Early stop counter: 2/10
Epoch [37/1000], Training Loss: 0.4594
Validation Loss: 0.5024
No improvement in validation loss. Early stop counter: 3/10
Epoch [38/1000], Training Loss: 0.4559
Validation Loss: 0.5066
No improvement in validation loss. Early stop counter: 4/10
Epoch [39/1000], Training Loss: 0.4531
Validation Loss: 0.4991
New best model found with validation loss: 0.4991
Epoch [40/1000], Training Loss: 0.4521
Validation Loss: 0.5028
No improvement in validation loss. Early stop counter: 1/10
Epoch [41/1000], Training Loss: 0.4539
Validation Loss: 0.5026
No improvement in validation loss. Early stop counter: 2/10
Epoch [42/1000], Training Loss: 0.4538
Validation Loss: 0.5021
No improvement in validation loss. Early stop counter: 3/10
Epoch [43/1000], Training Loss: 0.4486
Validation Loss: 0.4989
New best model found with validation loss: 0.4989
Epoch [44/1000], Training Loss: 0.4531
Validation Loss: 0.4998
No improvement in validation loss. Early stop counter: 1/10
Epoch [45/1000], Training Loss: 0.4494
Validation Loss: 0.5000
No improvement in validation loss. Early stop counter: 2/10
Epoch [46/1000], Training Loss: 0.4477
Validation Loss: 0.5027
No improvement in validation loss. Early stop counter: 3/10
Epoch [47/1000], Training Loss: 0.4490
Validation Loss: 0.5036
No improvement in validation loss. Early stop counter: 4/10
Epoch [48/1000], Training Loss: 0.4489
Validation Loss: 0.5013
No improvement in validation loss. Early stop counter: 5/10
Epoch [49/1000], Training Loss: 0.4485
Validation Loss: 0.5007
No improvement in validation loss. Early stop counter: 6/10
Epoch [50/1000], Training Loss: 0.4503
Validation Loss: 0.5003
No improvement in validation loss. Early stop counter: 7/10
Epoch [51/1000], Training Loss: 0.4512
Validation Loss: 0.5018
No improvement in validation loss. Early stop counter: 8/10
Epoch [52/1000], Training Loss: 0.4489
Validation Loss: 0.4999
No improvement in validation loss. Early stop counter: 9/10
Epoch [53/1000], Training Loss: 0.4497
Validation Loss: 0.5014
No improvement in validation loss. Early stop counter: 10/10
Early stopping triggered after 53 epochs.
Best model for fold 2 saved successfully.

Starting Fold 3/5...
Initializing ClassificationModel with 2 GAT layers and residual connections...
Initializing MCModel with 2 GAT layers and 1 row attention layers...
Initializing CGModel with 2 GAT layers and residual connections...
Initializing CoreModel with 1 self-attention layers...
Using 4 GPUs with DataParallel.
Epoch [1/1000], Training Loss: 0.6367
Validation Loss: 0.5929
New best model found with validation loss: 0.5929
Epoch [2/1000], Training Loss: 0.5709
Validation Loss: 0.5492
New best model found with validation loss: 0.5492
Epoch [3/1000], Training Loss: 0.5464
Validation Loss: 0.5709
No improvement in validation loss. Early stop counter: 1/10
Epoch [4/1000], Training Loss: 0.5372
Validation Loss: 0.5338
New best model found with validation loss: 0.5338
Epoch [5/1000], Training Loss: 0.5261
Validation Loss: 0.5307
New best model found with validation loss: 0.5307
Epoch [6/1000], Training Loss: 0.5394
Validation Loss: 0.5317
No improvement in validation loss. Early stop counter: 1/10
Epoch [7/1000], Training Loss: 0.5240
Validation Loss: 0.5333
No improvement in validation loss. Early stop counter: 2/10
Epoch [8/1000], Training Loss: 0.5185
Validation Loss: 0.5286
New best model found with validation loss: 0.5286
Epoch [9/1000], Training Loss: 0.5219
Validation Loss: 0.5509
No improvement in validation loss. Early stop counter: 1/10
Epoch [10/1000], Training Loss: 0.5197
Validation Loss: 0.5293
No improvement in validation loss. Early stop counter: 2/10
Epoch [11/1000], Training Loss: 0.5012
Validation Loss: 0.5054
New best model found with validation loss: 0.5054
Epoch [12/1000], Training Loss: 0.4930
Validation Loss: 0.5052
New best model found with validation loss: 0.5052
Epoch [13/1000], Training Loss: 0.4955
Validation Loss: 0.5001
New best model found with validation loss: 0.5001
Epoch [14/1000], Training Loss: 0.4939
Validation Loss: 0.5137
No improvement in validation loss. Early stop counter: 1/10
Epoch [15/1000], Training Loss: 0.4880
Validation Loss: 0.5217
No improvement in validation loss. Early stop counter: 2/10
Epoch [16/1000], Training Loss: 0.4880
Validation Loss: 0.5020
No improvement in validation loss. Early stop counter: 3/10
Epoch [17/1000], Training Loss: 0.4968
Validation Loss: 0.5068
No improvement in validation loss. Early stop counter: 4/10
Epoch [18/1000], Training Loss: 0.4847
Validation Loss: 0.4938
New best model found with validation loss: 0.4938
Epoch [19/1000], Training Loss: 0.4828
Validation Loss: 0.4935
New best model found with validation loss: 0.4935
Epoch [20/1000], Training Loss: 0.4874
Validation Loss: 0.4957
No improvement in validation loss. Early stop counter: 1/10
Epoch [21/1000], Training Loss: 0.4792
Validation Loss: 0.4968
No improvement in validation loss. Early stop counter: 2/10
Epoch [22/1000], Training Loss: 0.4724
Validation Loss: 0.5096
No improvement in validation loss. Early stop counter: 3/10
Epoch [23/1000], Training Loss: 0.4754
Validation Loss: 0.4956
No improvement in validation loss. Early stop counter: 4/10
Epoch [24/1000], Training Loss: 0.4789
Validation Loss: 0.4933
New best model found with validation loss: 0.4933
Epoch [25/1000], Training Loss: 0.4760
Validation Loss: 0.4948
No improvement in validation loss. Early stop counter: 1/10
Epoch [26/1000], Training Loss: 0.4753
Validation Loss: 0.4867
New best model found with validation loss: 0.4867
Epoch [27/1000], Training Loss: 0.4720
Validation Loss: 0.4895
No improvement in validation loss. Early stop counter: 1/10
Epoch [28/1000], Training Loss: 0.4742
Validation Loss: 0.4882
No improvement in validation loss. Early stop counter: 2/10
Epoch [29/1000], Training Loss: 0.4715
Validation Loss: 0.4973
No improvement in validation loss. Early stop counter: 3/10
Epoch [30/1000], Training Loss: 0.4717
Validation Loss: 0.4908
No improvement in validation loss. Early stop counter: 4/10
Epoch [31/1000], Training Loss: 0.4657
Validation Loss: 0.4857
New best model found with validation loss: 0.4857
Epoch [32/1000], Training Loss: 0.4699
Validation Loss: 0.4840
New best model found with validation loss: 0.4840
Epoch [33/1000], Training Loss: 0.4621
Validation Loss: 0.4876
No improvement in validation loss. Early stop counter: 1/10
Epoch [34/1000], Training Loss: 0.4685
Validation Loss: 0.4859
No improvement in validation loss. Early stop counter: 2/10
Epoch [35/1000], Training Loss: 0.4665
Validation Loss: 0.4842
No improvement in validation loss. Early stop counter: 3/10
Epoch [36/1000], Training Loss: 0.4665
Validation Loss: 0.4903
No improvement in validation loss. Early stop counter: 4/10
Epoch [37/1000], Training Loss: 0.4649
Validation Loss: 0.4854
No improvement in validation loss. Early stop counter: 5/10
Epoch [38/1000], Training Loss: 0.4644
Validation Loss: 0.4873
No improvement in validation loss. Early stop counter: 6/10
Epoch [39/1000], Training Loss: 0.4642
Validation Loss: 0.4892
No improvement in validation loss. Early stop counter: 7/10
Epoch [40/1000], Training Loss: 0.4625
Validation Loss: 0.4820
New best model found with validation loss: 0.4820
Epoch [41/1000], Training Loss: 0.4606
Validation Loss: 0.4858
No improvement in validation loss. Early stop counter: 1/10
Epoch [42/1000], Training Loss: 0.4648
Validation Loss: 0.4870
No improvement in validation loss. Early stop counter: 2/10
Epoch [43/1000], Training Loss: 0.4587
Validation Loss: 0.4876
No improvement in validation loss. Early stop counter: 3/10
Epoch [44/1000], Training Loss: 0.4597
Validation Loss: 0.4864
No improvement in validation loss. Early stop counter: 4/10
Epoch [45/1000], Training Loss: 0.4615
Validation Loss: 0.4852
No improvement in validation loss. Early stop counter: 5/10
Epoch [46/1000], Training Loss: 0.4628
Validation Loss: 0.4839
No improvement in validation loss. Early stop counter: 6/10
Epoch [47/1000], Training Loss: 0.4558
Validation Loss: 0.4848
No improvement in validation loss. Early stop counter: 7/10
Epoch [48/1000], Training Loss: 0.4622
Validation Loss: 0.4847
No improvement in validation loss. Early stop counter: 8/10
Epoch [49/1000], Training Loss: 0.4601
Validation Loss: 0.4947
No improvement in validation loss. Early stop counter: 9/10
Epoch [50/1000], Training Loss: 0.4599
Validation Loss: 0.4885
No improvement in validation loss. Early stop counter: 10/10
Early stopping triggered after 50 epochs.
Best model for fold 3 saved successfully.

Starting Fold 4/5...
Initializing ClassificationModel with 2 GAT layers and residual connections...
Initializing MCModel with 2 GAT layers and 1 row attention layers...
Initializing CGModel with 2 GAT layers and residual connections...
Initializing CoreModel with 1 self-attention layers...
Using 4 GPUs with DataParallel.
Epoch [1/1000], Training Loss: 0.6339
Validation Loss: 0.5739
New best model found with validation loss: 0.5739
Epoch [2/1000], Training Loss: 0.5763
Validation Loss: 0.5581
New best model found with validation loss: 0.5581
Epoch [3/1000], Training Loss: 0.5498
Validation Loss: 0.5231
New best model found with validation loss: 0.5231
Epoch [4/1000], Training Loss: 0.5401
Validation Loss: 0.5011
New best model found with validation loss: 0.5011
Epoch [5/1000], Training Loss: 0.5345
Validation Loss: 0.5028
No improvement in validation loss. Early stop counter: 1/10
Epoch [6/1000], Training Loss: 0.5297
Validation Loss: 0.4934
New best model found with validation loss: 0.4934
Epoch [7/1000], Training Loss: 0.5195
Validation Loss: 0.4940
No improvement in validation loss. Early stop counter: 1/10
Epoch [8/1000], Training Loss: 0.5155
Validation Loss: 0.4905
New best model found with validation loss: 0.4905
Epoch [9/1000], Training Loss: 0.5160
Validation Loss: 0.4756
New best model found with validation loss: 0.4756
Epoch [10/1000], Training Loss: 0.5154
Validation Loss: 0.4735
New best model found with validation loss: 0.4735
Epoch [11/1000], Training Loss: 0.4999
Validation Loss: 0.4712
New best model found with validation loss: 0.4712
Epoch [12/1000], Training Loss: 0.4958
Validation Loss: 0.4758
No improvement in validation loss. Early stop counter: 1/10
Epoch [13/1000], Training Loss: 0.5011
Validation Loss: 0.4834
No improvement in validation loss. Early stop counter: 2/10
Epoch [14/1000], Training Loss: 0.4915
Validation Loss: 0.4700
New best model found with validation loss: 0.4700
Epoch [15/1000], Training Loss: 0.4925
Validation Loss: 0.4897
No improvement in validation loss. Early stop counter: 1/10
Epoch [16/1000], Training Loss: 0.4879
Validation Loss: 0.4726
No improvement in validation loss. Early stop counter: 2/10
Epoch [17/1000], Training Loss: 0.4869
Validation Loss: 0.4704
No improvement in validation loss. Early stop counter: 3/10
Epoch [18/1000], Training Loss: 0.4821
Validation Loss: 0.4717
No improvement in validation loss. Early stop counter: 4/10
Epoch [19/1000], Training Loss: 0.4820
Validation Loss: 0.4931
No improvement in validation loss. Early stop counter: 5/10
Epoch [20/1000], Training Loss: 0.4889
Validation Loss: 0.4799
No improvement in validation loss. Early stop counter: 6/10
Epoch [21/1000], Training Loss: 0.4798
Validation Loss: 0.4666
New best model found with validation loss: 0.4666
Epoch [22/1000], Training Loss: 0.4802
Validation Loss: 0.4767
No improvement in validation loss. Early stop counter: 1/10
Epoch [23/1000], Training Loss: 0.4734
Validation Loss: 0.4764
No improvement in validation loss. Early stop counter: 2/10
Epoch [24/1000], Training Loss: 0.4758
Validation Loss: 0.4673
No improvement in validation loss. Early stop counter: 3/10
Epoch [25/1000], Training Loss: 0.4751
Validation Loss: 0.4940
No improvement in validation loss. Early stop counter: 4/10
Epoch [26/1000], Training Loss: 0.4711
Validation Loss: 0.4802
No improvement in validation loss. Early stop counter: 5/10
Epoch [27/1000], Training Loss: 0.4721
Validation Loss: 0.4673
No improvement in validation loss. Early stop counter: 6/10
Epoch [28/1000], Training Loss: 0.4753
Validation Loss: 0.4740
No improvement in validation loss. Early stop counter: 7/10
Epoch [29/1000], Training Loss: 0.4657
Validation Loss: 0.4682
No improvement in validation loss. Early stop counter: 8/10
Epoch [30/1000], Training Loss: 0.4663
Validation Loss: 0.4694
No improvement in validation loss. Early stop counter: 9/10
Epoch [31/1000], Training Loss: 0.4618
Validation Loss: 0.4660
New best model found with validation loss: 0.4660
Epoch [32/1000], Training Loss: 0.4640
Validation Loss: 0.4692
No improvement in validation loss. Early stop counter: 1/10
Epoch [33/1000], Training Loss: 0.4590
Validation Loss: 0.4717
No improvement in validation loss. Early stop counter: 2/10
Epoch [34/1000], Training Loss: 0.4624
Validation Loss: 0.4681
No improvement in validation loss. Early stop counter: 3/10
Epoch [35/1000], Training Loss: 0.4598
Validation Loss: 0.4873
No improvement in validation loss. Early stop counter: 4/10
Epoch [36/1000], Training Loss: 0.4637
Validation Loss: 0.4708
No improvement in validation loss. Early stop counter: 5/10
Epoch [37/1000], Training Loss: 0.4622
Validation Loss: 0.4647
New best model found with validation loss: 0.4647
Epoch [38/1000], Training Loss: 0.4603
Validation Loss: 0.4681
No improvement in validation loss. Early stop counter: 1/10
Epoch [39/1000], Training Loss: 0.4570
Validation Loss: 0.4778
No improvement in validation loss. Early stop counter: 2/10
Epoch [40/1000], Training Loss: 0.4603
Validation Loss: 0.4685
No improvement in validation loss. Early stop counter: 3/10
Epoch [41/1000], Training Loss: 0.4554
Validation Loss: 0.4723
No improvement in validation loss. Early stop counter: 4/10
Epoch [42/1000], Training Loss: 0.4556
Validation Loss: 0.4667
No improvement in validation loss. Early stop counter: 5/10
Epoch [43/1000], Training Loss: 0.4556
Validation Loss: 0.4681
No improvement in validation loss. Early stop counter: 6/10
Epoch [44/1000], Training Loss: 0.4620
Validation Loss: 0.4677
No improvement in validation loss. Early stop counter: 7/10
Epoch [45/1000], Training Loss: 0.4562
Validation Loss: 0.4658
No improvement in validation loss. Early stop counter: 8/10
Epoch [46/1000], Training Loss: 0.4580
Validation Loss: 0.4675
No improvement in validation loss. Early stop counter: 9/10
Epoch [47/1000], Training Loss: 0.4571
Validation Loss: 0.4699
No improvement in validation loss. Early stop counter: 10/10
Early stopping triggered after 47 epochs.
Best model for fold 4 saved successfully.

Starting Fold 5/5...
Initializing ClassificationModel with 2 GAT layers and residual connections...
Initializing MCModel with 2 GAT layers and 1 row attention layers...
Initializing CGModel with 2 GAT layers and residual connections...
Initializing CoreModel with 1 self-attention layers...
Using 4 GPUs with DataParallel.
Epoch [1/1000], Training Loss: 0.6396
Validation Loss: 0.5800
New best model found with validation loss: 0.5800
Epoch [2/1000], Training Loss: 0.5650
Validation Loss: 0.5304
New best model found with validation loss: 0.5304
Epoch [3/1000], Training Loss: 0.5505
Validation Loss: 0.5174
New best model found with validation loss: 0.5174
Epoch [4/1000], Training Loss: 0.5370
Validation Loss: 0.5222
No improvement in validation loss. Early stop counter: 1/10
Epoch [5/1000], Training Loss: 0.5360
Validation Loss: 0.5066
New best model found with validation loss: 0.5066
Epoch [6/1000], Training Loss: 0.5212
Validation Loss: 0.5106
No improvement in validation loss. Early stop counter: 1/10
Epoch [7/1000], Training Loss: 0.5178
Validation Loss: 0.5097
No improvement in validation loss. Early stop counter: 2/10
Epoch [8/1000], Training Loss: 0.5100
Validation Loss: 0.5367
No improvement in validation loss. Early stop counter: 3/10
Epoch [9/1000], Training Loss: 0.5131
Validation Loss: 0.5051
New best model found with validation loss: 0.5051
Epoch [10/1000], Training Loss: 0.5033
Validation Loss: 0.5027
New best model found with validation loss: 0.5027
Epoch [11/1000], Training Loss: 0.4986
Validation Loss: 0.4967
New best model found with validation loss: 0.4967
Epoch [12/1000], Training Loss: 0.4942
Validation Loss: 0.5006
No improvement in validation loss. Early stop counter: 1/10
Epoch [13/1000], Training Loss: 0.4949
Validation Loss: 0.5020
No improvement in validation loss. Early stop counter: 2/10
Epoch [14/1000], Training Loss: 0.4923
Validation Loss: 0.4951
New best model found with validation loss: 0.4951
Epoch [15/1000], Training Loss: 0.4862
Validation Loss: 0.4944
New best model found with validation loss: 0.4944
Epoch [16/1000], Training Loss: 0.4854
Validation Loss: 0.4924
New best model found with validation loss: 0.4924
Epoch [17/1000], Training Loss: 0.4861
Validation Loss: 0.4979
No improvement in validation loss. Early stop counter: 1/10
Epoch [18/1000], Training Loss: 0.4853
Validation Loss: 0.4982
No improvement in validation loss. Early stop counter: 2/10
Epoch [19/1000], Training Loss: 0.4817
Validation Loss: 0.4962
No improvement in validation loss. Early stop counter: 3/10
Epoch [20/1000], Training Loss: 0.4811
Validation Loss: 0.4943
No improvement in validation loss. Early stop counter: 4/10
Epoch [21/1000], Training Loss: 0.4782
Validation Loss: 0.4880
New best model found with validation loss: 0.4880
Epoch [22/1000], Training Loss: 0.4754
Validation Loss: 0.4888
No improvement in validation loss. Early stop counter: 1/10
Epoch [23/1000], Training Loss: 0.4771
Validation Loss: 0.4906
No improvement in validation loss. Early stop counter: 2/10
Epoch [24/1000], Training Loss: 0.4708
Validation Loss: 0.4935
No improvement in validation loss. Early stop counter: 3/10
Epoch [25/1000], Training Loss: 0.4769
Validation Loss: 0.4932
No improvement in validation loss. Early stop counter: 4/10
Epoch [26/1000], Training Loss: 0.4689
Validation Loss: 0.4911
No improvement in validation loss. Early stop counter: 5/10
Epoch [27/1000], Training Loss: 0.4696
Validation Loss: 0.4879
New best model found with validation loss: 0.4879
Epoch [28/1000], Training Loss: 0.4686
Validation Loss: 0.4937
No improvement in validation loss. Early stop counter: 1/10
Epoch [29/1000], Training Loss: 0.4687
Validation Loss: 0.4957
No improvement in validation loss. Early stop counter: 2/10
Epoch [30/1000], Training Loss: 0.4725
Validation Loss: 0.4962
No improvement in validation loss. Early stop counter: 3/10
Epoch [31/1000], Training Loss: 0.4627
Validation Loss: 0.4901
No improvement in validation loss. Early stop counter: 4/10
Epoch [32/1000], Training Loss: 0.4641
Validation Loss: 0.4892
No improvement in validation loss. Early stop counter: 5/10
Epoch [33/1000], Training Loss: 0.4648
Validation Loss: 0.4915
No improvement in validation loss. Early stop counter: 6/10
Epoch [34/1000], Training Loss: 0.4601
Validation Loss: 0.4920
No improvement in validation loss. Early stop counter: 7/10
Epoch [35/1000], Training Loss: 0.4658
Validation Loss: 0.4890
No improvement in validation loss. Early stop counter: 8/10
Epoch [36/1000], Training Loss: 0.4656
Validation Loss: 0.4902
No improvement in validation loss. Early stop counter: 9/10
Epoch [37/1000], Training Loss: 0.4567
Validation Loss: 0.4949
No improvement in validation loss. Early stop counter: 10/10
Early stopping triggered after 37 epochs.
Best model for fold 5 saved successfully.

Cross-validation results:
Fold 1: Validation Loss = 0.5255
Fold 2: Validation Loss = 0.4989
Fold 3: Validation Loss = 0.4820
Fold 4: Validation Loss = 0.4647
Fold 5: Validation Loss = 0.4879
Average Validation Loss: 0.4918
