{'batch_size': 4, 'sequence_file': 'padded_sequences_train_3000.npz', 'data_file': 'padded_interfaces_train_3000.npz', 'edge_file': 'padded_edges_train_3000.npz', 'max_len': 3000, 'vocab_size': 23, 'embed_dim': 256, 'num_heads': 16, 'dropout': 0.1, 'num_layers': 1, 'num_gnn_layers': 2, 'num_int_layers': 1, 'num_classes': 2, 'num_epochs': 1000, 'learning_rate': 0.0001, 'max_grad_norm': 0.1, 'validation_split': 0.1, 'early_stop_patience': 10, 'initial_gradient_noise_std': 0.05, 'accumulation_steps': 2}
Number of GPUs available: 4

Starting Fold 1/5...
Initializing ClassificationModel with 2 GAT layers and residual connections...
Initializing MCModel with 2 GAT layers and 1 row attention layers...
Initializing CGModel with 2 GAT layers and residual connections...
Initializing CoreModel with 1 self-attention layers...
Using 4 GPUs with DataParallel.
Epoch [1/1000], Training Loss: 0.3001
Validation Loss: 0.2521
New best model found with validation loss: 0.2521
Epoch [2/1000], Training Loss: 0.2493
Validation Loss: 0.2401
New best model found with validation loss: 0.2401
Epoch [3/1000], Training Loss: 0.2460
Validation Loss: 0.2461
No improvement in validation loss. Early stop counter: 1/10
Epoch [4/1000], Training Loss: 0.2395
Validation Loss: 0.2282
New best model found with validation loss: 0.2282
Epoch [5/1000], Training Loss: 0.2377
Validation Loss: 0.2322
No improvement in validation loss. Early stop counter: 1/10
Epoch [6/1000], Training Loss: 0.2351
Validation Loss: 0.2315
No improvement in validation loss. Early stop counter: 2/10
Epoch [7/1000], Training Loss: 0.2332
Validation Loss: 0.2313
No improvement in validation loss. Early stop counter: 3/10
Epoch [8/1000], Training Loss: 0.2300
Validation Loss: 0.2196
New best model found with validation loss: 0.2196
Epoch [9/1000], Training Loss: 0.2274
Validation Loss: 0.2252
No improvement in validation loss. Early stop counter: 1/10
Epoch [10/1000], Training Loss: 0.2271
Validation Loss: 0.2278
No improvement in validation loss. Early stop counter: 2/10
Epoch [11/1000], Training Loss: 0.2207
Validation Loss: 0.2217
No improvement in validation loss. Early stop counter: 3/10
Epoch [12/1000], Training Loss: 0.2194
Validation Loss: 0.2277
No improvement in validation loss. Early stop counter: 4/10
Epoch [13/1000], Training Loss: 0.2188
Validation Loss: 0.2211
No improvement in validation loss. Early stop counter: 5/10
Epoch [14/1000], Training Loss: 0.2169
Validation Loss: 0.2221
No improvement in validation loss. Early stop counter: 6/10
Epoch [15/1000], Training Loss: 0.2156
Validation Loss: 0.2198
No improvement in validation loss. Early stop counter: 7/10
Epoch [16/1000], Training Loss: 0.2154
Validation Loss: 0.2200
No improvement in validation loss. Early stop counter: 8/10
Epoch [17/1000], Training Loss: 0.2131
Validation Loss: 0.2222
No improvement in validation loss. Early stop counter: 9/10
Epoch [18/1000], Training Loss: 0.2129
Validation Loss: 0.2196
No improvement in validation loss. Early stop counter: 10/10
Early stopping triggered after 18 epochs.
Best model for fold 1 saved successfully.

Starting Fold 2/5...
Initializing ClassificationModel with 2 GAT layers and residual connections...
Initializing MCModel with 2 GAT layers and 1 row attention layers...
Initializing CGModel with 2 GAT layers and residual connections...
Initializing CoreModel with 1 self-attention layers...
Using 4 GPUs with DataParallel.
Epoch [1/1000], Training Loss: 0.3166
Validation Loss: 0.2944
New best model found with validation loss: 0.2944
Epoch [2/1000], Training Loss: 0.2570
Validation Loss: 0.2472
New best model found with validation loss: 0.2472
Epoch [3/1000], Training Loss: 0.2477
Validation Loss: 0.2466
New best model found with validation loss: 0.2466
Epoch [4/1000], Training Loss: 0.2438
Validation Loss: 0.2452
New best model found with validation loss: 0.2452
Epoch [5/1000], Training Loss: 0.2352
Validation Loss: 0.2683
No improvement in validation loss. Early stop counter: 1/10
Epoch [6/1000], Training Loss: 0.2391
Validation Loss: 0.2450
New best model found with validation loss: 0.2450
Epoch [7/1000], Training Loss: 0.2350
Validation Loss: 0.2588
No improvement in validation loss. Early stop counter: 1/10
Epoch [8/1000], Training Loss: 0.2355
Validation Loss: 0.2377
New best model found with validation loss: 0.2377
Epoch [9/1000], Training Loss: 0.2297
Validation Loss: 0.2448
No improvement in validation loss. Early stop counter: 1/10
Epoch [10/1000], Training Loss: 0.2262
Validation Loss: 0.2378
No improvement in validation loss. Early stop counter: 2/10
Epoch [11/1000], Training Loss: 0.2194
Validation Loss: 0.2337
New best model found with validation loss: 0.2337
Epoch [12/1000], Training Loss: 0.2169
Validation Loss: 0.2354
No improvement in validation loss. Early stop counter: 1/10
Epoch [13/1000], Training Loss: 0.2170
Validation Loss: 0.2423
No improvement in validation loss. Early stop counter: 2/10
Epoch [14/1000], Training Loss: 0.2159
Validation Loss: 0.2288
New best model found with validation loss: 0.2288
Epoch [15/1000], Training Loss: 0.2140
Validation Loss: 0.2372
No improvement in validation loss. Early stop counter: 1/10
Epoch [16/1000], Training Loss: 0.2148
Validation Loss: 0.2331
No improvement in validation loss. Early stop counter: 2/10
Epoch [17/1000], Training Loss: 0.2148
Validation Loss: 0.2516
No improvement in validation loss. Early stop counter: 3/10
Epoch [18/1000], Training Loss: 0.2148
Validation Loss: 0.2381
No improvement in validation loss. Early stop counter: 4/10
Epoch [19/1000], Training Loss: 0.2131
Validation Loss: 0.2298
No improvement in validation loss. Early stop counter: 5/10
Epoch [20/1000], Training Loss: 0.2111
Validation Loss: 0.2310
No improvement in validation loss. Early stop counter: 6/10
Epoch [21/1000], Training Loss: 0.2105
Validation Loss: 0.2350
No improvement in validation loss. Early stop counter: 7/10
Epoch [22/1000], Training Loss: 0.2082
Validation Loss: 0.2328
No improvement in validation loss. Early stop counter: 8/10
Epoch [23/1000], Training Loss: 0.2084
Validation Loss: 0.2279
New best model found with validation loss: 0.2279
Epoch [24/1000], Training Loss: 0.2079
Validation Loss: 0.2374
No improvement in validation loss. Early stop counter: 1/10
Epoch [25/1000], Training Loss: 0.2060
Validation Loss: 0.2343
No improvement in validation loss. Early stop counter: 2/10
Epoch [26/1000], Training Loss: 0.2064
Validation Loss: 0.2302
No improvement in validation loss. Early stop counter: 3/10
Epoch [27/1000], Training Loss: 0.2055
Validation Loss: 0.2358
No improvement in validation loss. Early stop counter: 4/10
Epoch [28/1000], Training Loss: 0.2042
Validation Loss: 0.2302
No improvement in validation loss. Early stop counter: 5/10
Epoch [29/1000], Training Loss: 0.2052
Validation Loss: 0.2324
No improvement in validation loss. Early stop counter: 6/10
Epoch [30/1000], Training Loss: 0.2043
Validation Loss: 0.2343
No improvement in validation loss. Early stop counter: 7/10
Epoch [31/1000], Training Loss: 0.2013
Validation Loss: 0.2343
No improvement in validation loss. Early stop counter: 8/10
Epoch [32/1000], Training Loss: 0.2022
Validation Loss: 0.2305
No improvement in validation loss. Early stop counter: 9/10
Epoch [33/1000], Training Loss: 0.2013
Validation Loss: 0.2318
No improvement in validation loss. Early stop counter: 10/10
Early stopping triggered after 33 epochs.
Best model for fold 2 saved successfully.

Starting Fold 3/5...
Initializing ClassificationModel with 2 GAT layers and residual connections...
Initializing MCModel with 2 GAT layers and 1 row attention layers...
Initializing CGModel with 2 GAT layers and residual connections...
Initializing CoreModel with 1 self-attention layers...
Using 4 GPUs with DataParallel.
Epoch [1/1000], Training Loss: 0.2906
Validation Loss: 0.2576
New best model found with validation loss: 0.2576
Epoch [2/1000], Training Loss: 0.2597
Validation Loss: 0.2513
New best model found with validation loss: 0.2513
Epoch [3/1000], Training Loss: 0.2457
Validation Loss: 0.2330
New best model found with validation loss: 0.2330
Epoch [4/1000], Training Loss: 0.2425
