{'batch_size': 4, 'sequence_file': 'padded_sequences_train_3000.npz', 'data_file': 'padded_interfaces_train_3000.npz', 'edge_file': 'padded_edges_train_3000.npz', 'max_len': 3000, 'vocab_size': 23, 'embed_dim': 256, 'num_heads': 16, 'dropout': 0.0, 'num_layers': 1, 'num_gnn_layers': 1, 'num_int_layers': 1, 'num_classes': 2, 'num_epochs': 1000, 'learning_rate': 0.0001, 'max_grad_norm': 0.1, 'validation_split': 0.1, 'early_stop_patience': 10, 'initial_gradient_noise_std': 0.05, 'accumulation_steps': 2}
Number of GPUs available: 4

Starting Fold 1/5...
Initializing ClassificationModel with 1 GAT layers and residual connections...
Initializing MCModel with 1 GAT layers and 1 row attention layers...
Initializing CGModel with 1 GAT layers and residual connections...
Initializing CoreModel with 1 self-attention layers...
Using 4 GPUs with DataParallel.
Epoch [1/1000], Training Loss: 0.6453
Validation Loss: 0.5903
New best model found with validation loss: 0.5903
Epoch [2/1000], Training Loss: 0.5462
Validation Loss: 0.5486
New best model found with validation loss: 0.5486
Epoch [3/1000], Training Loss: 0.5097
Validation Loss: 0.5193
New best model found with validation loss: 0.5193
Epoch [4/1000], Training Loss: 0.4851
Validation Loss: 0.5074
New best model found with validation loss: 0.5074
Epoch [5/1000], Training Loss: 0.4709
Validation Loss: 0.5086
No improvement in validation loss. Early stop counter: 1/10
Epoch [6/1000], Training Loss: 0.4610
Validation Loss: 0.4902
New best model found with validation loss: 0.4902
Epoch [7/1000], Training Loss: 0.4587
Validation Loss: 0.4895
New best model found with validation loss: 0.4895
Epoch [8/1000], Training Loss: 0.4478
Validation Loss: 0.4860
New best model found with validation loss: 0.4860
Epoch [9/1000], Training Loss: 0.4449
Validation Loss: 0.4927
No improvement in validation loss. Early stop counter: 1/10
Epoch [10/1000], Training Loss: 0.4390
Validation Loss: 0.4758
New best model found with validation loss: 0.4758
Epoch [11/1000], Training Loss: 0.4292
Validation Loss: 0.4860
No improvement in validation loss. Early stop counter: 1/10
Epoch [12/1000], Training Loss: 0.4235
Validation Loss: 0.4773
No improvement in validation loss. Early stop counter: 2/10
Epoch [13/1000], Training Loss: 0.4192
Validation Loss: 0.4757
New best model found with validation loss: 0.4757
Epoch [14/1000], Training Loss: 0.4184
Validation Loss: 0.4759
No improvement in validation loss. Early stop counter: 1/10
Epoch [15/1000], Training Loss: 0.4124
Validation Loss: 0.4691
New best model found with validation loss: 0.4691
Epoch [16/1000], Training Loss: 0.4148
Validation Loss: 0.4693
No improvement in validation loss. Early stop counter: 1/10
Epoch [17/1000], Training Loss: 0.4113
Validation Loss: 0.4658
New best model found with validation loss: 0.4658
Epoch [18/1000], Training Loss: 0.4118
Validation Loss: 0.4685
No improvement in validation loss. Early stop counter: 1/10
Epoch [19/1000], Training Loss: 0.4109
Validation Loss: 0.5095
No improvement in validation loss. Early stop counter: 2/10
Epoch [20/1000], Training Loss: 0.4055
Validation Loss: 0.4636
New best model found with validation loss: 0.4636
Epoch [21/1000], Training Loss: 0.3994
Validation Loss: 0.4636
No improvement in validation loss. Early stop counter: 1/10
Epoch [22/1000], Training Loss: 0.3965
Validation Loss: 0.5009
No improvement in validation loss. Early stop counter: 2/10
Epoch [23/1000], Training Loss: 0.3969
Validation Loss: 0.4628
New best model found with validation loss: 0.4628
Epoch [24/1000], Training Loss: 0.3962
Validation Loss: 0.4673
No improvement in validation loss. Early stop counter: 1/10
Epoch [25/1000], Training Loss: 0.3954
Validation Loss: 0.4589
New best model found with validation loss: 0.4589
Epoch [26/1000], Training Loss: 0.3931
Validation Loss: 0.4607
No improvement in validation loss. Early stop counter: 1/10
Epoch [27/1000], Training Loss: 0.3914
Validation Loss: 0.4678
No improvement in validation loss. Early stop counter: 2/10
Epoch [28/1000], Training Loss: 0.3932
Validation Loss: 0.4560
New best model found with validation loss: 0.4560
Epoch [29/1000], Training Loss: 0.3902
Validation Loss: 0.4634
No improvement in validation loss. Early stop counter: 1/10
Epoch [30/1000], Training Loss: 0.3907
Validation Loss: 0.4579
No improvement in validation loss. Early stop counter: 2/10
Epoch [31/1000], Training Loss: 0.3852
Validation Loss: 0.4593
No improvement in validation loss. Early stop counter: 3/10
Epoch [32/1000], Training Loss: 0.3844
Validation Loss: 0.4636
No improvement in validation loss. Early stop counter: 4/10
Epoch [33/1000], Training Loss: 0.3842
Validation Loss: 0.4553
New best model found with validation loss: 0.4553
Epoch [34/1000], Training Loss: 0.3843
Validation Loss: 0.4555
No improvement in validation loss. Early stop counter: 1/10
Epoch [35/1000], Training Loss: 0.3833
Validation Loss: 0.4550
New best model found with validation loss: 0.4550
Epoch [36/1000], Training Loss: 0.3827
Validation Loss: 0.4601
No improvement in validation loss. Early stop counter: 1/10
Epoch [37/1000], Training Loss: 0.3819
Validation Loss: 0.4652
No improvement in validation loss. Early stop counter: 2/10
Epoch [38/1000], Training Loss: 0.3810
Validation Loss: 0.4549
New best model found with validation loss: 0.4549
Epoch [39/1000], Training Loss: 0.3796
Validation Loss: 0.4613
No improvement in validation loss. Early stop counter: 1/10
Epoch [40/1000], Training Loss: 0.3794
Validation Loss: 0.4575
No improvement in validation loss. Early stop counter: 2/10
Epoch [41/1000], Training Loss: 0.3782
Validation Loss: 0.4551
No improvement in validation loss. Early stop counter: 3/10
Epoch [42/1000], Training Loss: 0.3775
Validation Loss: 0.4548
New best model found with validation loss: 0.4548
Epoch [43/1000], Training Loss: 0.3776
Validation Loss: 0.4580
No improvement in validation loss. Early stop counter: 1/10
Epoch [44/1000], Training Loss: 0.3767
Validation Loss: 0.4597
No improvement in validation loss. Early stop counter: 2/10
Epoch [45/1000], Training Loss: 0.3771
Validation Loss: 0.4572
No improvement in validation loss. Early stop counter: 3/10
Epoch [46/1000], Training Loss: 0.3754
Validation Loss: 0.4559
No improvement in validation loss. Early stop counter: 4/10
Epoch [47/1000], Training Loss: 0.3765
Validation Loss: 0.4555
No improvement in validation loss. Early stop counter: 5/10
Epoch [48/1000], Training Loss: 0.3759
Validation Loss: 0.4638
No improvement in validation loss. Early stop counter: 6/10
Epoch [49/1000], Training Loss: 0.3754
Validation Loss: 0.4537
New best model found with validation loss: 0.4537
Epoch [50/1000], Training Loss: 0.3753
Validation Loss: 0.4565
No improvement in validation loss. Early stop counter: 1/10
Epoch [51/1000], Training Loss: 0.3741
Validation Loss: 0.4536
New best model found with validation loss: 0.4536
Epoch [52/1000], Training Loss: 0.3736
Validation Loss: 0.4584
No improvement in validation loss. Early stop counter: 1/10
Epoch [53/1000], Training Loss: 0.3733
Validation Loss: 0.4557
No improvement in validation loss. Early stop counter: 2/10
Epoch [54/1000], Training Loss: 0.3735
Validation Loss: 0.4535
New best model found with validation loss: 0.4535
Epoch [55/1000], Training Loss: 0.3735
Validation Loss: 0.4519
New best model found with validation loss: 0.4519
Epoch [56/1000], Training Loss: 0.3719
Validation Loss: 0.4548
No improvement in validation loss. Early stop counter: 1/10
Epoch [57/1000], Training Loss: 0.3729
Validation Loss: 0.4551
No improvement in validation loss. Early stop counter: 2/10
Epoch [58/1000], Training Loss: 0.3720
Validation Loss: 0.4562
No improvement in validation loss. Early stop counter: 3/10
Epoch [59/1000], Training Loss: 0.3726
Validation Loss: 0.4540
No improvement in validation loss. Early stop counter: 4/10
Epoch [60/1000], Training Loss: 0.3720
Validation Loss: 0.4521
No improvement in validation loss. Early stop counter: 5/10
Epoch [61/1000], Training Loss: 0.3715
Validation Loss: 0.4521
No improvement in validation loss. Early stop counter: 6/10
Epoch [62/1000], Training Loss: 0.3716
Validation Loss: 0.4560
No improvement in validation loss. Early stop counter: 7/10
Epoch [63/1000], Training Loss: 0.3712
Validation Loss: 0.4524
No improvement in validation loss. Early stop counter: 8/10
Epoch [64/1000], Training Loss: 0.3715
Validation Loss: 0.4552
No improvement in validation loss. Early stop counter: 9/10
Epoch [65/1000], Training Loss: 0.3728
Validation Loss: 0.4551
No improvement in validation loss. Early stop counter: 10/10
Early stopping triggered after 65 epochs.
Best model for fold 1 saved successfully.

Starting Fold 2/5...
Initializing ClassificationModel with 1 GAT layers and residual connections...
Initializing MCModel with 1 GAT layers and 1 row attention layers...
Initializing CGModel with 1 GAT layers and residual connections...
Initializing CoreModel with 1 self-attention layers...
Using 4 GPUs with DataParallel.
Epoch [1/1000], Training Loss: 0.6768
Validation Loss: 0.5885
New best model found with validation loss: 0.5885
Epoch [2/1000], Training Loss: 0.5797
Validation Loss: 0.5461
New best model found with validation loss: 0.5461
Epoch [3/1000], Training Loss: 0.5346
Validation Loss: 0.5512
No improvement in validation loss. Early stop counter: 1/10
Epoch [4/1000], Training Loss: 0.5129
Validation Loss: 0.5046
New best model found with validation loss: 0.5046
Epoch [5/1000], Training Loss: 0.5030
Validation Loss: 0.5402
No improvement in validation loss. Early stop counter: 1/10
Epoch [6/1000], Training Loss: 0.4922
Validation Loss: 0.4981
New best model found with validation loss: 0.4981
Epoch [7/1000], Training Loss: 0.4763
Validation Loss: 0.4940
New best model found with validation loss: 0.4940
Epoch [8/1000], Training Loss: 0.4739
Validation Loss: 0.4884
New best model found with validation loss: 0.4884
Epoch [9/1000], Training Loss: 0.4619
Validation Loss: 0.4962
No improvement in validation loss. Early stop counter: 1/10
Epoch [10/1000], Training Loss: 0.4597
Validation Loss: 0.4728
New best model found with validation loss: 0.4728
Epoch [11/1000], Training Loss: 0.4420
Validation Loss: 0.4628
New best model found with validation loss: 0.4628
Epoch [12/1000], Training Loss: 0.4347
Validation Loss: 0.4678
No improvement in validation loss. Early stop counter: 1/10
Epoch [13/1000], Training Loss: 0.4361
Validation Loss: 0.4630
No improvement in validation loss. Early stop counter: 2/10
Epoch [14/1000], Training Loss: 0.4267
Validation Loss: 0.4627
New best model found with validation loss: 0.4627
Epoch [15/1000], Training Loss: 0.4271
Validation Loss: 0.4610
New best model found with validation loss: 0.4610
Epoch [16/1000], Training Loss: 0.4227
Validation Loss: 0.4532
New best model found with validation loss: 0.4532
Epoch [17/1000], Training Loss: 0.4189
Validation Loss: 0.4519
New best model found with validation loss: 0.4519
Epoch [18/1000], Training Loss: 0.4202
Validation Loss: 0.4485
New best model found with validation loss: 0.4485
Epoch [19/1000], Training Loss: 0.4160
Validation Loss: 0.4536
No improvement in validation loss. Early stop counter: 1/10
Epoch [20/1000], Training Loss: 0.4106
Validation Loss: 0.4492
No improvement in validation loss. Early stop counter: 2/10
Epoch [21/1000], Training Loss: 0.4068
Validation Loss: 0.4460
New best model found with validation loss: 0.4460
Epoch [22/1000], Training Loss: 0.4046
Validation Loss: 0.4518
No improvement in validation loss. Early stop counter: 1/10
Epoch [23/1000], Training Loss: 0.4046
Validation Loss: 0.4457
New best model found with validation loss: 0.4457
Epoch [24/1000], Training Loss: 0.4046
Validation Loss: 0.4469
No improvement in validation loss. Early stop counter: 1/10
Epoch [25/1000], Training Loss: 0.4040
Validation Loss: 0.4433
New best model found with validation loss: 0.4433
Epoch [26/1000], Training Loss: 0.4010
Validation Loss: 0.4451
No improvement in validation loss. Early stop counter: 1/10
Epoch [27/1000], Training Loss: 0.3985
Validation Loss: 0.4474
No improvement in validation loss. Early stop counter: 2/10
Epoch [28/1000], Training Loss: 0.3988
Validation Loss: 0.4425
New best model found with validation loss: 0.4425
Epoch [29/1000], Training Loss: 0.3977
Validation Loss: 0.4430
No improvement in validation loss. Early stop counter: 1/10
Epoch [30/1000], Training Loss: 0.3976
Validation Loss: 0.4437
No improvement in validation loss. Early stop counter: 2/10
Epoch [31/1000], Training Loss: 0.3917
Validation Loss: 0.4429
No improvement in validation loss. Early stop counter: 3/10
Epoch [32/1000], Training Loss: 0.3942
Validation Loss: 0.4414
New best model found with validation loss: 0.4414
Epoch [33/1000], Training Loss: 0.3928
Validation Loss: 0.4419
No improvement in validation loss. Early stop counter: 1/10
Epoch [34/1000], Training Loss: 0.3917
Validation Loss: 0.4457
No improvement in validation loss. Early stop counter: 2/10
Epoch [35/1000], Training Loss: 0.3904
Validation Loss: 0.4481
No improvement in validation loss. Early stop counter: 3/10
Epoch [36/1000], Training Loss: 0.3914
Validation Loss: 0.4427
No improvement in validation loss. Early stop counter: 4/10
Epoch [37/1000], Training Loss: 0.3893
Validation Loss: 0.4474
No improvement in validation loss. Early stop counter: 5/10
Epoch [38/1000], Training Loss: 0.3894
Validation Loss: 0.4415
No improvement in validation loss. Early stop counter: 6/10
Epoch [39/1000], Training Loss: 0.3897
Validation Loss: 0.4408
New best model found with validation loss: 0.4408
Epoch [40/1000], Training Loss: 0.3882
Validation Loss: 0.4437
No improvement in validation loss. Early stop counter: 1/10
Epoch [41/1000], Training Loss: 0.3861
Validation Loss: 0.4431
No improvement in validation loss. Early stop counter: 2/10
Epoch [42/1000], Training Loss: 0.3881
Validation Loss: 0.4477
No improvement in validation loss. Early stop counter: 3/10
Epoch [43/1000], Training Loss: 0.3846
Validation Loss: 0.4504
No improvement in validation loss. Early stop counter: 4/10
Epoch [44/1000], Training Loss: 0.3886
Validation Loss: 0.4424
No improvement in validation loss. Early stop counter: 5/10
Epoch [45/1000], Training Loss: 0.3855
Validation Loss: 0.4417
No improvement in validation loss. Early stop counter: 6/10
Epoch [46/1000], Training Loss: 0.3852
Validation Loss: 0.4422
No improvement in validation loss. Early stop counter: 7/10
Epoch [47/1000], Training Loss: 0.3856
Validation Loss: 0.4421
No improvement in validation loss. Early stop counter: 8/10
Epoch [48/1000], Training Loss: 0.3836
Validation Loss: 0.4419
No improvement in validation loss. Early stop counter: 9/10
Epoch [49/1000], Training Loss: 0.3849
Validation Loss: 0.4438
No improvement in validation loss. Early stop counter: 10/10
Early stopping triggered after 49 epochs.
Best model for fold 2 saved successfully.

Starting Fold 3/5...
Initializing ClassificationModel with 1 GAT layers and residual connections...
Initializing MCModel with 1 GAT layers and 1 row attention layers...
Initializing CGModel with 1 GAT layers and residual connections...
Initializing CoreModel with 1 self-attention layers...
Using 4 GPUs with DataParallel.
Epoch [1/1000], Training Loss: 0.6681
Validation Loss: 0.5904
New best model found with validation loss: 0.5904
Epoch [2/1000], Training Loss: 0.5991
Validation Loss: 0.5668
New best model found with validation loss: 0.5668
Epoch [3/1000], Training Loss: 0.5553
Validation Loss: 0.5349
New best model found with validation loss: 0.5349
Epoch [4/1000], Training Loss: 0.5292
Validation Loss: 0.5235
New best model found with validation loss: 0.5235
Epoch [5/1000], Training Loss: 0.5105
Validation Loss: 0.5002
New best model found with validation loss: 0.5002
Epoch [6/1000], Training Loss: 0.4987
Validation Loss: 0.4927
New best model found with validation loss: 0.4927
Epoch [7/1000], Training Loss: 0.4915
Validation Loss: 0.4769
New best model found with validation loss: 0.4769
Epoch [8/1000], Training Loss: 0.4759
Validation Loss: 0.4885
No improvement in validation loss. Early stop counter: 1/10
Epoch [9/1000], Training Loss: 0.4674
Validation Loss: 0.4596
New best model found with validation loss: 0.4596
Epoch [10/1000], Training Loss: 0.4594
Validation Loss: 0.4634
No improvement in validation loss. Early stop counter: 1/10
Epoch [11/1000], Training Loss: 0.4469
Validation Loss: 0.4541
New best model found with validation loss: 0.4541
Epoch [12/1000], Training Loss: 0.4436
Validation Loss: 0.4485
New best model found with validation loss: 0.4485
Epoch [13/1000], Training Loss: 0.4384
Validation Loss: 0.4553
No improvement in validation loss. Early stop counter: 1/10
Epoch [14/1000], Training Loss: 0.4380
Validation Loss: 0.4447
New best model found with validation loss: 0.4447
Epoch [15/1000], Training Loss: 0.4356
Validation Loss: 0.4461
No improvement in validation loss. Early stop counter: 1/10
Epoch [16/1000], Training Loss: 0.4338
Validation Loss: 0.4709
No improvement in validation loss. Early stop counter: 2/10
Epoch [17/1000], Training Loss: 0.4277
Validation Loss: 0.4559
No improvement in validation loss. Early stop counter: 3/10
Epoch [18/1000], Training Loss: 0.4275
Validation Loss: 0.4467
No improvement in validation loss. Early stop counter: 4/10
Epoch [19/1000], Training Loss: 0.4219
Validation Loss: 0.4398
New best model found with validation loss: 0.4398
Epoch [20/1000], Training Loss: 0.4221
Validation Loss: 0.4490
No improvement in validation loss. Early stop counter: 1/10
Epoch [21/1000], Training Loss: 0.4158
Validation Loss: 0.4394
New best model found with validation loss: 0.4394
Epoch [22/1000], Training Loss: 0.4193
Validation Loss: 0.4381
New best model found with validation loss: 0.4381
Epoch [23/1000], Training Loss: 0.4150
Validation Loss: 0.4330
New best model found with validation loss: 0.4330
Epoch [24/1000], Training Loss: 0.4129
Validation Loss: 0.4357
No improvement in validation loss. Early stop counter: 1/10
Epoch [25/1000], Training Loss: 0.4128
Validation Loss: 0.4339
No improvement in validation loss. Early stop counter: 2/10
Epoch [26/1000], Training Loss: 0.4126
Validation Loss: 0.4468
No improvement in validation loss. Early stop counter: 3/10
Epoch [27/1000], Training Loss: 0.4106
Validation Loss: 0.4301
New best model found with validation loss: 0.4301
Epoch [28/1000], Training Loss: 0.4088
Validation Loss: 0.4309
No improvement in validation loss. Early stop counter: 1/10
Epoch [29/1000], Training Loss: 0.4087
Validation Loss: 0.4330
No improvement in validation loss. Early stop counter: 2/10
Epoch [30/1000], Training Loss: 0.4073
Validation Loss: 0.4325
No improvement in validation loss. Early stop counter: 3/10
Epoch [31/1000], Training Loss: 0.4062
Validation Loss: 0.4303
No improvement in validation loss. Early stop counter: 4/10
Epoch [32/1000], Training Loss: 0.4029
Validation Loss: 0.4275
New best model found with validation loss: 0.4275
Epoch [33/1000], Training Loss: 0.4031
Validation Loss: 0.4272
New best model found with validation loss: 0.4272
Epoch [34/1000], Training Loss: 0.4035
Validation Loss: 0.4352
No improvement in validation loss. Early stop counter: 1/10
Epoch [35/1000], Training Loss: 0.4027
Validation Loss: 0.4259
New best model found with validation loss: 0.4259
Epoch [36/1000], Training Loss: 0.4021
Validation Loss: 0.4247
New best model found with validation loss: 0.4247
Epoch [37/1000], Training Loss: 0.4004
Validation Loss: 0.4241
New best model found with validation loss: 0.4241
Epoch [38/1000], Training Loss: 0.3990
Validation Loss: 0.4233
New best model found with validation loss: 0.4233
Epoch [39/1000], Training Loss: 0.3988
Validation Loss: 0.4219
New best model found with validation loss: 0.4219
Epoch [40/1000], Training Loss: 0.3971
Validation Loss: 0.4234
No improvement in validation loss. Early stop counter: 1/10
Epoch [41/1000], Training Loss: 0.3969
Validation Loss: 0.4222
No improvement in validation loss. Early stop counter: 2/10
Epoch [42/1000], Training Loss: 0.3959
Validation Loss: 0.4213
New best model found with validation loss: 0.4213
Epoch [43/1000], Training Loss: 0.3971
Validation Loss: 0.4212
New best model found with validation loss: 0.4212
Epoch [44/1000], Training Loss: 0.3948
Validation Loss: 0.4205
New best model found with validation loss: 0.4205
Epoch [45/1000], Training Loss: 0.3954
Validation Loss: 0.4165
New best model found with validation loss: 0.4165
Epoch [46/1000], Training Loss: 0.3949
Validation Loss: 0.4205
No improvement in validation loss. Early stop counter: 1/10
Epoch [47/1000], Training Loss: 0.3951
Validation Loss: 0.4216
No improvement in validation loss. Early stop counter: 2/10
Epoch [48/1000], Training Loss: 0.3939
Validation Loss: 0.4191
No improvement in validation loss. Early stop counter: 3/10
Epoch [49/1000], Training Loss: 0.3936
Validation Loss: 0.4167
No improvement in validation loss. Early stop counter: 4/10
Epoch [50/1000], Training Loss: 0.3931
Validation Loss: 0.4175
No improvement in validation loss. Early stop counter: 5/10
Epoch [51/1000], Training Loss: 0.3925
Validation Loss: 0.4170
No improvement in validation loss. Early stop counter: 6/10
Epoch [52/1000], Training Loss: 0.3915
Validation Loss: 0.4174
No improvement in validation loss. Early stop counter: 7/10
Epoch [53/1000], Training Loss: 0.3912
Validation Loss: 0.4164
New best model found with validation loss: 0.4164
Epoch [54/1000], Training Loss: 0.3937
Validation Loss: 0.4165
No improvement in validation loss. Early stop counter: 1/10
Epoch [55/1000], Training Loss: 0.3927
Validation Loss: 0.4170
No improvement in validation loss. Early stop counter: 2/10
Epoch [56/1000], Training Loss: 0.3915
Validation Loss: 0.4169
No improvement in validation loss. Early stop counter: 3/10
Epoch [57/1000], Training Loss: 0.3899
Validation Loss: 0.4162
New best model found with validation loss: 0.4162
Epoch [58/1000], Training Loss: 0.3921
Validation Loss: 0.4173
No improvement in validation loss. Early stop counter: 1/10
Epoch [59/1000], Training Loss: 0.3901
Validation Loss: 0.4179
No improvement in validation loss. Early stop counter: 2/10
Epoch [60/1000], Training Loss: 0.3908
Validation Loss: 0.4167
No improvement in validation loss. Early stop counter: 3/10
Epoch [61/1000], Training Loss: 0.3895
Validation Loss: 0.4159
New best model found with validation loss: 0.4159
Epoch [62/1000], Training Loss: 0.3909
Validation Loss: 0.4160
No improvement in validation loss. Early stop counter: 1/10
Epoch [63/1000], Training Loss: 0.3909
Validation Loss: 0.4157
New best model found with validation loss: 0.4157
Epoch [64/1000], Training Loss: 0.3900
Validation Loss: 0.4157
No improvement in validation loss. Early stop counter: 1/10
Epoch [65/1000], Training Loss: 0.3889
Validation Loss: 0.4156
New best model found with validation loss: 0.4156
Epoch [66/1000], Training Loss: 0.3908
Validation Loss: 0.4165
No improvement in validation loss. Early stop counter: 1/10
Epoch [67/1000], Training Loss: 0.3898
Validation Loss: 0.4157
No improvement in validation loss. Early stop counter: 2/10
Epoch [68/1000], Training Loss: 0.3899
Validation Loss: 0.4153
New best model found with validation loss: 0.4153
Epoch [69/1000], Training Loss: 0.3899
Validation Loss: 0.4173
No improvement in validation loss. Early stop counter: 1/10
Epoch [70/1000], Training Loss: 0.3911
Validation Loss: 0.4150
New best model found with validation loss: 0.4150
Epoch [71/1000], Training Loss: 0.3898
Validation Loss: 0.4153
No improvement in validation loss. Early stop counter: 1/10
Epoch [72/1000], Training Loss: 0.3897
Validation Loss: 0.4149
New best model found with validation loss: 0.4149
Epoch [73/1000], Training Loss: 0.3912
Validation Loss: 0.4150
No improvement in validation loss. Early stop counter: 1/10
Epoch [74/1000], Training Loss: 0.3897
Validation Loss: 0.4147
New best model found with validation loss: 0.4147
Epoch [75/1000], Training Loss: 0.3893
Validation Loss: 0.4153
No improvement in validation loss. Early stop counter: 1/10
Epoch [76/1000], Training Loss: 0.3885
Validation Loss: 0.4158
No improvement in validation loss. Early stop counter: 2/10
Epoch [77/1000], Training Loss: 0.3892
Validation Loss: 0.4148
No improvement in validation loss. Early stop counter: 3/10
Epoch [78/1000], Training Loss: 0.3886
Validation Loss: 0.4151
No improvement in validation loss. Early stop counter: 4/10
Epoch [79/1000], Training Loss: 0.3892
Validation Loss: 0.4149
No improvement in validation loss. Early stop counter: 5/10
Epoch [80/1000], Training Loss: 0.3889
Validation Loss: 0.4145
New best model found with validation loss: 0.4145
Epoch [81/1000], Training Loss: 0.3893
Validation Loss: 0.4149
No improvement in validation loss. Early stop counter: 1/10
Epoch [82/1000], Training Loss: 0.3881
Validation Loss: 0.4149
No improvement in validation loss. Early stop counter: 2/10
Epoch [83/1000], Training Loss: 0.3888
Validation Loss: 0.4150
No improvement in validation loss. Early stop counter: 3/10
Epoch [84/1000], Training Loss: 0.3890
Validation Loss: 0.4149
No improvement in validation loss. Early stop counter: 4/10
Epoch [85/1000], Training Loss: 0.3886
Validation Loss: 0.4150
No improvement in validation loss. Early stop counter: 5/10
Epoch [86/1000], Training Loss: 0.3891
Validation Loss: 0.4148
No improvement in validation loss. Early stop counter: 6/10
Epoch [87/1000], Training Loss: 0.3892
Validation Loss: 0.4146
No improvement in validation loss. Early stop counter: 7/10
Epoch [88/1000], Training Loss: 0.3887
Validation Loss: 0.4148
No improvement in validation loss. Early stop counter: 8/10
Epoch [89/1000], Training Loss: 0.3884
Validation Loss: 0.4147
No improvement in validation loss. Early stop counter: 9/10
Epoch [90/1000], Training Loss: 0.3896
Validation Loss: 0.4146
No improvement in validation loss. Early stop counter: 10/10
Early stopping triggered after 90 epochs.
Best model for fold 3 saved successfully.

Starting Fold 4/5...
Initializing ClassificationModel with 1 GAT layers and residual connections...
Initializing MCModel with 1 GAT layers and 1 row attention layers...
Initializing CGModel with 1 GAT layers and residual connections...
Initializing CoreModel with 1 self-attention layers...
Using 4 GPUs with DataParallel.
Epoch [1/1000], Training Loss: 0.6799
Validation Loss: 0.6011
New best model found with validation loss: 0.6011
Epoch [2/1000], Training Loss: 0.5679
Validation Loss: 0.5505
New best model found with validation loss: 0.5505
Epoch [3/1000], Training Loss: 0.5305
Validation Loss: 0.5375
New best model found with validation loss: 0.5375
Epoch [4/1000], Training Loss: 0.5176
Validation Loss: 0.5497
No improvement in validation loss. Early stop counter: 1/10
Epoch [5/1000], Training Loss: 0.4977
Validation Loss: 0.5172
New best model found with validation loss: 0.5172
Epoch [6/1000], Training Loss: 0.4853
Validation Loss: 0.5237
No improvement in validation loss. Early stop counter: 1/10
Epoch [7/1000], Training Loss: 0.4761
Validation Loss: 0.5038
New best model found with validation loss: 0.5038
Epoch [8/1000], Training Loss: 0.4722
Validation Loss: 0.4774
New best model found with validation loss: 0.4774
Epoch [9/1000], Training Loss: 0.4538
Validation Loss: 0.4964
No improvement in validation loss. Early stop counter: 1/10
Epoch [10/1000], Training Loss: 0.4542
Validation Loss: 0.4776
No improvement in validation loss. Early stop counter: 2/10
Epoch [11/1000], Training Loss: 0.4388
Validation Loss: 0.4700
New best model found with validation loss: 0.4700
Epoch [12/1000], Training Loss: 0.4326
Validation Loss: 0.4631
New best model found with validation loss: 0.4631
Epoch [13/1000], Training Loss: 0.4290
Validation Loss: 0.4620
New best model found with validation loss: 0.4620
Epoch [14/1000], Training Loss: 0.4265
Validation Loss: 0.4574
New best model found with validation loss: 0.4574
Epoch [15/1000], Training Loss: 0.4209
Validation Loss: 0.4557
New best model found with validation loss: 0.4557
Epoch [16/1000], Training Loss: 0.4195
Validation Loss: 0.4675
No improvement in validation loss. Early stop counter: 1/10
Epoch [17/1000], Training Loss: 0.4222
Validation Loss: 0.4525
New best model found with validation loss: 0.4525
Epoch [18/1000], Training Loss: 0.4162
Validation Loss: 0.4766
No improvement in validation loss. Early stop counter: 1/10
Epoch [19/1000], Training Loss: 0.4152
Validation Loss: 0.4531
No improvement in validation loss. Early stop counter: 2/10
Epoch [20/1000], Training Loss: 0.4103
Validation Loss: 0.4717
No improvement in validation loss. Early stop counter: 3/10
Epoch [21/1000], Training Loss: 0.4058
Validation Loss: 0.4461
New best model found with validation loss: 0.4461
Epoch [22/1000], Training Loss: 0.4060
Validation Loss: 0.4466
No improvement in validation loss. Early stop counter: 1/10
Epoch [23/1000], Training Loss: 0.4021
Validation Loss: 0.4450
New best model found with validation loss: 0.4450
Epoch [24/1000], Training Loss: 0.3992
Validation Loss: 0.4486
No improvement in validation loss. Early stop counter: 1/10
Epoch [25/1000], Training Loss: 0.3995
Validation Loss: 0.4429
New best model found with validation loss: 0.4429
Epoch [26/1000], Training Loss: 0.3972
Validation Loss: 0.4467
No improvement in validation loss. Early stop counter: 1/10
Epoch [27/1000], Training Loss: 0.3959
Validation Loss: 0.4642
No improvement in validation loss. Early stop counter: 2/10
Epoch [28/1000], Training Loss: 0.3981
Validation Loss: 0.4473
No improvement in validation loss. Early stop counter: 3/10
Epoch [29/1000], Training Loss: 0.3980
Validation Loss: 0.4483
No improvement in validation loss. Early stop counter: 4/10
Epoch [30/1000], Training Loss: 0.3951
Validation Loss: 0.4484
No improvement in validation loss. Early stop counter: 5/10
Epoch [31/1000], Training Loss: 0.3902
Validation Loss: 0.4455
No improvement in validation loss. Early stop counter: 6/10
Epoch [32/1000], Training Loss: 0.3897
Validation Loss: 0.4501
No improvement in validation loss. Early stop counter: 7/10
Epoch [33/1000], Training Loss: 0.3887
Validation Loss: 0.4437
No improvement in validation loss. Early stop counter: 8/10
Epoch [34/1000], Training Loss: 0.3867
Validation Loss: 0.4402
New best model found with validation loss: 0.4402
Epoch [35/1000], Training Loss: 0.3860
Validation Loss: 0.4440
No improvement in validation loss. Early stop counter: 1/10
Epoch [36/1000], Training Loss: 0.3865
Validation Loss: 0.4441
No improvement in validation loss. Early stop counter: 2/10
Epoch [37/1000], Training Loss: 0.3863
Validation Loss: 0.4411
No improvement in validation loss. Early stop counter: 3/10
Epoch [38/1000], Training Loss: 0.3839
Validation Loss: 0.4429
No improvement in validation loss. Early stop counter: 4/10
Epoch [39/1000], Training Loss: 0.3844
Validation Loss: 0.4403
No improvement in validation loss. Early stop counter: 5/10
Epoch [40/1000], Training Loss: 0.3845
Validation Loss: 0.4400
New best model found with validation loss: 0.4400
Epoch [41/1000], Training Loss: 0.3824
Validation Loss: 0.4466
No improvement in validation loss. Early stop counter: 1/10
Epoch [42/1000], Training Loss: 0.3821
Validation Loss: 0.4400
No improvement in validation loss. Early stop counter: 2/10
Epoch [43/1000], Training Loss: 0.3810
Validation Loss: 0.4530
No improvement in validation loss. Early stop counter: 3/10
Epoch [44/1000], Training Loss: 0.3815
Validation Loss: 0.4429
No improvement in validation loss. Early stop counter: 4/10
Epoch [45/1000], Training Loss: 0.3801
Validation Loss: 0.4431
No improvement in validation loss. Early stop counter: 5/10
Epoch [46/1000], Training Loss: 0.3818
Validation Loss: 0.4413
No improvement in validation loss. Early stop counter: 6/10
Epoch [47/1000], Training Loss: 0.3789
Validation Loss: 0.4425
No improvement in validation loss. Early stop counter: 7/10
Epoch [48/1000], Training Loss: 0.3812
Validation Loss: 0.4476
No improvement in validation loss. Early stop counter: 8/10
Epoch [49/1000], Training Loss: 0.3795
Validation Loss: 0.4423
No improvement in validation loss. Early stop counter: 9/10
Epoch [50/1000], Training Loss: 0.3796
Validation Loss: 0.4450
No improvement in validation loss. Early stop counter: 10/10
Early stopping triggered after 50 epochs.
Best model for fold 4 saved successfully.

Starting Fold 5/5...
Initializing ClassificationModel with 1 GAT layers and residual connections...
Initializing MCModel with 1 GAT layers and 1 row attention layers...
Initializing CGModel with 1 GAT layers and residual connections...
Initializing CoreModel with 1 self-attention layers...
Using 4 GPUs with DataParallel.
Epoch [1/1000], Training Loss: 0.6899
Validation Loss: 0.6311
New best model found with validation loss: 0.6311
Epoch [2/1000], Training Loss: 0.6116
Validation Loss: 0.5763
New best model found with validation loss: 0.5763
Epoch [3/1000], Training Loss: 0.5363
Validation Loss: 0.5179
New best model found with validation loss: 0.5179
Epoch [4/1000], Training Loss: 0.5120
Validation Loss: 0.5102
New best model found with validation loss: 0.5102
Epoch [5/1000], Training Loss: 0.5037
Validation Loss: 0.5221
No improvement in validation loss. Early stop counter: 1/10
Epoch [6/1000], Training Loss: 0.4898
Validation Loss: 0.4795
New best model found with validation loss: 0.4795
Epoch [7/1000], Training Loss: 0.4874
Validation Loss: 0.4866
No improvement in validation loss. Early stop counter: 1/10
Epoch [8/1000], Training Loss: 0.4724
Validation Loss: 0.4680
New best model found with validation loss: 0.4680
Epoch [9/1000], Training Loss: 0.4611
Validation Loss: 0.4933
No improvement in validation loss. Early stop counter: 1/10
Epoch [10/1000], Training Loss: 0.4571
Validation Loss: 0.4591
New best model found with validation loss: 0.4591
Epoch [11/1000], Training Loss: 0.4482
Validation Loss: 0.4578
New best model found with validation loss: 0.4578
Epoch [12/1000], Training Loss: 0.4398
Validation Loss: 0.4499
New best model found with validation loss: 0.4499
Epoch [13/1000], Training Loss: 0.4366
Validation Loss: 0.4513
No improvement in validation loss. Early stop counter: 1/10
Epoch [14/1000], Training Loss: 0.4342
Validation Loss: 0.4509
No improvement in validation loss. Early stop counter: 2/10
Epoch [15/1000], Training Loss: 0.4311
Validation Loss: 0.4461
New best model found with validation loss: 0.4461
Epoch [16/1000], Training Loss: 0.4282
Validation Loss: 0.4462
No improvement in validation loss. Early stop counter: 1/10
Epoch [17/1000], Training Loss: 0.4264
Validation Loss: 0.4420
New best model found with validation loss: 0.4420
Epoch [18/1000], Training Loss: 0.4226
Validation Loss: 0.4397
New best model found with validation loss: 0.4397
Epoch [19/1000], Training Loss: 0.4222
Validation Loss: 0.4569
No improvement in validation loss. Early stop counter: 1/10
Epoch [20/1000], Training Loss: 0.4219
Validation Loss: 0.4471
No improvement in validation loss. Early stop counter: 2/10
Epoch [21/1000], Training Loss: 0.4117
Validation Loss: 0.4391
New best model found with validation loss: 0.4391
Epoch [22/1000], Training Loss: 0.4122
Validation Loss: 0.4379
New best model found with validation loss: 0.4379
Epoch [23/1000], Training Loss: 0.4106
Validation Loss: 0.4351
New best model found with validation loss: 0.4351
Epoch [24/1000], Training Loss: 0.4107
Validation Loss: 0.4361
No improvement in validation loss. Early stop counter: 1/10
Epoch [25/1000], Training Loss: 0.4094
Validation Loss: 0.4367
No improvement in validation loss. Early stop counter: 2/10
Epoch [26/1000], Training Loss: 0.4098
Validation Loss: 0.4375
No improvement in validation loss. Early stop counter: 3/10
Epoch [27/1000], Training Loss: 0.4075
Validation Loss: 0.4584
No improvement in validation loss. Early stop counter: 4/10
Epoch [28/1000], Training Loss: 0.4093
Validation Loss: 0.4315
New best model found with validation loss: 0.4315
Epoch [29/1000], Training Loss: 0.4076
Validation Loss: 0.4322
No improvement in validation loss. Early stop counter: 1/10
Epoch [30/1000], Training Loss: 0.4051
Validation Loss: 0.4299
New best model found with validation loss: 0.4299
Epoch [31/1000], Training Loss: 0.4019
Validation Loss: 0.4314
No improvement in validation loss. Early stop counter: 1/10
Epoch [32/1000], Training Loss: 0.4010
Validation Loss: 0.4296
New best model found with validation loss: 0.4296
Epoch [33/1000], Training Loss: 0.4001
Validation Loss: 0.4449
No improvement in validation loss. Early stop counter: 1/10
Epoch [34/1000], Training Loss: 0.3985
Validation Loss: 0.4361
No improvement in validation loss. Early stop counter: 2/10
Epoch [35/1000], Training Loss: 0.3978
Validation Loss: 0.4308
No improvement in validation loss. Early stop counter: 3/10
Epoch [36/1000], Training Loss: 0.3992
Validation Loss: 0.4324
No improvement in validation loss. Early stop counter: 4/10
Epoch [37/1000], Training Loss: 0.3971
Validation Loss: 0.4307
No improvement in validation loss. Early stop counter: 5/10
Epoch [38/1000], Training Loss: 0.3991
Validation Loss: 0.4284
New best model found with validation loss: 0.4284
Epoch [39/1000], Training Loss: 0.3964
Validation Loss: 0.4282
New best model found with validation loss: 0.4282
Epoch [40/1000], Training Loss: 0.3960
Validation Loss: 0.4301
No improvement in validation loss. Early stop counter: 1/10
Epoch [41/1000], Training Loss: 0.3950
Validation Loss: 0.4264
New best model found with validation loss: 0.4264
Epoch [42/1000], Training Loss: 0.3931
Validation Loss: 0.4307
No improvement in validation loss. Early stop counter: 1/10
Epoch [43/1000], Training Loss: 0.3934
Validation Loss: 0.4311
No improvement in validation loss. Early stop counter: 2/10
Epoch [44/1000], Training Loss: 0.3922
Validation Loss: 0.4317
No improvement in validation loss. Early stop counter: 3/10
Epoch [45/1000], Training Loss: 0.3915
Validation Loss: 0.4307
No improvement in validation loss. Early stop counter: 4/10
Epoch [46/1000], Training Loss: 0.3912
Validation Loss: 0.4274
No improvement in validation loss. Early stop counter: 5/10
Epoch [47/1000], Training Loss: 0.3914
Validation Loss: 0.4317
No improvement in validation loss. Early stop counter: 6/10
Epoch [48/1000], Training Loss: 0.3918
Validation Loss: 0.4315
No improvement in validation loss. Early stop counter: 7/10
Epoch [49/1000], Training Loss: 0.3907
Validation Loss: 0.4317
No improvement in validation loss. Early stop counter: 8/10
Epoch [50/1000], Training Loss: 0.3915
Validation Loss: 0.4298
No improvement in validation loss. Early stop counter: 9/10
Epoch [51/1000], Training Loss: 0.3891
Validation Loss: 0.4297
No improvement in validation loss. Early stop counter: 10/10
Early stopping triggered after 51 epochs.
Best model for fold 5 saved successfully.

Cross-validation results:
Fold 1: Validation Loss = 0.4519
Fold 2: Validation Loss = 0.4408
Fold 3: Validation Loss = 0.4145
Fold 4: Validation Loss = 0.4400
Fold 5: Validation Loss = 0.4264
Average Validation Loss: 0.4347
