{'batch_size': 4, 'sequence_file': 'padded_sequences_train_3000.npz', 'data_file': 'padded_interfaces_train_3000.npz', 'edge_file': 'padded_edges_train_3000.npz', 'max_len': 3000, 'vocab_size': 23, 'embed_dim': 256, 'num_heads': 16, 'dropout': 0.2, 'num_layers': 1, 'num_gnn_layers': 1, 'num_int_layers': 1, 'num_classes': 2, 'num_epochs': 1000, 'learning_rate': 0.0001, 'max_grad_norm': 0.1, 'validation_split': 0.1, 'early_stop_patience': 10, 'initial_gradient_noise_std': 0.05, 'accumulation_steps': 2}
Number of GPUs available: 4

Starting Fold 1/5...
Initializing ClassificationModel with 1 GAT layers and residual connections...
Initializing MCModel with 1 GAT layers and 1 row attention layers...
Initializing CGModel with 1 GAT layers and residual connections...
Initializing CoreModel with 1 self-attention layers...
Using 4 GPUs with DataParallel.
Epoch [1/1000], Training Loss: 0.6783
Validation Loss: 0.6086
New best model found with validation loss: 0.6086
Epoch [2/1000], Training Loss: 0.6186
Validation Loss: 0.6090
No improvement in validation loss. Early stop counter: 1/10
Epoch [3/1000], Training Loss: 0.5950
Validation Loss: 0.5705
New best model found with validation loss: 0.5705
Epoch [4/1000], Training Loss: 0.5680
Validation Loss: 0.5831
No improvement in validation loss. Early stop counter: 1/10
Epoch [5/1000], Training Loss: 0.5431
Validation Loss: 0.5498
New best model found with validation loss: 0.5498
Epoch [6/1000], Training Loss: 0.5324
Validation Loss: 0.5455
New best model found with validation loss: 0.5455
Epoch [7/1000], Training Loss: 0.5196
Validation Loss: 0.5302
New best model found with validation loss: 0.5302
Epoch [8/1000], Training Loss: 0.5064
Validation Loss: 0.5258
New best model found with validation loss: 0.5258
Epoch [9/1000], Training Loss: 0.4943
Validation Loss: 0.5245
New best model found with validation loss: 0.5245
Epoch [10/1000], Training Loss: 0.4836
Validation Loss: 0.5164
New best model found with validation loss: 0.5164
Epoch [11/1000], Training Loss: 0.4742
Validation Loss: 0.5396
No improvement in validation loss. Early stop counter: 1/10
Epoch [12/1000], Training Loss: 0.4678
Validation Loss: 0.5085
New best model found with validation loss: 0.5085
Epoch [13/1000], Training Loss: 0.4654
Validation Loss: 0.5241
No improvement in validation loss. Early stop counter: 1/10
Epoch [14/1000], Training Loss: 0.4586
Validation Loss: 0.5088
No improvement in validation loss. Early stop counter: 2/10
Epoch [15/1000], Training Loss: 0.4566
Validation Loss: 0.5058
New best model found with validation loss: 0.5058
Epoch [16/1000], Training Loss: 0.4535
Validation Loss: 0.4849
New best model found with validation loss: 0.4849
Epoch [17/1000], Training Loss: 0.4531
Validation Loss: 0.4908
No improvement in validation loss. Early stop counter: 1/10
Epoch [18/1000], Training Loss: 0.4515
Validation Loss: 0.4819
New best model found with validation loss: 0.4819
Epoch [19/1000], Training Loss: 0.4481
Validation Loss: 0.4872
No improvement in validation loss. Early stop counter: 1/10
Epoch [20/1000], Training Loss: 0.4483
Validation Loss: 0.5195
No improvement in validation loss. Early stop counter: 2/10
Epoch [21/1000], Training Loss: 0.4375
Validation Loss: 0.5108
No improvement in validation loss. Early stop counter: 3/10
Epoch [22/1000], Training Loss: 0.4374
Validation Loss: 0.4975
No improvement in validation loss. Early stop counter: 4/10
Epoch [23/1000], Training Loss: 0.4369
Validation Loss: 0.4843
No improvement in validation loss. Early stop counter: 5/10
Epoch [24/1000], Training Loss: 0.4325
Validation Loss: 0.4964
No improvement in validation loss. Early stop counter: 6/10
Epoch [25/1000], Training Loss: 0.4333
Validation Loss: 0.4862
No improvement in validation loss. Early stop counter: 7/10
Epoch [26/1000], Training Loss: 0.4296
Validation Loss: 0.4695
New best model found with validation loss: 0.4695
Epoch [27/1000], Training Loss: 0.4310
Validation Loss: 0.4743
No improvement in validation loss. Early stop counter: 1/10
Epoch [28/1000], Training Loss: 0.4323
Validation Loss: 0.4726
No improvement in validation loss. Early stop counter: 2/10
Epoch [29/1000], Training Loss: 0.4270
Validation Loss: 0.4673
New best model found with validation loss: 0.4673
Epoch [30/1000], Training Loss: 0.4271
Validation Loss: 0.4859
No improvement in validation loss. Early stop counter: 1/10
Epoch [31/1000], Training Loss: 0.4252
Validation Loss: 0.4756
No improvement in validation loss. Early stop counter: 2/10
Epoch [32/1000], Training Loss: 0.4240
Validation Loss: 0.4931
No improvement in validation loss. Early stop counter: 3/10
Epoch [33/1000], Training Loss: 0.4247
Validation Loss: 0.4700
No improvement in validation loss. Early stop counter: 4/10
Epoch [34/1000], Training Loss: 0.4239
Validation Loss: 0.4703
No improvement in validation loss. Early stop counter: 5/10
Epoch [35/1000], Training Loss: 0.4229
Validation Loss: 0.4970
No improvement in validation loss. Early stop counter: 6/10
Epoch [36/1000], Training Loss: 0.4222
Validation Loss: 0.4789
No improvement in validation loss. Early stop counter: 7/10
Epoch [37/1000], Training Loss: 0.4213
Validation Loss: 0.4778
No improvement in validation loss. Early stop counter: 8/10
Epoch [38/1000], Training Loss: 0.4218
Validation Loss: 0.4709
No improvement in validation loss. Early stop counter: 9/10
Epoch [39/1000], Training Loss: 0.4193
Validation Loss: 0.4761
No improvement in validation loss. Early stop counter: 10/10
Early stopping triggered after 39 epochs.
Best model for fold 1 saved successfully.

Starting Fold 2/5...
Initializing ClassificationModel with 1 GAT layers and residual connections...
Initializing MCModel with 1 GAT layers and 1 row attention layers...
Initializing CGModel with 1 GAT layers and residual connections...
Initializing CoreModel with 1 self-attention layers...
Using 4 GPUs with DataParallel.
Epoch [1/1000], Training Loss: 0.6909
Validation Loss: 0.6222
New best model found with validation loss: 0.6222
Epoch [2/1000], Training Loss: 0.6156
Validation Loss: 0.5826
New best model found with validation loss: 0.5826
Epoch [3/1000], Training Loss: 0.5755
Validation Loss: 0.5464
New best model found with validation loss: 0.5464
Epoch [4/1000], Training Loss: 0.5440
Validation Loss: 0.5260
New best model found with validation loss: 0.5260
Epoch [5/1000], Training Loss: 0.5229
Validation Loss: 0.5183
New best model found with validation loss: 0.5183
Epoch [6/1000], Training Loss: 0.5123
Validation Loss: 0.5241
No improvement in validation loss. Early stop counter: 1/10
Epoch [7/1000], Training Loss: 0.5011
Validation Loss: 0.5283
No improvement in validation loss. Early stop counter: 2/10
Epoch [8/1000], Training Loss: 0.4932
Validation Loss: 0.4839
New best model found with validation loss: 0.4839
Epoch [9/1000], Training Loss: 0.4880
Validation Loss: 0.4815
New best model found with validation loss: 0.4815
Epoch [10/1000], Training Loss: 0.4788
Validation Loss: 0.4957
No improvement in validation loss. Early stop counter: 1/10
Epoch [11/1000], Training Loss: 0.4680
Validation Loss: 0.4766
New best model found with validation loss: 0.4766
Epoch [12/1000], Training Loss: 0.4630
Validation Loss: 0.4749
New best model found with validation loss: 0.4749
Epoch [13/1000], Training Loss: 0.4575
Validation Loss: 0.4913
No improvement in validation loss. Early stop counter: 1/10
Epoch [14/1000], Training Loss: 0.4555
Validation Loss: 0.5126
No improvement in validation loss. Early stop counter: 2/10
Epoch [15/1000], Training Loss: 0.4535
Validation Loss: 0.5029
No improvement in validation loss. Early stop counter: 3/10
Epoch [16/1000], Training Loss: 0.4519
Validation Loss: 0.4952
No improvement in validation loss. Early stop counter: 4/10
Epoch [17/1000], Training Loss: 0.4501
Validation Loss: 0.4677
New best model found with validation loss: 0.4677
Epoch [18/1000], Training Loss: 0.4451
Validation Loss: 0.4581
New best model found with validation loss: 0.4581
Epoch [19/1000], Training Loss: 0.4445
Validation Loss: 0.4636
No improvement in validation loss. Early stop counter: 1/10
Epoch [20/1000], Training Loss: 0.4423
Validation Loss: 0.5307
No improvement in validation loss. Early stop counter: 2/10
Epoch [21/1000], Training Loss: 0.4371
Validation Loss: 0.4679
No improvement in validation loss. Early stop counter: 3/10
Epoch [22/1000], Training Loss: 0.4351
Validation Loss: 0.4740
No improvement in validation loss. Early stop counter: 4/10
Epoch [23/1000], Training Loss: 0.4336
Validation Loss: 0.4650
No improvement in validation loss. Early stop counter: 5/10
Epoch [24/1000], Training Loss: 0.4345
Validation Loss: 0.4604
No improvement in validation loss. Early stop counter: 6/10
Epoch [25/1000], Training Loss: 0.4304
Validation Loss: 0.4780
No improvement in validation loss. Early stop counter: 7/10
Epoch [26/1000], Training Loss: 0.4297
Validation Loss: 0.4713
No improvement in validation loss. Early stop counter: 8/10
Epoch [27/1000], Training Loss: 0.4317
Validation Loss: 0.4605
No improvement in validation loss. Early stop counter: 9/10
Epoch [28/1000], Training Loss: 0.4291
Validation Loss: 0.4639
No improvement in validation loss. Early stop counter: 10/10
Early stopping triggered after 28 epochs.
Best model for fold 2 saved successfully.

Starting Fold 3/5...
Initializing ClassificationModel with 1 GAT layers and residual connections...
Initializing MCModel with 1 GAT layers and 1 row attention layers...
Initializing CGModel with 1 GAT layers and residual connections...
Initializing CoreModel with 1 self-attention layers...
Using 4 GPUs with DataParallel.
Epoch [1/1000], Training Loss: 0.6753
Validation Loss: 0.5991
New best model found with validation loss: 0.5991
Epoch [2/1000], Training Loss: 0.5950
Validation Loss: 0.5454
New best model found with validation loss: 0.5454
Epoch [3/1000], Training Loss: 0.5521
Validation Loss: 0.5141
New best model found with validation loss: 0.5141
Epoch [4/1000], Training Loss: 0.5324
Validation Loss: 0.5514
No improvement in validation loss. Early stop counter: 1/10
Epoch [5/1000], Training Loss: 0.5217
Validation Loss: 0.4975
New best model found with validation loss: 0.4975
Epoch [6/1000], Training Loss: 0.5121
Validation Loss: 0.5020
No improvement in validation loss. Early stop counter: 1/10
Epoch [7/1000], Training Loss: 0.5071
Validation Loss: 0.5110
No improvement in validation loss. Early stop counter: 2/10
Epoch [8/1000], Training Loss: 0.4985
Validation Loss: 0.4728
New best model found with validation loss: 0.4728
Epoch [9/1000], Training Loss: 0.4903
Validation Loss: 0.4664
New best model found with validation loss: 0.4664
Epoch [10/1000], Training Loss: 0.4893
Validation Loss: 0.4770
No improvement in validation loss. Early stop counter: 1/10
Epoch [11/1000], Training Loss: 0.4758
Validation Loss: 0.4663
New best model found with validation loss: 0.4663
Epoch [12/1000], Training Loss: 0.4735
Validation Loss: 0.4482
New best model found with validation loss: 0.4482
Epoch [13/1000], Training Loss: 0.4676
Validation Loss: 0.4690
No improvement in validation loss. Early stop counter: 1/10
Epoch [14/1000], Training Loss: 0.4614
Validation Loss: 0.4479
New best model found with validation loss: 0.4479
Epoch [15/1000], Training Loss: 0.4591
Validation Loss: 0.4557
No improvement in validation loss. Early stop counter: 1/10
Epoch [16/1000], Training Loss: 0.4580
Validation Loss: 0.4560
No improvement in validation loss. Early stop counter: 2/10
Epoch [17/1000], Training Loss: 0.4560
Validation Loss: 0.4400
New best model found with validation loss: 0.4400
Epoch [18/1000], Training Loss: 0.4516
Validation Loss: 0.4570
No improvement in validation loss. Early stop counter: 1/10
Epoch [19/1000], Training Loss: 0.4510
Validation Loss: 0.4471
No improvement in validation loss. Early stop counter: 2/10
Epoch [20/1000], Training Loss: 0.4489
Validation Loss: 0.4684
No improvement in validation loss. Early stop counter: 3/10
Epoch [21/1000], Training Loss: 0.4425
Validation Loss: 0.4320
New best model found with validation loss: 0.4320
Epoch [22/1000], Training Loss: 0.4395
Validation Loss: 0.4404
No improvement in validation loss. Early stop counter: 1/10
Epoch [23/1000], Training Loss: 0.4377
Validation Loss: 0.4380
No improvement in validation loss. Early stop counter: 2/10
Epoch [24/1000], Training Loss: 0.4396
Validation Loss: 0.4399
No improvement in validation loss. Early stop counter: 3/10
Epoch [25/1000], Training Loss: 0.4379
Validation Loss: 0.4336
No improvement in validation loss. Early stop counter: 4/10
Epoch [26/1000], Training Loss: 0.4367
Validation Loss: 0.4482
No improvement in validation loss. Early stop counter: 5/10
Epoch [27/1000], Training Loss: 0.4355
Validation Loss: 0.4282
New best model found with validation loss: 0.4282
Epoch [28/1000], Training Loss: 0.4342
Validation Loss: 0.4520
No improvement in validation loss. Early stop counter: 1/10
Epoch [29/1000], Training Loss: 0.4334
Validation Loss: 0.4486
No improvement in validation loss. Early stop counter: 2/10
Epoch [30/1000], Training Loss: 0.4317
Validation Loss: 0.4349
No improvement in validation loss. Early stop counter: 3/10
Epoch [31/1000], Training Loss: 0.4304
Validation Loss: 0.4307
No improvement in validation loss. Early stop counter: 4/10
Epoch [32/1000], Training Loss: 0.4299
Validation Loss: 0.4311
No improvement in validation loss. Early stop counter: 5/10
Epoch [33/1000], Training Loss: 0.4271
Validation Loss: 0.4278
New best model found with validation loss: 0.4278
Epoch [34/1000], Training Loss: 0.4290
Validation Loss: 0.4304
No improvement in validation loss. Early stop counter: 1/10
Epoch [35/1000], Training Loss: 0.4257
Validation Loss: 0.4431
No improvement in validation loss. Early stop counter: 2/10
Epoch [36/1000], Training Loss: 0.4281
Validation Loss: 0.4312
No improvement in validation loss. Early stop counter: 3/10
Epoch [37/1000], Training Loss: 0.4276
Validation Loss: 0.4350
No improvement in validation loss. Early stop counter: 4/10
Epoch [38/1000], Training Loss: 0.4268
Validation Loss: 0.4482
No improvement in validation loss. Early stop counter: 5/10
Epoch [39/1000], Training Loss: 0.4269
Validation Loss: 0.4271
New best model found with validation loss: 0.4271
Epoch [40/1000], Training Loss: 0.4261
Validation Loss: 0.4310
No improvement in validation loss. Early stop counter: 1/10
Epoch [41/1000], Training Loss: 0.4240
Validation Loss: 0.4231
New best model found with validation loss: 0.4231
Epoch [42/1000], Training Loss: 0.4230
Validation Loss: 0.4341
No improvement in validation loss. Early stop counter: 1/10
Epoch [43/1000], Training Loss: 0.4227
Validation Loss: 0.4302
No improvement in validation loss. Early stop counter: 2/10
Epoch [44/1000], Training Loss: 0.4224
Validation Loss: 0.4294
No improvement in validation loss. Early stop counter: 3/10
Epoch [45/1000], Training Loss: 0.4225
Validation Loss: 0.4355
No improvement in validation loss. Early stop counter: 4/10
Epoch [46/1000], Training Loss: 0.4247
Validation Loss: 0.4296
No improvement in validation loss. Early stop counter: 5/10
Epoch [47/1000], Training Loss: 0.4223
Validation Loss: 0.4246
No improvement in validation loss. Early stop counter: 6/10
Epoch [48/1000], Training Loss: 0.4214
Validation Loss: 0.4288
No improvement in validation loss. Early stop counter: 7/10
Epoch [49/1000], Training Loss: 0.4223
Validation Loss: 0.4266
No improvement in validation loss. Early stop counter: 8/10
Epoch [50/1000], Training Loss: 0.4222
Validation Loss: 0.4248
No improvement in validation loss. Early stop counter: 9/10
Epoch [51/1000], Training Loss: 0.4217
Validation Loss: 0.4287
No improvement in validation loss. Early stop counter: 10/10
Early stopping triggered after 51 epochs.
Best model for fold 3 saved successfully.

Starting Fold 4/5...
Initializing ClassificationModel with 1 GAT layers and residual connections...
Initializing MCModel with 1 GAT layers and 1 row attention layers...
Initializing CGModel with 1 GAT layers and residual connections...
Initializing CoreModel with 1 self-attention layers...
Using 4 GPUs with DataParallel.
Epoch [1/1000], Training Loss: 0.6806
Validation Loss: 0.6297
New best model found with validation loss: 0.6297
Epoch [2/1000], Training Loss: 0.6100
Validation Loss: 0.5695
New best model found with validation loss: 0.5695
Epoch [3/1000], Training Loss: 0.5823
Validation Loss: 0.5646
New best model found with validation loss: 0.5646
Epoch [4/1000], Training Loss: 0.5572
Validation Loss: 0.5285
New best model found with validation loss: 0.5285
Epoch [5/1000], Training Loss: 0.5385
Validation Loss: 0.5171
New best model found with validation loss: 0.5171
Epoch [6/1000], Training Loss: 0.5207
Validation Loss: 0.5258
No improvement in validation loss. Early stop counter: 1/10
Epoch [7/1000], Training Loss: 0.5078
Validation Loss: 0.5026
New best model found with validation loss: 0.5026
Epoch [8/1000], Training Loss: 0.4946
Validation Loss: 0.4877
New best model found with validation loss: 0.4877
Epoch [9/1000], Training Loss: 0.4870
Validation Loss: 0.5056
No improvement in validation loss. Early stop counter: 1/10
Epoch [10/1000], Training Loss: 0.4781
Validation Loss: 0.4858
New best model found with validation loss: 0.4858
Epoch [11/1000], Training Loss: 0.4691
Validation Loss: 0.4761
New best model found with validation loss: 0.4761
Epoch [12/1000], Training Loss: 0.4652
Validation Loss: 0.4787
No improvement in validation loss. Early stop counter: 1/10
Epoch [13/1000], Training Loss: 0.4632
Validation Loss: 0.4791
No improvement in validation loss. Early stop counter: 2/10
Epoch [14/1000], Training Loss: 0.4572
Validation Loss: 0.4673
New best model found with validation loss: 0.4673
Epoch [15/1000], Training Loss: 0.4577
Validation Loss: 0.4736
No improvement in validation loss. Early stop counter: 1/10
Epoch [16/1000], Training Loss: 0.4543
Validation Loss: 0.4788
No improvement in validation loss. Early stop counter: 2/10
Epoch [17/1000], Training Loss: 0.4504
Validation Loss: 0.4695
No improvement in validation loss. Early stop counter: 3/10
Epoch [18/1000], Training Loss: 0.4479
Validation Loss: 0.4637
New best model found with validation loss: 0.4637
Epoch [19/1000], Training Loss: 0.4467
Validation Loss: 0.4595
New best model found with validation loss: 0.4595
Epoch [20/1000], Training Loss: 0.4432
Validation Loss: 0.4727
No improvement in validation loss. Early stop counter: 1/10
Epoch [21/1000], Training Loss: 0.4383
Validation Loss: 0.4638
No improvement in validation loss. Early stop counter: 2/10
Epoch [22/1000], Training Loss: 0.4346
Validation Loss: 0.4629
No improvement in validation loss. Early stop counter: 3/10
Epoch [23/1000], Training Loss: 0.4320
Validation Loss: 0.4662
No improvement in validation loss. Early stop counter: 4/10
Epoch [24/1000], Training Loss: 0.4316
Validation Loss: 0.4551
New best model found with validation loss: 0.4551
Epoch [25/1000], Training Loss: 0.4280
Validation Loss: 0.4591
No improvement in validation loss. Early stop counter: 1/10
Epoch [26/1000], Training Loss: 0.4315
Validation Loss: 0.4709
No improvement in validation loss. Early stop counter: 2/10
Epoch [27/1000], Training Loss: 0.4304
Validation Loss: 0.4538
New best model found with validation loss: 0.4538
Epoch [28/1000], Training Loss: 0.4277
Validation Loss: 0.4603
No improvement in validation loss. Early stop counter: 1/10
Epoch [29/1000], Training Loss: 0.4274
Validation Loss: 0.4623
No improvement in validation loss. Early stop counter: 2/10
Epoch [30/1000], Training Loss: 0.4277
Validation Loss: 0.4612
No improvement in validation loss. Early stop counter: 3/10
Epoch [31/1000], Training Loss: 0.4236
Validation Loss: 0.4536
New best model found with validation loss: 0.4536
Epoch [32/1000], Training Loss: 0.4206
Validation Loss: 0.4583
No improvement in validation loss. Early stop counter: 1/10
Epoch [33/1000], Training Loss: 0.4214
Validation Loss: 0.4571
No improvement in validation loss. Early stop counter: 2/10
Epoch [34/1000], Training Loss: 0.4193
Validation Loss: 0.4550
No improvement in validation loss. Early stop counter: 3/10
Epoch [35/1000], Training Loss: 0.4186
Validation Loss: 0.4613
No improvement in validation loss. Early stop counter: 4/10
Epoch [36/1000], Training Loss: 0.4208
Validation Loss: 0.4494
New best model found with validation loss: 0.4494
Epoch [37/1000], Training Loss: 0.4193
Validation Loss: 0.4502
No improvement in validation loss. Early stop counter: 1/10
Epoch [38/1000], Training Loss: 0.4176
Validation Loss: 0.4500
No improvement in validation loss. Early stop counter: 2/10
Epoch [39/1000], Training Loss: 0.4182
Validation Loss: 0.4541
No improvement in validation loss. Early stop counter: 3/10
Epoch [40/1000], Training Loss: 0.4186
Validation Loss: 0.4534
No improvement in validation loss. Early stop counter: 4/10
Epoch [41/1000], Training Loss: 0.4149
Validation Loss: 0.4493
New best model found with validation loss: 0.4493
Epoch [42/1000], Training Loss: 0.4158
Validation Loss: 0.4519
No improvement in validation loss. Early stop counter: 1/10
Epoch [43/1000], Training Loss: 0.4152
Validation Loss: 0.4487
New best model found with validation loss: 0.4487
Epoch [44/1000], Training Loss: 0.4149
Validation Loss: 0.4489
No improvement in validation loss. Early stop counter: 1/10
Epoch [45/1000], Training Loss: 0.4159
Validation Loss: 0.4497
No improvement in validation loss. Early stop counter: 2/10
Epoch [46/1000], Training Loss: 0.4165
Validation Loss: 0.4529
No improvement in validation loss. Early stop counter: 3/10
Epoch [47/1000], Training Loss: 0.4146
Validation Loss: 0.4479
New best model found with validation loss: 0.4479
Epoch [48/1000], Training Loss: 0.4164
Validation Loss: 0.4483
No improvement in validation loss. Early stop counter: 1/10
Epoch [49/1000], Training Loss: 0.4147
Validation Loss: 0.4514
No improvement in validation loss. Early stop counter: 2/10
Epoch [50/1000], Training Loss: 0.4137
Validation Loss: 0.4503
No improvement in validation loss. Early stop counter: 3/10
Epoch [51/1000], Training Loss: 0.4120
Validation Loss: 0.4521
No improvement in validation loss. Early stop counter: 4/10
Epoch [52/1000], Training Loss: 0.4134
Validation Loss: 0.4510
No improvement in validation loss. Early stop counter: 5/10
Epoch [53/1000], Training Loss: 0.4142
Validation Loss: 0.4515
No improvement in validation loss. Early stop counter: 6/10
Epoch [54/1000], Training Loss: 0.4133
Validation Loss: 0.4497
No improvement in validation loss. Early stop counter: 7/10
Epoch [55/1000], Training Loss: 0.4123
Validation Loss: 0.4491
No improvement in validation loss. Early stop counter: 8/10
Epoch [56/1000], Training Loss: 0.4128
Validation Loss: 0.4493
No improvement in validation loss. Early stop counter: 9/10
Epoch [57/1000], Training Loss: 0.4145
Validation Loss: 0.4486
No improvement in validation loss. Early stop counter: 10/10
Early stopping triggered after 57 epochs.
Best model for fold 4 saved successfully.

Starting Fold 5/5...
Initializing ClassificationModel with 1 GAT layers and residual connections...
Initializing MCModel with 1 GAT layers and 1 row attention layers...
Initializing CGModel with 1 GAT layers and residual connections...
Initializing CoreModel with 1 self-attention layers...
Using 4 GPUs with DataParallel.
Epoch [1/1000], Training Loss: 0.6755
Validation Loss: 0.6142
New best model found with validation loss: 0.6142
Epoch [2/1000], Training Loss: 0.6012
Validation Loss: 0.5495
New best model found with validation loss: 0.5495
Epoch [3/1000], Training Loss: 0.5508
Validation Loss: 0.5451
New best model found with validation loss: 0.5451
Epoch [4/1000], Training Loss: 0.5202
Validation Loss: 0.5049
New best model found with validation loss: 0.5049
Epoch [5/1000], Training Loss: 0.5103
Validation Loss: 0.5601
No improvement in validation loss. Early stop counter: 1/10
Epoch [6/1000], Training Loss: 0.5063
Validation Loss: 0.4877
New best model found with validation loss: 0.4877
Epoch [7/1000], Training Loss: 0.4923
Validation Loss: 0.4973
No improvement in validation loss. Early stop counter: 1/10
Epoch [8/1000], Training Loss: 0.4860
Validation Loss: 0.4879
No improvement in validation loss. Early stop counter: 2/10
Epoch [9/1000], Training Loss: 0.4815
Validation Loss: 0.4715
New best model found with validation loss: 0.4715
Epoch [10/1000], Training Loss: 0.4748
Validation Loss: 0.4822
No improvement in validation loss. Early stop counter: 1/10
Epoch [11/1000], Training Loss: 0.4641
Validation Loss: 0.4684
New best model found with validation loss: 0.4684
Epoch [12/1000], Training Loss: 0.4643
Validation Loss: 0.4588
New best model found with validation loss: 0.4588
Epoch [13/1000], Training Loss: 0.4583
Validation Loss: 0.4643
No improvement in validation loss. Early stop counter: 1/10
Epoch [14/1000], Training Loss: 0.4548
Validation Loss: 0.4499
New best model found with validation loss: 0.4499
Epoch [15/1000], Training Loss: 0.4535
Validation Loss: 0.4520
No improvement in validation loss. Early stop counter: 1/10
Epoch [16/1000], Training Loss: 0.4484
Validation Loss: 0.4593
No improvement in validation loss. Early stop counter: 2/10
Epoch [17/1000], Training Loss: 0.4471
Validation Loss: 0.4396
New best model found with validation loss: 0.4396
Epoch [18/1000], Training Loss: 0.4440
Validation Loss: 0.4440
No improvement in validation loss. Early stop counter: 1/10
Epoch [19/1000], Training Loss: 0.4429
Validation Loss: 0.4540
No improvement in validation loss. Early stop counter: 2/10
Epoch [20/1000], Training Loss: 0.4401
Validation Loss: 0.4415
No improvement in validation loss. Early stop counter: 3/10
Epoch [21/1000], Training Loss: 0.4381
Validation Loss: 0.4484
No improvement in validation loss. Early stop counter: 4/10
Epoch [22/1000], Training Loss: 0.4370
Validation Loss: 0.4397
No improvement in validation loss. Early stop counter: 5/10
Epoch [23/1000], Training Loss: 0.4351
Validation Loss: 0.4406
No improvement in validation loss. Early stop counter: 6/10
Epoch [24/1000], Training Loss: 0.4328
Validation Loss: 0.4377
New best model found with validation loss: 0.4377
Epoch [25/1000], Training Loss: 0.4331
Validation Loss: 0.4566
No improvement in validation loss. Early stop counter: 1/10
Epoch [26/1000], Training Loss: 0.4335
Validation Loss: 0.4445
No improvement in validation loss. Early stop counter: 2/10
Epoch [27/1000], Training Loss: 0.4305
Validation Loss: 0.4490
No improvement in validation loss. Early stop counter: 3/10
Epoch [28/1000], Training Loss: 0.4344
Validation Loss: 0.4424
No improvement in validation loss. Early stop counter: 4/10
Epoch [29/1000], Training Loss: 0.4303
Validation Loss: 0.4320
New best model found with validation loss: 0.4320
Epoch [30/1000], Training Loss: 0.4283
Validation Loss: 0.4378
No improvement in validation loss. Early stop counter: 1/10
Epoch [31/1000], Training Loss: 0.4261
Validation Loss: 0.4523
No improvement in validation loss. Early stop counter: 2/10
Epoch [32/1000], Training Loss: 0.4252
Validation Loss: 0.4344
No improvement in validation loss. Early stop counter: 3/10
Epoch [33/1000], Training Loss: 0.4254
Validation Loss: 0.4509
No improvement in validation loss. Early stop counter: 4/10
Epoch [34/1000], Training Loss: 0.4252
Validation Loss: 0.4372
No improvement in validation loss. Early stop counter: 5/10
Epoch [35/1000], Training Loss: 0.4256
Validation Loss: 0.4523
No improvement in validation loss. Early stop counter: 6/10
Epoch [36/1000], Training Loss: 0.4258
Validation Loss: 0.4287
New best model found with validation loss: 0.4287
Epoch [37/1000], Training Loss: 0.4242
Validation Loss: 0.4422
No improvement in validation loss. Early stop counter: 1/10
Epoch [38/1000], Training Loss: 0.4224
Validation Loss: 0.4429
No improvement in validation loss. Early stop counter: 2/10
Epoch [39/1000], Training Loss: 0.4229
Validation Loss: 0.4372
No improvement in validation loss. Early stop counter: 3/10
Epoch [40/1000], Training Loss: 0.4220
Validation Loss: 0.4375
No improvement in validation loss. Early stop counter: 4/10
Epoch [41/1000], Training Loss: 0.4222
Validation Loss: 0.4360
No improvement in validation loss. Early stop counter: 5/10
Epoch [42/1000], Training Loss: 0.4203
Validation Loss: 0.4397
No improvement in validation loss. Early stop counter: 6/10
Epoch [43/1000], Training Loss: 0.4204
Validation Loss: 0.4351
No improvement in validation loss. Early stop counter: 7/10
Epoch [44/1000], Training Loss: 0.4203
Validation Loss: 0.4499
No improvement in validation loss. Early stop counter: 8/10
Epoch [45/1000], Training Loss: 0.4216
Validation Loss: 0.4402
No improvement in validation loss. Early stop counter: 9/10
Epoch [46/1000], Training Loss: 0.4202
Validation Loss: 0.4483
No improvement in validation loss. Early stop counter: 10/10
Early stopping triggered after 46 epochs.
Best model for fold 5 saved successfully.

Cross-validation results:
Fold 1: Validation Loss = 0.4673
Fold 2: Validation Loss = 0.4581
Fold 3: Validation Loss = 0.4231
Fold 4: Validation Loss = 0.4479
Fold 5: Validation Loss = 0.4287
Average Validation Loss: 0.4450
