{'batch_size': 4, 'sequence_file': 'padded_sequences_train_3000.npz', 'data_file': 'padded_interfaces_train_3000.npz', 'edge_file': 'padded_edges_train_3000.npz', 'max_len': 3000, 'vocab_size': 23, 'embed_dim': 256, 'num_heads': 16, 'dropout': 0.1, 'num_layers': 1, 'num_gnn_layers': 3, 'num_int_layers': 0, 'num_classes': 2, 'num_epochs': 1000, 'learning_rate': 0.0001, 'max_grad_norm': 0.1, 'validation_split': 0.1, 'early_stop_patience': 10, 'initial_gradient_noise_std': 0.05, 'accumulation_steps': 2}
Number of GPUs available: 4

Starting Fold 1/5...
Initializing ClassificationModel with 3 GAT layers and residual connections...
Initializing MCModel with 3 GAT layers and 0 row attention layers...
Initializing CGModel with 3 GAT layers and residual connections...
Initializing CoreModel with 1 self-attention layers...
Using 4 GPUs with DataParallel.
Epoch [1/1000], Training Loss: 0.3669
Validation Loss: 0.3236
New best model found with validation loss: 0.3236
Epoch [2/1000], Training Loss: 0.3325
Validation Loss: 0.3044
New best model found with validation loss: 0.3044
Epoch [3/1000], Training Loss: 0.3165
Validation Loss: 0.2928
New best model found with validation loss: 0.2928
Epoch [4/1000], Training Loss: 0.3114
Validation Loss: 0.2897
New best model found with validation loss: 0.2897
Epoch [5/1000], Training Loss: 0.2989
Validation Loss: 0.2807
New best model found with validation loss: 0.2807
Epoch [6/1000], Training Loss: 0.2956
Validation Loss: 0.2807
New best model found with validation loss: 0.2807
Epoch [7/1000], Training Loss: 0.2916
Validation Loss: 0.2753
New best model found with validation loss: 0.2753
Epoch [8/1000], Training Loss: 0.2844
Validation Loss: 0.2766
No improvement in validation loss. Early stop counter: 1/10
Epoch [9/1000], Training Loss: 0.2836
Validation Loss: 0.2687
New best model found with validation loss: 0.2687
Epoch [10/1000], Training Loss: 0.2798
Validation Loss: 0.2812
No improvement in validation loss. Early stop counter: 1/10
Epoch [11/1000], Training Loss: 0.2741
Validation Loss: 0.2784
No improvement in validation loss. Early stop counter: 2/10
Epoch [12/1000], Training Loss: 0.2723
Validation Loss: 0.2702
No improvement in validation loss. Early stop counter: 3/10
Epoch [13/1000], Training Loss: 0.2707
Validation Loss: 0.2647
New best model found with validation loss: 0.2647
Epoch [14/1000], Training Loss: 0.2707
Validation Loss: 0.2667
No improvement in validation loss. Early stop counter: 1/10
Epoch [15/1000], Training Loss: 0.2684
Validation Loss: 0.2638
New best model found with validation loss: 0.2638
Epoch [16/1000], Training Loss: 0.2691
Validation Loss: 0.2686
No improvement in validation loss. Early stop counter: 1/10
Epoch [17/1000], Training Loss: 0.2653
Validation Loss: 0.2641
No improvement in validation loss. Early stop counter: 2/10
Epoch [18/1000], Training Loss: 0.2630
Validation Loss: 0.2661
No improvement in validation loss. Early stop counter: 3/10
Epoch [19/1000], Training Loss: 0.2645
Validation Loss: 0.2631
New best model found with validation loss: 0.2631
Epoch [20/1000], Training Loss: 0.2630
Validation Loss: 0.2633
No improvement in validation loss. Early stop counter: 1/10
Epoch [21/1000], Training Loss: 0.2591
Validation Loss: 0.2600
New best model found with validation loss: 0.2600
Epoch [22/1000], Training Loss: 0.2588
Validation Loss: 0.2587
New best model found with validation loss: 0.2587
Epoch [23/1000], Training Loss: 0.2597
Validation Loss: 0.2631
No improvement in validation loss. Early stop counter: 1/10
Epoch [24/1000], Training Loss: 0.2577
Validation Loss: 0.2613
No improvement in validation loss. Early stop counter: 2/10
Epoch [25/1000], Training Loss: 0.2558
Validation Loss: 0.2570
New best model found with validation loss: 0.2570
Epoch [26/1000], Training Loss: 0.2578
Validation Loss: 0.2576
No improvement in validation loss. Early stop counter: 1/10
Epoch [27/1000], Training Loss: 0.2565
Validation Loss: 0.2564
New best model found with validation loss: 0.2564
Epoch [28/1000], Training Loss: 0.2557
Validation Loss: 0.2667
No improvement in validation loss. Early stop counter: 1/10
Epoch [29/1000], Training Loss: 0.2545
Validation Loss: 0.2603
No improvement in validation loss. Early stop counter: 2/10
Epoch [30/1000], Training Loss: 0.2522
Validation Loss: 0.2562
New best model found with validation loss: 0.2562
Epoch [31/1000], Training Loss: 0.2525
Validation Loss: 0.2552
New best model found with validation loss: 0.2552
Epoch [32/1000], Training Loss: 0.2527
Validation Loss: 0.2582
No improvement in validation loss. Early stop counter: 1/10
Epoch [33/1000], Training Loss: 0.2516
Validation Loss: 0.2545
New best model found with validation loss: 0.2545
Epoch [34/1000], Training Loss: 0.2513
Validation Loss: 0.2550
No improvement in validation loss. Early stop counter: 1/10
Epoch [35/1000], Training Loss: 0.2510
Validation Loss: 0.2536
New best model found with validation loss: 0.2536
Epoch [36/1000], Training Loss: 0.2519
Validation Loss: 0.2550
No improvement in validation loss. Early stop counter: 1/10
Epoch [37/1000], Training Loss: 0.2505
Validation Loss: 0.2557
No improvement in validation loss. Early stop counter: 2/10
Epoch [38/1000], Training Loss: 0.2499
Validation Loss: 0.2529
New best model found with validation loss: 0.2529
Epoch [39/1000], Training Loss: 0.2481
Validation Loss: 0.2547
No improvement in validation loss. Early stop counter: 1/10
Epoch [40/1000], Training Loss: 0.2496
Validation Loss: 0.2524
New best model found with validation loss: 0.2524
Epoch [41/1000], Training Loss: 0.2487
Validation Loss: 0.2543
No improvement in validation loss. Early stop counter: 1/10
Epoch [42/1000], Training Loss: 0.2501
Validation Loss: 0.2528
No improvement in validation loss. Early stop counter: 2/10
Epoch [43/1000], Training Loss: 0.2470
Validation Loss: 0.2528
No improvement in validation loss. Early stop counter: 3/10
Epoch [44/1000], Training Loss: 0.2474
Validation Loss: 0.2526
No improvement in validation loss. Early stop counter: 4/10
Epoch [45/1000], Training Loss: 0.2461
Validation Loss: 0.2517
New best model found with validation loss: 0.2517
Epoch [46/1000], Training Loss: 0.2463
Validation Loss: 0.2539
No improvement in validation loss. Early stop counter: 1/10
Epoch [47/1000], Training Loss: 0.2450
Validation Loss: 0.2516
New best model found with validation loss: 0.2516
Epoch [48/1000], Training Loss: 0.2463
Validation Loss: 0.2519
No improvement in validation loss. Early stop counter: 1/10
Epoch [49/1000], Training Loss: 0.2471
Validation Loss: 0.2515
New best model found with validation loss: 0.2515
Epoch [50/1000], Training Loss: 0.2461
Validation Loss: 0.2519
No improvement in validation loss. Early stop counter: 1/10
Epoch [51/1000], Training Loss: 0.2462
Validation Loss: 0.2515
No improvement in validation loss. Early stop counter: 2/10
Epoch [52/1000], Training Loss: 0.2458
Validation Loss: 0.2517
No improvement in validation loss. Early stop counter: 3/10
Epoch [53/1000], Training Loss: 0.2457
Validation Loss: 0.2517
No improvement in validation loss. Early stop counter: 4/10
Epoch [54/1000], Training Loss: 0.2469
Validation Loss: 0.2518
No improvement in validation loss. Early stop counter: 5/10
Epoch [55/1000], Training Loss: 0.2457
Validation Loss: 0.2511
New best model found with validation loss: 0.2511
Epoch [56/1000], Training Loss: 0.2448
Validation Loss: 0.2506
New best model found with validation loss: 0.2506
Epoch [57/1000], Training Loss: 0.2442
Validation Loss: 0.2512
No improvement in validation loss. Early stop counter: 1/10
Epoch [58/1000], Training Loss: 0.2453
Validation Loss: 0.2512
No improvement in validation loss. Early stop counter: 2/10
Epoch [59/1000], Training Loss: 0.2456
Validation Loss: 0.2514
No improvement in validation loss. Early stop counter: 3/10
Epoch [60/1000], Training Loss: 0.2464
Validation Loss: 0.2509
No improvement in validation loss. Early stop counter: 4/10
Epoch [61/1000], Training Loss: 0.2451
Validation Loss: 0.2508
No improvement in validation loss. Early stop counter: 5/10
Epoch [62/1000], Training Loss: 0.2447
Validation Loss: 0.2510
No improvement in validation loss. Early stop counter: 6/10
Epoch [63/1000], Training Loss: 0.2459
Validation Loss: 0.2508
No improvement in validation loss. Early stop counter: 7/10
Epoch [64/1000], Training Loss: 0.2448
Validation Loss: 0.2507
No improvement in validation loss. Early stop counter: 8/10
Epoch [65/1000], Training Loss: 0.2436
Validation Loss: 0.2506
New best model found with validation loss: 0.2506
Epoch [66/1000], Training Loss: 0.2442
Validation Loss: 0.2510
No improvement in validation loss. Early stop counter: 1/10
Epoch [67/1000], Training Loss: 0.2453
Validation Loss: 0.2509
No improvement in validation loss. Early stop counter: 2/10
Epoch [68/1000], Training Loss: 0.2445
Validation Loss: 0.2513
No improvement in validation loss. Early stop counter: 3/10
Epoch [69/1000], Training Loss: 0.2443
Validation Loss: 0.2511
No improvement in validation loss. Early stop counter: 4/10
Epoch [70/1000], Training Loss: 0.2444
Validation Loss: 0.2506
New best model found with validation loss: 0.2506
Epoch [71/1000], Training Loss: 0.2430
Validation Loss: 0.2509
No improvement in validation loss. Early stop counter: 1/10
Epoch [72/1000], Training Loss: 0.2448
Validation Loss: 0.2506
No improvement in validation loss. Early stop counter: 2/10
Epoch [73/1000], Training Loss: 0.2447
Validation Loss: 0.2507
No improvement in validation loss. Early stop counter: 3/10
Epoch [74/1000], Training Loss: 0.2431
Validation Loss: 0.2506
No improvement in validation loss. Early stop counter: 4/10
Epoch [75/1000], Training Loss: 0.2442
Validation Loss: 0.2508
No improvement in validation loss. Early stop counter: 5/10
Epoch [76/1000], Training Loss: 0.2441
Validation Loss: 0.2506
No improvement in validation loss. Early stop counter: 6/10
Epoch [77/1000], Training Loss: 0.2439
Validation Loss: 0.2505
New best model found with validation loss: 0.2505
Epoch [78/1000], Training Loss: 0.2451
Validation Loss: 0.2504
New best model found with validation loss: 0.2504
Epoch [79/1000], Training Loss: 0.2449
Validation Loss: 0.2504
New best model found with validation loss: 0.2504
Epoch [80/1000], Training Loss: 0.2449
Validation Loss: 0.2505
No improvement in validation loss. Early stop counter: 1/10
Epoch [81/1000], Training Loss: 0.2448
Validation Loss: 0.2506
No improvement in validation loss. Early stop counter: 2/10
Epoch [82/1000], Training Loss: 0.2415
Validation Loss: 0.2505
No improvement in validation loss. Early stop counter: 3/10
Epoch [83/1000], Training Loss: 0.2453
Validation Loss: 0.2505
No improvement in validation loss. Early stop counter: 4/10
Epoch [84/1000], Training Loss: 0.2447
Validation Loss: 0.2506
No improvement in validation loss. Early stop counter: 5/10
Epoch [85/1000], Training Loss: 0.2456
Validation Loss: 0.2504
New best model found with validation loss: 0.2504
Epoch [86/1000], Training Loss: 0.2443
Validation Loss: 0.2506
No improvement in validation loss. Early stop counter: 1/10
Epoch [87/1000], Training Loss: 0.2444
Validation Loss: 0.2504
No improvement in validation loss. Early stop counter: 2/10
Epoch [88/1000], Training Loss: 0.2455
Validation Loss: 0.2504
No improvement in validation loss. Early stop counter: 3/10
Epoch [89/1000], Training Loss: 0.2460
Validation Loss: 0.2505
No improvement in validation loss. Early stop counter: 4/10
Epoch [90/1000], Training Loss: 0.2434
Validation Loss: 0.2503
New best model found with validation loss: 0.2503
Epoch [91/1000], Training Loss: 0.2433
Validation Loss: 0.2504
No improvement in validation loss. Early stop counter: 1/10
Epoch [92/1000], Training Loss: 0.2438
Validation Loss: 0.2504
No improvement in validation loss. Early stop counter: 2/10
Epoch [93/1000], Training Loss: 0.2443
Validation Loss: 0.2505
No improvement in validation loss. Early stop counter: 3/10
Epoch [94/1000], Training Loss: 0.2429
Validation Loss: 0.2503
No improvement in validation loss. Early stop counter: 4/10
Epoch [95/1000], Training Loss: 0.2444
Validation Loss: 0.2504
No improvement in validation loss. Early stop counter: 5/10
Epoch [96/1000], Training Loss: 0.2438
Validation Loss: 0.2504
No improvement in validation loss. Early stop counter: 6/10
Epoch [97/1000], Training Loss: 0.2439
Validation Loss: 0.2504
No improvement in validation loss. Early stop counter: 7/10
Epoch [98/1000], Training Loss: 0.2446
Validation Loss: 0.2505
No improvement in validation loss. Early stop counter: 8/10
Epoch [99/1000], Training Loss: 0.2422
Validation Loss: 0.2504
No improvement in validation loss. Early stop counter: 9/10
Epoch [100/1000], Training Loss: 0.2441
Validation Loss: 0.2505
No improvement in validation loss. Early stop counter: 10/10
Early stopping triggered after 100 epochs.
Best model for fold 1 saved successfully.

Starting Fold 2/5...
Initializing ClassificationModel with 3 GAT layers and residual connections...
Initializing MCModel with 3 GAT layers and 0 row attention layers...
Initializing CGModel with 3 GAT layers and residual connections...
Initializing CoreModel with 1 self-attention layers...
Using 4 GPUs with DataParallel.
Epoch [1/1000], Training Loss: 0.3693
Validation Loss: 0.3292
New best model found with validation loss: 0.3292
Epoch [2/1000], Training Loss: 0.3370
Validation Loss: 0.3132
New best model found with validation loss: 0.3132
Epoch [3/1000], Training Loss: 0.3164
Validation Loss: 0.3024
New best model found with validation loss: 0.3024
Epoch [4/1000], Training Loss: 0.3021
Validation Loss: 0.3187
No improvement in validation loss. Early stop counter: 1/10
Epoch [5/1000], Training Loss: 0.2931
Validation Loss: 0.2911
New best model found with validation loss: 0.2911
Epoch [6/1000], Training Loss: 0.2901
Validation Loss: 0.2967
No improvement in validation loss. Early stop counter: 1/10
Epoch [7/1000], Training Loss: 0.2876
Validation Loss: 0.2840
New best model found with validation loss: 0.2840
Epoch [8/1000], Training Loss: 0.2801
Validation Loss: 0.2811
New best model found with validation loss: 0.2811
Epoch [9/1000], Training Loss: 0.2810
Validation Loss: 0.2862
No improvement in validation loss. Early stop counter: 1/10
Epoch [10/1000], Training Loss: 0.2752
Validation Loss: 0.2947
No improvement in validation loss. Early stop counter: 2/10
Epoch [11/1000], Training Loss: 0.2680
Validation Loss: 0.2765
New best model found with validation loss: 0.2765
Epoch [12/1000], Training Loss: 0.2685
Validation Loss: 0.2747
New best model found with validation loss: 0.2747
Epoch [13/1000], Training Loss: 0.2664
Validation Loss: 0.2735
New best model found with validation loss: 0.2735
Epoch [14/1000], Training Loss: 0.2664
Validation Loss: 0.2720
New best model found with validation loss: 0.2720
Epoch [15/1000], Training Loss: 0.2630
Validation Loss: 0.2739
No improvement in validation loss. Early stop counter: 1/10
Epoch [16/1000], Training Loss: 0.2646
Validation Loss: 0.2736
No improvement in validation loss. Early stop counter: 2/10
Epoch [17/1000], Training Loss: 0.2655
Validation Loss: 0.2705
New best model found with validation loss: 0.2705
Epoch [18/1000], Training Loss: 0.2613
Validation Loss: 0.2734
No improvement in validation loss. Early stop counter: 1/10
Epoch [19/1000], Training Loss: 0.2606
Validation Loss: 0.2702
New best model found with validation loss: 0.2702
Epoch [20/1000], Training Loss: 0.2590
Validation Loss: 0.2769
No improvement in validation loss. Early stop counter: 1/10
Epoch [21/1000], Training Loss: 0.2582
Validation Loss: 0.2768
No improvement in validation loss. Early stop counter: 2/10
Epoch [22/1000], Training Loss: 0.2551
Validation Loss: 0.2666
New best model found with validation loss: 0.2666
Epoch [23/1000], Training Loss: 0.2545
Validation Loss: 0.2695
No improvement in validation loss. Early stop counter: 1/10
Epoch [24/1000], Training Loss: 0.2585
Validation Loss: 0.2673
No improvement in validation loss. Early stop counter: 2/10
Epoch [25/1000], Training Loss: 0.2535
Validation Loss: 0.2670
No improvement in validation loss. Early stop counter: 3/10
Epoch [26/1000], Training Loss: 0.2565
Validation Loss: 0.2664
New best model found with validation loss: 0.2664
Epoch [27/1000], Training Loss: 0.2527
Validation Loss: 0.2664
No improvement in validation loss. Early stop counter: 1/10
Epoch [28/1000], Training Loss: 0.2542
Validation Loss: 0.2674
No improvement in validation loss. Early stop counter: 2/10
Epoch [29/1000], Training Loss: 0.2529
Validation Loss: 0.2659
New best model found with validation loss: 0.2659
Epoch [30/1000], Training Loss: 0.2528
Validation Loss: 0.2660
No improvement in validation loss. Early stop counter: 1/10
Epoch [31/1000], Training Loss: 0.2511
Validation Loss: 0.2643
New best model found with validation loss: 0.2643
Epoch [32/1000], Training Loss: 0.2489
Validation Loss: 0.2668
No improvement in validation loss. Early stop counter: 1/10
Epoch [33/1000], Training Loss: 0.2498
Validation Loss: 0.2672
No improvement in validation loss. Early stop counter: 2/10
Epoch [34/1000], Training Loss: 0.2497
Validation Loss: 0.2646
No improvement in validation loss. Early stop counter: 3/10
Epoch [35/1000], Training Loss: 0.2486
Validation Loss: 0.2656
No improvement in validation loss. Early stop counter: 4/10
Epoch [36/1000], Training Loss: 0.2488
Validation Loss: 0.2660
No improvement in validation loss. Early stop counter: 5/10
Epoch [37/1000], Training Loss: 0.2482
Validation Loss: 0.2686
No improvement in validation loss. Early stop counter: 6/10
Epoch [38/1000], Training Loss: 0.2494
Validation Loss: 0.2692
No improvement in validation loss. Early stop counter: 7/10
Epoch [39/1000], Training Loss: 0.2490
Validation Loss: 0.2640
New best model found with validation loss: 0.2640
Epoch [40/1000], Training Loss: 0.2494
Validation Loss: 0.2643
No improvement in validation loss. Early stop counter: 1/10
Epoch [41/1000], Training Loss: 0.2473
Validation Loss: 0.2652
No improvement in validation loss. Early stop counter: 2/10
Epoch [42/1000], Training Loss: 0.2478
Validation Loss: 0.2638
New best model found with validation loss: 0.2638
Epoch [43/1000], Training Loss: 0.2469
Validation Loss: 0.2642
No improvement in validation loss. Early stop counter: 1/10
Epoch [44/1000], Training Loss: 0.2466
Validation Loss: 0.2634
New best model found with validation loss: 0.2634
Epoch [45/1000], Training Loss: 0.2454
Validation Loss: 0.2637
No improvement in validation loss. Early stop counter: 1/10
Epoch [46/1000], Training Loss: 0.2472
Validation Loss: 0.2637
No improvement in validation loss. Early stop counter: 2/10
Epoch [47/1000], Training Loss: 0.2466
Validation Loss: 0.2630
New best model found with validation loss: 0.2630
Epoch [48/1000], Training Loss: 0.2473
Validation Loss: 0.2628
New best model found with validation loss: 0.2628
Epoch [49/1000], Training Loss: 0.2459
Validation Loss: 0.2640
No improvement in validation loss. Early stop counter: 1/10
Epoch [50/1000], Training Loss: 0.2461
Validation Loss: 0.2628
No improvement in validation loss. Early stop counter: 2/10
Epoch [51/1000], Training Loss: 0.2448
Validation Loss: 0.2642
No improvement in validation loss. Early stop counter: 3/10
Epoch [52/1000], Training Loss: 0.2446
Validation Loss: 0.2643
No improvement in validation loss. Early stop counter: 4/10
Epoch [53/1000], Training Loss: 0.2446
Validation Loss: 0.2632
No improvement in validation loss. Early stop counter: 5/10
Epoch [54/1000], Training Loss: 0.2458
Validation Loss: 0.2645
No improvement in validation loss. Early stop counter: 6/10
Epoch [55/1000], Training Loss: 0.2430
Validation Loss: 0.2657
No improvement in validation loss. Early stop counter: 7/10
Epoch [56/1000], Training Loss: 0.2450
Validation Loss: 0.2631
No improvement in validation loss. Early stop counter: 8/10
Epoch [57/1000], Training Loss: 0.2457
Validation Loss: 0.2655
No improvement in validation loss. Early stop counter: 9/10
Epoch [58/1000], Training Loss: 0.2447
Validation Loss: 0.2629
No improvement in validation loss. Early stop counter: 10/10
Early stopping triggered after 58 epochs.
Best model for fold 2 saved successfully.

Starting Fold 3/5...
Initializing ClassificationModel with 3 GAT layers and residual connections...
Initializing MCModel with 3 GAT layers and 0 row attention layers...
Initializing CGModel with 3 GAT layers and residual connections...
Initializing CoreModel with 1 self-attention layers...
Using 4 GPUs with DataParallel.
Epoch [1/1000], Training Loss: 0.3869
Validation Loss: 0.3376
New best model found with validation loss: 0.3376
Epoch [2/1000], Training Loss: 0.3274
Validation Loss: 0.3071
New best model found with validation loss: 0.3071
Epoch [3/1000], Training Loss: 0.3161
Validation Loss: 0.3287
No improvement in validation loss. Early stop counter: 1/10
Epoch [4/1000], Training Loss: 0.3112
Validation Loss: 0.3087
No improvement in validation loss. Early stop counter: 2/10
Epoch [5/1000], Training Loss: 0.3038
Validation Loss: 0.2908
New best model found with validation loss: 0.2908
Epoch [6/1000], Training Loss: 0.2984
Validation Loss: 0.2884
New best model found with validation loss: 0.2884
Epoch [7/1000], Training Loss: 0.2963
Validation Loss: 0.2887
No improvement in validation loss. Early stop counter: 1/10
Epoch [8/1000], Training Loss: 0.2949
Validation Loss: 0.3160
No improvement in validation loss. Early stop counter: 2/10
Epoch [9/1000], Training Loss: 0.2963
Validation Loss: 0.2777
New best model found with validation loss: 0.2777
Epoch [10/1000], Training Loss: 0.2832
Validation Loss: 0.2770
New best model found with validation loss: 0.2770
Epoch [11/1000], Training Loss: 0.2776
Validation Loss: 0.2792
No improvement in validation loss. Early stop counter: 1/10
Epoch [12/1000], Training Loss: 0.2817
Validation Loss: 0.2815
No improvement in validation loss. Early stop counter: 2/10
Epoch [13/1000], Training Loss: 0.2763
Validation Loss: 0.2728
New best model found with validation loss: 0.2728
Epoch [14/1000], Training Loss: 0.2748
Validation Loss: 0.2726
New best model found with validation loss: 0.2726
Epoch [15/1000], Training Loss: 0.2739
Validation Loss: 0.2751
No improvement in validation loss. Early stop counter: 1/10
Epoch [16/1000], Training Loss: 0.2729
Validation Loss: 0.2719
New best model found with validation loss: 0.2719
Epoch [17/1000], Training Loss: 0.2712
Validation Loss: 0.2697
New best model found with validation loss: 0.2697
Epoch [18/1000], Training Loss: 0.2688
Validation Loss: 0.2681
New best model found with validation loss: 0.2681
Epoch [19/1000], Training Loss: 0.2696
Validation Loss: 0.2691
No improvement in validation loss. Early stop counter: 1/10
Epoch [20/1000], Training Loss: 0.2688
Validation Loss: 0.2791
No improvement in validation loss. Early stop counter: 2/10
Epoch [21/1000], Training Loss: 0.2653
Validation Loss: 0.2663
New best model found with validation loss: 0.2663
Epoch [22/1000], Training Loss: 0.2650
Validation Loss: 0.2640
New best model found with validation loss: 0.2640
Epoch [23/1000], Training Loss: 0.2629
Validation Loss: 0.2722
No improvement in validation loss. Early stop counter: 1/10
Epoch [24/1000], Training Loss: 0.2637
Validation Loss: 0.2661
No improvement in validation loss. Early stop counter: 2/10
Epoch [25/1000], Training Loss: 0.2611
Validation Loss: 0.2756
No improvement in validation loss. Early stop counter: 3/10
Epoch [26/1000], Training Loss: 0.2613
Validation Loss: 0.2655
No improvement in validation loss. Early stop counter: 4/10
Epoch [27/1000], Training Loss: 0.2611
Validation Loss: 0.2639
New best model found with validation loss: 0.2639
Epoch [28/1000], Training Loss: 0.2606
Validation Loss: 0.2685
No improvement in validation loss. Early stop counter: 1/10
Epoch [29/1000], Training Loss: 0.2599
Validation Loss: 0.2654
No improvement in validation loss. Early stop counter: 2/10
Epoch [30/1000], Training Loss: 0.2603
Validation Loss: 0.2645
No improvement in validation loss. Early stop counter: 3/10
Epoch [31/1000], Training Loss: 0.2577
Validation Loss: 0.2655
No improvement in validation loss. Early stop counter: 4/10
Epoch [32/1000], Training Loss: 0.2577
Validation Loss: 0.2629
New best model found with validation loss: 0.2629
Epoch [33/1000], Training Loss: 0.2581
Validation Loss: 0.2609
New best model found with validation loss: 0.2609
Epoch [34/1000], Training Loss: 0.2552
Validation Loss: 0.2623
No improvement in validation loss. Early stop counter: 1/10
Epoch [35/1000], Training Loss: 0.2573
Validation Loss: 0.2654
No improvement in validation loss. Early stop counter: 2/10
Epoch [36/1000], Training Loss: 0.2547
Validation Loss: 0.2626
No improvement in validation loss. Early stop counter: 3/10
Epoch [37/1000], Training Loss: 0.2576
Validation Loss: 0.2599
New best model found with validation loss: 0.2599
Epoch [38/1000], Training Loss: 0.2553
Validation Loss: 0.2595
New best model found with validation loss: 0.2595
Epoch [39/1000], Training Loss: 0.2545
Validation Loss: 0.2608
No improvement in validation loss. Early stop counter: 1/10
Epoch [40/1000], Training Loss: 0.2545
Validation Loss: 0.2597
No improvement in validation loss. Early stop counter: 2/10
Epoch [41/1000], Training Loss: 0.2536
Validation Loss: 0.2619
No improvement in validation loss. Early stop counter: 3/10
Epoch [42/1000], Training Loss: 0.2552
Validation Loss: 0.2600
No improvement in validation loss. Early stop counter: 4/10
Epoch [43/1000], Training Loss: 0.2522
Validation Loss: 0.2598
No improvement in validation loss. Early stop counter: 5/10
Epoch [44/1000], Training Loss: 0.2521
Validation Loss: 0.2601
No improvement in validation loss. Early stop counter: 6/10
Epoch [45/1000], Training Loss: 0.2527
Validation Loss: 0.2599
No improvement in validation loss. Early stop counter: 7/10
Epoch [46/1000], Training Loss: 0.2522
Validation Loss: 0.2596
No improvement in validation loss. Early stop counter: 8/10
Epoch [47/1000], Training Loss: 0.2536
Validation Loss: 0.2593
New best model found with validation loss: 0.2593
Epoch [48/1000], Training Loss: 0.2500
Validation Loss: 0.2592
New best model found with validation loss: 0.2592
Epoch [49/1000], Training Loss: 0.2519
Validation Loss: 0.2591
New best model found with validation loss: 0.2591
Epoch [50/1000], Training Loss: 0.2518
Validation Loss: 0.2613
No improvement in validation loss. Early stop counter: 1/10
Epoch [51/1000], Training Loss: 0.2505
Validation Loss: 0.2587
New best model found with validation loss: 0.2587
Epoch [52/1000], Training Loss: 0.2506
Validation Loss: 0.2584
New best model found with validation loss: 0.2584
Epoch [53/1000], Training Loss: 0.2517
Validation Loss: 0.2588
No improvement in validation loss. Early stop counter: 1/10
Epoch [54/1000], Training Loss: 0.2528
Validation Loss: 0.2584
New best model found with validation loss: 0.2584
Epoch [55/1000], Training Loss: 0.2508
Validation Loss: 0.2584
No improvement in validation loss. Early stop counter: 1/10
Epoch [56/1000], Training Loss: 0.2519
Validation Loss: 0.2580
New best model found with validation loss: 0.2580
Epoch [57/1000], Training Loss: 0.2519
Validation Loss: 0.2588
No improvement in validation loss. Early stop counter: 1/10
Epoch [58/1000], Training Loss: 0.2517
Validation Loss: 0.2593
No improvement in validation loss. Early stop counter: 2/10
Epoch [59/1000], Training Loss: 0.2532
Validation Loss: 0.2578
New best model found with validation loss: 0.2578
Epoch [60/1000], Training Loss: 0.2503
Validation Loss: 0.2579
No improvement in validation loss. Early stop counter: 1/10
Epoch [61/1000], Training Loss: 0.2492
Validation Loss: 0.2588
No improvement in validation loss. Early stop counter: 2/10
Epoch [62/1000], Training Loss: 0.2498
Validation Loss: 0.2579
No improvement in validation loss. Early stop counter: 3/10
Epoch [63/1000], Training Loss: 0.2500
Validation Loss: 0.2576
New best model found with validation loss: 0.2576
Epoch [64/1000], Training Loss: 0.2511
Validation Loss: 0.2575
New best model found with validation loss: 0.2575
Epoch [65/1000], Training Loss: 0.2508
Validation Loss: 0.2576
No improvement in validation loss. Early stop counter: 1/10
Epoch [66/1000], Training Loss: 0.2495
Validation Loss: 0.2574
New best model found with validation loss: 0.2574
Epoch [67/1000], Training Loss: 0.2501
Validation Loss: 0.2581
No improvement in validation loss. Early stop counter: 1/10
Epoch [68/1000], Training Loss: 0.2496
Validation Loss: 0.2580
No improvement in validation loss. Early stop counter: 2/10
Epoch [69/1000], Training Loss: 0.2494
Validation Loss: 0.2586
No improvement in validation loss. Early stop counter: 3/10
Epoch [70/1000], Training Loss: 0.2509
Validation Loss: 0.2575
No improvement in validation loss. Early stop counter: 4/10
Epoch [71/1000], Training Loss: 0.2519
Validation Loss: 0.2576
No improvement in validation loss. Early stop counter: 5/10
Epoch [72/1000], Training Loss: 0.2501
Validation Loss: 0.2576
No improvement in validation loss. Early stop counter: 6/10
Epoch [73/1000], Training Loss: 0.2490
Validation Loss: 0.2577
No improvement in validation loss. Early stop counter: 7/10
Epoch [74/1000], Training Loss: 0.2491
Validation Loss: 0.2579
No improvement in validation loss. Early stop counter: 8/10
Epoch [75/1000], Training Loss: 0.2488
Validation Loss: 0.2582
No improvement in validation loss. Early stop counter: 9/10
Epoch [76/1000], Training Loss: 0.2499
Validation Loss: 0.2584
No improvement in validation loss. Early stop counter: 10/10
Early stopping triggered after 76 epochs.
Best model for fold 3 saved successfully.

Starting Fold 4/5...
Initializing ClassificationModel with 3 GAT layers and residual connections...
Initializing MCModel with 3 GAT layers and 0 row attention layers...
Initializing CGModel with 3 GAT layers and residual connections...
Initializing CoreModel with 1 self-attention layers...
Using 4 GPUs with DataParallel.
Epoch [1/1000], Training Loss: 0.3749
Validation Loss: 0.3520
New best model found with validation loss: 0.3520
Epoch [2/1000], Training Loss: 0.3178
Validation Loss: 0.3073
New best model found with validation loss: 0.3073
Epoch [3/1000], Training Loss: 0.3063
Validation Loss: 0.2976
New best model found with validation loss: 0.2976
Epoch [4/1000], Training Loss: 0.2998
Validation Loss: 0.2987
No improvement in validation loss. Early stop counter: 1/10
Epoch [5/1000], Training Loss: 0.2981
Validation Loss: 0.2881
New best model found with validation loss: 0.2881
Epoch [6/1000], Training Loss: 0.2880
Validation Loss: 0.3030
No improvement in validation loss. Early stop counter: 1/10
Epoch [7/1000], Training Loss: 0.2856
Validation Loss: 0.2839
New best model found with validation loss: 0.2839
Epoch [8/1000], Training Loss: 0.2818
Validation Loss: 0.2957
No improvement in validation loss. Early stop counter: 1/10
Epoch [9/1000], Training Loss: 0.2789
Validation Loss: 0.2794
New best model found with validation loss: 0.2794
Epoch [10/1000], Training Loss: 0.2811
Validation Loss: 0.3065
No improvement in validation loss. Early stop counter: 1/10
Epoch [11/1000], Training Loss: 0.2691
Validation Loss: 0.2975
No improvement in validation loss. Early stop counter: 2/10
Epoch [12/1000], Training Loss: 0.2687
Validation Loss: 0.3016
No improvement in validation loss. Early stop counter: 3/10
Epoch [13/1000], Training Loss: 0.2664
Validation Loss: 0.2773
New best model found with validation loss: 0.2773
Epoch [14/1000], Training Loss: 0.2662
Validation Loss: 0.2750
New best model found with validation loss: 0.2750
Epoch [15/1000], Training Loss: 0.2668
Validation Loss: 0.2752
No improvement in validation loss. Early stop counter: 1/10
Epoch [16/1000], Training Loss: 0.2628
Validation Loss: 0.2747
New best model found with validation loss: 0.2747
Epoch [17/1000], Training Loss: 0.2612
Validation Loss: 0.2732
New best model found with validation loss: 0.2732
Epoch [18/1000], Training Loss: 0.2618
Validation Loss: 0.2796
No improvement in validation loss. Early stop counter: 1/10
Epoch [19/1000], Training Loss: 0.2629
Validation Loss: 0.2786
No improvement in validation loss. Early stop counter: 2/10
Epoch [20/1000], Training Loss: 0.2586
Validation Loss: 0.2728
New best model found with validation loss: 0.2728
Epoch [21/1000], Training Loss: 0.2555
Validation Loss: 0.2846
No improvement in validation loss. Early stop counter: 1/10
Epoch [22/1000], Training Loss: 0.2527
Validation Loss: 0.2697
New best model found with validation loss: 0.2697
Epoch [23/1000], Training Loss: 0.2535
Validation Loss: 0.2761
No improvement in validation loss. Early stop counter: 1/10
Epoch [24/1000], Training Loss: 0.2541
Validation Loss: 0.2718
No improvement in validation loss. Early stop counter: 2/10
Epoch [25/1000], Training Loss: 0.2527
Validation Loss: 0.2691
New best model found with validation loss: 0.2691
Epoch [26/1000], Training Loss: 0.2511
Validation Loss: 0.2754
No improvement in validation loss. Early stop counter: 1/10
Epoch [27/1000], Training Loss: 0.2521
Validation Loss: 0.2702
No improvement in validation loss. Early stop counter: 2/10
Epoch [28/1000], Training Loss: 0.2514
Validation Loss: 0.2713
No improvement in validation loss. Early stop counter: 3/10
Epoch [29/1000], Training Loss: 0.2531
Validation Loss: 0.2707
No improvement in validation loss. Early stop counter: 4/10
Epoch [30/1000], Training Loss: 0.2485
Validation Loss: 0.2699
No improvement in validation loss. Early stop counter: 5/10
Epoch [31/1000], Training Loss: 0.2500
Validation Loss: 0.2698
No improvement in validation loss. Early stop counter: 6/10
Epoch [32/1000], Training Loss: 0.2473
Validation Loss: 0.2754
No improvement in validation loss. Early stop counter: 7/10
Epoch [33/1000], Training Loss: 0.2467
Validation Loss: 0.2773
No improvement in validation loss. Early stop counter: 8/10
Epoch [34/1000], Training Loss: 0.2483
Validation Loss: 0.2705
No improvement in validation loss. Early stop counter: 9/10
Epoch [35/1000], Training Loss: 0.2472
Validation Loss: 0.2708
No improvement in validation loss. Early stop counter: 10/10
Early stopping triggered after 35 epochs.
Best model for fold 4 saved successfully.

Starting Fold 5/5...
Initializing ClassificationModel with 3 GAT layers and residual connections...
Initializing MCModel with 3 GAT layers and 0 row attention layers...
Initializing CGModel with 3 GAT layers and residual connections...
Initializing CoreModel with 1 self-attention layers...
Using 4 GPUs with DataParallel.
Epoch [1/1000], Training Loss: 0.3976
Validation Loss: 0.3332
New best model found with validation loss: 0.3332
Epoch [2/1000], Training Loss: 0.3353
Validation Loss: 0.3110
New best model found with validation loss: 0.3110
Epoch [3/1000], Training Loss: 0.3227
Validation Loss: 0.3006
New best model found with validation loss: 0.3006
Epoch [4/1000], Training Loss: 0.3075
Validation Loss: 0.2935
New best model found with validation loss: 0.2935
Epoch [5/1000], Training Loss: 0.3043
Validation Loss: 0.3033
No improvement in validation loss. Early stop counter: 1/10
Epoch [6/1000], Training Loss: 0.2929
Validation Loss: 0.2791
New best model found with validation loss: 0.2791
Epoch [7/1000], Training Loss: 0.2873
Validation Loss: 0.2779
New best model found with validation loss: 0.2779
Epoch [8/1000], Training Loss: 0.2870
Validation Loss: 0.2824
No improvement in validation loss. Early stop counter: 1/10
Epoch [9/1000], Training Loss: 0.2821
Validation Loss: 0.2717
New best model found with validation loss: 0.2717
Epoch [10/1000], Training Loss: 0.2848
Validation Loss: 0.2881
No improvement in validation loss. Early stop counter: 1/10
Epoch [11/1000], Training Loss: 0.2792
Validation Loss: 0.2719
No improvement in validation loss. Early stop counter: 2/10
Epoch [12/1000], Training Loss: 0.2716
Validation Loss: 0.2688
New best model found with validation loss: 0.2688
Epoch [13/1000], Training Loss: 0.2712
Validation Loss: 0.2680
New best model found with validation loss: 0.2680
Epoch [14/1000], Training Loss: 0.2694
Validation Loss: 0.2666
New best model found with validation loss: 0.2666
Epoch [15/1000], Training Loss: 0.2710
Validation Loss: 0.2677
No improvement in validation loss. Early stop counter: 1/10
Epoch [16/1000], Training Loss: 0.2664
Validation Loss: 0.2698
No improvement in validation loss. Early stop counter: 2/10
Epoch [17/1000], Training Loss: 0.2689
Validation Loss: 0.2670
No improvement in validation loss. Early stop counter: 3/10
Epoch [18/1000], Training Loss: 0.2661
Validation Loss: 0.2695
No improvement in validation loss. Early stop counter: 4/10
Epoch [19/1000], Training Loss: 0.2675
Validation Loss: 0.2652
New best model found with validation loss: 0.2652
Epoch [20/1000], Training Loss: 0.2619
Validation Loss: 0.2607
New best model found with validation loss: 0.2607
Epoch [21/1000], Training Loss: 0.2599
Validation Loss: 0.2615
No improvement in validation loss. Early stop counter: 1/10
Epoch [22/1000], Training Loss: 0.2597
Validation Loss: 0.2636
No improvement in validation loss. Early stop counter: 2/10
Epoch [23/1000], Training Loss: 0.2574
Validation Loss: 0.2605
New best model found with validation loss: 0.2605
Epoch [24/1000], Training Loss: 0.2580
Validation Loss: 0.2617
No improvement in validation loss. Early stop counter: 1/10
Epoch [25/1000], Training Loss: 0.2577
Validation Loss: 0.2604
New best model found with validation loss: 0.2604
Epoch [26/1000], Training Loss: 0.2567
Validation Loss: 0.2639
No improvement in validation loss. Early stop counter: 1/10
Epoch [27/1000], Training Loss: 0.2573
Validation Loss: 0.2584
New best model found with validation loss: 0.2584
Epoch [28/1000], Training Loss: 0.2571
Validation Loss: 0.2634
No improvement in validation loss. Early stop counter: 1/10
Epoch [29/1000], Training Loss: 0.2565
Validation Loss: 0.2586
No improvement in validation loss. Early stop counter: 2/10
Epoch [30/1000], Training Loss: 0.2560
Validation Loss: 0.2621
No improvement in validation loss. Early stop counter: 3/10
Epoch [31/1000], Training Loss: 0.2537
Validation Loss: 0.2586
No improvement in validation loss. Early stop counter: 4/10
Epoch [32/1000], Training Loss: 0.2536
Validation Loss: 0.2599
No improvement in validation loss. Early stop counter: 5/10
Epoch [33/1000], Training Loss: 0.2523
Validation Loss: 0.2578
New best model found with validation loss: 0.2578
Epoch [34/1000], Training Loss: 0.2535
Validation Loss: 0.2568
New best model found with validation loss: 0.2568
Epoch [35/1000], Training Loss: 0.2533
Validation Loss: 0.2586
No improvement in validation loss. Early stop counter: 1/10
Epoch [36/1000], Training Loss: 0.2517
Validation Loss: 0.2585
No improvement in validation loss. Early stop counter: 2/10
Epoch [37/1000], Training Loss: 0.2521
Validation Loss: 0.2586
No improvement in validation loss. Early stop counter: 3/10
Epoch [38/1000], Training Loss: 0.2508
Validation Loss: 0.2574
No improvement in validation loss. Early stop counter: 4/10
Epoch [39/1000], Training Loss: 0.2501
Validation Loss: 0.2557
New best model found with validation loss: 0.2557
Epoch [40/1000], Training Loss: 0.2513
Validation Loss: 0.2556
New best model found with validation loss: 0.2556
Epoch [41/1000], Training Loss: 0.2485
Validation Loss: 0.2575
No improvement in validation loss. Early stop counter: 1/10
Epoch [42/1000], Training Loss: 0.2493
Validation Loss: 0.2569
No improvement in validation loss. Early stop counter: 2/10
Epoch [43/1000], Training Loss: 0.2498
Validation Loss: 0.2562
No improvement in validation loss. Early stop counter: 3/10
Epoch [44/1000], Training Loss: 0.2490
Validation Loss: 0.2556
No improvement in validation loss. Early stop counter: 4/10
Epoch [45/1000], Training Loss: 0.2488
Validation Loss: 0.2552
New best model found with validation loss: 0.2552
Epoch [46/1000], Training Loss: 0.2495
Validation Loss: 0.2559
No improvement in validation loss. Early stop counter: 1/10
Epoch [47/1000], Training Loss: 0.2489
Validation Loss: 0.2578
No improvement in validation loss. Early stop counter: 2/10
Epoch [48/1000], Training Loss: 0.2483
Validation Loss: 0.2546
New best model found with validation loss: 0.2546
Epoch [49/1000], Training Loss: 0.2487
Validation Loss: 0.2558
No improvement in validation loss. Early stop counter: 1/10
Epoch [50/1000], Training Loss: 0.2486
Validation Loss: 0.2567
No improvement in validation loss. Early stop counter: 2/10
Epoch [51/1000], Training Loss: 0.2463
Validation Loss: 0.2547
No improvement in validation loss. Early stop counter: 3/10
Epoch [52/1000], Training Loss: 0.2466
Validation Loss: 0.2554
No improvement in validation loss. Early stop counter: 4/10
Epoch [53/1000], Training Loss: 0.2489
Validation Loss: 0.2554
No improvement in validation loss. Early stop counter: 5/10
Epoch [54/1000], Training Loss: 0.2486
Validation Loss: 0.2544
New best model found with validation loss: 0.2544
Epoch [55/1000], Training Loss: 0.2471
Validation Loss: 0.2547
No improvement in validation loss. Early stop counter: 1/10
Epoch [56/1000], Training Loss: 0.2487
Validation Loss: 0.2556
No improvement in validation loss. Early stop counter: 2/10
Epoch [57/1000], Training Loss: 0.2470
Validation Loss: 0.2558
No improvement in validation loss. Early stop counter: 3/10
Epoch [58/1000], Training Loss: 0.2466
Validation Loss: 0.2542
New best model found with validation loss: 0.2542
Epoch [59/1000], Training Loss: 0.2490
Validation Loss: 0.2559
No improvement in validation loss. Early stop counter: 1/10
Epoch [60/1000], Training Loss: 0.2484
Validation Loss: 0.2563
No improvement in validation loss. Early stop counter: 2/10
Epoch [61/1000], Training Loss: 0.2468
Validation Loss: 0.2542
New best model found with validation loss: 0.2542
Epoch [62/1000], Training Loss: 0.2478
Validation Loss: 0.2547
No improvement in validation loss. Early stop counter: 1/10
Epoch [63/1000], Training Loss: 0.2473
Validation Loss: 0.2547
No improvement in validation loss. Early stop counter: 2/10
Epoch [64/1000], Training Loss: 0.2483
Validation Loss: 0.2543
No improvement in validation loss. Early stop counter: 3/10
Epoch [65/1000], Training Loss: 0.2470
Validation Loss: 0.2546
No improvement in validation loss. Early stop counter: 4/10
Epoch [66/1000], Training Loss: 0.2459
Validation Loss: 0.2541
New best model found with validation loss: 0.2541
Epoch [67/1000], Training Loss: 0.2454
Validation Loss: 0.2547
No improvement in validation loss. Early stop counter: 1/10
Epoch [68/1000], Training Loss: 0.2455
Validation Loss: 0.2546
No improvement in validation loss. Early stop counter: 2/10
Epoch [69/1000], Training Loss: 0.2458
Validation Loss: 0.2542
No improvement in validation loss. Early stop counter: 3/10
Epoch [70/1000], Training Loss: 0.2467
Validation Loss: 0.2542
No improvement in validation loss. Early stop counter: 4/10
Epoch [71/1000], Training Loss: 0.2462
Validation Loss: 0.2541
No improvement in validation loss. Early stop counter: 5/10
Epoch [72/1000], Training Loss: 0.2463
Validation Loss: 0.2543
No improvement in validation loss. Early stop counter: 6/10
Epoch [73/1000], Training Loss: 0.2452
Validation Loss: 0.2542
No improvement in validation loss. Early stop counter: 7/10
Epoch [74/1000], Training Loss: 0.2470
Validation Loss: 0.2550
No improvement in validation loss. Early stop counter: 8/10
Epoch [75/1000], Training Loss: 0.2482
Validation Loss: 0.2543
No improvement in validation loss. Early stop counter: 9/10
Epoch [76/1000], Training Loss: 0.2454
Validation Loss: 0.2541
No improvement in validation loss. Early stop counter: 10/10
Early stopping triggered after 76 epochs.
Best model for fold 5 saved successfully.

Cross-validation results:
Fold 1: Validation Loss = 0.2503
Fold 2: Validation Loss = 0.2628
Fold 3: Validation Loss = 0.2574
Fold 4: Validation Loss = 0.2691
Fold 5: Validation Loss = 0.2541
Average Validation Loss: 0.2587
