{'batch_size': 4, 'sequence_file': 'padded_sequences_train_3000.npz', 'data_file': 'padded_interfaces_train_3000.npz', 'edge_file': 'padded_edges_train_3000.npz', 'max_len': 3000, 'vocab_size': 23, 'embed_dim': 256, 'num_heads': 16, 'dropout': 0.1, 'num_layers': 2, 'num_gnn_layers': 1, 'num_int_layers': 1, 'num_classes': 2, 'num_epochs': 1000, 'learning_rate': 0.0001, 'max_grad_norm': 0.1, 'validation_split': 0.1, 'early_stop_patience': 10, 'initial_gradient_noise_std': 0.05, 'accumulation_steps': 2}
Number of GPUs available: 4

Starting Fold 1/5...
Initializing ClassificationModel with 1 GAT layers and residual connections...
Initializing MCModel with 1 GAT layers and 1 row attention layers...
Initializing CGModel with 1 GAT layers and residual connections...
Initializing CoreModel with 2 self-attention layers...
Using 4 GPUs with DataParallel.
Epoch [1/1000], Training Loss: 0.6964
Validation Loss: 0.6164
New best model found with validation loss: 0.6164
Epoch [2/1000], Training Loss: 0.6045
Validation Loss: 0.5735
New best model found with validation loss: 0.5735
Epoch [3/1000], Training Loss: 0.5470
Validation Loss: 0.5477
New best model found with validation loss: 0.5477
Epoch [4/1000], Training Loss: 0.5166
Validation Loss: 0.5494
No improvement in validation loss. Early stop counter: 1/10
Epoch [5/1000], Training Loss: 0.4961
Validation Loss: 0.5140
New best model found with validation loss: 0.5140
Epoch [6/1000], Training Loss: 0.4801
Validation Loss: 0.5080
New best model found with validation loss: 0.5080
Epoch [7/1000], Training Loss: 0.4760
Validation Loss: 0.5150
No improvement in validation loss. Early stop counter: 1/10
Epoch [8/1000], Training Loss: 0.4649
Validation Loss: 0.5059
New best model found with validation loss: 0.5059
Epoch [9/1000], Training Loss: 0.4596
Validation Loss: 0.5234
No improvement in validation loss. Early stop counter: 1/10
Epoch [10/1000], Training Loss: 0.4494
Validation Loss: 0.4958
New best model found with validation loss: 0.4958
Epoch [11/1000], Training Loss: 0.4421
Validation Loss: 0.4808
New best model found with validation loss: 0.4808
Epoch [12/1000], Training Loss: 0.4368
Validation Loss: 0.4902
No improvement in validation loss. Early stop counter: 1/10
Epoch [13/1000], Training Loss: 0.4369
Validation Loss: 0.4910
No improvement in validation loss. Early stop counter: 2/10
Epoch [14/1000], Training Loss: 0.4335
Validation Loss: 0.4875
No improvement in validation loss. Early stop counter: 3/10
Epoch [15/1000], Training Loss: 0.4300
Validation Loss: 0.4742
New best model found with validation loss: 0.4742
Epoch [16/1000], Training Loss: 0.4288
Validation Loss: 0.4932
No improvement in validation loss. Early stop counter: 1/10
Epoch [17/1000], Training Loss: 0.4250
Validation Loss: 0.4788
No improvement in validation loss. Early stop counter: 2/10
Epoch [18/1000], Training Loss: 0.4250
Validation Loss: 0.4890
No improvement in validation loss. Early stop counter: 3/10
Epoch [19/1000], Training Loss: 0.4239
Validation Loss: 0.4774
No improvement in validation loss. Early stop counter: 4/10
Epoch [20/1000], Training Loss: 0.4198
Validation Loss: 0.4747
No improvement in validation loss. Early stop counter: 5/10
Epoch [21/1000], Training Loss: 0.4160
Validation Loss: 0.4876
No improvement in validation loss. Early stop counter: 6/10
Epoch [22/1000], Training Loss: 0.4143
Validation Loss: 0.4784
No improvement in validation loss. Early stop counter: 7/10
Epoch [23/1000], Training Loss: 0.4147
Validation Loss: 0.4827
No improvement in validation loss. Early stop counter: 8/10
Epoch [24/1000], Training Loss: 0.4131
Validation Loss: 0.4738
New best model found with validation loss: 0.4738
Epoch [25/1000], Training Loss: 0.4119
Validation Loss: 0.4738
New best model found with validation loss: 0.4738
Epoch [26/1000], Training Loss: 0.4100
Validation Loss: 0.4695
New best model found with validation loss: 0.4695
Epoch [27/1000], Training Loss: 0.4091
Validation Loss: 0.4690
New best model found with validation loss: 0.4690
Epoch [28/1000], Training Loss: 0.4067
Validation Loss: 0.4772
No improvement in validation loss. Early stop counter: 1/10
Epoch [29/1000], Training Loss: 0.4083
Validation Loss: 0.4836
No improvement in validation loss. Early stop counter: 2/10
Epoch [30/1000], Training Loss: 0.4099
Validation Loss: 0.4773
No improvement in validation loss. Early stop counter: 3/10
Epoch [31/1000], Training Loss: 0.4045
Validation Loss: 0.4725
No improvement in validation loss. Early stop counter: 4/10
Epoch [32/1000], Training Loss: 0.4056
Validation Loss: 0.4624
New best model found with validation loss: 0.4624
Epoch [33/1000], Training Loss: 0.4034
Validation Loss: 0.4717
No improvement in validation loss. Early stop counter: 1/10
Epoch [34/1000], Training Loss: 0.4041
Validation Loss: 0.4681
No improvement in validation loss. Early stop counter: 2/10
Epoch [35/1000], Training Loss: 0.4023
Validation Loss: 0.4672
No improvement in validation loss. Early stop counter: 3/10
Epoch [36/1000], Training Loss: 0.4024
Validation Loss: 0.4671
No improvement in validation loss. Early stop counter: 4/10
Epoch [37/1000], Training Loss: 0.4023
Validation Loss: 0.4809
No improvement in validation loss. Early stop counter: 5/10
Epoch [38/1000], Training Loss: 0.4013
Validation Loss: 0.4666
No improvement in validation loss. Early stop counter: 6/10
Epoch [39/1000], Training Loss: 0.4033
Validation Loss: 0.4666
No improvement in validation loss. Early stop counter: 7/10
Epoch [40/1000], Training Loss: 0.4002
Validation Loss: 0.4602
New best model found with validation loss: 0.4602
Epoch [41/1000], Training Loss: 0.3991
Validation Loss: 0.4639
No improvement in validation loss. Early stop counter: 1/10
Epoch [42/1000], Training Loss: 0.3982
Validation Loss: 0.4707
No improvement in validation loss. Early stop counter: 2/10
Epoch [43/1000], Training Loss: 0.3988
Validation Loss: 0.4648
No improvement in validation loss. Early stop counter: 3/10
Epoch [44/1000], Training Loss: 0.3993
Validation Loss: 0.4665
No improvement in validation loss. Early stop counter: 4/10
Epoch [45/1000], Training Loss: 0.3981
Validation Loss: 0.4615
No improvement in validation loss. Early stop counter: 5/10
Epoch [46/1000], Training Loss: 0.3982
Validation Loss: 0.4675
No improvement in validation loss. Early stop counter: 6/10
Epoch [47/1000], Training Loss: 0.3980
Validation Loss: 0.4633
No improvement in validation loss. Early stop counter: 7/10
Epoch [48/1000], Training Loss: 0.3986
Validation Loss: 0.4676
No improvement in validation loss. Early stop counter: 8/10
Epoch [49/1000], Training Loss: 0.3951
Validation Loss: 0.4635
No improvement in validation loss. Early stop counter: 9/10
Epoch [50/1000], Training Loss: 0.3971
Validation Loss: 0.4622
No improvement in validation loss. Early stop counter: 10/10
Early stopping triggered after 50 epochs.
Best model for fold 1 saved successfully.

Starting Fold 2/5...
Initializing ClassificationModel with 1 GAT layers and residual connections...
Initializing MCModel with 1 GAT layers and 1 row attention layers...
Initializing CGModel with 1 GAT layers and residual connections...
Initializing CoreModel with 2 self-attention layers...
Using 4 GPUs with DataParallel.
Epoch [1/1000], Training Loss: 0.7021
