{'batch_size': 4, 'sequence_file': 'padded_sequences_train_3000.npz', 'data_file': 'padded_interfaces_train_3000.npz', 'edge_file': 'padded_edges_train_3000.npz', 'max_len': 3000, 'vocab_size': 23, 'embed_dim': 256, 'num_heads': 16, 'dropout': 0.2, 'num_layers': 1, 'num_gnn_layers': 1, 'num_int_layers': 1, 'num_classes': 2, 'num_epochs': 1000, 'learning_rate': 0.0001, 'max_grad_norm': 0.1, 'validation_split': 0.1, 'early_stop_patience': 10, 'initial_gradient_noise_std': 0.05, 'accumulation_steps': 2}
Number of GPUs available: 4

Starting Fold 1/5...
Initializing ClassificationModel with 1 GAT layers and residual connections...
Initializing MCModel with 1 GAT layers and 1 row attention layers...
Initializing CGModel with 1 GAT layers and residual connections...
Initializing CoreModel with 1 self-attention layers...
Using 4 GPUs with DataParallel.
Epoch [1/1000], Training Loss: 0.4123
Validation Loss: 0.3813
New best model found with validation loss: 0.3813
Epoch [2/1000], Training Loss: 0.3695
Validation Loss: 0.3746
New best model found with validation loss: 0.3746
Epoch [3/1000], Training Loss: 0.3461
Validation Loss: 0.3199
New best model found with validation loss: 0.3199
Epoch [4/1000], Training Loss: 0.3323
Validation Loss: 0.3102
New best model found with validation loss: 0.3102
Epoch [5/1000], Training Loss: 0.3198
Validation Loss: 0.3033
New best model found with validation loss: 0.3033
Epoch [6/1000], Training Loss: 0.3191
Validation Loss: 0.3231
No improvement in validation loss. Early stop counter: 1/10
Epoch [7/1000], Training Loss: 0.3078
Validation Loss: 0.3010
New best model found with validation loss: 0.3010
Epoch [8/1000], Training Loss: 0.3053
Validation Loss: 0.2888
New best model found with validation loss: 0.2888
Epoch [9/1000], Training Loss: 0.3023
Validation Loss: 0.2883
New best model found with validation loss: 0.2883
Epoch [10/1000], Training Loss: 0.3014
Validation Loss: 0.2870
New best model found with validation loss: 0.2870
Epoch [11/1000], Training Loss: 0.2988
Validation Loss: 0.2881
No improvement in validation loss. Early stop counter: 1/10
Epoch [12/1000], Training Loss: 0.2947
Validation Loss: 0.2872
No improvement in validation loss. Early stop counter: 2/10
Epoch [13/1000], Training Loss: 0.2904
Validation Loss: 0.2820
New best model found with validation loss: 0.2820
Epoch [14/1000], Training Loss: 0.2922
Validation Loss: 0.3108
No improvement in validation loss. Early stop counter: 1/10
Epoch [15/1000], Training Loss: 0.2952
Validation Loss: 0.2899
No improvement in validation loss. Early stop counter: 2/10
Epoch [16/1000], Training Loss: 0.2898
Validation Loss: 0.2985
No improvement in validation loss. Early stop counter: 3/10
Epoch [17/1000], Training Loss: 0.2882
Validation Loss: 0.2807
New best model found with validation loss: 0.2807
Epoch [18/1000], Training Loss: 0.2875
Validation Loss: 0.2962
No improvement in validation loss. Early stop counter: 1/10
Epoch [19/1000], Training Loss: 0.2853
Validation Loss: 0.2862
No improvement in validation loss. Early stop counter: 2/10
Epoch [20/1000], Training Loss: 0.2853
Validation Loss: 0.2897
No improvement in validation loss. Early stop counter: 3/10
Epoch [21/1000], Training Loss: 0.2809
Validation Loss: 0.2872
No improvement in validation loss. Early stop counter: 4/10
Epoch [22/1000], Training Loss: 0.2815
Validation Loss: 0.2820
No improvement in validation loss. Early stop counter: 5/10
Epoch [23/1000], Training Loss: 0.2799
Validation Loss: 0.2763
New best model found with validation loss: 0.2763
Epoch [24/1000], Training Loss: 0.2789
Validation Loss: 0.2806
No improvement in validation loss. Early stop counter: 1/10
Epoch [25/1000], Training Loss: 0.2778
Validation Loss: 0.2769
No improvement in validation loss. Early stop counter: 2/10
Epoch [26/1000], Training Loss: 0.2789
Validation Loss: 0.2747
New best model found with validation loss: 0.2747
Epoch [27/1000], Training Loss: 0.2776
Validation Loss: 0.2892
No improvement in validation loss. Early stop counter: 1/10
Epoch [28/1000], Training Loss: 0.2763
Validation Loss: 0.2728
New best model found with validation loss: 0.2728
Epoch [29/1000], Training Loss: 0.2771
Validation Loss: 0.2761
No improvement in validation loss. Early stop counter: 1/10
Epoch [30/1000], Training Loss: 0.2774
Validation Loss: 0.2740
No improvement in validation loss. Early stop counter: 2/10
Epoch [31/1000], Training Loss: 0.2733
Validation Loss: 0.2779
No improvement in validation loss. Early stop counter: 3/10
Epoch [32/1000], Training Loss: 0.2753
Validation Loss: 0.2785
No improvement in validation loss. Early stop counter: 4/10
Epoch [33/1000], Training Loss: 0.2734
Validation Loss: 0.2779
No improvement in validation loss. Early stop counter: 5/10
Epoch [34/1000], Training Loss: 0.2748
Validation Loss: 0.2732
No improvement in validation loss. Early stop counter: 6/10
Epoch [35/1000], Training Loss: 0.2741
Validation Loss: 0.2721
New best model found with validation loss: 0.2721
Epoch [36/1000], Training Loss: 0.2709
Validation Loss: 0.2738
No improvement in validation loss. Early stop counter: 1/10
Epoch [37/1000], Training Loss: 0.2731
Validation Loss: 0.2721
No improvement in validation loss. Early stop counter: 2/10
Epoch [38/1000], Training Loss: 0.2718
Validation Loss: 0.2798
No improvement in validation loss. Early stop counter: 3/10
Epoch [39/1000], Training Loss: 0.2753
Validation Loss: 0.2767
No improvement in validation loss. Early stop counter: 4/10
Epoch [40/1000], Training Loss: 0.2718
Validation Loss: 0.2702
New best model found with validation loss: 0.2702
Epoch [41/1000], Training Loss: 0.2709
Validation Loss: 0.2740
No improvement in validation loss. Early stop counter: 1/10
Epoch [42/1000], Training Loss: 0.2705
Validation Loss: 0.2769
No improvement in validation loss. Early stop counter: 2/10
Epoch [43/1000], Training Loss: 0.2722
Validation Loss: 0.2777
No improvement in validation loss. Early stop counter: 3/10
Epoch [44/1000], Training Loss: 0.2706
Validation Loss: 0.2734
No improvement in validation loss. Early stop counter: 4/10
Epoch [45/1000], Training Loss: 0.2700
Validation Loss: 0.2719
No improvement in validation loss. Early stop counter: 5/10
Epoch [46/1000], Training Loss: 0.2706
Validation Loss: 0.2727
No improvement in validation loss. Early stop counter: 6/10
Epoch [47/1000], Training Loss: 0.2710
Validation Loss: 0.2742
No improvement in validation loss. Early stop counter: 7/10
Epoch [48/1000], Training Loss: 0.2706
Validation Loss: 0.2701
New best model found with validation loss: 0.2701
Epoch [49/1000], Training Loss: 0.2704
Validation Loss: 0.2706
No improvement in validation loss. Early stop counter: 1/10
Epoch [50/1000], Training Loss: 0.2708
Validation Loss: 0.2707
No improvement in validation loss. Early stop counter: 2/10
Epoch [51/1000], Training Loss: 0.2711
Validation Loss: 0.2717
No improvement in validation loss. Early stop counter: 3/10
Epoch [52/1000], Training Loss: 0.2708
Validation Loss: 0.2724
No improvement in validation loss. Early stop counter: 4/10
Epoch [53/1000], Training Loss: 0.2687
Validation Loss: 0.2710
No improvement in validation loss. Early stop counter: 5/10
Epoch [54/1000], Training Loss: 0.2715
Validation Loss: 0.2732
No improvement in validation loss. Early stop counter: 6/10
Epoch [55/1000], Training Loss: 0.2696
Validation Loss: 0.2705
No improvement in validation loss. Early stop counter: 7/10
Epoch [56/1000], Training Loss: 0.2697
Validation Loss: 0.2693
New best model found with validation loss: 0.2693
Epoch [57/1000], Training Loss: 0.2696
Validation Loss: 0.2731
No improvement in validation loss. Early stop counter: 1/10
Epoch [58/1000], Training Loss: 0.2707
Validation Loss: 0.2723
No improvement in validation loss. Early stop counter: 2/10
Epoch [59/1000], Training Loss: 0.2689
Validation Loss: 0.2694
No improvement in validation loss. Early stop counter: 3/10
Epoch [60/1000], Training Loss: 0.2687
Validation Loss: 0.2701
No improvement in validation loss. Early stop counter: 4/10
Epoch [61/1000], Training Loss: 0.2696
Validation Loss: 0.2699
No improvement in validation loss. Early stop counter: 5/10
Epoch [62/1000], Training Loss: 0.2670
Validation Loss: 0.2695
No improvement in validation loss. Early stop counter: 6/10
Epoch [63/1000], Training Loss: 0.2683
Validation Loss: 0.2705
No improvement in validation loss. Early stop counter: 7/10
Epoch [64/1000], Training Loss: 0.2683
Validation Loss: 0.2713
No improvement in validation loss. Early stop counter: 8/10
Epoch [65/1000], Training Loss: 0.2691
Validation Loss: 0.2715
No improvement in validation loss. Early stop counter: 9/10
Epoch [66/1000], Training Loss: 0.2686
Validation Loss: 0.2701
No improvement in validation loss. Early stop counter: 10/10
Early stopping triggered after 66 epochs.
Best model for fold 1 saved successfully.

Starting Fold 2/5...
Initializing ClassificationModel with 1 GAT layers and residual connections...
Initializing MCModel with 1 GAT layers and 1 row attention layers...
Initializing CGModel with 1 GAT layers and residual connections...
Initializing CoreModel with 1 self-attention layers...
Using 4 GPUs with DataParallel.
Epoch [1/1000], Training Loss: 0.4114
Validation Loss: 0.3608
New best model found with validation loss: 0.3608
Epoch [2/1000], Training Loss: 0.3618
Validation Loss: 0.3495
New best model found with validation loss: 0.3495
Epoch [3/1000], Training Loss: 0.3396
Validation Loss: 0.3267
New best model found with validation loss: 0.3267
Epoch [4/1000], Training Loss: 0.3276
Validation Loss: 0.3184
New best model found with validation loss: 0.3184
Epoch [5/1000], Training Loss: 0.3156
Validation Loss: 0.3146
New best model found with validation loss: 0.3146
Epoch [6/1000], Training Loss: 0.3147
Validation Loss: 0.3123
New best model found with validation loss: 0.3123
Epoch [7/1000], Training Loss: 0.3088
Validation Loss: 0.3203
No improvement in validation loss. Early stop counter: 1/10
Epoch [8/1000], Training Loss: 0.3020
Validation Loss: 0.3066
New best model found with validation loss: 0.3066
Epoch [9/1000], Training Loss: 0.2995
Validation Loss: 0.3024
New best model found with validation loss: 0.3024
Epoch [10/1000], Training Loss: 0.2965
Validation Loss: 0.3145
No improvement in validation loss. Early stop counter: 1/10
Epoch [11/1000], Training Loss: 0.2935
Validation Loss: 0.3004
New best model found with validation loss: 0.3004
Epoch [12/1000], Training Loss: 0.2895
Validation Loss: 0.3008
No improvement in validation loss. Early stop counter: 1/10
Epoch [13/1000], Training Loss: 0.2888
Validation Loss: 0.3000
New best model found with validation loss: 0.3000
Epoch [14/1000], Training Loss: 0.2883
Validation Loss: 0.2984
New best model found with validation loss: 0.2984
Epoch [15/1000], Training Loss: 0.2870
Validation Loss: 0.2976
New best model found with validation loss: 0.2976
Epoch [16/1000], Training Loss: 0.2846
Validation Loss: 0.2999
No improvement in validation loss. Early stop counter: 1/10
Epoch [17/1000], Training Loss: 0.2858
Validation Loss: 0.3174
No improvement in validation loss. Early stop counter: 2/10
Epoch [18/1000], Training Loss: 0.2843
Validation Loss: 0.2926
New best model found with validation loss: 0.2926
Epoch [19/1000], Training Loss: 0.2819
Validation Loss: 0.3063
No improvement in validation loss. Early stop counter: 1/10
Epoch [20/1000], Training Loss: 0.2805
Validation Loss: 0.2978
No improvement in validation loss. Early stop counter: 2/10
Epoch [21/1000], Training Loss: 0.2789
Validation Loss: 0.2900
New best model found with validation loss: 0.2900
Epoch [22/1000], Training Loss: 0.2778
Validation Loss: 0.2969
No improvement in validation loss. Early stop counter: 1/10
Epoch [23/1000], Training Loss: 0.2777
Validation Loss: 0.2966
No improvement in validation loss. Early stop counter: 2/10
Epoch [24/1000], Training Loss: 0.2760
Validation Loss: 0.2910
No improvement in validation loss. Early stop counter: 3/10
Epoch [25/1000], Training Loss: 0.2762
Validation Loss: 0.2981
No improvement in validation loss. Early stop counter: 4/10
Epoch [26/1000], Training Loss: 0.2776
Validation Loss: 0.2895
New best model found with validation loss: 0.2895
Epoch [27/1000], Training Loss: 0.2762
Validation Loss: 0.2908
No improvement in validation loss. Early stop counter: 1/10
Epoch [28/1000], Training Loss: 0.2743
Validation Loss: 0.2927
No improvement in validation loss. Early stop counter: 2/10
Epoch [29/1000], Training Loss: 0.2733
Validation Loss: 0.2910
No improvement in validation loss. Early stop counter: 3/10
Epoch [30/1000], Training Loss: 0.2755
Validation Loss: 0.2918
No improvement in validation loss. Early stop counter: 4/10
Epoch [31/1000], Training Loss: 0.2717
Validation Loss: 0.2920
No improvement in validation loss. Early stop counter: 5/10
Epoch [32/1000], Training Loss: 0.2714
Validation Loss: 0.2921
No improvement in validation loss. Early stop counter: 6/10
Epoch [33/1000], Training Loss: 0.2710
Validation Loss: 0.2912
No improvement in validation loss. Early stop counter: 7/10
Epoch [34/1000], Training Loss: 0.2723
Validation Loss: 0.2946
No improvement in validation loss. Early stop counter: 8/10
Epoch [35/1000], Training Loss: 0.2709
Validation Loss: 0.2914
No improvement in validation loss. Early stop counter: 9/10
Epoch [36/1000], Training Loss: 0.2718
Validation Loss: 0.2911
No improvement in validation loss. Early stop counter: 10/10
Early stopping triggered after 36 epochs.
Best model for fold 2 saved successfully.

Starting Fold 3/5...
Initializing ClassificationModel with 1 GAT layers and residual connections...
Initializing MCModel with 1 GAT layers and 1 row attention layers...
Initializing CGModel with 1 GAT layers and residual connections...
Initializing CoreModel with 1 self-attention layers...
Using 4 GPUs with DataParallel.
Epoch [1/1000], Training Loss: 0.4267
Validation Loss: 0.3626
New best model found with validation loss: 0.3626
Epoch [2/1000], Training Loss: 0.3701
Validation Loss: 0.3467
New best model found with validation loss: 0.3467
Epoch [3/1000], Training Loss: 0.3490
Validation Loss: 0.3260
New best model found with validation loss: 0.3260
Epoch [4/1000], Training Loss: 0.3273
Validation Loss: 0.3271
No improvement in validation loss. Early stop counter: 1/10
Epoch [5/1000], Training Loss: 0.3177
Validation Loss: 0.3032
New best model found with validation loss: 0.3032
Epoch [6/1000], Training Loss: 0.3117
Validation Loss: 0.2980
New best model found with validation loss: 0.2980
Epoch [7/1000], Training Loss: 0.3064
Validation Loss: 0.2921
New best model found with validation loss: 0.2921
Epoch [8/1000], Training Loss: 0.3038
Validation Loss: 0.3057
No improvement in validation loss. Early stop counter: 1/10
Epoch [9/1000], Training Loss: 0.3000
Validation Loss: 0.3012
No improvement in validation loss. Early stop counter: 2/10
Epoch [10/1000], Training Loss: 0.2947
Validation Loss: 0.2917
New best model found with validation loss: 0.2917
Epoch [11/1000], Training Loss: 0.2922
Validation Loss: 0.2976
No improvement in validation loss. Early stop counter: 1/10
Epoch [12/1000], Training Loss: 0.2910
Validation Loss: 0.2895
New best model found with validation loss: 0.2895
Epoch [13/1000], Training Loss: 0.2919
Validation Loss: 0.2844
New best model found with validation loss: 0.2844
Epoch [14/1000], Training Loss: 0.2882
Validation Loss: 0.2920
No improvement in validation loss. Early stop counter: 1/10
Epoch [15/1000], Training Loss: 0.2871
Validation Loss: 0.2846
No improvement in validation loss. Early stop counter: 2/10
Epoch [16/1000], Training Loss: 0.2875
Validation Loss: 0.2822
New best model found with validation loss: 0.2822
Epoch [17/1000], Training Loss: 0.2866
Validation Loss: 0.2890
No improvement in validation loss. Early stop counter: 1/10
Epoch [18/1000], Training Loss: 0.2871
Validation Loss: 0.2864
No improvement in validation loss. Early stop counter: 2/10
Epoch [19/1000], Training Loss: 0.2867
Validation Loss: 0.2830
No improvement in validation loss. Early stop counter: 3/10
Epoch [20/1000], Training Loss: 0.2845
Validation Loss: 0.2784
New best model found with validation loss: 0.2784
Epoch [21/1000], Training Loss: 0.2817
Validation Loss: 0.2817
No improvement in validation loss. Early stop counter: 1/10
Epoch [22/1000], Training Loss: 0.2799
Validation Loss: 0.2772
New best model found with validation loss: 0.2772
Epoch [23/1000], Training Loss: 0.2807
Validation Loss: 0.2789
No improvement in validation loss. Early stop counter: 1/10
Epoch [24/1000], Training Loss: 0.2787
Validation Loss: 0.2781
No improvement in validation loss. Early stop counter: 2/10
Epoch [25/1000], Training Loss: 0.2787
Validation Loss: 0.2765
New best model found with validation loss: 0.2765
Epoch [26/1000], Training Loss: 0.2783
Validation Loss: 0.2772
No improvement in validation loss. Early stop counter: 1/10
Epoch [27/1000], Training Loss: 0.2765
Validation Loss: 0.2838
No improvement in validation loss. Early stop counter: 2/10
Epoch [28/1000], Training Loss: 0.2779
Validation Loss: 0.2758
New best model found with validation loss: 0.2758
Epoch [29/1000], Training Loss: 0.2765
Validation Loss: 0.2758
New best model found with validation loss: 0.2758
Epoch [30/1000], Training Loss: 0.2772
Validation Loss: 0.2740
New best model found with validation loss: 0.2740
Epoch [31/1000], Training Loss: 0.2748
Validation Loss: 0.2774
No improvement in validation loss. Early stop counter: 1/10
Epoch [32/1000], Training Loss: 0.2756
Validation Loss: 0.2769
No improvement in validation loss. Early stop counter: 2/10
Epoch [33/1000], Training Loss: 0.2742
Validation Loss: 0.2764
No improvement in validation loss. Early stop counter: 3/10
Epoch [34/1000], Training Loss: 0.2730
Validation Loss: 0.2764
No improvement in validation loss. Early stop counter: 4/10
Epoch [35/1000], Training Loss: 0.2750
Validation Loss: 0.2731
New best model found with validation loss: 0.2731
Epoch [36/1000], Training Loss: 0.2731
Validation Loss: 0.2754
No improvement in validation loss. Early stop counter: 1/10
Epoch [37/1000], Training Loss: 0.2731
Validation Loss: 0.2729
New best model found with validation loss: 0.2729
Epoch [38/1000], Training Loss: 0.2735
Validation Loss: 0.2720
New best model found with validation loss: 0.2720
Epoch [39/1000], Training Loss: 0.2718
Validation Loss: 0.2738
No improvement in validation loss. Early stop counter: 1/10
Epoch [40/1000], Training Loss: 0.2723
Validation Loss: 0.2734
No improvement in validation loss. Early stop counter: 2/10
Epoch [41/1000], Training Loss: 0.2709
Validation Loss: 0.2743
No improvement in validation loss. Early stop counter: 3/10
Epoch [42/1000], Training Loss: 0.2713
Validation Loss: 0.2733
No improvement in validation loss. Early stop counter: 4/10
Epoch [43/1000], Training Loss: 0.2707
Validation Loss: 0.2719
New best model found with validation loss: 0.2719
Epoch [44/1000], Training Loss: 0.2716
Validation Loss: 0.2729
No improvement in validation loss. Early stop counter: 1/10
Epoch [45/1000], Training Loss: 0.2708
Validation Loss: 0.2738
No improvement in validation loss. Early stop counter: 2/10
Epoch [46/1000], Training Loss: 0.2719
Validation Loss: 0.2734
No improvement in validation loss. Early stop counter: 3/10
Epoch [47/1000], Training Loss: 0.2716
Validation Loss: 0.2709
New best model found with validation loss: 0.2709
Epoch [48/1000], Training Loss: 0.2695
Validation Loss: 0.2735
No improvement in validation loss. Early stop counter: 1/10
Epoch [49/1000], Training Loss: 0.2686
Validation Loss: 0.2718
No improvement in validation loss. Early stop counter: 2/10
Epoch [50/1000], Training Loss: 0.2709
Validation Loss: 0.2724
No improvement in validation loss. Early stop counter: 3/10
Epoch [51/1000], Training Loss: 0.2705
Validation Loss: 0.2723
No improvement in validation loss. Early stop counter: 4/10
Epoch [52/1000], Training Loss: 0.2696
Validation Loss: 0.2709
No improvement in validation loss. Early stop counter: 5/10
Epoch [53/1000], Training Loss: 0.2702
Validation Loss: 0.2726
No improvement in validation loss. Early stop counter: 6/10
Epoch [54/1000], Training Loss: 0.2692
Validation Loss: 0.2707
New best model found with validation loss: 0.2707
Epoch [55/1000], Training Loss: 0.2695
Validation Loss: 0.2718
No improvement in validation loss. Early stop counter: 1/10
Epoch [56/1000], Training Loss: 0.2704
Validation Loss: 0.2712
No improvement in validation loss. Early stop counter: 2/10
Epoch [57/1000], Training Loss: 0.2687
Validation Loss: 0.2714
No improvement in validation loss. Early stop counter: 3/10
Epoch [58/1000], Training Loss: 0.2695
Validation Loss: 0.2716
No improvement in validation loss. Early stop counter: 4/10
Epoch [59/1000], Training Loss: 0.2689
Validation Loss: 0.2720
No improvement in validation loss. Early stop counter: 5/10
Epoch [60/1000], Training Loss: 0.2691
Validation Loss: 0.2709
No improvement in validation loss. Early stop counter: 6/10
Epoch [61/1000], Training Loss: 0.2697
Validation Loss: 0.2710
No improvement in validation loss. Early stop counter: 7/10
Epoch [62/1000], Training Loss: 0.2700
Validation Loss: 0.2706
New best model found with validation loss: 0.2706
Epoch [63/1000], Training Loss: 0.2687
Validation Loss: 0.2714
No improvement in validation loss. Early stop counter: 1/10
Epoch [64/1000], Training Loss: 0.2689
Validation Loss: 0.2707
No improvement in validation loss. Early stop counter: 2/10
Epoch [65/1000], Training Loss: 0.2700
Validation Loss: 0.2706
No improvement in validation loss. Early stop counter: 3/10
Epoch [66/1000], Training Loss: 0.2702
Validation Loss: 0.2709
No improvement in validation loss. Early stop counter: 4/10
Epoch [67/1000], Training Loss: 0.2688
Validation Loss: 0.2706
No improvement in validation loss. Early stop counter: 5/10
Epoch [68/1000], Training Loss: 0.2682
Validation Loss: 0.2709
No improvement in validation loss. Early stop counter: 6/10
Epoch [69/1000], Training Loss: 0.2680
Validation Loss: 0.2707
No improvement in validation loss. Early stop counter: 7/10
Epoch [70/1000], Training Loss: 0.2694
Validation Loss: 0.2706
No improvement in validation loss. Early stop counter: 8/10
Epoch [71/1000], Training Loss: 0.2693
Validation Loss: 0.2706
No improvement in validation loss. Early stop counter: 9/10
Epoch [72/1000], Training Loss: 0.2698
Validation Loss: 0.2704
New best model found with validation loss: 0.2704
Epoch [73/1000], Training Loss: 0.2693
Validation Loss: 0.2706
No improvement in validation loss. Early stop counter: 1/10
Epoch [74/1000], Training Loss: 0.2688
Validation Loss: 0.2707
No improvement in validation loss. Early stop counter: 2/10
Epoch [75/1000], Training Loss: 0.2681
Validation Loss: 0.2706
No improvement in validation loss. Early stop counter: 3/10
Epoch [76/1000], Training Loss: 0.2683
Validation Loss: 0.2708
No improvement in validation loss. Early stop counter: 4/10
Epoch [77/1000], Training Loss: 0.2703
Validation Loss: 0.2708
No improvement in validation loss. Early stop counter: 5/10
Epoch [78/1000], Training Loss: 0.2707
Validation Loss: 0.2708
No improvement in validation loss. Early stop counter: 6/10
Epoch [79/1000], Training Loss: 0.2701
Validation Loss: 0.2709
No improvement in validation loss. Early stop counter: 7/10
Epoch [80/1000], Training Loss: 0.2677
Validation Loss: 0.2704
New best model found with validation loss: 0.2704
Epoch [81/1000], Training Loss: 0.2687
Validation Loss: 0.2705
No improvement in validation loss. Early stop counter: 1/10
Epoch [82/1000], Training Loss: 0.2677
Validation Loss: 0.2704
No improvement in validation loss. Early stop counter: 2/10
Epoch [83/1000], Training Loss: 0.2665
Validation Loss: 0.2705
No improvement in validation loss. Early stop counter: 3/10
Epoch [84/1000], Training Loss: 0.2681
Validation Loss: 0.2708
No improvement in validation loss. Early stop counter: 4/10
Epoch [85/1000], Training Loss: 0.2704
Validation Loss: 0.2705
No improvement in validation loss. Early stop counter: 5/10
Epoch [86/1000], Training Loss: 0.2683
Validation Loss: 0.2707
No improvement in validation loss. Early stop counter: 6/10
Epoch [87/1000], Training Loss: 0.2698
Validation Loss: 0.2705
No improvement in validation loss. Early stop counter: 7/10
Epoch [88/1000], Training Loss: 0.2686
Validation Loss: 0.2707
No improvement in validation loss. Early stop counter: 8/10
Epoch [89/1000], Training Loss: 0.2696
Validation Loss: 0.2708
No improvement in validation loss. Early stop counter: 9/10
Epoch [90/1000], Training Loss: 0.2674
Validation Loss: 0.2708
No improvement in validation loss. Early stop counter: 10/10
Early stopping triggered after 90 epochs.
Best model for fold 3 saved successfully.

Starting Fold 4/5...
Initializing ClassificationModel with 1 GAT layers and residual connections...
Initializing MCModel with 1 GAT layers and 1 row attention layers...
Initializing CGModel with 1 GAT layers and residual connections...
Initializing CoreModel with 1 self-attention layers...
Using 4 GPUs with DataParallel.
Epoch [1/1000], Training Loss: 0.4067
Validation Loss: 0.3753
New best model found with validation loss: 0.3753
Epoch [2/1000], Training Loss: 0.3537
Validation Loss: 0.3463
New best model found with validation loss: 0.3463
Epoch [3/1000], Training Loss: 0.3301
Validation Loss: 0.3266
New best model found with validation loss: 0.3266
Epoch [4/1000], Training Loss: 0.3252
Validation Loss: 0.3180
New best model found with validation loss: 0.3180
Epoch [5/1000], Training Loss: 0.3148
Validation Loss: 0.3206
No improvement in validation loss. Early stop counter: 1/10
Epoch [6/1000], Training Loss: 0.3088
Validation Loss: 0.3303
No improvement in validation loss. Early stop counter: 2/10
Epoch [7/1000], Training Loss: 0.3060
Validation Loss: 0.3421
No improvement in validation loss. Early stop counter: 3/10
Epoch [8/1000], Training Loss: 0.2982
Validation Loss: 0.3109
New best model found with validation loss: 0.3109
Epoch [9/1000], Training Loss: 0.2977
Validation Loss: 0.3004
New best model found with validation loss: 0.3004
Epoch [10/1000], Training Loss: 0.2924
Validation Loss: 0.3210
No improvement in validation loss. Early stop counter: 1/10
Epoch [11/1000], Training Loss: 0.2884
Validation Loss: 0.3005
No improvement in validation loss. Early stop counter: 2/10
Epoch [12/1000], Training Loss: 0.2848
Validation Loss: 0.3007
No improvement in validation loss. Early stop counter: 3/10
Epoch [13/1000], Training Loss: 0.2861
Validation Loss: 0.3036
No improvement in validation loss. Early stop counter: 4/10
Epoch [14/1000], Training Loss: 0.2876
Validation Loss: 0.2955
New best model found with validation loss: 0.2955
Epoch [15/1000], Training Loss: 0.2811
Validation Loss: 0.2971
No improvement in validation loss. Early stop counter: 1/10
Epoch [16/1000], Training Loss: 0.2789
Validation Loss: 0.3088
No improvement in validation loss. Early stop counter: 2/10
Epoch [17/1000], Training Loss: 0.2793
Validation Loss: 0.3039
No improvement in validation loss. Early stop counter: 3/10
Epoch [18/1000], Training Loss: 0.2792
Validation Loss: 0.2987
No improvement in validation loss. Early stop counter: 4/10
Epoch [19/1000], Training Loss: 0.2798
Validation Loss: 0.2917
New best model found with validation loss: 0.2917
Epoch [20/1000], Training Loss: 0.2760
Validation Loss: 0.2971
No improvement in validation loss. Early stop counter: 1/10
Epoch [21/1000], Training Loss: 0.2744
Validation Loss: 0.2919
No improvement in validation loss. Early stop counter: 2/10
Epoch [22/1000], Training Loss: 0.2740
Validation Loss: 0.3019
No improvement in validation loss. Early stop counter: 3/10
Epoch [23/1000], Training Loss: 0.2743
Validation Loss: 0.2917
No improvement in validation loss. Early stop counter: 4/10
Epoch [24/1000], Training Loss: 0.2717
Validation Loss: 0.2936
No improvement in validation loss. Early stop counter: 5/10
Epoch [25/1000], Training Loss: 0.2706
Validation Loss: 0.2912
New best model found with validation loss: 0.2912
Epoch [26/1000], Training Loss: 0.2712
Validation Loss: 0.2910
New best model found with validation loss: 0.2910
Epoch [27/1000], Training Loss: 0.2715
Validation Loss: 0.2945
No improvement in validation loss. Early stop counter: 1/10
Epoch [28/1000], Training Loss: 0.2684
Validation Loss: 0.2941
No improvement in validation loss. Early stop counter: 2/10
Epoch [29/1000], Training Loss: 0.2688
Validation Loss: 0.2864
New best model found with validation loss: 0.2864
Epoch [30/1000], Training Loss: 0.2705
Validation Loss: 0.2932
No improvement in validation loss. Early stop counter: 1/10
Epoch [31/1000], Training Loss: 0.2671
Validation Loss: 0.2881
No improvement in validation loss. Early stop counter: 2/10
Epoch [32/1000], Training Loss: 0.2666
Validation Loss: 0.2945
No improvement in validation loss. Early stop counter: 3/10
Epoch [33/1000], Training Loss: 0.2687
Validation Loss: 0.2909
No improvement in validation loss. Early stop counter: 4/10
Epoch [34/1000], Training Loss: 0.2642
Validation Loss: 0.2910
No improvement in validation loss. Early stop counter: 5/10
Epoch [35/1000], Training Loss: 0.2654
Validation Loss: 0.2893
No improvement in validation loss. Early stop counter: 6/10
Epoch [36/1000], Training Loss: 0.2649
Validation Loss: 0.2878
No improvement in validation loss. Early stop counter: 7/10
Epoch [37/1000], Training Loss: 0.2638
Validation Loss: 0.2934
No improvement in validation loss. Early stop counter: 8/10
Epoch [38/1000], Training Loss: 0.2654
Validation Loss: 0.2906
No improvement in validation loss. Early stop counter: 9/10
Epoch [39/1000], Training Loss: 0.2643
Validation Loss: 0.2897
No improvement in validation loss. Early stop counter: 10/10
Early stopping triggered after 39 epochs.
Best model for fold 4 saved successfully.

Starting Fold 5/5...
Initializing ClassificationModel with 1 GAT layers and residual connections...
Initializing MCModel with 1 GAT layers and 1 row attention layers...
Initializing CGModel with 1 GAT layers and residual connections...
Initializing CoreModel with 1 self-attention layers...
Using 4 GPUs with DataParallel.
Epoch [1/1000], Training Loss: 0.4143
Validation Loss: 0.3964
New best model found with validation loss: 0.3964
Epoch [2/1000], Training Loss: 0.3750
Validation Loss: 0.3558
New best model found with validation loss: 0.3558
Epoch [3/1000], Training Loss: 0.3427
Validation Loss: 0.3285
New best model found with validation loss: 0.3285
Epoch [4/1000], Training Loss: 0.3268
Validation Loss: 0.3210
New best model found with validation loss: 0.3210
Epoch [5/1000], Training Loss: 0.3235
Validation Loss: 0.3206
New best model found with validation loss: 0.3206
Epoch [6/1000], Training Loss: 0.3116
Validation Loss: 0.3063
New best model found with validation loss: 0.3063
Epoch [7/1000], Training Loss: 0.3066
Validation Loss: 0.3020
New best model found with validation loss: 0.3020
Epoch [8/1000], Training Loss: 0.3019
Validation Loss: 0.3005
New best model found with validation loss: 0.3005
Epoch [9/1000], Training Loss: 0.3009
Validation Loss: 0.2897
New best model found with validation loss: 0.2897
Epoch [10/1000], Training Loss: 0.2984
Validation Loss: 0.3026
No improvement in validation loss. Early stop counter: 1/10
Epoch [11/1000], Training Loss: 0.2936
Validation Loss: 0.2898
No improvement in validation loss. Early stop counter: 2/10
Epoch [12/1000], Training Loss: 0.2935
Validation Loss: 0.2901
No improvement in validation loss. Early stop counter: 3/10
Epoch [13/1000], Training Loss: 0.2901
Validation Loss: 0.2873
New best model found with validation loss: 0.2873
Epoch [14/1000], Training Loss: 0.2902
Validation Loss: 0.2896
No improvement in validation loss. Early stop counter: 1/10
Epoch [15/1000], Training Loss: 0.2905
Validation Loss: 0.2877
No improvement in validation loss. Early stop counter: 2/10
Epoch [16/1000], Training Loss: 0.2935
Validation Loss: 0.3025
No improvement in validation loss. Early stop counter: 3/10
Epoch [17/1000], Training Loss: 0.2886
Validation Loss: 0.3078
No improvement in validation loss. Early stop counter: 4/10
Epoch [18/1000], Training Loss: 0.2896
Validation Loss: 0.3039
No improvement in validation loss. Early stop counter: 5/10
Epoch [19/1000], Training Loss: 0.2870
Validation Loss: 0.2834
New best model found with validation loss: 0.2834
Epoch [20/1000], Training Loss: 0.2837
Validation Loss: 0.2859
No improvement in validation loss. Early stop counter: 1/10
Epoch [21/1000], Training Loss: 0.2850
Validation Loss: 0.2890
No improvement in validation loss. Early stop counter: 2/10
Epoch [22/1000], Training Loss: 0.2828
Validation Loss: 0.2821
New best model found with validation loss: 0.2821
Epoch [23/1000], Training Loss: 0.2814
Validation Loss: 0.2817
New best model found with validation loss: 0.2817
Epoch [24/1000], Training Loss: 0.2820
Validation Loss: 0.2800
New best model found with validation loss: 0.2800
Epoch [25/1000], Training Loss: 0.2797
Validation Loss: 0.2834
No improvement in validation loss. Early stop counter: 1/10
Epoch [26/1000], Training Loss: 0.2793
Validation Loss: 0.2842
No improvement in validation loss. Early stop counter: 2/10
Epoch [27/1000], Training Loss: 0.2784
Validation Loss: 0.2839
No improvement in validation loss. Early stop counter: 3/10
Epoch [28/1000], Training Loss: 0.2777
Validation Loss: 0.2832
No improvement in validation loss. Early stop counter: 4/10
Epoch [29/1000], Training Loss: 0.2772
Validation Loss: 0.3019
No improvement in validation loss. Early stop counter: 5/10
Epoch [30/1000], Training Loss: 0.2780
Validation Loss: 0.2805
No improvement in validation loss. Early stop counter: 6/10
Epoch [31/1000], Training Loss: 0.2746
Validation Loss: 0.2797
New best model found with validation loss: 0.2797
Epoch [32/1000], Training Loss: 0.2756
Validation Loss: 0.2812
No improvement in validation loss. Early stop counter: 1/10
Epoch [33/1000], Training Loss: 0.2750
Validation Loss: 0.2799
No improvement in validation loss. Early stop counter: 2/10
Epoch [34/1000], Training Loss: 0.2752
Validation Loss: 0.2807
No improvement in validation loss. Early stop counter: 3/10
Epoch [35/1000], Training Loss: 0.2754
Validation Loss: 0.2841
No improvement in validation loss. Early stop counter: 4/10
Epoch [36/1000], Training Loss: 0.2758
Validation Loss: 0.2794
New best model found with validation loss: 0.2794
Epoch [37/1000], Training Loss: 0.2743
Validation Loss: 0.2806
No improvement in validation loss. Early stop counter: 1/10
Epoch [38/1000], Training Loss: 0.2734
Validation Loss: 0.2788
New best model found with validation loss: 0.2788
Epoch [39/1000], Training Loss: 0.2735
Validation Loss: 0.2800
No improvement in validation loss. Early stop counter: 1/10
Epoch [40/1000], Training Loss: 0.2729
Validation Loss: 0.2791
No improvement in validation loss. Early stop counter: 2/10
Epoch [41/1000], Training Loss: 0.2719
Validation Loss: 0.2781
New best model found with validation loss: 0.2781
Epoch [42/1000], Training Loss: 0.2734
Validation Loss: 0.2779
New best model found with validation loss: 0.2779
Epoch [43/1000], Training Loss: 0.2704
Validation Loss: 0.2775
New best model found with validation loss: 0.2775
Epoch [44/1000], Training Loss: 0.2721
Validation Loss: 0.2828
No improvement in validation loss. Early stop counter: 1/10
Epoch [45/1000], Training Loss: 0.2716
Validation Loss: 0.2795
No improvement in validation loss. Early stop counter: 2/10
Epoch [46/1000], Training Loss: 0.2718
Validation Loss: 0.2783
No improvement in validation loss. Early stop counter: 3/10
Epoch [47/1000], Training Loss: 0.2704
Validation Loss: 0.2784
No improvement in validation loss. Early stop counter: 4/10
Epoch [48/1000], Training Loss: 0.2737
Validation Loss: 0.2768
New best model found with validation loss: 0.2768
Epoch [49/1000], Training Loss: 0.2706
Validation Loss: 0.2775
No improvement in validation loss. Early stop counter: 1/10
Epoch [50/1000], Training Loss: 0.2716
Validation Loss: 0.2787
No improvement in validation loss. Early stop counter: 2/10
Epoch [51/1000], Training Loss: 0.2725
Validation Loss: 0.2783
No improvement in validation loss. Early stop counter: 3/10
Epoch [52/1000], Training Loss: 0.2725
Validation Loss: 0.2798
No improvement in validation loss. Early stop counter: 4/10
Epoch [53/1000], Training Loss: 0.2711
Validation Loss: 0.2776
No improvement in validation loss. Early stop counter: 5/10
Epoch [54/1000], Training Loss: 0.2704
Validation Loss: 0.2783
No improvement in validation loss. Early stop counter: 6/10
Epoch [55/1000], Training Loss: 0.2711
Validation Loss: 0.2768
New best model found with validation loss: 0.2768
Epoch [56/1000], Training Loss: 0.2698
Validation Loss: 0.2795
No improvement in validation loss. Early stop counter: 1/10
Epoch [57/1000], Training Loss: 0.2708
Validation Loss: 0.2808
No improvement in validation loss. Early stop counter: 2/10
Epoch [58/1000], Training Loss: 0.2710
Validation Loss: 0.2793
No improvement in validation loss. Early stop counter: 3/10
Epoch [59/1000], Training Loss: 0.2698
Validation Loss: 0.2796
No improvement in validation loss. Early stop counter: 4/10
Epoch [60/1000], Training Loss: 0.2706
Validation Loss: 0.2777
No improvement in validation loss. Early stop counter: 5/10
Epoch [61/1000], Training Loss: 0.2718
Validation Loss: 0.2769
No improvement in validation loss. Early stop counter: 6/10
Epoch [62/1000], Training Loss: 0.2713
Validation Loss: 0.2770
No improvement in validation loss. Early stop counter: 7/10
Epoch [63/1000], Training Loss: 0.2699
Validation Loss: 0.2786
No improvement in validation loss. Early stop counter: 8/10
Epoch [64/1000], Training Loss: 0.2700
Validation Loss: 0.2777
No improvement in validation loss. Early stop counter: 9/10
Epoch [65/1000], Training Loss: 0.2709
Validation Loss: 0.2778
No improvement in validation loss. Early stop counter: 10/10
Early stopping triggered after 65 epochs.
Best model for fold 5 saved successfully.

Cross-validation results:
Fold 1: Validation Loss = 0.2693
Fold 2: Validation Loss = 0.2895
Fold 3: Validation Loss = 0.2704
Fold 4: Validation Loss = 0.2864
Fold 5: Validation Loss = 0.2768
Average Validation Loss: 0.2785
