{'batch_size': 4, 'sequence_file': 'padded_sequences_train_3000.npz', 'data_file': 'padded_interfaces_train_3000.npz', 'edge_file': 'padded_edges_train_3000.npz', 'max_len': 3000, 'vocab_size': 23, 'embed_dim': 256, 'num_heads': 16, 'dropout': 0.1, 'num_layers': 0, 'num_gnn_layers': 2, 'num_int_layers': 1, 'num_classes': 2, 'num_epochs': 1000, 'learning_rate': 0.0001, 'max_grad_norm': 0.1, 'validation_split': 0.1, 'early_stop_patience': 10, 'initial_gradient_noise_std': 0.05, 'accumulation_steps': 2}
Number of GPUs available: 4

Starting Fold 1/5...
Initializing ClassificationModel with 2 GAT layers and residual connections...
Initializing MCModel with 2 GAT layers and 1 row attention layers...
Initializing CGModel with 2 GAT layers and residual connections...
Initializing CoreModel with 0 self-attention layers...
Using 4 GPUs with DataParallel.
Epoch [1/1000], Training Loss: 0.4097
Validation Loss: 0.3350
New best model found with validation loss: 0.3350
Epoch [2/1000], Training Loss: 0.3366
Validation Loss: 0.3249
New best model found with validation loss: 0.3249
Epoch [3/1000], Training Loss: 0.3245
Validation Loss: 0.3051
New best model found with validation loss: 0.3051
Epoch [4/1000], Training Loss: 0.3174
Validation Loss: 0.2988
New best model found with validation loss: 0.2988
Epoch [5/1000], Training Loss: 0.3074
Validation Loss: 0.2960
New best model found with validation loss: 0.2960
Epoch [6/1000], Training Loss: 0.3050
Validation Loss: 0.2907
New best model found with validation loss: 0.2907
Epoch [7/1000], Training Loss: 0.2991
Validation Loss: 0.2926
No improvement in validation loss. Early stop counter: 1/10
Epoch [8/1000], Training Loss: 0.2972
Validation Loss: 0.2902
New best model found with validation loss: 0.2902
Epoch [9/1000], Training Loss: 0.2952
Validation Loss: 0.2934
No improvement in validation loss. Early stop counter: 1/10
Epoch [10/1000], Training Loss: 0.2937
Validation Loss: 0.2925
No improvement in validation loss. Early stop counter: 2/10
Epoch [11/1000], Training Loss: 0.2870
Validation Loss: 0.2812
New best model found with validation loss: 0.2812
Epoch [12/1000], Training Loss: 0.2855
Validation Loss: 0.2779
New best model found with validation loss: 0.2779
Epoch [13/1000], Training Loss: 0.2859
Validation Loss: 0.2828
No improvement in validation loss. Early stop counter: 1/10
Epoch [14/1000], Training Loss: 0.2829
Validation Loss: 0.2767
New best model found with validation loss: 0.2767
Epoch [15/1000], Training Loss: 0.2834
Validation Loss: 0.2757
New best model found with validation loss: 0.2757
Epoch [16/1000], Training Loss: 0.2813
Validation Loss: 0.2773
No improvement in validation loss. Early stop counter: 1/10
Epoch [17/1000], Training Loss: 0.2824
Validation Loss: 0.2737
New best model found with validation loss: 0.2737
Epoch [18/1000], Training Loss: 0.2818
Validation Loss: 0.2723
New best model found with validation loss: 0.2723
Epoch [19/1000], Training Loss: 0.2776
Validation Loss: 0.2724
No improvement in validation loss. Early stop counter: 1/10
Epoch [20/1000], Training Loss: 0.2787
Validation Loss: 0.2751
No improvement in validation loss. Early stop counter: 2/10
Epoch [21/1000], Training Loss: 0.2774
Validation Loss: 0.2706
New best model found with validation loss: 0.2706
Epoch [22/1000], Training Loss: 0.2755
Validation Loss: 0.2701
New best model found with validation loss: 0.2701
Epoch [23/1000], Training Loss: 0.2760
Validation Loss: 0.2735
No improvement in validation loss. Early stop counter: 1/10
Epoch [24/1000], Training Loss: 0.2756
Validation Loss: 0.2697
New best model found with validation loss: 0.2697
Epoch [25/1000], Training Loss: 0.2725
Validation Loss: 0.2715
No improvement in validation loss. Early stop counter: 1/10
Epoch [26/1000], Training Loss: 0.2728
Validation Loss: 0.2702
No improvement in validation loss. Early stop counter: 2/10
Epoch [27/1000], Training Loss: 0.2756
Validation Loss: 0.2697
New best model found with validation loss: 0.2697
Epoch [28/1000], Training Loss: 0.2731
Validation Loss: 0.2692
New best model found with validation loss: 0.2692
Epoch [29/1000], Training Loss: 0.2725
Validation Loss: 0.2736
No improvement in validation loss. Early stop counter: 1/10
Epoch [30/1000], Training Loss: 0.2719
Validation Loss: 0.2706
No improvement in validation loss. Early stop counter: 2/10
Epoch [31/1000], Training Loss: 0.2720
Validation Loss: 0.2689
New best model found with validation loss: 0.2689
Epoch [32/1000], Training Loss: 0.2704
Validation Loss: 0.2683
New best model found with validation loss: 0.2683
Epoch [33/1000], Training Loss: 0.2713
Validation Loss: 0.2687
No improvement in validation loss. Early stop counter: 1/10
Epoch [34/1000], Training Loss: 0.2707
Validation Loss: 0.2684
No improvement in validation loss. Early stop counter: 2/10
Epoch [35/1000], Training Loss: 0.2696
Validation Loss: 0.2674
New best model found with validation loss: 0.2674
Epoch [36/1000], Training Loss: 0.2718
Validation Loss: 0.2673
New best model found with validation loss: 0.2673
Epoch [37/1000], Training Loss: 0.2696
Validation Loss: 0.2678
No improvement in validation loss. Early stop counter: 1/10
Epoch [38/1000], Training Loss: 0.2693
Validation Loss: 0.2712
No improvement in validation loss. Early stop counter: 2/10
Epoch [39/1000], Training Loss: 0.2699
Validation Loss: 0.2672
New best model found with validation loss: 0.2672
Epoch [40/1000], Training Loss: 0.2698
Validation Loss: 0.2673
No improvement in validation loss. Early stop counter: 1/10
Epoch [41/1000], Training Loss: 0.2695
Validation Loss: 0.2669
New best model found with validation loss: 0.2669
Epoch [42/1000], Training Loss: 0.2701
Validation Loss: 0.2667
New best model found with validation loss: 0.2667
Epoch [43/1000], Training Loss: 0.2685
Validation Loss: 0.2668
No improvement in validation loss. Early stop counter: 1/10
Epoch [44/1000], Training Loss: 0.2672
Validation Loss: 0.2671
No improvement in validation loss. Early stop counter: 2/10
Epoch [45/1000], Training Loss: 0.2690
Validation Loss: 0.2675
No improvement in validation loss. Early stop counter: 3/10
Epoch [46/1000], Training Loss: 0.2699
Validation Loss: 0.2668
No improvement in validation loss. Early stop counter: 4/10
Epoch [47/1000], Training Loss: 0.2687
Validation Loss: 0.2668
No improvement in validation loss. Early stop counter: 5/10
Epoch [48/1000], Training Loss: 0.2696
Validation Loss: 0.2665
New best model found with validation loss: 0.2665
Epoch [49/1000], Training Loss: 0.2685
Validation Loss: 0.2667
No improvement in validation loss. Early stop counter: 1/10
Epoch [50/1000], Training Loss: 0.2687
Validation Loss: 0.2671
No improvement in validation loss. Early stop counter: 2/10
Epoch [51/1000], Training Loss: 0.2671
Validation Loss: 0.2665
New best model found with validation loss: 0.2665
Epoch [52/1000], Training Loss: 0.2692
Validation Loss: 0.2663
New best model found with validation loss: 0.2663
Epoch [53/1000], Training Loss: 0.2676
Validation Loss: 0.2667
No improvement in validation loss. Early stop counter: 1/10
Epoch [54/1000], Training Loss: 0.2667
Validation Loss: 0.2667
No improvement in validation loss. Early stop counter: 2/10
Epoch [55/1000], Training Loss: 0.2672
Validation Loss: 0.2668
No improvement in validation loss. Early stop counter: 3/10
Epoch [56/1000], Training Loss: 0.2689
Validation Loss: 0.2662
New best model found with validation loss: 0.2662
Epoch [57/1000], Training Loss: 0.2684
Validation Loss: 0.2664
No improvement in validation loss. Early stop counter: 1/10
Epoch [58/1000], Training Loss: 0.2680
Validation Loss: 0.2666
No improvement in validation loss. Early stop counter: 2/10
Epoch [59/1000], Training Loss: 0.2687
Validation Loss: 0.2660
New best model found with validation loss: 0.2660
Epoch [60/1000], Training Loss: 0.2681
Validation Loss: 0.2666
No improvement in validation loss. Early stop counter: 1/10
Epoch [61/1000], Training Loss: 0.2665
Validation Loss: 0.2662
No improvement in validation loss. Early stop counter: 2/10
Epoch [62/1000], Training Loss: 0.2681
Validation Loss: 0.2663
No improvement in validation loss. Early stop counter: 3/10
Epoch [63/1000], Training Loss: 0.2679
Validation Loss: 0.2662
No improvement in validation loss. Early stop counter: 4/10
Epoch [64/1000], Training Loss: 0.2669
Validation Loss: 0.2663
No improvement in validation loss. Early stop counter: 5/10
Epoch [65/1000], Training Loss: 0.2678
Validation Loss: 0.2661
No improvement in validation loss. Early stop counter: 6/10
Epoch [66/1000], Training Loss: 0.2683
Validation Loss: 0.2660
New best model found with validation loss: 0.2660
Epoch [67/1000], Training Loss: 0.2685
Validation Loss: 0.2661
No improvement in validation loss. Early stop counter: 1/10
Epoch [68/1000], Training Loss: 0.2677
Validation Loss: 0.2661
No improvement in validation loss. Early stop counter: 2/10
Epoch [69/1000], Training Loss: 0.2676
Validation Loss: 0.2663
No improvement in validation loss. Early stop counter: 3/10
Epoch [70/1000], Training Loss: 0.2691
Validation Loss: 0.2661
No improvement in validation loss. Early stop counter: 4/10
Epoch [71/1000], Training Loss: 0.2668
Validation Loss: 0.2660
No improvement in validation loss. Early stop counter: 5/10
Epoch [72/1000], Training Loss: 0.2668
Validation Loss: 0.2660
No improvement in validation loss. Early stop counter: 6/10
Epoch [73/1000], Training Loss: 0.2668
Validation Loss: 0.2660
New best model found with validation loss: 0.2660
Epoch [74/1000], Training Loss: 0.2667
Validation Loss: 0.2659
New best model found with validation loss: 0.2659
Epoch [75/1000], Training Loss: 0.2678
Validation Loss: 0.2658
New best model found with validation loss: 0.2658
Epoch [76/1000], Training Loss: 0.2679
Validation Loss: 0.2660
No improvement in validation loss. Early stop counter: 1/10
Epoch [77/1000], Training Loss: 0.2675
Validation Loss: 0.2659
No improvement in validation loss. Early stop counter: 2/10
Epoch [78/1000], Training Loss: 0.2675
Validation Loss: 0.2660
No improvement in validation loss. Early stop counter: 3/10
Epoch [79/1000], Training Loss: 0.2676
Validation Loss: 0.2659
No improvement in validation loss. Early stop counter: 4/10
Epoch [80/1000], Training Loss: 0.2663
Validation Loss: 0.2659
No improvement in validation loss. Early stop counter: 5/10
Epoch [81/1000], Training Loss: 0.2666
Validation Loss: 0.2659
No improvement in validation loss. Early stop counter: 6/10
Epoch [82/1000], Training Loss: 0.2656
Validation Loss: 0.2659
No improvement in validation loss. Early stop counter: 7/10
Epoch [83/1000], Training Loss: 0.2676
Validation Loss: 0.2659
No improvement in validation loss. Early stop counter: 8/10
Epoch [84/1000], Training Loss: 0.2669
Validation Loss: 0.2659
No improvement in validation loss. Early stop counter: 9/10
Epoch [85/1000], Training Loss: 0.2678
Validation Loss: 0.2659
No improvement in validation loss. Early stop counter: 10/10
Early stopping triggered after 85 epochs.
Best model for fold 1 saved successfully.

Starting Fold 2/5...
Initializing ClassificationModel with 2 GAT layers and residual connections...
Initializing MCModel with 2 GAT layers and 1 row attention layers...
Initializing CGModel with 2 GAT layers and residual connections...
Initializing CoreModel with 0 self-attention layers...
Using 4 GPUs with DataParallel.
Epoch [1/1000], Training Loss: 0.3819
Validation Loss: 0.3322
New best model found with validation loss: 0.3322
Epoch [2/1000], Training Loss: 0.3213
Validation Loss: 0.3125
New best model found with validation loss: 0.3125
Epoch [3/1000], Training Loss: 0.3118
Validation Loss: 0.3107
New best model found with validation loss: 0.3107
Epoch [4/1000], Training Loss: 0.3063
Validation Loss: 0.3087
New best model found with validation loss: 0.3087
Epoch [5/1000], Training Loss: 0.3014
Validation Loss: 0.3121
No improvement in validation loss. Early stop counter: 1/10
Epoch [6/1000], Training Loss: 0.2968
Validation Loss: 0.3040
New best model found with validation loss: 0.3040
Epoch [7/1000], Training Loss: 0.2931
Validation Loss: 0.3078
No improvement in validation loss. Early stop counter: 1/10
Epoch [8/1000], Training Loss: 0.2913
Validation Loss: 0.2976
New best model found with validation loss: 0.2976
Epoch [9/1000], Training Loss: 0.2903
Validation Loss: 0.2973
New best model found with validation loss: 0.2973
Epoch [10/1000], Training Loss: 0.2877
Validation Loss: 0.2967
New best model found with validation loss: 0.2967
Epoch [11/1000], Training Loss: 0.2844
Validation Loss: 0.2953
New best model found with validation loss: 0.2953
Epoch [12/1000], Training Loss: 0.2835
Validation Loss: 0.2914
New best model found with validation loss: 0.2914
Epoch [13/1000], Training Loss: 0.2822
Validation Loss: 0.2951
No improvement in validation loss. Early stop counter: 1/10
Epoch [14/1000], Training Loss: 0.2814
Validation Loss: 0.2909
New best model found with validation loss: 0.2909
Epoch [15/1000], Training Loss: 0.2803
Validation Loss: 0.2895
New best model found with validation loss: 0.2895
Epoch [16/1000], Training Loss: 0.2794
Validation Loss: 0.2918
No improvement in validation loss. Early stop counter: 1/10
Epoch [17/1000], Training Loss: 0.2786
Validation Loss: 0.2886
New best model found with validation loss: 0.2886
Epoch [18/1000], Training Loss: 0.2782
Validation Loss: 0.2903
No improvement in validation loss. Early stop counter: 1/10
Epoch [19/1000], Training Loss: 0.2772
Validation Loss: 0.2955
No improvement in validation loss. Early stop counter: 2/10
Epoch [20/1000], Training Loss: 0.2762
Validation Loss: 0.2913
No improvement in validation loss. Early stop counter: 3/10
Epoch [21/1000], Training Loss: 0.2740
Validation Loss: 0.2877
New best model found with validation loss: 0.2877
Epoch [22/1000], Training Loss: 0.2739
Validation Loss: 0.2870
New best model found with validation loss: 0.2870
Epoch [23/1000], Training Loss: 0.2732
Validation Loss: 0.2870
No improvement in validation loss. Early stop counter: 1/10
Epoch [24/1000], Training Loss: 0.2722
Validation Loss: 0.2869
New best model found with validation loss: 0.2869
Epoch [25/1000], Training Loss: 0.2720
Validation Loss: 0.2866
New best model found with validation loss: 0.2866
Epoch [26/1000], Training Loss: 0.2719
Validation Loss: 0.2878
No improvement in validation loss. Early stop counter: 1/10
Epoch [27/1000], Training Loss: 0.2730
Validation Loss: 0.2868
No improvement in validation loss. Early stop counter: 2/10
Epoch [28/1000], Training Loss: 0.2715
Validation Loss: 0.2898
No improvement in validation loss. Early stop counter: 3/10
Epoch [29/1000], Training Loss: 0.2716
Validation Loss: 0.2861
New best model found with validation loss: 0.2861
Epoch [30/1000], Training Loss: 0.2715
Validation Loss: 0.2860
New best model found with validation loss: 0.2860
Epoch [31/1000], Training Loss: 0.2714
Validation Loss: 0.2852
New best model found with validation loss: 0.2852
Epoch [32/1000], Training Loss: 0.2685
Validation Loss: 0.2847
New best model found with validation loss: 0.2847
Epoch [33/1000], Training Loss: 0.2691
Validation Loss: 0.2860
No improvement in validation loss. Early stop counter: 1/10
Epoch [34/1000], Training Loss: 0.2685
Validation Loss: 0.2847
New best model found with validation loss: 0.2847
Epoch [35/1000], Training Loss: 0.2672
Validation Loss: 0.2857
No improvement in validation loss. Early stop counter: 1/10
Epoch [36/1000], Training Loss: 0.2677
Validation Loss: 0.2845
New best model found with validation loss: 0.2845
Epoch [37/1000], Training Loss: 0.2687
Validation Loss: 0.2843
New best model found with validation loss: 0.2843
Epoch [38/1000], Training Loss: 0.2674
Validation Loss: 0.2854
No improvement in validation loss. Early stop counter: 1/10
Epoch [39/1000], Training Loss: 0.2678
Validation Loss: 0.2850
No improvement in validation loss. Early stop counter: 2/10
Epoch [40/1000], Training Loss: 0.2664
Validation Loss: 0.2844
No improvement in validation loss. Early stop counter: 3/10
Epoch [41/1000], Training Loss: 0.2666
Validation Loss: 0.2843
No improvement in validation loss. Early stop counter: 4/10
Epoch [42/1000], Training Loss: 0.2674
Validation Loss: 0.2840
New best model found with validation loss: 0.2840
Epoch [43/1000], Training Loss: 0.2669
Validation Loss: 0.2850
No improvement in validation loss. Early stop counter: 1/10
Epoch [44/1000], Training Loss: 0.2678
Validation Loss: 0.2840
No improvement in validation loss. Early stop counter: 2/10
Epoch [45/1000], Training Loss: 0.2669
Validation Loss: 0.2839
New best model found with validation loss: 0.2839
Epoch [46/1000], Training Loss: 0.2663
Validation Loss: 0.2840
No improvement in validation loss. Early stop counter: 1/10
Epoch [47/1000], Training Loss: 0.2684
Validation Loss: 0.2838
New best model found with validation loss: 0.2838
Epoch [48/1000], Training Loss: 0.2683
Validation Loss: 0.2857
No improvement in validation loss. Early stop counter: 1/10
Epoch [49/1000], Training Loss: 0.2653
Validation Loss: 0.2848
No improvement in validation loss. Early stop counter: 2/10
Epoch [50/1000], Training Loss: 0.2666
Validation Loss: 0.2838
New best model found with validation loss: 0.2838
Epoch [51/1000], Training Loss: 0.2660
Validation Loss: 0.2836
New best model found with validation loss: 0.2836
Epoch [52/1000], Training Loss: 0.2666
Validation Loss: 0.2835
New best model found with validation loss: 0.2835
Epoch [53/1000], Training Loss: 0.2653
Validation Loss: 0.2842
No improvement in validation loss. Early stop counter: 1/10
Epoch [54/1000], Training Loss: 0.2655
Validation Loss: 0.2832
New best model found with validation loss: 0.2832
Epoch [55/1000], Training Loss: 0.2657
Validation Loss: 0.2845
No improvement in validation loss. Early stop counter: 1/10
Epoch [56/1000], Training Loss: 0.2677
Validation Loss: 0.2837
No improvement in validation loss. Early stop counter: 2/10
Epoch [57/1000], Training Loss: 0.2665
Validation Loss: 0.2830
New best model found with validation loss: 0.2830
Epoch [58/1000], Training Loss: 0.2665
Validation Loss: 0.2837
No improvement in validation loss. Early stop counter: 1/10
Epoch [59/1000], Training Loss: 0.2646
Validation Loss: 0.2842
No improvement in validation loss. Early stop counter: 2/10
Epoch [60/1000], Training Loss: 0.2655
Validation Loss: 0.2838
No improvement in validation loss. Early stop counter: 3/10
Epoch [61/1000], Training Loss: 0.2657
Validation Loss: 0.2840
No improvement in validation loss. Early stop counter: 4/10
Epoch [62/1000], Training Loss: 0.2657
Validation Loss: 0.2834
No improvement in validation loss. Early stop counter: 5/10
Epoch [63/1000], Training Loss: 0.2650
Validation Loss: 0.2834
No improvement in validation loss. Early stop counter: 6/10
Epoch [64/1000], Training Loss: 0.2633
Validation Loss: 0.2838
No improvement in validation loss. Early stop counter: 7/10
Epoch [65/1000], Training Loss: 0.2664
Validation Loss: 0.2834
No improvement in validation loss. Early stop counter: 8/10
Epoch [66/1000], Training Loss: 0.2655
Validation Loss: 0.2832
No improvement in validation loss. Early stop counter: 9/10
Epoch [67/1000], Training Loss: 0.2657
Validation Loss: 0.2833
No improvement in validation loss. Early stop counter: 10/10
Early stopping triggered after 67 epochs.
Best model for fold 2 saved successfully.

Starting Fold 3/5...
Initializing ClassificationModel with 2 GAT layers and residual connections...
Initializing MCModel with 2 GAT layers and 1 row attention layers...
Initializing CGModel with 2 GAT layers and residual connections...
Initializing CoreModel with 0 self-attention layers...
Using 4 GPUs with DataParallel.
Epoch [1/1000], Training Loss: 0.3921
Validation Loss: 0.3528
New best model found with validation loss: 0.3528
Epoch [2/1000], Training Loss: 0.3317
Validation Loss: 0.3188
New best model found with validation loss: 0.3188
Epoch [3/1000], Training Loss: 0.3164
Validation Loss: 0.3079
New best model found with validation loss: 0.3079
Epoch [4/1000], Training Loss: 0.3080
Validation Loss: 0.3025
New best model found with validation loss: 0.3025
Epoch [5/1000], Training Loss: 0.3031
Validation Loss: 0.2957
New best model found with validation loss: 0.2957
Epoch [6/1000], Training Loss: 0.3007
Validation Loss: 0.2979
No improvement in validation loss. Early stop counter: 1/10
Epoch [7/1000], Training Loss: 0.2968
Validation Loss: 0.3001
No improvement in validation loss. Early stop counter: 2/10
Epoch [8/1000], Training Loss: 0.2939
Validation Loss: 0.2948
New best model found with validation loss: 0.2948
Epoch [9/1000], Training Loss: 0.2931
Validation Loss: 0.3038
No improvement in validation loss. Early stop counter: 1/10
Epoch [10/1000], Training Loss: 0.2915
Validation Loss: 0.2943
New best model found with validation loss: 0.2943
Epoch [11/1000], Training Loss: 0.2870
Validation Loss: 0.2863
New best model found with validation loss: 0.2863
Epoch [12/1000], Training Loss: 0.2850
Validation Loss: 0.2845
New best model found with validation loss: 0.2845
Epoch [13/1000], Training Loss: 0.2850
Validation Loss: 0.2826
New best model found with validation loss: 0.2826
Epoch [14/1000], Training Loss: 0.2838
Validation Loss: 0.2831
No improvement in validation loss. Early stop counter: 1/10
Epoch [15/1000], Training Loss: 0.2821
Validation Loss: 0.2812
New best model found with validation loss: 0.2812
Epoch [16/1000], Training Loss: 0.2813
Validation Loss: 0.2846
No improvement in validation loss. Early stop counter: 1/10
Epoch [17/1000], Training Loss: 0.2797
Validation Loss: 0.2803
New best model found with validation loss: 0.2803
Epoch [18/1000], Training Loss: 0.2821
Validation Loss: 0.2819
No improvement in validation loss. Early stop counter: 1/10
Epoch [19/1000], Training Loss: 0.2808
Validation Loss: 0.2824
No improvement in validation loss. Early stop counter: 2/10
Epoch [20/1000], Training Loss: 0.2786
Validation Loss: 0.2802
New best model found with validation loss: 0.2802
Epoch [21/1000], Training Loss: 0.2773
Validation Loss: 0.2784
New best model found with validation loss: 0.2784
Epoch [22/1000], Training Loss: 0.2750
Validation Loss: 0.2774
New best model found with validation loss: 0.2774
Epoch [23/1000], Training Loss: 0.2774
Validation Loss: 0.2770
New best model found with validation loss: 0.2770
Epoch [24/1000], Training Loss: 0.2754
Validation Loss: 0.2764
New best model found with validation loss: 0.2764
Epoch [25/1000], Training Loss: 0.2747
Validation Loss: 0.2766
No improvement in validation loss. Early stop counter: 1/10
Epoch [26/1000], Training Loss: 0.2743
Validation Loss: 0.2756
New best model found with validation loss: 0.2756
Epoch [27/1000], Training Loss: 0.2742
Validation Loss: 0.2763
No improvement in validation loss. Early stop counter: 1/10
Epoch [28/1000], Training Loss: 0.2742
Validation Loss: 0.2767
No improvement in validation loss. Early stop counter: 2/10
Epoch [29/1000], Training Loss: 0.2763
Validation Loss: 0.2740
New best model found with validation loss: 0.2740
Epoch [30/1000], Training Loss: 0.2736
Validation Loss: 0.2739
New best model found with validation loss: 0.2739
Epoch [31/1000], Training Loss: 0.2725
Validation Loss: 0.2753
No improvement in validation loss. Early stop counter: 1/10
Epoch [32/1000], Training Loss: 0.2731
Validation Loss: 0.2735
New best model found with validation loss: 0.2735
Epoch [33/1000], Training Loss: 0.2726
Validation Loss: 0.2732
New best model found with validation loss: 0.2732
Epoch [34/1000], Training Loss: 0.2719
Validation Loss: 0.2742
No improvement in validation loss. Early stop counter: 1/10
Epoch [35/1000], Training Loss: 0.2717
Validation Loss: 0.2753
No improvement in validation loss. Early stop counter: 2/10
Epoch [36/1000], Training Loss: 0.2710
Validation Loss: 0.2737
No improvement in validation loss. Early stop counter: 3/10
Epoch [37/1000], Training Loss: 0.2732
Validation Loss: 0.2781
No improvement in validation loss. Early stop counter: 4/10
Epoch [38/1000], Training Loss: 0.2726
Validation Loss: 0.2748
No improvement in validation loss. Early stop counter: 5/10
Epoch [39/1000], Training Loss: 0.2712
Validation Loss: 0.2748
No improvement in validation loss. Early stop counter: 6/10
Epoch [40/1000], Training Loss: 0.2709
Validation Loss: 0.2735
No improvement in validation loss. Early stop counter: 7/10
Epoch [41/1000], Training Loss: 0.2694
Validation Loss: 0.2748
No improvement in validation loss. Early stop counter: 8/10
Epoch [42/1000], Training Loss: 0.2710
Validation Loss: 0.2730
New best model found with validation loss: 0.2730
Epoch [43/1000], Training Loss: 0.2691
Validation Loss: 0.2722
New best model found with validation loss: 0.2722
Epoch [44/1000], Training Loss: 0.2698
Validation Loss: 0.2763
No improvement in validation loss. Early stop counter: 1/10
Epoch [45/1000], Training Loss: 0.2698
Validation Loss: 0.2740
No improvement in validation loss. Early stop counter: 2/10
Epoch [46/1000], Training Loss: 0.2698
Validation Loss: 0.2719
New best model found with validation loss: 0.2719
Epoch [47/1000], Training Loss: 0.2703
Validation Loss: 0.2731
No improvement in validation loss. Early stop counter: 1/10
Epoch [48/1000], Training Loss: 0.2675
Validation Loss: 0.2730
No improvement in validation loss. Early stop counter: 2/10
Epoch [49/1000], Training Loss: 0.2705
Validation Loss: 0.2723
No improvement in validation loss. Early stop counter: 3/10
Epoch [50/1000], Training Loss: 0.2698
Validation Loss: 0.2724
No improvement in validation loss. Early stop counter: 4/10
Epoch [51/1000], Training Loss: 0.2711
Validation Loss: 0.2729
No improvement in validation loss. Early stop counter: 5/10
Epoch [52/1000], Training Loss: 0.2681
Validation Loss: 0.2722
No improvement in validation loss. Early stop counter: 6/10
Epoch [53/1000], Training Loss: 0.2700
Validation Loss: 0.2721
No improvement in validation loss. Early stop counter: 7/10
Epoch [54/1000], Training Loss: 0.2688
Validation Loss: 0.2721
No improvement in validation loss. Early stop counter: 8/10
Epoch [55/1000], Training Loss: 0.2701
Validation Loss: 0.2740
No improvement in validation loss. Early stop counter: 9/10
Epoch [56/1000], Training Loss: 0.2699
Validation Loss: 0.2722
No improvement in validation loss. Early stop counter: 10/10
Early stopping triggered after 56 epochs.
Best model for fold 3 saved successfully.

Starting Fold 4/5...
Initializing ClassificationModel with 2 GAT layers and residual connections...
Initializing MCModel with 2 GAT layers and 1 row attention layers...
Initializing CGModel with 2 GAT layers and residual connections...
Initializing CoreModel with 0 self-attention layers...
Using 4 GPUs with DataParallel.
Epoch [1/1000], Training Loss: 0.3630
Validation Loss: 0.3314
New best model found with validation loss: 0.3314
Epoch [2/1000], Training Loss: 0.3216
Validation Loss: 0.3235
New best model found with validation loss: 0.3235
Epoch [3/1000], Training Loss: 0.3115
Validation Loss: 0.3191
New best model found with validation loss: 0.3191
Epoch [4/1000], Training Loss: 0.3056
Validation Loss: 0.3129
New best model found with validation loss: 0.3129
Epoch [5/1000], Training Loss: 0.3022
Validation Loss: 0.3044
New best model found with validation loss: 0.3044
Epoch [6/1000], Training Loss: 0.2986
Validation Loss: 0.3066
No improvement in validation loss. Early stop counter: 1/10
Epoch [7/1000], Training Loss: 0.2958
Validation Loss: 0.3059
No improvement in validation loss. Early stop counter: 2/10
Epoch [8/1000], Training Loss: 0.2890
Validation Loss: 0.2952
New best model found with validation loss: 0.2952
Epoch [9/1000], Training Loss: 0.2897
Validation Loss: 0.2957
No improvement in validation loss. Early stop counter: 1/10
Epoch [10/1000], Training Loss: 0.2856
Validation Loss: 0.3030
No improvement in validation loss. Early stop counter: 2/10
Epoch [11/1000], Training Loss: 0.2825
Validation Loss: 0.2914
New best model found with validation loss: 0.2914
Epoch [12/1000], Training Loss: 0.2822
Validation Loss: 0.2950
No improvement in validation loss. Early stop counter: 1/10
Epoch [13/1000], Training Loss: 0.2810
Validation Loss: 0.2929
No improvement in validation loss. Early stop counter: 2/10
Epoch [14/1000], Training Loss: 0.2815
Validation Loss: 0.2889
New best model found with validation loss: 0.2889
Epoch [15/1000], Training Loss: 0.2776
Validation Loss: 0.2911
No improvement in validation loss. Early stop counter: 1/10
Epoch [16/1000], Training Loss: 0.2767
Validation Loss: 0.2898
No improvement in validation loss. Early stop counter: 2/10
Epoch [17/1000], Training Loss: 0.2769
Validation Loss: 0.2854
New best model found with validation loss: 0.2854
Epoch [18/1000], Training Loss: 0.2751
Validation Loss: 0.2865
No improvement in validation loss. Early stop counter: 1/10
Epoch [19/1000], Training Loss: 0.2758
Validation Loss: 0.2882
No improvement in validation loss. Early stop counter: 2/10
Epoch [20/1000], Training Loss: 0.2745
Validation Loss: 0.2842
New best model found with validation loss: 0.2842
Epoch [21/1000], Training Loss: 0.2712
Validation Loss: 0.2860
No improvement in validation loss. Early stop counter: 1/10
Epoch [22/1000], Training Loss: 0.2699
Validation Loss: 0.2848
No improvement in validation loss. Early stop counter: 2/10
Epoch [23/1000], Training Loss: 0.2704
Validation Loss: 0.2899
No improvement in validation loss. Early stop counter: 3/10
Epoch [24/1000], Training Loss: 0.2694
Validation Loss: 0.2850
No improvement in validation loss. Early stop counter: 4/10
Epoch [25/1000], Training Loss: 0.2693
Validation Loss: 0.2840
New best model found with validation loss: 0.2840
Epoch [26/1000], Training Loss: 0.2696
Validation Loss: 0.2843
No improvement in validation loss. Early stop counter: 1/10
Epoch [27/1000], Training Loss: 0.2701
Validation Loss: 0.2830
New best model found with validation loss: 0.2830
Epoch [28/1000], Training Loss: 0.2694
Validation Loss: 0.2847
No improvement in validation loss. Early stop counter: 1/10
Epoch [29/1000], Training Loss: 0.2687
Validation Loss: 0.2844
No improvement in validation loss. Early stop counter: 2/10
Epoch [30/1000], Training Loss: 0.2680
Validation Loss: 0.2886
No improvement in validation loss. Early stop counter: 3/10
Epoch [31/1000], Training Loss: 0.2683
Validation Loss: 0.2846
No improvement in validation loss. Early stop counter: 4/10
Epoch [32/1000], Training Loss: 0.2660
Validation Loss: 0.2827
New best model found with validation loss: 0.2827
Epoch [33/1000], Training Loss: 0.2671
Validation Loss: 0.2818
New best model found with validation loss: 0.2818
Epoch [34/1000], Training Loss: 0.2641
Validation Loss: 0.2833
No improvement in validation loss. Early stop counter: 1/10
Epoch [35/1000], Training Loss: 0.2660
Validation Loss: 0.2847
No improvement in validation loss. Early stop counter: 2/10
Epoch [36/1000], Training Loss: 0.2647
Validation Loss: 0.2816
New best model found with validation loss: 0.2816
Epoch [37/1000], Training Loss: 0.2651
Validation Loss: 0.2847
No improvement in validation loss. Early stop counter: 1/10
Epoch [38/1000], Training Loss: 0.2662
Validation Loss: 0.2820
No improvement in validation loss. Early stop counter: 2/10
Epoch [39/1000], Training Loss: 0.2652
Validation Loss: 0.2817
No improvement in validation loss. Early stop counter: 3/10
Epoch [40/1000], Training Loss: 0.2647
Validation Loss: 0.2820
No improvement in validation loss. Early stop counter: 4/10
Epoch [41/1000], Training Loss: 0.2655
Validation Loss: 0.2828
No improvement in validation loss. Early stop counter: 5/10
Epoch [42/1000], Training Loss: 0.2663
Validation Loss: 0.2809
New best model found with validation loss: 0.2809
Epoch [43/1000], Training Loss: 0.2635
Validation Loss: 0.2823
No improvement in validation loss. Early stop counter: 1/10
Epoch [44/1000], Training Loss: 0.2645
Validation Loss: 0.2811
No improvement in validation loss. Early stop counter: 2/10
Epoch [45/1000], Training Loss: 0.2648
Validation Loss: 0.2808
New best model found with validation loss: 0.2808
Epoch [46/1000], Training Loss: 0.2639
Validation Loss: 0.2819
No improvement in validation loss. Early stop counter: 1/10
Epoch [47/1000], Training Loss: 0.2623
Validation Loss: 0.2813
No improvement in validation loss. Early stop counter: 2/10
Epoch [48/1000], Training Loss: 0.2647
Validation Loss: 0.2808
No improvement in validation loss. Early stop counter: 3/10
Epoch [49/1000], Training Loss: 0.2639
Validation Loss: 0.2814
No improvement in validation loss. Early stop counter: 4/10
Epoch [50/1000], Training Loss: 0.2634
Validation Loss: 0.2817
No improvement in validation loss. Early stop counter: 5/10
Epoch [51/1000], Training Loss: 0.2627
Validation Loss: 0.2814
No improvement in validation loss. Early stop counter: 6/10
Epoch [52/1000], Training Loss: 0.2634
Validation Loss: 0.2813
No improvement in validation loss. Early stop counter: 7/10
Epoch [53/1000], Training Loss: 0.2638
Validation Loss: 0.2810
No improvement in validation loss. Early stop counter: 8/10
Epoch [54/1000], Training Loss: 0.2629
Validation Loss: 0.2817
No improvement in validation loss. Early stop counter: 9/10
Epoch [55/1000], Training Loss: 0.2627
Validation Loss: 0.2819
No improvement in validation loss. Early stop counter: 10/10
Early stopping triggered after 55 epochs.
Best model for fold 4 saved successfully.

Starting Fold 5/5...
Initializing ClassificationModel with 2 GAT layers and residual connections...
Initializing MCModel with 2 GAT layers and 1 row attention layers...
Initializing CGModel with 2 GAT layers and residual connections...
Initializing CoreModel with 0 self-attention layers...
Using 4 GPUs with DataParallel.
Epoch [1/1000], Training Loss: 0.3828
Validation Loss: 0.3240
New best model found with validation loss: 0.3240
Epoch [2/1000], Training Loss: 0.3336
Validation Loss: 0.3088
New best model found with validation loss: 0.3088
Epoch [3/1000], Training Loss: 0.3219
Validation Loss: 0.3240
No improvement in validation loss. Early stop counter: 1/10
Epoch [4/1000], Training Loss: 0.3105
Validation Loss: 0.3006
New best model found with validation loss: 0.3006
Epoch [5/1000], Training Loss: 0.3063
Validation Loss: 0.2944
New best model found with validation loss: 0.2944
Epoch [6/1000], Training Loss: 0.3030
Validation Loss: 0.3134
No improvement in validation loss. Early stop counter: 1/10
Epoch [7/1000], Training Loss: 0.2967
Validation Loss: 0.2866
New best model found with validation loss: 0.2866
Epoch [8/1000], Training Loss: 0.2971
Validation Loss: 0.2866
No improvement in validation loss. Early stop counter: 1/10
Epoch [9/1000], Training Loss: 0.2916
Validation Loss: 0.2841
New best model found with validation loss: 0.2841
Epoch [10/1000], Training Loss: 0.2874
Validation Loss: 0.2822
New best model found with validation loss: 0.2822
Epoch [11/1000], Training Loss: 0.2837
Validation Loss: 0.2823
No improvement in validation loss. Early stop counter: 1/10
Epoch [12/1000], Training Loss: 0.2828
Validation Loss: 0.2810
New best model found with validation loss: 0.2810
Epoch [13/1000], Training Loss: 0.2822
Validation Loss: 0.2785
New best model found with validation loss: 0.2785
Epoch [14/1000], Training Loss: 0.2811
Validation Loss: 0.2769
New best model found with validation loss: 0.2769
Epoch [15/1000], Training Loss: 0.2808
Validation Loss: 0.2749
New best model found with validation loss: 0.2749
Epoch [16/1000], Training Loss: 0.2825
Validation Loss: 0.2754
No improvement in validation loss. Early stop counter: 1/10
Epoch [17/1000], Training Loss: 0.2778
Validation Loss: 0.2745
New best model found with validation loss: 0.2745
Epoch [18/1000], Training Loss: 0.2778
Validation Loss: 0.2731
New best model found with validation loss: 0.2731
Epoch [19/1000], Training Loss: 0.2772
Validation Loss: 0.2728
New best model found with validation loss: 0.2728
Epoch [20/1000], Training Loss: 0.2736
Validation Loss: 0.2746
No improvement in validation loss. Early stop counter: 1/10
Epoch [21/1000], Training Loss: 0.2757
Validation Loss: 0.2756
No improvement in validation loss. Early stop counter: 2/10
Epoch [22/1000], Training Loss: 0.2740
Validation Loss: 0.2732
No improvement in validation loss. Early stop counter: 3/10
Epoch [23/1000], Training Loss: 0.2745
Validation Loss: 0.2720
New best model found with validation loss: 0.2720
Epoch [24/1000], Training Loss: 0.2718
Validation Loss: 0.2693
New best model found with validation loss: 0.2693
Epoch [25/1000], Training Loss: 0.2707
Validation Loss: 0.2697
No improvement in validation loss. Early stop counter: 1/10
Epoch [26/1000], Training Loss: 0.2722
Validation Loss: 0.2695
No improvement in validation loss. Early stop counter: 2/10
Epoch [27/1000], Training Loss: 0.2711
Validation Loss: 0.2695
No improvement in validation loss. Early stop counter: 3/10
Epoch [28/1000], Training Loss: 0.2711
Validation Loss: 0.2694
No improvement in validation loss. Early stop counter: 4/10
Epoch [29/1000], Training Loss: 0.2701
Validation Loss: 0.2699
No improvement in validation loss. Early stop counter: 5/10
Epoch [30/1000], Training Loss: 0.2696
Validation Loss: 0.2688
New best model found with validation loss: 0.2688
Epoch [31/1000], Training Loss: 0.2684
Validation Loss: 0.2723
No improvement in validation loss. Early stop counter: 1/10
Epoch [32/1000], Training Loss: 0.2677
Validation Loss: 0.2684
New best model found with validation loss: 0.2684
Epoch [33/1000], Training Loss: 0.2704
Validation Loss: 0.2686
No improvement in validation loss. Early stop counter: 1/10
Epoch [34/1000], Training Loss: 0.2700
Validation Loss: 0.2704
No improvement in validation loss. Early stop counter: 2/10
Epoch [35/1000], Training Loss: 0.2666
Validation Loss: 0.2680
New best model found with validation loss: 0.2680
Epoch [36/1000], Training Loss: 0.2680
Validation Loss: 0.2737
No improvement in validation loss. Early stop counter: 1/10
Epoch [37/1000], Training Loss: 0.2675
Validation Loss: 0.2688
No improvement in validation loss. Early stop counter: 2/10
Epoch [38/1000], Training Loss: 0.2681
Validation Loss: 0.2701
No improvement in validation loss. Early stop counter: 3/10
Epoch [39/1000], Training Loss: 0.2683
Validation Loss: 0.2671
New best model found with validation loss: 0.2671
Epoch [40/1000], Training Loss: 0.2672
Validation Loss: 0.2677
No improvement in validation loss. Early stop counter: 1/10
Epoch [41/1000], Training Loss: 0.2668
Validation Loss: 0.2672
No improvement in validation loss. Early stop counter: 2/10
Epoch [42/1000], Training Loss: 0.2657
Validation Loss: 0.2672
No improvement in validation loss. Early stop counter: 3/10
Epoch [43/1000], Training Loss: 0.2658
Validation Loss: 0.2682
No improvement in validation loss. Early stop counter: 4/10
Epoch [44/1000], Training Loss: 0.2677
Validation Loss: 0.2669
New best model found with validation loss: 0.2669
Epoch [45/1000], Training Loss: 0.2664
Validation Loss: 0.2701
No improvement in validation loss. Early stop counter: 1/10
Epoch [46/1000], Training Loss: 0.2667
Validation Loss: 0.2677
No improvement in validation loss. Early stop counter: 2/10
Epoch [47/1000], Training Loss: 0.2656
Validation Loss: 0.2673
No improvement in validation loss. Early stop counter: 3/10
Epoch [48/1000], Training Loss: 0.2663
Validation Loss: 0.2666
New best model found with validation loss: 0.2666
Epoch [49/1000], Training Loss: 0.2666
Validation Loss: 0.2688
No improvement in validation loss. Early stop counter: 1/10
Epoch [50/1000], Training Loss: 0.2658
Validation Loss: 0.2666
No improvement in validation loss. Early stop counter: 2/10
Epoch [51/1000], Training Loss: 0.2660
Validation Loss: 0.2671
No improvement in validation loss. Early stop counter: 3/10
Epoch [52/1000], Training Loss: 0.2649
Validation Loss: 0.2665
New best model found with validation loss: 0.2665
Epoch [53/1000], Training Loss: 0.2652
Validation Loss: 0.2666
No improvement in validation loss. Early stop counter: 1/10
Epoch [54/1000], Training Loss: 0.2652
Validation Loss: 0.2673
No improvement in validation loss. Early stop counter: 2/10
Epoch [55/1000], Training Loss: 0.2664
Validation Loss: 0.2671
No improvement in validation loss. Early stop counter: 3/10
Epoch [56/1000], Training Loss: 0.2646
Validation Loss: 0.2663
New best model found with validation loss: 0.2663
Epoch [57/1000], Training Loss: 0.2651
Validation Loss: 0.2690
No improvement in validation loss. Early stop counter: 1/10
Epoch [58/1000], Training Loss: 0.2649
Validation Loss: 0.2666
No improvement in validation loss. Early stop counter: 2/10
Epoch [59/1000], Training Loss: 0.2647
Validation Loss: 0.2660
New best model found with validation loss: 0.2660
Epoch [60/1000], Training Loss: 0.2650
Validation Loss: 0.2661
No improvement in validation loss. Early stop counter: 1/10
Epoch [61/1000], Training Loss: 0.2648
Validation Loss: 0.2667
No improvement in validation loss. Early stop counter: 2/10
Epoch [62/1000], Training Loss: 0.2650
Validation Loss: 0.2662
No improvement in validation loss. Early stop counter: 3/10
Epoch [63/1000], Training Loss: 0.2663
Validation Loss: 0.2668
No improvement in validation loss. Early stop counter: 4/10
Epoch [64/1000], Training Loss: 0.2644
Validation Loss: 0.2667
No improvement in validation loss. Early stop counter: 5/10
Epoch [65/1000], Training Loss: 0.2649
Validation Loss: 0.2664
No improvement in validation loss. Early stop counter: 6/10
Epoch [66/1000], Training Loss: 0.2635
Validation Loss: 0.2663
No improvement in validation loss. Early stop counter: 7/10
Epoch [67/1000], Training Loss: 0.2652
Validation Loss: 0.2665
No improvement in validation loss. Early stop counter: 8/10
Epoch [68/1000], Training Loss: 0.2644
Validation Loss: 0.2663
No improvement in validation loss. Early stop counter: 9/10
Epoch [69/1000], Training Loss: 0.2660
Validation Loss: 0.2679
No improvement in validation loss. Early stop counter: 10/10
Early stopping triggered after 69 epochs.
Best model for fold 5 saved successfully.

Cross-validation results:
Fold 1: Validation Loss = 0.2658
Fold 2: Validation Loss = 0.2830
Fold 3: Validation Loss = 0.2719
Fold 4: Validation Loss = 0.2808
Fold 5: Validation Loss = 0.2660
Average Validation Loss: 0.2735
