{'batch_size': 4, 'sequence_file': 'padded_sequences_train_3000.npz', 'data_file': 'padded_interfaces_train_3000.npz', 'edge_file': 'padded_edges_train_3000.npz', 'max_len': 3000, 'vocab_size': 23, 'embed_dim': 256, 'num_heads': 16, 'dropout': 0.0, 'num_layers': 0, 'num_gnn_layers': 2, 'num_int_layers': 1, 'num_classes': 2, 'num_epochs': 1000, 'learning_rate': 0.0001, 'max_grad_norm': 0.1, 'validation_split': 0.1, 'early_stop_patience': 10, 'initial_gradient_noise_std': 0.05, 'accumulation_steps': 2}
Number of GPUs available: 4

Starting Fold 1/5...
Initializing ClassificationModel with 2 GAT layers and residual connections...
Initializing MCModel with 2 GAT layers and 1 row attention layers...
Initializing CGModel with 2 GAT layers and residual connections...
Initializing CoreModel with 0 self-attention layers...
Using 4 GPUs with DataParallel.
Epoch [1/1000], Training Loss: 0.3634
Validation Loss: 0.3247
New best model found with validation loss: 0.3247
Epoch [2/1000], Training Loss: 0.3209
Validation Loss: 0.3091
New best model found with validation loss: 0.3091
Epoch [3/1000], Training Loss: 0.3118
Validation Loss: 0.3013
New best model found with validation loss: 0.3013
Epoch [4/1000], Training Loss: 0.3051
Validation Loss: 0.3136
No improvement in validation loss. Early stop counter: 1/10
Epoch [5/1000], Training Loss: 0.3032
Validation Loss: 0.2968
New best model found with validation loss: 0.2968
Epoch [6/1000], Training Loss: 0.2969
Validation Loss: 0.2915
New best model found with validation loss: 0.2915
Epoch [7/1000], Training Loss: 0.2909
Validation Loss: 0.2875
New best model found with validation loss: 0.2875
Epoch [8/1000], Training Loss: 0.2879
Validation Loss: 0.2948
No improvement in validation loss. Early stop counter: 1/10
Epoch [9/1000], Training Loss: 0.2861
Validation Loss: 0.3294
No improvement in validation loss. Early stop counter: 2/10
Epoch [10/1000], Training Loss: 0.2870
Validation Loss: 0.2814
New best model found with validation loss: 0.2814
Epoch [11/1000], Training Loss: 0.2763
Validation Loss: 0.2822
No improvement in validation loss. Early stop counter: 1/10
Epoch [12/1000], Training Loss: 0.2730
Validation Loss: 0.2777
New best model found with validation loss: 0.2777
Epoch [13/1000], Training Loss: 0.2715
Validation Loss: 0.2804
No improvement in validation loss. Early stop counter: 1/10
Epoch [14/1000], Training Loss: 0.2688
Validation Loss: 0.2849
No improvement in validation loss. Early stop counter: 2/10
Epoch [15/1000], Training Loss: 0.2668
Validation Loss: 0.2796
No improvement in validation loss. Early stop counter: 3/10
Epoch [16/1000], Training Loss: 0.2653
Validation Loss: 0.2794
No improvement in validation loss. Early stop counter: 4/10
Epoch [17/1000], Training Loss: 0.2634
Validation Loss: 0.2797
No improvement in validation loss. Early stop counter: 5/10
Epoch [18/1000], Training Loss: 0.2659
Validation Loss: 0.2796
No improvement in validation loss. Early stop counter: 6/10
Epoch [19/1000], Training Loss: 0.2624
Validation Loss: 0.2786
No improvement in validation loss. Early stop counter: 7/10
Epoch [20/1000], Training Loss: 0.2588
Validation Loss: 0.2784
No improvement in validation loss. Early stop counter: 8/10
Epoch [21/1000], Training Loss: 0.2585
Validation Loss: 0.2789
No improvement in validation loss. Early stop counter: 9/10
Epoch [22/1000], Training Loss: 0.2571
Validation Loss: 0.2765
New best model found with validation loss: 0.2765
Epoch [23/1000], Training Loss: 0.2547
Validation Loss: 0.2758
New best model found with validation loss: 0.2758
Epoch [24/1000], Training Loss: 0.2540
Validation Loss: 0.2768
No improvement in validation loss. Early stop counter: 1/10
Epoch [25/1000], Training Loss: 0.2546
Validation Loss: 0.2772
No improvement in validation loss. Early stop counter: 2/10
Epoch [26/1000], Training Loss: 0.2541
Validation Loss: 0.2777
No improvement in validation loss. Early stop counter: 3/10
Epoch [27/1000], Training Loss: 0.2541
Validation Loss: 0.2769
No improvement in validation loss. Early stop counter: 4/10
Epoch [28/1000], Training Loss: 0.2528
Validation Loss: 0.2789
No improvement in validation loss. Early stop counter: 5/10
Epoch [29/1000], Training Loss: 0.2526
Validation Loss: 0.2808
No improvement in validation loss. Early stop counter: 6/10
Epoch [30/1000], Training Loss: 0.2531
Validation Loss: 0.2814
No improvement in validation loss. Early stop counter: 7/10
Epoch [31/1000], Training Loss: 0.2502
Validation Loss: 0.2789
No improvement in validation loss. Early stop counter: 8/10
Epoch [32/1000], Training Loss: 0.2485
Validation Loss: 0.2770
No improvement in validation loss. Early stop counter: 9/10
Epoch [33/1000], Training Loss: 0.2487
Validation Loss: 0.2783
No improvement in validation loss. Early stop counter: 10/10
Early stopping triggered after 33 epochs.
Best model for fold 1 saved successfully.

Starting Fold 2/5...
Initializing ClassificationModel with 2 GAT layers and residual connections...
Initializing MCModel with 2 GAT layers and 1 row attention layers...
Initializing CGModel with 2 GAT layers and residual connections...
Initializing CoreModel with 0 self-attention layers...
Using 4 GPUs with DataParallel.
Epoch [1/1000], Training Loss: 0.3685
Validation Loss: 0.3370
New best model found with validation loss: 0.3370
Epoch [2/1000], Training Loss: 0.3268
Validation Loss: 0.3219
New best model found with validation loss: 0.3219
Epoch [3/1000], Training Loss: 0.3169
Validation Loss: 0.3166
New best model found with validation loss: 0.3166
Epoch [4/1000], Training Loss: 0.3090
Validation Loss: 0.3112
New best model found with validation loss: 0.3112
Epoch [5/1000], Training Loss: 0.2996
Validation Loss: 0.3078
New best model found with validation loss: 0.3078
Epoch [6/1000], Training Loss: 0.2983
Validation Loss: 0.3059
New best model found with validation loss: 0.3059
Epoch [7/1000], Training Loss: 0.2977
Validation Loss: 0.3195
No improvement in validation loss. Early stop counter: 1/10
Epoch [8/1000], Training Loss: 0.2896
Validation Loss: 0.2994
New best model found with validation loss: 0.2994
Epoch [9/1000], Training Loss: 0.2915
Validation Loss: 0.2999
No improvement in validation loss. Early stop counter: 1/10
Epoch [10/1000], Training Loss: 0.2872
Validation Loss: 0.2986
New best model found with validation loss: 0.2986
Epoch [11/1000], Training Loss: 0.2793
Validation Loss: 0.2978
New best model found with validation loss: 0.2978
Epoch [12/1000], Training Loss: 0.2768
Validation Loss: 0.3026
No improvement in validation loss. Early stop counter: 1/10
Epoch [13/1000], Training Loss: 0.2753
Validation Loss: 0.2987
No improvement in validation loss. Early stop counter: 2/10
Epoch [14/1000], Training Loss: 0.2732
Validation Loss: 0.2987
No improvement in validation loss. Early stop counter: 3/10
Epoch [15/1000], Training Loss: 0.2708
Validation Loss: 0.2955
New best model found with validation loss: 0.2955
Epoch [16/1000], Training Loss: 0.2677
Validation Loss: 0.2959
No improvement in validation loss. Early stop counter: 1/10
Epoch [17/1000], Training Loss: 0.2684
Validation Loss: 0.2924
New best model found with validation loss: 0.2924
Epoch [18/1000], Training Loss: 0.2656
Validation Loss: 0.2931
No improvement in validation loss. Early stop counter: 1/10
Epoch [19/1000], Training Loss: 0.2641
Validation Loss: 0.2933
No improvement in validation loss. Early stop counter: 2/10
Epoch [20/1000], Training Loss: 0.2624
Validation Loss: 0.2932
No improvement in validation loss. Early stop counter: 3/10
Epoch [21/1000], Training Loss: 0.2605
Validation Loss: 0.2918
New best model found with validation loss: 0.2918
Epoch [22/1000], Training Loss: 0.2577
Validation Loss: 0.2901
New best model found with validation loss: 0.2901
Epoch [23/1000], Training Loss: 0.2585
Validation Loss: 0.2897
New best model found with validation loss: 0.2897
Epoch [24/1000], Training Loss: 0.2578
Validation Loss: 0.2917
No improvement in validation loss. Early stop counter: 1/10
Epoch [25/1000], Training Loss: 0.2569
Validation Loss: 0.2914
No improvement in validation loss. Early stop counter: 2/10
Epoch [26/1000], Training Loss: 0.2566
Validation Loss: 0.2936
No improvement in validation loss. Early stop counter: 3/10
Epoch [27/1000], Training Loss: 0.2555
Validation Loss: 0.2898
No improvement in validation loss. Early stop counter: 4/10
Epoch [28/1000], Training Loss: 0.2559
Validation Loss: 0.2895
New best model found with validation loss: 0.2895
Epoch [29/1000], Training Loss: 0.2534
Validation Loss: 0.2904
No improvement in validation loss. Early stop counter: 1/10
Epoch [30/1000], Training Loss: 0.2554
Validation Loss: 0.2934
No improvement in validation loss. Early stop counter: 2/10
Epoch [31/1000], Training Loss: 0.2510
Validation Loss: 0.2892
New best model found with validation loss: 0.2892
Epoch [32/1000], Training Loss: 0.2521
Validation Loss: 0.2905
No improvement in validation loss. Early stop counter: 1/10
Epoch [33/1000], Training Loss: 0.2514
Validation Loss: 0.2907
No improvement in validation loss. Early stop counter: 2/10
Epoch [34/1000], Training Loss: 0.2503
Validation Loss: 0.2914
No improvement in validation loss. Early stop counter: 3/10
Epoch [35/1000], Training Loss: 0.2504
Validation Loss: 0.2911
No improvement in validation loss. Early stop counter: 4/10
Epoch [36/1000], Training Loss: 0.2494
Validation Loss: 0.2911
No improvement in validation loss. Early stop counter: 5/10
Epoch [37/1000], Training Loss: 0.2490
Validation Loss: 0.2923
No improvement in validation loss. Early stop counter: 6/10
Epoch [38/1000], Training Loss: 0.2497
Validation Loss: 0.2912
No improvement in validation loss. Early stop counter: 7/10
Epoch [39/1000], Training Loss: 0.2494
Validation Loss: 0.2900
No improvement in validation loss. Early stop counter: 8/10
Epoch [40/1000], Training Loss: 0.2498
Validation Loss: 0.2909
No improvement in validation loss. Early stop counter: 9/10
Epoch [41/1000], Training Loss: 0.2480
Validation Loss: 0.2907
No improvement in validation loss. Early stop counter: 10/10
Early stopping triggered after 41 epochs.
Best model for fold 2 saved successfully.

Starting Fold 3/5...
Initializing ClassificationModel with 2 GAT layers and residual connections...
Initializing MCModel with 2 GAT layers and 1 row attention layers...
Initializing CGModel with 2 GAT layers and residual connections...
Initializing CoreModel with 0 self-attention layers...
Using 4 GPUs with DataParallel.
Epoch [1/1000], Training Loss: 0.3806
Validation Loss: 0.3362
New best model found with validation loss: 0.3362
Epoch [2/1000], Training Loss: 0.3223
Validation Loss: 0.3106
New best model found with validation loss: 0.3106
Epoch [3/1000], Training Loss: 0.3084
Validation Loss: 0.3094
New best model found with validation loss: 0.3094
Epoch [4/1000], Training Loss: 0.2981
Validation Loss: 0.2979
New best model found with validation loss: 0.2979
Epoch [5/1000], Training Loss: 0.2896
Validation Loss: 0.2899
New best model found with validation loss: 0.2899
Epoch [6/1000], Training Loss: 0.2858
Validation Loss: 0.3006
No improvement in validation loss. Early stop counter: 1/10
Epoch [7/1000], Training Loss: 0.2834
Validation Loss: 0.2965
No improvement in validation loss. Early stop counter: 2/10
Epoch [8/1000], Training Loss: 0.2837
Validation Loss: 0.2855
New best model found with validation loss: 0.2855
Epoch [9/1000], Training Loss: 0.2796
Validation Loss: 0.2826
New best model found with validation loss: 0.2826
Epoch [10/1000], Training Loss: 0.2782
Validation Loss: 0.2859
No improvement in validation loss. Early stop counter: 1/10
Epoch [11/1000], Training Loss: 0.2718
Validation Loss: 0.2809
New best model found with validation loss: 0.2809
Epoch [12/1000], Training Loss: 0.2705
Validation Loss: 0.2792
New best model found with validation loss: 0.2792
Epoch [13/1000], Training Loss: 0.2663
Validation Loss: 0.2817
No improvement in validation loss. Early stop counter: 1/10
Epoch [14/1000], Training Loss: 0.2664
Validation Loss: 0.2907
No improvement in validation loss. Early stop counter: 2/10
Epoch [15/1000], Training Loss: 0.2655
Validation Loss: 0.2800
No improvement in validation loss. Early stop counter: 3/10
Epoch [16/1000], Training Loss: 0.2636
Validation Loss: 0.2788
New best model found with validation loss: 0.2788
Epoch [17/1000], Training Loss: 0.2628
Validation Loss: 0.2780
New best model found with validation loss: 0.2780
Epoch [18/1000], Training Loss: 0.2605
Validation Loss: 0.2788
No improvement in validation loss. Early stop counter: 1/10
Epoch [19/1000], Training Loss: 0.2615
Validation Loss: 0.2777
New best model found with validation loss: 0.2777
Epoch [20/1000], Training Loss: 0.2595
Validation Loss: 0.2842
No improvement in validation loss. Early stop counter: 1/10
Epoch [21/1000], Training Loss: 0.2558
Validation Loss: 0.2774
New best model found with validation loss: 0.2774
Epoch [22/1000], Training Loss: 0.2546
Validation Loss: 0.2792
No improvement in validation loss. Early stop counter: 1/10
Epoch [23/1000], Training Loss: 0.2548
Validation Loss: 0.2787
No improvement in validation loss. Early stop counter: 2/10
Epoch [24/1000], Training Loss: 0.2546
Validation Loss: 0.2753
New best model found with validation loss: 0.2753
Epoch [25/1000], Training Loss: 0.2556
Validation Loss: 0.2756
No improvement in validation loss. Early stop counter: 1/10
Epoch [26/1000], Training Loss: 0.2539
Validation Loss: 0.2766
No improvement in validation loss. Early stop counter: 2/10
Epoch [27/1000], Training Loss: 0.2518
Validation Loss: 0.2807
No improvement in validation loss. Early stop counter: 3/10
Epoch [28/1000], Training Loss: 0.2536
Validation Loss: 0.2761
No improvement in validation loss. Early stop counter: 4/10
Epoch [29/1000], Training Loss: 0.2554
Validation Loss: 0.2768
No improvement in validation loss. Early stop counter: 5/10
Epoch [30/1000], Training Loss: 0.2529
Validation Loss: 0.2809
No improvement in validation loss. Early stop counter: 6/10
Epoch [31/1000], Training Loss: 0.2511
Validation Loss: 0.2762
No improvement in validation loss. Early stop counter: 7/10
Epoch [32/1000], Training Loss: 0.2490
Validation Loss: 0.2823
No improvement in validation loss. Early stop counter: 8/10
Epoch [33/1000], Training Loss: 0.2500
Validation Loss: 0.2799
No improvement in validation loss. Early stop counter: 9/10
Epoch [34/1000], Training Loss: 0.2481
Validation Loss: 0.2763
No improvement in validation loss. Early stop counter: 10/10
Early stopping triggered after 34 epochs.
Best model for fold 3 saved successfully.

Starting Fold 4/5...
Initializing ClassificationModel with 2 GAT layers and residual connections...
Initializing MCModel with 2 GAT layers and 1 row attention layers...
Initializing CGModel with 2 GAT layers and residual connections...
Initializing CoreModel with 0 self-attention layers...
Using 4 GPUs with DataParallel.
Epoch [1/1000], Training Loss: 0.3546
Validation Loss: 0.3494
New best model found with validation loss: 0.3494
Epoch [2/1000], Training Loss: 0.3214
Validation Loss: 0.3307
New best model found with validation loss: 0.3307
Epoch [3/1000], Training Loss: 0.3080
Validation Loss: 0.3114
New best model found with validation loss: 0.3114
Epoch [4/1000], Training Loss: 0.2988
Validation Loss: 0.3081
New best model found with validation loss: 0.3081
Epoch [5/1000], Training Loss: 0.2947
Validation Loss: 0.3038
New best model found with validation loss: 0.3038
Epoch [6/1000], Training Loss: 0.2893
Validation Loss: 0.3053
No improvement in validation loss. Early stop counter: 1/10
Epoch [7/1000], Training Loss: 0.2853
Validation Loss: 0.3156
No improvement in validation loss. Early stop counter: 2/10
Epoch [8/1000], Training Loss: 0.2831
Validation Loss: 0.3034
New best model found with validation loss: 0.3034
Epoch [9/1000], Training Loss: 0.2794
Validation Loss: 0.3224
No improvement in validation loss. Early stop counter: 1/10
Epoch [10/1000], Training Loss: 0.2759
Validation Loss: 0.3047
No improvement in validation loss. Early stop counter: 2/10
Epoch [11/1000], Training Loss: 0.2716
Validation Loss: 0.2958
New best model found with validation loss: 0.2958
Epoch [12/1000], Training Loss: 0.2672
Validation Loss: 0.2945
New best model found with validation loss: 0.2945
Epoch [13/1000], Training Loss: 0.2649
Validation Loss: 0.2966
No improvement in validation loss. Early stop counter: 1/10
Epoch [14/1000], Training Loss: 0.2647
Validation Loss: 0.2954
No improvement in validation loss. Early stop counter: 2/10
Epoch [15/1000], Training Loss: 0.2609
Validation Loss: 0.3008
No improvement in validation loss. Early stop counter: 3/10
Epoch [16/1000], Training Loss: 0.2609
Validation Loss: 0.2978
No improvement in validation loss. Early stop counter: 4/10
Epoch [17/1000], Training Loss: 0.2584
Validation Loss: 0.2987
No improvement in validation loss. Early stop counter: 5/10
Epoch [18/1000], Training Loss: 0.2607
Validation Loss: 0.2964
No improvement in validation loss. Early stop counter: 6/10
Epoch [19/1000], Training Loss: 0.2576
Validation Loss: 0.3075
No improvement in validation loss. Early stop counter: 7/10
Epoch [20/1000], Training Loss: 0.2570
Validation Loss: 0.3046
No improvement in validation loss. Early stop counter: 8/10
Epoch [21/1000], Training Loss: 0.2520
Validation Loss: 0.3044
No improvement in validation loss. Early stop counter: 9/10
Epoch [22/1000], Training Loss: 0.2513
Validation Loss: 0.2996
No improvement in validation loss. Early stop counter: 10/10
Early stopping triggered after 22 epochs.
Best model for fold 4 saved successfully.

Starting Fold 5/5...
Initializing ClassificationModel with 2 GAT layers and residual connections...
Initializing MCModel with 2 GAT layers and 1 row attention layers...
Initializing CGModel with 2 GAT layers and residual connections...
Initializing CoreModel with 0 self-attention layers...
Using 4 GPUs with DataParallel.
Epoch [1/1000], Training Loss: 0.3608
Validation Loss: 0.3284
New best model found with validation loss: 0.3284
Epoch [2/1000], Training Loss: 0.3253
Validation Loss: 0.3187
New best model found with validation loss: 0.3187
Epoch [3/1000], Training Loss: 0.3076
Validation Loss: 0.3380
No improvement in validation loss. Early stop counter: 1/10
Epoch [4/1000], Training Loss: 0.3047
Validation Loss: 0.2990
New best model found with validation loss: 0.2990
Epoch [5/1000], Training Loss: 0.2961
Validation Loss: 0.2935
New best model found with validation loss: 0.2935
Epoch [6/1000], Training Loss: 0.2901
Validation Loss: 0.2893
New best model found with validation loss: 0.2893
Epoch [7/1000], Training Loss: 0.2900
Validation Loss: 0.2954
No improvement in validation loss. Early stop counter: 1/10
Epoch [8/1000], Training Loss: 0.2884
Validation Loss: 0.2905
No improvement in validation loss. Early stop counter: 2/10
Epoch [9/1000], Training Loss: 0.2818
Validation Loss: 0.2877
New best model found with validation loss: 0.2877
Epoch [10/1000], Training Loss: 0.2800
Validation Loss: 0.2908
No improvement in validation loss. Early stop counter: 1/10
Epoch [11/1000], Training Loss: 0.2759
Validation Loss: 0.2802
New best model found with validation loss: 0.2802
Epoch [12/1000], Training Loss: 0.2705
Validation Loss: 0.2795
New best model found with validation loss: 0.2795
Epoch [13/1000], Training Loss: 0.2683
Validation Loss: 0.2774
New best model found with validation loss: 0.2774
Epoch [14/1000], Training Loss: 0.2679
Validation Loss: 0.2769
New best model found with validation loss: 0.2769
Epoch [15/1000], Training Loss: 0.2672
Validation Loss: 0.2841
No improvement in validation loss. Early stop counter: 1/10
Epoch [16/1000], Training Loss: 0.2654
Validation Loss: 0.2782
No improvement in validation loss. Early stop counter: 2/10
Epoch [17/1000], Training Loss: 0.2635
Validation Loss: 0.2800
No improvement in validation loss. Early stop counter: 3/10
Epoch [18/1000], Training Loss: 0.2619
Validation Loss: 0.2833
No improvement in validation loss. Early stop counter: 4/10
Epoch [19/1000], Training Loss: 0.2637
Validation Loss: 0.2758
New best model found with validation loss: 0.2758
Epoch [20/1000], Training Loss: 0.2623
Validation Loss: 0.2773
No improvement in validation loss. Early stop counter: 1/10
Epoch [21/1000], Training Loss: 0.2552
Validation Loss: 0.2771
No improvement in validation loss. Early stop counter: 2/10
Epoch [22/1000], Training Loss: 0.2549
Validation Loss: 0.2760
No improvement in validation loss. Early stop counter: 3/10
Epoch [23/1000], Training Loss: 0.2548
Validation Loss: 0.2792
No improvement in validation loss. Early stop counter: 4/10
Epoch [24/1000], Training Loss: 0.2547
Validation Loss: 0.2780
No improvement in validation loss. Early stop counter: 5/10
Epoch [25/1000], Training Loss: 0.2563
Validation Loss: 0.2798
No improvement in validation loss. Early stop counter: 6/10
Epoch [26/1000], Training Loss: 0.2536
Validation Loss: 0.2761
No improvement in validation loss. Early stop counter: 7/10
Epoch [27/1000], Training Loss: 0.2540
Validation Loss: 0.2774
No improvement in validation loss. Early stop counter: 8/10
Epoch [28/1000], Training Loss: 0.2538
Validation Loss: 0.2799
No improvement in validation loss. Early stop counter: 9/10
Epoch [29/1000], Training Loss: 0.2540
Validation Loss: 0.2750
New best model found with validation loss: 0.2750
Epoch [30/1000], Training Loss: 0.2522
Validation Loss: 0.2772
No improvement in validation loss. Early stop counter: 1/10
Epoch [31/1000], Training Loss: 0.2492
Validation Loss: 0.2788
No improvement in validation loss. Early stop counter: 2/10
Epoch [32/1000], Training Loss: 0.2497
Validation Loss: 0.2764
No improvement in validation loss. Early stop counter: 3/10
Epoch [33/1000], Training Loss: 0.2474
Validation Loss: 0.2786
No improvement in validation loss. Early stop counter: 4/10
Epoch [34/1000], Training Loss: 0.2491
Validation Loss: 0.2765
No improvement in validation loss. Early stop counter: 5/10
Epoch [35/1000], Training Loss: 0.2490
Validation Loss: 0.2783
No improvement in validation loss. Early stop counter: 6/10
Epoch [36/1000], Training Loss: 0.2491
Validation Loss: 0.2777
No improvement in validation loss. Early stop counter: 7/10
Epoch [37/1000], Training Loss: 0.2489
Validation Loss: 0.2782
No improvement in validation loss. Early stop counter: 8/10
Epoch [38/1000], Training Loss: 0.2499
Validation Loss: 0.2754
No improvement in validation loss. Early stop counter: 9/10
Epoch [39/1000], Training Loss: 0.2475
Validation Loss: 0.2781
No improvement in validation loss. Early stop counter: 10/10
Early stopping triggered after 39 epochs.
Best model for fold 5 saved successfully.

Cross-validation results:
Fold 1: Validation Loss = 0.2758
Fold 2: Validation Loss = 0.2892
Fold 3: Validation Loss = 0.2753
Fold 4: Validation Loss = 0.2945
Fold 5: Validation Loss = 0.2750
Average Validation Loss: 0.2819
