{'batch_size': 4, 'sequence_file': 'padded_sequences_train_3000.npz', 'data_file': 'padded_interfaces_train_3000.npz', 'edge_file': 'padded_edges_train_3000.npz', 'max_len': 3000, 'vocab_size': 23, 'embed_dim': 256, 'num_heads': 16, 'dropout': 0.1, 'num_layers': 1, 'num_gnn_layers': 2, 'num_int_layers': 1, 'num_classes': 2, 'num_epochs': 1000, 'learning_rate': 0.0001, 'max_grad_norm': 0.1, 'validation_split': 0.1, 'early_stop_patience': 10, 'initial_gradient_noise_std': 0.05, 'accumulation_steps': 2}
Number of GPUs available: 4

Starting Fold 1/5...
Initializing ClassificationModel with 2 GAT layers and residual connections...
Initializing MCModel with 2 GAT layers and 1 row attention layers...
Initializing CGModel with 2 GAT layers and residual connections...
Initializing CoreModel with 1 self-attention layers...
Using 4 GPUs with DataParallel.
Epoch [1/1000], Training Loss: 0.3918
Validation Loss: 0.3346
New best model found with validation loss: 0.3346
Epoch [2/1000], Training Loss: 0.3336
Validation Loss: 0.3057
New best model found with validation loss: 0.3057
Epoch [3/1000], Training Loss: 0.3216
Validation Loss: 0.2977
New best model found with validation loss: 0.2977
Epoch [4/1000], Training Loss: 0.3055
Validation Loss: 0.2917
New best model found with validation loss: 0.2917
Epoch [5/1000], Training Loss: 0.2993
Validation Loss: 0.2833
New best model found with validation loss: 0.2833
Epoch [6/1000], Training Loss: 0.2924
Validation Loss: 0.2777
New best model found with validation loss: 0.2777
Epoch [7/1000], Training Loss: 0.2871
Validation Loss: 0.2766
New best model found with validation loss: 0.2766
Epoch [8/1000], Training Loss: 0.2845
Validation Loss: 0.2726
New best model found with validation loss: 0.2726
Epoch [9/1000], Training Loss: 0.2848
Validation Loss: 0.2739
No improvement in validation loss. Early stop counter: 1/10
Epoch [10/1000], Training Loss: 0.2807
Validation Loss: 0.2783
No improvement in validation loss. Early stop counter: 2/10
Epoch [11/1000], Training Loss: 0.2732
Validation Loss: 0.2751
No improvement in validation loss. Early stop counter: 3/10
Epoch [12/1000], Training Loss: 0.2721
Validation Loss: 0.2671
New best model found with validation loss: 0.2671
Epoch [13/1000], Training Loss: 0.2697
Validation Loss: 0.2752
No improvement in validation loss. Early stop counter: 1/10
Epoch [14/1000], Training Loss: 0.2687
Validation Loss: 0.2642
New best model found with validation loss: 0.2642
Epoch [15/1000], Training Loss: 0.2687
Validation Loss: 0.2644
No improvement in validation loss. Early stop counter: 1/10
Epoch [16/1000], Training Loss: 0.2693
Validation Loss: 0.2653
No improvement in validation loss. Early stop counter: 2/10
Epoch [17/1000], Training Loss: 0.2643
Validation Loss: 0.2621
New best model found with validation loss: 0.2621
Epoch [18/1000], Training Loss: 0.2671
Validation Loss: 0.2654
No improvement in validation loss. Early stop counter: 1/10
Epoch [19/1000], Training Loss: 0.2640
Validation Loss: 0.2645
No improvement in validation loss. Early stop counter: 2/10
Epoch [20/1000], Training Loss: 0.2623
Validation Loss: 0.2661
No improvement in validation loss. Early stop counter: 3/10
Epoch [21/1000], Training Loss: 0.2600
Validation Loss: 0.2592
New best model found with validation loss: 0.2592
Epoch [22/1000], Training Loss: 0.2599
Validation Loss: 0.2598
No improvement in validation loss. Early stop counter: 1/10
Epoch [23/1000], Training Loss: 0.2576
Validation Loss: 0.2638
No improvement in validation loss. Early stop counter: 2/10
Epoch [24/1000], Training Loss: 0.2597
Validation Loss: 0.2588
New best model found with validation loss: 0.2588
Epoch [25/1000], Training Loss: 0.2576
Validation Loss: 0.2600
No improvement in validation loss. Early stop counter: 1/10
Epoch [26/1000], Training Loss: 0.2564
Validation Loss: 0.2577
New best model found with validation loss: 0.2577
Epoch [27/1000], Training Loss: 0.2543
Validation Loss: 0.2590
No improvement in validation loss. Early stop counter: 1/10
Epoch [28/1000], Training Loss: 0.2577
Validation Loss: 0.2635
No improvement in validation loss. Early stop counter: 2/10
Epoch [29/1000], Training Loss: 0.2576
Validation Loss: 0.2609
No improvement in validation loss. Early stop counter: 3/10
Epoch [30/1000], Training Loss: 0.2531
Validation Loss: 0.2608
No improvement in validation loss. Early stop counter: 4/10
Epoch [31/1000], Training Loss: 0.2525
Validation Loss: 0.2587
No improvement in validation loss. Early stop counter: 5/10
Epoch [32/1000], Training Loss: 0.2547
Validation Loss: 0.2566
New best model found with validation loss: 0.2566
Epoch [33/1000], Training Loss: 0.2531
Validation Loss: 0.2610
No improvement in validation loss. Early stop counter: 1/10
Epoch [34/1000], Training Loss: 0.2523
Validation Loss: 0.2599
No improvement in validation loss. Early stop counter: 2/10
Epoch [35/1000], Training Loss: 0.2527
Validation Loss: 0.2570
No improvement in validation loss. Early stop counter: 3/10
Epoch [36/1000], Training Loss: 0.2514
Validation Loss: 0.2568
No improvement in validation loss. Early stop counter: 4/10
Epoch [37/1000], Training Loss: 0.2518
Validation Loss: 0.2567
No improvement in validation loss. Early stop counter: 5/10
Epoch [38/1000], Training Loss: 0.2503
Validation Loss: 0.2583
No improvement in validation loss. Early stop counter: 6/10
Epoch [39/1000], Training Loss: 0.2519
Validation Loss: 0.2583
No improvement in validation loss. Early stop counter: 7/10
Epoch [40/1000], Training Loss: 0.2514
Validation Loss: 0.2568
No improvement in validation loss. Early stop counter: 8/10
Epoch [41/1000], Training Loss: 0.2494
Validation Loss: 0.2563
New best model found with validation loss: 0.2563
Epoch [42/1000], Training Loss: 0.2500
Validation Loss: 0.2561
New best model found with validation loss: 0.2561
Epoch [43/1000], Training Loss: 0.2496
Validation Loss: 0.2559
New best model found with validation loss: 0.2559
Epoch [44/1000], Training Loss: 0.2483
Validation Loss: 0.2556
New best model found with validation loss: 0.2556
Epoch [45/1000], Training Loss: 0.2485
Validation Loss: 0.2558
No improvement in validation loss. Early stop counter: 1/10
Epoch [46/1000], Training Loss: 0.2485
Validation Loss: 0.2581
No improvement in validation loss. Early stop counter: 2/10
Epoch [47/1000], Training Loss: 0.2494
Validation Loss: 0.2556
No improvement in validation loss. Early stop counter: 3/10
Epoch [48/1000], Training Loss: 0.2493
Validation Loss: 0.2560
No improvement in validation loss. Early stop counter: 4/10
Epoch [49/1000], Training Loss: 0.2477
Validation Loss: 0.2564
No improvement in validation loss. Early stop counter: 5/10
Epoch [50/1000], Training Loss: 0.2506
Validation Loss: 0.2558
No improvement in validation loss. Early stop counter: 6/10
Epoch [51/1000], Training Loss: 0.2478
Validation Loss: 0.2567
No improvement in validation loss. Early stop counter: 7/10
Epoch [52/1000], Training Loss: 0.2474
Validation Loss: 0.2553
New best model found with validation loss: 0.2553
Epoch [53/1000], Training Loss: 0.2481
Validation Loss: 0.2555
No improvement in validation loss. Early stop counter: 1/10
Epoch [54/1000], Training Loss: 0.2479
Validation Loss: 0.2561
No improvement in validation loss. Early stop counter: 2/10
Epoch [55/1000], Training Loss: 0.2482
Validation Loss: 0.2560
No improvement in validation loss. Early stop counter: 3/10
Epoch [56/1000], Training Loss: 0.2498
Validation Loss: 0.2550
New best model found with validation loss: 0.2550
Epoch [57/1000], Training Loss: 0.2476
Validation Loss: 0.2561
No improvement in validation loss. Early stop counter: 1/10
Epoch [58/1000], Training Loss: 0.2480
Validation Loss: 0.2572
No improvement in validation loss. Early stop counter: 2/10
Epoch [59/1000], Training Loss: 0.2463
Validation Loss: 0.2553
No improvement in validation loss. Early stop counter: 3/10
Epoch [60/1000], Training Loss: 0.2485
Validation Loss: 0.2554
No improvement in validation loss. Early stop counter: 4/10
Epoch [61/1000], Training Loss: 0.2475
Validation Loss: 0.2559
No improvement in validation loss. Early stop counter: 5/10
Epoch [62/1000], Training Loss: 0.2487
Validation Loss: 0.2557
No improvement in validation loss. Early stop counter: 6/10
Epoch [63/1000], Training Loss: 0.2467
Validation Loss: 0.2557
No improvement in validation loss. Early stop counter: 7/10
Epoch [64/1000], Training Loss: 0.2474
Validation Loss: 0.2571
No improvement in validation loss. Early stop counter: 8/10
Epoch [65/1000], Training Loss: 0.2482
Validation Loss: 0.2554
No improvement in validation loss. Early stop counter: 9/10
Epoch [66/1000], Training Loss: 0.2449
Validation Loss: 0.2558
No improvement in validation loss. Early stop counter: 10/10
Early stopping triggered after 66 epochs.
Best model for fold 1 saved successfully.

Starting Fold 2/5...
Initializing ClassificationModel with 2 GAT layers and residual connections...
Initializing MCModel with 2 GAT layers and 1 row attention layers...
Initializing CGModel with 2 GAT layers and residual connections...
Initializing CoreModel with 1 self-attention layers...
Using 4 GPUs with DataParallel.
Epoch [1/1000], Training Loss: 0.3976
Validation Loss: 0.3426
New best model found with validation loss: 0.3426
Epoch [2/1000], Training Loss: 0.3323
Validation Loss: 0.3215
New best model found with validation loss: 0.3215
Epoch [3/1000], Training Loss: 0.3147
Validation Loss: 0.3085
New best model found with validation loss: 0.3085
Epoch [4/1000], Training Loss: 0.3052
Validation Loss: 0.3030
New best model found with validation loss: 0.3030
Epoch [5/1000], Training Loss: 0.2962
Validation Loss: 0.2994
New best model found with validation loss: 0.2994
Epoch [6/1000], Training Loss: 0.2908
Validation Loss: 0.2974
New best model found with validation loss: 0.2974
Epoch [7/1000], Training Loss: 0.2873
Validation Loss: 0.2910
New best model found with validation loss: 0.2910
Epoch [8/1000], Training Loss: 0.2844
Validation Loss: 0.2868
New best model found with validation loss: 0.2868
Epoch [9/1000], Training Loss: 0.2814
Validation Loss: 0.2869
No improvement in validation loss. Early stop counter: 1/10
Epoch [10/1000], Training Loss: 0.2779
Validation Loss: 0.2948
No improvement in validation loss. Early stop counter: 2/10
Epoch [11/1000], Training Loss: 0.2741
Validation Loss: 0.2819
New best model found with validation loss: 0.2819
Epoch [12/1000], Training Loss: 0.2708
Validation Loss: 0.2854
No improvement in validation loss. Early stop counter: 1/10
Epoch [13/1000], Training Loss: 0.2711
Validation Loss: 0.2815
New best model found with validation loss: 0.2815
Epoch [14/1000], Training Loss: 0.2684
Validation Loss: 0.2826
No improvement in validation loss. Early stop counter: 1/10
Epoch [15/1000], Training Loss: 0.2710
Validation Loss: 0.2796
New best model found with validation loss: 0.2796
Epoch [16/1000], Training Loss: 0.2664
Validation Loss: 0.2794
New best model found with validation loss: 0.2794
Epoch [17/1000], Training Loss: 0.2655
Validation Loss: 0.2791
New best model found with validation loss: 0.2791
Epoch [18/1000], Training Loss: 0.2647
Validation Loss: 0.2810
No improvement in validation loss. Early stop counter: 1/10
Epoch [19/1000], Training Loss: 0.2658
Validation Loss: 0.3007
No improvement in validation loss. Early stop counter: 2/10
Epoch [20/1000], Training Loss: 0.2628
Validation Loss: 0.2784
New best model found with validation loss: 0.2784
Epoch [21/1000], Training Loss: 0.2601
Validation Loss: 0.2743
New best model found with validation loss: 0.2743
Epoch [22/1000], Training Loss: 0.2597
Validation Loss: 0.2759
No improvement in validation loss. Early stop counter: 1/10
Epoch [23/1000], Training Loss: 0.2594
Validation Loss: 0.2748
No improvement in validation loss. Early stop counter: 2/10
Epoch [24/1000], Training Loss: 0.2596
Validation Loss: 0.2774
No improvement in validation loss. Early stop counter: 3/10
Epoch [25/1000], Training Loss: 0.2568
Validation Loss: 0.2760
No improvement in validation loss. Early stop counter: 4/10
Epoch [26/1000], Training Loss: 0.2565
Validation Loss: 0.2746
No improvement in validation loss. Early stop counter: 5/10
Epoch [27/1000], Training Loss: 0.2570
Validation Loss: 0.2765
No improvement in validation loss. Early stop counter: 6/10
Epoch [28/1000], Training Loss: 0.2570
Validation Loss: 0.2798
No improvement in validation loss. Early stop counter: 7/10
Epoch [29/1000], Training Loss: 0.2563
Validation Loss: 0.2754
No improvement in validation loss. Early stop counter: 8/10
Epoch [30/1000], Training Loss: 0.2557
Validation Loss: 0.2733
New best model found with validation loss: 0.2733
Epoch [31/1000], Training Loss: 0.2546
Validation Loss: 0.2719
New best model found with validation loss: 0.2719
Epoch [32/1000], Training Loss: 0.2526
Validation Loss: 0.2732
No improvement in validation loss. Early stop counter: 1/10
Epoch [33/1000], Training Loss: 0.2536
Validation Loss: 0.2752
No improvement in validation loss. Early stop counter: 2/10
Epoch [34/1000], Training Loss: 0.2529
Validation Loss: 0.2726
No improvement in validation loss. Early stop counter: 3/10
Epoch [35/1000], Training Loss: 0.2520
Validation Loss: 0.2736
No improvement in validation loss. Early stop counter: 4/10
Epoch [36/1000], Training Loss: 0.2534
Validation Loss: 0.2731
No improvement in validation loss. Early stop counter: 5/10
Epoch [37/1000], Training Loss: 0.2526
Validation Loss: 0.2737
No improvement in validation loss. Early stop counter: 6/10
Epoch [38/1000], Training Loss: 0.2536
Validation Loss: 0.2741
No improvement in validation loss. Early stop counter: 7/10
Epoch [39/1000], Training Loss: 0.2524
Validation Loss: 0.2722
No improvement in validation loss. Early stop counter: 8/10
Epoch [40/1000], Training Loss: 0.2529
Validation Loss: 0.2721
No improvement in validation loss. Early stop counter: 9/10
Epoch [41/1000], Training Loss: 0.2526
Validation Loss: 0.2733
No improvement in validation loss. Early stop counter: 10/10
Early stopping triggered after 41 epochs.
Best model for fold 2 saved successfully.

Starting Fold 3/5...
Initializing ClassificationModel with 2 GAT layers and residual connections...
Initializing MCModel with 2 GAT layers and 1 row attention layers...
Initializing CGModel with 2 GAT layers and residual connections...
Initializing CoreModel with 1 self-attention layers...
Using 4 GPUs with DataParallel.
Epoch [1/1000], Training Loss: 0.3960
Validation Loss: 0.3482
New best model found with validation loss: 0.3482
Epoch [2/1000], Training Loss: 0.3411
Validation Loss: 0.3228
New best model found with validation loss: 0.3228
Epoch [3/1000], Training Loss: 0.3229
Validation Loss: 0.2978
New best model found with validation loss: 0.2978
Epoch [4/1000], Training Loss: 0.3056
Validation Loss: 0.2949
New best model found with validation loss: 0.2949
Epoch [5/1000], Training Loss: 0.2992
Validation Loss: 0.2871
New best model found with validation loss: 0.2871
Epoch [6/1000], Training Loss: 0.2944
Validation Loss: 0.2912
No improvement in validation loss. Early stop counter: 1/10
Epoch [7/1000], Training Loss: 0.2900
Validation Loss: 0.2852
New best model found with validation loss: 0.2852
Epoch [8/1000], Training Loss: 0.2892
Validation Loss: 0.2828
New best model found with validation loss: 0.2828
Epoch [9/1000], Training Loss: 0.2864
Validation Loss: 0.2747
New best model found with validation loss: 0.2747
Epoch [10/1000], Training Loss: 0.2794
Validation Loss: 0.2751
No improvement in validation loss. Early stop counter: 1/10
Epoch [11/1000], Training Loss: 0.2748
Validation Loss: 0.2828
No improvement in validation loss. Early stop counter: 2/10
Epoch [12/1000], Training Loss: 0.2731
Validation Loss: 0.2736
New best model found with validation loss: 0.2736
Epoch [13/1000], Training Loss: 0.2730
Validation Loss: 0.2704
New best model found with validation loss: 0.2704
Epoch [14/1000], Training Loss: 0.2716
Validation Loss: 0.2701
New best model found with validation loss: 0.2701
Epoch [15/1000], Training Loss: 0.2701
Validation Loss: 0.2683
New best model found with validation loss: 0.2683
Epoch [16/1000], Training Loss: 0.2679
Validation Loss: 0.2674
New best model found with validation loss: 0.2674
Epoch [17/1000], Training Loss: 0.2669
Validation Loss: 0.2680
No improvement in validation loss. Early stop counter: 1/10
Epoch [18/1000], Training Loss: 0.2672
Validation Loss: 0.2689
No improvement in validation loss. Early stop counter: 2/10
Epoch [19/1000], Training Loss: 0.2660
Validation Loss: 0.2646
New best model found with validation loss: 0.2646
Epoch [20/1000], Training Loss: 0.2656
Validation Loss: 0.2678
No improvement in validation loss. Early stop counter: 1/10
Epoch [21/1000], Training Loss: 0.2646
Validation Loss: 0.2656
No improvement in validation loss. Early stop counter: 2/10
Epoch [22/1000], Training Loss: 0.2639
Validation Loss: 0.2682
No improvement in validation loss. Early stop counter: 3/10
Epoch [23/1000], Training Loss: 0.2614
Validation Loss: 0.2656
No improvement in validation loss. Early stop counter: 4/10
Epoch [24/1000], Training Loss: 0.2603
Validation Loss: 0.2640
New best model found with validation loss: 0.2640
Epoch [25/1000], Training Loss: 0.2612
Validation Loss: 0.2648
No improvement in validation loss. Early stop counter: 1/10
Epoch [26/1000], Training Loss: 0.2609
Validation Loss: 0.2613
New best model found with validation loss: 0.2613
Epoch [27/1000], Training Loss: 0.2604
Validation Loss: 0.2626
No improvement in validation loss. Early stop counter: 1/10
Epoch [28/1000], Training Loss: 0.2603
Validation Loss: 0.2629
No improvement in validation loss. Early stop counter: 2/10
Epoch [29/1000], Training Loss: 0.2594
Validation Loss: 0.2610
New best model found with validation loss: 0.2610
Epoch [30/1000], Training Loss: 0.2587
Validation Loss: 0.2643
No improvement in validation loss. Early stop counter: 1/10
Epoch [31/1000], Training Loss: 0.2571
Validation Loss: 0.2620
No improvement in validation loss. Early stop counter: 2/10
Epoch [32/1000], Training Loss: 0.2557
Validation Loss: 0.2630
No improvement in validation loss. Early stop counter: 3/10
Epoch [33/1000], Training Loss: 0.2559
Validation Loss: 0.2624
No improvement in validation loss. Early stop counter: 4/10
Epoch [34/1000], Training Loss: 0.2565
Validation Loss: 0.2621
No improvement in validation loss. Early stop counter: 5/10
Epoch [35/1000], Training Loss: 0.2568
Validation Loss: 0.2663
No improvement in validation loss. Early stop counter: 6/10
Epoch [36/1000], Training Loss: 0.2576
Validation Loss: 0.2618
No improvement in validation loss. Early stop counter: 7/10
Epoch [37/1000], Training Loss: 0.2571
Validation Loss: 0.2610
No improvement in validation loss. Early stop counter: 8/10
Epoch [38/1000], Training Loss: 0.2567
Validation Loss: 0.2592
New best model found with validation loss: 0.2592
Epoch [39/1000], Training Loss: 0.2560
Validation Loss: 0.2622
No improvement in validation loss. Early stop counter: 1/10
Epoch [40/1000], Training Loss: 0.2554
Validation Loss: 0.2594
No improvement in validation loss. Early stop counter: 2/10
Epoch [41/1000], Training Loss: 0.2547
Validation Loss: 0.2608
No improvement in validation loss. Early stop counter: 3/10
Epoch [42/1000], Training Loss: 0.2529
Validation Loss: 0.2603
No improvement in validation loss. Early stop counter: 4/10
Epoch [43/1000], Training Loss: 0.2546
Validation Loss: 0.2610
No improvement in validation loss. Early stop counter: 5/10
Epoch [44/1000], Training Loss: 0.2541
Validation Loss: 0.2619
No improvement in validation loss. Early stop counter: 6/10
Epoch [45/1000], Training Loss: 0.2548
Validation Loss: 0.2596
No improvement in validation loss. Early stop counter: 7/10
Epoch [46/1000], Training Loss: 0.2537
Validation Loss: 0.2600
No improvement in validation loss. Early stop counter: 8/10
Epoch [47/1000], Training Loss: 0.2557
Validation Loss: 0.2601
No improvement in validation loss. Early stop counter: 9/10
Epoch [48/1000], Training Loss: 0.2544
Validation Loss: 0.2594
No improvement in validation loss. Early stop counter: 10/10
Early stopping triggered after 48 epochs.
Best model for fold 3 saved successfully.

Starting Fold 4/5...
Initializing ClassificationModel with 2 GAT layers and residual connections...
Initializing MCModel with 2 GAT layers and 1 row attention layers...
Initializing CGModel with 2 GAT layers and residual connections...
Initializing CoreModel with 1 self-attention layers...
Using 4 GPUs with DataParallel.
Epoch [1/1000], Training Loss: 0.3956
Validation Loss: 0.3318
New best model found with validation loss: 0.3318
Epoch [2/1000], Training Loss: 0.3271
Validation Loss: 0.3134
New best model found with validation loss: 0.3134
Epoch [3/1000], Training Loss: 0.3100
Validation Loss: 0.3169
No improvement in validation loss. Early stop counter: 1/10
Epoch [4/1000], Training Loss: 0.2971
Validation Loss: 0.3018
New best model found with validation loss: 0.3018
Epoch [5/1000], Training Loss: 0.2888
Validation Loss: 0.2972
New best model found with validation loss: 0.2972
Epoch [6/1000], Training Loss: 0.2871
Validation Loss: 0.2874
New best model found with validation loss: 0.2874
Epoch [7/1000], Training Loss: 0.2794
Validation Loss: 0.2860
New best model found with validation loss: 0.2860
Epoch [8/1000], Training Loss: 0.2759
Validation Loss: 0.2900
No improvement in validation loss. Early stop counter: 1/10
Epoch [9/1000], Training Loss: 0.2746
Validation Loss: 0.3193
No improvement in validation loss. Early stop counter: 2/10
Epoch [10/1000], Training Loss: 0.2712
Validation Loss: 0.2813
New best model found with validation loss: 0.2813
Epoch [11/1000], Training Loss: 0.2668
Validation Loss: 0.2791
New best model found with validation loss: 0.2791
Epoch [12/1000], Training Loss: 0.2638
Validation Loss: 0.2803
No improvement in validation loss. Early stop counter: 1/10
Epoch [13/1000], Training Loss: 0.2645
Validation Loss: 0.2777
New best model found with validation loss: 0.2777
Epoch [14/1000], Training Loss: 0.2637
Validation Loss: 0.2753
New best model found with validation loss: 0.2753
Epoch [15/1000], Training Loss: 0.2607
Validation Loss: 0.2760
No improvement in validation loss. Early stop counter: 1/10
Epoch [16/1000], Training Loss: 0.2605
Validation Loss: 0.2748
New best model found with validation loss: 0.2748
Epoch [17/1000], Training Loss: 0.2604
Validation Loss: 0.2757
No improvement in validation loss. Early stop counter: 1/10
Epoch [18/1000], Training Loss: 0.2586
Validation Loss: 0.2758
No improvement in validation loss. Early stop counter: 2/10
Epoch [19/1000], Training Loss: 0.2580
Validation Loss: 0.2752
No improvement in validation loss. Early stop counter: 3/10
Epoch [20/1000], Training Loss: 0.2569
Validation Loss: 0.2759
No improvement in validation loss. Early stop counter: 4/10
Epoch [21/1000], Training Loss: 0.2564
Validation Loss: 0.2770
No improvement in validation loss. Early stop counter: 5/10
Epoch [22/1000], Training Loss: 0.2562
Validation Loss: 0.2742
New best model found with validation loss: 0.2742
Epoch [23/1000], Training Loss: 0.2560
Validation Loss: 0.2725
New best model found with validation loss: 0.2725
Epoch [24/1000], Training Loss: 0.2551
Validation Loss: 0.2724
New best model found with validation loss: 0.2724
Epoch [25/1000], Training Loss: 0.2544
Validation Loss: 0.2743
No improvement in validation loss. Early stop counter: 1/10
Epoch [26/1000], Training Loss: 0.2541
Validation Loss: 0.2723
New best model found with validation loss: 0.2723
Epoch [27/1000], Training Loss: 0.2528
Validation Loss: 0.2771
No improvement in validation loss. Early stop counter: 1/10
Epoch [28/1000], Training Loss: 0.2531
Validation Loss: 0.2744
No improvement in validation loss. Early stop counter: 2/10
Epoch [29/1000], Training Loss: 0.2529
Validation Loss: 0.2737
No improvement in validation loss. Early stop counter: 3/10
Epoch [30/1000], Training Loss: 0.2533
Validation Loss: 0.2763
No improvement in validation loss. Early stop counter: 4/10
Epoch [31/1000], Training Loss: 0.2515
Validation Loss: 0.2711
New best model found with validation loss: 0.2711
Epoch [32/1000], Training Loss: 0.2508
Validation Loss: 0.2727
No improvement in validation loss. Early stop counter: 1/10
Epoch [33/1000], Training Loss: 0.2492
Validation Loss: 0.2728
No improvement in validation loss. Early stop counter: 2/10
Epoch [34/1000], Training Loss: 0.2504
Validation Loss: 0.2717
No improvement in validation loss. Early stop counter: 3/10
Epoch [35/1000], Training Loss: 0.2496
Validation Loss: 0.2746
No improvement in validation loss. Early stop counter: 4/10
Epoch [36/1000], Training Loss: 0.2484
Validation Loss: 0.2716
No improvement in validation loss. Early stop counter: 5/10
Epoch [37/1000], Training Loss: 0.2499
Validation Loss: 0.2732
No improvement in validation loss. Early stop counter: 6/10
Epoch [38/1000], Training Loss: 0.2484
Validation Loss: 0.2712
No improvement in validation loss. Early stop counter: 7/10
Epoch [39/1000], Training Loss: 0.2498
Validation Loss: 0.2705
New best model found with validation loss: 0.2705
Epoch [40/1000], Training Loss: 0.2502
Validation Loss: 0.2714
No improvement in validation loss. Early stop counter: 1/10
Epoch [41/1000], Training Loss: 0.2481
Validation Loss: 0.2750
No improvement in validation loss. Early stop counter: 2/10
Epoch [42/1000], Training Loss: 0.2478
Validation Loss: 0.2728
No improvement in validation loss. Early stop counter: 3/10
Epoch [43/1000], Training Loss: 0.2478
Validation Loss: 0.2734
No improvement in validation loss. Early stop counter: 4/10
Epoch [44/1000], Training Loss: 0.2475
Validation Loss: 0.2700
New best model found with validation loss: 0.2700
Epoch [45/1000], Training Loss: 0.2493
Validation Loss: 0.2723
No improvement in validation loss. Early stop counter: 1/10
Epoch [46/1000], Training Loss: 0.2485
Validation Loss: 0.2729
No improvement in validation loss. Early stop counter: 2/10
Epoch [47/1000], Training Loss: 0.2465
Validation Loss: 0.2725
No improvement in validation loss. Early stop counter: 3/10
Epoch [48/1000], Training Loss: 0.2468
Validation Loss: 0.2703
No improvement in validation loss. Early stop counter: 4/10
Epoch [49/1000], Training Loss: 0.2471
Validation Loss: 0.2699
New best model found with validation loss: 0.2699
Epoch [50/1000], Training Loss: 0.2483
Validation Loss: 0.2704
No improvement in validation loss. Early stop counter: 1/10
Epoch [51/1000], Training Loss: 0.2464
Validation Loss: 0.2724
No improvement in validation loss. Early stop counter: 2/10
Epoch [52/1000], Training Loss: 0.2461
Validation Loss: 0.2731
No improvement in validation loss. Early stop counter: 3/10
Epoch [53/1000], Training Loss: 0.2470
Validation Loss: 0.2704
No improvement in validation loss. Early stop counter: 4/10
Epoch [54/1000], Training Loss: 0.2460
Validation Loss: 0.2713
No improvement in validation loss. Early stop counter: 5/10
Epoch [55/1000], Training Loss: 0.2474
Validation Loss: 0.2716
No improvement in validation loss. Early stop counter: 6/10
Epoch [56/1000], Training Loss: 0.2465
Validation Loss: 0.2710
No improvement in validation loss. Early stop counter: 7/10
Epoch [57/1000], Training Loss: 0.2464
Validation Loss: 0.2720
No improvement in validation loss. Early stop counter: 8/10
Epoch [58/1000], Training Loss: 0.2448
Validation Loss: 0.2729
No improvement in validation loss. Early stop counter: 9/10
Epoch [59/1000], Training Loss: 0.2459
Validation Loss: 0.2709
No improvement in validation loss. Early stop counter: 10/10
Early stopping triggered after 59 epochs.
Best model for fold 4 saved successfully.

Starting Fold 5/5...
Initializing ClassificationModel with 2 GAT layers and residual connections...
Initializing MCModel with 2 GAT layers and 1 row attention layers...
Initializing CGModel with 2 GAT layers and residual connections...
Initializing CoreModel with 1 self-attention layers...
Using 4 GPUs with DataParallel.
Epoch [1/1000], Training Loss: 0.3853
Validation Loss: 0.3237
New best model found with validation loss: 0.3237
Epoch [2/1000], Training Loss: 0.3294
Validation Loss: 0.3092
New best model found with validation loss: 0.3092
Epoch [3/1000], Training Loss: 0.3117
Validation Loss: 0.3187
No improvement in validation loss. Early stop counter: 1/10
Epoch [4/1000], Training Loss: 0.3055
Validation Loss: 0.2904
New best model found with validation loss: 0.2904
Epoch [5/1000], Training Loss: 0.2998
Validation Loss: 0.2859
New best model found with validation loss: 0.2859
Epoch [6/1000], Training Loss: 0.2933
Validation Loss: 0.2817
New best model found with validation loss: 0.2817
Epoch [7/1000], Training Loss: 0.2859
Validation Loss: 0.2862
No improvement in validation loss. Early stop counter: 1/10
Epoch [8/1000], Training Loss: 0.2840
Validation Loss: 0.2815
New best model found with validation loss: 0.2815
Epoch [9/1000], Training Loss: 0.2810
Validation Loss: 0.2874
No improvement in validation loss. Early stop counter: 1/10
Epoch [10/1000], Training Loss: 0.2783
Validation Loss: 0.2809
New best model found with validation loss: 0.2809
Epoch [11/1000], Training Loss: 0.2735
Validation Loss: 0.2721
New best model found with validation loss: 0.2721
Epoch [12/1000], Training Loss: 0.2712
Validation Loss: 0.2699
New best model found with validation loss: 0.2699
Epoch [13/1000], Training Loss: 0.2727
Validation Loss: 0.2777
No improvement in validation loss. Early stop counter: 1/10
Epoch [14/1000], Training Loss: 0.2703
Validation Loss: 0.2828
No improvement in validation loss. Early stop counter: 2/10
Epoch [15/1000], Training Loss: 0.2686
Validation Loss: 0.2745
No improvement in validation loss. Early stop counter: 3/10
Epoch [16/1000], Training Loss: 0.2678
Validation Loss: 0.2680
New best model found with validation loss: 0.2680
Epoch [17/1000], Training Loss: 0.2668
Validation Loss: 0.2745
No improvement in validation loss. Early stop counter: 1/10
Epoch [18/1000], Training Loss: 0.2653
Validation Loss: 0.2672
New best model found with validation loss: 0.2672
Epoch [19/1000], Training Loss: 0.2646
Validation Loss: 0.2692
No improvement in validation loss. Early stop counter: 1/10
Epoch [20/1000], Training Loss: 0.2658
Validation Loss: 0.2729
No improvement in validation loss. Early stop counter: 2/10
Epoch [21/1000], Training Loss: 0.2616
Validation Loss: 0.2673
No improvement in validation loss. Early stop counter: 3/10
Epoch [22/1000], Training Loss: 0.2606
Validation Loss: 0.2641
New best model found with validation loss: 0.2641
Epoch [23/1000], Training Loss: 0.2615
Validation Loss: 0.2670
No improvement in validation loss. Early stop counter: 1/10
Epoch [24/1000], Training Loss: 0.2607
Validation Loss: 0.2668
No improvement in validation loss. Early stop counter: 2/10
Epoch [25/1000], Training Loss: 0.2614
Validation Loss: 0.2663
No improvement in validation loss. Early stop counter: 3/10
Epoch [26/1000], Training Loss: 0.2593
Validation Loss: 0.2680
No improvement in validation loss. Early stop counter: 4/10
Epoch [27/1000], Training Loss: 0.2593
Validation Loss: 0.2662
No improvement in validation loss. Early stop counter: 5/10
Epoch [28/1000], Training Loss: 0.2585
Validation Loss: 0.2715
No improvement in validation loss. Early stop counter: 6/10
Epoch [29/1000], Training Loss: 0.2597
Validation Loss: 0.2651
No improvement in validation loss. Early stop counter: 7/10
Epoch [30/1000], Training Loss: 0.2555
Validation Loss: 0.2721
No improvement in validation loss. Early stop counter: 8/10
Epoch [31/1000], Training Loss: 0.2544
Validation Loss: 0.2718
No improvement in validation loss. Early stop counter: 9/10
Epoch [32/1000], Training Loss: 0.2562
Validation Loss: 0.2654
No improvement in validation loss. Early stop counter: 10/10
Early stopping triggered after 32 epochs.
Best model for fold 5 saved successfully.

Cross-validation results:
Fold 1: Validation Loss = 0.2550
Fold 2: Validation Loss = 0.2719
Fold 3: Validation Loss = 0.2592
Fold 4: Validation Loss = 0.2699
Fold 5: Validation Loss = 0.2641
Average Validation Loss: 0.2640
