{'batch_size': 4, 'sequence_file': 'padded_sequences_train_3000.npz', 'data_file': 'padded_interfaces_train_3000.npz', 'edge_file': 'padded_edges_train_3000.npz', 'max_len': 3000, 'vocab_size': 23, 'embed_dim': 256, 'num_heads': 16, 'dropout': 0.0, 'num_layers': 0, 'num_gnn_layers': 3, 'num_int_layers': 1, 'num_classes': 2, 'num_epochs': 1000, 'learning_rate': 0.0001, 'max_grad_norm': 0.1, 'validation_split': 0.1, 'early_stop_patience': 10, 'initial_gradient_noise_std': 0.05, 'accumulation_steps': 2}
Number of GPUs available: 4

Starting Fold 1/5...
Initializing ClassificationModel with 3 GAT layers and residual connections...
Initializing MCModel with 3 GAT layers and 1 row attention layers...
Initializing CGModel with 3 GAT layers and residual connections...
Initializing CoreModel with 0 self-attention layers...
Using 4 GPUs with DataParallel.
Epoch [1/1000], Training Loss: 0.3746
Validation Loss: 0.3028
New best model found with validation loss: 0.3028
Epoch [2/1000], Training Loss: 0.3089
Validation Loss: 0.2997
New best model found with validation loss: 0.2997
Epoch [3/1000], Training Loss: 0.2988
Validation Loss: 0.2867
New best model found with validation loss: 0.2867
Epoch [4/1000], Training Loss: 0.2904
Validation Loss: 0.2839
New best model found with validation loss: 0.2839
Epoch [5/1000], Training Loss: 0.2827
Validation Loss: 0.2889
No improvement in validation loss. Early stop counter: 1/10
Epoch [6/1000], Training Loss: 0.2766
Validation Loss: 0.2795
New best model found with validation loss: 0.2795
Epoch [7/1000], Training Loss: 0.2756
Validation Loss: 0.2766
New best model found with validation loss: 0.2766
Epoch [8/1000], Training Loss: 0.2746
Validation Loss: 0.2716
New best model found with validation loss: 0.2716
Epoch [9/1000], Training Loss: 0.2683
Validation Loss: 0.2645
New best model found with validation loss: 0.2645
Epoch [10/1000], Training Loss: 0.2648
Validation Loss: 0.2670
No improvement in validation loss. Early stop counter: 1/10
Epoch [11/1000], Training Loss: 0.2599
Validation Loss: 0.2799
No improvement in validation loss. Early stop counter: 2/10
Epoch [12/1000], Training Loss: 0.2593
Validation Loss: 0.2635
New best model found with validation loss: 0.2635
Epoch [13/1000], Training Loss: 0.2539
Validation Loss: 0.2644
No improvement in validation loss. Early stop counter: 1/10
Epoch [14/1000], Training Loss: 0.2535
Validation Loss: 0.2626
New best model found with validation loss: 0.2626
Epoch [15/1000], Training Loss: 0.2522
Validation Loss: 0.2599
New best model found with validation loss: 0.2599
Epoch [16/1000], Training Loss: 0.2509
Validation Loss: 0.2624
No improvement in validation loss. Early stop counter: 1/10
Epoch [17/1000], Training Loss: 0.2477
Validation Loss: 0.2656
No improvement in validation loss. Early stop counter: 2/10
Epoch [18/1000], Training Loss: 0.2474
Validation Loss: 0.2609
No improvement in validation loss. Early stop counter: 3/10
Epoch [19/1000], Training Loss: 0.2467
Validation Loss: 0.2700
No improvement in validation loss. Early stop counter: 4/10
Epoch [20/1000], Training Loss: 0.2469
Validation Loss: 0.2616
No improvement in validation loss. Early stop counter: 5/10
Epoch [21/1000], Training Loss: 0.2426
Validation Loss: 0.2654
No improvement in validation loss. Early stop counter: 6/10
Epoch [22/1000], Training Loss: 0.2391
Validation Loss: 0.2585
New best model found with validation loss: 0.2585
Epoch [23/1000], Training Loss: 0.2377
Validation Loss: 0.2585
No improvement in validation loss. Early stop counter: 1/10
Epoch [24/1000], Training Loss: 0.2378
Validation Loss: 0.2591
No improvement in validation loss. Early stop counter: 2/10
Epoch [25/1000], Training Loss: 0.2364
Validation Loss: 0.2595
No improvement in validation loss. Early stop counter: 3/10
Epoch [26/1000], Training Loss: 0.2358
Validation Loss: 0.2621
No improvement in validation loss. Early stop counter: 4/10
Epoch [27/1000], Training Loss: 0.2346
Validation Loss: 0.2586
No improvement in validation loss. Early stop counter: 5/10
Epoch [28/1000], Training Loss: 0.2334
Validation Loss: 0.2591
No improvement in validation loss. Early stop counter: 6/10
Epoch [29/1000], Training Loss: 0.2328
Validation Loss: 0.2595
No improvement in validation loss. Early stop counter: 7/10
Epoch [30/1000], Training Loss: 0.2323
Validation Loss: 0.2620
No improvement in validation loss. Early stop counter: 8/10
Epoch [31/1000], Training Loss: 0.2290
Validation Loss: 0.2598
No improvement in validation loss. Early stop counter: 9/10
Epoch [32/1000], Training Loss: 0.2302
Validation Loss: 0.2616
No improvement in validation loss. Early stop counter: 10/10
Early stopping triggered after 32 epochs.
Best model for fold 1 saved successfully.

Starting Fold 2/5...
Initializing ClassificationModel with 3 GAT layers and residual connections...
Initializing MCModel with 3 GAT layers and 1 row attention layers...
Initializing CGModel with 3 GAT layers and residual connections...
Initializing CoreModel with 0 self-attention layers...
Using 4 GPUs with DataParallel.
Epoch [1/1000], Training Loss: 0.3518
Validation Loss: 0.3344
New best model found with validation loss: 0.3344
Epoch [2/1000], Training Loss: 0.2987
Validation Loss: 0.3025
New best model found with validation loss: 0.3025
Epoch [3/1000], Training Loss: 0.2881
Validation Loss: 0.3033
No improvement in validation loss. Early stop counter: 1/10
Epoch [4/1000], Training Loss: 0.2835
Validation Loss: 0.2881
New best model found with validation loss: 0.2881
Epoch [5/1000], Training Loss: 0.2781
Validation Loss: 0.2887
No improvement in validation loss. Early stop counter: 1/10
Epoch [6/1000], Training Loss: 0.2719
Validation Loss: 0.2809
New best model found with validation loss: 0.2809
Epoch [7/1000], Training Loss: 0.2663
Validation Loss: 0.2787
New best model found with validation loss: 0.2787
Epoch [8/1000], Training Loss: 0.2632
Validation Loss: 0.2765
New best model found with validation loss: 0.2765
Epoch [9/1000], Training Loss: 0.2611
Validation Loss: 0.2749
New best model found with validation loss: 0.2749
Epoch [10/1000], Training Loss: 0.2630
Validation Loss: 0.3309
No improvement in validation loss. Early stop counter: 1/10
Epoch [11/1000], Training Loss: 0.2603
Validation Loss: 0.2706
New best model found with validation loss: 0.2706
Epoch [12/1000], Training Loss: 0.2557
Validation Loss: 0.2714
No improvement in validation loss. Early stop counter: 1/10
Epoch [13/1000], Training Loss: 0.2531
Validation Loss: 0.2709
No improvement in validation loss. Early stop counter: 2/10
Epoch [14/1000], Training Loss: 0.2502
Validation Loss: 0.2720
No improvement in validation loss. Early stop counter: 3/10
Epoch [15/1000], Training Loss: 0.2488
Validation Loss: 0.2703
New best model found with validation loss: 0.2703
Epoch [16/1000], Training Loss: 0.2478
Validation Loss: 0.2701
New best model found with validation loss: 0.2701
Epoch [17/1000], Training Loss: 0.2478
Validation Loss: 0.2669
New best model found with validation loss: 0.2669
Epoch [18/1000], Training Loss: 0.2471
Validation Loss: 0.2657
New best model found with validation loss: 0.2657
Epoch [19/1000], Training Loss: 0.2445
Validation Loss: 0.2736
No improvement in validation loss. Early stop counter: 1/10
Epoch [20/1000], Training Loss: 0.2447
Validation Loss: 0.2782
No improvement in validation loss. Early stop counter: 2/10
Epoch [21/1000], Training Loss: 0.2422
Validation Loss: 0.2661
No improvement in validation loss. Early stop counter: 3/10
Epoch [22/1000], Training Loss: 0.2412
Validation Loss: 0.2656
New best model found with validation loss: 0.2656
Epoch [23/1000], Training Loss: 0.2388
Validation Loss: 0.2651
New best model found with validation loss: 0.2651
Epoch [24/1000], Training Loss: 0.2367
Validation Loss: 0.2641
New best model found with validation loss: 0.2641
Epoch [25/1000], Training Loss: 0.2383
Validation Loss: 0.2683
No improvement in validation loss. Early stop counter: 1/10
Epoch [26/1000], Training Loss: 0.2364
Validation Loss: 0.2666
No improvement in validation loss. Early stop counter: 2/10
Epoch [27/1000], Training Loss: 0.2367
Validation Loss: 0.2659
No improvement in validation loss. Early stop counter: 3/10
Epoch [28/1000], Training Loss: 0.2346
Validation Loss: 0.2653
No improvement in validation loss. Early stop counter: 4/10
Epoch [29/1000], Training Loss: 0.2355
Validation Loss: 0.2654
No improvement in validation loss. Early stop counter: 5/10
Epoch [30/1000], Training Loss: 0.2333
Validation Loss: 0.2641
New best model found with validation loss: 0.2641
Epoch [31/1000], Training Loss: 0.2321
Validation Loss: 0.2644
No improvement in validation loss. Early stop counter: 1/10
Epoch [32/1000], Training Loss: 0.2311
Validation Loss: 0.2664
No improvement in validation loss. Early stop counter: 2/10
Epoch [33/1000], Training Loss: 0.2306
Validation Loss: 0.2643
No improvement in validation loss. Early stop counter: 3/10
Epoch [34/1000], Training Loss: 0.2290
Validation Loss: 0.2645
No improvement in validation loss. Early stop counter: 4/10
Epoch [35/1000], Training Loss: 0.2311
Validation Loss: 0.2648
No improvement in validation loss. Early stop counter: 5/10
Epoch [36/1000], Training Loss: 0.2296
Validation Loss: 0.2640
New best model found with validation loss: 0.2640
Epoch [37/1000], Training Loss: 0.2309
Validation Loss: 0.2642
No improvement in validation loss. Early stop counter: 1/10
Epoch [38/1000], Training Loss: 0.2295
Validation Loss: 0.2651
No improvement in validation loss. Early stop counter: 2/10
Epoch [39/1000], Training Loss: 0.2308
Validation Loss: 0.2647
No improvement in validation loss. Early stop counter: 3/10
Epoch [40/1000], Training Loss: 0.2275
Validation Loss: 0.2650
No improvement in validation loss. Early stop counter: 4/10
Epoch [41/1000], Training Loss: 0.2270
Validation Loss: 0.2634
New best model found with validation loss: 0.2634
Epoch [42/1000], Training Loss: 0.2273
Validation Loss: 0.2641
No improvement in validation loss. Early stop counter: 1/10
Epoch [43/1000], Training Loss: 0.2268
Validation Loss: 0.2646
No improvement in validation loss. Early stop counter: 2/10
Epoch [44/1000], Training Loss: 0.2272
Validation Loss: 0.2638
No improvement in validation loss. Early stop counter: 3/10
Epoch [45/1000], Training Loss: 0.2256
Validation Loss: 0.2636
No improvement in validation loss. Early stop counter: 4/10
Epoch [46/1000], Training Loss: 0.2264
Validation Loss: 0.2645
No improvement in validation loss. Early stop counter: 5/10
Epoch [47/1000], Training Loss: 0.2275
Validation Loss: 0.2677
No improvement in validation loss. Early stop counter: 6/10
Epoch [48/1000], Training Loss: 0.2257
Validation Loss: 0.2645
No improvement in validation loss. Early stop counter: 7/10
Epoch [49/1000], Training Loss: 0.2255
Validation Loss: 0.2651
No improvement in validation loss. Early stop counter: 8/10
Epoch [50/1000], Training Loss: 0.2263
Validation Loss: 0.2643
No improvement in validation loss. Early stop counter: 9/10
Epoch [51/1000], Training Loss: 0.2254
Validation Loss: 0.2641
No improvement in validation loss. Early stop counter: 10/10
Early stopping triggered after 51 epochs.
Best model for fold 2 saved successfully.

Starting Fold 3/5...
Initializing ClassificationModel with 3 GAT layers and residual connections...
Initializing MCModel with 3 GAT layers and 1 row attention layers...
Initializing CGModel with 3 GAT layers and residual connections...
Initializing CoreModel with 0 self-attention layers...
Using 4 GPUs with DataParallel.
Epoch [1/1000], Training Loss: 0.3845
Validation Loss: 0.3200
New best model found with validation loss: 0.3200
Epoch [2/1000], Training Loss: 0.3118
Validation Loss: 0.3016
New best model found with validation loss: 0.3016
Epoch [3/1000], Training Loss: 0.3051
Validation Loss: 0.2961
New best model found with validation loss: 0.2961
Epoch [4/1000], Training Loss: 0.2967
Validation Loss: 0.2937
New best model found with validation loss: 0.2937
Epoch [5/1000], Training Loss: 0.2950
Validation Loss: 0.2908
New best model found with validation loss: 0.2908
Epoch [6/1000], Training Loss: 0.2907
Validation Loss: 0.2851
New best model found with validation loss: 0.2851
Epoch [7/1000], Training Loss: 0.2852
Validation Loss: 0.2805
New best model found with validation loss: 0.2805
Epoch [8/1000], Training Loss: 0.2776
Validation Loss: 0.2739
New best model found with validation loss: 0.2739
Epoch [9/1000], Training Loss: 0.2739
Validation Loss: 0.2739
No improvement in validation loss. Early stop counter: 1/10
Epoch [10/1000], Training Loss: 0.2724
Validation Loss: 0.2743
No improvement in validation loss. Early stop counter: 2/10
Epoch [11/1000], Training Loss: 0.2632
Validation Loss: 0.2666
New best model found with validation loss: 0.2666
Epoch [12/1000], Training Loss: 0.2595
Validation Loss: 0.2638
New best model found with validation loss: 0.2638
Epoch [13/1000], Training Loss: 0.2594
Validation Loss: 0.2638
No improvement in validation loss. Early stop counter: 1/10
Epoch [14/1000], Training Loss: 0.2560
Validation Loss: 0.2663
No improvement in validation loss. Early stop counter: 2/10
Epoch [15/1000], Training Loss: 0.2576
Validation Loss: 0.2652
No improvement in validation loss. Early stop counter: 3/10
Epoch [16/1000], Training Loss: 0.2549
Validation Loss: 0.2657
No improvement in validation loss. Early stop counter: 4/10
Epoch [17/1000], Training Loss: 0.2523
Validation Loss: 0.2607
New best model found with validation loss: 0.2607
Epoch [18/1000], Training Loss: 0.2522
Validation Loss: 0.2759
No improvement in validation loss. Early stop counter: 1/10
Epoch [19/1000], Training Loss: 0.2499
Validation Loss: 0.2611
No improvement in validation loss. Early stop counter: 2/10
Epoch [20/1000], Training Loss: 0.2476
Validation Loss: 0.2659
No improvement in validation loss. Early stop counter: 3/10
Epoch [21/1000], Training Loss: 0.2462
Validation Loss: 0.2631
No improvement in validation loss. Early stop counter: 4/10
Epoch [22/1000], Training Loss: 0.2435
Validation Loss: 0.2615
No improvement in validation loss. Early stop counter: 5/10
Epoch [23/1000], Training Loss: 0.2432
Validation Loss: 0.2604
New best model found with validation loss: 0.2604
Epoch [24/1000], Training Loss: 0.2406
Validation Loss: 0.2697
No improvement in validation loss. Early stop counter: 1/10
Epoch [25/1000], Training Loss: 0.2414
Validation Loss: 0.2611
No improvement in validation loss. Early stop counter: 2/10
Epoch [26/1000], Training Loss: 0.2385
Validation Loss: 0.2652
No improvement in validation loss. Early stop counter: 3/10
Epoch [27/1000], Training Loss: 0.2400
Validation Loss: 0.2602
New best model found with validation loss: 0.2602
Epoch [28/1000], Training Loss: 0.2387
Validation Loss: 0.2680
No improvement in validation loss. Early stop counter: 1/10
Epoch [29/1000], Training Loss: 0.2394
Validation Loss: 0.2616
No improvement in validation loss. Early stop counter: 2/10
Epoch [30/1000], Training Loss: 0.2347
Validation Loss: 0.2648
No improvement in validation loss. Early stop counter: 3/10
Epoch [31/1000], Training Loss: 0.2332
Validation Loss: 0.2614
No improvement in validation loss. Early stop counter: 4/10
Epoch [32/1000], Training Loss: 0.2323
Validation Loss: 0.2630
No improvement in validation loss. Early stop counter: 5/10
Epoch [33/1000], Training Loss: 0.2324
Validation Loss: 0.2652
No improvement in validation loss. Early stop counter: 6/10
Epoch [34/1000], Training Loss: 0.2311
Validation Loss: 0.2639
No improvement in validation loss. Early stop counter: 7/10
Epoch [35/1000], Training Loss: 0.2308
Validation Loss: 0.2611
No improvement in validation loss. Early stop counter: 8/10
Epoch [36/1000], Training Loss: 0.2301
Validation Loss: 0.2693
No improvement in validation loss. Early stop counter: 9/10
Epoch [37/1000], Training Loss: 0.2318
Validation Loss: 0.2689
No improvement in validation loss. Early stop counter: 10/10
Early stopping triggered after 37 epochs.
Best model for fold 3 saved successfully.

Starting Fold 4/5...
Initializing ClassificationModel with 3 GAT layers and residual connections...
Initializing MCModel with 3 GAT layers and 1 row attention layers...
Initializing CGModel with 3 GAT layers and residual connections...
Initializing CoreModel with 0 self-attention layers...
Using 4 GPUs with DataParallel.
Epoch [1/1000], Training Loss: 0.3424
Validation Loss: 0.3148
New best model found with validation loss: 0.3148
Epoch [2/1000], Training Loss: 0.3051
Validation Loss: 0.3101
New best model found with validation loss: 0.3101
Epoch [3/1000], Training Loss: 0.2908
Validation Loss: 0.3012
New best model found with validation loss: 0.3012
Epoch [4/1000], Training Loss: 0.2849
Validation Loss: 0.3039
No improvement in validation loss. Early stop counter: 1/10
Epoch [5/1000], Training Loss: 0.2758
Validation Loss: 0.2915
New best model found with validation loss: 0.2915
Epoch [6/1000], Training Loss: 0.2695
Validation Loss: 0.2856
New best model found with validation loss: 0.2856
Epoch [7/1000], Training Loss: 0.2672
Validation Loss: 0.2823
New best model found with validation loss: 0.2823
Epoch [8/1000], Training Loss: 0.2636
Validation Loss: 0.2845
No improvement in validation loss. Early stop counter: 1/10
Epoch [9/1000], Training Loss: 0.2596
Validation Loss: 0.2802
New best model found with validation loss: 0.2802
Epoch [10/1000], Training Loss: 0.2555
Validation Loss: 0.2793
New best model found with validation loss: 0.2793
Epoch [11/1000], Training Loss: 0.2484
Validation Loss: 0.2744
New best model found with validation loss: 0.2744
Epoch [12/1000], Training Loss: 0.2451
Validation Loss: 0.2807
No improvement in validation loss. Early stop counter: 1/10
Epoch [13/1000], Training Loss: 0.2444
Validation Loss: 0.2793
No improvement in validation loss. Early stop counter: 2/10
Epoch [14/1000], Training Loss: 0.2409
Validation Loss: 0.2791
No improvement in validation loss. Early stop counter: 3/10
Epoch [15/1000], Training Loss: 0.2421
Validation Loss: 0.2781
No improvement in validation loss. Early stop counter: 4/10
Epoch [16/1000], Training Loss: 0.2397
Validation Loss: 0.2800
No improvement in validation loss. Early stop counter: 5/10
Epoch [17/1000], Training Loss: 0.2367
Validation Loss: 0.2797
No improvement in validation loss. Early stop counter: 6/10
Epoch [18/1000], Training Loss: 0.2362
Validation Loss: 0.2794
No improvement in validation loss. Early stop counter: 7/10
Epoch [19/1000], Training Loss: 0.2347
Validation Loss: 0.2818
No improvement in validation loss. Early stop counter: 8/10
Epoch [20/1000], Training Loss: 0.2338
Validation Loss: 0.2832
No improvement in validation loss. Early stop counter: 9/10
Epoch [21/1000], Training Loss: 0.2292
Validation Loss: 0.2797
No improvement in validation loss. Early stop counter: 10/10
Early stopping triggered after 21 epochs.
Best model for fold 4 saved successfully.

Starting Fold 5/5...
Initializing ClassificationModel with 3 GAT layers and residual connections...
Initializing MCModel with 3 GAT layers and 1 row attention layers...
Initializing CGModel with 3 GAT layers and residual connections...
Initializing CoreModel with 0 self-attention layers...
Using 4 GPUs with DataParallel.
Epoch [1/1000], Training Loss: 0.3600
Validation Loss: 0.3110
New best model found with validation loss: 0.3110
Epoch [2/1000], Training Loss: 0.3095
Validation Loss: 0.3014
New best model found with validation loss: 0.3014
Epoch [3/1000], Training Loss: 0.2959
Validation Loss: 0.2892
New best model found with validation loss: 0.2892
Epoch [4/1000], Training Loss: 0.2883
Validation Loss: 0.2947
No improvement in validation loss. Early stop counter: 1/10
Epoch [5/1000], Training Loss: 0.2841
Validation Loss: 0.2783
New best model found with validation loss: 0.2783
Epoch [6/1000], Training Loss: 0.2806
Validation Loss: 0.2803
No improvement in validation loss. Early stop counter: 1/10
Epoch [7/1000], Training Loss: 0.2734
Validation Loss: 0.2770
New best model found with validation loss: 0.2770
Epoch [8/1000], Training Loss: 0.2691
Validation Loss: 0.2741
New best model found with validation loss: 0.2741
Epoch [9/1000], Training Loss: 0.2708
Validation Loss: 0.2742
No improvement in validation loss. Early stop counter: 1/10
Epoch [10/1000], Training Loss: 0.2666
Validation Loss: 0.2727
New best model found with validation loss: 0.2727
Epoch [11/1000], Training Loss: 0.2605
Validation Loss: 0.2706
New best model found with validation loss: 0.2706
Epoch [12/1000], Training Loss: 0.2571
Validation Loss: 0.2671
New best model found with validation loss: 0.2671
Epoch [13/1000], Training Loss: 0.2546
Validation Loss: 0.2648
New best model found with validation loss: 0.2648
Epoch [14/1000], Training Loss: 0.2538
Validation Loss: 0.2668
No improvement in validation loss. Early stop counter: 1/10
Epoch [15/1000], Training Loss: 0.2523
Validation Loss: 0.2626
New best model found with validation loss: 0.2626
Epoch [16/1000], Training Loss: 0.2490
Validation Loss: 0.2776
No improvement in validation loss. Early stop counter: 1/10
Epoch [17/1000], Training Loss: 0.2470
Validation Loss: 0.2633
No improvement in validation loss. Early stop counter: 2/10
Epoch [18/1000], Training Loss: 0.2464
Validation Loss: 0.2671
No improvement in validation loss. Early stop counter: 3/10
Epoch [19/1000], Training Loss: 0.2448
Validation Loss: 0.2675
No improvement in validation loss. Early stop counter: 4/10
Epoch [20/1000], Training Loss: 0.2424
Validation Loss: 0.2659
No improvement in validation loss. Early stop counter: 5/10
Epoch [21/1000], Training Loss: 0.2402
Validation Loss: 0.2639
No improvement in validation loss. Early stop counter: 6/10
Epoch [22/1000], Training Loss: 0.2388
Validation Loss: 0.2668
No improvement in validation loss. Early stop counter: 7/10
Epoch [23/1000], Training Loss: 0.2369
Validation Loss: 0.2637
No improvement in validation loss. Early stop counter: 8/10
Epoch [24/1000], Training Loss: 0.2362
Validation Loss: 0.2625
New best model found with validation loss: 0.2625
Epoch [25/1000], Training Loss: 0.2350
Validation Loss: 0.2677
No improvement in validation loss. Early stop counter: 1/10
Epoch [26/1000], Training Loss: 0.2340
Validation Loss: 0.2677
No improvement in validation loss. Early stop counter: 2/10
Epoch [27/1000], Training Loss: 0.2383
Validation Loss: 0.2691
No improvement in validation loss. Early stop counter: 3/10
Epoch [28/1000], Training Loss: 0.2333
Validation Loss: 0.2650
No improvement in validation loss. Early stop counter: 4/10
Epoch [29/1000], Training Loss: 0.2317
Validation Loss: 0.2662
No improvement in validation loss. Early stop counter: 5/10
Epoch [30/1000], Training Loss: 0.2326
Validation Loss: 0.2681
No improvement in validation loss. Early stop counter: 6/10
Epoch [31/1000], Training Loss: 0.2293
Validation Loss: 0.2634
No improvement in validation loss. Early stop counter: 7/10
Epoch [32/1000], Training Loss: 0.2285
Validation Loss: 0.2685
No improvement in validation loss. Early stop counter: 8/10
Epoch [33/1000], Training Loss: 0.2281
Validation Loss: 0.2645
No improvement in validation loss. Early stop counter: 9/10
Epoch [34/1000], Training Loss: 0.2268
Validation Loss: 0.2636
No improvement in validation loss. Early stop counter: 10/10
Early stopping triggered after 34 epochs.
Best model for fold 5 saved successfully.

Cross-validation results:
Fold 1: Validation Loss = 0.2585
Fold 2: Validation Loss = 0.2634
Fold 3: Validation Loss = 0.2602
Fold 4: Validation Loss = 0.2744
Fold 5: Validation Loss = 0.2625
Average Validation Loss: 0.2638
