{'batch_size': 4, 'sequence_file': 'padded_sequences_train_3000.npz', 'data_file': 'padded_interfaces_train_3000.npz', 'edge_file': 'padded_edges_train_3000.npz', 'max_len': 3000, 'vocab_size': 23, 'embed_dim': 256, 'num_heads': 16, 'dropout': 0.0, 'num_layers': 1, 'num_gnn_layers': 3, 'num_int_layers': 0, 'num_classes': 2, 'num_epochs': 1000, 'learning_rate': 0.0001, 'max_grad_norm': 0.1, 'validation_split': 0.1, 'early_stop_patience': 10, 'initial_gradient_noise_std': 0.05, 'accumulation_steps': 2}
Number of GPUs available: 4

Starting Fold 1/5...
Initializing ClassificationModel with 3 GAT layers and residual connections...
Initializing MCModel with 3 GAT layers and 0 row attention layers...
Initializing CGModel with 3 GAT layers and residual connections...
Initializing CoreModel with 1 self-attention layers...
Using 4 GPUs with DataParallel.
Epoch [1/1000], Training Loss: 0.3972
Validation Loss: 0.3252
New best model found with validation loss: 0.3252
Epoch [2/1000], Training Loss: 0.3297
Validation Loss: 0.3047
New best model found with validation loss: 0.3047
Epoch [3/1000], Training Loss: 0.3069
Validation Loss: 0.3127
No improvement in validation loss. Early stop counter: 1/10
Epoch [4/1000], Training Loss: 0.3012
Validation Loss: 0.2936
New best model found with validation loss: 0.2936
Epoch [5/1000], Training Loss: 0.2889
Validation Loss: 0.2912
New best model found with validation loss: 0.2912
Epoch [6/1000], Training Loss: 0.2828
Validation Loss: 0.2928
No improvement in validation loss. Early stop counter: 1/10
Epoch [7/1000], Training Loss: 0.2799
Validation Loss: 0.2935
No improvement in validation loss. Early stop counter: 2/10
Epoch [8/1000], Training Loss: 0.2739
Validation Loss: 0.2820
New best model found with validation loss: 0.2820
Epoch [9/1000], Training Loss: 0.2760
Validation Loss: 0.2858
No improvement in validation loss. Early stop counter: 1/10
Epoch [10/1000], Training Loss: 0.2692
Validation Loss: 0.2698
New best model found with validation loss: 0.2698
Epoch [11/1000], Training Loss: 0.2602
Validation Loss: 0.2630
New best model found with validation loss: 0.2630
Epoch [12/1000], Training Loss: 0.2574
Validation Loss: 0.2628
New best model found with validation loss: 0.2628
Epoch [13/1000], Training Loss: 0.2542
Validation Loss: 0.2610
New best model found with validation loss: 0.2610
Epoch [14/1000], Training Loss: 0.2549
Validation Loss: 0.2623
No improvement in validation loss. Early stop counter: 1/10
Epoch [15/1000], Training Loss: 0.2475
Validation Loss: 0.2617
No improvement in validation loss. Early stop counter: 2/10
Epoch [16/1000], Training Loss: 0.2465
Validation Loss: 0.2692
No improvement in validation loss. Early stop counter: 3/10
Epoch [17/1000], Training Loss: 0.2459
Validation Loss: 0.2654
No improvement in validation loss. Early stop counter: 4/10
Epoch [18/1000], Training Loss: 0.2477
Validation Loss: 0.2724
No improvement in validation loss. Early stop counter: 5/10
Epoch [19/1000], Training Loss: 0.2445
Validation Loss: 0.2573
New best model found with validation loss: 0.2573
Epoch [20/1000], Training Loss: 0.2411
Validation Loss: 0.2662
No improvement in validation loss. Early stop counter: 1/10
Epoch [21/1000], Training Loss: 0.2377
Validation Loss: 0.2616
No improvement in validation loss. Early stop counter: 2/10
Epoch [22/1000], Training Loss: 0.2365
Validation Loss: 0.2596
No improvement in validation loss. Early stop counter: 3/10
Epoch [23/1000], Training Loss: 0.2333
Validation Loss: 0.2583
No improvement in validation loss. Early stop counter: 4/10
Epoch [24/1000], Training Loss: 0.2335
Validation Loss: 0.2575
No improvement in validation loss. Early stop counter: 5/10
Epoch [25/1000], Training Loss: 0.2310
Validation Loss: 0.2584
No improvement in validation loss. Early stop counter: 6/10
Epoch [26/1000], Training Loss: 0.2320
Validation Loss: 0.2564
New best model found with validation loss: 0.2564
Epoch [27/1000], Training Loss: 0.2312
Validation Loss: 0.2660
No improvement in validation loss. Early stop counter: 1/10
Epoch [28/1000], Training Loss: 0.2295
Validation Loss: 0.2648
No improvement in validation loss. Early stop counter: 2/10
Epoch [29/1000], Training Loss: 0.2281
Validation Loss: 0.2687
No improvement in validation loss. Early stop counter: 3/10
Epoch [30/1000], Training Loss: 0.2276
Validation Loss: 0.2596
No improvement in validation loss. Early stop counter: 4/10
Epoch [31/1000], Training Loss: 0.2254
Validation Loss: 0.2585
No improvement in validation loss. Early stop counter: 5/10
Epoch [32/1000], Training Loss: 0.2245
Validation Loss: 0.2565
No improvement in validation loss. Early stop counter: 6/10
Epoch [33/1000], Training Loss: 0.2233
Validation Loss: 0.2562
New best model found with validation loss: 0.2562
Epoch [34/1000], Training Loss: 0.2233
Validation Loss: 0.2580
No improvement in validation loss. Early stop counter: 1/10
Epoch [35/1000], Training Loss: 0.2228
Validation Loss: 0.2614
No improvement in validation loss. Early stop counter: 2/10
Epoch [36/1000], Training Loss: 0.2213
Validation Loss: 0.2608
No improvement in validation loss. Early stop counter: 3/10
Epoch [37/1000], Training Loss: 0.2220
Validation Loss: 0.2581
No improvement in validation loss. Early stop counter: 4/10
Epoch [38/1000], Training Loss: 0.2206
Validation Loss: 0.2594
No improvement in validation loss. Early stop counter: 5/10
Epoch [39/1000], Training Loss: 0.2207
Validation Loss: 0.2605
No improvement in validation loss. Early stop counter: 6/10
Epoch [40/1000], Training Loss: 0.2206
Validation Loss: 0.2600
No improvement in validation loss. Early stop counter: 7/10
Epoch [41/1000], Training Loss: 0.2200
Validation Loss: 0.2619
No improvement in validation loss. Early stop counter: 8/10
Epoch [42/1000], Training Loss: 0.2179
Validation Loss: 0.2622
No improvement in validation loss. Early stop counter: 9/10
Epoch [43/1000], Training Loss: 0.2181
Validation Loss: 0.2585
No improvement in validation loss. Early stop counter: 10/10
Early stopping triggered after 43 epochs.
Best model for fold 1 saved successfully.

Starting Fold 2/5...
Initializing ClassificationModel with 3 GAT layers and residual connections...
Initializing MCModel with 3 GAT layers and 0 row attention layers...
Initializing CGModel with 3 GAT layers and residual connections...
Initializing CoreModel with 1 self-attention layers...
Using 4 GPUs with DataParallel.
Epoch [1/1000], Training Loss: 0.3623
Validation Loss: 0.3414
New best model found with validation loss: 0.3414
Epoch [2/1000], Training Loss: 0.3399
Validation Loss: 0.3407
New best model found with validation loss: 0.3407
Epoch [3/1000], Training Loss: 0.3125
Validation Loss: 0.3091
New best model found with validation loss: 0.3091
Epoch [4/1000], Training Loss: 0.2988
Validation Loss: 0.2998
New best model found with validation loss: 0.2998
Epoch [5/1000], Training Loss: 0.2905
Validation Loss: 0.2927
New best model found with validation loss: 0.2927
Epoch [6/1000], Training Loss: 0.2833
Validation Loss: 0.2894
New best model found with validation loss: 0.2894
Epoch [7/1000], Training Loss: 0.2794
Validation Loss: 0.2855
New best model found with validation loss: 0.2855
Epoch [8/1000], Training Loss: 0.2762
Validation Loss: 0.2819
New best model found with validation loss: 0.2819
Epoch [9/1000], Training Loss: 0.2784
Validation Loss: 0.2842
No improvement in validation loss. Early stop counter: 1/10
Epoch [10/1000], Training Loss: 0.2656
Validation Loss: 0.2914
No improvement in validation loss. Early stop counter: 2/10
Epoch [11/1000], Training Loss: 0.2589
Validation Loss: 0.2787
New best model found with validation loss: 0.2787
Epoch [12/1000], Training Loss: 0.2600
Validation Loss: 0.2806
No improvement in validation loss. Early stop counter: 1/10
Epoch [13/1000], Training Loss: 0.2523
Validation Loss: 0.2762
New best model found with validation loss: 0.2762
Epoch [14/1000], Training Loss: 0.2533
Validation Loss: 0.2884
No improvement in validation loss. Early stop counter: 1/10
Epoch [15/1000], Training Loss: 0.2558
Validation Loss: 0.2792
No improvement in validation loss. Early stop counter: 2/10
Epoch [16/1000], Training Loss: 0.2491
Validation Loss: 0.2869
No improvement in validation loss. Early stop counter: 3/10
Epoch [17/1000], Training Loss: 0.2524
Validation Loss: 0.2771
No improvement in validation loss. Early stop counter: 4/10
Epoch [18/1000], Training Loss: 0.2474
Validation Loss: 0.2791
No improvement in validation loss. Early stop counter: 5/10
Epoch [19/1000], Training Loss: 0.2467
Validation Loss: 0.2752
New best model found with validation loss: 0.2752
Epoch [20/1000], Training Loss: 0.2453
Validation Loss: 0.2842
No improvement in validation loss. Early stop counter: 1/10
Epoch [21/1000], Training Loss: 0.2380
Validation Loss: 0.2777
No improvement in validation loss. Early stop counter: 2/10
Epoch [22/1000], Training Loss: 0.2378
Validation Loss: 0.2763
No improvement in validation loss. Early stop counter: 3/10
Epoch [23/1000], Training Loss: 0.2354
Validation Loss: 0.2781
No improvement in validation loss. Early stop counter: 4/10
Epoch [24/1000], Training Loss: 0.2367
Validation Loss: 0.2740
New best model found with validation loss: 0.2740
Epoch [25/1000], Training Loss: 0.2338
Validation Loss: 0.2788
No improvement in validation loss. Early stop counter: 1/10
Epoch [26/1000], Training Loss: 0.2337
Validation Loss: 0.2746
No improvement in validation loss. Early stop counter: 2/10
Epoch [27/1000], Training Loss: 0.2324
Validation Loss: 0.2741
No improvement in validation loss. Early stop counter: 3/10
Epoch [28/1000], Training Loss: 0.2314
Validation Loss: 0.2756
No improvement in validation loss. Early stop counter: 4/10
Epoch [29/1000], Training Loss: 0.2303
Validation Loss: 0.2857
No improvement in validation loss. Early stop counter: 5/10
Epoch [30/1000], Training Loss: 0.2314
Validation Loss: 0.2777
No improvement in validation loss. Early stop counter: 6/10
Epoch [31/1000], Training Loss: 0.2269
Validation Loss: 0.2770
No improvement in validation loss. Early stop counter: 7/10
Epoch [32/1000], Training Loss: 0.2266
Validation Loss: 0.2775
No improvement in validation loss. Early stop counter: 8/10
Epoch [33/1000], Training Loss: 0.2258
Validation Loss: 0.2756
No improvement in validation loss. Early stop counter: 9/10
Epoch [34/1000], Training Loss: 0.2247
Validation Loss: 0.2799
No improvement in validation loss. Early stop counter: 10/10
Early stopping triggered after 34 epochs.
Best model for fold 2 saved successfully.

Starting Fold 3/5...
Initializing ClassificationModel with 3 GAT layers and residual connections...
Initializing MCModel with 3 GAT layers and 0 row attention layers...
Initializing CGModel with 3 GAT layers and residual connections...
Initializing CoreModel with 1 self-attention layers...
Using 4 GPUs with DataParallel.
Epoch [1/1000], Training Loss: 0.3576
Validation Loss: 0.3140
New best model found with validation loss: 0.3140
Epoch [2/1000], Training Loss: 0.3231
Validation Loss: 0.3023
New best model found with validation loss: 0.3023
Epoch [3/1000], Training Loss: 0.2987
Validation Loss: 0.3043
No improvement in validation loss. Early stop counter: 1/10
Epoch [4/1000], Training Loss: 0.2916
Validation Loss: 0.3261
No improvement in validation loss. Early stop counter: 2/10
Epoch [5/1000], Training Loss: 0.2964
Validation Loss: 0.2771
New best model found with validation loss: 0.2771
Epoch [6/1000], Training Loss: 0.2840
Validation Loss: 0.2778
No improvement in validation loss. Early stop counter: 1/10
Epoch [7/1000], Training Loss: 0.2774
Validation Loss: 0.2756
New best model found with validation loss: 0.2756
Epoch [8/1000], Training Loss: 0.2792
Validation Loss: 0.2765
No improvement in validation loss. Early stop counter: 1/10
Epoch [9/1000], Training Loss: 0.2708
Validation Loss: 0.2875
No improvement in validation loss. Early stop counter: 2/10
Epoch [10/1000], Training Loss: 0.2712
Validation Loss: 0.2688
New best model found with validation loss: 0.2688
Epoch [11/1000], Training Loss: 0.2575
Validation Loss: 0.2635
New best model found with validation loss: 0.2635
Epoch [12/1000], Training Loss: 0.2546
Validation Loss: 0.2638
No improvement in validation loss. Early stop counter: 1/10
Epoch [13/1000], Training Loss: 0.2555
Validation Loss: 0.2638
No improvement in validation loss. Early stop counter: 2/10
Epoch [14/1000], Training Loss: 0.2499
Validation Loss: 0.2757
No improvement in validation loss. Early stop counter: 3/10
Epoch [15/1000], Training Loss: 0.2507
Validation Loss: 0.2631
New best model found with validation loss: 0.2631
Epoch [16/1000], Training Loss: 0.2492
Validation Loss: 0.2603
New best model found with validation loss: 0.2603
Epoch [17/1000], Training Loss: 0.2471
Validation Loss: 0.2714
No improvement in validation loss. Early stop counter: 1/10
Epoch [18/1000], Training Loss: 0.2453
Validation Loss: 0.2601
New best model found with validation loss: 0.2601
Epoch [19/1000], Training Loss: 0.2425
Validation Loss: 0.2595
New best model found with validation loss: 0.2595
Epoch [20/1000], Training Loss: 0.2411
Validation Loss: 0.2626
No improvement in validation loss. Early stop counter: 1/10
Epoch [21/1000], Training Loss: 0.2377
Validation Loss: 0.2561
New best model found with validation loss: 0.2561
Epoch [22/1000], Training Loss: 0.2356
Validation Loss: 0.2641
No improvement in validation loss. Early stop counter: 1/10
Epoch [23/1000], Training Loss: 0.2356
Validation Loss: 0.2571
No improvement in validation loss. Early stop counter: 2/10
Epoch [24/1000], Training Loss: 0.2320
Validation Loss: 0.2595
No improvement in validation loss. Early stop counter: 3/10
Epoch [25/1000], Training Loss: 0.2320
Validation Loss: 0.2572
No improvement in validation loss. Early stop counter: 4/10
Epoch [26/1000], Training Loss: 0.2315
Validation Loss: 0.2553
New best model found with validation loss: 0.2553
Epoch [27/1000], Training Loss: 0.2284
Validation Loss: 0.2583
No improvement in validation loss. Early stop counter: 1/10
Epoch [28/1000], Training Loss: 0.2302
Validation Loss: 0.2656
No improvement in validation loss. Early stop counter: 2/10
Epoch [29/1000], Training Loss: 0.2286
Validation Loss: 0.2554
No improvement in validation loss. Early stop counter: 3/10
Epoch [30/1000], Training Loss: 0.2283
Validation Loss: 0.2566
No improvement in validation loss. Early stop counter: 4/10
Epoch [31/1000], Training Loss: 0.2257
Validation Loss: 0.2578
No improvement in validation loss. Early stop counter: 5/10
Epoch [32/1000], Training Loss: 0.2246
Validation Loss: 0.2558
No improvement in validation loss. Early stop counter: 6/10
Epoch [33/1000], Training Loss: 0.2241
Validation Loss: 0.2558
No improvement in validation loss. Early stop counter: 7/10
Epoch [34/1000], Training Loss: 0.2220
Validation Loss: 0.2580
No improvement in validation loss. Early stop counter: 8/10
Epoch [35/1000], Training Loss: 0.2234
Validation Loss: 0.2561
No improvement in validation loss. Early stop counter: 9/10
Epoch [36/1000], Training Loss: 0.2208
Validation Loss: 0.2537
New best model found with validation loss: 0.2537
Epoch [37/1000], Training Loss: 0.2218
Validation Loss: 0.2545
No improvement in validation loss. Early stop counter: 1/10
Epoch [38/1000], Training Loss: 0.2207
Validation Loss: 0.2560
No improvement in validation loss. Early stop counter: 2/10
Epoch [39/1000], Training Loss: 0.2207
Validation Loss: 0.2590
No improvement in validation loss. Early stop counter: 3/10
Epoch [40/1000], Training Loss: 0.2210
Validation Loss: 0.2605
No improvement in validation loss. Early stop counter: 4/10
Epoch [41/1000], Training Loss: 0.2183
Validation Loss: 0.2576
No improvement in validation loss. Early stop counter: 5/10
Epoch [42/1000], Training Loss: 0.2192
Validation Loss: 0.2560
No improvement in validation loss. Early stop counter: 6/10
Epoch [43/1000], Training Loss: 0.2177
Validation Loss: 0.2553
No improvement in validation loss. Early stop counter: 7/10
Epoch [44/1000], Training Loss: 0.2192
Validation Loss: 0.2562
No improvement in validation loss. Early stop counter: 8/10
Epoch [45/1000], Training Loss: 0.2168
Validation Loss: 0.2562
No improvement in validation loss. Early stop counter: 9/10
Epoch [46/1000], Training Loss: 0.2172
Validation Loss: 0.2552
No improvement in validation loss. Early stop counter: 10/10
Early stopping triggered after 46 epochs.
Best model for fold 3 saved successfully.

Starting Fold 4/5...
Initializing ClassificationModel with 3 GAT layers and residual connections...
Initializing MCModel with 3 GAT layers and 0 row attention layers...
Initializing CGModel with 3 GAT layers and residual connections...
Initializing CoreModel with 1 self-attention layers...
Using 4 GPUs with DataParallel.
Epoch [1/1000], Training Loss: 0.3711
Validation Loss: 0.3267
New best model found with validation loss: 0.3267
Epoch [2/1000], Training Loss: 0.3146
Validation Loss: 0.3030
New best model found with validation loss: 0.3030
Epoch [3/1000], Training Loss: 0.2998
Validation Loss: 0.2987
New best model found with validation loss: 0.2987
Epoch [4/1000], Training Loss: 0.2996
Validation Loss: 0.2996
No improvement in validation loss. Early stop counter: 1/10
Epoch [5/1000], Training Loss: 0.2940
Validation Loss: 0.3276
No improvement in validation loss. Early stop counter: 2/10
Epoch [6/1000], Training Loss: 0.2887
Validation Loss: 0.2877
New best model found with validation loss: 0.2877
Epoch [7/1000], Training Loss: 0.2738
Validation Loss: 0.2850
New best model found with validation loss: 0.2850
Epoch [8/1000], Training Loss: 0.2770
Validation Loss: 0.2955
No improvement in validation loss. Early stop counter: 1/10
Epoch [9/1000], Training Loss: 0.2753
Validation Loss: 0.2791
New best model found with validation loss: 0.2791
Epoch [10/1000], Training Loss: 0.2678
Validation Loss: 0.2820
No improvement in validation loss. Early stop counter: 1/10
Epoch [11/1000], Training Loss: 0.2577
Validation Loss: 0.2827
No improvement in validation loss. Early stop counter: 2/10
Epoch [12/1000], Training Loss: 0.2548
Validation Loss: 0.2735
New best model found with validation loss: 0.2735
Epoch [13/1000], Training Loss: 0.2522
Validation Loss: 0.2786
No improvement in validation loss. Early stop counter: 1/10
Epoch [14/1000], Training Loss: 0.2496
Validation Loss: 0.2773
No improvement in validation loss. Early stop counter: 2/10
Epoch [15/1000], Training Loss: 0.2489
Validation Loss: 0.2746
No improvement in validation loss. Early stop counter: 3/10
Epoch [16/1000], Training Loss: 0.2459
Validation Loss: 0.2755
No improvement in validation loss. Early stop counter: 4/10
Epoch [17/1000], Training Loss: 0.2448
Validation Loss: 0.2755
No improvement in validation loss. Early stop counter: 5/10
Epoch [18/1000], Training Loss: 0.2446
Validation Loss: 0.2791
No improvement in validation loss. Early stop counter: 6/10
Epoch [19/1000], Training Loss: 0.2446
Validation Loss: 0.2780
No improvement in validation loss. Early stop counter: 7/10
Epoch [20/1000], Training Loss: 0.2409
Validation Loss: 0.2852
No improvement in validation loss. Early stop counter: 8/10
Epoch [21/1000], Training Loss: 0.2373
Validation Loss: 0.2773
No improvement in validation loss. Early stop counter: 9/10
Epoch [22/1000], Training Loss: 0.2348
Validation Loss: 0.2735
No improvement in validation loss. Early stop counter: 10/10
Early stopping triggered after 22 epochs.
Best model for fold 4 saved successfully.

Starting Fold 5/5...
Initializing ClassificationModel with 3 GAT layers and residual connections...
Initializing MCModel with 3 GAT layers and 0 row attention layers...
Initializing CGModel with 3 GAT layers and residual connections...
Initializing CoreModel with 1 self-attention layers...
Using 4 GPUs with DataParallel.
Epoch [1/1000], Training Loss: 0.3815
Validation Loss: 0.3207
New best model found with validation loss: 0.3207
Epoch [2/1000], Training Loss: 0.3236
Validation Loss: 0.3170
New best model found with validation loss: 0.3170
Epoch [3/1000], Training Loss: 0.3109
Validation Loss: 0.2984
New best model found with validation loss: 0.2984
Epoch [4/1000], Training Loss: 0.2948
Validation Loss: 0.3138
No improvement in validation loss. Early stop counter: 1/10
Epoch [5/1000], Training Loss: 0.2890
Validation Loss: 0.2853
New best model found with validation loss: 0.2853
Epoch [6/1000], Training Loss: 0.2833
Validation Loss: 0.2843
New best model found with validation loss: 0.2843
Epoch [7/1000], Training Loss: 0.2817
Validation Loss: 0.2771
New best model found with validation loss: 0.2771
Epoch [8/1000], Training Loss: 0.2772
Validation Loss: 0.2819
No improvement in validation loss. Early stop counter: 1/10
Epoch [9/1000], Training Loss: 0.2690
Validation Loss: 0.2733
New best model found with validation loss: 0.2733
Epoch [10/1000], Training Loss: 0.2668
Validation Loss: 0.2771
No improvement in validation loss. Early stop counter: 1/10
Epoch [11/1000], Training Loss: 0.2593
Validation Loss: 0.2706
New best model found with validation loss: 0.2706
Epoch [12/1000], Training Loss: 0.2577
Validation Loss: 0.2714
No improvement in validation loss. Early stop counter: 1/10
Epoch [13/1000], Training Loss: 0.2551
Validation Loss: 0.2684
New best model found with validation loss: 0.2684
Epoch [14/1000], Training Loss: 0.2514
Validation Loss: 0.2689
No improvement in validation loss. Early stop counter: 1/10
Epoch [15/1000], Training Loss: 0.2521
Validation Loss: 0.2673
New best model found with validation loss: 0.2673
Epoch [16/1000], Training Loss: 0.2490
Validation Loss: 0.2659
New best model found with validation loss: 0.2659
Epoch [17/1000], Training Loss: 0.2463
Validation Loss: 0.2653
New best model found with validation loss: 0.2653
Epoch [18/1000], Training Loss: 0.2426
Validation Loss: 0.2623
New best model found with validation loss: 0.2623
Epoch [19/1000], Training Loss: 0.2428
Validation Loss: 0.2650
No improvement in validation loss. Early stop counter: 1/10
Epoch [20/1000], Training Loss: 0.2410
Validation Loss: 0.2628
No improvement in validation loss. Early stop counter: 2/10
Epoch [21/1000], Training Loss: 0.2359
Validation Loss: 0.2627
No improvement in validation loss. Early stop counter: 3/10
Epoch [22/1000], Training Loss: 0.2350
Validation Loss: 0.2620
New best model found with validation loss: 0.2620
Epoch [23/1000], Training Loss: 0.2330
Validation Loss: 0.2627
No improvement in validation loss. Early stop counter: 1/10
Epoch [24/1000], Training Loss: 0.2330
Validation Loss: 0.2750
No improvement in validation loss. Early stop counter: 2/10
Epoch [25/1000], Training Loss: 0.2325
Validation Loss: 0.2626
No improvement in validation loss. Early stop counter: 3/10
Epoch [26/1000], Training Loss: 0.2316
Validation Loss: 0.2644
No improvement in validation loss. Early stop counter: 4/10
Epoch [27/1000], Training Loss: 0.2313
Validation Loss: 0.2647
No improvement in validation loss. Early stop counter: 5/10
Epoch [28/1000], Training Loss: 0.2290
Validation Loss: 0.2600
New best model found with validation loss: 0.2600
Epoch [29/1000], Training Loss: 0.2286
Validation Loss: 0.2626
No improvement in validation loss. Early stop counter: 1/10
Epoch [30/1000], Training Loss: 0.2278
Validation Loss: 0.2674
No improvement in validation loss. Early stop counter: 2/10
Epoch [31/1000], Training Loss: 0.2264
Validation Loss: 0.2641
No improvement in validation loss. Early stop counter: 3/10
Epoch [32/1000], Training Loss: 0.2254
Validation Loss: 0.2615
No improvement in validation loss. Early stop counter: 4/10
Epoch [33/1000], Training Loss: 0.2251
Validation Loss: 0.2613
No improvement in validation loss. Early stop counter: 5/10
Epoch [34/1000], Training Loss: 0.2248
Validation Loss: 0.2602
No improvement in validation loss. Early stop counter: 6/10
Epoch [35/1000], Training Loss: 0.2229
Validation Loss: 0.2629
No improvement in validation loss. Early stop counter: 7/10
Epoch [36/1000], Training Loss: 0.2236
Validation Loss: 0.2643
No improvement in validation loss. Early stop counter: 8/10
Epoch [37/1000], Training Loss: 0.2228
Validation Loss: 0.2617
No improvement in validation loss. Early stop counter: 9/10
Epoch [38/1000], Training Loss: 0.2223
Validation Loss: 0.2619
No improvement in validation loss. Early stop counter: 10/10
Early stopping triggered after 38 epochs.
Best model for fold 5 saved successfully.

Cross-validation results:
Fold 1: Validation Loss = 0.2562
Fold 2: Validation Loss = 0.2740
Fold 3: Validation Loss = 0.2537
Fold 4: Validation Loss = 0.2735
Fold 5: Validation Loss = 0.2600
Average Validation Loss: 0.2635
