{'batch_size': 4, 'sequence_file': 'padded_sequences_train_3000.npz', 'data_file': 'padded_interfaces_train_3000.npz', 'edge_file': 'padded_edges_train_3000.npz', 'max_len': 3000, 'vocab_size': 23, 'embed_dim': 256, 'num_heads': 16, 'dropout': 0.1, 'num_layers': 1, 'num_gnn_layers': 2, 'num_int_layers': 1, 'num_classes': 2, 'num_epochs': 1000, 'learning_rate': 0.0001, 'max_grad_norm': 0.1, 'validation_split': 0.1, 'early_stop_patience': 10, 'initial_gradient_noise_std': 0.05, 'accumulation_steps': 2}
Number of GPUs available: 4

Starting Fold 1/5...
Initializing ClassificationModel with 2 GAT layers and residual connections...
Initializing MCModel with 2 GAT layers and 1 row attention layers...
Initializing CGModel with 2 GAT layers and residual connections...
Initializing CoreModel with 1 self-attention layers...
Using 4 GPUs with DataParallel.
Epoch [1/1000], Training Loss: 0.3600
Validation Loss: 0.2827
New best model found with validation loss: 0.2827
Epoch [2/1000], Training Loss: 0.2867
Validation Loss: 0.2804
New best model found with validation loss: 0.2804
Epoch [3/1000], Training Loss: 0.2694
Validation Loss: 0.2517
New best model found with validation loss: 0.2517
Epoch [4/1000], Training Loss: 0.2621
Validation Loss: 0.2511
New best model found with validation loss: 0.2511
Epoch [5/1000], Training Loss: 0.2540
Validation Loss: 0.2572
No improvement in validation loss. Early stop counter: 1/10
Epoch [6/1000], Training Loss: 0.2508
Validation Loss: 0.2438
New best model found with validation loss: 0.2438
Epoch [7/1000], Training Loss: 0.2440
Validation Loss: 0.2386
New best model found with validation loss: 0.2386
Epoch [8/1000], Training Loss: 0.2454
Validation Loss: 0.2438
No improvement in validation loss. Early stop counter: 1/10
Epoch [9/1000], Training Loss: 0.2400
Validation Loss: 0.2444
No improvement in validation loss. Early stop counter: 2/10
Epoch [10/1000], Training Loss: 0.2386
Validation Loss: 0.2448
No improvement in validation loss. Early stop counter: 3/10
Epoch [11/1000], Training Loss: 0.2325
Validation Loss: 0.2343
New best model found with validation loss: 0.2343
Epoch [12/1000], Training Loss: 0.2314
Validation Loss: 0.2359
No improvement in validation loss. Early stop counter: 1/10
Epoch [13/1000], Training Loss: 0.2287
Validation Loss: 0.2349
No improvement in validation loss. Early stop counter: 2/10
Epoch [14/1000], Training Loss: 0.2292
Validation Loss: 0.2307
New best model found with validation loss: 0.2307
Epoch [15/1000], Training Loss: 0.2273
Validation Loss: 0.2334
No improvement in validation loss. Early stop counter: 1/10
Epoch [16/1000], Training Loss: 0.2278
Validation Loss: 0.2431
No improvement in validation loss. Early stop counter: 2/10
Epoch [17/1000], Training Loss: 0.2267
Validation Loss: 0.2414
No improvement in validation loss. Early stop counter: 3/10
Epoch [18/1000], Training Loss: 0.2262
Validation Loss: 0.2331
No improvement in validation loss. Early stop counter: 4/10
Epoch [19/1000], Training Loss: 0.2245
Validation Loss: 0.2327
No improvement in validation loss. Early stop counter: 5/10
Epoch [20/1000], Training Loss: 0.2283
Validation Loss: 0.2306
New best model found with validation loss: 0.2306
Epoch [21/1000], Training Loss: 0.2217
Validation Loss: 0.2305
New best model found with validation loss: 0.2305
Epoch [22/1000], Training Loss: 0.2198
Validation Loss: 0.2321
No improvement in validation loss. Early stop counter: 1/10
Epoch [23/1000], Training Loss: 0.2199
Validation Loss: 0.2333
No improvement in validation loss. Early stop counter: 2/10
Epoch [24/1000], Training Loss: 0.2180
Validation Loss: 0.2342
No improvement in validation loss. Early stop counter: 3/10
Epoch [25/1000], Training Loss: 0.2164
Validation Loss: 0.2351
No improvement in validation loss. Early stop counter: 4/10
Epoch [26/1000], Training Loss: 0.2180
Validation Loss: 0.2320
No improvement in validation loss. Early stop counter: 5/10
Epoch [27/1000], Training Loss: 0.2172
Validation Loss: 0.2312
No improvement in validation loss. Early stop counter: 6/10
Epoch [28/1000], Training Loss: 0.2161
Validation Loss: 0.2368
No improvement in validation loss. Early stop counter: 7/10
Epoch [29/1000], Training Loss: 0.2147
Validation Loss: 0.2386
No improvement in validation loss. Early stop counter: 8/10
Epoch [30/1000], Training Loss: 0.2168
Validation Loss: 0.2335
No improvement in validation loss. Early stop counter: 9/10
Epoch [31/1000], Training Loss: 0.2136
Validation Loss: 0.2345
No improvement in validation loss. Early stop counter: 10/10
Early stopping triggered after 31 epochs.
Best model for fold 1 saved successfully.

Starting Fold 2/5...
Initializing ClassificationModel with 2 GAT layers and residual connections...
Initializing MCModel with 2 GAT layers and 1 row attention layers...
Initializing CGModel with 2 GAT layers and residual connections...
Initializing CoreModel with 1 self-attention layers...
Using 4 GPUs with DataParallel.
Epoch [1/1000], Training Loss: 0.3659
Validation Loss: 0.3023
New best model found with validation loss: 0.3023
Epoch [2/1000], Training Loss: 0.2927
Validation Loss: 0.2843
New best model found with validation loss: 0.2843
Epoch [3/1000], Training Loss: 0.2758
Validation Loss: 0.2776
New best model found with validation loss: 0.2776
Epoch [4/1000], Training Loss: 0.2728
Validation Loss: 0.2718
New best model found with validation loss: 0.2718
Epoch [5/1000], Training Loss: 0.2638
Validation Loss: 0.2726
No improvement in validation loss. Early stop counter: 1/10
Epoch [6/1000], Training Loss: 0.2606
Validation Loss: 0.2791
No improvement in validation loss. Early stop counter: 2/10
Epoch [7/1000], Training Loss: 0.2554
Validation Loss: 0.2605
New best model found with validation loss: 0.2605
Epoch [8/1000], Training Loss: 0.2540
Validation Loss: 0.3157
No improvement in validation loss. Early stop counter: 1/10
Epoch [9/1000], Training Loss: 0.2471
Validation Loss: 0.2615
No improvement in validation loss. Early stop counter: 2/10
Epoch [10/1000], Training Loss: 0.2483
Validation Loss: 0.2560
New best model found with validation loss: 0.2560
Epoch [11/1000], Training Loss: 0.2382
Validation Loss: 0.2569
No improvement in validation loss. Early stop counter: 1/10
Epoch [12/1000], Training Loss: 0.2365
Validation Loss: 0.2519
New best model found with validation loss: 0.2519
Epoch [13/1000], Training Loss: 0.2361
Validation Loss: 0.2536
No improvement in validation loss. Early stop counter: 1/10
Epoch [14/1000], Training Loss: 0.2339
Validation Loss: 0.2543
No improvement in validation loss. Early stop counter: 2/10
Epoch [15/1000], Training Loss: 0.2334
Validation Loss: 0.2581
No improvement in validation loss. Early stop counter: 3/10
Epoch [16/1000], Training Loss: 0.2306
Validation Loss: 0.2547
No improvement in validation loss. Early stop counter: 4/10
Epoch [17/1000], Training Loss: 0.2305
Validation Loss: 0.2528
No improvement in validation loss. Early stop counter: 5/10
Epoch [18/1000], Training Loss: 0.2301
Validation Loss: 0.2537
No improvement in validation loss. Early stop counter: 6/10
Epoch [19/1000], Training Loss: 0.2284
Validation Loss: 0.2530
No improvement in validation loss. Early stop counter: 7/10
Epoch [20/1000], Training Loss: 0.2282
Validation Loss: 0.2550
No improvement in validation loss. Early stop counter: 8/10
Epoch [21/1000], Training Loss: 0.2242
Validation Loss: 0.2499
New best model found with validation loss: 0.2499
Epoch [22/1000], Training Loss: 0.2250
Validation Loss: 0.2621
No improvement in validation loss. Early stop counter: 1/10
Epoch [23/1000], Training Loss: 0.2244
Validation Loss: 0.2496
New best model found with validation loss: 0.2496
Epoch [24/1000], Training Loss: 0.2223
Validation Loss: 0.2495
New best model found with validation loss: 0.2495
Epoch [25/1000], Training Loss: 0.2223
Validation Loss: 0.2480
New best model found with validation loss: 0.2480
Epoch [26/1000], Training Loss: 0.2221
Validation Loss: 0.2549
No improvement in validation loss. Early stop counter: 1/10
Epoch [27/1000], Training Loss: 0.2203
Validation Loss: 0.2527
No improvement in validation loss. Early stop counter: 2/10
Epoch [28/1000], Training Loss: 0.2203
Validation Loss: 0.2516
No improvement in validation loss. Early stop counter: 3/10
Epoch [29/1000], Training Loss: 0.2203
Validation Loss: 0.2536
No improvement in validation loss. Early stop counter: 4/10
Epoch [30/1000], Training Loss: 0.2201
Validation Loss: 0.2543
No improvement in validation loss. Early stop counter: 5/10
Epoch [31/1000], Training Loss: 0.2182
Validation Loss: 0.2485
No improvement in validation loss. Early stop counter: 6/10
Epoch [32/1000], Training Loss: 0.2154
Validation Loss: 0.2546
No improvement in validation loss. Early stop counter: 7/10
Epoch [33/1000], Training Loss: 0.2174
Validation Loss: 0.2509
No improvement in validation loss. Early stop counter: 8/10
Epoch [34/1000], Training Loss: 0.2157
Validation Loss: 0.2519
No improvement in validation loss. Early stop counter: 9/10
Epoch [35/1000], Training Loss: 0.2170
Validation Loss: 0.2513
No improvement in validation loss. Early stop counter: 10/10
Early stopping triggered after 35 epochs.
Best model for fold 2 saved successfully.

Starting Fold 3/5...
Initializing ClassificationModel with 2 GAT layers and residual connections...
Initializing MCModel with 2 GAT layers and 1 row attention layers...
Initializing CGModel with 2 GAT layers and residual connections...
Initializing CoreModel with 1 self-attention layers...
Using 4 GPUs with DataParallel.
Epoch [1/1000], Training Loss: 0.3524
Validation Loss: 0.2764
New best model found with validation loss: 0.2764
Epoch [2/1000], Training Loss: 0.2721
Validation Loss: 0.2564
New best model found with validation loss: 0.2564
Epoch [3/1000], Training Loss: 0.2561
Validation Loss: 0.2520
New best model found with validation loss: 0.2520
Epoch [4/1000], Training Loss: 0.2524
Validation Loss: 0.2484
New best model found with validation loss: 0.2484
Epoch [5/1000], Training Loss: 0.2490
Validation Loss: 0.2494
No improvement in validation loss. Early stop counter: 1/10
Epoch [6/1000], Training Loss: 0.2451
Validation Loss: 0.2416
New best model found with validation loss: 0.2416
Epoch [7/1000], Training Loss: 0.2399
Validation Loss: 0.2465
No improvement in validation loss. Early stop counter: 1/10
Epoch [8/1000], Training Loss: 0.2400
Validation Loss: 0.2501
No improvement in validation loss. Early stop counter: 2/10
Epoch [9/1000], Training Loss: 0.2393
Validation Loss: 0.2418
No improvement in validation loss. Early stop counter: 3/10
Epoch [10/1000], Training Loss: 0.2345
Validation Loss: 0.2454
No improvement in validation loss. Early stop counter: 4/10
Epoch [11/1000], Training Loss: 0.2315
Validation Loss: 0.2417
No improvement in validation loss. Early stop counter: 5/10
Epoch [12/1000], Training Loss: 0.2308
Validation Loss: 0.2386
New best model found with validation loss: 0.2386
Epoch [13/1000], Training Loss: 0.2317
Validation Loss: 0.2557
No improvement in validation loss. Early stop counter: 1/10
Epoch [14/1000], Training Loss: 0.2289
Validation Loss: 0.2420
No improvement in validation loss. Early stop counter: 2/10
Epoch [15/1000], Training Loss: 0.2301
Validation Loss: 0.2482
No improvement in validation loss. Early stop counter: 3/10
Epoch [16/1000], Training Loss: 0.2294
Validation Loss: 0.2379
New best model found with validation loss: 0.2379
Epoch [17/1000], Training Loss: 0.2260
Validation Loss: 0.2390
No improvement in validation loss. Early stop counter: 1/10
Epoch [18/1000], Training Loss: 0.2259
Validation Loss: 0.2362
New best model found with validation loss: 0.2362
Epoch [19/1000], Training Loss: 0.2241
Validation Loss: 0.2416
No improvement in validation loss. Early stop counter: 1/10
Epoch [20/1000], Training Loss: 0.2226
Validation Loss: 0.2441
No improvement in validation loss. Early stop counter: 2/10
Epoch [21/1000], Training Loss: 0.2195
Validation Loss: 0.2381
No improvement in validation loss. Early stop counter: 3/10
Epoch [22/1000], Training Loss: 0.2198
Validation Loss: 0.2380
No improvement in validation loss. Early stop counter: 4/10
Epoch [23/1000], Training Loss: 0.2197
Validation Loss: 0.2406
No improvement in validation loss. Early stop counter: 5/10
Epoch [24/1000], Training Loss: 0.2185
Validation Loss: 0.2432
No improvement in validation loss. Early stop counter: 6/10
Epoch [25/1000], Training Loss: 0.2176
Validation Loss: 0.2421
No improvement in validation loss. Early stop counter: 7/10
Epoch [26/1000], Training Loss: 0.2186
Validation Loss: 0.2359
New best model found with validation loss: 0.2359
Epoch [27/1000], Training Loss: 0.2169
Validation Loss: 0.2411
No improvement in validation loss. Early stop counter: 1/10
Epoch [28/1000], Training Loss: 0.2148
Validation Loss: 0.2425
No improvement in validation loss. Early stop counter: 2/10
Epoch [29/1000], Training Loss: 0.2168
Validation Loss: 0.2416
No improvement in validation loss. Early stop counter: 3/10
Epoch [30/1000], Training Loss: 0.2166
Validation Loss: 0.2405
No improvement in validation loss. Early stop counter: 4/10
Epoch [31/1000], Training Loss: 0.2126
Validation Loss: 0.2444
No improvement in validation loss. Early stop counter: 5/10
Epoch [32/1000], Training Loss: 0.2129
Validation Loss: 0.2395
No improvement in validation loss. Early stop counter: 6/10
Epoch [33/1000], Training Loss: 0.2139
Validation Loss: 0.2386
No improvement in validation loss. Early stop counter: 7/10
Epoch [34/1000], Training Loss: 0.2126
Validation Loss: 0.2385
No improvement in validation loss. Early stop counter: 8/10
Epoch [35/1000], Training Loss: 0.2125
Validation Loss: 0.2386
No improvement in validation loss. Early stop counter: 9/10
Epoch [36/1000], Training Loss: 0.2131
Validation Loss: 0.2390
No improvement in validation loss. Early stop counter: 10/10
Early stopping triggered after 36 epochs.
Best model for fold 3 saved successfully.

Starting Fold 4/5...
Initializing ClassificationModel with 2 GAT layers and residual connections...
Initializing MCModel with 2 GAT layers and 1 row attention layers...
Initializing CGModel with 2 GAT layers and residual connections...
Initializing CoreModel with 1 self-attention layers...
Using 4 GPUs with DataParallel.
Epoch [1/1000], Training Loss: 0.3420
Validation Loss: 0.2880
New best model found with validation loss: 0.2880
Epoch [2/1000], Training Loss: 0.2707
Validation Loss: 0.2633
New best model found with validation loss: 0.2633
Epoch [3/1000], Training Loss: 0.2588
Validation Loss: 0.2599
New best model found with validation loss: 0.2599
Epoch [4/1000], Training Loss: 0.2519
Validation Loss: 0.2625
No improvement in validation loss. Early stop counter: 1/10
Epoch [5/1000], Training Loss: 0.2450
Validation Loss: 0.2585
New best model found with validation loss: 0.2585
Epoch [6/1000], Training Loss: 0.2433
Validation Loss: 0.2539
New best model found with validation loss: 0.2539
Epoch [7/1000], Training Loss: 0.2424
Validation Loss: 0.2535
New best model found with validation loss: 0.2535
Epoch [8/1000], Training Loss: 0.2401
Validation Loss: 0.2494
New best model found with validation loss: 0.2494
Epoch [9/1000], Training Loss: 0.2394
Validation Loss: 0.2506
No improvement in validation loss. Early stop counter: 1/10
Epoch [10/1000], Training Loss: 0.2363
Validation Loss: 0.2573
No improvement in validation loss. Early stop counter: 2/10
Epoch [11/1000], Training Loss: 0.2313
Validation Loss: 0.2450
New best model found with validation loss: 0.2450
Epoch [12/1000], Training Loss: 0.2276
Validation Loss: 0.2518
No improvement in validation loss. Early stop counter: 1/10
Epoch [13/1000], Training Loss: 0.2279
Validation Loss: 0.2475
No improvement in validation loss. Early stop counter: 2/10
Epoch [14/1000], Training Loss: 0.2244
Validation Loss: 0.2467
No improvement in validation loss. Early stop counter: 3/10
Epoch [15/1000], Training Loss: 0.2274
Validation Loss: 0.2459
No improvement in validation loss. Early stop counter: 4/10
Epoch [16/1000], Training Loss: 0.2261
Validation Loss: 0.2533
No improvement in validation loss. Early stop counter: 5/10
Epoch [17/1000], Training Loss: 0.2255
Validation Loss: 0.2508
No improvement in validation loss. Early stop counter: 6/10
Epoch [18/1000], Training Loss: 0.2231
Validation Loss: 0.2461
No improvement in validation loss. Early stop counter: 7/10
Epoch [19/1000], Training Loss: 0.2223
Validation Loss: 0.2425
New best model found with validation loss: 0.2425
Epoch [20/1000], Training Loss: 0.2215
Validation Loss: 0.2428
No improvement in validation loss. Early stop counter: 1/10
Epoch [21/1000], Training Loss: 0.2180
Validation Loss: 0.2413
New best model found with validation loss: 0.2413
Epoch [22/1000], Training Loss: 0.2193
Validation Loss: 0.2455
No improvement in validation loss. Early stop counter: 1/10
Epoch [23/1000], Training Loss: 0.2186
Validation Loss: 0.2409
New best model found with validation loss: 0.2409
Epoch [24/1000], Training Loss: 0.2170
Validation Loss: 0.2513
No improvement in validation loss. Early stop counter: 1/10
Epoch [25/1000], Training Loss: 0.2190
Validation Loss: 0.2403
New best model found with validation loss: 0.2403
Epoch [26/1000], Training Loss: 0.2182
Validation Loss: 0.2466
No improvement in validation loss. Early stop counter: 1/10
Epoch [27/1000], Training Loss: 0.2147
Validation Loss: 0.2458
No improvement in validation loss. Early stop counter: 2/10
Epoch [28/1000], Training Loss: 0.2158
Validation Loss: 0.2415
No improvement in validation loss. Early stop counter: 3/10
Epoch [29/1000], Training Loss: 0.2143
Validation Loss: 0.2413
No improvement in validation loss. Early stop counter: 4/10
Epoch [30/1000], Training Loss: 0.2147
Validation Loss: 0.2440
No improvement in validation loss. Early stop counter: 5/10
Epoch [31/1000], Training Loss: 0.2118
Validation Loss: 0.2395
New best model found with validation loss: 0.2395
Epoch [32/1000], Training Loss: 0.2126
Validation Loss: 0.2417
No improvement in validation loss. Early stop counter: 1/10
Epoch [33/1000], Training Loss: 0.2131
Validation Loss: 0.2431
No improvement in validation loss. Early stop counter: 2/10
Epoch [34/1000], Training Loss: 0.2120
Validation Loss: 0.2414
No improvement in validation loss. Early stop counter: 3/10
Epoch [35/1000], Training Loss: 0.2106
Validation Loss: 0.2407
No improvement in validation loss. Early stop counter: 4/10
Epoch [36/1000], Training Loss: 0.2096
Validation Loss: 0.2410
No improvement in validation loss. Early stop counter: 5/10
Epoch [37/1000], Training Loss: 0.2104
Validation Loss: 0.2403
No improvement in validation loss. Early stop counter: 6/10
Epoch [38/1000], Training Loss: 0.2114
Validation Loss: 0.2411
No improvement in validation loss. Early stop counter: 7/10
Epoch [39/1000], Training Loss: 0.2107
Validation Loss: 0.2395
No improvement in validation loss. Early stop counter: 8/10
Epoch [40/1000], Training Loss: 0.2094
Validation Loss: 0.2405
No improvement in validation loss. Early stop counter: 9/10
Epoch [41/1000], Training Loss: 0.2085
Validation Loss: 0.2397
No improvement in validation loss. Early stop counter: 10/10
Early stopping triggered after 41 epochs.
Best model for fold 4 saved successfully.

Starting Fold 5/5...
Initializing ClassificationModel with 2 GAT layers and residual connections...
Initializing MCModel with 2 GAT layers and 1 row attention layers...
Initializing CGModel with 2 GAT layers and residual connections...
Initializing CoreModel with 1 self-attention layers...
Using 4 GPUs with DataParallel.
Epoch [1/1000], Training Loss: 0.3511
Validation Loss: 0.2939
New best model found with validation loss: 0.2939
Epoch [2/1000], Training Loss: 0.2900
Validation Loss: 0.3048
No improvement in validation loss. Early stop counter: 1/10
Epoch [3/1000], Training Loss: 0.2755
Validation Loss: 0.2559
New best model found with validation loss: 0.2559
Epoch [4/1000], Training Loss: 0.2657
Validation Loss: 0.2553
New best model found with validation loss: 0.2553
Epoch [5/1000], Training Loss: 0.2601
Validation Loss: 0.2511
New best model found with validation loss: 0.2511
Epoch [6/1000], Training Loss: 0.2562
Validation Loss: 0.2435
New best model found with validation loss: 0.2435
Epoch [7/1000], Training Loss: 0.2493
Validation Loss: 0.2604
No improvement in validation loss. Early stop counter: 1/10
Epoch [8/1000], Training Loss: 0.2454
Validation Loss: 0.2589
No improvement in validation loss. Early stop counter: 2/10
Epoch [9/1000], Training Loss: 0.2454
Validation Loss: 0.2638
No improvement in validation loss. Early stop counter: 3/10
Epoch [10/1000], Training Loss: 0.2436
Validation Loss: 0.2384
New best model found with validation loss: 0.2384
Epoch [11/1000], Training Loss: 0.2361
Validation Loss: 0.2315
New best model found with validation loss: 0.2315
Epoch [12/1000], Training Loss: 0.2345
Validation Loss: 0.2294
New best model found with validation loss: 0.2294
Epoch [13/1000], Training Loss: 0.2330
Validation Loss: 0.2302
No improvement in validation loss. Early stop counter: 1/10
Epoch [14/1000], Training Loss: 0.2307
Validation Loss: 0.2401
No improvement in validation loss. Early stop counter: 2/10
Epoch [15/1000], Training Loss: 0.2298
Validation Loss: 0.2308
No improvement in validation loss. Early stop counter: 3/10
Epoch [16/1000], Training Loss: 0.2318
Validation Loss: 0.2341
No improvement in validation loss. Early stop counter: 4/10
Epoch [17/1000], Training Loss: 0.2258
Validation Loss: 0.2351
No improvement in validation loss. Early stop counter: 5/10
Epoch [18/1000], Training Loss: 0.2273
Validation Loss: 0.2295
No improvement in validation loss. Early stop counter: 6/10
Epoch [19/1000], Training Loss: 0.2260
Validation Loss: 0.2307
No improvement in validation loss. Early stop counter: 7/10
Epoch [20/1000], Training Loss: 0.2238
Validation Loss: 0.2319
No improvement in validation loss. Early stop counter: 8/10
Epoch [21/1000], Training Loss: 0.2215
Validation Loss: 0.2373
No improvement in validation loss. Early stop counter: 9/10
Epoch [22/1000], Training Loss: 0.2204
Validation Loss: 0.2298
No improvement in validation loss. Early stop counter: 10/10
Early stopping triggered after 22 epochs.
Best model for fold 5 saved successfully.

Cross-validation results:
Fold 1: Validation Loss = 0.2305
Fold 2: Validation Loss = 0.2480
Fold 3: Validation Loss = 0.2359
Fold 4: Validation Loss = 0.2395
Fold 5: Validation Loss = 0.2294
Average Validation Loss: 0.2366
