{'batch_size': 4, 'sequence_file': 'padded_sequences_train_3000.npz', 'data_file': 'padded_interfaces_train_3000.npz', 'edge_file': 'padded_edges_train_3000.npz', 'max_len': 3000, 'vocab_size': 23, 'embed_dim': 256, 'num_heads': 16, 'dropout': 0.0, 'num_layers': 2, 'num_gnn_layers': 1, 'num_int_layers': 1, 'num_classes': 2, 'num_epochs': 1000, 'learning_rate': 0.0001, 'max_grad_norm': 0.1, 'validation_split': 0.1, 'early_stop_patience': 10, 'initial_gradient_noise_std': 0.05, 'accumulation_steps': 2}
Number of GPUs available: 4

Starting Fold 1/5...
Initializing ClassificationModel with 1 GAT layers and residual connections...
Initializing MCModel with 1 GAT layers and 1 row attention layers...
Initializing CGModel with 1 GAT layers and residual connections...
Initializing CoreModel with 2 self-attention layers...
Using 4 GPUs with DataParallel.
Epoch [1/1000], Training Loss: 0.6882
Validation Loss: 0.6394
New best model found with validation loss: 0.6394
Epoch [2/1000], Training Loss: 0.5857
Validation Loss: 0.5618
New best model found with validation loss: 0.5618
Epoch [3/1000], Training Loss: 0.5266
Validation Loss: 0.5242
New best model found with validation loss: 0.5242
Epoch [4/1000], Training Loss: 0.4995
Validation Loss: 0.5631
No improvement in validation loss. Early stop counter: 1/10
Epoch [5/1000], Training Loss: 0.4986
Validation Loss: 0.5437
No improvement in validation loss. Early stop counter: 2/10
Epoch [6/1000], Training Loss: 0.4913
Validation Loss: 0.5042
New best model found with validation loss: 0.5042
Epoch [7/1000], Training Loss: 0.4580
Validation Loss: 0.4900
New best model found with validation loss: 0.4900
Epoch [8/1000], Training Loss: 0.4483
Validation Loss: 0.5253
No improvement in validation loss. Early stop counter: 1/10
Epoch [9/1000], Training Loss: 0.4420
Validation Loss: 0.4803
New best model found with validation loss: 0.4803
Epoch [10/1000], Training Loss: 0.4393
Validation Loss: 0.4851
No improvement in validation loss. Early stop counter: 1/10
Epoch [11/1000], Training Loss: 0.4250
Validation Loss: 0.4825
No improvement in validation loss. Early stop counter: 2/10
Epoch [12/1000], Training Loss: 0.4197
Validation Loss: 0.4925
No improvement in validation loss. Early stop counter: 3/10
Epoch [13/1000], Training Loss: 0.4250
Validation Loss: 0.4777
New best model found with validation loss: 0.4777
Epoch [14/1000], Training Loss: 0.4156
Validation Loss: 0.4992
No improvement in validation loss. Early stop counter: 1/10
Epoch [15/1000], Training Loss: 0.4171
Validation Loss: 0.4683
New best model found with validation loss: 0.4683
Epoch [16/1000], Training Loss: 0.4125
Validation Loss: 0.4790
No improvement in validation loss. Early stop counter: 1/10
Epoch [17/1000], Training Loss: 0.4100
Validation Loss: 0.4758
No improvement in validation loss. Early stop counter: 2/10
Epoch [18/1000], Training Loss: 0.4091
Validation Loss: 0.4835
No improvement in validation loss. Early stop counter: 3/10
Epoch [19/1000], Training Loss: 0.4105
Validation Loss: 0.4869
No improvement in validation loss. Early stop counter: 4/10
Epoch [20/1000], Training Loss: 0.4049
Validation Loss: 0.4796
No improvement in validation loss. Early stop counter: 5/10
Epoch [21/1000], Training Loss: 0.4005
Validation Loss: 0.4676
New best model found with validation loss: 0.4676
Epoch [22/1000], Training Loss: 0.4001
Validation Loss: 0.4678
No improvement in validation loss. Early stop counter: 1/10
Epoch [23/1000], Training Loss: 0.4017
Validation Loss: 0.4911
No improvement in validation loss. Early stop counter: 2/10
Epoch [24/1000], Training Loss: 0.3957
Validation Loss: 0.4736
No improvement in validation loss. Early stop counter: 3/10
Epoch [25/1000], Training Loss: 0.3963
Validation Loss: 0.4704
No improvement in validation loss. Early stop counter: 4/10
Epoch [26/1000], Training Loss: 0.3941
Validation Loss: 0.4598
New best model found with validation loss: 0.4598
Epoch [27/1000], Training Loss: 0.3929
Validation Loss: 0.4616
No improvement in validation loss. Early stop counter: 1/10
Epoch [28/1000], Training Loss: 0.3937
Validation Loss: 0.4764
No improvement in validation loss. Early stop counter: 2/10
Epoch [29/1000], Training Loss: 0.3906
Validation Loss: 0.4775
No improvement in validation loss. Early stop counter: 3/10
Epoch [30/1000], Training Loss: 0.3905
Validation Loss: 0.4663
No improvement in validation loss. Early stop counter: 4/10
Epoch [31/1000], Training Loss: 0.3863
Validation Loss: 0.4678
No improvement in validation loss. Early stop counter: 5/10
Epoch [32/1000], Training Loss: 0.3855
Validation Loss: 0.4599
No improvement in validation loss. Early stop counter: 6/10
Epoch [33/1000], Training Loss: 0.3848
Validation Loss: 0.4599
No improvement in validation loss. Early stop counter: 7/10
Epoch [34/1000], Training Loss: 0.3839
Validation Loss: 0.4588
New best model found with validation loss: 0.4588
Epoch [35/1000], Training Loss: 0.3872
Validation Loss: 0.4712
No improvement in validation loss. Early stop counter: 1/10
Epoch [36/1000], Training Loss: 0.3825
Validation Loss: 0.4572
New best model found with validation loss: 0.4572
Epoch [37/1000], Training Loss: 0.3807
Validation Loss: 0.4605
No improvement in validation loss. Early stop counter: 1/10
Epoch [38/1000], Training Loss: 0.3824
Validation Loss: 0.4608
No improvement in validation loss. Early stop counter: 2/10
Epoch [39/1000], Training Loss: 0.3814
Validation Loss: 0.4578
No improvement in validation loss. Early stop counter: 3/10
Epoch [40/1000], Training Loss: 0.3803
Validation Loss: 0.4638
No improvement in validation loss. Early stop counter: 4/10
Epoch [41/1000], Training Loss: 0.3788
Validation Loss: 0.4572
No improvement in validation loss. Early stop counter: 5/10
Epoch [42/1000], Training Loss: 0.3779
Validation Loss: 0.4558
New best model found with validation loss: 0.4558
Epoch [43/1000], Training Loss: 0.3767
Validation Loss: 0.4508
New best model found with validation loss: 0.4508
Epoch [44/1000], Training Loss: 0.3760
Validation Loss: 0.4533
No improvement in validation loss. Early stop counter: 1/10
Epoch [45/1000], Training Loss: 0.3767
Validation Loss: 0.4573
No improvement in validation loss. Early stop counter: 2/10
Epoch [46/1000], Training Loss: 0.3757
Validation Loss: 0.4602
No improvement in validation loss. Early stop counter: 3/10
Epoch [47/1000], Training Loss: 0.3761
Validation Loss: 0.4551
No improvement in validation loss. Early stop counter: 4/10
Epoch [48/1000], Training Loss: 0.3749
Validation Loss: 0.4575
No improvement in validation loss. Early stop counter: 5/10
Epoch [49/1000], Training Loss: 0.3750
Validation Loss: 0.4520
No improvement in validation loss. Early stop counter: 6/10
Epoch [50/1000], Training Loss: 0.3750
Validation Loss: 0.4549
No improvement in validation loss. Early stop counter: 7/10
Epoch [51/1000], Training Loss: 0.3742
Validation Loss: 0.4555
No improvement in validation loss. Early stop counter: 8/10
Epoch [52/1000], Training Loss: 0.3723
Validation Loss: 0.4551
No improvement in validation loss. Early stop counter: 9/10
Epoch [53/1000], Training Loss: 0.3724
Validation Loss: 0.4557
No improvement in validation loss. Early stop counter: 10/10
Early stopping triggered after 53 epochs.
Best model for fold 1 saved successfully.

Starting Fold 2/5...
Initializing ClassificationModel with 1 GAT layers and residual connections...
Initializing MCModel with 1 GAT layers and 1 row attention layers...
Initializing CGModel with 1 GAT layers and residual connections...
Initializing CoreModel with 2 self-attention layers...
Using 4 GPUs with DataParallel.
Epoch [1/1000], Training Loss: 0.6749
Validation Loss: 0.6869
New best model found with validation loss: 0.6869
Epoch [2/1000], Training Loss: 0.5573
Validation Loss: 0.5328
New best model found with validation loss: 0.5328
Epoch [3/1000], Training Loss: 0.5310
Validation Loss: 0.5227
New best model found with validation loss: 0.5227
Epoch [4/1000], Training Loss: 0.5021
Validation Loss: 0.4940
New best model found with validation loss: 0.4940
Epoch [5/1000], Training Loss: 0.4818
Validation Loss: 0.4925
New best model found with validation loss: 0.4925
Epoch [6/1000], Training Loss: 0.4896
Validation Loss: 0.4793
New best model found with validation loss: 0.4793
Epoch [7/1000], Training Loss: 0.4689
Validation Loss: 0.4797
No improvement in validation loss. Early stop counter: 1/10
Epoch [8/1000], Training Loss: 0.4564
Validation Loss: 0.4656
New best model found with validation loss: 0.4656
Epoch [9/1000], Training Loss: 0.4462
Validation Loss: 0.4688
No improvement in validation loss. Early stop counter: 1/10
Epoch [10/1000], Training Loss: 0.4418
Validation Loss: 0.4730
No improvement in validation loss. Early stop counter: 2/10
Epoch [11/1000], Training Loss: 0.4317
Validation Loss: 0.4526
New best model found with validation loss: 0.4526
Epoch [12/1000], Training Loss: 0.4257
Validation Loss: 0.4635
No improvement in validation loss. Early stop counter: 1/10
Epoch [13/1000], Training Loss: 0.4236
Validation Loss: 0.4567
No improvement in validation loss. Early stop counter: 2/10
Epoch [14/1000], Training Loss: 0.4199
Validation Loss: 0.4527
No improvement in validation loss. Early stop counter: 3/10
Epoch [15/1000], Training Loss: 0.4168
Validation Loss: 0.4614
No improvement in validation loss. Early stop counter: 4/10
Epoch [16/1000], Training Loss: 0.4179
Validation Loss: 0.4580
No improvement in validation loss. Early stop counter: 5/10
Epoch [17/1000], Training Loss: 0.4123
Validation Loss: 0.4504
New best model found with validation loss: 0.4504
Epoch [18/1000], Training Loss: 0.4099
Validation Loss: 0.4491
New best model found with validation loss: 0.4491
Epoch [19/1000], Training Loss: 0.4114
Validation Loss: 0.4662
No improvement in validation loss. Early stop counter: 1/10
Epoch [20/1000], Training Loss: 0.4074
Validation Loss: 0.4594
No improvement in validation loss. Early stop counter: 2/10
Epoch [21/1000], Training Loss: 0.4018
Validation Loss: 0.4476
New best model found with validation loss: 0.4476
Epoch [22/1000], Training Loss: 0.3975
Validation Loss: 0.4469
New best model found with validation loss: 0.4469
Epoch [23/1000], Training Loss: 0.3963
Validation Loss: 0.4432
New best model found with validation loss: 0.4432
Epoch [24/1000], Training Loss: 0.3976
Validation Loss: 0.4438
No improvement in validation loss. Early stop counter: 1/10
Epoch [25/1000], Training Loss: 0.3932
Validation Loss: 0.4426
New best model found with validation loss: 0.4426
Epoch [26/1000], Training Loss: 0.3926
Validation Loss: 0.4518
No improvement in validation loss. Early stop counter: 1/10
Epoch [27/1000], Training Loss: 0.3934
Validation Loss: 0.4446
No improvement in validation loss. Early stop counter: 2/10
Epoch [28/1000], Training Loss: 0.3932
Validation Loss: 0.4469
No improvement in validation loss. Early stop counter: 3/10
Epoch [29/1000], Training Loss: 0.3890
Validation Loss: 0.4438
No improvement in validation loss. Early stop counter: 4/10
Epoch [30/1000], Training Loss: 0.3903
Validation Loss: 0.4507
No improvement in validation loss. Early stop counter: 5/10
Epoch [31/1000], Training Loss: 0.3852
Validation Loss: 0.4414
New best model found with validation loss: 0.4414
Epoch [32/1000], Training Loss: 0.3845
Validation Loss: 0.4416
No improvement in validation loss. Early stop counter: 1/10
Epoch [33/1000], Training Loss: 0.3834
Validation Loss: 0.4444
No improvement in validation loss. Early stop counter: 2/10
Epoch [34/1000], Training Loss: 0.3831
Validation Loss: 0.4402
New best model found with validation loss: 0.4402
Epoch [35/1000], Training Loss: 0.3839
Validation Loss: 0.4392
New best model found with validation loss: 0.4392
Epoch [36/1000], Training Loss: 0.3819
Validation Loss: 0.4426
No improvement in validation loss. Early stop counter: 1/10
Epoch [37/1000], Training Loss: 0.3820
Validation Loss: 0.4400
No improvement in validation loss. Early stop counter: 2/10
Epoch [38/1000], Training Loss: 0.3823
Validation Loss: 0.4370
New best model found with validation loss: 0.4370
Epoch [39/1000], Training Loss: 0.3823
Validation Loss: 0.4416
No improvement in validation loss. Early stop counter: 1/10
Epoch [40/1000], Training Loss: 0.3821
Validation Loss: 0.4357
New best model found with validation loss: 0.4357
Epoch [41/1000], Training Loss: 0.3785
Validation Loss: 0.4419
No improvement in validation loss. Early stop counter: 1/10
Epoch [42/1000], Training Loss: 0.3773
Validation Loss: 0.4388
No improvement in validation loss. Early stop counter: 2/10
Epoch [43/1000], Training Loss: 0.3776
Validation Loss: 0.4373
No improvement in validation loss. Early stop counter: 3/10
Epoch [44/1000], Training Loss: 0.3791
Validation Loss: 0.4385
No improvement in validation loss. Early stop counter: 4/10
Epoch [45/1000], Training Loss: 0.3766
Validation Loss: 0.4377
No improvement in validation loss. Early stop counter: 5/10
Epoch [46/1000], Training Loss: 0.3762
Validation Loss: 0.4375
No improvement in validation loss. Early stop counter: 6/10
Epoch [47/1000], Training Loss: 0.3773
Validation Loss: 0.4383
No improvement in validation loss. Early stop counter: 7/10
Epoch [48/1000], Training Loss: 0.3759
Validation Loss: 0.4364
No improvement in validation loss. Early stop counter: 8/10
Epoch [49/1000], Training Loss: 0.3757
Validation Loss: 0.4403
No improvement in validation loss. Early stop counter: 9/10
Epoch [50/1000], Training Loss: 0.3747
Validation Loss: 0.4403
No improvement in validation loss. Early stop counter: 10/10
Early stopping triggered after 50 epochs.
Best model for fold 2 saved successfully.

Starting Fold 3/5...
Initializing ClassificationModel with 1 GAT layers and residual connections...
Initializing MCModel with 1 GAT layers and 1 row attention layers...
Initializing CGModel with 1 GAT layers and residual connections...
Initializing CoreModel with 2 self-attention layers...
Using 4 GPUs with DataParallel.
Epoch [1/1000], Training Loss: 0.7149
Validation Loss: 0.6128
New best model found with validation loss: 0.6128
Epoch [2/1000], Training Loss: 0.5942
Validation Loss: 0.5465
New best model found with validation loss: 0.5465
Epoch [3/1000], Training Loss: 0.5623
Validation Loss: 0.5294
New best model found with validation loss: 0.5294
Epoch [4/1000], Training Loss: 0.5141
Validation Loss: 0.4890
New best model found with validation loss: 0.4890
Epoch [5/1000], Training Loss: 0.5160
Validation Loss: 0.4822
New best model found with validation loss: 0.4822
Epoch [6/1000], Training Loss: 0.4982
Validation Loss: 0.4641
New best model found with validation loss: 0.4641
Epoch [7/1000], Training Loss: 0.4720
Validation Loss: 0.4719
No improvement in validation loss. Early stop counter: 1/10
Epoch [8/1000], Training Loss: 0.4692
Validation Loss: 0.4552
New best model found with validation loss: 0.4552
Epoch [9/1000], Training Loss: 0.4625
Validation Loss: 0.4581
No improvement in validation loss. Early stop counter: 1/10
Epoch [10/1000], Training Loss: 0.4551
Validation Loss: 0.4576
No improvement in validation loss. Early stop counter: 2/10
Epoch [11/1000], Training Loss: 0.4438
Validation Loss: 0.4455
New best model found with validation loss: 0.4455
Epoch [12/1000], Training Loss: 0.4353
Validation Loss: 0.4485
No improvement in validation loss. Early stop counter: 1/10
Epoch [13/1000], Training Loss: 0.4355
Validation Loss: 0.4372
New best model found with validation loss: 0.4372
Epoch [14/1000], Training Loss: 0.4345
Validation Loss: 0.4343
New best model found with validation loss: 0.4343
Epoch [15/1000], Training Loss: 0.4312
Validation Loss: 0.4871
No improvement in validation loss. Early stop counter: 1/10
Epoch [16/1000], Training Loss: 0.4251
Validation Loss: 0.4396
No improvement in validation loss. Early stop counter: 2/10
Epoch [17/1000], Training Loss: 0.4226
Validation Loss: 0.4301
New best model found with validation loss: 0.4301
Epoch [18/1000], Training Loss: 0.4193
Validation Loss: 0.4379
No improvement in validation loss. Early stop counter: 1/10
Epoch [19/1000], Training Loss: 0.4182
Validation Loss: 0.4333
No improvement in validation loss. Early stop counter: 2/10
Epoch [20/1000], Training Loss: 0.4147
Validation Loss: 0.4295
New best model found with validation loss: 0.4295
Epoch [21/1000], Training Loss: 0.4091
Validation Loss: 0.4270
New best model found with validation loss: 0.4270
Epoch [22/1000], Training Loss: 0.4074
Validation Loss: 0.4274
No improvement in validation loss. Early stop counter: 1/10
Epoch [23/1000], Training Loss: 0.4065
Validation Loss: 0.4251
New best model found with validation loss: 0.4251
Epoch [24/1000], Training Loss: 0.4060
Validation Loss: 0.4237
New best model found with validation loss: 0.4237
Epoch [25/1000], Training Loss: 0.4059
Validation Loss: 0.4289
No improvement in validation loss. Early stop counter: 1/10
Epoch [26/1000], Training Loss: 0.4036
Validation Loss: 0.4230
New best model found with validation loss: 0.4230
Epoch [27/1000], Training Loss: 0.4036
Validation Loss: 0.4198
New best model found with validation loss: 0.4198
Epoch [28/1000], Training Loss: 0.4007
Validation Loss: 0.4249
No improvement in validation loss. Early stop counter: 1/10
Epoch [29/1000], Training Loss: 0.4014
Validation Loss: 0.4315
No improvement in validation loss. Early stop counter: 2/10
Epoch [30/1000], Training Loss: 0.4023
Validation Loss: 0.4363
No improvement in validation loss. Early stop counter: 3/10
Epoch [31/1000], Training Loss: 0.3992
Validation Loss: 0.4200
No improvement in validation loss. Early stop counter: 4/10
Epoch [32/1000], Training Loss: 0.3984
Validation Loss: 0.4230
No improvement in validation loss. Early stop counter: 5/10
Epoch [33/1000], Training Loss: 0.3943
Validation Loss: 0.4195
New best model found with validation loss: 0.4195
Epoch [34/1000], Training Loss: 0.3965
Validation Loss: 0.4221
No improvement in validation loss. Early stop counter: 1/10
Epoch [35/1000], Training Loss: 0.3958
Validation Loss: 0.4212
No improvement in validation loss. Early stop counter: 2/10
Epoch [36/1000], Training Loss: 0.3928
Validation Loss: 0.4240
No improvement in validation loss. Early stop counter: 3/10
Epoch [37/1000], Training Loss: 0.3935
Validation Loss: 0.4204
No improvement in validation loss. Early stop counter: 4/10
Epoch [38/1000], Training Loss: 0.3943
Validation Loss: 0.4197
No improvement in validation loss. Early stop counter: 5/10
Epoch [39/1000], Training Loss: 0.3927
Validation Loss: 0.4200
No improvement in validation loss. Early stop counter: 6/10
Epoch [40/1000], Training Loss: 0.3915
Validation Loss: 0.4241
No improvement in validation loss. Early stop counter: 7/10
Epoch [41/1000], Training Loss: 0.3901
Validation Loss: 0.4194
New best model found with validation loss: 0.4194
Epoch [42/1000], Training Loss: 0.3901
Validation Loss: 0.4175
New best model found with validation loss: 0.4175
Epoch [43/1000], Training Loss: 0.3897
Validation Loss: 0.4188
No improvement in validation loss. Early stop counter: 1/10
Epoch [44/1000], Training Loss: 0.3912
Validation Loss: 0.4171
New best model found with validation loss: 0.4171
Epoch [45/1000], Training Loss: 0.3890
Validation Loss: 0.4162
New best model found with validation loss: 0.4162
Epoch [46/1000], Training Loss: 0.3888
Validation Loss: 0.4169
No improvement in validation loss. Early stop counter: 1/10
Epoch [47/1000], Training Loss: 0.3889
Validation Loss: 0.4225
No improvement in validation loss. Early stop counter: 2/10
Epoch [48/1000], Training Loss: 0.3892
Validation Loss: 0.4169
No improvement in validation loss. Early stop counter: 3/10
Epoch [49/1000], Training Loss: 0.3885
Validation Loss: 0.4165
No improvement in validation loss. Early stop counter: 4/10
Epoch [50/1000], Training Loss: 0.3882
Validation Loss: 0.4185
No improvement in validation loss. Early stop counter: 5/10
Epoch [51/1000], Training Loss: 0.3871
Validation Loss: 0.4153
New best model found with validation loss: 0.4153
Epoch [52/1000], Training Loss: 0.3862
Validation Loss: 0.4158
No improvement in validation loss. Early stop counter: 1/10
Epoch [53/1000], Training Loss: 0.3863
Validation Loss: 0.4161
No improvement in validation loss. Early stop counter: 2/10
Epoch [54/1000], Training Loss: 0.3858
Validation Loss: 0.4182
No improvement in validation loss. Early stop counter: 3/10
Epoch [55/1000], Training Loss: 0.3857
Validation Loss: 0.4160
No improvement in validation loss. Early stop counter: 4/10
Epoch [56/1000], Training Loss: 0.3861
Validation Loss: 0.4173
No improvement in validation loss. Early stop counter: 5/10
Epoch [57/1000], Training Loss: 0.3866
Validation Loss: 0.4148
New best model found with validation loss: 0.4148
Epoch [58/1000], Training Loss: 0.3863
Validation Loss: 0.4158
No improvement in validation loss. Early stop counter: 1/10
Epoch [59/1000], Training Loss: 0.3845
Validation Loss: 0.4188
No improvement in validation loss. Early stop counter: 2/10
Epoch [60/1000], Training Loss: 0.3859
Validation Loss: 0.4166
No improvement in validation loss. Early stop counter: 3/10
Epoch [61/1000], Training Loss: 0.3856
Validation Loss: 0.4184
No improvement in validation loss. Early stop counter: 4/10
Epoch [62/1000], Training Loss: 0.3856
Validation Loss: 0.4154
No improvement in validation loss. Early stop counter: 5/10
Epoch [63/1000], Training Loss: 0.3840
Validation Loss: 0.4154
No improvement in validation loss. Early stop counter: 6/10
Epoch [64/1000], Training Loss: 0.3849
Validation Loss: 0.4175
No improvement in validation loss. Early stop counter: 7/10
Epoch [65/1000], Training Loss: 0.3843
Validation Loss: 0.4184
No improvement in validation loss. Early stop counter: 8/10
Epoch [66/1000], Training Loss: 0.3842
Validation Loss: 0.4148
No improvement in validation loss. Early stop counter: 9/10
Epoch [67/1000], Training Loss: 0.3853
Validation Loss: 0.4153
No improvement in validation loss. Early stop counter: 10/10
Early stopping triggered after 67 epochs.
Best model for fold 3 saved successfully.

Starting Fold 4/5...
Initializing ClassificationModel with 1 GAT layers and residual connections...
Initializing MCModel with 1 GAT layers and 1 row attention layers...
Initializing CGModel with 1 GAT layers and residual connections...
Initializing CoreModel with 2 self-attention layers...
Using 4 GPUs with DataParallel.
Epoch [1/1000], Training Loss: 0.6895
Validation Loss: 0.5961
New best model found with validation loss: 0.5961
Epoch [2/1000], Training Loss: 0.5549
Validation Loss: 0.5389
New best model found with validation loss: 0.5389
Epoch [3/1000], Training Loss: 0.5356
Validation Loss: 0.5282
New best model found with validation loss: 0.5282
Epoch [4/1000], Training Loss: 0.5052
Validation Loss: 0.5039
New best model found with validation loss: 0.5039
Epoch [5/1000], Training Loss: 0.4799
Validation Loss: 0.5239
No improvement in validation loss. Early stop counter: 1/10
Epoch [6/1000], Training Loss: 0.4806
Validation Loss: 0.5119
No improvement in validation loss. Early stop counter: 2/10
Epoch [7/1000], Training Loss: 0.4567
Validation Loss: 0.4725
New best model found with validation loss: 0.4725
Epoch [8/1000], Training Loss: 0.4506
Validation Loss: 0.4739
No improvement in validation loss. Early stop counter: 1/10
Epoch [9/1000], Training Loss: 0.4444
Validation Loss: 0.4683
New best model found with validation loss: 0.4683
Epoch [10/1000], Training Loss: 0.4472
Validation Loss: 0.4653
New best model found with validation loss: 0.4653
Epoch [11/1000], Training Loss: 0.4245
Validation Loss: 0.4562
New best model found with validation loss: 0.4562
Epoch [12/1000], Training Loss: 0.4225
Validation Loss: 0.4678
No improvement in validation loss. Early stop counter: 1/10
Epoch [13/1000], Training Loss: 0.4224
Validation Loss: 0.4563
No improvement in validation loss. Early stop counter: 2/10
Epoch [14/1000], Training Loss: 0.4157
Validation Loss: 0.4526
New best model found with validation loss: 0.4526
Epoch [15/1000], Training Loss: 0.4148
Validation Loss: 0.4478
New best model found with validation loss: 0.4478
Epoch [16/1000], Training Loss: 0.4141
Validation Loss: 0.4449
New best model found with validation loss: 0.4449
Epoch [17/1000], Training Loss: 0.4075
Validation Loss: 0.4605
No improvement in validation loss. Early stop counter: 1/10
Epoch [18/1000], Training Loss: 0.4094
Validation Loss: 0.4469
No improvement in validation loss. Early stop counter: 2/10
Epoch [19/1000], Training Loss: 0.4057
Validation Loss: 0.4550
No improvement in validation loss. Early stop counter: 3/10
Epoch [20/1000], Training Loss: 0.4049
Validation Loss: 0.4688
No improvement in validation loss. Early stop counter: 4/10
Epoch [21/1000], Training Loss: 0.3992
Validation Loss: 0.4462
No improvement in validation loss. Early stop counter: 5/10
Epoch [22/1000], Training Loss: 0.3953
Validation Loss: 0.4466
No improvement in validation loss. Early stop counter: 6/10
Epoch [23/1000], Training Loss: 0.3953
Validation Loss: 0.4478
No improvement in validation loss. Early stop counter: 7/10
Epoch [24/1000], Training Loss: 0.3948
Validation Loss: 0.4495
No improvement in validation loss. Early stop counter: 8/10
Epoch [25/1000], Training Loss: 0.3937
Validation Loss: 0.4510
No improvement in validation loss. Early stop counter: 9/10
Epoch [26/1000], Training Loss: 0.3925
Validation Loss: 0.4418
New best model found with validation loss: 0.4418
Epoch [27/1000], Training Loss: 0.3940
Validation Loss: 0.4492
No improvement in validation loss. Early stop counter: 1/10
Epoch [28/1000], Training Loss: 0.3891
Validation Loss: 0.4499
No improvement in validation loss. Early stop counter: 2/10
Epoch [29/1000], Training Loss: 0.3895
Validation Loss: 0.4440
No improvement in validation loss. Early stop counter: 3/10
Epoch [30/1000], Training Loss: 0.3894
Validation Loss: 0.4569
No improvement in validation loss. Early stop counter: 4/10
Epoch [31/1000], Training Loss: 0.3843
Validation Loss: 0.4472
No improvement in validation loss. Early stop counter: 5/10
Epoch [32/1000], Training Loss: 0.3832
Validation Loss: 0.4530
No improvement in validation loss. Early stop counter: 6/10
Epoch [33/1000], Training Loss: 0.3838
Validation Loss: 0.4516
No improvement in validation loss. Early stop counter: 7/10
Epoch [34/1000], Training Loss: 0.3822
Validation Loss: 0.4473
No improvement in validation loss. Early stop counter: 8/10
Epoch [35/1000], Training Loss: 0.3829
Validation Loss: 0.4471
No improvement in validation loss. Early stop counter: 9/10
Epoch [36/1000], Training Loss: 0.3824
Validation Loss: 0.4488
No improvement in validation loss. Early stop counter: 10/10
Early stopping triggered after 36 epochs.
Best model for fold 4 saved successfully.

Starting Fold 5/5...
Initializing ClassificationModel with 1 GAT layers and residual connections...
Initializing MCModel with 1 GAT layers and 1 row attention layers...
Initializing CGModel with 1 GAT layers and residual connections...
Initializing CoreModel with 2 self-attention layers...
Using 4 GPUs with DataParallel.
Epoch [1/1000], Training Loss: 0.7103
Validation Loss: 0.6011
New best model found with validation loss: 0.6011
Epoch [2/1000], Training Loss: 0.5621
Validation Loss: 0.5527
New best model found with validation loss: 0.5527
Epoch [3/1000], Training Loss: 0.5283
Validation Loss: 0.4990
New best model found with validation loss: 0.4990
Epoch [4/1000], Training Loss: 0.5034
Validation Loss: 0.5098
No improvement in validation loss. Early stop counter: 1/10
Epoch [5/1000], Training Loss: 0.4825
Validation Loss: 0.4636
New best model found with validation loss: 0.4636
Epoch [6/1000], Training Loss: 0.4779
Validation Loss: 0.4700
No improvement in validation loss. Early stop counter: 1/10
Epoch [7/1000], Training Loss: 0.4635
Validation Loss: 0.4596
New best model found with validation loss: 0.4596
Epoch [8/1000], Training Loss: 0.4662
Validation Loss: 0.4830
No improvement in validation loss. Early stop counter: 1/10
Epoch [9/1000], Training Loss: 0.4510
Validation Loss: 0.4513
New best model found with validation loss: 0.4513
Epoch [10/1000], Training Loss: 0.4503
Validation Loss: 0.4691
No improvement in validation loss. Early stop counter: 1/10
Epoch [11/1000], Training Loss: 0.4313
Validation Loss: 0.4382
New best model found with validation loss: 0.4382
Epoch [12/1000], Training Loss: 0.4268
Validation Loss: 0.4428
No improvement in validation loss. Early stop counter: 1/10
Epoch [13/1000], Training Loss: 0.4264
Validation Loss: 0.4380
New best model found with validation loss: 0.4380
Epoch [14/1000], Training Loss: 0.4224
Validation Loss: 0.4379
New best model found with validation loss: 0.4379
Epoch [15/1000], Training Loss: 0.4215
Validation Loss: 0.4608
No improvement in validation loss. Early stop counter: 1/10
Epoch [16/1000], Training Loss: 0.4224
Validation Loss: 0.4774
No improvement in validation loss. Early stop counter: 2/10
Epoch [17/1000], Training Loss: 0.4174
Validation Loss: 0.4361
New best model found with validation loss: 0.4361
Epoch [18/1000], Training Loss: 0.4140
Validation Loss: 0.4399
No improvement in validation loss. Early stop counter: 1/10
Epoch [19/1000], Training Loss: 0.4110
Validation Loss: 0.4334
New best model found with validation loss: 0.4334
Epoch [20/1000], Training Loss: 0.4102
Validation Loss: 0.4476
No improvement in validation loss. Early stop counter: 1/10
Epoch [21/1000], Training Loss: 0.4044
Validation Loss: 0.4326
New best model found with validation loss: 0.4326
Epoch [22/1000], Training Loss: 0.4044
Validation Loss: 0.4290
New best model found with validation loss: 0.4290
Epoch [23/1000], Training Loss: 0.4031
Validation Loss: 0.4269
New best model found with validation loss: 0.4269
Epoch [24/1000], Training Loss: 0.3995
Validation Loss: 0.4297
No improvement in validation loss. Early stop counter: 1/10
Epoch [25/1000], Training Loss: 0.3982
Validation Loss: 0.4265
New best model found with validation loss: 0.4265
Epoch [26/1000], Training Loss: 0.3975
Validation Loss: 0.4263
New best model found with validation loss: 0.4263
Epoch [27/1000], Training Loss: 0.3975
Validation Loss: 0.4243
New best model found with validation loss: 0.4243
Epoch [28/1000], Training Loss: 0.3964
Validation Loss: 0.4271
No improvement in validation loss. Early stop counter: 1/10
Epoch [29/1000], Training Loss: 0.3941
Validation Loss: 0.4255
No improvement in validation loss. Early stop counter: 2/10
Epoch [30/1000], Training Loss: 0.3960
Validation Loss: 0.4434
No improvement in validation loss. Early stop counter: 3/10
Epoch [31/1000], Training Loss: 0.3893
Validation Loss: 0.4235
New best model found with validation loss: 0.4235
Epoch [32/1000], Training Loss: 0.3889
Validation Loss: 0.4239
No improvement in validation loss. Early stop counter: 1/10
Epoch [33/1000], Training Loss: 0.3881
Validation Loss: 0.4298
No improvement in validation loss. Early stop counter: 2/10
Epoch [34/1000], Training Loss: 0.3895
Validation Loss: 0.4215
New best model found with validation loss: 0.4215
Epoch [35/1000], Training Loss: 0.3886
Validation Loss: 0.4259
No improvement in validation loss. Early stop counter: 1/10
Epoch [36/1000], Training Loss: 0.3890
Validation Loss: 0.4227
No improvement in validation loss. Early stop counter: 2/10
Epoch [37/1000], Training Loss: 0.3875
Validation Loss: 0.4247
No improvement in validation loss. Early stop counter: 3/10
Epoch [38/1000], Training Loss: 0.3869
Validation Loss: 0.4254
No improvement in validation loss. Early stop counter: 4/10
Epoch [39/1000], Training Loss: 0.3849
Validation Loss: 0.4214
New best model found with validation loss: 0.4214
Epoch [40/1000], Training Loss: 0.3856
Validation Loss: 0.4209
New best model found with validation loss: 0.4209
Epoch [41/1000], Training Loss: 0.3839
Validation Loss: 0.4229
No improvement in validation loss. Early stop counter: 1/10
Epoch [42/1000], Training Loss: 0.3823
Validation Loss: 0.4223
No improvement in validation loss. Early stop counter: 2/10
Epoch [43/1000], Training Loss: 0.3809
Validation Loss: 0.4210
No improvement in validation loss. Early stop counter: 3/10
Epoch [44/1000], Training Loss: 0.3815
Validation Loss: 0.4215
No improvement in validation loss. Early stop counter: 4/10
Epoch [45/1000], Training Loss: 0.3814
Validation Loss: 0.4245
No improvement in validation loss. Early stop counter: 5/10
Epoch [46/1000], Training Loss: 0.3807
Validation Loss: 0.4192
New best model found with validation loss: 0.4192
Epoch [47/1000], Training Loss: 0.3806
Validation Loss: 0.4271
No improvement in validation loss. Early stop counter: 1/10
Epoch [48/1000], Training Loss: 0.3800
Validation Loss: 0.4203
No improvement in validation loss. Early stop counter: 2/10
Epoch [49/1000], Training Loss: 0.3808
Validation Loss: 0.4272
No improvement in validation loss. Early stop counter: 3/10
Epoch [50/1000], Training Loss: 0.3832
Validation Loss: 0.4230
No improvement in validation loss. Early stop counter: 4/10
Epoch [51/1000], Training Loss: 0.3788
Validation Loss: 0.4216
No improvement in validation loss. Early stop counter: 5/10
Epoch [52/1000], Training Loss: 0.3774
Validation Loss: 0.4282
No improvement in validation loss. Early stop counter: 6/10
Epoch [53/1000], Training Loss: 0.3781
Validation Loss: 0.4260
No improvement in validation loss. Early stop counter: 7/10
Epoch [54/1000], Training Loss: 0.3789
Validation Loss: 0.4214
No improvement in validation loss. Early stop counter: 8/10
Epoch [55/1000], Training Loss: 0.3777
Validation Loss: 0.4182
New best model found with validation loss: 0.4182
Epoch [56/1000], Training Loss: 0.3783
Validation Loss: 0.4243
No improvement in validation loss. Early stop counter: 1/10
Epoch [57/1000], Training Loss: 0.3771
Validation Loss: 0.4214
No improvement in validation loss. Early stop counter: 2/10
Epoch [58/1000], Training Loss: 0.3775
Validation Loss: 0.4203
No improvement in validation loss. Early stop counter: 3/10
Epoch [59/1000], Training Loss: 0.3767
Validation Loss: 0.4228
No improvement in validation loss. Early stop counter: 4/10
Epoch [60/1000], Training Loss: 0.3773
Validation Loss: 0.4186
No improvement in validation loss. Early stop counter: 5/10
Epoch [61/1000], Training Loss: 0.3766
Validation Loss: 0.4207
No improvement in validation loss. Early stop counter: 6/10
Epoch [62/1000], Training Loss: 0.3770
Validation Loss: 0.4184
No improvement in validation loss. Early stop counter: 7/10
Epoch [63/1000], Training Loss: 0.3749
Validation Loss: 0.4195
No improvement in validation loss. Early stop counter: 8/10
Epoch [64/1000], Training Loss: 0.3753
Validation Loss: 0.4210
No improvement in validation loss. Early stop counter: 9/10
Epoch [65/1000], Training Loss: 0.3768
Validation Loss: 0.4212
No improvement in validation loss. Early stop counter: 10/10
Early stopping triggered after 65 epochs.
Best model for fold 5 saved successfully.

Cross-validation results:
Fold 1: Validation Loss = 0.4508
Fold 2: Validation Loss = 0.4357
Fold 3: Validation Loss = 0.4148
Fold 4: Validation Loss = 0.4418
Fold 5: Validation Loss = 0.4182
Average Validation Loss: 0.4323
