{'batch_size': 4, 'sequence_file': 'padded_sequences_train_3000.npz', 'data_file': 'padded_interfaces_train_3000.npz', 'edge_file': 'padded_edges_train_3000.npz', 'max_len': 3000, 'vocab_size': 23, 'embed_dim': 256, 'num_heads': 16, 'dropout': 0.5, 'num_layers': 1, 'num_gnn_layers': 1, 'num_int_layers': 1, 'num_classes': 2, 'num_epochs': 1000, 'learning_rate': 0.0001, 'max_grad_norm': 0.1, 'validation_split': 0.1, 'early_stop_patience': 10, 'initial_gradient_noise_std': 0.05, 'accumulation_steps': 2}
Number of GPUs available: 4

Starting Fold 1/5...
Initializing ClassificationModel with 1 GAT layers and residual connections...
Initializing MCModel with 1 GAT layers and 1 row attention layers...
Initializing CGModel with 1 GAT layers and residual connections...
Initializing CoreModel with 1 self-attention layers...
Using 4 GPUs with DataParallel.
Epoch [1/1000], Training Loss: 0.6808
Validation Loss: 0.6297
New best model found with validation loss: 0.6297
Epoch [2/1000], Training Loss: 0.6250
Validation Loss: 0.6339
No improvement in validation loss. Early stop counter: 1/10
Epoch [3/1000], Training Loss: 0.5951
Validation Loss: 0.6061
New best model found with validation loss: 0.6061
Epoch [4/1000], Training Loss: 0.5726
Validation Loss: 0.6222
No improvement in validation loss. Early stop counter: 1/10
Epoch [5/1000], Training Loss: 0.5414
Validation Loss: 0.6805
No improvement in validation loss. Early stop counter: 2/10
Epoch [6/1000], Training Loss: 0.5275
Validation Loss: 0.6367
No improvement in validation loss. Early stop counter: 3/10
Epoch [7/1000], Training Loss: 0.5208
Validation Loss: 0.6718
No improvement in validation loss. Early stop counter: 4/10
Epoch [8/1000], Training Loss: 0.5134
Validation Loss: 0.6506
No improvement in validation loss. Early stop counter: 5/10
Epoch [9/1000], Training Loss: 0.5107
Validation Loss: 0.6461
No improvement in validation loss. Early stop counter: 6/10
Epoch [10/1000], Training Loss: 0.5009
Validation Loss: 0.6954
No improvement in validation loss. Early stop counter: 7/10
Epoch [11/1000], Training Loss: 0.4930
Validation Loss: 0.6578
No improvement in validation loss. Early stop counter: 8/10
Epoch [12/1000], Training Loss: 0.4914
Validation Loss: 0.6425
No improvement in validation loss. Early stop counter: 9/10
Epoch [13/1000], Training Loss: 0.4847
Validation Loss: 0.6461
No improvement in validation loss. Early stop counter: 10/10
Early stopping triggered after 13 epochs.
Best model for fold 1 saved successfully.

Starting Fold 2/5...
Initializing ClassificationModel with 1 GAT layers and residual connections...
Initializing MCModel with 1 GAT layers and 1 row attention layers...
Initializing CGModel with 1 GAT layers and residual connections...
Initializing CoreModel with 1 self-attention layers...
Using 4 GPUs with DataParallel.
Epoch [1/1000], Training Loss: 0.6968
Validation Loss: 0.6416
New best model found with validation loss: 0.6416
Epoch [2/1000], Training Loss: 0.6394
Validation Loss: 0.5857
New best model found with validation loss: 0.5857
Epoch [3/1000], Training Loss: 0.5838
Validation Loss: 0.6378
No improvement in validation loss. Early stop counter: 1/10
Epoch [4/1000], Training Loss: 0.5429
Validation Loss: 0.6105
No improvement in validation loss. Early stop counter: 2/10
Epoch [5/1000], Training Loss: 0.5273
Validation Loss: 0.7284
No improvement in validation loss. Early stop counter: 3/10
Epoch [6/1000], Training Loss: 0.5161
Validation Loss: 0.6092
No improvement in validation loss. Early stop counter: 4/10
Epoch [7/1000], Training Loss: 0.5088
Validation Loss: 0.6423
No improvement in validation loss. Early stop counter: 5/10
Epoch [8/1000], Training Loss: 0.5023
Validation Loss: 0.5829
New best model found with validation loss: 0.5829
Epoch [9/1000], Training Loss: 0.4983
Validation Loss: 0.6776
No improvement in validation loss. Early stop counter: 1/10
Epoch [10/1000], Training Loss: 0.4922
Validation Loss: 0.6014
No improvement in validation loss. Early stop counter: 2/10
Epoch [11/1000], Training Loss: 0.4857
Validation Loss: 0.5948
No improvement in validation loss. Early stop counter: 3/10
Epoch [12/1000], Training Loss: 0.4836
Validation Loss: 0.5631
New best model found with validation loss: 0.5631
Epoch [13/1000], Training Loss: 0.4794
Validation Loss: 0.6100
No improvement in validation loss. Early stop counter: 1/10
Epoch [14/1000], Training Loss: 0.4796
Validation Loss: 0.5771
No improvement in validation loss. Early stop counter: 2/10
Epoch [15/1000], Training Loss: 0.4780
Validation Loss: 0.5712
No improvement in validation loss. Early stop counter: 3/10
Epoch [16/1000], Training Loss: 0.4767
Validation Loss: 0.5777
No improvement in validation loss. Early stop counter: 4/10
Epoch [17/1000], Training Loss: 0.4709
Validation Loss: 0.5645
No improvement in validation loss. Early stop counter: 5/10
Epoch [18/1000], Training Loss: 0.4696
Validation Loss: 0.5831
No improvement in validation loss. Early stop counter: 6/10
Epoch [19/1000], Training Loss: 0.4686
Validation Loss: 0.5736
No improvement in validation loss. Early stop counter: 7/10
Epoch [20/1000], Training Loss: 0.4659
Validation Loss: 0.5773
No improvement in validation loss. Early stop counter: 8/10
Epoch [21/1000], Training Loss: 0.4620
Validation Loss: 0.6122
No improvement in validation loss. Early stop counter: 9/10
Epoch [22/1000], Training Loss: 0.4617
Validation Loss: 0.5849
No improvement in validation loss. Early stop counter: 10/10
Early stopping triggered after 22 epochs.
Best model for fold 2 saved successfully.

Starting Fold 3/5...
Initializing ClassificationModel with 1 GAT layers and residual connections...
Initializing MCModel with 1 GAT layers and 1 row attention layers...
Initializing CGModel with 1 GAT layers and residual connections...
Initializing CoreModel with 1 self-attention layers...
Using 4 GPUs with DataParallel.
Epoch [1/1000], Training Loss: 0.7014
Validation Loss: 0.6245
New best model found with validation loss: 0.6245
Epoch [2/1000], Training Loss: 0.6511
Validation Loss: 0.6123
New best model found with validation loss: 0.6123
Epoch [3/1000], Training Loss: 0.6190
Validation Loss: 0.5818
New best model found with validation loss: 0.5818
Epoch [4/1000], Training Loss: 0.5890
Validation Loss: 0.5716
New best model found with validation loss: 0.5716
Epoch [5/1000], Training Loss: 0.5574
Validation Loss: 0.6758
No improvement in validation loss. Early stop counter: 1/10
Epoch [6/1000], Training Loss: 0.5435
Validation Loss: 0.6228
No improvement in validation loss. Early stop counter: 2/10
Epoch [7/1000], Training Loss: 0.5339
Validation Loss: 0.5878
No improvement in validation loss. Early stop counter: 3/10
Epoch [8/1000], Training Loss: 0.5272
Validation Loss: 0.6338
No improvement in validation loss. Early stop counter: 4/10
Epoch [9/1000], Training Loss: 0.5203
Validation Loss: 0.6608
No improvement in validation loss. Early stop counter: 5/10
Epoch [10/1000], Training Loss: 0.5192
Validation Loss: 0.5807
No improvement in validation loss. Early stop counter: 6/10
Epoch [11/1000], Training Loss: 0.5061
Validation Loss: 0.5860
No improvement in validation loss. Early stop counter: 7/10
Epoch [12/1000], Training Loss: 0.5016
Validation Loss: 0.5741
No improvement in validation loss. Early stop counter: 8/10
Epoch [13/1000], Training Loss: 0.4983
Validation Loss: 0.6126
No improvement in validation loss. Early stop counter: 9/10
Epoch [14/1000], Training Loss: 0.4975
Validation Loss: 0.5981
No improvement in validation loss. Early stop counter: 10/10
Early stopping triggered after 14 epochs.
Best model for fold 3 saved successfully.

Starting Fold 4/5...
Initializing ClassificationModel with 1 GAT layers and residual connections...
Initializing MCModel with 1 GAT layers and 1 row attention layers...
Initializing CGModel with 1 GAT layers and residual connections...
Initializing CoreModel with 1 self-attention layers...
Using 4 GPUs with DataParallel.
Epoch [1/1000], Training Loss: 0.6755
Validation Loss: 0.6037
New best model found with validation loss: 0.6037
Epoch [2/1000], Training Loss: 0.6316
Validation Loss: 0.5831
New best model found with validation loss: 0.5831
Epoch [3/1000], Training Loss: 0.6058
Validation Loss: 0.5689
New best model found with validation loss: 0.5689
Epoch [4/1000], Training Loss: 0.5802
Validation Loss: 0.5969
No improvement in validation loss. Early stop counter: 1/10
Epoch [5/1000], Training Loss: 0.5592
Validation Loss: 0.6158
No improvement in validation loss. Early stop counter: 2/10
Epoch [6/1000], Training Loss: 0.5404
Validation Loss: 0.6536
No improvement in validation loss. Early stop counter: 3/10
Epoch [7/1000], Training Loss: 0.5309
Validation Loss: 0.5683
New best model found with validation loss: 0.5683
Epoch [8/1000], Training Loss: 0.5260
Validation Loss: 0.5838
No improvement in validation loss. Early stop counter: 1/10
Epoch [9/1000], Training Loss: 0.5201
Validation Loss: 0.6150
No improvement in validation loss. Early stop counter: 2/10
Epoch [10/1000], Training Loss: 0.5131
Validation Loss: 0.6382
No improvement in validation loss. Early stop counter: 3/10
Epoch [11/1000], Training Loss: 0.5043
Validation Loss: 0.6105
No improvement in validation loss. Early stop counter: 4/10
Epoch [12/1000], Training Loss: 0.4980
Validation Loss: 0.6214
No improvement in validation loss. Early stop counter: 5/10
Epoch [13/1000], Training Loss: 0.5004
Validation Loss: 0.6085
No improvement in validation loss. Early stop counter: 6/10
Epoch [14/1000], Training Loss: 0.4943
Validation Loss: 0.5997
No improvement in validation loss. Early stop counter: 7/10
Epoch [15/1000], Training Loss: 0.4910
Validation Loss: 0.5901
No improvement in validation loss. Early stop counter: 8/10
Epoch [16/1000], Training Loss: 0.4896
Validation Loss: 0.6191
No improvement in validation loss. Early stop counter: 9/10
Epoch [17/1000], Training Loss: 0.4886
Validation Loss: 0.5467
New best model found with validation loss: 0.5467
Epoch [18/1000], Training Loss: 0.4864
Validation Loss: 0.5596
No improvement in validation loss. Early stop counter: 1/10
Epoch [19/1000], Training Loss: 0.4835
Validation Loss: 0.5882
No improvement in validation loss. Early stop counter: 2/10
Epoch [20/1000], Training Loss: 0.4807
Validation Loss: 0.5857
No improvement in validation loss. Early stop counter: 3/10
Epoch [21/1000], Training Loss: 0.4732
Validation Loss: 0.5921
No improvement in validation loss. Early stop counter: 4/10
Epoch [22/1000], Training Loss: 0.4686
Validation Loss: 0.5937
No improvement in validation loss. Early stop counter: 5/10
Epoch [23/1000], Training Loss: 0.4665
Validation Loss: 0.5607
No improvement in validation loss. Early stop counter: 6/10
Epoch [24/1000], Training Loss: 0.4652
Validation Loss: 0.6373
No improvement in validation loss. Early stop counter: 7/10
Epoch [25/1000], Training Loss: 0.4659
Validation Loss: 0.5821
No improvement in validation loss. Early stop counter: 8/10
Epoch [26/1000], Training Loss: 0.4629
Validation Loss: 0.5680
No improvement in validation loss. Early stop counter: 9/10
Epoch [27/1000], Training Loss: 0.4624
Validation Loss: 0.5925
No improvement in validation loss. Early stop counter: 10/10
Early stopping triggered after 27 epochs.
Best model for fold 4 saved successfully.

Starting Fold 5/5...
Initializing ClassificationModel with 1 GAT layers and residual connections...
Initializing MCModel with 1 GAT layers and 1 row attention layers...
Initializing CGModel with 1 GAT layers and residual connections...
Initializing CoreModel with 1 self-attention layers...
Using 4 GPUs with DataParallel.
Epoch [1/1000], Training Loss: 0.6738
Validation Loss: 0.5935
New best model found with validation loss: 0.5935
Epoch [2/1000], Training Loss: 0.5966
Validation Loss: 0.5700
New best model found with validation loss: 0.5700
Epoch [3/1000], Training Loss: 0.5622
Validation Loss: 0.6869
No improvement in validation loss. Early stop counter: 1/10
Epoch [4/1000], Training Loss: 0.5346
Validation Loss: 0.6265
No improvement in validation loss. Early stop counter: 2/10
Epoch [5/1000], Training Loss: 0.5208
Validation Loss: 0.6949
No improvement in validation loss. Early stop counter: 3/10
Epoch [6/1000], Training Loss: 0.5172
Validation Loss: 0.6283
No improvement in validation loss. Early stop counter: 4/10
Epoch [7/1000], Training Loss: 0.5146
Validation Loss: 0.6341
No improvement in validation loss. Early stop counter: 5/10
Epoch [8/1000], Training Loss: 0.5056
Validation Loss: 0.5847
No improvement in validation loss. Early stop counter: 6/10
Epoch [9/1000], Training Loss: 0.5001
Validation Loss: 0.5677
New best model found with validation loss: 0.5677
Epoch [10/1000], Training Loss: 0.4949
Validation Loss: 0.5745
No improvement in validation loss. Early stop counter: 1/10
Epoch [11/1000], Training Loss: 0.4884
Validation Loss: 0.5990
No improvement in validation loss. Early stop counter: 2/10
Epoch [12/1000], Training Loss: 0.4839
Validation Loss: 0.6373
No improvement in validation loss. Early stop counter: 3/10
Epoch [13/1000], Training Loss: 0.4842
Validation Loss: 0.5987
No improvement in validation loss. Early stop counter: 4/10
Epoch [14/1000], Training Loss: 0.4811
Validation Loss: 0.5635
New best model found with validation loss: 0.5635
Epoch [15/1000], Training Loss: 0.4758
Validation Loss: 0.6486
No improvement in validation loss. Early stop counter: 1/10
Epoch [16/1000], Training Loss: 0.4733
Validation Loss: 0.5584
New best model found with validation loss: 0.5584
Epoch [17/1000], Training Loss: 0.4728
Validation Loss: 0.5637
No improvement in validation loss. Early stop counter: 1/10
Epoch [18/1000], Training Loss: 0.4701
Validation Loss: 0.5357
New best model found with validation loss: 0.5357
Epoch [19/1000], Training Loss: 0.4693
Validation Loss: 0.5927
No improvement in validation loss. Early stop counter: 1/10
Epoch [20/1000], Training Loss: 0.4678
Validation Loss: 0.5891
No improvement in validation loss. Early stop counter: 2/10
Epoch [21/1000], Training Loss: 0.4616
Validation Loss: 0.6239
No improvement in validation loss. Early stop counter: 3/10
Epoch [22/1000], Training Loss: 0.4597
Validation Loss: 0.6003
No improvement in validation loss. Early stop counter: 4/10
Epoch [23/1000], Training Loss: 0.4614
Validation Loss: 0.5413
No improvement in validation loss. Early stop counter: 5/10
Epoch [24/1000], Training Loss: 0.4592
Validation Loss: 0.5935
No improvement in validation loss. Early stop counter: 6/10
Epoch [25/1000], Training Loss: 0.4584
Validation Loss: 0.5804
No improvement in validation loss. Early stop counter: 7/10
Epoch [26/1000], Training Loss: 0.4577
Validation Loss: 0.5967
No improvement in validation loss. Early stop counter: 8/10
Epoch [27/1000], Training Loss: 0.4574
Validation Loss: 0.5537
No improvement in validation loss. Early stop counter: 9/10
Epoch [28/1000], Training Loss: 0.4572
Validation Loss: 0.6044
No improvement in validation loss. Early stop counter: 10/10
Early stopping triggered after 28 epochs.
Best model for fold 5 saved successfully.

Cross-validation results:
Fold 1: Validation Loss = 0.6061
Fold 2: Validation Loss = 0.5631
Fold 3: Validation Loss = 0.5716
Fold 4: Validation Loss = 0.5467
Fold 5: Validation Loss = 0.5357
Average Validation Loss: 0.5647
