{'batch_size': 4, 'sequence_file': 'padded_sequences_train_3000.npz', 'data_file': 'padded_interfaces_train_3000.npz', 'edge_file': 'padded_edges_train_3000.npz', 'max_len': 3000, 'vocab_size': 23, 'embed_dim': 256, 'num_heads': 16, 'dropout': 0.1, 'num_layers': 1, 'num_gnn_layers': 1, 'num_int_layers': 1, 'num_classes': 2, 'num_epochs': 1000, 'learning_rate': 0.0001, 'max_grad_norm': 0.1, 'validation_split': 0.1, 'early_stop_patience': 10, 'initial_gradient_noise_std': 0.05, 'accumulation_steps': 2}
Number of GPUs available: 4

Starting Fold 1/5...
Initializing ClassificationModel with 1 GAT layers and residual connections...
Initializing MCModel with 1 GAT layers and 1 row attention layers...
Initializing CGModel with 1 GAT layers and residual connections...
Initializing CoreModel with 1 self-attention layers...
Using 4 GPUs with DataParallel.
Epoch [1/1000], Training Loss: 0.6620
Validation Loss: 0.6004
New best model found with validation loss: 0.6004
Epoch [2/1000], Training Loss: 0.5875
Validation Loss: 0.5694
New best model found with validation loss: 0.5694
Epoch [3/1000], Training Loss: 0.5493
Validation Loss: 0.5409
New best model found with validation loss: 0.5409
Epoch [4/1000], Training Loss: 0.5175
Validation Loss: 0.5266
New best model found with validation loss: 0.5266
Epoch [5/1000], Training Loss: 0.5209
Validation Loss: 0.5298
No improvement in validation loss. Early stop counter: 1/10
Epoch [6/1000], Training Loss: 0.4937
Validation Loss: 0.5163
New best model found with validation loss: 0.5163
Epoch [7/1000], Training Loss: 0.4885
Validation Loss: 0.5177
No improvement in validation loss. Early stop counter: 1/10
Epoch [8/1000], Training Loss: 0.4849
Validation Loss: 0.4981
New best model found with validation loss: 0.4981
Epoch [9/1000], Training Loss: 0.4735
Validation Loss: 0.4980
New best model found with validation loss: 0.4980
Epoch [10/1000], Training Loss: 0.4664
Validation Loss: 0.4862
New best model found with validation loss: 0.4862
Epoch [11/1000], Training Loss: 0.4569
Validation Loss: 0.4859
New best model found with validation loss: 0.4859
Epoch [12/1000], Training Loss: 0.4501
Validation Loss: 0.4785
New best model found with validation loss: 0.4785
Epoch [13/1000], Training Loss: 0.4488
Validation Loss: 0.4902
No improvement in validation loss. Early stop counter: 1/10
Epoch [14/1000], Training Loss: 0.4460
Validation Loss: 0.4783
New best model found with validation loss: 0.4783
Epoch [15/1000], Training Loss: 0.4441
Validation Loss: 0.4718
New best model found with validation loss: 0.4718
Epoch [16/1000], Training Loss: 0.4403
Validation Loss: 0.4713
New best model found with validation loss: 0.4713
Epoch [17/1000], Training Loss: 0.4404
Validation Loss: 0.4685
New best model found with validation loss: 0.4685
Epoch [18/1000], Training Loss: 0.4354
Validation Loss: 0.4627
New best model found with validation loss: 0.4627
Epoch [19/1000], Training Loss: 0.4307
Validation Loss: 0.4610
New best model found with validation loss: 0.4610
Epoch [20/1000], Training Loss: 0.4313
Validation Loss: 0.4829
No improvement in validation loss. Early stop counter: 1/10
Epoch [21/1000], Training Loss: 0.4260
Validation Loss: 0.4618
No improvement in validation loss. Early stop counter: 2/10
Epoch [22/1000], Training Loss: 0.4259
Validation Loss: 0.4590
New best model found with validation loss: 0.4590
Epoch [23/1000], Training Loss: 0.4255
Validation Loss: 0.4551
New best model found with validation loss: 0.4551
Epoch [24/1000], Training Loss: 0.4208
Validation Loss: 0.4580
No improvement in validation loss. Early stop counter: 1/10
Epoch [25/1000], Training Loss: 0.4207
Validation Loss: 0.4832
No improvement in validation loss. Early stop counter: 2/10
Epoch [26/1000], Training Loss: 0.4194
Validation Loss: 0.4635
No improvement in validation loss. Early stop counter: 3/10
Epoch [27/1000], Training Loss: 0.4174
Validation Loss: 0.4635
No improvement in validation loss. Early stop counter: 4/10
Epoch [28/1000], Training Loss: 0.4192
Validation Loss: 0.4534
New best model found with validation loss: 0.4534
Epoch [29/1000], Training Loss: 0.4155
Validation Loss: 0.4593
No improvement in validation loss. Early stop counter: 1/10
Epoch [30/1000], Training Loss: 0.4148
Validation Loss: 0.4499
New best model found with validation loss: 0.4499
Epoch [31/1000], Training Loss: 0.4128
Validation Loss: 0.4537
No improvement in validation loss. Early stop counter: 1/10
Epoch [32/1000], Training Loss: 0.4123
Validation Loss: 0.4527
No improvement in validation loss. Early stop counter: 2/10
Epoch [33/1000], Training Loss: 0.4118
Validation Loss: 0.4566
No improvement in validation loss. Early stop counter: 3/10
Epoch [34/1000], Training Loss: 0.4122
Validation Loss: 0.4506
No improvement in validation loss. Early stop counter: 4/10
Epoch [35/1000], Training Loss: 0.4121
Validation Loss: 0.4566
No improvement in validation loss. Early stop counter: 5/10
Epoch [36/1000], Training Loss: 0.4103
Validation Loss: 0.4531
No improvement in validation loss. Early stop counter: 6/10
Epoch [37/1000], Training Loss: 0.4120
Validation Loss: 0.4500
No improvement in validation loss. Early stop counter: 7/10
Epoch [38/1000], Training Loss: 0.4085
Validation Loss: 0.4534
No improvement in validation loss. Early stop counter: 8/10
Epoch [39/1000], Training Loss: 0.4084
Validation Loss: 0.4502
No improvement in validation loss. Early stop counter: 9/10
Epoch [40/1000], Training Loss: 0.4094
Validation Loss: 0.4554
No improvement in validation loss. Early stop counter: 10/10
Early stopping triggered after 40 epochs.
Best model for fold 1 saved successfully.

Starting Fold 2/5...
Initializing ClassificationModel with 1 GAT layers and residual connections...
Initializing MCModel with 1 GAT layers and 1 row attention layers...
Initializing CGModel with 1 GAT layers and residual connections...
Initializing CoreModel with 1 self-attention layers...
Using 4 GPUs with DataParallel.
Epoch [1/1000], Training Loss: 0.6393
Validation Loss: 0.6234
New best model found with validation loss: 0.6234
Epoch [2/1000], Training Loss: 0.5865
Validation Loss: 0.5497
New best model found with validation loss: 0.5497
Epoch [3/1000], Training Loss: 0.5494
Validation Loss: 0.5222
New best model found with validation loss: 0.5222
Epoch [4/1000], Training Loss: 0.5246
Validation Loss: 0.5186
New best model found with validation loss: 0.5186
Epoch [5/1000], Training Loss: 0.5101
Validation Loss: 0.5081
New best model found with validation loss: 0.5081
Epoch [6/1000], Training Loss: 0.5029
Validation Loss: 0.4962
New best model found with validation loss: 0.4962
Epoch [7/1000], Training Loss: 0.4939
Validation Loss: 0.5073
No improvement in validation loss. Early stop counter: 1/10
Epoch [8/1000], Training Loss: 0.4841
Validation Loss: 0.4865
New best model found with validation loss: 0.4865
Epoch [9/1000], Training Loss: 0.4773
Validation Loss: 0.4778
New best model found with validation loss: 0.4778
Epoch [10/1000], Training Loss: 0.4708
Validation Loss: 0.4763
New best model found with validation loss: 0.4763
Epoch [11/1000], Training Loss: 0.4615
Validation Loss: 0.4715
New best model found with validation loss: 0.4715
Epoch [12/1000], Training Loss: 0.4554
Validation Loss: 0.4696
New best model found with validation loss: 0.4696
Epoch [13/1000], Training Loss: 0.4515
Validation Loss: 0.4656
New best model found with validation loss: 0.4656
Epoch [14/1000], Training Loss: 0.4506
Validation Loss: 0.4797
No improvement in validation loss. Early stop counter: 1/10
Epoch [15/1000], Training Loss: 0.4441
Validation Loss: 0.4575
New best model found with validation loss: 0.4575
Epoch [16/1000], Training Loss: 0.4417
Validation Loss: 0.4560
New best model found with validation loss: 0.4560
Epoch [17/1000], Training Loss: 0.4408
Validation Loss: 0.4630
No improvement in validation loss. Early stop counter: 1/10
Epoch [18/1000], Training Loss: 0.4380
Validation Loss: 0.4655
No improvement in validation loss. Early stop counter: 2/10
Epoch [19/1000], Training Loss: 0.4355
Validation Loss: 0.4581
No improvement in validation loss. Early stop counter: 3/10
Epoch [20/1000], Training Loss: 0.4361
Validation Loss: 0.4583
No improvement in validation loss. Early stop counter: 4/10
Epoch [21/1000], Training Loss: 0.4290
Validation Loss: 0.4572
No improvement in validation loss. Early stop counter: 5/10
Epoch [22/1000], Training Loss: 0.4273
Validation Loss: 0.4527
New best model found with validation loss: 0.4527
Epoch [23/1000], Training Loss: 0.4264
Validation Loss: 0.4541
No improvement in validation loss. Early stop counter: 1/10
Epoch [24/1000], Training Loss: 0.4242
Validation Loss: 0.4510
New best model found with validation loss: 0.4510
Epoch [25/1000], Training Loss: 0.4226
Validation Loss: 0.4548
No improvement in validation loss. Early stop counter: 1/10
Epoch [26/1000], Training Loss: 0.4224
Validation Loss: 0.4482
New best model found with validation loss: 0.4482
Epoch [27/1000], Training Loss: 0.4228
Validation Loss: 0.4452
New best model found with validation loss: 0.4452
Epoch [28/1000], Training Loss: 0.4185
Validation Loss: 0.4647
No improvement in validation loss. Early stop counter: 1/10
Epoch [29/1000], Training Loss: 0.4194
Validation Loss: 0.4429
New best model found with validation loss: 0.4429
Epoch [30/1000], Training Loss: 0.4192
Validation Loss: 0.4456
No improvement in validation loss. Early stop counter: 1/10
Epoch [31/1000], Training Loss: 0.4180
Validation Loss: 0.4432
No improvement in validation loss. Early stop counter: 2/10
Epoch [32/1000], Training Loss: 0.4161
Validation Loss: 0.4436
No improvement in validation loss. Early stop counter: 3/10
Epoch [33/1000], Training Loss: 0.4155
Validation Loss: 0.4418
New best model found with validation loss: 0.4418
Epoch [34/1000], Training Loss: 0.4160
Validation Loss: 0.4585
No improvement in validation loss. Early stop counter: 1/10
Epoch [35/1000], Training Loss: 0.4165
Validation Loss: 0.4483
No improvement in validation loss. Early stop counter: 2/10
Epoch [36/1000], Training Loss: 0.4144
Validation Loss: 0.4483
No improvement in validation loss. Early stop counter: 3/10
Epoch [37/1000], Training Loss: 0.4122
Validation Loss: 0.4485
No improvement in validation loss. Early stop counter: 4/10
Epoch [38/1000], Training Loss: 0.4129
Validation Loss: 0.4431
No improvement in validation loss. Early stop counter: 5/10
Epoch [39/1000], Training Loss: 0.4120
Validation Loss: 0.4486
No improvement in validation loss. Early stop counter: 6/10
Epoch [40/1000], Training Loss: 0.4115
Validation Loss: 0.4513
No improvement in validation loss. Early stop counter: 7/10
Epoch [41/1000], Training Loss: 0.4106
Validation Loss: 0.4504
No improvement in validation loss. Early stop counter: 8/10
Epoch [42/1000], Training Loss: 0.4119
Validation Loss: 0.4415
New best model found with validation loss: 0.4415
Epoch [43/1000], Training Loss: 0.4092
Validation Loss: 0.4468
No improvement in validation loss. Early stop counter: 1/10
Epoch [44/1000], Training Loss: 0.4102
Validation Loss: 0.4459
No improvement in validation loss. Early stop counter: 2/10
Epoch [45/1000], Training Loss: 0.4084
Validation Loss: 0.4422
No improvement in validation loss. Early stop counter: 3/10
Epoch [46/1000], Training Loss: 0.4081
Validation Loss: 0.4393
New best model found with validation loss: 0.4393
Epoch [47/1000], Training Loss: 0.4094
Validation Loss: 0.4407
No improvement in validation loss. Early stop counter: 1/10
Epoch [48/1000], Training Loss: 0.4088
Validation Loss: 0.4482
No improvement in validation loss. Early stop counter: 2/10
Epoch [49/1000], Training Loss: 0.4086
Validation Loss: 0.4430
No improvement in validation loss. Early stop counter: 3/10
Epoch [50/1000], Training Loss: 0.4092
Validation Loss: 0.4418
No improvement in validation loss. Early stop counter: 4/10
Epoch [51/1000], Training Loss: 0.4075
Validation Loss: 0.4466
No improvement in validation loss. Early stop counter: 5/10
Epoch [52/1000], Training Loss: 0.4073
Validation Loss: 0.4480
No improvement in validation loss. Early stop counter: 6/10
Epoch [53/1000], Training Loss: 0.4077
Validation Loss: 0.4407
No improvement in validation loss. Early stop counter: 7/10
Epoch [54/1000], Training Loss: 0.4077
Validation Loss: 0.4419
No improvement in validation loss. Early stop counter: 8/10
Epoch [55/1000], Training Loss: 0.4064
Validation Loss: 0.4420
No improvement in validation loss. Early stop counter: 9/10
Epoch [56/1000], Training Loss: 0.4067
Validation Loss: 0.4431
No improvement in validation loss. Early stop counter: 10/10
Early stopping triggered after 56 epochs.
Best model for fold 2 saved successfully.

Starting Fold 3/5...
Initializing ClassificationModel with 1 GAT layers and residual connections...
Initializing MCModel with 1 GAT layers and 1 row attention layers...
Initializing CGModel with 1 GAT layers and residual connections...
Initializing CoreModel with 1 self-attention layers...
Using 4 GPUs with DataParallel.
Epoch [1/1000], Training Loss: 0.6887
Validation Loss: 0.6356
New best model found with validation loss: 0.6356
Epoch [2/1000], Training Loss: 0.6292
Validation Loss: 0.6000
New best model found with validation loss: 0.6000
Epoch [3/1000], Training Loss: 0.5816
Validation Loss: 0.5644
New best model found with validation loss: 0.5644
Epoch [4/1000], Training Loss: 0.5525
Validation Loss: 0.5361
New best model found with validation loss: 0.5361
Epoch [5/1000], Training Loss: 0.5376
Validation Loss: 0.4953
New best model found with validation loss: 0.4953
Epoch [6/1000], Training Loss: 0.5131
Validation Loss: 0.4834
New best model found with validation loss: 0.4834
Epoch [7/1000], Training Loss: 0.5112
Validation Loss: 0.4819
New best model found with validation loss: 0.4819
Epoch [8/1000], Training Loss: 0.4948
Validation Loss: 0.4608
New best model found with validation loss: 0.4608
Epoch [9/1000], Training Loss: 0.4920
Validation Loss: 0.4911
No improvement in validation loss. Early stop counter: 1/10
Epoch [10/1000], Training Loss: 0.4827
Validation Loss: 0.4996
No improvement in validation loss. Early stop counter: 2/10
Epoch [11/1000], Training Loss: 0.4680
Validation Loss: 0.4433
New best model found with validation loss: 0.4433
Epoch [12/1000], Training Loss: 0.4601
Validation Loss: 0.4511
No improvement in validation loss. Early stop counter: 1/10
Epoch [13/1000], Training Loss: 0.4556
Validation Loss: 0.4438
No improvement in validation loss. Early stop counter: 2/10
Epoch [14/1000], Training Loss: 0.4504
Validation Loss: 0.4488
No improvement in validation loss. Early stop counter: 3/10
Epoch [15/1000], Training Loss: 0.4476
Validation Loss: 0.4222
New best model found with validation loss: 0.4222
Epoch [16/1000], Training Loss: 0.4432
Validation Loss: 0.4337
No improvement in validation loss. Early stop counter: 1/10
Epoch [17/1000], Training Loss: 0.4421
Validation Loss: 0.4250
No improvement in validation loss. Early stop counter: 2/10
Epoch [18/1000], Training Loss: 0.4428
Validation Loss: 0.4244
No improvement in validation loss. Early stop counter: 3/10
Epoch [19/1000], Training Loss: 0.4380
Validation Loss: 0.4309
No improvement in validation loss. Early stop counter: 4/10
Epoch [20/1000], Training Loss: 0.4393
Validation Loss: 0.4217
New best model found with validation loss: 0.4217
Epoch [21/1000], Training Loss: 0.4325
Validation Loss: 0.4293
No improvement in validation loss. Early stop counter: 1/10
Epoch [22/1000], Training Loss: 0.4309
Validation Loss: 0.4327
No improvement in validation loss. Early stop counter: 2/10
Epoch [23/1000], Training Loss: 0.4298
Validation Loss: 0.4214
New best model found with validation loss: 0.4214
Epoch [24/1000], Training Loss: 0.4264
Validation Loss: 0.4130
New best model found with validation loss: 0.4130
Epoch [25/1000], Training Loss: 0.4248
Validation Loss: 0.4143
No improvement in validation loss. Early stop counter: 1/10
Epoch [26/1000], Training Loss: 0.4254
Validation Loss: 0.4151
No improvement in validation loss. Early stop counter: 2/10
Epoch [27/1000], Training Loss: 0.4244
Validation Loss: 0.4160
No improvement in validation loss. Early stop counter: 3/10
Epoch [28/1000], Training Loss: 0.4233
Validation Loss: 0.4407
No improvement in validation loss. Early stop counter: 4/10
Epoch [29/1000], Training Loss: 0.4247
Validation Loss: 0.4584
No improvement in validation loss. Early stop counter: 5/10
Epoch [30/1000], Training Loss: 0.4230
Validation Loss: 0.4080
New best model found with validation loss: 0.4080
Epoch [31/1000], Training Loss: 0.4205
Validation Loss: 0.4242
No improvement in validation loss. Early stop counter: 1/10
Epoch [32/1000], Training Loss: 0.4198
Validation Loss: 0.4127
No improvement in validation loss. Early stop counter: 2/10
Epoch [33/1000], Training Loss: 0.4185
Validation Loss: 0.4097
No improvement in validation loss. Early stop counter: 3/10
Epoch [34/1000], Training Loss: 0.4179
Validation Loss: 0.4070
New best model found with validation loss: 0.4070
Epoch [35/1000], Training Loss: 0.4164
Validation Loss: 0.4057
New best model found with validation loss: 0.4057
Epoch [36/1000], Training Loss: 0.4167
Validation Loss: 0.4208
No improvement in validation loss. Early stop counter: 1/10
Epoch [37/1000], Training Loss: 0.4181
Validation Loss: 0.4089
No improvement in validation loss. Early stop counter: 2/10
Epoch [38/1000], Training Loss: 0.4151
Validation Loss: 0.4136
No improvement in validation loss. Early stop counter: 3/10
Epoch [39/1000], Training Loss: 0.4172
Validation Loss: 0.4151
No improvement in validation loss. Early stop counter: 4/10
Epoch [40/1000], Training Loss: 0.4154
Validation Loss: 0.4127
No improvement in validation loss. Early stop counter: 5/10
Epoch [41/1000], Training Loss: 0.4141
Validation Loss: 0.4111
No improvement in validation loss. Early stop counter: 6/10
Epoch [42/1000], Training Loss: 0.4117
Validation Loss: 0.4121
No improvement in validation loss. Early stop counter: 7/10
Epoch [43/1000], Training Loss: 0.4154
Validation Loss: 0.4178
No improvement in validation loss. Early stop counter: 8/10
Epoch [44/1000], Training Loss: 0.4119
Validation Loss: 0.4076
No improvement in validation loss. Early stop counter: 9/10
Epoch [45/1000], Training Loss: 0.4123
Validation Loss: 0.4078
No improvement in validation loss. Early stop counter: 10/10
Early stopping triggered after 45 epochs.
Best model for fold 3 saved successfully.

Starting Fold 4/5...
Initializing ClassificationModel with 1 GAT layers and residual connections...
Initializing MCModel with 1 GAT layers and 1 row attention layers...
Initializing CGModel with 1 GAT layers and residual connections...
Initializing CoreModel with 1 self-attention layers...
Using 4 GPUs with DataParallel.
Epoch [1/1000], Training Loss: 0.6581
Validation Loss: 0.5899
New best model found with validation loss: 0.5899
Epoch [2/1000], Training Loss: 0.5847
Validation Loss: 0.5462
New best model found with validation loss: 0.5462
Epoch [3/1000], Training Loss: 0.5496
Validation Loss: 0.5298
New best model found with validation loss: 0.5298
Epoch [4/1000], Training Loss: 0.5255
Validation Loss: 0.5096
New best model found with validation loss: 0.5096
Epoch [5/1000], Training Loss: 0.5112
Validation Loss: 0.4934
New best model found with validation loss: 0.4934
Epoch [6/1000], Training Loss: 0.4939
Validation Loss: 0.4890
New best model found with validation loss: 0.4890
Epoch [7/1000], Training Loss: 0.4851
Validation Loss: 0.4888
New best model found with validation loss: 0.4888
Epoch [8/1000], Training Loss: 0.4789
Validation Loss: 0.4958
No improvement in validation loss. Early stop counter: 1/10
Epoch [9/1000], Training Loss: 0.4693
Validation Loss: 0.4800
New best model found with validation loss: 0.4800
Epoch [10/1000], Training Loss: 0.4632
Validation Loss: 0.4774
New best model found with validation loss: 0.4774
Epoch [11/1000], Training Loss: 0.4522
Validation Loss: 0.4703
New best model found with validation loss: 0.4703
Epoch [12/1000], Training Loss: 0.4493
Validation Loss: 0.4648
New best model found with validation loss: 0.4648
Epoch [13/1000], Training Loss: 0.4467
Validation Loss: 0.4817
No improvement in validation loss. Early stop counter: 1/10
Epoch [14/1000], Training Loss: 0.4454
Validation Loss: 0.4574
New best model found with validation loss: 0.4574
Epoch [15/1000], Training Loss: 0.4386
Validation Loss: 0.4759
No improvement in validation loss. Early stop counter: 1/10
Epoch [16/1000], Training Loss: 0.4401
Validation Loss: 0.4643
No improvement in validation loss. Early stop counter: 2/10
Epoch [17/1000], Training Loss: 0.4367
Validation Loss: 0.4543
New best model found with validation loss: 0.4543
Epoch [18/1000], Training Loss: 0.4407
Validation Loss: 0.4568
No improvement in validation loss. Early stop counter: 1/10
Epoch [19/1000], Training Loss: 0.4332
Validation Loss: 0.4613
No improvement in validation loss. Early stop counter: 2/10
Epoch [20/1000], Training Loss: 0.4315
Validation Loss: 0.4669
No improvement in validation loss. Early stop counter: 3/10
Epoch [21/1000], Training Loss: 0.4269
Validation Loss: 0.4594
No improvement in validation loss. Early stop counter: 4/10
Epoch [22/1000], Training Loss: 0.4260
Validation Loss: 0.4572
No improvement in validation loss. Early stop counter: 5/10
Epoch [23/1000], Training Loss: 0.4253
Validation Loss: 0.4626
No improvement in validation loss. Early stop counter: 6/10
Epoch [24/1000], Training Loss: 0.4251
Validation Loss: 0.4519
New best model found with validation loss: 0.4519
Epoch [25/1000], Training Loss: 0.4213
Validation Loss: 0.4524
No improvement in validation loss. Early stop counter: 1/10
Epoch [26/1000], Training Loss: 0.4213
Validation Loss: 0.4560
No improvement in validation loss. Early stop counter: 2/10
Epoch [27/1000], Training Loss: 0.4222
Validation Loss: 0.4649
No improvement in validation loss. Early stop counter: 3/10
Epoch [28/1000], Training Loss: 0.4216
Validation Loss: 0.4553
No improvement in validation loss. Early stop counter: 4/10
Epoch [29/1000], Training Loss: 0.4189
Validation Loss: 0.4532
No improvement in validation loss. Early stop counter: 5/10
Epoch [30/1000], Training Loss: 0.4180
Validation Loss: 0.4555
No improvement in validation loss. Early stop counter: 6/10
Epoch [31/1000], Training Loss: 0.4169
Validation Loss: 0.4485
New best model found with validation loss: 0.4485
Epoch [32/1000], Training Loss: 0.4132
Validation Loss: 0.4540
No improvement in validation loss. Early stop counter: 1/10
Epoch [33/1000], Training Loss: 0.4139
Validation Loss: 0.4520
No improvement in validation loss. Early stop counter: 2/10
Epoch [34/1000], Training Loss: 0.4126
Validation Loss: 0.4524
No improvement in validation loss. Early stop counter: 3/10
Epoch [35/1000], Training Loss: 0.4129
Validation Loss: 0.4523
No improvement in validation loss. Early stop counter: 4/10
Epoch [36/1000], Training Loss: 0.4140
Validation Loss: 0.4497
No improvement in validation loss. Early stop counter: 5/10
Epoch [37/1000], Training Loss: 0.4116
Validation Loss: 0.4524
No improvement in validation loss. Early stop counter: 6/10
Epoch [38/1000], Training Loss: 0.4092
Validation Loss: 0.4584
No improvement in validation loss. Early stop counter: 7/10
Epoch [39/1000], Training Loss: 0.4101
Validation Loss: 0.4467
New best model found with validation loss: 0.4467
Epoch [40/1000], Training Loss: 0.4131
Validation Loss: 0.4544
No improvement in validation loss. Early stop counter: 1/10
Epoch [41/1000], Training Loss: 0.4095
Validation Loss: 0.4520
No improvement in validation loss. Early stop counter: 2/10
Epoch [42/1000], Training Loss: 0.4087
Validation Loss: 0.4511
No improvement in validation loss. Early stop counter: 3/10
Epoch [43/1000], Training Loss: 0.4089
Validation Loss: 0.4475
No improvement in validation loss. Early stop counter: 4/10
Epoch [44/1000], Training Loss: 0.4075
Validation Loss: 0.4497
No improvement in validation loss. Early stop counter: 5/10
Epoch [45/1000], Training Loss: 0.4086
Validation Loss: 0.4508
No improvement in validation loss. Early stop counter: 6/10
Epoch [46/1000], Training Loss: 0.4068
Validation Loss: 0.4516
No improvement in validation loss. Early stop counter: 7/10
Epoch [47/1000], Training Loss: 0.4064
Validation Loss: 0.4516
No improvement in validation loss. Early stop counter: 8/10
Epoch [48/1000], Training Loss: 0.4064
Validation Loss: 0.4505
No improvement in validation loss. Early stop counter: 9/10
Epoch [49/1000], Training Loss: 0.4054
Validation Loss: 0.4544
No improvement in validation loss. Early stop counter: 10/10
Early stopping triggered after 49 epochs.
Best model for fold 4 saved successfully.

Starting Fold 5/5...
Initializing ClassificationModel with 1 GAT layers and residual connections...
Initializing MCModel with 1 GAT layers and 1 row attention layers...
Initializing CGModel with 1 GAT layers and residual connections...
Initializing CoreModel with 1 self-attention layers...
Using 4 GPUs with DataParallel.
Epoch [1/1000], Training Loss: 0.6866
Validation Loss: 0.6066
New best model found with validation loss: 0.6066
Epoch [2/1000], Training Loss: 0.6085
Validation Loss: 0.5686
New best model found with validation loss: 0.5686
Epoch [3/1000], Training Loss: 0.5776
Validation Loss: 0.5506
New best model found with validation loss: 0.5506
Epoch [4/1000], Training Loss: 0.5422
Validation Loss: 0.5123
New best model found with validation loss: 0.5123
Epoch [5/1000], Training Loss: 0.5223
Validation Loss: 0.5292
No improvement in validation loss. Early stop counter: 1/10
Epoch [6/1000], Training Loss: 0.5093
Validation Loss: 0.4866
New best model found with validation loss: 0.4866
Epoch [7/1000], Training Loss: 0.5032
Validation Loss: 0.5000
No improvement in validation loss. Early stop counter: 1/10
Epoch [8/1000], Training Loss: 0.4935
Validation Loss: 0.4728
New best model found with validation loss: 0.4728
Epoch [9/1000], Training Loss: 0.4851
Validation Loss: 0.4720
New best model found with validation loss: 0.4720
Epoch [10/1000], Training Loss: 0.4812
Validation Loss: 0.4655
New best model found with validation loss: 0.4655
Epoch [11/1000], Training Loss: 0.4739
Validation Loss: 0.4580
New best model found with validation loss: 0.4580
Epoch [12/1000], Training Loss: 0.4645
Validation Loss: 0.4598
No improvement in validation loss. Early stop counter: 1/10
Epoch [13/1000], Training Loss: 0.4601
Validation Loss: 0.4600
No improvement in validation loss. Early stop counter: 2/10
Epoch [14/1000], Training Loss: 0.4559
Validation Loss: 0.4566
New best model found with validation loss: 0.4566
Epoch [15/1000], Training Loss: 0.4543
Validation Loss: 0.4546
New best model found with validation loss: 0.4546
Epoch [16/1000], Training Loss: 0.4507
Validation Loss: 0.4507
New best model found with validation loss: 0.4507
Epoch [17/1000], Training Loss: 0.4481
Validation Loss: 0.4786
No improvement in validation loss. Early stop counter: 1/10
Epoch [18/1000], Training Loss: 0.4468
Validation Loss: 0.4510
No improvement in validation loss. Early stop counter: 2/10
Epoch [19/1000], Training Loss: 0.4440
Validation Loss: 0.4438
New best model found with validation loss: 0.4438
Epoch [20/1000], Training Loss: 0.4403
Validation Loss: 0.4490
No improvement in validation loss. Early stop counter: 1/10
Epoch [21/1000], Training Loss: 0.4348
Validation Loss: 0.4356
New best model found with validation loss: 0.4356
Epoch [22/1000], Training Loss: 0.4328
Validation Loss: 0.4336
New best model found with validation loss: 0.4336
Epoch [23/1000], Training Loss: 0.4326
Validation Loss: 0.4338
No improvement in validation loss. Early stop counter: 1/10
Epoch [24/1000], Training Loss: 0.4320
Validation Loss: 0.4338
No improvement in validation loss. Early stop counter: 2/10
Epoch [25/1000], Training Loss: 0.4295
Validation Loss: 0.4333
New best model found with validation loss: 0.4333
Epoch [26/1000], Training Loss: 0.4281
Validation Loss: 0.4273
New best model found with validation loss: 0.4273
Epoch [27/1000], Training Loss: 0.4275
Validation Loss: 0.4312
No improvement in validation loss. Early stop counter: 1/10
Epoch [28/1000], Training Loss: 0.4253
Validation Loss: 0.4355
No improvement in validation loss. Early stop counter: 2/10
Epoch [29/1000], Training Loss: 0.4261
Validation Loss: 0.4284
No improvement in validation loss. Early stop counter: 3/10
Epoch [30/1000], Training Loss: 0.4237
Validation Loss: 0.4247
New best model found with validation loss: 0.4247
Epoch [31/1000], Training Loss: 0.4206
Validation Loss: 0.4253
No improvement in validation loss. Early stop counter: 1/10
Epoch [32/1000], Training Loss: 0.4215
Validation Loss: 0.4252
No improvement in validation loss. Early stop counter: 2/10
Epoch [33/1000], Training Loss: 0.4207
Validation Loss: 0.4260
No improvement in validation loss. Early stop counter: 3/10
Epoch [34/1000], Training Loss: 0.4191
Validation Loss: 0.4256
No improvement in validation loss. Early stop counter: 4/10
Epoch [35/1000], Training Loss: 0.4190
Validation Loss: 0.4286
No improvement in validation loss. Early stop counter: 5/10
Epoch [36/1000], Training Loss: 0.4207
Validation Loss: 0.4234
New best model found with validation loss: 0.4234
Epoch [37/1000], Training Loss: 0.4169
Validation Loss: 0.4298
No improvement in validation loss. Early stop counter: 1/10
Epoch [38/1000], Training Loss: 0.4188
Validation Loss: 0.4259
No improvement in validation loss. Early stop counter: 2/10
Epoch [39/1000], Training Loss: 0.4162
Validation Loss: 0.4266
No improvement in validation loss. Early stop counter: 3/10
Epoch [40/1000], Training Loss: 0.4168
Validation Loss: 0.4282
No improvement in validation loss. Early stop counter: 4/10
Epoch [41/1000], Training Loss: 0.4160
Validation Loss: 0.4240
No improvement in validation loss. Early stop counter: 5/10
Epoch [42/1000], Training Loss: 0.4147
Validation Loss: 0.4251
No improvement in validation loss. Early stop counter: 6/10
Epoch [43/1000], Training Loss: 0.4133
Validation Loss: 0.4220
New best model found with validation loss: 0.4220
Epoch [44/1000], Training Loss: 0.4137
Validation Loss: 0.4213
New best model found with validation loss: 0.4213
Epoch [45/1000], Training Loss: 0.4131
Validation Loss: 0.4233
No improvement in validation loss. Early stop counter: 1/10
Epoch [46/1000], Training Loss: 0.4144
Validation Loss: 0.4216
No improvement in validation loss. Early stop counter: 2/10
Epoch [47/1000], Training Loss: 0.4148
Validation Loss: 0.4207
New best model found with validation loss: 0.4207
Epoch [48/1000], Training Loss: 0.4130
Validation Loss: 0.4239
No improvement in validation loss. Early stop counter: 1/10
Epoch [49/1000], Training Loss: 0.4115
Validation Loss: 0.4215
No improvement in validation loss. Early stop counter: 2/10
Epoch [50/1000], Training Loss: 0.4125
Validation Loss: 0.4213
No improvement in validation loss. Early stop counter: 3/10
Epoch [51/1000], Training Loss: 0.4127
Validation Loss: 0.4209
No improvement in validation loss. Early stop counter: 4/10
Epoch [52/1000], Training Loss: 0.4113
Validation Loss: 0.4224
No improvement in validation loss. Early stop counter: 5/10
Epoch [53/1000], Training Loss: 0.4131
Validation Loss: 0.4208
No improvement in validation loss. Early stop counter: 6/10
Epoch [54/1000], Training Loss: 0.4113
Validation Loss: 0.4212
No improvement in validation loss. Early stop counter: 7/10
Epoch [55/1000], Training Loss: 0.4114
Validation Loss: 0.4228
No improvement in validation loss. Early stop counter: 8/10
Epoch [56/1000], Training Loss: 0.4116
Validation Loss: 0.4215
No improvement in validation loss. Early stop counter: 9/10
Epoch [57/1000], Training Loss: 0.4104
Validation Loss: 0.4225
No improvement in validation loss. Early stop counter: 10/10
Early stopping triggered after 57 epochs.
Best model for fold 5 saved successfully.

Cross-validation results:
Fold 1: Validation Loss = 0.4499
Fold 2: Validation Loss = 0.4393
Fold 3: Validation Loss = 0.4057
Fold 4: Validation Loss = 0.4467
Fold 5: Validation Loss = 0.4207
Average Validation Loss: 0.4325
