{'batch_size': 4, 'sequence_file': 'padded_sequences_train_3000.npz', 'data_file': 'padded_interfaces_train_3000.npz', 'edge_file': 'padded_edges_train_3000.npz', 'max_len': 3000, 'vocab_size': 23, 'embed_dim': 256, 'num_heads': 16, 'dropout': 0.0, 'num_layers': 1, 'num_gnn_layers': 1, 'num_int_layers': 1, 'num_classes': 2, 'num_epochs': 1000, 'learning_rate': 0.0001, 'max_grad_norm': 0.1, 'validation_split': 0.1, 'early_stop_patience': 10, 'initial_gradient_noise_std': 0.05, 'accumulation_steps': 2}
Number of GPUs available: 4

Starting Fold 1/5...
Initializing ClassificationModel with 1 GAT layers and residual connections...
Initializing MCModel with 1 GAT layers and 1 row attention layers...
Initializing CGModel with 1 GAT layers and residual connections...
Initializing CoreModel with 1 self-attention layers...
Using 4 GPUs with DataParallel.
Epoch [1/1000], Training Loss: 0.6385
Validation Loss: 0.5791
New best model found with validation loss: 0.5791
Epoch [2/1000], Training Loss: 0.5575
Validation Loss: 0.5442
New best model found with validation loss: 0.5442
Epoch [3/1000], Training Loss: 0.5170
Validation Loss: 0.5213
New best model found with validation loss: 0.5213
Epoch [4/1000], Training Loss: 0.4925
Validation Loss: 0.5133
New best model found with validation loss: 0.5133
Epoch [5/1000], Training Loss: 0.4732
Validation Loss: 0.4911
New best model found with validation loss: 0.4911
Epoch [6/1000], Training Loss: 0.4608
Validation Loss: 0.4839
New best model found with validation loss: 0.4839
Epoch [7/1000], Training Loss: 0.4516
Validation Loss: 0.4848
No improvement in validation loss. Early stop counter: 1/10
Epoch [8/1000], Training Loss: 0.4552
Validation Loss: 0.4959
No improvement in validation loss. Early stop counter: 2/10
Epoch [9/1000], Training Loss: 0.4404
Validation Loss: 0.4836
New best model found with validation loss: 0.4836
Epoch [10/1000], Training Loss: 0.4455
Validation Loss: 0.5070
No improvement in validation loss. Early stop counter: 1/10
Epoch [11/1000], Training Loss: 0.4284
Validation Loss: 0.4670
New best model found with validation loss: 0.4670
Epoch [12/1000], Training Loss: 0.4219
Validation Loss: 0.4768
No improvement in validation loss. Early stop counter: 1/10
Epoch [13/1000], Training Loss: 0.4203
Validation Loss: 0.4774
No improvement in validation loss. Early stop counter: 2/10
Epoch [14/1000], Training Loss: 0.4156
Validation Loss: 0.4731
No improvement in validation loss. Early stop counter: 3/10
Epoch [15/1000], Training Loss: 0.4143
Validation Loss: 0.4701
No improvement in validation loss. Early stop counter: 4/10
Epoch [16/1000], Training Loss: 0.4090
Validation Loss: 0.4639
New best model found with validation loss: 0.4639
Epoch [17/1000], Training Loss: 0.4118
Validation Loss: 0.4723
No improvement in validation loss. Early stop counter: 1/10
Epoch [18/1000], Training Loss: 0.4044
Validation Loss: 0.4637
New best model found with validation loss: 0.4637
Epoch [19/1000], Training Loss: 0.4012
Validation Loss: 0.4782
No improvement in validation loss. Early stop counter: 1/10
Epoch [20/1000], Training Loss: 0.4056
Validation Loss: 0.4653
No improvement in validation loss. Early stop counter: 2/10
Epoch [21/1000], Training Loss: 0.3957
Validation Loss: 0.4598
New best model found with validation loss: 0.4598
Epoch [22/1000], Training Loss: 0.3951
Validation Loss: 0.4635
No improvement in validation loss. Early stop counter: 1/10
Epoch [23/1000], Training Loss: 0.3943
Validation Loss: 0.4560
New best model found with validation loss: 0.4560
Epoch [24/1000], Training Loss: 0.3931
Validation Loss: 0.4584
No improvement in validation loss. Early stop counter: 1/10
Epoch [25/1000], Training Loss: 0.3937
Validation Loss: 0.4616
No improvement in validation loss. Early stop counter: 2/10
Epoch [26/1000], Training Loss: 0.3886
Validation Loss: 0.4592
No improvement in validation loss. Early stop counter: 3/10
Epoch [27/1000], Training Loss: 0.3908
Validation Loss: 0.4601
No improvement in validation loss. Early stop counter: 4/10
Epoch [28/1000], Training Loss: 0.3879
Validation Loss: 0.4558
New best model found with validation loss: 0.4558
Epoch [29/1000], Training Loss: 0.3882
Validation Loss: 0.4621
No improvement in validation loss. Early stop counter: 1/10
Epoch [30/1000], Training Loss: 0.3876
Validation Loss: 0.4642
No improvement in validation loss. Early stop counter: 2/10
Epoch [31/1000], Training Loss: 0.3845
Validation Loss: 0.4552
New best model found with validation loss: 0.4552
Epoch [32/1000], Training Loss: 0.3832
Validation Loss: 0.4558
No improvement in validation loss. Early stop counter: 1/10
Epoch [33/1000], Training Loss: 0.3812
Validation Loss: 0.4604
No improvement in validation loss. Early stop counter: 2/10
Epoch [34/1000], Training Loss: 0.3813
Validation Loss: 0.4546
New best model found with validation loss: 0.4546
Epoch [35/1000], Training Loss: 0.3809
Validation Loss: 0.4536
New best model found with validation loss: 0.4536
Epoch [36/1000], Training Loss: 0.3808
Validation Loss: 0.4593
No improvement in validation loss. Early stop counter: 1/10
Epoch [37/1000], Training Loss: 0.3792
Validation Loss: 0.4574
No improvement in validation loss. Early stop counter: 2/10
Epoch [38/1000], Training Loss: 0.3780
Validation Loss: 0.4531
New best model found with validation loss: 0.4531
Epoch [39/1000], Training Loss: 0.3806
Validation Loss: 0.4624
No improvement in validation loss. Early stop counter: 1/10
Epoch [40/1000], Training Loss: 0.3780
Validation Loss: 0.4535
No improvement in validation loss. Early stop counter: 2/10
Epoch [41/1000], Training Loss: 0.3759
Validation Loss: 0.4530
New best model found with validation loss: 0.4530
Epoch [42/1000], Training Loss: 0.3748
Validation Loss: 0.4521
New best model found with validation loss: 0.4521
Epoch [43/1000], Training Loss: 0.3753
Validation Loss: 0.4538
No improvement in validation loss. Early stop counter: 1/10
Epoch [44/1000], Training Loss: 0.3747
Validation Loss: 0.4542
No improvement in validation loss. Early stop counter: 2/10
Epoch [45/1000], Training Loss: 0.3738
Validation Loss: 0.4518
New best model found with validation loss: 0.4518
Epoch [46/1000], Training Loss: 0.3736
Validation Loss: 0.4549
No improvement in validation loss. Early stop counter: 1/10
Epoch [47/1000], Training Loss: 0.3734
Validation Loss: 0.4521
No improvement in validation loss. Early stop counter: 2/10
Epoch [48/1000], Training Loss: 0.3732
Validation Loss: 0.4523
No improvement in validation loss. Early stop counter: 3/10
Epoch [49/1000], Training Loss: 0.3739
Validation Loss: 0.4731
No improvement in validation loss. Early stop counter: 4/10
Epoch [50/1000], Training Loss: 0.3746
Validation Loss: 0.4610
No improvement in validation loss. Early stop counter: 5/10
Epoch [51/1000], Training Loss: 0.3716
Validation Loss: 0.4545
No improvement in validation loss. Early stop counter: 6/10
Epoch [52/1000], Training Loss: 0.3712
Validation Loss: 0.4536
No improvement in validation loss. Early stop counter: 7/10
Epoch [53/1000], Training Loss: 0.3710
Validation Loss: 0.4561
No improvement in validation loss. Early stop counter: 8/10
Epoch [54/1000], Training Loss: 0.3709
Validation Loss: 0.4538
No improvement in validation loss. Early stop counter: 9/10
Epoch [55/1000], Training Loss: 0.3714
Validation Loss: 0.4509
New best model found with validation loss: 0.4509
Epoch [56/1000], Training Loss: 0.3719
Validation Loss: 0.4529
No improvement in validation loss. Early stop counter: 1/10
Epoch [57/1000], Training Loss: 0.3714
Validation Loss: 0.4502
New best model found with validation loss: 0.4502
Epoch [58/1000], Training Loss: 0.3702
Validation Loss: 0.4500
New best model found with validation loss: 0.4500
Epoch [59/1000], Training Loss: 0.3703
Validation Loss: 0.4552
No improvement in validation loss. Early stop counter: 1/10
Epoch [60/1000], Training Loss: 0.3701
Validation Loss: 0.4536
No improvement in validation loss. Early stop counter: 2/10
Epoch [61/1000], Training Loss: 0.3693
Validation Loss: 0.4539
No improvement in validation loss. Early stop counter: 3/10
Epoch [62/1000], Training Loss: 0.3694
Validation Loss: 0.4532
No improvement in validation loss. Early stop counter: 4/10
Epoch [63/1000], Training Loss: 0.3694
Validation Loss: 0.4524
No improvement in validation loss. Early stop counter: 5/10
Epoch [64/1000], Training Loss: 0.3703
Validation Loss: 0.4531
No improvement in validation loss. Early stop counter: 6/10
Epoch [65/1000], Training Loss: 0.3688
Validation Loss: 0.4548
No improvement in validation loss. Early stop counter: 7/10
Epoch [66/1000], Training Loss: 0.3687
Validation Loss: 0.4542
No improvement in validation loss. Early stop counter: 8/10
Epoch [67/1000], Training Loss: 0.3691
Validation Loss: 0.4522
No improvement in validation loss. Early stop counter: 9/10
Epoch [68/1000], Training Loss: 0.3689
Validation Loss: 0.4544
No improvement in validation loss. Early stop counter: 10/10
Early stopping triggered after 68 epochs.
Best model for fold 1 saved successfully.

Starting Fold 2/5...
Initializing ClassificationModel with 1 GAT layers and residual connections...
Initializing MCModel with 1 GAT layers and 1 row attention layers...
Initializing CGModel with 1 GAT layers and residual connections...
Initializing CoreModel with 1 self-attention layers...
Using 4 GPUs with DataParallel.
Epoch [1/1000], Training Loss: 0.6504
Validation Loss: 0.5657
New best model found with validation loss: 0.5657
Epoch [2/1000], Training Loss: 0.5546
Validation Loss: 0.6142
No improvement in validation loss. Early stop counter: 1/10
Epoch [3/1000], Training Loss: 0.5083
Validation Loss: 0.4910
New best model found with validation loss: 0.4910
Epoch [4/1000], Training Loss: 0.4932
Validation Loss: 0.4876
New best model found with validation loss: 0.4876
Epoch [5/1000], Training Loss: 0.4792
Validation Loss: 0.4730
New best model found with validation loss: 0.4730
Epoch [6/1000], Training Loss: 0.4686
Validation Loss: 0.4805
No improvement in validation loss. Early stop counter: 1/10
Epoch [7/1000], Training Loss: 0.4561
Validation Loss: 0.4546
New best model found with validation loss: 0.4546
Epoch [8/1000], Training Loss: 0.4462
Validation Loss: 0.4865
No improvement in validation loss. Early stop counter: 1/10
Epoch [9/1000], Training Loss: 0.4444
Validation Loss: 0.4512
New best model found with validation loss: 0.4512
Epoch [10/1000], Training Loss: 0.4459
Validation Loss: 0.4553
No improvement in validation loss. Early stop counter: 1/10
Epoch [11/1000], Training Loss: 0.4304
Validation Loss: 0.4519
No improvement in validation loss. Early stop counter: 2/10
Epoch [12/1000], Training Loss: 0.4288
Validation Loss: 0.4450
New best model found with validation loss: 0.4450
Epoch [13/1000], Training Loss: 0.4270
Validation Loss: 0.4414
New best model found with validation loss: 0.4414
Epoch [14/1000], Training Loss: 0.4215
Validation Loss: 0.4456
No improvement in validation loss. Early stop counter: 1/10
Epoch [15/1000], Training Loss: 0.4197
Validation Loss: 0.4426
No improvement in validation loss. Early stop counter: 2/10
Epoch [16/1000], Training Loss: 0.4208
Validation Loss: 0.4361
New best model found with validation loss: 0.4361
Epoch [17/1000], Training Loss: 0.4151
Validation Loss: 0.4399
No improvement in validation loss. Early stop counter: 1/10
Epoch [18/1000], Training Loss: 0.4142
Validation Loss: 0.4426
No improvement in validation loss. Early stop counter: 2/10
Epoch [19/1000], Training Loss: 0.4148
Validation Loss: 0.4555
No improvement in validation loss. Early stop counter: 3/10
Epoch [20/1000], Training Loss: 0.4103
Validation Loss: 0.4363
No improvement in validation loss. Early stop counter: 4/10
Epoch [21/1000], Training Loss: 0.4062
Validation Loss: 0.4341
New best model found with validation loss: 0.4341
Epoch [22/1000], Training Loss: 0.4022
Validation Loss: 0.4385
No improvement in validation loss. Early stop counter: 1/10
Epoch [23/1000], Training Loss: 0.4050
Validation Loss: 0.4304
New best model found with validation loss: 0.4304
Epoch [24/1000], Training Loss: 0.4023
Validation Loss: 0.4331
No improvement in validation loss. Early stop counter: 1/10
Epoch [25/1000], Training Loss: 0.4047
Validation Loss: 0.4445
No improvement in validation loss. Early stop counter: 2/10
Epoch [26/1000], Training Loss: 0.4033
Validation Loss: 0.4299
New best model found with validation loss: 0.4299
Epoch [27/1000], Training Loss: 0.3999
Validation Loss: 0.4291
New best model found with validation loss: 0.4291
Epoch [28/1000], Training Loss: 0.3981
Validation Loss: 0.4301
No improvement in validation loss. Early stop counter: 1/10
Epoch [29/1000], Training Loss: 0.3977
Validation Loss: 0.4383
No improvement in validation loss. Early stop counter: 2/10
Epoch [30/1000], Training Loss: 0.3979
Validation Loss: 0.4324
No improvement in validation loss. Early stop counter: 3/10
Epoch [31/1000], Training Loss: 0.3950
Validation Loss: 0.4342
No improvement in validation loss. Early stop counter: 4/10
Epoch [32/1000], Training Loss: 0.3942
Validation Loss: 0.4286
New best model found with validation loss: 0.4286
Epoch [33/1000], Training Loss: 0.3934
Validation Loss: 0.4302
No improvement in validation loss. Early stop counter: 1/10
Epoch [34/1000], Training Loss: 0.3930
Validation Loss: 0.4297
No improvement in validation loss. Early stop counter: 2/10
Epoch [35/1000], Training Loss: 0.3939
Validation Loss: 0.4308
No improvement in validation loss. Early stop counter: 3/10
Epoch [36/1000], Training Loss: 0.3928
Validation Loss: 0.4303
No improvement in validation loss. Early stop counter: 4/10
Epoch [37/1000], Training Loss: 0.3924
Validation Loss: 0.4317
No improvement in validation loss. Early stop counter: 5/10
Epoch [38/1000], Training Loss: 0.3901
Validation Loss: 0.4277
New best model found with validation loss: 0.4277
Epoch [39/1000], Training Loss: 0.3900
Validation Loss: 0.4285
No improvement in validation loss. Early stop counter: 1/10
Epoch [40/1000], Training Loss: 0.3895
Validation Loss: 0.4295
No improvement in validation loss. Early stop counter: 2/10
Epoch [41/1000], Training Loss: 0.3895
Validation Loss: 0.4276
New best model found with validation loss: 0.4276
Epoch [42/1000], Training Loss: 0.3894
Validation Loss: 0.4289
No improvement in validation loss. Early stop counter: 1/10
Epoch [43/1000], Training Loss: 0.3892
Validation Loss: 0.4284
No improvement in validation loss. Early stop counter: 2/10
Epoch [44/1000], Training Loss: 0.3891
Validation Loss: 0.4283
No improvement in validation loss. Early stop counter: 3/10
Epoch [45/1000], Training Loss: 0.3888
Validation Loss: 0.4277
No improvement in validation loss. Early stop counter: 4/10
Epoch [46/1000], Training Loss: 0.3872
Validation Loss: 0.4292
No improvement in validation loss. Early stop counter: 5/10
Epoch [47/1000], Training Loss: 0.3881
Validation Loss: 0.4295
No improvement in validation loss. Early stop counter: 6/10
Epoch [48/1000], Training Loss: 0.3871
Validation Loss: 0.4287
No improvement in validation loss. Early stop counter: 7/10
Epoch [49/1000], Training Loss: 0.3872
Validation Loss: 0.4283
No improvement in validation loss. Early stop counter: 8/10
Epoch [50/1000], Training Loss: 0.3880
Validation Loss: 0.4283
No improvement in validation loss. Early stop counter: 9/10
Epoch [51/1000], Training Loss: 0.3851
Validation Loss: 0.4285
No improvement in validation loss. Early stop counter: 10/10
Early stopping triggered after 51 epochs.
Best model for fold 2 saved successfully.

Starting Fold 3/5...
Initializing ClassificationModel with 1 GAT layers and residual connections...
Initializing MCModel with 1 GAT layers and 1 row attention layers...
Initializing CGModel with 1 GAT layers and residual connections...
Initializing CoreModel with 1 self-attention layers...
Using 4 GPUs with DataParallel.
Epoch [1/1000], Training Loss: 0.6381
Validation Loss: 0.5532
New best model found with validation loss: 0.5532
Epoch [2/1000], Training Loss: 0.5446
Validation Loss: 0.5209
New best model found with validation loss: 0.5209
Epoch [3/1000], Training Loss: 0.5203
Validation Loss: 0.5053
New best model found with validation loss: 0.5053
Epoch [4/1000], Training Loss: 0.4968
Validation Loss: 0.5130
No improvement in validation loss. Early stop counter: 1/10
Epoch [5/1000], Training Loss: 0.4913
Validation Loss: 0.5413
No improvement in validation loss. Early stop counter: 2/10
Epoch [6/1000], Training Loss: 0.4745
Validation Loss: 0.4598
New best model found with validation loss: 0.4598
Epoch [7/1000], Training Loss: 0.4626
Validation Loss: 0.4600
No improvement in validation loss. Early stop counter: 1/10
Epoch [8/1000], Training Loss: 0.4550
Validation Loss: 0.4536
New best model found with validation loss: 0.4536
Epoch [9/1000], Training Loss: 0.4524
Validation Loss: 0.4449
New best model found with validation loss: 0.4449
Epoch [10/1000], Training Loss: 0.4450
Validation Loss: 0.4458
No improvement in validation loss. Early stop counter: 1/10
Epoch [11/1000], Training Loss: 0.4310
Validation Loss: 0.4381
New best model found with validation loss: 0.4381
Epoch [12/1000], Training Loss: 0.4332
Validation Loss: 0.4418
No improvement in validation loss. Early stop counter: 1/10
Epoch [13/1000], Training Loss: 0.4261
Validation Loss: 0.4392
No improvement in validation loss. Early stop counter: 2/10
Epoch [14/1000], Training Loss: 0.4223
Validation Loss: 0.4284
New best model found with validation loss: 0.4284
Epoch [15/1000], Training Loss: 0.4221
Validation Loss: 0.4274
New best model found with validation loss: 0.4274
Epoch [16/1000], Training Loss: 0.4218
Validation Loss: 0.4281
No improvement in validation loss. Early stop counter: 1/10
Epoch [17/1000], Training Loss: 0.4169
Validation Loss: 0.4242
New best model found with validation loss: 0.4242
Epoch [18/1000], Training Loss: 0.4156
Validation Loss: 0.4317
No improvement in validation loss. Early stop counter: 1/10
Epoch [19/1000], Training Loss: 0.4136
Validation Loss: 0.4311
No improvement in validation loss. Early stop counter: 2/10
Epoch [20/1000], Training Loss: 0.4131
Validation Loss: 0.4285
No improvement in validation loss. Early stop counter: 3/10
Epoch [21/1000], Training Loss: 0.4060
Validation Loss: 0.4256
No improvement in validation loss. Early stop counter: 4/10
Epoch [22/1000], Training Loss: 0.4059
Validation Loss: 0.4309
No improvement in validation loss. Early stop counter: 5/10
Epoch [23/1000], Training Loss: 0.4026
Validation Loss: 0.4266
No improvement in validation loss. Early stop counter: 6/10
Epoch [24/1000], Training Loss: 0.4034
Validation Loss: 0.4336
No improvement in validation loss. Early stop counter: 7/10
Epoch [25/1000], Training Loss: 0.4026
Validation Loss: 0.4228
New best model found with validation loss: 0.4228
Epoch [26/1000], Training Loss: 0.4006
Validation Loss: 0.4235
No improvement in validation loss. Early stop counter: 1/10
Epoch [27/1000], Training Loss: 0.3979
Validation Loss: 0.4285
No improvement in validation loss. Early stop counter: 2/10
Epoch [28/1000], Training Loss: 0.3984
Validation Loss: 0.4212
New best model found with validation loss: 0.4212
Epoch [29/1000], Training Loss: 0.3996
Validation Loss: 0.4192
New best model found with validation loss: 0.4192
Epoch [30/1000], Training Loss: 0.3965
Validation Loss: 0.4276
No improvement in validation loss. Early stop counter: 1/10
Epoch [31/1000], Training Loss: 0.3949
Validation Loss: 0.4197
No improvement in validation loss. Early stop counter: 2/10
Epoch [32/1000], Training Loss: 0.3936
Validation Loss: 0.4203
No improvement in validation loss. Early stop counter: 3/10
Epoch [33/1000], Training Loss: 0.3923
Validation Loss: 0.4206
No improvement in validation loss. Early stop counter: 4/10
Epoch [34/1000], Training Loss: 0.3914
Validation Loss: 0.4209
No improvement in validation loss. Early stop counter: 5/10
Epoch [35/1000], Training Loss: 0.3927
Validation Loss: 0.4250
No improvement in validation loss. Early stop counter: 6/10
Epoch [36/1000], Training Loss: 0.3911
Validation Loss: 0.4233
No improvement in validation loss. Early stop counter: 7/10
Epoch [37/1000], Training Loss: 0.3911
Validation Loss: 0.4235
No improvement in validation loss. Early stop counter: 8/10
Epoch [38/1000], Training Loss: 0.3904
Validation Loss: 0.4177
New best model found with validation loss: 0.4177
Epoch [39/1000], Training Loss: 0.3886
Validation Loss: 0.4194
No improvement in validation loss. Early stop counter: 1/10
Epoch [40/1000], Training Loss: 0.3886
Validation Loss: 0.4185
No improvement in validation loss. Early stop counter: 2/10
Epoch [41/1000], Training Loss: 0.3863
Validation Loss: 0.4184
No improvement in validation loss. Early stop counter: 3/10
Epoch [42/1000], Training Loss: 0.3873
Validation Loss: 0.4178
No improvement in validation loss. Early stop counter: 4/10
Epoch [43/1000], Training Loss: 0.3891
Validation Loss: 0.4183
No improvement in validation loss. Early stop counter: 5/10
Epoch [44/1000], Training Loss: 0.3867
Validation Loss: 0.4177
New best model found with validation loss: 0.4177
Epoch [45/1000], Training Loss: 0.3852
Validation Loss: 0.4203
No improvement in validation loss. Early stop counter: 1/10
Epoch [46/1000], Training Loss: 0.3860
Validation Loss: 0.4173
New best model found with validation loss: 0.4173
Epoch [47/1000], Training Loss: 0.3858
Validation Loss: 0.4177
No improvement in validation loss. Early stop counter: 1/10
Epoch [48/1000], Training Loss: 0.3845
Validation Loss: 0.4170
New best model found with validation loss: 0.4170
Epoch [49/1000], Training Loss: 0.3847
Validation Loss: 0.4158
New best model found with validation loss: 0.4158
Epoch [50/1000], Training Loss: 0.3846
Validation Loss: 0.4163
No improvement in validation loss. Early stop counter: 1/10
Epoch [51/1000], Training Loss: 0.3833
Validation Loss: 0.4153
New best model found with validation loss: 0.4153
Epoch [52/1000], Training Loss: 0.3835
Validation Loss: 0.4168
No improvement in validation loss. Early stop counter: 1/10
Epoch [53/1000], Training Loss: 0.3833
Validation Loss: 0.4168
No improvement in validation loss. Early stop counter: 2/10
Epoch [54/1000], Training Loss: 0.3840
Validation Loss: 0.4169
No improvement in validation loss. Early stop counter: 3/10
Epoch [55/1000], Training Loss: 0.3828
Validation Loss: 0.4166
No improvement in validation loss. Early stop counter: 4/10
Epoch [56/1000], Training Loss: 0.3822
Validation Loss: 0.4158
No improvement in validation loss. Early stop counter: 5/10
Epoch [57/1000], Training Loss: 0.3822
Validation Loss: 0.4161
No improvement in validation loss. Early stop counter: 6/10
Epoch [58/1000], Training Loss: 0.3830
Validation Loss: 0.4176
No improvement in validation loss. Early stop counter: 7/10
Epoch [59/1000], Training Loss: 0.3811
Validation Loss: 0.4156
No improvement in validation loss. Early stop counter: 8/10
Epoch [60/1000], Training Loss: 0.3811
Validation Loss: 0.4151
New best model found with validation loss: 0.4151
Epoch [61/1000], Training Loss: 0.3810
Validation Loss: 0.4154
No improvement in validation loss. Early stop counter: 1/10
Epoch [62/1000], Training Loss: 0.3819
Validation Loss: 0.4155
No improvement in validation loss. Early stop counter: 2/10
Epoch [63/1000], Training Loss: 0.3811
Validation Loss: 0.4164
No improvement in validation loss. Early stop counter: 3/10
Epoch [64/1000], Training Loss: 0.3804
Validation Loss: 0.4157
No improvement in validation loss. Early stop counter: 4/10
Epoch [65/1000], Training Loss: 0.3816
Validation Loss: 0.4176
No improvement in validation loss. Early stop counter: 5/10
Epoch [66/1000], Training Loss: 0.3800
Validation Loss: 0.4154
No improvement in validation loss. Early stop counter: 6/10
Epoch [67/1000], Training Loss: 0.3810
Validation Loss: 0.4162
No improvement in validation loss. Early stop counter: 7/10
Epoch [68/1000], Training Loss: 0.3819
Validation Loss: 0.4160
No improvement in validation loss. Early stop counter: 8/10
Epoch [69/1000], Training Loss: 0.3800
Validation Loss: 0.4157
No improvement in validation loss. Early stop counter: 9/10
Epoch [70/1000], Training Loss: 0.3804
Validation Loss: 0.4153
No improvement in validation loss. Early stop counter: 10/10
Early stopping triggered after 70 epochs.
Best model for fold 3 saved successfully.

Starting Fold 4/5...
Initializing ClassificationModel with 1 GAT layers and residual connections...
Initializing MCModel with 1 GAT layers and 1 row attention layers...
Initializing CGModel with 1 GAT layers and residual connections...
Initializing CoreModel with 1 self-attention layers...
Using 4 GPUs with DataParallel.
Epoch [1/1000], Training Loss: 0.6684
Validation Loss: 0.5918
New best model found with validation loss: 0.5918
Epoch [2/1000], Training Loss: 0.5713
Validation Loss: 0.5170
New best model found with validation loss: 0.5170
Epoch [3/1000], Training Loss: 0.5175
Validation Loss: 0.5005
New best model found with validation loss: 0.5005
Epoch [4/1000], Training Loss: 0.4882
Validation Loss: 0.4902
New best model found with validation loss: 0.4902
Epoch [5/1000], Training Loss: 0.4745
Validation Loss: 0.5153
No improvement in validation loss. Early stop counter: 1/10
Epoch [6/1000], Training Loss: 0.4675
Validation Loss: 0.4835
New best model found with validation loss: 0.4835
Epoch [7/1000], Training Loss: 0.4576
Validation Loss: 0.4860
No improvement in validation loss. Early stop counter: 1/10
Epoch [8/1000], Training Loss: 0.4520
Validation Loss: 0.4991
No improvement in validation loss. Early stop counter: 2/10
Epoch [9/1000], Training Loss: 0.4459
Validation Loss: 0.4630
New best model found with validation loss: 0.4630
Epoch [10/1000], Training Loss: 0.4373
Validation Loss: 0.4663
No improvement in validation loss. Early stop counter: 1/10
Epoch [11/1000], Training Loss: 0.4252
Validation Loss: 0.4582
New best model found with validation loss: 0.4582
Epoch [12/1000], Training Loss: 0.4185
Validation Loss: 0.4680
No improvement in validation loss. Early stop counter: 1/10
Epoch [13/1000], Training Loss: 0.4186
Validation Loss: 0.4614
No improvement in validation loss. Early stop counter: 2/10
Epoch [14/1000], Training Loss: 0.4155
Validation Loss: 0.4490
New best model found with validation loss: 0.4490
Epoch [15/1000], Training Loss: 0.4148
Validation Loss: 0.4511
No improvement in validation loss. Early stop counter: 1/10
Epoch [16/1000], Training Loss: 0.4155
Validation Loss: 0.4487
New best model found with validation loss: 0.4487
Epoch [17/1000], Training Loss: 0.4074
Validation Loss: 0.4765
No improvement in validation loss. Early stop counter: 1/10
Epoch [18/1000], Training Loss: 0.4073
Validation Loss: 0.4448
New best model found with validation loss: 0.4448
Epoch [19/1000], Training Loss: 0.4054
Validation Loss: 0.4637
No improvement in validation loss. Early stop counter: 1/10
Epoch [20/1000], Training Loss: 0.4014
Validation Loss: 0.4452
No improvement in validation loss. Early stop counter: 2/10
Epoch [21/1000], Training Loss: 0.3975
Validation Loss: 0.4425
New best model found with validation loss: 0.4425
Epoch [22/1000], Training Loss: 0.3979
Validation Loss: 0.4414
New best model found with validation loss: 0.4414
Epoch [23/1000], Training Loss: 0.3928
Validation Loss: 0.4495
No improvement in validation loss. Early stop counter: 1/10
Epoch [24/1000], Training Loss: 0.3923
Validation Loss: 0.4424
No improvement in validation loss. Early stop counter: 2/10
Epoch [25/1000], Training Loss: 0.3936
Validation Loss: 0.4422
No improvement in validation loss. Early stop counter: 3/10
Epoch [26/1000], Training Loss: 0.3903
Validation Loss: 0.4417
No improvement in validation loss. Early stop counter: 4/10
Epoch [27/1000], Training Loss: 0.3873
Validation Loss: 0.4479
No improvement in validation loss. Early stop counter: 5/10
Epoch [28/1000], Training Loss: 0.3884
Validation Loss: 0.4427
No improvement in validation loss. Early stop counter: 6/10
Epoch [29/1000], Training Loss: 0.3866
Validation Loss: 0.4503
No improvement in validation loss. Early stop counter: 7/10
Epoch [30/1000], Training Loss: 0.3852
Validation Loss: 0.4445
No improvement in validation loss. Early stop counter: 8/10
Epoch [31/1000], Training Loss: 0.3838
Validation Loss: 0.4461
No improvement in validation loss. Early stop counter: 9/10
Epoch [32/1000], Training Loss: 0.3814
Validation Loss: 0.4592
No improvement in validation loss. Early stop counter: 10/10
Early stopping triggered after 32 epochs.
Best model for fold 4 saved successfully.

Starting Fold 5/5...
Initializing ClassificationModel with 1 GAT layers and residual connections...
Initializing MCModel with 1 GAT layers and 1 row attention layers...
Initializing CGModel with 1 GAT layers and residual connections...
Initializing CoreModel with 1 self-attention layers...
Using 4 GPUs with DataParallel.
Epoch [1/1000], Training Loss: 0.6567
Validation Loss: 0.5553
New best model found with validation loss: 0.5553
Epoch [2/1000], Training Loss: 0.5430
Validation Loss: 0.5133
New best model found with validation loss: 0.5133
Epoch [3/1000], Training Loss: 0.5068
Validation Loss: 0.4998
New best model found with validation loss: 0.4998
Epoch [4/1000], Training Loss: 0.4860
Validation Loss: 0.4769
New best model found with validation loss: 0.4769
Epoch [5/1000], Training Loss: 0.4782
Validation Loss: 0.4664
New best model found with validation loss: 0.4664
Epoch [6/1000], Training Loss: 0.4646
Validation Loss: 0.4783
No improvement in validation loss. Early stop counter: 1/10
Epoch [7/1000], Training Loss: 0.4623
Validation Loss: 0.4692
No improvement in validation loss. Early stop counter: 2/10
Epoch [8/1000], Training Loss: 0.4513
Validation Loss: 0.4498
New best model found with validation loss: 0.4498
Epoch [9/1000], Training Loss: 0.4445
Validation Loss: 0.4748
No improvement in validation loss. Early stop counter: 1/10
Epoch [10/1000], Training Loss: 0.4444
Validation Loss: 0.4600
No improvement in validation loss. Early stop counter: 2/10
Epoch [11/1000], Training Loss: 0.4312
Validation Loss: 0.4587
No improvement in validation loss. Early stop counter: 3/10
Epoch [12/1000], Training Loss: 0.4329
Validation Loss: 0.4332
New best model found with validation loss: 0.4332
Epoch [13/1000], Training Loss: 0.4269
Validation Loss: 0.4346
No improvement in validation loss. Early stop counter: 1/10
Epoch [14/1000], Training Loss: 0.4262
Validation Loss: 0.4293
New best model found with validation loss: 0.4293
Epoch [15/1000], Training Loss: 0.4253
Validation Loss: 0.4357
No improvement in validation loss. Early stop counter: 1/10
Epoch [16/1000], Training Loss: 0.4210
Validation Loss: 0.4246
New best model found with validation loss: 0.4246
Epoch [17/1000], Training Loss: 0.4193
Validation Loss: 0.4284
No improvement in validation loss. Early stop counter: 1/10
Epoch [18/1000], Training Loss: 0.4225
Validation Loss: 0.4238
New best model found with validation loss: 0.4238
Epoch [19/1000], Training Loss: 0.4149
Validation Loss: 0.4241
No improvement in validation loss. Early stop counter: 1/10
Epoch [20/1000], Training Loss: 0.4138
Validation Loss: 0.4232
New best model found with validation loss: 0.4232
Epoch [21/1000], Training Loss: 0.4091
Validation Loss: 0.4233
No improvement in validation loss. Early stop counter: 1/10
Epoch [22/1000], Training Loss: 0.4070
Validation Loss: 0.4240
No improvement in validation loss. Early stop counter: 2/10
Epoch [23/1000], Training Loss: 0.4085
Validation Loss: 0.4235
No improvement in validation loss. Early stop counter: 3/10
Epoch [24/1000], Training Loss: 0.4066
Validation Loss: 0.4256
No improvement in validation loss. Early stop counter: 4/10
Epoch [25/1000], Training Loss: 0.4037
Validation Loss: 0.4246
No improvement in validation loss. Early stop counter: 5/10
Epoch [26/1000], Training Loss: 0.4032
Validation Loss: 0.4236
No improvement in validation loss. Early stop counter: 6/10
Epoch [27/1000], Training Loss: 0.4028
Validation Loss: 0.4165
New best model found with validation loss: 0.4165
Epoch [28/1000], Training Loss: 0.4019
Validation Loss: 0.4200
No improvement in validation loss. Early stop counter: 1/10
Epoch [29/1000], Training Loss: 0.3999
Validation Loss: 0.4188
No improvement in validation loss. Early stop counter: 2/10
Epoch [30/1000], Training Loss: 0.4013
Validation Loss: 0.4224
No improvement in validation loss. Early stop counter: 3/10
Epoch [31/1000], Training Loss: 0.3968
Validation Loss: 0.4157
New best model found with validation loss: 0.4157
Epoch [32/1000], Training Loss: 0.3971
Validation Loss: 0.4173
No improvement in validation loss. Early stop counter: 1/10
Epoch [33/1000], Training Loss: 0.3961
Validation Loss: 0.4160
No improvement in validation loss. Early stop counter: 2/10
Epoch [34/1000], Training Loss: 0.3954
Validation Loss: 0.4158
No improvement in validation loss. Early stop counter: 3/10
Epoch [35/1000], Training Loss: 0.3951
Validation Loss: 0.4207
No improvement in validation loss. Early stop counter: 4/10
Epoch [36/1000], Training Loss: 0.3952
Validation Loss: 0.4154
New best model found with validation loss: 0.4154
Epoch [37/1000], Training Loss: 0.3943
Validation Loss: 0.4146
New best model found with validation loss: 0.4146
Epoch [38/1000], Training Loss: 0.3939
Validation Loss: 0.4164
No improvement in validation loss. Early stop counter: 1/10
Epoch [39/1000], Training Loss: 0.3948
Validation Loss: 0.4142
New best model found with validation loss: 0.4142
Epoch [40/1000], Training Loss: 0.3932
Validation Loss: 0.4147
No improvement in validation loss. Early stop counter: 1/10
Epoch [41/1000], Training Loss: 0.3929
Validation Loss: 0.4159
No improvement in validation loss. Early stop counter: 2/10
Epoch [42/1000], Training Loss: 0.3918
Validation Loss: 0.4133
New best model found with validation loss: 0.4133
Epoch [43/1000], Training Loss: 0.3900
Validation Loss: 0.4145
No improvement in validation loss. Early stop counter: 1/10
Epoch [44/1000], Training Loss: 0.3896
Validation Loss: 0.4167
No improvement in validation loss. Early stop counter: 2/10
Epoch [45/1000], Training Loss: 0.3897
Validation Loss: 0.4175
No improvement in validation loss. Early stop counter: 3/10
Epoch [46/1000], Training Loss: 0.3901
Validation Loss: 0.4139
No improvement in validation loss. Early stop counter: 4/10
Epoch [47/1000], Training Loss: 0.3893
Validation Loss: 0.4149
No improvement in validation loss. Early stop counter: 5/10
Epoch [48/1000], Training Loss: 0.3882
Validation Loss: 0.4145
No improvement in validation loss. Early stop counter: 6/10
Epoch [49/1000], Training Loss: 0.3888
Validation Loss: 0.4140
No improvement in validation loss. Early stop counter: 7/10
Epoch [50/1000], Training Loss: 0.3893
Validation Loss: 0.4176
No improvement in validation loss. Early stop counter: 8/10
Epoch [51/1000], Training Loss: 0.3876
Validation Loss: 0.4130
New best model found with validation loss: 0.4130
Epoch [52/1000], Training Loss: 0.3867
Validation Loss: 0.4136
No improvement in validation loss. Early stop counter: 1/10
Epoch [53/1000], Training Loss: 0.3867
Validation Loss: 0.4135
No improvement in validation loss. Early stop counter: 2/10
Epoch [54/1000], Training Loss: 0.3879
Validation Loss: 0.4164
No improvement in validation loss. Early stop counter: 3/10
Epoch [55/1000], Training Loss: 0.3868
Validation Loss: 0.4137
No improvement in validation loss. Early stop counter: 4/10
Epoch [56/1000], Training Loss: 0.3875
Validation Loss: 0.4149
No improvement in validation loss. Early stop counter: 5/10
Epoch [57/1000], Training Loss: 0.3867
Validation Loss: 0.4132
No improvement in validation loss. Early stop counter: 6/10
Epoch [58/1000], Training Loss: 0.3864
Validation Loss: 0.4147
No improvement in validation loss. Early stop counter: 7/10
Epoch [59/1000], Training Loss: 0.3870
Validation Loss: 0.4155
No improvement in validation loss. Early stop counter: 8/10
Epoch [60/1000], Training Loss: 0.3852
Validation Loss: 0.4132
No improvement in validation loss. Early stop counter: 9/10
Epoch [61/1000], Training Loss: 0.3853
Validation Loss: 0.4132
No improvement in validation loss. Early stop counter: 10/10
Early stopping triggered after 61 epochs.
Best model for fold 5 saved successfully.

Cross-validation results:
Fold 1: Validation Loss = 0.4500
Fold 2: Validation Loss = 0.4276
Fold 3: Validation Loss = 0.4151
Fold 4: Validation Loss = 0.4414
Fold 5: Validation Loss = 0.4130
Average Validation Loss: 0.4294
