{'batch_size': 4, 'sequence_file': 'padded_sequences_train_3000.npz', 'data_file': 'padded_interfaces_train_3000.npz', 'edge_file': 'padded_edges_train_3000.npz', 'max_len': 3000, 'vocab_size': 23, 'embed_dim': 256, 'num_heads': 16, 'dropout': 0.3, 'num_layers': 2, 'num_gnn_layers': 1, 'num_int_layers': 1, 'num_classes': 2, 'num_epochs': 1000, 'learning_rate': 0.0001, 'max_grad_norm': 0.1, 'validation_split': 0.1, 'early_stop_patience': 10, 'initial_gradient_noise_std': 0.05, 'accumulation_steps': 2}
Number of GPUs available: 4

Starting Fold 1/5...
Initializing ClassificationModel with 1 GAT layers and residual connections...
Initializing MCModel with 1 GAT layers and 1 row attention layers...
Initializing CGModel with 1 GAT layers and residual connections...
Initializing CoreModel with 2 self-attention layers...
Using 4 GPUs with DataParallel.
Epoch [1/1000], Training Loss: 0.7038
Validation Loss: 0.6393
New best model found with validation loss: 0.6393
Epoch [2/1000], Training Loss: 0.6247
Validation Loss: 0.5839
New best model found with validation loss: 0.5839
Epoch [3/1000], Training Loss: 0.5753
Validation Loss: 0.5762
New best model found with validation loss: 0.5762
Epoch [4/1000], Training Loss: 0.5398
Validation Loss: 0.5732
New best model found with validation loss: 0.5732
Epoch [5/1000], Training Loss: 0.5230
Validation Loss: 0.5707
New best model found with validation loss: 0.5707
Epoch [6/1000], Training Loss: 0.5120
Validation Loss: 0.5769
No improvement in validation loss. Early stop counter: 1/10
Epoch [7/1000], Training Loss: 0.4975
Validation Loss: 0.5893
No improvement in validation loss. Early stop counter: 2/10
Epoch [8/1000], Training Loss: 0.4885
Validation Loss: 0.6291
No improvement in validation loss. Early stop counter: 3/10
Epoch [9/1000], Training Loss: 0.4878
Validation Loss: 0.5404
New best model found with validation loss: 0.5404
Epoch [10/1000], Training Loss: 0.4781
Validation Loss: 0.5456
No improvement in validation loss. Early stop counter: 1/10
Epoch [11/1000], Training Loss: 0.4627
Validation Loss: 0.5241
New best model found with validation loss: 0.5241
Epoch [12/1000], Training Loss: 0.4581
Validation Loss: 0.5486
No improvement in validation loss. Early stop counter: 1/10
Epoch [13/1000], Training Loss: 0.4561
Validation Loss: 0.5243
No improvement in validation loss. Early stop counter: 2/10
Epoch [14/1000], Training Loss: 0.4539
Validation Loss: 0.5412
No improvement in validation loss. Early stop counter: 3/10
Epoch [15/1000], Training Loss: 0.4495
Validation Loss: 0.5444
No improvement in validation loss. Early stop counter: 4/10
Epoch [16/1000], Training Loss: 0.4493
Validation Loss: 0.5123
New best model found with validation loss: 0.5123
Epoch [17/1000], Training Loss: 0.4458
Validation Loss: 0.5339
No improvement in validation loss. Early stop counter: 1/10
Epoch [18/1000], Training Loss: 0.4416
Validation Loss: 0.5212
No improvement in validation loss. Early stop counter: 2/10
Epoch [19/1000], Training Loss: 0.4440
Validation Loss: 0.5485
No improvement in validation loss. Early stop counter: 3/10
Epoch [20/1000], Training Loss: 0.4371
Validation Loss: 0.5721
No improvement in validation loss. Early stop counter: 4/10
Epoch [21/1000], Training Loss: 0.4351
Validation Loss: 0.5259
No improvement in validation loss. Early stop counter: 5/10
Epoch [22/1000], Training Loss: 0.4327
Validation Loss: 0.5152
No improvement in validation loss. Early stop counter: 6/10
Epoch [23/1000], Training Loss: 0.4315
Validation Loss: 0.5321
No improvement in validation loss. Early stop counter: 7/10
Epoch [24/1000], Training Loss: 0.4329
Validation Loss: 0.5117
New best model found with validation loss: 0.5117
Epoch [25/1000], Training Loss: 0.4305
Validation Loss: 0.5120
No improvement in validation loss. Early stop counter: 1/10
Epoch [26/1000], Training Loss: 0.4291
Validation Loss: 0.5347
No improvement in validation loss. Early stop counter: 2/10
Epoch [27/1000], Training Loss: 0.4280
Validation Loss: 0.5581
No improvement in validation loss. Early stop counter: 3/10
Epoch [28/1000], Training Loss: 0.4273
Validation Loss: 0.5106
New best model found with validation loss: 0.5106
Epoch [29/1000], Training Loss: 0.4257
Validation Loss: 0.5054
New best model found with validation loss: 0.5054
Epoch [30/1000], Training Loss: 0.4246
Validation Loss: 0.5398
No improvement in validation loss. Early stop counter: 1/10
Epoch [31/1000], Training Loss: 0.4215
Validation Loss: 0.5148
No improvement in validation loss. Early stop counter: 2/10
Epoch [32/1000], Training Loss: 0.4226
Validation Loss: 0.5183
No improvement in validation loss. Early stop counter: 3/10
Epoch [33/1000], Training Loss: 0.4210
Validation Loss: 0.5362
No improvement in validation loss. Early stop counter: 4/10
Epoch [34/1000], Training Loss: 0.4189
Validation Loss: 0.5231
No improvement in validation loss. Early stop counter: 5/10
Epoch [35/1000], Training Loss: 0.4210
Validation Loss: 0.5297
No improvement in validation loss. Early stop counter: 6/10
Epoch [36/1000], Training Loss: 0.4194
Validation Loss: 0.5250
No improvement in validation loss. Early stop counter: 7/10
Epoch [37/1000], Training Loss: 0.4194
Validation Loss: 0.5100
No improvement in validation loss. Early stop counter: 8/10
Epoch [38/1000], Training Loss: 0.4198
Validation Loss: 0.5198
No improvement in validation loss. Early stop counter: 9/10
Epoch [39/1000], Training Loss: 0.4175
Validation Loss: 0.5130
No improvement in validation loss. Early stop counter: 10/10
Early stopping triggered after 39 epochs.
Best model for fold 1 saved successfully.

Starting Fold 2/5...
Initializing ClassificationModel with 1 GAT layers and residual connections...
Initializing MCModel with 1 GAT layers and 1 row attention layers...
Initializing CGModel with 1 GAT layers and residual connections...
Initializing CoreModel with 2 self-attention layers...
Using 4 GPUs with DataParallel.
Epoch [1/1000], Training Loss: 0.6865
Validation Loss: 0.6311
New best model found with validation loss: 0.6311
Epoch [2/1000], Training Loss: 0.6216
Validation Loss: 0.5981
New best model found with validation loss: 0.5981
Epoch [3/1000], Training Loss: 0.5804
Validation Loss: 0.6113
No improvement in validation loss. Early stop counter: 1/10
Epoch [4/1000], Training Loss: 0.5453
Validation Loss: 0.5704
New best model found with validation loss: 0.5704
Epoch [5/1000], Training Loss: 0.5239
Validation Loss: 0.5724
No improvement in validation loss. Early stop counter: 1/10
Epoch [6/1000], Training Loss: 0.5094
Validation Loss: 0.5673
New best model found with validation loss: 0.5673
Epoch [7/1000], Training Loss: 0.4959
Validation Loss: 0.5190
New best model found with validation loss: 0.5190
Epoch [8/1000], Training Loss: 0.4879
Validation Loss: 0.5236
No improvement in validation loss. Early stop counter: 1/10
Epoch [9/1000], Training Loss: 0.4831
Validation Loss: 0.5635
No improvement in validation loss. Early stop counter: 2/10
Epoch [10/1000], Training Loss: 0.4770
Validation Loss: 0.5371
No improvement in validation loss. Early stop counter: 3/10
Epoch [11/1000], Training Loss: 0.4645
Validation Loss: 0.5232
No improvement in validation loss. Early stop counter: 4/10
Epoch [12/1000], Training Loss: 0.4591
Validation Loss: 0.5240
No improvement in validation loss. Early stop counter: 5/10
Epoch [13/1000], Training Loss: 0.4556
Validation Loss: 0.5371
No improvement in validation loss. Early stop counter: 6/10
Epoch [14/1000], Training Loss: 0.4544
Validation Loss: 0.5115
New best model found with validation loss: 0.5115
Epoch [15/1000], Training Loss: 0.4504
Validation Loss: 0.6002
No improvement in validation loss. Early stop counter: 1/10
Epoch [16/1000], Training Loss: 0.4493
Validation Loss: 0.5142
No improvement in validation loss. Early stop counter: 2/10
Epoch [17/1000], Training Loss: 0.4460
Validation Loss: 0.5331
No improvement in validation loss. Early stop counter: 3/10
Epoch [18/1000], Training Loss: 0.4443
Validation Loss: 0.5277
No improvement in validation loss. Early stop counter: 4/10
Epoch [19/1000], Training Loss: 0.4451
Validation Loss: 0.5262
No improvement in validation loss. Early stop counter: 5/10
Epoch [20/1000], Training Loss: 0.4416
Validation Loss: 0.5240
No improvement in validation loss. Early stop counter: 6/10
Epoch [21/1000], Training Loss: 0.4376
Validation Loss: 0.5499
No improvement in validation loss. Early stop counter: 7/10
Epoch [22/1000], Training Loss: 0.4334
Validation Loss: 0.5093
New best model found with validation loss: 0.5093
Epoch [23/1000], Training Loss: 0.4335
Validation Loss: 0.5311
No improvement in validation loss. Early stop counter: 1/10
Epoch [24/1000], Training Loss: 0.4340
Validation Loss: 0.5209
No improvement in validation loss. Early stop counter: 2/10
Epoch [25/1000], Training Loss: 0.4319
Validation Loss: 0.5096
No improvement in validation loss. Early stop counter: 3/10
Epoch [26/1000], Training Loss: 0.4307
Validation Loss: 0.5281
No improvement in validation loss. Early stop counter: 4/10
Epoch [27/1000], Training Loss: 0.4315
Validation Loss: 0.5725
No improvement in validation loss. Early stop counter: 5/10
Epoch [28/1000], Training Loss: 0.4273
Validation Loss: 0.5021
New best model found with validation loss: 0.5021
Epoch [29/1000], Training Loss: 0.4294
Validation Loss: 0.5013
New best model found with validation loss: 0.5013
Epoch [30/1000], Training Loss: 0.4263
Validation Loss: 0.5198
No improvement in validation loss. Early stop counter: 1/10
Epoch [31/1000], Training Loss: 0.4263
Validation Loss: 0.5267
No improvement in validation loss. Early stop counter: 2/10
Epoch [32/1000], Training Loss: 0.4260
Validation Loss: 0.5185
No improvement in validation loss. Early stop counter: 3/10
Epoch [33/1000], Training Loss: 0.4226
Validation Loss: 0.5733
No improvement in validation loss. Early stop counter: 4/10
Epoch [34/1000], Training Loss: 0.4244
Validation Loss: 0.5530
No improvement in validation loss. Early stop counter: 5/10
Epoch [35/1000], Training Loss: 0.4228
Validation Loss: 0.5191
No improvement in validation loss. Early stop counter: 6/10
Epoch [36/1000], Training Loss: 0.4221
Validation Loss: 0.5482
No improvement in validation loss. Early stop counter: 7/10
Epoch [37/1000], Training Loss: 0.4238
Validation Loss: 0.5108
No improvement in validation loss. Early stop counter: 8/10
Epoch [38/1000], Training Loss: 0.4203
Validation Loss: 0.5104
No improvement in validation loss. Early stop counter: 9/10
Epoch [39/1000], Training Loss: 0.4218
Validation Loss: 0.5340
No improvement in validation loss. Early stop counter: 10/10
Early stopping triggered after 39 epochs.
Best model for fold 2 saved successfully.

Starting Fold 3/5...
Initializing ClassificationModel with 1 GAT layers and residual connections...
Initializing MCModel with 1 GAT layers and 1 row attention layers...
Initializing CGModel with 1 GAT layers and residual connections...
Initializing CoreModel with 2 self-attention layers...
Using 4 GPUs with DataParallel.
Epoch [1/1000], Training Loss: 0.6929
Validation Loss: 0.6136
New best model found with validation loss: 0.6136
Epoch [2/1000], Training Loss: 0.6226
Validation Loss: 0.5856
New best model found with validation loss: 0.5856
Epoch [3/1000], Training Loss: 0.5846
Validation Loss: 0.5651
New best model found with validation loss: 0.5651
Epoch [4/1000], Training Loss: 0.5460
Validation Loss: 0.5519
New best model found with validation loss: 0.5519
Epoch [5/1000], Training Loss: 0.5270
Validation Loss: 0.5169
New best model found with validation loss: 0.5169
Epoch [6/1000], Training Loss: 0.5179
Validation Loss: 0.5333
No improvement in validation loss. Early stop counter: 1/10
Epoch [7/1000], Training Loss: 0.5004
Validation Loss: 0.5195
No improvement in validation loss. Early stop counter: 2/10
Epoch [8/1000], Training Loss: 0.4943
Validation Loss: 0.4885
New best model found with validation loss: 0.4885
Epoch [9/1000], Training Loss: 0.4871
Validation Loss: 0.5460
No improvement in validation loss. Early stop counter: 1/10
Epoch [10/1000], Training Loss: 0.4821
Validation Loss: 0.6257
No improvement in validation loss. Early stop counter: 2/10
Epoch [11/1000], Training Loss: 0.4706
Validation Loss: 0.5318
No improvement in validation loss. Early stop counter: 3/10
Epoch [12/1000], Training Loss: 0.4656
Validation Loss: 0.4980
No improvement in validation loss. Early stop counter: 4/10
Epoch [13/1000], Training Loss: 0.4631
Validation Loss: 0.5394
No improvement in validation loss. Early stop counter: 5/10
Epoch [14/1000], Training Loss: 0.4586
Validation Loss: 0.5703
No improvement in validation loss. Early stop counter: 6/10
Epoch [15/1000], Training Loss: 0.4580
Validation Loss: 0.5040
No improvement in validation loss. Early stop counter: 7/10
Epoch [16/1000], Training Loss: 0.4531
Validation Loss: 0.5928
No improvement in validation loss. Early stop counter: 8/10
Epoch [17/1000], Training Loss: 0.4556
Validation Loss: 0.5409
No improvement in validation loss. Early stop counter: 9/10
Epoch [18/1000], Training Loss: 0.4499
Validation Loss: 0.5179
No improvement in validation loss. Early stop counter: 10/10
Early stopping triggered after 18 epochs.
Best model for fold 3 saved successfully.

Starting Fold 4/5...
Initializing ClassificationModel with 1 GAT layers and residual connections...
Initializing MCModel with 1 GAT layers and 1 row attention layers...
Initializing CGModel with 1 GAT layers and residual connections...
Initializing CoreModel with 2 self-attention layers...
Using 4 GPUs with DataParallel.
Epoch [1/1000], Training Loss: 0.7210
Validation Loss: 0.6219
New best model found with validation loss: 0.6219
Epoch [2/1000], Training Loss: 0.6356
Validation Loss: 0.5866
New best model found with validation loss: 0.5866
Epoch [3/1000], Training Loss: 0.5934
Validation Loss: 0.5524
New best model found with validation loss: 0.5524
Epoch [4/1000], Training Loss: 0.5438
Validation Loss: 0.5500
New best model found with validation loss: 0.5500
Epoch [5/1000], Training Loss: 0.5204
Validation Loss: 0.5553
No improvement in validation loss. Early stop counter: 1/10
Epoch [6/1000], Training Loss: 0.5114
Validation Loss: 0.5541
No improvement in validation loss. Early stop counter: 2/10
Epoch [7/1000], Training Loss: 0.5025
Validation Loss: 0.6062
No improvement in validation loss. Early stop counter: 3/10
Epoch [8/1000], Training Loss: 0.4922
Validation Loss: 0.5193
New best model found with validation loss: 0.5193
Epoch [9/1000], Training Loss: 0.4884
Validation Loss: 0.5436
No improvement in validation loss. Early stop counter: 1/10
Epoch [10/1000], Training Loss: 0.4785
Validation Loss: 0.5155
New best model found with validation loss: 0.5155
Epoch [11/1000], Training Loss: 0.4676
Validation Loss: 0.5643
No improvement in validation loss. Early stop counter: 1/10
Epoch [12/1000], Training Loss: 0.4675
Validation Loss: 0.5321
No improvement in validation loss. Early stop counter: 2/10
Epoch [13/1000], Training Loss: 0.4610
Validation Loss: 0.5396
No improvement in validation loss. Early stop counter: 3/10
Epoch [14/1000], Training Loss: 0.4550
Validation Loss: 0.5506
No improvement in validation loss. Early stop counter: 4/10
Epoch [15/1000], Training Loss: 0.4526
Validation Loss: 0.5147
New best model found with validation loss: 0.5147
Epoch [16/1000], Training Loss: 0.4480
Validation Loss: 0.4994
New best model found with validation loss: 0.4994
Epoch [17/1000], Training Loss: 0.4490
Validation Loss: 0.4976
New best model found with validation loss: 0.4976
Epoch [18/1000], Training Loss: 0.4431
Validation Loss: 0.5092
No improvement in validation loss. Early stop counter: 1/10
Epoch [19/1000], Training Loss: 0.4415
Validation Loss: 0.4933
New best model found with validation loss: 0.4933
Epoch [20/1000], Training Loss: 0.4393
Validation Loss: 0.5439
No improvement in validation loss. Early stop counter: 1/10
Epoch [21/1000], Training Loss: 0.4352
Validation Loss: 0.5484
No improvement in validation loss. Early stop counter: 2/10
Epoch [22/1000], Training Loss: 0.4325
Validation Loss: 0.5330
No improvement in validation loss. Early stop counter: 3/10
Epoch [23/1000], Training Loss: 0.4324
Validation Loss: 0.4909
New best model found with validation loss: 0.4909
Epoch [24/1000], Training Loss: 0.4312
Validation Loss: 0.5092
No improvement in validation loss. Early stop counter: 1/10
Epoch [25/1000], Training Loss: 0.4291
Validation Loss: 0.5336
No improvement in validation loss. Early stop counter: 2/10
Epoch [26/1000], Training Loss: 0.4287
Validation Loss: 0.4934
No improvement in validation loss. Early stop counter: 3/10
Epoch [27/1000], Training Loss: 0.4276
Validation Loss: 0.5126
No improvement in validation loss. Early stop counter: 4/10
Epoch [28/1000], Training Loss: 0.4278
Validation Loss: 0.5140
No improvement in validation loss. Early stop counter: 5/10
Epoch [29/1000], Training Loss: 0.4277
Validation Loss: 0.4826
New best model found with validation loss: 0.4826
Epoch [30/1000], Training Loss: 0.4256
Validation Loss: 0.5075
No improvement in validation loss. Early stop counter: 1/10
Epoch [31/1000], Training Loss: 0.4219
Validation Loss: 0.5138
No improvement in validation loss. Early stop counter: 2/10
Epoch [32/1000], Training Loss: 0.4215
Validation Loss: 0.4907
No improvement in validation loss. Early stop counter: 3/10
Epoch [33/1000], Training Loss: 0.4223
Validation Loss: 0.5088
No improvement in validation loss. Early stop counter: 4/10
Epoch [34/1000], Training Loss: 0.4212
Validation Loss: 0.5192
No improvement in validation loss. Early stop counter: 5/10
Epoch [35/1000], Training Loss: 0.4202
Validation Loss: 0.4867
No improvement in validation loss. Early stop counter: 6/10
Epoch [36/1000], Training Loss: 0.4189
Validation Loss: 0.5019
No improvement in validation loss. Early stop counter: 7/10
Epoch [37/1000], Training Loss: 0.4221
Validation Loss: 0.4974
No improvement in validation loss. Early stop counter: 8/10
Epoch [38/1000], Training Loss: 0.4190
Validation Loss: 0.4865
No improvement in validation loss. Early stop counter: 9/10
Epoch [39/1000], Training Loss: 0.4192
Validation Loss: 0.4940
No improvement in validation loss. Early stop counter: 10/10
Early stopping triggered after 39 epochs.
Best model for fold 4 saved successfully.

Starting Fold 5/5...
Initializing ClassificationModel with 1 GAT layers and residual connections...
Initializing MCModel with 1 GAT layers and 1 row attention layers...
Initializing CGModel with 1 GAT layers and residual connections...
Initializing CoreModel with 2 self-attention layers...
Using 4 GPUs with DataParallel.
Epoch [1/1000], Training Loss: 0.6922
Validation Loss: 0.6187
New best model found with validation loss: 0.6187
Epoch [2/1000], Training Loss: 0.6241
Validation Loss: 0.5727
New best model found with validation loss: 0.5727
Epoch [3/1000], Training Loss: 0.5840
Validation Loss: 0.5386
New best model found with validation loss: 0.5386
Epoch [4/1000], Training Loss: 0.5470
Validation Loss: 0.5203
New best model found with validation loss: 0.5203
Epoch [5/1000], Training Loss: 0.5294
Validation Loss: 0.5162
New best model found with validation loss: 0.5162
Epoch [6/1000], Training Loss: 0.5120
Validation Loss: 0.5237
No improvement in validation loss. Early stop counter: 1/10
Epoch [7/1000], Training Loss: 0.5007
Validation Loss: 0.5012
New best model found with validation loss: 0.5012
Epoch [8/1000], Training Loss: 0.4902
Validation Loss: 0.5070
No improvement in validation loss. Early stop counter: 1/10
Epoch [9/1000], Training Loss: 0.4861
Validation Loss: 0.5234
No improvement in validation loss. Early stop counter: 2/10
Epoch [10/1000], Training Loss: 0.4787
Validation Loss: 0.5297
No improvement in validation loss. Early stop counter: 3/10
Epoch [11/1000], Training Loss: 0.4655
Validation Loss: 0.5201
No improvement in validation loss. Early stop counter: 4/10
Epoch [12/1000], Training Loss: 0.4639
Validation Loss: 0.5221
No improvement in validation loss. Early stop counter: 5/10
Epoch [13/1000], Training Loss: 0.4609
Validation Loss: 0.5135
No improvement in validation loss. Early stop counter: 6/10
Epoch [14/1000], Training Loss: 0.4577
Validation Loss: 0.4882
New best model found with validation loss: 0.4882
Epoch [15/1000], Training Loss: 0.4531
Validation Loss: 0.5585
No improvement in validation loss. Early stop counter: 1/10
Epoch [16/1000], Training Loss: 0.4504
Validation Loss: 0.4843
New best model found with validation loss: 0.4843
Epoch [17/1000], Training Loss: 0.4484
Validation Loss: 0.4663
New best model found with validation loss: 0.4663
Epoch [18/1000], Training Loss: 0.4487
Validation Loss: 0.4708
No improvement in validation loss. Early stop counter: 1/10
Epoch [19/1000], Training Loss: 0.4473
Validation Loss: 0.5170
No improvement in validation loss. Early stop counter: 2/10
Epoch [20/1000], Training Loss: 0.4430
Validation Loss: 0.4873
No improvement in validation loss. Early stop counter: 3/10
Epoch [21/1000], Training Loss: 0.4389
Validation Loss: 0.5005
No improvement in validation loss. Early stop counter: 4/10
Epoch [22/1000], Training Loss: 0.4361
Validation Loss: 0.4966
No improvement in validation loss. Early stop counter: 5/10
Epoch [23/1000], Training Loss: 0.4368
Validation Loss: 0.4973
No improvement in validation loss. Early stop counter: 6/10
Epoch [24/1000], Training Loss: 0.4343
Validation Loss: 0.4798
No improvement in validation loss. Early stop counter: 7/10
Epoch [25/1000], Training Loss: 0.4324
Validation Loss: 0.5591
No improvement in validation loss. Early stop counter: 8/10
Epoch [26/1000], Training Loss: 0.4333
Validation Loss: 0.5028
No improvement in validation loss. Early stop counter: 9/10
Epoch [27/1000], Training Loss: 0.4326
Validation Loss: 0.4806
No improvement in validation loss. Early stop counter: 10/10
Early stopping triggered after 27 epochs.
Best model for fold 5 saved successfully.

Cross-validation results:
Fold 1: Validation Loss = 0.5054
Fold 2: Validation Loss = 0.5013
Fold 3: Validation Loss = 0.4885
Fold 4: Validation Loss = 0.4826
Fold 5: Validation Loss = 0.4663
Average Validation Loss: 0.4888
