{'batch_size': 4, 'sequence_file': 'padded_sequences_train_3000.npz', 'data_file': 'padded_interfaces_train_3000.npz', 'edge_file': 'padded_edges_train_3000.npz', 'max_len': 3000, 'vocab_size': 23, 'embed_dim': 256, 'num_heads': 16, 'dropout': 0.1, 'num_layers': 1, 'num_gnn_layers': 2, 'num_int_layers': 1, 'num_classes': 2, 'num_epochs': 1000, 'learning_rate': 0.0001, 'max_grad_norm': 0.1, 'validation_split': 0.1, 'early_stop_patience': 10, 'initial_gradient_noise_std': 0.05, 'accumulation_steps': 2}
Number of GPUs available: 4

Starting Fold 1/5...
Initializing ClassificationModel with 2 GAT layers and residual connections...
Initializing MCModel with 2 GAT layers and 1 row attention layers...
Initializing CGModel with 2 GAT layers and residual connections...
Initializing CoreModel with 1 self-attention layers...
Using 4 GPUs with DataParallel.
Epoch [1/1000], Training Loss: 0.3315
Validation Loss: 0.2516
New best model found with validation loss: 0.2516
Epoch [2/1000], Training Loss: 0.2571
Validation Loss: 0.2277
New best model found with validation loss: 0.2277
Epoch [3/1000], Training Loss: 0.2408
Validation Loss: 0.2189
New best model found with validation loss: 0.2189
Epoch [4/1000], Training Loss: 0.2316
Validation Loss: 0.2370
No improvement in validation loss. Early stop counter: 1/10
Epoch [5/1000], Training Loss: 0.2303
Validation Loss: 0.2147
New best model found with validation loss: 0.2147
Epoch [6/1000], Training Loss: 0.2274
Validation Loss: 0.2148
No improvement in validation loss. Early stop counter: 1/10
Epoch [7/1000], Training Loss: 0.2233
Validation Loss: 0.2125
New best model found with validation loss: 0.2125
Epoch [8/1000], Training Loss: 0.2240
Validation Loss: 0.2316
No improvement in validation loss. Early stop counter: 1/10
Epoch [9/1000], Training Loss: 0.2238
Validation Loss: 0.2157
No improvement in validation loss. Early stop counter: 2/10
Epoch [10/1000], Training Loss: 0.2182
Validation Loss: 0.2204
No improvement in validation loss. Early stop counter: 3/10
Epoch [11/1000], Training Loss: 0.2120
Validation Loss: 0.2084
New best model found with validation loss: 0.2084
Epoch [12/1000], Training Loss: 0.2097
Validation Loss: 0.2078
New best model found with validation loss: 0.2078
Epoch [13/1000], Training Loss: 0.2097
Validation Loss: 0.2098
No improvement in validation loss. Early stop counter: 1/10
Epoch [14/1000], Training Loss: 0.2091
Validation Loss: 0.2149
No improvement in validation loss. Early stop counter: 2/10
Epoch [15/1000], Training Loss: 0.2086
Validation Loss: 0.2093
No improvement in validation loss. Early stop counter: 3/10
Epoch [16/1000], Training Loss: 0.2079
Validation Loss: 0.2115
No improvement in validation loss. Early stop counter: 4/10
Epoch [17/1000], Training Loss: 0.2057
Validation Loss: 0.2162
No improvement in validation loss. Early stop counter: 5/10
Epoch [18/1000], Training Loss: 0.2083
Validation Loss: 0.2083
No improvement in validation loss. Early stop counter: 6/10
Epoch [19/1000], Training Loss: 0.2040
Validation Loss: 0.2324
No improvement in validation loss. Early stop counter: 7/10
Epoch [20/1000], Training Loss: 0.2034
Validation Loss: 0.2211
No improvement in validation loss. Early stop counter: 8/10
Epoch [21/1000], Training Loss: 0.1989
Validation Loss: 0.2089
No improvement in validation loss. Early stop counter: 9/10
Epoch [22/1000], Training Loss: 0.1982
Validation Loss: 0.2120
No improvement in validation loss. Early stop counter: 10/10
Early stopping triggered after 22 epochs.
Best model for fold 1 saved successfully.

Starting Fold 2/5...
Initializing ClassificationModel with 2 GAT layers and residual connections...
Initializing MCModel with 2 GAT layers and 1 row attention layers...
Initializing CGModel with 2 GAT layers and residual connections...
Initializing CoreModel with 1 self-attention layers...
Using 4 GPUs with DataParallel.
Epoch [1/1000], Training Loss: 0.3422
Validation Loss: 0.3653
New best model found with validation loss: 0.3653
Epoch [2/1000], Training Loss: 0.2876
Validation Loss: 0.2750
New best model found with validation loss: 0.2750
Epoch [3/1000], Training Loss: 0.2641
Validation Loss: 0.2634
New best model found with validation loss: 0.2634
Epoch [4/1000], Training Loss: 0.2496
Validation Loss: 0.2748
No improvement in validation loss. Early stop counter: 1/10
Epoch [5/1000], Training Loss: 0.2408
Validation Loss: 0.2845
No improvement in validation loss. Early stop counter: 2/10
Epoch [6/1000], Training Loss: 0.2348
Validation Loss: 0.2542
New best model found with validation loss: 0.2542
Epoch [7/1000], Training Loss: 0.2279
Validation Loss: 0.2451
New best model found with validation loss: 0.2451
Epoch [8/1000], Training Loss: 0.2299
Validation Loss: 0.2510
No improvement in validation loss. Early stop counter: 1/10
Epoch [9/1000], Training Loss: 0.2219
Validation Loss: 0.2440
New best model found with validation loss: 0.2440
Epoch [10/1000], Training Loss: 0.2170
Validation Loss: 0.2401
New best model found with validation loss: 0.2401
Epoch [11/1000], Training Loss: 0.2121
Validation Loss: 0.2426
No improvement in validation loss. Early stop counter: 1/10
Epoch [12/1000], Training Loss: 0.2102
Validation Loss: 0.2510
No improvement in validation loss. Early stop counter: 2/10
Epoch [13/1000], Training Loss: 0.2093
Validation Loss: 0.2438
No improvement in validation loss. Early stop counter: 3/10
Epoch [14/1000], Training Loss: 0.2087
Validation Loss: 0.2450
No improvement in validation loss. Early stop counter: 4/10
Epoch [15/1000], Training Loss: 0.2068
Validation Loss: 0.2458
No improvement in validation loss. Early stop counter: 5/10
Epoch [16/1000], Training Loss: 0.2060
Validation Loss: 0.2582
No improvement in validation loss. Early stop counter: 6/10
Epoch [17/1000], Training Loss: 0.2058
Validation Loss: 0.2450
No improvement in validation loss. Early stop counter: 7/10
Epoch [18/1000], Training Loss: 0.2058
Validation Loss: 0.2413
No improvement in validation loss. Early stop counter: 8/10
Epoch [19/1000], Training Loss: 0.2015
Validation Loss: 0.2436
No improvement in validation loss. Early stop counter: 9/10
Epoch [20/1000], Training Loss: 0.2021
Validation Loss: 0.2463
No improvement in validation loss. Early stop counter: 10/10
Early stopping triggered after 20 epochs.
Best model for fold 2 saved successfully.

Starting Fold 3/5...
Initializing ClassificationModel with 2 GAT layers and residual connections...
Initializing MCModel with 2 GAT layers and 1 row attention layers...
Initializing CGModel with 2 GAT layers and residual connections...
Initializing CoreModel with 1 self-attention layers...
Using 4 GPUs with DataParallel.
Epoch [1/1000], Training Loss: 0.3394
Validation Loss: 0.2782
New best model found with validation loss: 0.2782
Epoch [2/1000], Training Loss: 0.2726
Validation Loss: 0.2530
New best model found with validation loss: 0.2530
Epoch [3/1000], Training Loss: 0.2485
Validation Loss: 0.2321
New best model found with validation loss: 0.2321
Epoch [4/1000], Training Loss: 0.2368
Validation Loss: 0.2259
New best model found with validation loss: 0.2259
Epoch [5/1000], Training Loss: 0.2365
Validation Loss: 0.2251
New best model found with validation loss: 0.2251
Epoch [6/1000], Training Loss: 0.2296
Validation Loss: 0.2189
New best model found with validation loss: 0.2189
Epoch [7/1000], Training Loss: 0.2272
Validation Loss: 0.2214
No improvement in validation loss. Early stop counter: 1/10
Epoch [8/1000], Training Loss: 0.2218
Validation Loss: 0.2170
New best model found with validation loss: 0.2170
Epoch [9/1000], Training Loss: 0.2202
Validation Loss: 0.2331
No improvement in validation loss. Early stop counter: 1/10
Epoch [10/1000], Training Loss: 0.2223
Validation Loss: 0.2217
No improvement in validation loss. Early stop counter: 2/10
Epoch [11/1000], Training Loss: 0.2136
Validation Loss: 0.2105
New best model found with validation loss: 0.2105
Epoch [12/1000], Training Loss: 0.2125
Validation Loss: 0.2110
No improvement in validation loss. Early stop counter: 1/10
Epoch [13/1000], Training Loss: 0.2118
Validation Loss: 0.2155
No improvement in validation loss. Early stop counter: 2/10
Epoch [14/1000], Training Loss: 0.2096
Validation Loss: 0.2133
No improvement in validation loss. Early stop counter: 3/10
Epoch [15/1000], Training Loss: 0.2088
Validation Loss: 0.2124
No improvement in validation loss. Early stop counter: 4/10
Epoch [16/1000], Training Loss: 0.2063
Validation Loss: 0.2112
No improvement in validation loss. Early stop counter: 5/10
Epoch [17/1000], Training Loss: 0.2096
Validation Loss: 0.2153
No improvement in validation loss. Early stop counter: 6/10
Epoch [18/1000], Training Loss: 0.2087
Validation Loss: 0.2176
No improvement in validation loss. Early stop counter: 7/10
Epoch [19/1000], Training Loss: 0.2051
Validation Loss: 0.2111
No improvement in validation loss. Early stop counter: 8/10
Epoch [20/1000], Training Loss: 0.2047
Validation Loss: 0.2129
No improvement in validation loss. Early stop counter: 9/10
Epoch [21/1000], Training Loss: 0.2000
Validation Loss: 0.2143
No improvement in validation loss. Early stop counter: 10/10
Early stopping triggered after 21 epochs.
Best model for fold 3 saved successfully.

Starting Fold 4/5...
Initializing ClassificationModel with 2 GAT layers and residual connections...
Initializing MCModel with 2 GAT layers and 1 row attention layers...
Initializing CGModel with 2 GAT layers and residual connections...
Initializing CoreModel with 1 self-attention layers...
Using 4 GPUs with DataParallel.
Epoch [1/1000], Training Loss: 0.3259
Validation Loss: 0.2643
New best model found with validation loss: 0.2643
Epoch [2/1000], Training Loss: 0.2632
Validation Loss: 0.2407
New best model found with validation loss: 0.2407
Epoch [3/1000], Training Loss: 0.2415
Validation Loss: 0.2485
No improvement in validation loss. Early stop counter: 1/10
Epoch [4/1000], Training Loss: 0.2302
Validation Loss: 0.2294
New best model found with validation loss: 0.2294
Epoch [5/1000], Training Loss: 0.2264
Validation Loss: 0.2339
No improvement in validation loss. Early stop counter: 1/10
Epoch [6/1000], Training Loss: 0.2236
Validation Loss: 0.2286
New best model found with validation loss: 0.2286
Epoch [7/1000], Training Loss: 0.2230
Validation Loss: 0.2297
No improvement in validation loss. Early stop counter: 1/10
Epoch [8/1000], Training Loss: 0.2210
Validation Loss: 0.2269
New best model found with validation loss: 0.2269
Epoch [9/1000], Training Loss: 0.2196
Validation Loss: 0.2330
No improvement in validation loss. Early stop counter: 1/10
Epoch [10/1000], Training Loss: 0.2139
Validation Loss: 0.2367
No improvement in validation loss. Early stop counter: 2/10
Epoch [11/1000], Training Loss: 0.2102
Validation Loss: 0.2210
New best model found with validation loss: 0.2210
Epoch [12/1000], Training Loss: 0.2082
Validation Loss: 0.2248
No improvement in validation loss. Early stop counter: 1/10
Epoch [13/1000], Training Loss: 0.2065
Validation Loss: 0.2189
New best model found with validation loss: 0.2189
Epoch [14/1000], Training Loss: 0.2055
Validation Loss: 0.2271
No improvement in validation loss. Early stop counter: 1/10
Epoch [15/1000], Training Loss: 0.2053
Validation Loss: 0.2237
No improvement in validation loss. Early stop counter: 2/10
Epoch [16/1000], Training Loss: 0.2014
Validation Loss: 0.2236
No improvement in validation loss. Early stop counter: 3/10
Epoch [17/1000], Training Loss: 0.2015
Validation Loss: 0.2217
No improvement in validation loss. Early stop counter: 4/10
Epoch [18/1000], Training Loss: 0.2016
Validation Loss: 0.2291
No improvement in validation loss. Early stop counter: 5/10
Epoch [19/1000], Training Loss: 0.1992
Validation Loss: 0.2268
No improvement in validation loss. Early stop counter: 6/10
Epoch [20/1000], Training Loss: 0.2019
Validation Loss: 0.2256
No improvement in validation loss. Early stop counter: 7/10
Epoch [21/1000], Training Loss: 0.1970
Validation Loss: 0.2254
No improvement in validation loss. Early stop counter: 8/10
Epoch [22/1000], Training Loss: 0.1963
Validation Loss: 0.2244
No improvement in validation loss. Early stop counter: 9/10
Epoch [23/1000], Training Loss: 0.1941
Validation Loss: 0.2271
No improvement in validation loss. Early stop counter: 10/10
Early stopping triggered after 23 epochs.
Best model for fold 4 saved successfully.

Starting Fold 5/5...
Initializing ClassificationModel with 2 GAT layers and residual connections...
Initializing MCModel with 2 GAT layers and 1 row attention layers...
Initializing CGModel with 2 GAT layers and residual connections...
Initializing CoreModel with 1 self-attention layers...
Using 4 GPUs with DataParallel.
Epoch [1/1000], Training Loss: 0.3701
Validation Loss: 0.3009
New best model found with validation loss: 0.3009
Epoch [2/1000], Training Loss: 0.2956
Validation Loss: 0.2749
New best model found with validation loss: 0.2749
Epoch [3/1000], Training Loss: 0.2826
Validation Loss: 0.2652
New best model found with validation loss: 0.2652
Epoch [4/1000], Training Loss: 0.2723
Validation Loss: 0.2663
No improvement in validation loss. Early stop counter: 1/10
Epoch [5/1000], Training Loss: 0.2682
Validation Loss: 0.2644
New best model found with validation loss: 0.2644
Epoch [6/1000], Training Loss: 0.2618
Validation Loss: 0.2473
New best model found with validation loss: 0.2473
Epoch [7/1000], Training Loss: 0.2546
Validation Loss: 0.2442
New best model found with validation loss: 0.2442
Epoch [8/1000], Training Loss: 0.2511
Validation Loss: 0.2552
No improvement in validation loss. Early stop counter: 1/10
Epoch [9/1000], Training Loss: 0.2507
Validation Loss: 0.2439
New best model found with validation loss: 0.2439
Epoch [10/1000], Training Loss: 0.2523
Validation Loss: 0.2338
New best model found with validation loss: 0.2338
Epoch [11/1000], Training Loss: 0.2363
Validation Loss: 0.2561
No improvement in validation loss. Early stop counter: 1/10
Epoch [12/1000], Training Loss: 0.2323
Validation Loss: 0.2334
New best model found with validation loss: 0.2334
Epoch [13/1000], Training Loss: 0.2309
Validation Loss: 0.2343
No improvement in validation loss. Early stop counter: 1/10
Epoch [14/1000], Training Loss: 0.2319
Validation Loss: 0.2404
No improvement in validation loss. Early stop counter: 2/10
Epoch [15/1000], Training Loss: 0.2254
Validation Loss: 0.2255
New best model found with validation loss: 0.2255
Epoch [16/1000], Training Loss: 0.2235
Validation Loss: 0.2273
No improvement in validation loss. Early stop counter: 1/10
Epoch [17/1000], Training Loss: 0.2207
Validation Loss: 0.2285
No improvement in validation loss. Early stop counter: 2/10
Epoch [18/1000], Training Loss: 0.2237
Validation Loss: 0.2256
No improvement in validation loss. Early stop counter: 3/10
Epoch [19/1000], Training Loss: 0.2205
Validation Loss: 0.2232
New best model found with validation loss: 0.2232
Epoch [20/1000], Training Loss: 0.2168
Validation Loss: 0.2358
No improvement in validation loss. Early stop counter: 1/10
Epoch [21/1000], Training Loss: 0.2144
Validation Loss: 0.2246
No improvement in validation loss. Early stop counter: 2/10
Epoch [22/1000], Training Loss: 0.2119
Validation Loss: 0.2216
New best model found with validation loss: 0.2216
Epoch [23/1000], Training Loss: 0.2122
Validation Loss: 0.2208
New best model found with validation loss: 0.2208
Epoch [24/1000], Training Loss: 0.2099
Validation Loss: 0.2217
No improvement in validation loss. Early stop counter: 1/10
Epoch [25/1000], Training Loss: 0.2083
Validation Loss: 0.2296
No improvement in validation loss. Early stop counter: 2/10
Epoch [26/1000], Training Loss: 0.2075
Validation Loss: 0.2269
No improvement in validation loss. Early stop counter: 3/10
Epoch [27/1000], Training Loss: 0.2072
Validation Loss: 0.2237
No improvement in validation loss. Early stop counter: 4/10
Epoch [28/1000], Training Loss: 0.2095
Validation Loss: 0.2215
No improvement in validation loss. Early stop counter: 5/10
Epoch [29/1000], Training Loss: 0.2066
Validation Loss: 0.2269
No improvement in validation loss. Early stop counter: 6/10
Epoch [30/1000], Training Loss: 0.2056
Validation Loss: 0.2217
No improvement in validation loss. Early stop counter: 7/10
Epoch [31/1000], Training Loss: 0.2038
Validation Loss: 0.2206
New best model found with validation loss: 0.2206
Epoch [32/1000], Training Loss: 0.2037
Validation Loss: 0.2277
No improvement in validation loss. Early stop counter: 1/10
Epoch [33/1000], Training Loss: 0.2027
Validation Loss: 0.2266
No improvement in validation loss. Early stop counter: 2/10
Epoch [34/1000], Training Loss: 0.2043
Validation Loss: 0.2231
No improvement in validation loss. Early stop counter: 3/10
Epoch [35/1000], Training Loss: 0.2018
Validation Loss: 0.2249
No improvement in validation loss. Early stop counter: 4/10
Epoch [36/1000], Training Loss: 0.2019
Validation Loss: 0.2220
No improvement in validation loss. Early stop counter: 5/10
Epoch [37/1000], Training Loss: 0.2029
Validation Loss: 0.2224
No improvement in validation loss. Early stop counter: 6/10
Epoch [38/1000], Training Loss: 0.2001
Validation Loss: 0.2227
No improvement in validation loss. Early stop counter: 7/10
Epoch [39/1000], Training Loss: 0.2018
Validation Loss: 0.2234
No improvement in validation loss. Early stop counter: 8/10
Epoch [40/1000], Training Loss: 0.2022
Validation Loss: 0.2270
No improvement in validation loss. Early stop counter: 9/10
Epoch [41/1000], Training Loss: 0.1984
Validation Loss: 0.2246
No improvement in validation loss. Early stop counter: 10/10
Early stopping triggered after 41 epochs.
Best model for fold 5 saved successfully.

Cross-validation results:
Fold 1: Validation Loss = 0.2078
Fold 2: Validation Loss = 0.2401
Fold 3: Validation Loss = 0.2105
Fold 4: Validation Loss = 0.2189
Fold 5: Validation Loss = 0.2206
Average Validation Loss: 0.2196
