{'batch_size': 4, 'sequence_file': 'padded_sequences_train_3000.npz', 'data_file': 'padded_interfaces_train_3000.npz', 'edge_file': 'padded_edges_train_3000.npz', 'max_len': 3000, 'vocab_size': 23, 'embed_dim': 256, 'num_heads': 16, 'dropout': 0.1, 'num_layers': 1, 'num_gnn_layers': 1, 'num_int_layers': 2, 'num_classes': 2, 'num_epochs': 1000, 'learning_rate': 0.0001, 'max_grad_norm': 0.1, 'validation_split': 0.1, 'early_stop_patience': 10, 'initial_gradient_noise_std': 0.05, 'accumulation_steps': 2}
Number of GPUs available: 4

Starting Fold 1/5...
Initializing ClassificationModel with 1 GAT layers and residual connections...
Initializing MCModel with 1 GAT layers and 2 row attention layers...
Initializing CGModel with 1 GAT layers and residual connections...
Initializing CoreModel with 1 self-attention layers...
Using 4 GPUs with DataParallel.
Epoch [1/1000], Training Loss: 0.7091
Validation Loss: 0.6178
New best model found with validation loss: 0.6178
Epoch [2/1000], Training Loss: 0.6083
Validation Loss: 0.5880
New best model found with validation loss: 0.5880
Epoch [3/1000], Training Loss: 0.5615
Validation Loss: 0.5515
New best model found with validation loss: 0.5515
Epoch [4/1000], Training Loss: 0.5300
Validation Loss: 0.5326
New best model found with validation loss: 0.5326
Epoch [5/1000], Training Loss: 0.5088
Validation Loss: 0.5267
New best model found with validation loss: 0.5267
Epoch [6/1000], Training Loss: 0.5023
Validation Loss: 0.5133
New best model found with validation loss: 0.5133
Epoch [7/1000], Training Loss: 0.4890
Validation Loss: 0.5311
No improvement in validation loss. Early stop counter: 1/10
Epoch [8/1000], Training Loss: 0.4829
Validation Loss: 0.5152
No improvement in validation loss. Early stop counter: 2/10
Epoch [9/1000], Training Loss: 0.4797
Validation Loss: 0.4991
New best model found with validation loss: 0.4991
Epoch [10/1000], Training Loss: 0.4732
Validation Loss: 0.5303
No improvement in validation loss. Early stop counter: 1/10
Epoch [11/1000], Training Loss: 0.4646
Validation Loss: 0.5006
No improvement in validation loss. Early stop counter: 2/10
Epoch [12/1000], Training Loss: 0.4575
Validation Loss: 0.4845
New best model found with validation loss: 0.4845
Epoch [13/1000], Training Loss: 0.4534
Validation Loss: 0.4916
No improvement in validation loss. Early stop counter: 1/10
Epoch [14/1000], Training Loss: 0.4485
Validation Loss: 0.4809
New best model found with validation loss: 0.4809
Epoch [15/1000], Training Loss: 0.4463
Validation Loss: 0.4749
New best model found with validation loss: 0.4749
Epoch [16/1000], Training Loss: 0.4458
Validation Loss: 0.4909
No improvement in validation loss. Early stop counter: 1/10
Epoch [17/1000], Training Loss: 0.4426
Validation Loss: 0.4826
No improvement in validation loss. Early stop counter: 2/10
Epoch [18/1000], Training Loss: 0.4386
Validation Loss: 0.4640
New best model found with validation loss: 0.4640
Epoch [19/1000], Training Loss: 0.4375
Validation Loss: 0.4677
No improvement in validation loss. Early stop counter: 1/10
Epoch [20/1000], Training Loss: 0.4346
Validation Loss: 0.4664
No improvement in validation loss. Early stop counter: 2/10
Epoch [21/1000], Training Loss: 0.4303
Validation Loss: 0.4723
No improvement in validation loss. Early stop counter: 3/10
Epoch [22/1000], Training Loss: 0.4297
Validation Loss: 0.4621
New best model found with validation loss: 0.4621
Epoch [23/1000], Training Loss: 0.4275
Validation Loss: 0.4696
No improvement in validation loss. Early stop counter: 1/10
Epoch [24/1000], Training Loss: 0.4270
Validation Loss: 0.4622
No improvement in validation loss. Early stop counter: 2/10
Epoch [25/1000], Training Loss: 0.4262
Validation Loss: 0.4617
New best model found with validation loss: 0.4617
Epoch [26/1000], Training Loss: 0.4239
Validation Loss: 0.4626
No improvement in validation loss. Early stop counter: 1/10
Epoch [27/1000], Training Loss: 0.4241
Validation Loss: 0.4891
No improvement in validation loss. Early stop counter: 2/10
Epoch [28/1000], Training Loss: 0.4212
Validation Loss: 0.4632
No improvement in validation loss. Early stop counter: 3/10
Epoch [29/1000], Training Loss: 0.4201
Validation Loss: 0.4569
New best model found with validation loss: 0.4569
Epoch [30/1000], Training Loss: 0.4197
Validation Loss: 0.4542
New best model found with validation loss: 0.4542
Epoch [31/1000], Training Loss: 0.4171
Validation Loss: 0.4528
New best model found with validation loss: 0.4528
Epoch [32/1000], Training Loss: 0.4148
Validation Loss: 0.4629
No improvement in validation loss. Early stop counter: 1/10
Epoch [33/1000], Training Loss: 0.4144
Validation Loss: 0.4569
No improvement in validation loss. Early stop counter: 2/10
Epoch [34/1000], Training Loss: 0.4149
Validation Loss: 0.4585
No improvement in validation loss. Early stop counter: 3/10
Epoch [35/1000], Training Loss: 0.4137
Validation Loss: 0.4590
No improvement in validation loss. Early stop counter: 4/10
Epoch [36/1000], Training Loss: 0.4136
Validation Loss: 0.4569
No improvement in validation loss. Early stop counter: 5/10
Epoch [37/1000], Training Loss: 0.4122
Validation Loss: 0.4552
No improvement in validation loss. Early stop counter: 6/10
Epoch [38/1000], Training Loss: 0.4109
Validation Loss: 0.4569
No improvement in validation loss. Early stop counter: 7/10
Epoch [39/1000], Training Loss: 0.4137
Validation Loss: 0.4520
New best model found with validation loss: 0.4520
Epoch [40/1000], Training Loss: 0.4136
Validation Loss: 0.4504
New best model found with validation loss: 0.4504
Epoch [41/1000], Training Loss: 0.4096
Validation Loss: 0.4507
No improvement in validation loss. Early stop counter: 1/10
Epoch [42/1000], Training Loss: 0.4099
Validation Loss: 0.4508
No improvement in validation loss. Early stop counter: 2/10
Epoch [43/1000], Training Loss: 0.4084
Validation Loss: 0.4547
No improvement in validation loss. Early stop counter: 3/10
Epoch [44/1000], Training Loss: 0.4099
Validation Loss: 0.4542
No improvement in validation loss. Early stop counter: 4/10
Epoch [45/1000], Training Loss: 0.4078
Validation Loss: 0.4546
No improvement in validation loss. Early stop counter: 5/10
Epoch [46/1000], Training Loss: 0.4071
Validation Loss: 0.4513
No improvement in validation loss. Early stop counter: 6/10
Epoch [47/1000], Training Loss: 0.4072
Validation Loss: 0.4529
No improvement in validation loss. Early stop counter: 7/10
Epoch [48/1000], Training Loss: 0.4073
Validation Loss: 0.4521
No improvement in validation loss. Early stop counter: 8/10
Epoch [49/1000], Training Loss: 0.4067
Validation Loss: 0.4520
No improvement in validation loss. Early stop counter: 9/10
Epoch [50/1000], Training Loss: 0.4085
Validation Loss: 0.4500
New best model found with validation loss: 0.4500
Epoch [51/1000], Training Loss: 0.4067
Validation Loss: 0.4510
No improvement in validation loss. Early stop counter: 1/10
Epoch [52/1000], Training Loss: 0.4070
Validation Loss: 0.4493
New best model found with validation loss: 0.4493
Epoch [53/1000], Training Loss: 0.4072
Validation Loss: 0.4492
New best model found with validation loss: 0.4492
Epoch [54/1000], Training Loss: 0.4054
Validation Loss: 0.4517
No improvement in validation loss. Early stop counter: 1/10
Epoch [55/1000], Training Loss: 0.4053
Validation Loss: 0.4513
No improvement in validation loss. Early stop counter: 2/10
Epoch [56/1000], Training Loss: 0.4054
Validation Loss: 0.4531
No improvement in validation loss. Early stop counter: 3/10
Epoch [57/1000], Training Loss: 0.4062
Validation Loss: 0.4511
No improvement in validation loss. Early stop counter: 4/10
Epoch [58/1000], Training Loss: 0.4037
Validation Loss: 0.4503
No improvement in validation loss. Early stop counter: 5/10
Epoch [59/1000], Training Loss: 0.4039
Validation Loss: 0.4496
No improvement in validation loss. Early stop counter: 6/10
Epoch [60/1000], Training Loss: 0.4040
Validation Loss: 0.4523
No improvement in validation loss. Early stop counter: 7/10
Epoch [61/1000], Training Loss: 0.4032
Validation Loss: 0.4502
No improvement in validation loss. Early stop counter: 8/10
Epoch [62/1000], Training Loss: 0.4012
Validation Loss: 0.4503
No improvement in validation loss. Early stop counter: 9/10
Epoch [63/1000], Training Loss: 0.4026
Validation Loss: 0.4493
No improvement in validation loss. Early stop counter: 10/10
Early stopping triggered after 63 epochs.
Best model for fold 1 saved successfully.

Starting Fold 2/5...
Initializing ClassificationModel with 1 GAT layers and residual connections...
Initializing MCModel with 1 GAT layers and 2 row attention layers...
Initializing CGModel with 1 GAT layers and residual connections...
Initializing CoreModel with 1 self-attention layers...
Using 4 GPUs with DataParallel.
Epoch [1/1000], Training Loss: 0.6710
Validation Loss: 0.5894
New best model found with validation loss: 0.5894
Epoch [2/1000], Training Loss: 0.5702
Validation Loss: 0.5292
New best model found with validation loss: 0.5292
Epoch [3/1000], Training Loss: 0.5334
Validation Loss: 0.5224
New best model found with validation loss: 0.5224
Epoch [4/1000], Training Loss: 0.5124
Validation Loss: 0.5145
New best model found with validation loss: 0.5145
Epoch [5/1000], Training Loss: 0.4927
Validation Loss: 0.5066
New best model found with validation loss: 0.5066
Epoch [6/1000], Training Loss: 0.4783
Validation Loss: 0.5038
New best model found with validation loss: 0.5038
Epoch [7/1000], Training Loss: 0.4732
Validation Loss: 0.4701
New best model found with validation loss: 0.4701
Epoch [8/1000], Training Loss: 0.4642
Validation Loss: 0.4795
No improvement in validation loss. Early stop counter: 1/10
Epoch [9/1000], Training Loss: 0.4577
Validation Loss: 0.4608
New best model found with validation loss: 0.4608
Epoch [10/1000], Training Loss: 0.4601
Validation Loss: 0.4690
No improvement in validation loss. Early stop counter: 1/10
Epoch [11/1000], Training Loss: 0.4452
Validation Loss: 0.4570
New best model found with validation loss: 0.4570
Epoch [12/1000], Training Loss: 0.4415
Validation Loss: 0.4488
New best model found with validation loss: 0.4488
Epoch [13/1000], Training Loss: 0.4357
Validation Loss: 0.4491
No improvement in validation loss. Early stop counter: 1/10
Epoch [14/1000], Training Loss: 0.4349
Validation Loss: 0.4619
No improvement in validation loss. Early stop counter: 2/10
Epoch [15/1000], Training Loss: 0.4315
Validation Loss: 0.4529
No improvement in validation loss. Early stop counter: 3/10
Epoch [16/1000], Training Loss: 0.4304
Validation Loss: 0.4496
No improvement in validation loss. Early stop counter: 4/10
Epoch [17/1000], Training Loss: 0.4297
Validation Loss: 0.4538
No improvement in validation loss. Early stop counter: 5/10
Epoch [18/1000], Training Loss: 0.4255
Validation Loss: 0.4495
No improvement in validation loss. Early stop counter: 6/10
Epoch [19/1000], Training Loss: 0.4267
Validation Loss: 0.4404
New best model found with validation loss: 0.4404
Epoch [20/1000], Training Loss: 0.4240
Validation Loss: 0.4446
No improvement in validation loss. Early stop counter: 1/10
Epoch [21/1000], Training Loss: 0.4197
Validation Loss: 0.4413
No improvement in validation loss. Early stop counter: 2/10
Epoch [22/1000], Training Loss: 0.4201
Validation Loss: 0.4564
No improvement in validation loss. Early stop counter: 3/10
Epoch [23/1000], Training Loss: 0.4187
Validation Loss: 0.4553
No improvement in validation loss. Early stop counter: 4/10
Epoch [24/1000], Training Loss: 0.4178
Validation Loss: 0.4440
No improvement in validation loss. Early stop counter: 5/10
Epoch [25/1000], Training Loss: 0.4143
Validation Loss: 0.4462
No improvement in validation loss. Early stop counter: 6/10
Epoch [26/1000], Training Loss: 0.4151
Validation Loss: 0.4433
No improvement in validation loss. Early stop counter: 7/10
Epoch [27/1000], Training Loss: 0.4124
Validation Loss: 0.4421
No improvement in validation loss. Early stop counter: 8/10
Epoch [28/1000], Training Loss: 0.4158
Validation Loss: 0.4514
No improvement in validation loss. Early stop counter: 9/10
Epoch [29/1000], Training Loss: 0.4132
Validation Loss: 0.4563
No improvement in validation loss. Early stop counter: 10/10
Early stopping triggered after 29 epochs.
Best model for fold 2 saved successfully.

Starting Fold 3/5...
Initializing ClassificationModel with 1 GAT layers and residual connections...
Initializing MCModel with 1 GAT layers and 2 row attention layers...
Initializing CGModel with 1 GAT layers and residual connections...
Initializing CoreModel with 1 self-attention layers...
Using 4 GPUs with DataParallel.
Epoch [1/1000], Training Loss: 0.6914
Validation Loss: 0.6035
New best model found with validation loss: 0.6035
Epoch [2/1000], Training Loss: 0.5897
Validation Loss: 0.5280
New best model found with validation loss: 0.5280
Epoch [3/1000], Training Loss: 0.5420
Validation Loss: 0.5364
No improvement in validation loss. Early stop counter: 1/10
Epoch [4/1000], Training Loss: 0.5232
Validation Loss: 0.5106
New best model found with validation loss: 0.5106
Epoch [5/1000], Training Loss: 0.5128
Validation Loss: 0.4893
New best model found with validation loss: 0.4893
Epoch [6/1000], Training Loss: 0.5013
Validation Loss: 0.4796
New best model found with validation loss: 0.4796
Epoch [7/1000], Training Loss: 0.4897
Validation Loss: 0.4702
New best model found with validation loss: 0.4702
Epoch [8/1000], Training Loss: 0.4829
Validation Loss: 0.4805
No improvement in validation loss. Early stop counter: 1/10
Epoch [9/1000], Training Loss: 0.4784
Validation Loss: 0.4540
New best model found with validation loss: 0.4540
Epoch [10/1000], Training Loss: 0.4719
Validation Loss: 0.4682
No improvement in validation loss. Early stop counter: 1/10
Epoch [11/1000], Training Loss: 0.4586
Validation Loss: 0.4469
New best model found with validation loss: 0.4469
Epoch [12/1000], Training Loss: 0.4572
Validation Loss: 0.4633
No improvement in validation loss. Early stop counter: 1/10
Epoch [13/1000], Training Loss: 0.4516
Validation Loss: 0.4354
New best model found with validation loss: 0.4354
Epoch [14/1000], Training Loss: 0.4466
Validation Loss: 0.4341
New best model found with validation loss: 0.4341
Epoch [15/1000], Training Loss: 0.4452
Validation Loss: 0.4379
No improvement in validation loss. Early stop counter: 1/10
Epoch [16/1000], Training Loss: 0.4440
Validation Loss: 0.4340
New best model found with validation loss: 0.4340
Epoch [17/1000], Training Loss: 0.4411
Validation Loss: 0.4251
New best model found with validation loss: 0.4251
Epoch [18/1000], Training Loss: 0.4378
Validation Loss: 0.4343
No improvement in validation loss. Early stop counter: 1/10
Epoch [19/1000], Training Loss: 0.4365
Validation Loss: 0.4288
No improvement in validation loss. Early stop counter: 2/10
Epoch [20/1000], Training Loss: 0.4332
Validation Loss: 0.4268
No improvement in validation loss. Early stop counter: 3/10
Epoch [21/1000], Training Loss: 0.4321
Validation Loss: 0.4273
No improvement in validation loss. Early stop counter: 4/10
Epoch [22/1000], Training Loss: 0.4284
Validation Loss: 0.4306
No improvement in validation loss. Early stop counter: 5/10
Epoch [23/1000], Training Loss: 0.4272
Validation Loss: 0.4235
New best model found with validation loss: 0.4235
Epoch [24/1000], Training Loss: 0.4314
Validation Loss: 0.4199
New best model found with validation loss: 0.4199
Epoch [25/1000], Training Loss: 0.4287
Validation Loss: 0.4243
No improvement in validation loss. Early stop counter: 1/10
Epoch [26/1000], Training Loss: 0.4268
Validation Loss: 0.4243
No improvement in validation loss. Early stop counter: 2/10
Epoch [27/1000], Training Loss: 0.4274
Validation Loss: 0.4186
New best model found with validation loss: 0.4186
Epoch [28/1000], Training Loss: 0.4229
Validation Loss: 0.4182
New best model found with validation loss: 0.4182
Epoch [29/1000], Training Loss: 0.4238
Validation Loss: 0.4270
No improvement in validation loss. Early stop counter: 1/10
Epoch [30/1000], Training Loss: 0.4210
Validation Loss: 0.4213
No improvement in validation loss. Early stop counter: 2/10
Epoch [31/1000], Training Loss: 0.4210
Validation Loss: 0.4206
No improvement in validation loss. Early stop counter: 3/10
Epoch [32/1000], Training Loss: 0.4188
Validation Loss: 0.4156
New best model found with validation loss: 0.4156
Epoch [33/1000], Training Loss: 0.4178
Validation Loss: 0.4210
No improvement in validation loss. Early stop counter: 1/10
Epoch [34/1000], Training Loss: 0.4194
Validation Loss: 0.4219
No improvement in validation loss. Early stop counter: 2/10
Epoch [35/1000], Training Loss: 0.4194
Validation Loss: 0.4196
No improvement in validation loss. Early stop counter: 3/10
Epoch [36/1000], Training Loss: 0.4180
Validation Loss: 0.4177
No improvement in validation loss. Early stop counter: 4/10
Epoch [37/1000], Training Loss: 0.4183
Validation Loss: 0.4162
No improvement in validation loss. Early stop counter: 5/10
Epoch [38/1000], Training Loss: 0.4177
Validation Loss: 0.4166
No improvement in validation loss. Early stop counter: 6/10
Epoch [39/1000], Training Loss: 0.4158
Validation Loss: 0.4187
No improvement in validation loss. Early stop counter: 7/10
Epoch [40/1000], Training Loss: 0.4157
Validation Loss: 0.4136
New best model found with validation loss: 0.4136
Epoch [41/1000], Training Loss: 0.4144
Validation Loss: 0.4147
No improvement in validation loss. Early stop counter: 1/10
Epoch [42/1000], Training Loss: 0.4143
Validation Loss: 0.4141
No improvement in validation loss. Early stop counter: 2/10
Epoch [43/1000], Training Loss: 0.4153
Validation Loss: 0.4126
New best model found with validation loss: 0.4126
Epoch [44/1000], Training Loss: 0.4130
Validation Loss: 0.4196
No improvement in validation loss. Early stop counter: 1/10
Epoch [45/1000], Training Loss: 0.4137
Validation Loss: 0.4179
No improvement in validation loss. Early stop counter: 2/10
Epoch [46/1000], Training Loss: 0.4131
Validation Loss: 0.4167
No improvement in validation loss. Early stop counter: 3/10
Epoch [47/1000], Training Loss: 0.4133
Validation Loss: 0.4145
No improvement in validation loss. Early stop counter: 4/10
Epoch [48/1000], Training Loss: 0.4124
Validation Loss: 0.4182
No improvement in validation loss. Early stop counter: 5/10
Epoch [49/1000], Training Loss: 0.4149
Validation Loss: 0.4137
No improvement in validation loss. Early stop counter: 6/10
Epoch [50/1000], Training Loss: 0.4133
Validation Loss: 0.4159
No improvement in validation loss. Early stop counter: 7/10
Epoch [51/1000], Training Loss: 0.4127
Validation Loss: 0.4176
No improvement in validation loss. Early stop counter: 8/10
Epoch [52/1000], Training Loss: 0.4117
Validation Loss: 0.4145
No improvement in validation loss. Early stop counter: 9/10
Epoch [53/1000], Training Loss: 0.4126
Validation Loss: 0.4154
No improvement in validation loss. Early stop counter: 10/10
Early stopping triggered after 53 epochs.
Best model for fold 3 saved successfully.

Starting Fold 4/5...
Initializing ClassificationModel with 1 GAT layers and residual connections...
Initializing MCModel with 1 GAT layers and 2 row attention layers...
Initializing CGModel with 1 GAT layers and residual connections...
Initializing CoreModel with 1 self-attention layers...
Using 4 GPUs with DataParallel.
Epoch [1/1000], Training Loss: 0.6831
Validation Loss: 0.6029
New best model found with validation loss: 0.6029
Epoch [2/1000], Training Loss: 0.6051
Validation Loss: 0.6058
No improvement in validation loss. Early stop counter: 1/10
Epoch [3/1000], Training Loss: 0.5671
Validation Loss: 0.5718
New best model found with validation loss: 0.5718
Epoch [4/1000], Training Loss: 0.5310
Validation Loss: 0.5410
New best model found with validation loss: 0.5410
Epoch [5/1000], Training Loss: 0.5216
Validation Loss: 0.5177
New best model found with validation loss: 0.5177
Epoch [6/1000], Training Loss: 0.5095
Validation Loss: 0.4901
New best model found with validation loss: 0.4901
Epoch [7/1000], Training Loss: 0.4926
Validation Loss: 0.4906
No improvement in validation loss. Early stop counter: 1/10
Epoch [8/1000], Training Loss: 0.4860
Validation Loss: 0.4746
New best model found with validation loss: 0.4746
Epoch [9/1000], Training Loss: 0.4809
Validation Loss: 0.4974
No improvement in validation loss. Early stop counter: 1/10
Epoch [10/1000], Training Loss: 0.4679
Validation Loss: 0.4994
No improvement in validation loss. Early stop counter: 2/10
Epoch [11/1000], Training Loss: 0.4566
Validation Loss: 0.4567
New best model found with validation loss: 0.4567
Epoch [12/1000], Training Loss: 0.4488
Validation Loss: 0.4562
New best model found with validation loss: 0.4562
Epoch [13/1000], Training Loss: 0.4438
Validation Loss: 0.4601
No improvement in validation loss. Early stop counter: 1/10
Epoch [14/1000], Training Loss: 0.4411
Validation Loss: 0.4475
New best model found with validation loss: 0.4475
Epoch [15/1000], Training Loss: 0.4362
Validation Loss: 0.4499
No improvement in validation loss. Early stop counter: 1/10
Epoch [16/1000], Training Loss: 0.4353
Validation Loss: 0.4442
New best model found with validation loss: 0.4442
Epoch [17/1000], Training Loss: 0.4319
Validation Loss: 0.4432
New best model found with validation loss: 0.4432
Epoch [18/1000], Training Loss: 0.4246
Validation Loss: 0.4629
No improvement in validation loss. Early stop counter: 1/10
Epoch [19/1000], Training Loss: 0.4278
Validation Loss: 0.4623
No improvement in validation loss. Early stop counter: 2/10
Epoch [20/1000], Training Loss: 0.4233
Validation Loss: 0.4673
No improvement in validation loss. Early stop counter: 3/10
Epoch [21/1000], Training Loss: 0.4189
Validation Loss: 0.4471
No improvement in validation loss. Early stop counter: 4/10
Epoch [22/1000], Training Loss: 0.4164
Validation Loss: 0.4403
New best model found with validation loss: 0.4403
Epoch [23/1000], Training Loss: 0.4137
Validation Loss: 0.4409
No improvement in validation loss. Early stop counter: 1/10
Epoch [24/1000], Training Loss: 0.4141
Validation Loss: 0.4381
New best model found with validation loss: 0.4381
Epoch [25/1000], Training Loss: 0.4136
Validation Loss: 0.4390
No improvement in validation loss. Early stop counter: 1/10
Epoch [26/1000], Training Loss: 0.4132
Validation Loss: 0.4494
No improvement in validation loss. Early stop counter: 2/10
Epoch [27/1000], Training Loss: 0.4141
Validation Loss: 0.4424
No improvement in validation loss. Early stop counter: 3/10
Epoch [28/1000], Training Loss: 0.4114
Validation Loss: 0.4406
No improvement in validation loss. Early stop counter: 4/10
Epoch [29/1000], Training Loss: 0.4112
Validation Loss: 0.4344
New best model found with validation loss: 0.4344
Epoch [30/1000], Training Loss: 0.4091
Validation Loss: 0.4344
New best model found with validation loss: 0.4344
Epoch [31/1000], Training Loss: 0.4065
Validation Loss: 0.4439
No improvement in validation loss. Early stop counter: 1/10
Epoch [32/1000], Training Loss: 0.4055
Validation Loss: 0.4425
No improvement in validation loss. Early stop counter: 2/10
Epoch [33/1000], Training Loss: 0.4064
Validation Loss: 0.4344
No improvement in validation loss. Early stop counter: 3/10
Epoch [34/1000], Training Loss: 0.4047
Validation Loss: 0.4398
No improvement in validation loss. Early stop counter: 4/10
Epoch [35/1000], Training Loss: 0.4075
Validation Loss: 0.4334
New best model found with validation loss: 0.4334
Epoch [36/1000], Training Loss: 0.4042
Validation Loss: 0.4400
No improvement in validation loss. Early stop counter: 1/10
Epoch [37/1000], Training Loss: 0.4048
Validation Loss: 0.4336
No improvement in validation loss. Early stop counter: 2/10
Epoch [38/1000], Training Loss: 0.4018
Validation Loss: 0.4362
No improvement in validation loss. Early stop counter: 3/10
Epoch [39/1000], Training Loss: 0.4030
Validation Loss: 0.4389
No improvement in validation loss. Early stop counter: 4/10
Epoch [40/1000], Training Loss: 0.4022
Validation Loss: 0.4455
No improvement in validation loss. Early stop counter: 5/10
Epoch [41/1000], Training Loss: 0.4012
Validation Loss: 0.4302
New best model found with validation loss: 0.4302
Epoch [42/1000], Training Loss: 0.4020
Validation Loss: 0.4349
No improvement in validation loss. Early stop counter: 1/10
Epoch [43/1000], Training Loss: 0.4019
Validation Loss: 0.4411
No improvement in validation loss. Early stop counter: 2/10
Epoch [44/1000], Training Loss: 0.4004
Validation Loss: 0.4343
No improvement in validation loss. Early stop counter: 3/10
Epoch [45/1000], Training Loss: 0.3981
Validation Loss: 0.4366
No improvement in validation loss. Early stop counter: 4/10
Epoch [46/1000], Training Loss: 0.3997
Validation Loss: 0.4328
No improvement in validation loss. Early stop counter: 5/10
Epoch [47/1000], Training Loss: 0.4000
Validation Loss: 0.4352
No improvement in validation loss. Early stop counter: 6/10
Epoch [48/1000], Training Loss: 0.3988
Validation Loss: 0.4321
No improvement in validation loss. Early stop counter: 7/10
Epoch [49/1000], Training Loss: 0.3994
Validation Loss: 0.4331
No improvement in validation loss. Early stop counter: 8/10
Epoch [50/1000], Training Loss: 0.3989
Validation Loss: 0.4335
No improvement in validation loss. Early stop counter: 9/10
Epoch [51/1000], Training Loss: 0.3984
Validation Loss: 0.4368
No improvement in validation loss. Early stop counter: 10/10
Early stopping triggered after 51 epochs.
Best model for fold 4 saved successfully.

Starting Fold 5/5...
Initializing ClassificationModel with 1 GAT layers and residual connections...
Initializing MCModel with 1 GAT layers and 2 row attention layers...
Initializing CGModel with 1 GAT layers and residual connections...
Initializing CoreModel with 1 self-attention layers...
Using 4 GPUs with DataParallel.
Epoch [1/1000], Training Loss: 0.6996
Validation Loss: 0.5910
New best model found with validation loss: 0.5910
Epoch [2/1000], Training Loss: 0.5975
Validation Loss: 0.5604
New best model found with validation loss: 0.5604
Epoch [3/1000], Training Loss: 0.5639
Validation Loss: 0.5303
New best model found with validation loss: 0.5303
Epoch [4/1000], Training Loss: 0.5314
Validation Loss: 0.5134
New best model found with validation loss: 0.5134
Epoch [5/1000], Training Loss: 0.5190
Validation Loss: 0.5242
No improvement in validation loss. Early stop counter: 1/10
Epoch [6/1000], Training Loss: 0.5071
Validation Loss: 0.5036
New best model found with validation loss: 0.5036
Epoch [7/1000], Training Loss: 0.5007
Validation Loss: 0.4892
New best model found with validation loss: 0.4892
Epoch [8/1000], Training Loss: 0.4941
Validation Loss: 0.4866
New best model found with validation loss: 0.4866
Epoch [9/1000], Training Loss: 0.4855
Validation Loss: 0.4964
No improvement in validation loss. Early stop counter: 1/10
Epoch [10/1000], Training Loss: 0.4818
Validation Loss: 0.4626
New best model found with validation loss: 0.4626
Epoch [11/1000], Training Loss: 0.4698
Validation Loss: 0.4654
No improvement in validation loss. Early stop counter: 1/10
Epoch [12/1000], Training Loss: 0.4632
Validation Loss: 0.4686
No improvement in validation loss. Early stop counter: 2/10
Epoch [13/1000], Training Loss: 0.4594
Validation Loss: 0.4595
New best model found with validation loss: 0.4595
Epoch [14/1000], Training Loss: 0.4545
Validation Loss: 0.4497
New best model found with validation loss: 0.4497
Epoch [15/1000], Training Loss: 0.4523
Validation Loss: 0.4563
No improvement in validation loss. Early stop counter: 1/10
Epoch [16/1000], Training Loss: 0.4512
Validation Loss: 0.4477
New best model found with validation loss: 0.4477
Epoch [17/1000], Training Loss: 0.4482
Validation Loss: 0.4620
No improvement in validation loss. Early stop counter: 1/10
Epoch [18/1000], Training Loss: 0.4470
Validation Loss: 0.4495
No improvement in validation loss. Early stop counter: 2/10
Epoch [19/1000], Training Loss: 0.4472
Validation Loss: 0.4508
No improvement in validation loss. Early stop counter: 3/10
Epoch [20/1000], Training Loss: 0.4390
Validation Loss: 0.4526
No improvement in validation loss. Early stop counter: 4/10
Epoch [21/1000], Training Loss: 0.4359
Validation Loss: 0.4387
New best model found with validation loss: 0.4387
Epoch [22/1000], Training Loss: 0.4328
Validation Loss: 0.4405
No improvement in validation loss. Early stop counter: 1/10
Epoch [23/1000], Training Loss: 0.4315
Validation Loss: 0.4383
New best model found with validation loss: 0.4383
Epoch [24/1000], Training Loss: 0.4287
Validation Loss: 0.4413
No improvement in validation loss. Early stop counter: 1/10
Epoch [25/1000], Training Loss: 0.4290
Validation Loss: 0.4372
New best model found with validation loss: 0.4372
Epoch [26/1000], Training Loss: 0.4289
Validation Loss: 0.4420
No improvement in validation loss. Early stop counter: 1/10
Epoch [27/1000], Training Loss: 0.4269
Validation Loss: 0.4355
New best model found with validation loss: 0.4355
Epoch [28/1000], Training Loss: 0.4279
Validation Loss: 0.4358
No improvement in validation loss. Early stop counter: 1/10
Epoch [29/1000], Training Loss: 0.4234
Validation Loss: 0.4322
New best model found with validation loss: 0.4322
Epoch [30/1000], Training Loss: 0.4220
Validation Loss: 0.4396
No improvement in validation loss. Early stop counter: 1/10
Epoch [31/1000], Training Loss: 0.4201
Validation Loss: 0.4335
No improvement in validation loss. Early stop counter: 2/10
Epoch [32/1000], Training Loss: 0.4208
Validation Loss: 0.4300
New best model found with validation loss: 0.4300
Epoch [33/1000], Training Loss: 0.4185
Validation Loss: 0.4416
No improvement in validation loss. Early stop counter: 1/10
Epoch [34/1000], Training Loss: 0.4197
Validation Loss: 0.4331
No improvement in validation loss. Early stop counter: 2/10
Epoch [35/1000], Training Loss: 0.4167
Validation Loss: 0.4285
New best model found with validation loss: 0.4285
Epoch [36/1000], Training Loss: 0.4162
Validation Loss: 0.4339
No improvement in validation loss. Early stop counter: 1/10
Epoch [37/1000], Training Loss: 0.4182
Validation Loss: 0.4348
No improvement in validation loss. Early stop counter: 2/10
Epoch [38/1000], Training Loss: 0.4181
Validation Loss: 0.4360
No improvement in validation loss. Early stop counter: 3/10
Epoch [39/1000], Training Loss: 0.4164
Validation Loss: 0.4360
No improvement in validation loss. Early stop counter: 4/10
Epoch [40/1000], Training Loss: 0.4151
Validation Loss: 0.4311
No improvement in validation loss. Early stop counter: 5/10
Epoch [41/1000], Training Loss: 0.4159
Validation Loss: 0.4355
No improvement in validation loss. Early stop counter: 6/10
Epoch [42/1000], Training Loss: 0.4131
Validation Loss: 0.4351
No improvement in validation loss. Early stop counter: 7/10
Epoch [43/1000], Training Loss: 0.4148
Validation Loss: 0.4291
No improvement in validation loss. Early stop counter: 8/10
Epoch [44/1000], Training Loss: 0.4154
Validation Loss: 0.4323
No improvement in validation loss. Early stop counter: 9/10
Epoch [45/1000], Training Loss: 0.4136
Validation Loss: 0.4288
No improvement in validation loss. Early stop counter: 10/10
Early stopping triggered after 45 epochs.
Best model for fold 5 saved successfully.

Cross-validation results:
Fold 1: Validation Loss = 0.4492
Fold 2: Validation Loss = 0.4404
Fold 3: Validation Loss = 0.4126
Fold 4: Validation Loss = 0.4302
Fold 5: Validation Loss = 0.4285
Average Validation Loss: 0.4322
