{'batch_size': 4, 'sequence_file': 'padded_sequences_train_3000.npz', 'data_file': 'padded_interfaces_train_3000.npz', 'edge_file': 'padded_edges_train_3000.npz', 'max_len': 3000, 'vocab_size': 23, 'embed_dim': 256, 'num_heads': 16, 'dropout': 0.3, 'num_layers': 1, 'num_gnn_layers': 2, 'num_int_layers': 1, 'num_classes': 2, 'num_epochs': 1000, 'learning_rate': 0.0001, 'max_grad_norm': 0.1, 'validation_split': 0.1, 'early_stop_patience': 10, 'initial_gradient_noise_std': 0.05, 'accumulation_steps': 2}
Number of GPUs available: 4

Starting Fold 1/5...
Initializing ClassificationModel with 2 GAT layers and residual connections...
Initializing MCModel with 2 GAT layers and 1 row attention layers...
Initializing CGModel with 2 GAT layers and residual connections...
Initializing CoreModel with 1 self-attention layers...
Using 4 GPUs with DataParallel.
Epoch [1/1000], Training Loss: 0.6660
Validation Loss: 0.5880
New best model found with validation loss: 0.5880
Epoch [2/1000], Training Loss: 0.5633
Validation Loss: 0.5572
New best model found with validation loss: 0.5572
Epoch [3/1000], Training Loss: 0.5312
Validation Loss: 0.5626
No improvement in validation loss. Early stop counter: 1/10
Epoch [4/1000], Training Loss: 0.5011
Validation Loss: 0.5544
New best model found with validation loss: 0.5544
Epoch [5/1000], Training Loss: 0.4846
Validation Loss: 0.5219
New best model found with validation loss: 0.5219
Epoch [6/1000], Training Loss: 0.4755
Validation Loss: 0.5309
No improvement in validation loss. Early stop counter: 1/10
Epoch [7/1000], Training Loss: 0.4626
Validation Loss: 0.5086
New best model found with validation loss: 0.5086
Epoch [8/1000], Training Loss: 0.4605
Validation Loss: 0.5750
No improvement in validation loss. Early stop counter: 1/10
Epoch [9/1000], Training Loss: 0.4560
Validation Loss: 0.5334
No improvement in validation loss. Early stop counter: 2/10
Epoch [10/1000], Training Loss: 0.4474
Validation Loss: 0.5193
No improvement in validation loss. Early stop counter: 3/10
Epoch [11/1000], Training Loss: 0.4420
Validation Loss: 0.5013
New best model found with validation loss: 0.5013
Epoch [12/1000], Training Loss: 0.4416
Validation Loss: 0.5005
New best model found with validation loss: 0.5005
Epoch [13/1000], Training Loss: 0.4363
Validation Loss: 0.5111
No improvement in validation loss. Early stop counter: 1/10
Epoch [14/1000], Training Loss: 0.4356
Validation Loss: 0.5132
No improvement in validation loss. Early stop counter: 2/10
Epoch [15/1000], Training Loss: 0.4376
Validation Loss: 0.4955
New best model found with validation loss: 0.4955
Epoch [16/1000], Training Loss: 0.4319
Validation Loss: 0.5053
No improvement in validation loss. Early stop counter: 1/10
Epoch [17/1000], Training Loss: 0.4324
Validation Loss: 0.4960
No improvement in validation loss. Early stop counter: 2/10
Epoch [18/1000], Training Loss: 0.4301
Validation Loss: 0.5085
No improvement in validation loss. Early stop counter: 3/10
Epoch [19/1000], Training Loss: 0.4291
Validation Loss: 0.4963
No improvement in validation loss. Early stop counter: 4/10
Epoch [20/1000], Training Loss: 0.4271
Validation Loss: 0.5088
No improvement in validation loss. Early stop counter: 5/10
Epoch [21/1000], Training Loss: 0.4252
Validation Loss: 0.4872
New best model found with validation loss: 0.4872
Epoch [22/1000], Training Loss: 0.4217
Validation Loss: 0.4873
No improvement in validation loss. Early stop counter: 1/10
Epoch [23/1000], Training Loss: 0.4202
Validation Loss: 0.4923
No improvement in validation loss. Early stop counter: 2/10
Epoch [24/1000], Training Loss: 0.4188
Validation Loss: 0.4868
New best model found with validation loss: 0.4868
Epoch [25/1000], Training Loss: 0.4188
Validation Loss: 0.4865
New best model found with validation loss: 0.4865
Epoch [26/1000], Training Loss: 0.4181
Validation Loss: 0.4742
New best model found with validation loss: 0.4742
Epoch [27/1000], Training Loss: 0.4182
Validation Loss: 0.4771
No improvement in validation loss. Early stop counter: 1/10
Epoch [28/1000], Training Loss: 0.4162
Validation Loss: 0.4828
No improvement in validation loss. Early stop counter: 2/10
Epoch [29/1000], Training Loss: 0.4162
Validation Loss: 0.4927
No improvement in validation loss. Early stop counter: 3/10
Epoch [30/1000], Training Loss: 0.4160
Validation Loss: 0.4834
No improvement in validation loss. Early stop counter: 4/10
Epoch [31/1000], Training Loss: 0.4150
Validation Loss: 0.4837
No improvement in validation loss. Early stop counter: 5/10
Epoch [32/1000], Training Loss: 0.4142
Validation Loss: 0.4937
No improvement in validation loss. Early stop counter: 6/10
Epoch [33/1000], Training Loss: 0.4138
Validation Loss: 0.4716
New best model found with validation loss: 0.4716
Epoch [34/1000], Training Loss: 0.4143
Validation Loss: 0.4827
No improvement in validation loss. Early stop counter: 1/10
Epoch [35/1000], Training Loss: 0.4123
Validation Loss: 0.4735
No improvement in validation loss. Early stop counter: 2/10
Epoch [36/1000], Training Loss: 0.4124
Validation Loss: 0.4748
No improvement in validation loss. Early stop counter: 3/10
Epoch [37/1000], Training Loss: 0.4133
Validation Loss: 0.4771
No improvement in validation loss. Early stop counter: 4/10
Epoch [38/1000], Training Loss: 0.4111
Validation Loss: 0.4774
No improvement in validation loss. Early stop counter: 5/10
Epoch [39/1000], Training Loss: 0.4109
Validation Loss: 0.4737
No improvement in validation loss. Early stop counter: 6/10
Epoch [40/1000], Training Loss: 0.4123
Validation Loss: 0.4791
No improvement in validation loss. Early stop counter: 7/10
Epoch [41/1000], Training Loss: 0.4107
Validation Loss: 0.4783
No improvement in validation loss. Early stop counter: 8/10
Epoch [42/1000], Training Loss: 0.4100
Validation Loss: 0.4730
No improvement in validation loss. Early stop counter: 9/10
Epoch [43/1000], Training Loss: 0.4113
Validation Loss: 0.4803
No improvement in validation loss. Early stop counter: 10/10
Early stopping triggered after 43 epochs.
Best model for fold 1 saved successfully.

Starting Fold 2/5...
Initializing ClassificationModel with 2 GAT layers and residual connections...
Initializing MCModel with 2 GAT layers and 1 row attention layers...
Initializing CGModel with 2 GAT layers and residual connections...
Initializing CoreModel with 1 self-attention layers...
Using 4 GPUs with DataParallel.
Epoch [1/1000], Training Loss: 0.6679
Validation Loss: 0.5690
New best model found with validation loss: 0.5690
Epoch [2/1000], Training Loss: 0.5745
Validation Loss: 0.5441
New best model found with validation loss: 0.5441
Epoch [3/1000], Training Loss: 0.5377
Validation Loss: 0.5327
New best model found with validation loss: 0.5327
Epoch [4/1000], Training Loss: 0.5104
Validation Loss: 0.5487
No improvement in validation loss. Early stop counter: 1/10
Epoch [5/1000], Training Loss: 0.4920
Validation Loss: 0.5376
No improvement in validation loss. Early stop counter: 2/10
Epoch [6/1000], Training Loss: 0.4806
Validation Loss: 0.5656
No improvement in validation loss. Early stop counter: 3/10
Epoch [7/1000], Training Loss: 0.4735
Validation Loss: 0.5151
New best model found with validation loss: 0.5151
Epoch [8/1000], Training Loss: 0.4686
Validation Loss: 0.5196
No improvement in validation loss. Early stop counter: 1/10
Epoch [9/1000], Training Loss: 0.4640
Validation Loss: 0.4894
New best model found with validation loss: 0.4894
Epoch [10/1000], Training Loss: 0.4650
Validation Loss: 0.5002
No improvement in validation loss. Early stop counter: 1/10
Epoch [11/1000], Training Loss: 0.4528
Validation Loss: 0.4821
New best model found with validation loss: 0.4821
Epoch [12/1000], Training Loss: 0.4468
Validation Loss: 0.4792
New best model found with validation loss: 0.4792
Epoch [13/1000], Training Loss: 0.4465
Validation Loss: 0.4854
No improvement in validation loss. Early stop counter: 1/10
Epoch [14/1000], Training Loss: 0.4441
Validation Loss: 0.4741
New best model found with validation loss: 0.4741
Epoch [15/1000], Training Loss: 0.4434
Validation Loss: 0.4839
No improvement in validation loss. Early stop counter: 1/10
Epoch [16/1000], Training Loss: 0.4408
Validation Loss: 0.4886
No improvement in validation loss. Early stop counter: 2/10
Epoch [17/1000], Training Loss: 0.4394
Validation Loss: 0.4812
No improvement in validation loss. Early stop counter: 3/10
Epoch [18/1000], Training Loss: 0.4368
Validation Loss: 0.4640
New best model found with validation loss: 0.4640
Epoch [19/1000], Training Loss: 0.4357
Validation Loss: 0.4520
New best model found with validation loss: 0.4520
Epoch [20/1000], Training Loss: 0.4330
Validation Loss: 0.4781
No improvement in validation loss. Early stop counter: 1/10
Epoch [21/1000], Training Loss: 0.4298
Validation Loss: 0.4737
No improvement in validation loss. Early stop counter: 2/10
Epoch [22/1000], Training Loss: 0.4287
Validation Loss: 0.4754
No improvement in validation loss. Early stop counter: 3/10
Epoch [23/1000], Training Loss: 0.4276
Validation Loss: 0.4852
No improvement in validation loss. Early stop counter: 4/10
Epoch [24/1000], Training Loss: 0.4255
Validation Loss: 0.4760
No improvement in validation loss. Early stop counter: 5/10
Epoch [25/1000], Training Loss: 0.4243
Validation Loss: 0.4565
No improvement in validation loss. Early stop counter: 6/10
Epoch [26/1000], Training Loss: 0.4235
Validation Loss: 0.4633
No improvement in validation loss. Early stop counter: 7/10
Epoch [27/1000], Training Loss: 0.4246
Validation Loss: 0.4644
No improvement in validation loss. Early stop counter: 8/10
Epoch [28/1000], Training Loss: 0.4240
Validation Loss: 0.4642
No improvement in validation loss. Early stop counter: 9/10
Epoch [29/1000], Training Loss: 0.4216
Validation Loss: 0.4640
No improvement in validation loss. Early stop counter: 10/10
Early stopping triggered after 29 epochs.
Best model for fold 2 saved successfully.

Starting Fold 3/5...
Initializing ClassificationModel with 2 GAT layers and residual connections...
Initializing MCModel with 2 GAT layers and 1 row attention layers...
Initializing CGModel with 2 GAT layers and residual connections...
Initializing CoreModel with 1 self-attention layers...
Using 4 GPUs with DataParallel.
Epoch [1/1000], Training Loss: 0.6365
Validation Loss: 0.5462
New best model found with validation loss: 0.5462
Epoch [2/1000], Training Loss: 0.5791
Validation Loss: 0.5235
New best model found with validation loss: 0.5235
Epoch [3/1000], Training Loss: 0.5569
Validation Loss: 0.5457
No improvement in validation loss. Early stop counter: 1/10
Epoch [4/1000], Training Loss: 0.5340
Validation Loss: 0.5018
New best model found with validation loss: 0.5018
Epoch [5/1000], Training Loss: 0.5117
Validation Loss: 0.4856
New best model found with validation loss: 0.4856
Epoch [6/1000], Training Loss: 0.5036
Validation Loss: 0.4729
New best model found with validation loss: 0.4729
Epoch [7/1000], Training Loss: 0.4893
Validation Loss: 0.4678
New best model found with validation loss: 0.4678
Epoch [8/1000], Training Loss: 0.4810
Validation Loss: 0.5057
No improvement in validation loss. Early stop counter: 1/10
Epoch [9/1000], Training Loss: 0.4735
Validation Loss: 0.4800
No improvement in validation loss. Early stop counter: 2/10
Epoch [10/1000], Training Loss: 0.4687
Validation Loss: 0.4659
New best model found with validation loss: 0.4659
Epoch [11/1000], Training Loss: 0.4607
Validation Loss: 0.4561
New best model found with validation loss: 0.4561
Epoch [12/1000], Training Loss: 0.4587
Validation Loss: 0.4664
No improvement in validation loss. Early stop counter: 1/10
Epoch [13/1000], Training Loss: 0.4557
Validation Loss: 0.4768
No improvement in validation loss. Early stop counter: 2/10
Epoch [14/1000], Training Loss: 0.4528
Validation Loss: 0.4643
No improvement in validation loss. Early stop counter: 3/10
Epoch [15/1000], Training Loss: 0.4513
Validation Loss: 0.4400
New best model found with validation loss: 0.4400
Epoch [16/1000], Training Loss: 0.4491
Validation Loss: 0.4489
No improvement in validation loss. Early stop counter: 1/10
Epoch [17/1000], Training Loss: 0.4458
Validation Loss: 0.4471
No improvement in validation loss. Early stop counter: 2/10
Epoch [18/1000], Training Loss: 0.4438
Validation Loss: 0.4423
No improvement in validation loss. Early stop counter: 3/10
Epoch [19/1000], Training Loss: 0.4412
Validation Loss: 0.4574
No improvement in validation loss. Early stop counter: 4/10
Epoch [20/1000], Training Loss: 0.4415
Validation Loss: 0.4587
No improvement in validation loss. Early stop counter: 5/10
Epoch [21/1000], Training Loss: 0.4356
Validation Loss: 0.4616
No improvement in validation loss. Early stop counter: 6/10
Epoch [22/1000], Training Loss: 0.4358
Validation Loss: 0.4442
No improvement in validation loss. Early stop counter: 7/10
Epoch [23/1000], Training Loss: 0.4354
Validation Loss: 0.4600
No improvement in validation loss. Early stop counter: 8/10
Epoch [24/1000], Training Loss: 0.4327
Validation Loss: 0.4295
New best model found with validation loss: 0.4295
Epoch [25/1000], Training Loss: 0.4342
Validation Loss: 0.4555
No improvement in validation loss. Early stop counter: 1/10
Epoch [26/1000], Training Loss: 0.4329
Validation Loss: 0.4343
No improvement in validation loss. Early stop counter: 2/10
Epoch [27/1000], Training Loss: 0.4305
Validation Loss: 0.4374
No improvement in validation loss. Early stop counter: 3/10
Epoch [28/1000], Training Loss: 0.4317
Validation Loss: 0.4351
No improvement in validation loss. Early stop counter: 4/10
Epoch [29/1000], Training Loss: 0.4302
Validation Loss: 0.4413
No improvement in validation loss. Early stop counter: 5/10
Epoch [30/1000], Training Loss: 0.4286
Validation Loss: 0.4605
No improvement in validation loss. Early stop counter: 6/10
Epoch [31/1000], Training Loss: 0.4268
Validation Loss: 0.4390
No improvement in validation loss. Early stop counter: 7/10
Epoch [32/1000], Training Loss: 0.4272
Validation Loss: 0.4455
No improvement in validation loss. Early stop counter: 8/10
Epoch [33/1000], Training Loss: 0.4253
Validation Loss: 0.4426
No improvement in validation loss. Early stop counter: 9/10
Epoch [34/1000], Training Loss: 0.4248
Validation Loss: 0.4376
No improvement in validation loss. Early stop counter: 10/10
Early stopping triggered after 34 epochs.
Best model for fold 3 saved successfully.

Starting Fold 4/5...
Initializing ClassificationModel with 2 GAT layers and residual connections...
Initializing MCModel with 2 GAT layers and 1 row attention layers...
Initializing CGModel with 2 GAT layers and residual connections...
Initializing CoreModel with 1 self-attention layers...
Using 4 GPUs with DataParallel.
Epoch [1/1000], Training Loss: 0.6652
Validation Loss: 0.5483
New best model found with validation loss: 0.5483
Epoch [2/1000], Training Loss: 0.5692
Validation Loss: 0.5504
No improvement in validation loss. Early stop counter: 1/10
Epoch [3/1000], Training Loss: 0.5531
Validation Loss: 0.5436
New best model found with validation loss: 0.5436
Epoch [4/1000], Training Loss: 0.5145
Validation Loss: 0.5286
New best model found with validation loss: 0.5286
Epoch [5/1000], Training Loss: 0.4957
Validation Loss: 0.4999
New best model found with validation loss: 0.4999
Epoch [6/1000], Training Loss: 0.4804
Validation Loss: 0.5096
No improvement in validation loss. Early stop counter: 1/10
Epoch [7/1000], Training Loss: 0.4725
Validation Loss: 0.5160
No improvement in validation loss. Early stop counter: 2/10
Epoch [8/1000], Training Loss: 0.4717
Validation Loss: 0.4939
New best model found with validation loss: 0.4939
Epoch [9/1000], Training Loss: 0.4631
Validation Loss: 0.5124
No improvement in validation loss. Early stop counter: 1/10
Epoch [10/1000], Training Loss: 0.4588
Validation Loss: 0.5330
No improvement in validation loss. Early stop counter: 2/10
Epoch [11/1000], Training Loss: 0.4533
Validation Loss: 0.4827
New best model found with validation loss: 0.4827
Epoch [12/1000], Training Loss: 0.4519
Validation Loss: 0.5024
No improvement in validation loss. Early stop counter: 1/10
Epoch [13/1000], Training Loss: 0.4451
Validation Loss: 0.5001
No improvement in validation loss. Early stop counter: 2/10
Epoch [14/1000], Training Loss: 0.4457
Validation Loss: 0.4943
No improvement in validation loss. Early stop counter: 3/10
Epoch [15/1000], Training Loss: 0.4408
Validation Loss: 0.4779
New best model found with validation loss: 0.4779
Epoch [16/1000], Training Loss: 0.4411
Validation Loss: 0.4945
No improvement in validation loss. Early stop counter: 1/10
Epoch [17/1000], Training Loss: 0.4357
Validation Loss: 0.4886
No improvement in validation loss. Early stop counter: 2/10
Epoch [18/1000], Training Loss: 0.4379
Validation Loss: 0.4998
No improvement in validation loss. Early stop counter: 3/10
Epoch [19/1000], Training Loss: 0.4373
Validation Loss: 0.4784
No improvement in validation loss. Early stop counter: 4/10
Epoch [20/1000], Training Loss: 0.4319
Validation Loss: 0.4858
No improvement in validation loss. Early stop counter: 5/10
Epoch [21/1000], Training Loss: 0.4300
Validation Loss: 0.4813
No improvement in validation loss. Early stop counter: 6/10
Epoch [22/1000], Training Loss: 0.4249
Validation Loss: 0.4751
New best model found with validation loss: 0.4751
Epoch [23/1000], Training Loss: 0.4244
Validation Loss: 0.4754
No improvement in validation loss. Early stop counter: 1/10
Epoch [24/1000], Training Loss: 0.4262
Validation Loss: 0.4652
New best model found with validation loss: 0.4652
Epoch [25/1000], Training Loss: 0.4219
Validation Loss: 0.4756
No improvement in validation loss. Early stop counter: 1/10
Epoch [26/1000], Training Loss: 0.4239
Validation Loss: 0.4793
No improvement in validation loss. Early stop counter: 2/10
Epoch [27/1000], Training Loss: 0.4235
Validation Loss: 0.4654
No improvement in validation loss. Early stop counter: 3/10
Epoch [28/1000], Training Loss: 0.4215
Validation Loss: 0.4765
No improvement in validation loss. Early stop counter: 4/10
Epoch [29/1000], Training Loss: 0.4235
Validation Loss: 0.4828
No improvement in validation loss. Early stop counter: 5/10
Epoch [30/1000], Training Loss: 0.4205
Validation Loss: 0.4767
No improvement in validation loss. Early stop counter: 6/10
Epoch [31/1000], Training Loss: 0.4188
Validation Loss: 0.4604
New best model found with validation loss: 0.4604
Epoch [32/1000], Training Loss: 0.4192
Validation Loss: 0.4822
No improvement in validation loss. Early stop counter: 1/10
Epoch [33/1000], Training Loss: 0.4182
Validation Loss: 0.4707
No improvement in validation loss. Early stop counter: 2/10
Epoch [34/1000], Training Loss: 0.4179
Validation Loss: 0.4731
No improvement in validation loss. Early stop counter: 3/10
Epoch [35/1000], Training Loss: 0.4156
Validation Loss: 0.4702
No improvement in validation loss. Early stop counter: 4/10
Epoch [36/1000], Training Loss: 0.4162
Validation Loss: 0.4637
No improvement in validation loss. Early stop counter: 5/10
Epoch [37/1000], Training Loss: 0.4135
Validation Loss: 0.4643
No improvement in validation loss. Early stop counter: 6/10
Epoch [38/1000], Training Loss: 0.4153
Validation Loss: 0.4696
No improvement in validation loss. Early stop counter: 7/10
Epoch [39/1000], Training Loss: 0.4132
Validation Loss: 0.4689
No improvement in validation loss. Early stop counter: 8/10
Epoch [40/1000], Training Loss: 0.4147
Validation Loss: 0.4665
No improvement in validation loss. Early stop counter: 9/10
Epoch [41/1000], Training Loss: 0.4141
Validation Loss: 0.4598
New best model found with validation loss: 0.4598
Epoch [42/1000], Training Loss: 0.4125
Validation Loss: 0.4649
No improvement in validation loss. Early stop counter: 1/10
Epoch [43/1000], Training Loss: 0.4126
Validation Loss: 0.4621
No improvement in validation loss. Early stop counter: 2/10
Epoch [44/1000], Training Loss: 0.4143
Validation Loss: 0.4582
New best model found with validation loss: 0.4582
Epoch [45/1000], Training Loss: 0.4108
Validation Loss: 0.4723
No improvement in validation loss. Early stop counter: 1/10
Epoch [46/1000], Training Loss: 0.4122
Validation Loss: 0.4667
No improvement in validation loss. Early stop counter: 2/10
Epoch [47/1000], Training Loss: 0.4114
Validation Loss: 0.4565
New best model found with validation loss: 0.4565
Epoch [48/1000], Training Loss: 0.4114
Validation Loss: 0.4574
No improvement in validation loss. Early stop counter: 1/10
Epoch [49/1000], Training Loss: 0.4104
Validation Loss: 0.4665
No improvement in validation loss. Early stop counter: 2/10
Epoch [50/1000], Training Loss: 0.4129
Validation Loss: 0.4502
New best model found with validation loss: 0.4502
Epoch [51/1000], Training Loss: 0.4111
Validation Loss: 0.4586
No improvement in validation loss. Early stop counter: 1/10
Epoch [52/1000], Training Loss: 0.4107
Validation Loss: 0.4585
No improvement in validation loss. Early stop counter: 2/10
Epoch [53/1000], Training Loss: 0.4075
Validation Loss: 0.4592
No improvement in validation loss. Early stop counter: 3/10
Epoch [54/1000], Training Loss: 0.4100
Validation Loss: 0.4622
No improvement in validation loss. Early stop counter: 4/10
Epoch [55/1000], Training Loss: 0.4103
Validation Loss: 0.4603
No improvement in validation loss. Early stop counter: 5/10
Epoch [56/1000], Training Loss: 0.4112
Validation Loss: 0.4665
No improvement in validation loss. Early stop counter: 6/10
Epoch [57/1000], Training Loss: 0.4095
Validation Loss: 0.4598
No improvement in validation loss. Early stop counter: 7/10
Epoch [58/1000], Training Loss: 0.4082
Validation Loss: 0.4602
No improvement in validation loss. Early stop counter: 8/10
Epoch [59/1000], Training Loss: 0.4104
Validation Loss: 0.4616
No improvement in validation loss. Early stop counter: 9/10
Epoch [60/1000], Training Loss: 0.4097
Validation Loss: 0.4607
No improvement in validation loss. Early stop counter: 10/10
Early stopping triggered after 60 epochs.
Best model for fold 4 saved successfully.

Starting Fold 5/5...
Initializing ClassificationModel with 2 GAT layers and residual connections...
Initializing MCModel with 2 GAT layers and 1 row attention layers...
Initializing CGModel with 2 GAT layers and residual connections...
Initializing CoreModel with 1 self-attention layers...
Using 4 GPUs with DataParallel.
Epoch [1/1000], Training Loss: 0.6605
Validation Loss: 0.5945
New best model found with validation loss: 0.5945
Epoch [2/1000], Training Loss: 0.5866
Validation Loss: 0.5653
New best model found with validation loss: 0.5653
Epoch [3/1000], Training Loss: 0.5450
Validation Loss: 0.5404
New best model found with validation loss: 0.5404
Epoch [4/1000], Training Loss: 0.5068
Validation Loss: 0.5475
No improvement in validation loss. Early stop counter: 1/10
Epoch [5/1000], Training Loss: 0.4911
Validation Loss: 0.5022
New best model found with validation loss: 0.5022
Epoch [6/1000], Training Loss: 0.4840
Validation Loss: 0.5156
No improvement in validation loss. Early stop counter: 1/10
Epoch [7/1000], Training Loss: 0.4787
Validation Loss: 0.5108
No improvement in validation loss. Early stop counter: 2/10
Epoch [8/1000], Training Loss: 0.4717
Validation Loss: 0.5131
No improvement in validation loss. Early stop counter: 3/10
Epoch [9/1000], Training Loss: 0.4626
Validation Loss: 0.4909
New best model found with validation loss: 0.4909
Epoch [10/1000], Training Loss: 0.4609
Validation Loss: 0.4924
No improvement in validation loss. Early stop counter: 1/10
Epoch [11/1000], Training Loss: 0.4530
Validation Loss: 0.4927
No improvement in validation loss. Early stop counter: 2/10
Epoch [12/1000], Training Loss: 0.4505
Validation Loss: 0.4807
New best model found with validation loss: 0.4807
Epoch [13/1000], Training Loss: 0.4480
Validation Loss: 0.4812
No improvement in validation loss. Early stop counter: 1/10
Epoch [14/1000], Training Loss: 0.4457
Validation Loss: 0.4906
No improvement in validation loss. Early stop counter: 2/10
Epoch [15/1000], Training Loss: 0.4438
Validation Loss: 0.4830
No improvement in validation loss. Early stop counter: 3/10
Epoch [16/1000], Training Loss: 0.4423
Validation Loss: 0.4733
New best model found with validation loss: 0.4733
Epoch [17/1000], Training Loss: 0.4414
Validation Loss: 0.4695
New best model found with validation loss: 0.4695
Epoch [18/1000], Training Loss: 0.4418
Validation Loss: 0.4896
No improvement in validation loss. Early stop counter: 1/10
Epoch [19/1000], Training Loss: 0.4397
Validation Loss: 0.4824
No improvement in validation loss. Early stop counter: 2/10
Epoch [20/1000], Training Loss: 0.4389
Validation Loss: 0.4795
No improvement in validation loss. Early stop counter: 3/10
Epoch [21/1000], Training Loss: 0.4341
Validation Loss: 0.4734
No improvement in validation loss. Early stop counter: 4/10
Epoch [22/1000], Training Loss: 0.4328
Validation Loss: 0.4912
No improvement in validation loss. Early stop counter: 5/10
Epoch [23/1000], Training Loss: 0.4304
Validation Loss: 0.4661
New best model found with validation loss: 0.4661
Epoch [24/1000], Training Loss: 0.4309
Validation Loss: 0.4817
No improvement in validation loss. Early stop counter: 1/10
Epoch [25/1000], Training Loss: 0.4308
Validation Loss: 0.4808
No improvement in validation loss. Early stop counter: 2/10
Epoch [26/1000], Training Loss: 0.4298
Validation Loss: 0.4489
New best model found with validation loss: 0.4489
Epoch [27/1000], Training Loss: 0.4303
Validation Loss: 0.4615
No improvement in validation loss. Early stop counter: 1/10
Epoch [28/1000], Training Loss: 0.4277
Validation Loss: 0.4754
No improvement in validation loss. Early stop counter: 2/10
Epoch [29/1000], Training Loss: 0.4257
Validation Loss: 0.4772
No improvement in validation loss. Early stop counter: 3/10
Epoch [30/1000], Training Loss: 0.4263
Validation Loss: 0.4625
No improvement in validation loss. Early stop counter: 4/10
Epoch [31/1000], Training Loss: 0.4246
Validation Loss: 0.4668
No improvement in validation loss. Early stop counter: 5/10
Epoch [32/1000], Training Loss: 0.4236
Validation Loss: 0.4790
No improvement in validation loss. Early stop counter: 6/10
Epoch [33/1000], Training Loss: 0.4241
Validation Loss: 0.4710
No improvement in validation loss. Early stop counter: 7/10
Epoch [34/1000], Training Loss: 0.4211
Validation Loss: 0.4718
No improvement in validation loss. Early stop counter: 8/10
Epoch [35/1000], Training Loss: 0.4243
Validation Loss: 0.4679
No improvement in validation loss. Early stop counter: 9/10
Epoch [36/1000], Training Loss: 0.4209
Validation Loss: 0.4586
No improvement in validation loss. Early stop counter: 10/10
Early stopping triggered after 36 epochs.
Best model for fold 5 saved successfully.

Cross-validation results:
Fold 1: Validation Loss = 0.4716
Fold 2: Validation Loss = 0.4520
Fold 3: Validation Loss = 0.4295
Fold 4: Validation Loss = 0.4502
Fold 5: Validation Loss = 0.4489
Average Validation Loss: 0.4504
