{'batch_size': 4, 'sequence_file': 'padded_sequences_train_3000.npz', 'data_file': 'padded_interfaces_train_3000.npz', 'edge_file': 'padded_edges_train_3000.npz', 'max_len': 3000, 'vocab_size': 23, 'embed_dim': 256, 'num_heads': 16, 'dropout': 0.1, 'num_layers': 1, 'num_gnn_layers': 2, 'num_int_layers': 1, 'num_classes': 2, 'num_epochs': 1000, 'learning_rate': 0.0001, 'max_grad_norm': 0.1, 'validation_split': 0.1, 'early_stop_patience': 10, 'initial_gradient_noise_std': 0.05, 'accumulation_steps': 2}
Number of GPUs available: 4

Starting Fold 1/5...
Initializing ClassificationModel with 2 GAT layers and residual connections...
Initializing MCModel with 2 GAT layers and 1 row attention layers...
Initializing CGModel with 2 GAT layers and residual connections...
Initializing CoreModel with 1 self-attention layers...
Using 4 GPUs with DataParallel.
Epoch [1/1000], Training Loss: 0.3984
Validation Loss: 0.3764
New best model found with validation loss: 0.3764
Epoch [2/1000], Training Loss: 0.3441
Validation Loss: 0.3496
New best model found with validation loss: 0.3496
Epoch [3/1000], Training Loss: 0.3262
Validation Loss: 0.3403
New best model found with validation loss: 0.3403
Epoch [4/1000], Training Loss: 0.3130
Validation Loss: 0.3450
No improvement in validation loss. Early stop counter: 1/10
Epoch [5/1000], Training Loss: 0.3051
Validation Loss: 0.3280
New best model found with validation loss: 0.3280
Epoch [6/1000], Training Loss: 0.3006
Validation Loss: 0.3273
New best model found with validation loss: 0.3273
Epoch [7/1000], Training Loss: 0.2990
Validation Loss: 0.3208
New best model found with validation loss: 0.3208
Epoch [8/1000], Training Loss: 0.2953
Validation Loss: 0.3516
No improvement in validation loss. Early stop counter: 1/10
Epoch [9/1000], Training Loss: 0.2922
Validation Loss: 0.3222
No improvement in validation loss. Early stop counter: 2/10
Epoch [10/1000], Training Loss: 0.2871
Validation Loss: 0.3278
No improvement in validation loss. Early stop counter: 3/10
Epoch [11/1000], Training Loss: 0.2854
Validation Loss: 0.3140
New best model found with validation loss: 0.3140
Epoch [12/1000], Training Loss: 0.2840
Validation Loss: 0.3187
No improvement in validation loss. Early stop counter: 1/10
Epoch [13/1000], Training Loss: 0.2815
Validation Loss: 0.3204
No improvement in validation loss. Early stop counter: 2/10
Epoch [14/1000], Training Loss: 0.2819
Validation Loss: 0.3137
New best model found with validation loss: 0.3137
Epoch [15/1000], Training Loss: 0.2808
Validation Loss: 0.3165
No improvement in validation loss. Early stop counter: 1/10
Epoch [16/1000], Training Loss: 0.2816
Validation Loss: 0.3164
No improvement in validation loss. Early stop counter: 2/10
Epoch [17/1000], Training Loss: 0.2779
Validation Loss: 0.3119
New best model found with validation loss: 0.3119
Epoch [18/1000], Training Loss: 0.2776
Validation Loss: 0.3248
No improvement in validation loss. Early stop counter: 1/10
Epoch [19/1000], Training Loss: 0.2765
Validation Loss: 0.3113
New best model found with validation loss: 0.3113
Epoch [20/1000], Training Loss: 0.2759
Validation Loss: 0.3118
No improvement in validation loss. Early stop counter: 1/10
Epoch [21/1000], Training Loss: 0.2728
Validation Loss: 0.3094
New best model found with validation loss: 0.3094
Epoch [22/1000], Training Loss: 0.2717
Validation Loss: 0.3069
New best model found with validation loss: 0.3069
Epoch [23/1000], Training Loss: 0.2719
Validation Loss: 0.3074
No improvement in validation loss. Early stop counter: 1/10
Epoch [24/1000], Training Loss: 0.2709
Validation Loss: 0.3097
No improvement in validation loss. Early stop counter: 2/10
Epoch [25/1000], Training Loss: 0.2720
Validation Loss: 0.3078
No improvement in validation loss. Early stop counter: 3/10
Epoch [26/1000], Training Loss: 0.2695
Validation Loss: 0.3090
No improvement in validation loss. Early stop counter: 4/10
Epoch [27/1000], Training Loss: 0.2705
Validation Loss: 0.3056
New best model found with validation loss: 0.3056
Epoch [28/1000], Training Loss: 0.2712
Validation Loss: 0.3065
No improvement in validation loss. Early stop counter: 1/10
Epoch [29/1000], Training Loss: 0.2692
Validation Loss: 0.3067
No improvement in validation loss. Early stop counter: 2/10
Epoch [30/1000], Training Loss: 0.2711
Validation Loss: 0.3023
New best model found with validation loss: 0.3023
Epoch [31/1000], Training Loss: 0.2667
Validation Loss: 0.3042
No improvement in validation loss. Early stop counter: 1/10
Epoch [32/1000], Training Loss: 0.2675
Validation Loss: 0.3037
No improvement in validation loss. Early stop counter: 2/10
Epoch [33/1000], Training Loss: 0.2664
Validation Loss: 0.3048
No improvement in validation loss. Early stop counter: 3/10
Epoch [34/1000], Training Loss: 0.2669
Validation Loss: 0.3042
No improvement in validation loss. Early stop counter: 4/10
Epoch [35/1000], Training Loss: 0.2666
Validation Loss: 0.3053
No improvement in validation loss. Early stop counter: 5/10
Epoch [36/1000], Training Loss: 0.2660
Validation Loss: 0.3054
No improvement in validation loss. Early stop counter: 6/10
Epoch [37/1000], Training Loss: 0.2645
Validation Loss: 0.3032
No improvement in validation loss. Early stop counter: 7/10
Epoch [38/1000], Training Loss: 0.2659
Validation Loss: 0.3045
No improvement in validation loss. Early stop counter: 8/10
Epoch [39/1000], Training Loss: 0.2643
Validation Loss: 0.3069
No improvement in validation loss. Early stop counter: 9/10
Epoch [40/1000], Training Loss: 0.2650
Validation Loss: 0.3030
No improvement in validation loss. Early stop counter: 10/10
Early stopping triggered after 40 epochs.
Best model for fold 1 saved successfully.

Starting Fold 2/5...
Initializing ClassificationModel with 2 GAT layers and residual connections...
Initializing MCModel with 2 GAT layers and 1 row attention layers...
Initializing CGModel with 2 GAT layers and residual connections...
Initializing CoreModel with 1 self-attention layers...
Using 4 GPUs with DataParallel.
Epoch [1/1000], Training Loss: 0.3973
Validation Loss: 0.3459
New best model found with validation loss: 0.3459
Epoch [2/1000], Training Loss: 0.3460
Validation Loss: 0.3229
New best model found with validation loss: 0.3229
Epoch [3/1000], Training Loss: 0.3259
Validation Loss: 0.3198
New best model found with validation loss: 0.3198
Epoch [4/1000], Training Loss: 0.3180
Validation Loss: 0.3091
New best model found with validation loss: 0.3091
Epoch [5/1000], Training Loss: 0.3102
Validation Loss: 0.3009
New best model found with validation loss: 0.3009
Epoch [6/1000], Training Loss: 0.3041
Validation Loss: 0.3053
No improvement in validation loss. Early stop counter: 1/10
Epoch [7/1000], Training Loss: 0.3019
Validation Loss: 0.2968
New best model found with validation loss: 0.2968
Epoch [8/1000], Training Loss: 0.2979
Validation Loss: 0.2955
New best model found with validation loss: 0.2955
Epoch [9/1000], Training Loss: 0.2978
Validation Loss: 0.3001
No improvement in validation loss. Early stop counter: 1/10
Epoch [10/1000], Training Loss: 0.2939
Validation Loss: 0.2921
New best model found with validation loss: 0.2921
Epoch [11/1000], Training Loss: 0.2892
Validation Loss: 0.2893
New best model found with validation loss: 0.2893
Epoch [12/1000], Training Loss: 0.2855
Validation Loss: 0.2871
New best model found with validation loss: 0.2871
Epoch [13/1000], Training Loss: 0.2854
Validation Loss: 0.2854
New best model found with validation loss: 0.2854
Epoch [14/1000], Training Loss: 0.2876
Validation Loss: 0.2913
No improvement in validation loss. Early stop counter: 1/10
Epoch [15/1000], Training Loss: 0.2860
Validation Loss: 0.2981
No improvement in validation loss. Early stop counter: 2/10
Epoch [16/1000], Training Loss: 0.2839
Validation Loss: 0.2887
No improvement in validation loss. Early stop counter: 3/10
Epoch [17/1000], Training Loss: 0.2811
Validation Loss: 0.2884
No improvement in validation loss. Early stop counter: 4/10
Epoch [18/1000], Training Loss: 0.2808
Validation Loss: 0.2860
No improvement in validation loss. Early stop counter: 5/10
Epoch [19/1000], Training Loss: 0.2801
Validation Loss: 0.2838
New best model found with validation loss: 0.2838
Epoch [20/1000], Training Loss: 0.2810
Validation Loss: 0.2833
New best model found with validation loss: 0.2833
Epoch [21/1000], Training Loss: 0.2792
Validation Loss: 0.2810
New best model found with validation loss: 0.2810
Epoch [22/1000], Training Loss: 0.2787
Validation Loss: 0.2811
No improvement in validation loss. Early stop counter: 1/10
Epoch [23/1000], Training Loss: 0.2760
Validation Loss: 0.2829
No improvement in validation loss. Early stop counter: 2/10
Epoch [24/1000], Training Loss: 0.2758
Validation Loss: 0.2821
No improvement in validation loss. Early stop counter: 3/10
Epoch [25/1000], Training Loss: 0.2744
Validation Loss: 0.2934
No improvement in validation loss. Early stop counter: 4/10
Epoch [26/1000], Training Loss: 0.2768
Validation Loss: 0.2829
No improvement in validation loss. Early stop counter: 5/10
Epoch [27/1000], Training Loss: 0.2727
Validation Loss: 0.2837
No improvement in validation loss. Early stop counter: 6/10
Epoch [28/1000], Training Loss: 0.2753
Validation Loss: 0.2832
No improvement in validation loss. Early stop counter: 7/10
Epoch [29/1000], Training Loss: 0.2758
Validation Loss: 0.2792
New best model found with validation loss: 0.2792
Epoch [30/1000], Training Loss: 0.2726
Validation Loss: 0.2813
No improvement in validation loss. Early stop counter: 1/10
Epoch [31/1000], Training Loss: 0.2714
Validation Loss: 0.2796
No improvement in validation loss. Early stop counter: 2/10
Epoch [32/1000], Training Loss: 0.2748
Validation Loss: 0.2791
New best model found with validation loss: 0.2791
Epoch [33/1000], Training Loss: 0.2732
Validation Loss: 0.2800
No improvement in validation loss. Early stop counter: 1/10
Epoch [34/1000], Training Loss: 0.2728
Validation Loss: 0.2813
No improvement in validation loss. Early stop counter: 2/10
Epoch [35/1000], Training Loss: 0.2731
Validation Loss: 0.2789
New best model found with validation loss: 0.2789
Epoch [36/1000], Training Loss: 0.2726
Validation Loss: 0.2833
No improvement in validation loss. Early stop counter: 1/10
Epoch [37/1000], Training Loss: 0.2708
Validation Loss: 0.2797
No improvement in validation loss. Early stop counter: 2/10
Epoch [38/1000], Training Loss: 0.2699
Validation Loss: 0.2800
No improvement in validation loss. Early stop counter: 3/10
Epoch [39/1000], Training Loss: 0.2715
Validation Loss: 0.2785
New best model found with validation loss: 0.2785
Epoch [40/1000], Training Loss: 0.2713
Validation Loss: 0.2780
New best model found with validation loss: 0.2780
Epoch [41/1000], Training Loss: 0.2702
Validation Loss: 0.2778
New best model found with validation loss: 0.2778
Epoch [42/1000], Training Loss: 0.2694
Validation Loss: 0.2785
No improvement in validation loss. Early stop counter: 1/10
Epoch [43/1000], Training Loss: 0.2701
Validation Loss: 0.2789
No improvement in validation loss. Early stop counter: 2/10
Epoch [44/1000], Training Loss: 0.2674
Validation Loss: 0.2797
No improvement in validation loss. Early stop counter: 3/10
Epoch [45/1000], Training Loss: 0.2706
Validation Loss: 0.2775
New best model found with validation loss: 0.2775
Epoch [46/1000], Training Loss: 0.2703
Validation Loss: 0.2783
No improvement in validation loss. Early stop counter: 1/10
Epoch [47/1000], Training Loss: 0.2685
Validation Loss: 0.2785
No improvement in validation loss. Early stop counter: 2/10
Epoch [48/1000], Training Loss: 0.2688
Validation Loss: 0.2774
New best model found with validation loss: 0.2774
Epoch [49/1000], Training Loss: 0.2693
Validation Loss: 0.2796
No improvement in validation loss. Early stop counter: 1/10
Epoch [50/1000], Training Loss: 0.2682
Validation Loss: 0.2784
No improvement in validation loss. Early stop counter: 2/10
Epoch [51/1000], Training Loss: 0.2672
Validation Loss: 0.2804
No improvement in validation loss. Early stop counter: 3/10
Epoch [52/1000], Training Loss: 0.2687
Validation Loss: 0.2801
No improvement in validation loss. Early stop counter: 4/10
Epoch [53/1000], Training Loss: 0.2676
Validation Loss: 0.2808
No improvement in validation loss. Early stop counter: 5/10
Epoch [54/1000], Training Loss: 0.2693
Validation Loss: 0.2802
No improvement in validation loss. Early stop counter: 6/10
Epoch [55/1000], Training Loss: 0.2700
Validation Loss: 0.2826
No improvement in validation loss. Early stop counter: 7/10
Epoch [56/1000], Training Loss: 0.2681
Validation Loss: 0.2795
No improvement in validation loss. Early stop counter: 8/10
Epoch [57/1000], Training Loss: 0.2671
Validation Loss: 0.2800
No improvement in validation loss. Early stop counter: 9/10
Epoch [58/1000], Training Loss: 0.2671
Validation Loss: 0.2792
No improvement in validation loss. Early stop counter: 10/10
Early stopping triggered after 58 epochs.
Best model for fold 2 saved successfully.

Starting Fold 3/5...
Initializing ClassificationModel with 2 GAT layers and residual connections...
Initializing MCModel with 2 GAT layers and 1 row attention layers...
Initializing CGModel with 2 GAT layers and residual connections...
Initializing CoreModel with 1 self-attention layers...
Using 4 GPUs with DataParallel.
Epoch [1/1000], Training Loss: 0.3887
Validation Loss: 0.3336
New best model found with validation loss: 0.3336
Epoch [2/1000], Training Loss: 0.3473
Validation Loss: 0.3180
New best model found with validation loss: 0.3180
Epoch [3/1000], Training Loss: 0.3315
Validation Loss: 0.3090
New best model found with validation loss: 0.3090
Epoch [4/1000], Training Loss: 0.3232
Validation Loss: 0.3059
New best model found with validation loss: 0.3059
Epoch [5/1000], Training Loss: 0.3170
Validation Loss: 0.3012
New best model found with validation loss: 0.3012
Epoch [6/1000], Training Loss: 0.3135
Validation Loss: 0.3087
No improvement in validation loss. Early stop counter: 1/10
Epoch [7/1000], Training Loss: 0.3118
Validation Loss: 0.2910
New best model found with validation loss: 0.2910
Epoch [8/1000], Training Loss: 0.3118
Validation Loss: 0.2990
No improvement in validation loss. Early stop counter: 1/10
Epoch [9/1000], Training Loss: 0.3062
Validation Loss: 0.2997
No improvement in validation loss. Early stop counter: 2/10
Epoch [10/1000], Training Loss: 0.3033
Validation Loss: 0.2870
New best model found with validation loss: 0.2870
Epoch [11/1000], Training Loss: 0.2982
Validation Loss: 0.2832
New best model found with validation loss: 0.2832
Epoch [12/1000], Training Loss: 0.2964
Validation Loss: 0.2877
No improvement in validation loss. Early stop counter: 1/10
Epoch [13/1000], Training Loss: 0.2940
Validation Loss: 0.2851
No improvement in validation loss. Early stop counter: 2/10
Epoch [14/1000], Training Loss: 0.2925
Validation Loss: 0.2834
No improvement in validation loss. Early stop counter: 3/10
Epoch [15/1000], Training Loss: 0.2934
Validation Loss: 0.2832
New best model found with validation loss: 0.2832
Epoch [16/1000], Training Loss: 0.2906
Validation Loss: 0.2780
New best model found with validation loss: 0.2780
Epoch [17/1000], Training Loss: 0.2896
Validation Loss: 0.2778
New best model found with validation loss: 0.2778
Epoch [18/1000], Training Loss: 0.2900
Validation Loss: 0.2807
No improvement in validation loss. Early stop counter: 1/10
Epoch [19/1000], Training Loss: 0.2867
Validation Loss: 0.2775
New best model found with validation loss: 0.2775
Epoch [20/1000], Training Loss: 0.2848
Validation Loss: 0.2781
No improvement in validation loss. Early stop counter: 1/10
Epoch [21/1000], Training Loss: 0.2857
Validation Loss: 0.2759
New best model found with validation loss: 0.2759
Epoch [22/1000], Training Loss: 0.2848
Validation Loss: 0.2756
New best model found with validation loss: 0.2756
Epoch [23/1000], Training Loss: 0.2815
Validation Loss: 0.2741
New best model found with validation loss: 0.2741
Epoch [24/1000], Training Loss: 0.2814
Validation Loss: 0.2739
New best model found with validation loss: 0.2739
Epoch [25/1000], Training Loss: 0.2822
Validation Loss: 0.2735
New best model found with validation loss: 0.2735
Epoch [26/1000], Training Loss: 0.2811
Validation Loss: 0.2730
New best model found with validation loss: 0.2730
Epoch [27/1000], Training Loss: 0.2812
Validation Loss: 0.2727
New best model found with validation loss: 0.2727
Epoch [28/1000], Training Loss: 0.2843
Validation Loss: 0.2731
No improvement in validation loss. Early stop counter: 1/10
Epoch [29/1000], Training Loss: 0.2810
Validation Loss: 0.2742
No improvement in validation loss. Early stop counter: 2/10
Epoch [30/1000], Training Loss: 0.2795
Validation Loss: 0.2730
No improvement in validation loss. Early stop counter: 3/10
Epoch [31/1000], Training Loss: 0.2771
Validation Loss: 0.2731
No improvement in validation loss. Early stop counter: 4/10
Epoch [32/1000], Training Loss: 0.2770
Validation Loss: 0.2729
No improvement in validation loss. Early stop counter: 5/10
Epoch [33/1000], Training Loss: 0.2779
Validation Loss: 0.2705
New best model found with validation loss: 0.2705
Epoch [34/1000], Training Loss: 0.2759
Validation Loss: 0.2713
No improvement in validation loss. Early stop counter: 1/10
Epoch [35/1000], Training Loss: 0.2770
Validation Loss: 0.2704
New best model found with validation loss: 0.2704
Epoch [36/1000], Training Loss: 0.2773
Validation Loss: 0.2702
New best model found with validation loss: 0.2702
Epoch [37/1000], Training Loss: 0.2745
Validation Loss: 0.2704
No improvement in validation loss. Early stop counter: 1/10
Epoch [38/1000], Training Loss: 0.2754
Validation Loss: 0.2727
No improvement in validation loss. Early stop counter: 2/10
Epoch [39/1000], Training Loss: 0.2754
Validation Loss: 0.2704
No improvement in validation loss. Early stop counter: 3/10
Epoch [40/1000], Training Loss: 0.2761
Validation Loss: 0.2695
New best model found with validation loss: 0.2695
Epoch [41/1000], Training Loss: 0.2771
Validation Loss: 0.2699
No improvement in validation loss. Early stop counter: 1/10
Epoch [42/1000], Training Loss: 0.2748
Validation Loss: 0.2705
No improvement in validation loss. Early stop counter: 2/10
Epoch [43/1000], Training Loss: 0.2748
Validation Loss: 0.2698
No improvement in validation loss. Early stop counter: 3/10
Epoch [44/1000], Training Loss: 0.2735
Validation Loss: 0.2695
No improvement in validation loss. Early stop counter: 4/10
Epoch [45/1000], Training Loss: 0.2735
Validation Loss: 0.2679
New best model found with validation loss: 0.2679
Epoch [46/1000], Training Loss: 0.2749
Validation Loss: 0.2691
No improvement in validation loss. Early stop counter: 1/10
Epoch [47/1000], Training Loss: 0.2728
Validation Loss: 0.2694
No improvement in validation loss. Early stop counter: 2/10
Epoch [48/1000], Training Loss: 0.2733
Validation Loss: 0.2681
No improvement in validation loss. Early stop counter: 3/10
Epoch [49/1000], Training Loss: 0.2727
Validation Loss: 0.2675
New best model found with validation loss: 0.2675
Epoch [50/1000], Training Loss: 0.2727
Validation Loss: 0.2677
No improvement in validation loss. Early stop counter: 1/10
Epoch [51/1000], Training Loss: 0.2729
Validation Loss: 0.2691
No improvement in validation loss. Early stop counter: 2/10
Epoch [52/1000], Training Loss: 0.2726
Validation Loss: 0.2679
No improvement in validation loss. Early stop counter: 3/10
Epoch [53/1000], Training Loss: 0.2727
Validation Loss: 0.2681
No improvement in validation loss. Early stop counter: 4/10
Epoch [54/1000], Training Loss: 0.2731
Validation Loss: 0.2680
No improvement in validation loss. Early stop counter: 5/10
Epoch [55/1000], Training Loss: 0.2735
Validation Loss: 0.2683
No improvement in validation loss. Early stop counter: 6/10
Epoch [56/1000], Training Loss: 0.2725
Validation Loss: 0.2678
No improvement in validation loss. Early stop counter: 7/10
Epoch [57/1000], Training Loss: 0.2739
Validation Loss: 0.2683
No improvement in validation loss. Early stop counter: 8/10
Epoch [58/1000], Training Loss: 0.2724
Validation Loss: 0.2681
No improvement in validation loss. Early stop counter: 9/10
Epoch [59/1000], Training Loss: 0.2728
Validation Loss: 0.2687
No improvement in validation loss. Early stop counter: 10/10
Early stopping triggered after 59 epochs.
Best model for fold 3 saved successfully.

Starting Fold 4/5...
Initializing ClassificationModel with 2 GAT layers and residual connections...
Initializing MCModel with 2 GAT layers and 1 row attention layers...
Initializing CGModel with 2 GAT layers and residual connections...
Initializing CoreModel with 1 self-attention layers...
Using 4 GPUs with DataParallel.
Epoch [1/1000], Training Loss: 0.4089
Validation Loss: 0.3377
New best model found with validation loss: 0.3377
Epoch [2/1000], Training Loss: 0.3432
Validation Loss: 0.3331
New best model found with validation loss: 0.3331
Epoch [3/1000], Training Loss: 0.3293
Validation Loss: 0.3331
New best model found with validation loss: 0.3331
Epoch [4/1000], Training Loss: 0.3222
Validation Loss: 0.3177
New best model found with validation loss: 0.3177
Epoch [5/1000], Training Loss: 0.3149
Validation Loss: 0.3299
No improvement in validation loss. Early stop counter: 1/10
Epoch [6/1000], Training Loss: 0.3104
Validation Loss: 0.2989
New best model found with validation loss: 0.2989
Epoch [7/1000], Training Loss: 0.3034
Validation Loss: 0.2990
No improvement in validation loss. Early stop counter: 1/10
Epoch [8/1000], Training Loss: 0.3027
Validation Loss: 0.2943
New best model found with validation loss: 0.2943
Epoch [9/1000], Training Loss: 0.2987
Validation Loss: 0.2991
No improvement in validation loss. Early stop counter: 1/10
Epoch [10/1000], Training Loss: 0.2982
Validation Loss: 0.2984
No improvement in validation loss. Early stop counter: 2/10
Epoch [11/1000], Training Loss: 0.2934
Validation Loss: 0.2905
New best model found with validation loss: 0.2905
Epoch [12/1000], Training Loss: 0.2900
Validation Loss: 0.2923
No improvement in validation loss. Early stop counter: 1/10
Epoch [13/1000], Training Loss: 0.2889
Validation Loss: 0.2977
No improvement in validation loss. Early stop counter: 2/10
Epoch [14/1000], Training Loss: 0.2886
Validation Loss: 0.2943
No improvement in validation loss. Early stop counter: 3/10
Epoch [15/1000], Training Loss: 0.2871
Validation Loss: 0.2932
No improvement in validation loss. Early stop counter: 4/10
Epoch [16/1000], Training Loss: 0.2869
Validation Loss: 0.2986
No improvement in validation loss. Early stop counter: 5/10
Epoch [17/1000], Training Loss: 0.2864
Validation Loss: 0.2944
No improvement in validation loss. Early stop counter: 6/10
Epoch [18/1000], Training Loss: 0.2845
Validation Loss: 0.2961
No improvement in validation loss. Early stop counter: 7/10
Epoch [19/1000], Training Loss: 0.2824
Validation Loss: 0.2870
New best model found with validation loss: 0.2870
Epoch [20/1000], Training Loss: 0.2804
Validation Loss: 0.2913
No improvement in validation loss. Early stop counter: 1/10
Epoch [21/1000], Training Loss: 0.2797
Validation Loss: 0.2876
No improvement in validation loss. Early stop counter: 2/10
Epoch [22/1000], Training Loss: 0.2794
Validation Loss: 0.2903
No improvement in validation loss. Early stop counter: 3/10
Epoch [23/1000], Training Loss: 0.2775
Validation Loss: 0.2917
No improvement in validation loss. Early stop counter: 4/10
Epoch [24/1000], Training Loss: 0.2771
Validation Loss: 0.2916
No improvement in validation loss. Early stop counter: 5/10
Epoch [25/1000], Training Loss: 0.2778
Validation Loss: 0.2864
New best model found with validation loss: 0.2864
Epoch [26/1000], Training Loss: 0.2756
Validation Loss: 0.2873
No improvement in validation loss. Early stop counter: 1/10
Epoch [27/1000], Training Loss: 0.2756
Validation Loss: 0.2834
New best model found with validation loss: 0.2834
Epoch [28/1000], Training Loss: 0.2757
Validation Loss: 0.2895
No improvement in validation loss. Early stop counter: 1/10
Epoch [29/1000], Training Loss: 0.2742
Validation Loss: 0.2862
No improvement in validation loss. Early stop counter: 2/10
Epoch [30/1000], Training Loss: 0.2720
Validation Loss: 0.2848
No improvement in validation loss. Early stop counter: 3/10
Epoch [31/1000], Training Loss: 0.2728
Validation Loss: 0.2846
No improvement in validation loss. Early stop counter: 4/10
Epoch [32/1000], Training Loss: 0.2711
Validation Loss: 0.2870
No improvement in validation loss. Early stop counter: 5/10
Epoch [33/1000], Training Loss: 0.2709
Validation Loss: 0.2842
No improvement in validation loss. Early stop counter: 6/10
Epoch [34/1000], Training Loss: 0.2701
Validation Loss: 0.2865
No improvement in validation loss. Early stop counter: 7/10
Epoch [35/1000], Training Loss: 0.2695
Validation Loss: 0.2823
New best model found with validation loss: 0.2823
Epoch [36/1000], Training Loss: 0.2710
Validation Loss: 0.2806
New best model found with validation loss: 0.2806
Epoch [37/1000], Training Loss: 0.2701
Validation Loss: 0.2835
No improvement in validation loss. Early stop counter: 1/10
Epoch [38/1000], Training Loss: 0.2687
Validation Loss: 0.2866
No improvement in validation loss. Early stop counter: 2/10
Epoch [39/1000], Training Loss: 0.2700
Validation Loss: 0.2882
No improvement in validation loss. Early stop counter: 3/10
Epoch [40/1000], Training Loss: 0.2678
Validation Loss: 0.2888
No improvement in validation loss. Early stop counter: 4/10
Epoch [41/1000], Training Loss: 0.2690
Validation Loss: 0.2853
No improvement in validation loss. Early stop counter: 5/10
Epoch [42/1000], Training Loss: 0.2676
Validation Loss: 0.2869
No improvement in validation loss. Early stop counter: 6/10
Epoch [43/1000], Training Loss: 0.2671
Validation Loss: 0.2838
No improvement in validation loss. Early stop counter: 7/10
Epoch [44/1000], Training Loss: 0.2684
Validation Loss: 0.2866
No improvement in validation loss. Early stop counter: 8/10
Epoch [45/1000], Training Loss: 0.2689
Validation Loss: 0.2854
No improvement in validation loss. Early stop counter: 9/10
Epoch [46/1000], Training Loss: 0.2675
Validation Loss: 0.2868
No improvement in validation loss. Early stop counter: 10/10
Early stopping triggered after 46 epochs.
Best model for fold 4 saved successfully.

Starting Fold 5/5...
Initializing ClassificationModel with 2 GAT layers and residual connections...
Initializing MCModel with 2 GAT layers and 1 row attention layers...
Initializing CGModel with 2 GAT layers and residual connections...
Initializing CoreModel with 1 self-attention layers...
Using 4 GPUs with DataParallel.
Epoch [1/1000], Training Loss: 0.4035
Validation Loss: 0.3506
New best model found with validation loss: 0.3506
Epoch [2/1000], Training Loss: 0.3419
Validation Loss: 0.3295
New best model found with validation loss: 0.3295
Epoch [3/1000], Training Loss: 0.3233
Validation Loss: 0.3108
New best model found with validation loss: 0.3108
Epoch [4/1000], Training Loss: 0.3156
Validation Loss: 0.3094
New best model found with validation loss: 0.3094
Epoch [5/1000], Training Loss: 0.3115
Validation Loss: 0.3194
No improvement in validation loss. Early stop counter: 1/10
Epoch [6/1000], Training Loss: 0.3081
Validation Loss: 0.2997
New best model found with validation loss: 0.2997
Epoch [7/1000], Training Loss: 0.2990
Validation Loss: 0.3000
No improvement in validation loss. Early stop counter: 1/10
Epoch [8/1000], Training Loss: 0.2962
Validation Loss: 0.2930
New best model found with validation loss: 0.2930
Epoch [9/1000], Training Loss: 0.2948
Validation Loss: 0.2986
No improvement in validation loss. Early stop counter: 1/10
Epoch [10/1000], Training Loss: 0.2919
Validation Loss: 0.2920
New best model found with validation loss: 0.2920
Epoch [11/1000], Training Loss: 0.2886
Validation Loss: 0.2899
New best model found with validation loss: 0.2899
Epoch [12/1000], Training Loss: 0.2883
Validation Loss: 0.2996
No improvement in validation loss. Early stop counter: 1/10
Epoch [13/1000], Training Loss: 0.2870
Validation Loss: 0.2949
No improvement in validation loss. Early stop counter: 2/10
Epoch [14/1000], Training Loss: 0.2850
Validation Loss: 0.2907
No improvement in validation loss. Early stop counter: 3/10
Epoch [15/1000], Training Loss: 0.2862
Validation Loss: 0.2872
New best model found with validation loss: 0.2872
Epoch [16/1000], Training Loss: 0.2844
Validation Loss: 0.2864
New best model found with validation loss: 0.2864
Epoch [17/1000], Training Loss: 0.2819
Validation Loss: 0.2905
No improvement in validation loss. Early stop counter: 1/10
Epoch [18/1000], Training Loss: 0.2799
Validation Loss: 0.2854
New best model found with validation loss: 0.2854
Epoch [19/1000], Training Loss: 0.2794
Validation Loss: 0.2877
No improvement in validation loss. Early stop counter: 1/10
Epoch [20/1000], Training Loss: 0.2793
Validation Loss: 0.2852
New best model found with validation loss: 0.2852
Epoch [21/1000], Training Loss: 0.2777
Validation Loss: 0.2849
New best model found with validation loss: 0.2849
Epoch [22/1000], Training Loss: 0.2758
Validation Loss: 0.2893
No improvement in validation loss. Early stop counter: 1/10
Epoch [23/1000], Training Loss: 0.2742
Validation Loss: 0.2837
New best model found with validation loss: 0.2837
Epoch [24/1000], Training Loss: 0.2745
Validation Loss: 0.2859
No improvement in validation loss. Early stop counter: 1/10
Epoch [25/1000], Training Loss: 0.2746
Validation Loss: 0.2818
New best model found with validation loss: 0.2818
Epoch [26/1000], Training Loss: 0.2727
Validation Loss: 0.2837
No improvement in validation loss. Early stop counter: 1/10
Epoch [27/1000], Training Loss: 0.2742
Validation Loss: 0.2838
No improvement in validation loss. Early stop counter: 2/10
Epoch [28/1000], Training Loss: 0.2730
Validation Loss: 0.2836
No improvement in validation loss. Early stop counter: 3/10
Epoch [29/1000], Training Loss: 0.2743
Validation Loss: 0.2830
No improvement in validation loss. Early stop counter: 4/10
Epoch [30/1000], Training Loss: 0.2737
Validation Loss: 0.2813
New best model found with validation loss: 0.2813
Epoch [31/1000], Training Loss: 0.2710
Validation Loss: 0.2835
No improvement in validation loss. Early stop counter: 1/10
Epoch [32/1000], Training Loss: 0.2706
Validation Loss: 0.2812
New best model found with validation loss: 0.2812
Epoch [33/1000], Training Loss: 0.2703
Validation Loss: 0.2826
No improvement in validation loss. Early stop counter: 1/10
Epoch [34/1000], Training Loss: 0.2679
Validation Loss: 0.2812
New best model found with validation loss: 0.2812
Epoch [35/1000], Training Loss: 0.2694
Validation Loss: 0.2853
No improvement in validation loss. Early stop counter: 1/10
Epoch [36/1000], Training Loss: 0.2705
Validation Loss: 0.2811
New best model found with validation loss: 0.2811
Epoch [37/1000], Training Loss: 0.2682
Validation Loss: 0.2808
New best model found with validation loss: 0.2808
Epoch [38/1000], Training Loss: 0.2693
Validation Loss: 0.2798
New best model found with validation loss: 0.2798
Epoch [39/1000], Training Loss: 0.2683
Validation Loss: 0.2800
No improvement in validation loss. Early stop counter: 1/10
Epoch [40/1000], Training Loss: 0.2666
Validation Loss: 0.2838
No improvement in validation loss. Early stop counter: 2/10
Epoch [41/1000], Training Loss: 0.2679
Validation Loss: 0.2823
No improvement in validation loss. Early stop counter: 3/10
Epoch [42/1000], Training Loss: 0.2684
Validation Loss: 0.2793
New best model found with validation loss: 0.2793
Epoch [43/1000], Training Loss: 0.2688
Validation Loss: 0.2816
No improvement in validation loss. Early stop counter: 1/10
Epoch [44/1000], Training Loss: 0.2675
Validation Loss: 0.2823
No improvement in validation loss. Early stop counter: 2/10
Epoch [45/1000], Training Loss: 0.2673
Validation Loss: 0.2796
No improvement in validation loss. Early stop counter: 3/10
Epoch [46/1000], Training Loss: 0.2664
Validation Loss: 0.2819
No improvement in validation loss. Early stop counter: 4/10
Epoch [47/1000], Training Loss: 0.2661
Validation Loss: 0.2804
No improvement in validation loss. Early stop counter: 5/10
Epoch [48/1000], Training Loss: 0.2674
Validation Loss: 0.2809
No improvement in validation loss. Early stop counter: 6/10
Epoch [49/1000], Training Loss: 0.2665
Validation Loss: 0.2840
No improvement in validation loss. Early stop counter: 7/10
Epoch [50/1000], Training Loss: 0.2669
Validation Loss: 0.2826
No improvement in validation loss. Early stop counter: 8/10
Epoch [51/1000], Training Loss: 0.2666
Validation Loss: 0.2821
No improvement in validation loss. Early stop counter: 9/10
Epoch [52/1000], Training Loss: 0.2667
Validation Loss: 0.2821
No improvement in validation loss. Early stop counter: 10/10
Early stopping triggered after 52 epochs.
Best model for fold 5 saved successfully.

Cross-validation results:
Fold 1: Validation Loss = 0.3023
Fold 2: Validation Loss = 0.2774
Fold 3: Validation Loss = 0.2675
Fold 4: Validation Loss = 0.2806
Fold 5: Validation Loss = 0.2793
Average Validation Loss: 0.2814
