{'batch_size': 4, 'sequence_file': 'padded_sequences_train_3000.npz', 'data_file': 'padded_interfaces_train_3000.npz', 'edge_file': 'padded_edges_train_3000.npz', 'max_len': 3000, 'vocab_size': 23, 'embed_dim': 256, 'num_heads': 16, 'dropout': 0.1, 'num_layers': 1, 'num_gnn_layers': 2, 'num_int_layers': 1, 'num_classes': 2, 'num_epochs': 1000, 'learning_rate': 0.0001, 'max_grad_norm': 0.1, 'validation_split': 0.1, 'early_stop_patience': 10, 'initial_gradient_noise_std': 0.05, 'accumulation_steps': 2}
Number of GPUs available: 4

Starting Fold 1/5...
Initializing ClassificationModel with 2 GAT layers and residual connections...
Initializing MCModel with 2 GAT layers and 1 row attention layers...
Initializing CGModel with 2 GAT layers and residual connections...
Initializing CoreModel with 1 self-attention layers...
Using 4 GPUs with DataParallel.
Epoch [1/1000], Training Loss: 0.2865
Validation Loss: 0.2471
New best model found with validation loss: 0.2471
Epoch [2/1000], Training Loss: 0.2529
Validation Loss: 0.2405
New best model found with validation loss: 0.2405
Epoch [3/1000], Training Loss: 0.2479
Validation Loss: 0.2418
No improvement in validation loss. Early stop counter: 1/10
Epoch [4/1000], Training Loss: 0.2439
Validation Loss: 0.2337
New best model found with validation loss: 0.2337
Epoch [5/1000], Training Loss: 0.2396
Validation Loss: 0.2360
No improvement in validation loss. Early stop counter: 1/10
Epoch [6/1000], Training Loss: 0.2375
Validation Loss: 0.2426
No improvement in validation loss. Early stop counter: 2/10
Epoch [7/1000], Training Loss: 0.2336
Validation Loss: 0.2312
New best model found with validation loss: 0.2312
Epoch [8/1000], Training Loss: 0.2311
Validation Loss: 0.2241
New best model found with validation loss: 0.2241
Epoch [9/1000], Training Loss: 0.2314
Validation Loss: 0.2236
New best model found with validation loss: 0.2236
Epoch [10/1000], Training Loss: 0.2288
Validation Loss: 0.2258
No improvement in validation loss. Early stop counter: 1/10
Epoch [11/1000], Training Loss: 0.2212
Validation Loss: 0.2218
New best model found with validation loss: 0.2218
Epoch [12/1000], Training Loss: 0.2187
Validation Loss: 0.2242
No improvement in validation loss. Early stop counter: 1/10
Epoch [13/1000], Training Loss: 0.2176
Validation Loss: 0.2172
New best model found with validation loss: 0.2172
Epoch [14/1000], Training Loss: 0.2181
Validation Loss: 0.2222
No improvement in validation loss. Early stop counter: 1/10
Epoch [15/1000], Training Loss: 0.2153
Validation Loss: 0.2171
New best model found with validation loss: 0.2171
Epoch [16/1000], Training Loss: 0.2158
Validation Loss: 0.2301
No improvement in validation loss. Early stop counter: 1/10
Epoch [17/1000], Training Loss: 0.2134
Validation Loss: 0.2186
No improvement in validation loss. Early stop counter: 2/10
Epoch [18/1000], Training Loss: 0.2113
Validation Loss: 0.2259
No improvement in validation loss. Early stop counter: 3/10
Epoch [19/1000], Training Loss: 0.2138
Validation Loss: 0.2225
No improvement in validation loss. Early stop counter: 4/10
Epoch [20/1000], Training Loss: 0.2128
Validation Loss: 0.2209
No improvement in validation loss. Early stop counter: 5/10
Epoch [21/1000], Training Loss: 0.2068
Validation Loss: 0.2194
No improvement in validation loss. Early stop counter: 6/10
Epoch [22/1000], Training Loss: 0.2072
Validation Loss: 0.2221
No improvement in validation loss. Early stop counter: 7/10
Epoch [23/1000], Training Loss: 0.2054
Validation Loss: 0.2237
No improvement in validation loss. Early stop counter: 8/10
Epoch [24/1000], Training Loss: 0.2058
Validation Loss: 0.2185
No improvement in validation loss. Early stop counter: 9/10
Epoch [25/1000], Training Loss: 0.2047
Validation Loss: 0.2164
New best model found with validation loss: 0.2164
Epoch [26/1000], Training Loss: 0.2044
Validation Loss: 0.2210
No improvement in validation loss. Early stop counter: 1/10
Epoch [27/1000], Training Loss: 0.2043
Validation Loss: 0.2178
No improvement in validation loss. Early stop counter: 2/10
Epoch [28/1000], Training Loss: 0.2034
Validation Loss: 0.2197
No improvement in validation loss. Early stop counter: 3/10
Epoch [29/1000], Training Loss: 0.2039
Validation Loss: 0.2167
No improvement in validation loss. Early stop counter: 4/10
Epoch [30/1000], Training Loss: 0.2029
Validation Loss: 0.2210
No improvement in validation loss. Early stop counter: 5/10
Epoch [31/1000], Training Loss: 0.1991
Validation Loss: 0.2199
No improvement in validation loss. Early stop counter: 6/10
Epoch [32/1000], Training Loss: 0.1997
Validation Loss: 0.2201
No improvement in validation loss. Early stop counter: 7/10
Epoch [33/1000], Training Loss: 0.1990
Validation Loss: 0.2177
No improvement in validation loss. Early stop counter: 8/10
Epoch [34/1000], Training Loss: 0.1999
Validation Loss: 0.2202
No improvement in validation loss. Early stop counter: 9/10
Epoch [35/1000], Training Loss: 0.1993
Validation Loss: 0.2192
No improvement in validation loss. Early stop counter: 10/10
Early stopping triggered after 35 epochs.
Best model for fold 1 saved successfully.

Starting Fold 2/5...
Initializing ClassificationModel with 2 GAT layers and residual connections...
Initializing MCModel with 2 GAT layers and 1 row attention layers...
Initializing CGModel with 2 GAT layers and residual connections...
Initializing CoreModel with 1 self-attention layers...
Using 4 GPUs with DataParallel.
Epoch [1/1000], Training Loss: 0.2987
Validation Loss: 0.2596
New best model found with validation loss: 0.2596
Epoch [2/1000], Training Loss: 0.2571
Validation Loss: 0.3008
No improvement in validation loss. Early stop counter: 1/10
Epoch [3/1000], Training Loss: 0.2533
Validation Loss: 0.2459
New best model found with validation loss: 0.2459
Epoch [4/1000], Training Loss: 0.2458
Validation Loss: 0.2512
No improvement in validation loss. Early stop counter: 1/10
Epoch [5/1000], Training Loss: 0.2392
Validation Loss: 0.2418
New best model found with validation loss: 0.2418
Epoch [6/1000], Training Loss: 0.2363
Validation Loss: 0.2402
New best model found with validation loss: 0.2402
Epoch [7/1000], Training Loss: 0.2311
Validation Loss: 0.2584
No improvement in validation loss. Early stop counter: 1/10
Epoch [8/1000], Training Loss: 0.2338
Validation Loss: 0.2399
New best model found with validation loss: 0.2399
Epoch [9/1000], Training Loss: 0.2285
Validation Loss: 0.2380
New best model found with validation loss: 0.2380
Epoch [10/1000], Training Loss: 0.2348
Validation Loss: 0.2573
No improvement in validation loss. Early stop counter: 1/10
Epoch [11/1000], Training Loss: 0.2198
Validation Loss: 0.2347
New best model found with validation loss: 0.2347
Epoch [12/1000], Training Loss: 0.2207
Validation Loss: 0.2323
New best model found with validation loss: 0.2323
Epoch [13/1000], Training Loss: 0.2185
Validation Loss: 0.2334
No improvement in validation loss. Early stop counter: 1/10
Epoch [14/1000], Training Loss: 0.2144
Validation Loss: 0.2393
No improvement in validation loss. Early stop counter: 2/10
Epoch [15/1000], Training Loss: 0.2146
Validation Loss: 0.2375
No improvement in validation loss. Early stop counter: 3/10
Epoch [16/1000], Training Loss: 0.2145
Validation Loss: 0.2349
No improvement in validation loss. Early stop counter: 4/10
Epoch [17/1000], Training Loss: 0.2145
Validation Loss: 0.2382
No improvement in validation loss. Early stop counter: 5/10
Epoch [18/1000], Training Loss: 0.2153
Validation Loss: 0.2393
No improvement in validation loss. Early stop counter: 6/10
Epoch [19/1000], Training Loss: 0.2130
Validation Loss: 0.2355
No improvement in validation loss. Early stop counter: 7/10
Epoch [20/1000], Training Loss: 0.2089
Validation Loss: 0.2344
No improvement in validation loss. Early stop counter: 8/10
Epoch [21/1000], Training Loss: 0.2065
Validation Loss: 0.2337
No improvement in validation loss. Early stop counter: 9/10
Epoch [22/1000], Training Loss: 0.2053
Validation Loss: 0.2344
No improvement in validation loss. Early stop counter: 10/10
Early stopping triggered after 22 epochs.
Best model for fold 2 saved successfully.

Starting Fold 3/5...
Initializing ClassificationModel with 2 GAT layers and residual connections...
Initializing MCModel with 2 GAT layers and 1 row attention layers...
Initializing CGModel with 2 GAT layers and residual connections...
Initializing CoreModel with 1 self-attention layers...
Using 4 GPUs with DataParallel.
Epoch [1/1000], Training Loss: 0.2913
Validation Loss: 0.2590
New best model found with validation loss: 0.2590
Epoch [2/1000], Training Loss: 0.2590
Validation Loss: 0.2431
New best model found with validation loss: 0.2431
Epoch [3/1000], Training Loss: 0.2477
Validation Loss: 0.2362
New best model found with validation loss: 0.2362
Epoch [4/1000], Training Loss: 0.2454
Validation Loss: 0.2427
No improvement in validation loss. Early stop counter: 1/10
Epoch [5/1000], Training Loss: 0.2428
Validation Loss: 0.2475
No improvement in validation loss. Early stop counter: 2/10
Epoch [6/1000], Training Loss: 0.2407
Validation Loss: 0.2299
New best model found with validation loss: 0.2299
Epoch [7/1000], Training Loss: 0.2412
Validation Loss: 0.2347
No improvement in validation loss. Early stop counter: 1/10
Epoch [8/1000], Training Loss: 0.2325
Validation Loss: 0.2278
New best model found with validation loss: 0.2278
Epoch [9/1000], Training Loss: 0.2307
Validation Loss: 0.2330
No improvement in validation loss. Early stop counter: 1/10
Epoch [10/1000], Training Loss: 0.2278
Validation Loss: 0.2276
New best model found with validation loss: 0.2276
Epoch [11/1000], Training Loss: 0.2214
Validation Loss: 0.2246
New best model found with validation loss: 0.2246
Epoch [12/1000], Training Loss: 0.2223
Validation Loss: 0.2222
New best model found with validation loss: 0.2222
Epoch [13/1000], Training Loss: 0.2221
Validation Loss: 0.2210
New best model found with validation loss: 0.2210
Epoch [14/1000], Training Loss: 0.2169
Validation Loss: 0.2268
No improvement in validation loss. Early stop counter: 1/10
Epoch [15/1000], Training Loss: 0.2174
Validation Loss: 0.2262
No improvement in validation loss. Early stop counter: 2/10
Epoch [16/1000], Training Loss: 0.2188
Validation Loss: 0.2206
New best model found with validation loss: 0.2206
Epoch [17/1000], Training Loss: 0.2176
Validation Loss: 0.2237
No improvement in validation loss. Early stop counter: 1/10
Epoch [18/1000], Training Loss: 0.2138
Validation Loss: 0.2211
No improvement in validation loss. Early stop counter: 2/10
Epoch [19/1000], Training Loss: 0.2153
Validation Loss: 0.2301
No improvement in validation loss. Early stop counter: 3/10
Epoch [20/1000], Training Loss: 0.2121
Validation Loss: 0.2354
No improvement in validation loss. Early stop counter: 4/10
Epoch [21/1000], Training Loss: 0.2100
Validation Loss: 0.2214
No improvement in validation loss. Early stop counter: 5/10
Epoch [22/1000], Training Loss: 0.2089
Validation Loss: 0.2250
No improvement in validation loss. Early stop counter: 6/10
Epoch [23/1000], Training Loss: 0.2072
Validation Loss: 0.2228
No improvement in validation loss. Early stop counter: 7/10
Epoch [24/1000], Training Loss: 0.2075
Validation Loss: 0.2234
No improvement in validation loss. Early stop counter: 8/10
Epoch [25/1000], Training Loss: 0.2069
Validation Loss: 0.2209
No improvement in validation loss. Early stop counter: 9/10
Epoch [26/1000], Training Loss: 0.2044
Validation Loss: 0.2229
No improvement in validation loss. Early stop counter: 10/10
Early stopping triggered after 26 epochs.
Best model for fold 3 saved successfully.

Starting Fold 4/5...
Initializing ClassificationModel with 2 GAT layers and residual connections...
Initializing MCModel with 2 GAT layers and 1 row attention layers...
Initializing CGModel with 2 GAT layers and residual connections...
Initializing CoreModel with 1 self-attention layers...
Using 4 GPUs with DataParallel.
Epoch [1/1000], Training Loss: 0.2900
Validation Loss: 0.2603
New best model found with validation loss: 0.2603
Epoch [2/1000], Training Loss: 0.2525
Validation Loss: 0.2606
No improvement in validation loss. Early stop counter: 1/10
Epoch [3/1000], Training Loss: 0.2421
Validation Loss: 0.2454
New best model found with validation loss: 0.2454
Epoch [4/1000], Training Loss: 0.2393
Validation Loss: 0.2445
New best model found with validation loss: 0.2445
Epoch [5/1000], Training Loss: 0.2377
Validation Loss: 0.2546
No improvement in validation loss. Early stop counter: 1/10
Epoch [6/1000], Training Loss: 0.2319
Validation Loss: 0.2443
New best model found with validation loss: 0.2443
Epoch [7/1000], Training Loss: 0.2290
Validation Loss: 0.2426
New best model found with validation loss: 0.2426
Epoch [8/1000], Training Loss: 0.2320
Validation Loss: 0.2795
No improvement in validation loss. Early stop counter: 1/10
Epoch [9/1000], Training Loss: 0.2343
Validation Loss: 0.2366
New best model found with validation loss: 0.2366
Epoch [10/1000], Training Loss: 0.2244
Validation Loss: 0.2445
No improvement in validation loss. Early stop counter: 1/10
Epoch [11/1000], Training Loss: 0.2183
Validation Loss: 0.2339
New best model found with validation loss: 0.2339
Epoch [12/1000], Training Loss: 0.2165
Validation Loss: 0.2378
No improvement in validation loss. Early stop counter: 1/10
Epoch [13/1000], Training Loss: 0.2161
Validation Loss: 0.2360
No improvement in validation loss. Early stop counter: 2/10
Epoch [14/1000], Training Loss: 0.2145
Validation Loss: 0.2343
No improvement in validation loss. Early stop counter: 3/10
Epoch [15/1000], Training Loss: 0.2134
Validation Loss: 0.2387
No improvement in validation loss. Early stop counter: 4/10
Epoch [16/1000], Training Loss: 0.2123
Validation Loss: 0.2324
New best model found with validation loss: 0.2324
Epoch [17/1000], Training Loss: 0.2129
Validation Loss: 0.2296
New best model found with validation loss: 0.2296
Epoch [18/1000], Training Loss: 0.2110
Validation Loss: 0.2315
No improvement in validation loss. Early stop counter: 1/10
Epoch [19/1000], Training Loss: 0.2100
Validation Loss: 0.2332
No improvement in validation loss. Early stop counter: 2/10
Epoch [20/1000], Training Loss: 0.2076
Validation Loss: 0.2504
No improvement in validation loss. Early stop counter: 3/10
Epoch [21/1000], Training Loss: 0.2049
Validation Loss: 0.2297
No improvement in validation loss. Early stop counter: 4/10
Epoch [22/1000], Training Loss: 0.2048
Validation Loss: 0.2337
No improvement in validation loss. Early stop counter: 5/10
Epoch [23/1000], Training Loss: 0.2049
Validation Loss: 0.2304
No improvement in validation loss. Early stop counter: 6/10
Epoch [24/1000], Training Loss: 0.2023
Validation Loss: 0.2352
No improvement in validation loss. Early stop counter: 7/10
Epoch [25/1000], Training Loss: 0.2024
Validation Loss: 0.2324
No improvement in validation loss. Early stop counter: 8/10
Epoch [26/1000], Training Loss: 0.2018
Validation Loss: 0.2353
No improvement in validation loss. Early stop counter: 9/10
Epoch [27/1000], Training Loss: 0.2028
Validation Loss: 0.2337
No improvement in validation loss. Early stop counter: 10/10
Early stopping triggered after 27 epochs.
Best model for fold 4 saved successfully.

Starting Fold 5/5...
Initializing ClassificationModel with 2 GAT layers and residual connections...
Initializing MCModel with 2 GAT layers and 1 row attention layers...
Initializing CGModel with 2 GAT layers and residual connections...
Initializing CoreModel with 1 self-attention layers...
Using 4 GPUs with DataParallel.
Epoch [1/1000], Training Loss: 0.2892
Validation Loss: 0.2549
New best model found with validation loss: 0.2549
Epoch [2/1000], Training Loss: 0.2505
Validation Loss: 0.2394
New best model found with validation loss: 0.2394
Epoch [3/1000], Training Loss: 0.2459
Validation Loss: 0.2432
No improvement in validation loss. Early stop counter: 1/10
Epoch [4/1000], Training Loss: 0.2412
Validation Loss: 0.2405
No improvement in validation loss. Early stop counter: 2/10
Epoch [5/1000], Training Loss: 0.2370
Validation Loss: 0.2406
No improvement in validation loss. Early stop counter: 3/10
Epoch [6/1000], Training Loss: 0.2325
Validation Loss: 0.2398
No improvement in validation loss. Early stop counter: 4/10
Epoch [7/1000], Training Loss: 0.2318
Validation Loss: 0.2343
New best model found with validation loss: 0.2343
Epoch [8/1000], Training Loss: 0.2307
Validation Loss: 0.2526
No improvement in validation loss. Early stop counter: 1/10
Epoch [9/1000], Training Loss: 0.2267
Validation Loss: 0.2350
No improvement in validation loss. Early stop counter: 2/10
Epoch [10/1000], Training Loss: 0.2240
Validation Loss: 0.2364
No improvement in validation loss. Early stop counter: 3/10
Epoch [11/1000], Training Loss: 0.2201
Validation Loss: 0.2360
No improvement in validation loss. Early stop counter: 4/10
Epoch [12/1000], Training Loss: 0.2182
Validation Loss: 0.2322
New best model found with validation loss: 0.2322
Epoch [13/1000], Training Loss: 0.2160
Validation Loss: 0.2326
No improvement in validation loss. Early stop counter: 1/10
Epoch [14/1000], Training Loss: 0.2157
Validation Loss: 0.2335
No improvement in validation loss. Early stop counter: 2/10
Epoch [15/1000], Training Loss: 0.2145
Validation Loss: 0.2305
New best model found with validation loss: 0.2305
Epoch [16/1000], Training Loss: 0.2123
Validation Loss: 0.2387
No improvement in validation loss. Early stop counter: 1/10
Epoch [17/1000], Training Loss: 0.2112
Validation Loss: 0.2305
No improvement in validation loss. Early stop counter: 2/10
Epoch [18/1000], Training Loss: 0.2110
Validation Loss: 0.2398
No improvement in validation loss. Early stop counter: 3/10
Epoch [19/1000], Training Loss: 0.2105
Validation Loss: 0.2316
No improvement in validation loss. Early stop counter: 4/10
Epoch [20/1000], Training Loss: 0.2098
Validation Loss: 0.2317
No improvement in validation loss. Early stop counter: 5/10
Epoch [21/1000], Training Loss: 0.2057
Validation Loss: 0.2363
No improvement in validation loss. Early stop counter: 6/10
Epoch [22/1000], Training Loss: 0.2047
Validation Loss: 0.2394
No improvement in validation loss. Early stop counter: 7/10
Epoch [23/1000], Training Loss: 0.2054
Validation Loss: 0.2334
No improvement in validation loss. Early stop counter: 8/10
Epoch [24/1000], Training Loss: 0.2052
Validation Loss: 0.2391
No improvement in validation loss. Early stop counter: 9/10
Epoch [25/1000], Training Loss: 0.2043
Validation Loss: 0.2325
No improvement in validation loss. Early stop counter: 10/10
Early stopping triggered after 25 epochs.
Best model for fold 5 saved successfully.

Cross-validation results:
Fold 1: Validation Loss = 0.2164
Fold 2: Validation Loss = 0.2323
Fold 3: Validation Loss = 0.2206
Fold 4: Validation Loss = 0.2296
Fold 5: Validation Loss = 0.2305
Average Validation Loss: 0.2259
