{'batch_size': 4, 'sequence_file': 'padded_sequences_train_3000.npz', 'data_file': 'padded_interfaces_train_3000.npz', 'edge_file': 'padded_edges_train_3000.npz', 'max_len': 3000, 'vocab_size': 23, 'embed_dim': 256, 'num_heads': 16, 'dropout': 0.3, 'num_layers': 1, 'num_gnn_layers': 1, 'num_int_layers': 1, 'num_classes': 2, 'num_epochs': 1000, 'learning_rate': 0.0001, 'max_grad_norm': 0.1, 'validation_split': 0.1, 'early_stop_patience': 10, 'initial_gradient_noise_std': 0.05, 'accumulation_steps': 2}
Number of GPUs available: 4

Starting Fold 1/5...
Initializing ClassificationModel with 1 GAT layers and residual connections...
Initializing MCModel with 1 GAT layers and 1 row attention layers...
Initializing CGModel with 1 GAT layers and residual connections...
Initializing CoreModel with 1 self-attention layers...
Using 4 GPUs with DataParallel.
Epoch [1/1000], Training Loss: 0.6837
Validation Loss: 0.6235
New best model found with validation loss: 0.6235
Epoch [2/1000], Training Loss: 0.5774
Validation Loss: 0.5927
New best model found with validation loss: 0.5927
Epoch [3/1000], Training Loss: 0.5320
Validation Loss: 0.5829
New best model found with validation loss: 0.5829
Epoch [4/1000], Training Loss: 0.5172
Validation Loss: 0.5816
New best model found with validation loss: 0.5816
Epoch [5/1000], Training Loss: 0.4999
Validation Loss: 0.5426
New best model found with validation loss: 0.5426
Epoch [6/1000], Training Loss: 0.4919
Validation Loss: 0.5391
New best model found with validation loss: 0.5391
Epoch [7/1000], Training Loss: 0.4875
Validation Loss: 0.5364
New best model found with validation loss: 0.5364
Epoch [8/1000], Training Loss: 0.4802
Validation Loss: 0.5507
No improvement in validation loss. Early stop counter: 1/10
Epoch [9/1000], Training Loss: 0.4811
Validation Loss: 0.5594
No improvement in validation loss. Early stop counter: 2/10
Epoch [10/1000], Training Loss: 0.4784
Validation Loss: 0.5356
New best model found with validation loss: 0.5356
Epoch [11/1000], Training Loss: 0.4647
Validation Loss: 0.5368
No improvement in validation loss. Early stop counter: 1/10
Epoch [12/1000], Training Loss: 0.4609
Validation Loss: 0.5468
No improvement in validation loss. Early stop counter: 2/10
Epoch [13/1000], Training Loss: 0.4585
Validation Loss: 0.5140
New best model found with validation loss: 0.5140
Epoch [14/1000], Training Loss: 0.4528
Validation Loss: 0.5329
No improvement in validation loss. Early stop counter: 1/10
Epoch [15/1000], Training Loss: 0.4499
Validation Loss: 0.4924
New best model found with validation loss: 0.4924
Epoch [16/1000], Training Loss: 0.4452
Validation Loss: 0.5271
No improvement in validation loss. Early stop counter: 1/10
Epoch [17/1000], Training Loss: 0.4464
Validation Loss: 0.4972
No improvement in validation loss. Early stop counter: 2/10
Epoch [18/1000], Training Loss: 0.4454
Validation Loss: 0.5023
No improvement in validation loss. Early stop counter: 3/10
Epoch [19/1000], Training Loss: 0.4448
Validation Loss: 0.4940
No improvement in validation loss. Early stop counter: 4/10
Epoch [20/1000], Training Loss: 0.4427
Validation Loss: 0.5450
No improvement in validation loss. Early stop counter: 5/10
Epoch [21/1000], Training Loss: 0.4366
Validation Loss: 0.5006
No improvement in validation loss. Early stop counter: 6/10
Epoch [22/1000], Training Loss: 0.4361
Validation Loss: 0.4949
No improvement in validation loss. Early stop counter: 7/10
Epoch [23/1000], Training Loss: 0.4343
Validation Loss: 0.4906
New best model found with validation loss: 0.4906
Epoch [24/1000], Training Loss: 0.4335
Validation Loss: 0.5135
No improvement in validation loss. Early stop counter: 1/10
Epoch [25/1000], Training Loss: 0.4326
Validation Loss: 0.4878
New best model found with validation loss: 0.4878
Epoch [26/1000], Training Loss: 0.4338
Validation Loss: 0.4983
No improvement in validation loss. Early stop counter: 1/10
Epoch [27/1000], Training Loss: 0.4291
Validation Loss: 0.5069
No improvement in validation loss. Early stop counter: 2/10
Epoch [28/1000], Training Loss: 0.4311
Validation Loss: 0.4986
No improvement in validation loss. Early stop counter: 3/10
Epoch [29/1000], Training Loss: 0.4312
Validation Loss: 0.4916
No improvement in validation loss. Early stop counter: 4/10
Epoch [30/1000], Training Loss: 0.4300
Validation Loss: 0.4832
New best model found with validation loss: 0.4832
Epoch [31/1000], Training Loss: 0.4258
Validation Loss: 0.5034
No improvement in validation loss. Early stop counter: 1/10
Epoch [32/1000], Training Loss: 0.4262
Validation Loss: 0.4966
No improvement in validation loss. Early stop counter: 2/10
Epoch [33/1000], Training Loss: 0.4245
Validation Loss: 0.4842
No improvement in validation loss. Early stop counter: 3/10
Epoch [34/1000], Training Loss: 0.4249
Validation Loss: 0.4895
No improvement in validation loss. Early stop counter: 4/10
Epoch [35/1000], Training Loss: 0.4249
Validation Loss: 0.4880
No improvement in validation loss. Early stop counter: 5/10
Epoch [36/1000], Training Loss: 0.4242
Validation Loss: 0.5024
No improvement in validation loss. Early stop counter: 6/10
Epoch [37/1000], Training Loss: 0.4232
Validation Loss: 0.5032
No improvement in validation loss. Early stop counter: 7/10
Epoch [38/1000], Training Loss: 0.4227
Validation Loss: 0.4921
No improvement in validation loss. Early stop counter: 8/10
Epoch [39/1000], Training Loss: 0.4236
Validation Loss: 0.4821
New best model found with validation loss: 0.4821
Epoch [40/1000], Training Loss: 0.4231
Validation Loss: 0.4982
No improvement in validation loss. Early stop counter: 1/10
Epoch [41/1000], Training Loss: 0.4212
Validation Loss: 0.4935
No improvement in validation loss. Early stop counter: 2/10
Epoch [42/1000], Training Loss: 0.4218
Validation Loss: 0.4983
No improvement in validation loss. Early stop counter: 3/10
Epoch [43/1000], Training Loss: 0.4214
Validation Loss: 0.4854
No improvement in validation loss. Early stop counter: 4/10
Epoch [44/1000], Training Loss: 0.4225
Validation Loss: 0.4964
No improvement in validation loss. Early stop counter: 5/10
Epoch [45/1000], Training Loss: 0.4219
Validation Loss: 0.4965
No improvement in validation loss. Early stop counter: 6/10
Epoch [46/1000], Training Loss: 0.4200
Validation Loss: 0.4994
No improvement in validation loss. Early stop counter: 7/10
Epoch [47/1000], Training Loss: 0.4208
Validation Loss: 0.4906
No improvement in validation loss. Early stop counter: 8/10
Epoch [48/1000], Training Loss: 0.4210
Validation Loss: 0.4994
No improvement in validation loss. Early stop counter: 9/10
Epoch [49/1000], Training Loss: 0.4184
Validation Loss: 0.4824
No improvement in validation loss. Early stop counter: 10/10
Early stopping triggered after 49 epochs.
Best model for fold 1 saved successfully.

Starting Fold 2/5...
Initializing ClassificationModel with 1 GAT layers and residual connections...
Initializing MCModel with 1 GAT layers and 1 row attention layers...
Initializing CGModel with 1 GAT layers and residual connections...
Initializing CoreModel with 1 self-attention layers...
Using 4 GPUs with DataParallel.
Epoch [1/1000], Training Loss: 0.7015
Validation Loss: 0.6061
New best model found with validation loss: 0.6061
Epoch [2/1000], Training Loss: 0.6198
Validation Loss: 0.5746
New best model found with validation loss: 0.5746
Epoch [3/1000], Training Loss: 0.5903
Validation Loss: 0.5698
New best model found with validation loss: 0.5698
Epoch [4/1000], Training Loss: 0.5615
Validation Loss: 0.5780
No improvement in validation loss. Early stop counter: 1/10
Epoch [5/1000], Training Loss: 0.5446
Validation Loss: 0.5402
New best model found with validation loss: 0.5402
Epoch [6/1000], Training Loss: 0.5345
Validation Loss: 0.5450
No improvement in validation loss. Early stop counter: 1/10
Epoch [7/1000], Training Loss: 0.5233
Validation Loss: 0.5584
No improvement in validation loss. Early stop counter: 2/10
Epoch [8/1000], Training Loss: 0.5147
Validation Loss: 0.6220
No improvement in validation loss. Early stop counter: 3/10
Epoch [9/1000], Training Loss: 0.5055
Validation Loss: 0.5499
No improvement in validation loss. Early stop counter: 4/10
Epoch [10/1000], Training Loss: 0.4935
Validation Loss: 0.5084
New best model found with validation loss: 0.5084
Epoch [11/1000], Training Loss: 0.4849
Validation Loss: 0.4934
New best model found with validation loss: 0.4934
Epoch [12/1000], Training Loss: 0.4830
Validation Loss: 0.5106
No improvement in validation loss. Early stop counter: 1/10
Epoch [13/1000], Training Loss: 0.4759
Validation Loss: 0.5146
No improvement in validation loss. Early stop counter: 2/10
Epoch [14/1000], Training Loss: 0.4772
Validation Loss: 0.4940
No improvement in validation loss. Early stop counter: 3/10
Epoch [15/1000], Training Loss: 0.4724
Validation Loss: 0.4998
No improvement in validation loss. Early stop counter: 4/10
Epoch [16/1000], Training Loss: 0.4675
Validation Loss: 0.4982
No improvement in validation loss. Early stop counter: 5/10
Epoch [17/1000], Training Loss: 0.4675
Validation Loss: 0.4939
No improvement in validation loss. Early stop counter: 6/10
Epoch [18/1000], Training Loss: 0.4623
Validation Loss: 0.5000
No improvement in validation loss. Early stop counter: 7/10
Epoch [19/1000], Training Loss: 0.4604
Validation Loss: 0.4807
New best model found with validation loss: 0.4807
Epoch [20/1000], Training Loss: 0.4604
Validation Loss: 0.4837
No improvement in validation loss. Early stop counter: 1/10
Epoch [21/1000], Training Loss: 0.4522
Validation Loss: 0.4879
No improvement in validation loss. Early stop counter: 2/10
Epoch [22/1000], Training Loss: 0.4489
Validation Loss: 0.4966
No improvement in validation loss. Early stop counter: 3/10
Epoch [23/1000], Training Loss: 0.4496
Validation Loss: 0.4821
No improvement in validation loss. Early stop counter: 4/10
Epoch [24/1000], Training Loss: 0.4467
Validation Loss: 0.4988
No improvement in validation loss. Early stop counter: 5/10
Epoch [25/1000], Training Loss: 0.4454
Validation Loss: 0.4853
No improvement in validation loss. Early stop counter: 6/10
Epoch [26/1000], Training Loss: 0.4466
Validation Loss: 0.4863
No improvement in validation loss. Early stop counter: 7/10
Epoch [27/1000], Training Loss: 0.4417
Validation Loss: 0.4904
No improvement in validation loss. Early stop counter: 8/10
Epoch [28/1000], Training Loss: 0.4408
Validation Loss: 0.4979
No improvement in validation loss. Early stop counter: 9/10
Epoch [29/1000], Training Loss: 0.4408
Validation Loss: 0.4789
New best model found with validation loss: 0.4789
Epoch [30/1000], Training Loss: 0.4411
Validation Loss: 0.5625
No improvement in validation loss. Early stop counter: 1/10
Epoch [31/1000], Training Loss: 0.4353
Validation Loss: 0.4977
No improvement in validation loss. Early stop counter: 2/10
Epoch [32/1000], Training Loss: 0.4372
Validation Loss: 0.4894
No improvement in validation loss. Early stop counter: 3/10
Epoch [33/1000], Training Loss: 0.4368
Validation Loss: 0.4944
No improvement in validation loss. Early stop counter: 4/10
Epoch [34/1000], Training Loss: 0.4360
Validation Loss: 0.4976
No improvement in validation loss. Early stop counter: 5/10
Epoch [35/1000], Training Loss: 0.4339
Validation Loss: 0.4904
No improvement in validation loss. Early stop counter: 6/10
Epoch [36/1000], Training Loss: 0.4370
Validation Loss: 0.4875
No improvement in validation loss. Early stop counter: 7/10
Epoch [37/1000], Training Loss: 0.4333
Validation Loss: 0.4799
No improvement in validation loss. Early stop counter: 8/10
Epoch [38/1000], Training Loss: 0.4322
Validation Loss: 0.4983
No improvement in validation loss. Early stop counter: 9/10
Epoch [39/1000], Training Loss: 0.4321
Validation Loss: 0.4960
No improvement in validation loss. Early stop counter: 10/10
Early stopping triggered after 39 epochs.
Best model for fold 2 saved successfully.

Starting Fold 3/5...
Initializing ClassificationModel with 1 GAT layers and residual connections...
Initializing MCModel with 1 GAT layers and 1 row attention layers...
Initializing CGModel with 1 GAT layers and residual connections...
Initializing CoreModel with 1 self-attention layers...
Using 4 GPUs with DataParallel.
Epoch [1/1000], Training Loss: 0.6702
Validation Loss: 0.6295
New best model found with validation loss: 0.6295
Epoch [2/1000], Training Loss: 0.6204
Validation Loss: 0.5728
New best model found with validation loss: 0.5728
Epoch [3/1000], Training Loss: 0.5888
Validation Loss: 0.5542
New best model found with validation loss: 0.5542
Epoch [4/1000], Training Loss: 0.5497
Validation Loss: 0.5318
New best model found with validation loss: 0.5318
Epoch [5/1000], Training Loss: 0.5304
Validation Loss: 0.5614
No improvement in validation loss. Early stop counter: 1/10
Epoch [6/1000], Training Loss: 0.5197
Validation Loss: 0.5517
No improvement in validation loss. Early stop counter: 2/10
Epoch [7/1000], Training Loss: 0.5117
Validation Loss: 0.5265
New best model found with validation loss: 0.5265
Epoch [8/1000], Training Loss: 0.5010
Validation Loss: 0.4893
New best model found with validation loss: 0.4893
Epoch [9/1000], Training Loss: 0.5015
Validation Loss: 0.4880
New best model found with validation loss: 0.4880
Epoch [10/1000], Training Loss: 0.4981
Validation Loss: 0.4806
New best model found with validation loss: 0.4806
Epoch [11/1000], Training Loss: 0.4846
Validation Loss: 0.4942
No improvement in validation loss. Early stop counter: 1/10
Epoch [12/1000], Training Loss: 0.4833
Validation Loss: 0.5043
No improvement in validation loss. Early stop counter: 2/10
Epoch [13/1000], Training Loss: 0.4775
Validation Loss: 0.4983
No improvement in validation loss. Early stop counter: 3/10
Epoch [14/1000], Training Loss: 0.4740
Validation Loss: 0.4704
New best model found with validation loss: 0.4704
Epoch [15/1000], Training Loss: 0.4726
Validation Loss: 0.4619
New best model found with validation loss: 0.4619
Epoch [16/1000], Training Loss: 0.4731
Validation Loss: 0.4594
New best model found with validation loss: 0.4594
Epoch [17/1000], Training Loss: 0.4688
Validation Loss: 0.5119
No improvement in validation loss. Early stop counter: 1/10
Epoch [18/1000], Training Loss: 0.4654
Validation Loss: 0.5037
No improvement in validation loss. Early stop counter: 2/10
Epoch [19/1000], Training Loss: 0.4632
Validation Loss: 0.4501
New best model found with validation loss: 0.4501
Epoch [20/1000], Training Loss: 0.4649
Validation Loss: 0.4602
No improvement in validation loss. Early stop counter: 1/10
Epoch [21/1000], Training Loss: 0.4566
Validation Loss: 0.4682
No improvement in validation loss. Early stop counter: 2/10
Epoch [22/1000], Training Loss: 0.4561
Validation Loss: 0.4702
No improvement in validation loss. Early stop counter: 3/10
Epoch [23/1000], Training Loss: 0.4526
Validation Loss: 0.4671
No improvement in validation loss. Early stop counter: 4/10
Epoch [24/1000], Training Loss: 0.4539
Validation Loss: 0.4837
No improvement in validation loss. Early stop counter: 5/10
Epoch [25/1000], Training Loss: 0.4519
Validation Loss: 0.4972
No improvement in validation loss. Early stop counter: 6/10
Epoch [26/1000], Training Loss: 0.4508
Validation Loss: 0.4820
No improvement in validation loss. Early stop counter: 7/10
Epoch [27/1000], Training Loss: 0.4516
Validation Loss: 0.4533
No improvement in validation loss. Early stop counter: 8/10
Epoch [28/1000], Training Loss: 0.4530
Validation Loss: 0.4776
No improvement in validation loss. Early stop counter: 9/10
Epoch [29/1000], Training Loss: 0.4475
Validation Loss: 0.4624
No improvement in validation loss. Early stop counter: 10/10
Early stopping triggered after 29 epochs.
Best model for fold 3 saved successfully.

Starting Fold 4/5...
Initializing ClassificationModel with 1 GAT layers and residual connections...
Initializing MCModel with 1 GAT layers and 1 row attention layers...
Initializing CGModel with 1 GAT layers and residual connections...
Initializing CoreModel with 1 self-attention layers...
Using 4 GPUs with DataParallel.
Epoch [1/1000], Training Loss: 0.6879
Validation Loss: 0.6497
New best model found with validation loss: 0.6497
Epoch [2/1000], Training Loss: 0.6364
Validation Loss: 0.6495
New best model found with validation loss: 0.6495
Epoch [3/1000], Training Loss: 0.5974
Validation Loss: 0.6550
No improvement in validation loss. Early stop counter: 1/10
Epoch [4/1000], Training Loss: 0.5571
Validation Loss: 0.5443
New best model found with validation loss: 0.5443
Epoch [5/1000], Training Loss: 0.5333
Validation Loss: 0.5552
No improvement in validation loss. Early stop counter: 1/10
Epoch [6/1000], Training Loss: 0.5209
Validation Loss: 0.5176
New best model found with validation loss: 0.5176
Epoch [7/1000], Training Loss: 0.5131
Validation Loss: 0.5402
No improvement in validation loss. Early stop counter: 1/10
Epoch [8/1000], Training Loss: 0.5066
Validation Loss: 0.5602
No improvement in validation loss. Early stop counter: 2/10
Epoch [9/1000], Training Loss: 0.5015
Validation Loss: 0.5115
New best model found with validation loss: 0.5115
Epoch [10/1000], Training Loss: 0.4901
Validation Loss: 0.5395
No improvement in validation loss. Early stop counter: 1/10
Epoch [11/1000], Training Loss: 0.4844
Validation Loss: 0.5022
New best model found with validation loss: 0.5022
Epoch [12/1000], Training Loss: 0.4760
Validation Loss: 0.5022
New best model found with validation loss: 0.5022
Epoch [13/1000], Training Loss: 0.4741
Validation Loss: 0.4838
New best model found with validation loss: 0.4838
Epoch [14/1000], Training Loss: 0.4726
Validation Loss: 0.4876
No improvement in validation loss. Early stop counter: 1/10
Epoch [15/1000], Training Loss: 0.4690
Validation Loss: 0.5421
No improvement in validation loss. Early stop counter: 2/10
Epoch [16/1000], Training Loss: 0.4683
Validation Loss: 0.4869
No improvement in validation loss. Early stop counter: 3/10
Epoch [17/1000], Training Loss: 0.4633
Validation Loss: 0.5039
No improvement in validation loss. Early stop counter: 4/10
Epoch [18/1000], Training Loss: 0.4629
Validation Loss: 0.5341
No improvement in validation loss. Early stop counter: 5/10
Epoch [19/1000], Training Loss: 0.4566
Validation Loss: 0.5066
No improvement in validation loss. Early stop counter: 6/10
Epoch [20/1000], Training Loss: 0.4552
Validation Loss: 0.4934
No improvement in validation loss. Early stop counter: 7/10
Epoch [21/1000], Training Loss: 0.4473
Validation Loss: 0.4804
New best model found with validation loss: 0.4804
Epoch [22/1000], Training Loss: 0.4457
Validation Loss: 0.4939
No improvement in validation loss. Early stop counter: 1/10
Epoch [23/1000], Training Loss: 0.4449
Validation Loss: 0.5179
No improvement in validation loss. Early stop counter: 2/10
Epoch [24/1000], Training Loss: 0.4439
Validation Loss: 0.4953
No improvement in validation loss. Early stop counter: 3/10
Epoch [25/1000], Training Loss: 0.4429
Validation Loss: 0.4841
No improvement in validation loss. Early stop counter: 4/10
Epoch [26/1000], Training Loss: 0.4416
Validation Loss: 0.4790
New best model found with validation loss: 0.4790
Epoch [27/1000], Training Loss: 0.4389
Validation Loss: 0.4782
New best model found with validation loss: 0.4782
Epoch [28/1000], Training Loss: 0.4401
Validation Loss: 0.4766
New best model found with validation loss: 0.4766
Epoch [29/1000], Training Loss: 0.4383
Validation Loss: 0.4729
New best model found with validation loss: 0.4729
Epoch [30/1000], Training Loss: 0.4380
Validation Loss: 0.4978
No improvement in validation loss. Early stop counter: 1/10
Epoch [31/1000], Training Loss: 0.4352
Validation Loss: 0.4812
No improvement in validation loss. Early stop counter: 2/10
Epoch [32/1000], Training Loss: 0.4329
Validation Loss: 0.4829
No improvement in validation loss. Early stop counter: 3/10
Epoch [33/1000], Training Loss: 0.4322
Validation Loss: 0.4924
No improvement in validation loss. Early stop counter: 4/10
Epoch [34/1000], Training Loss: 0.4322
Validation Loss: 0.4849
No improvement in validation loss. Early stop counter: 5/10
Epoch [35/1000], Training Loss: 0.4318
Validation Loss: 0.4684
New best model found with validation loss: 0.4684
Epoch [36/1000], Training Loss: 0.4328
Validation Loss: 0.4863
No improvement in validation loss. Early stop counter: 1/10
Epoch [37/1000], Training Loss: 0.4316
Validation Loss: 0.4805
No improvement in validation loss. Early stop counter: 2/10
Epoch [38/1000], Training Loss: 0.4300
Validation Loss: 0.4734
No improvement in validation loss. Early stop counter: 3/10
Epoch [39/1000], Training Loss: 0.4317
Validation Loss: 0.4790
No improvement in validation loss. Early stop counter: 4/10
Epoch [40/1000], Training Loss: 0.4303
Validation Loss: 0.4740
No improvement in validation loss. Early stop counter: 5/10
Epoch [41/1000], Training Loss: 0.4281
Validation Loss: 0.4739
No improvement in validation loss. Early stop counter: 6/10
Epoch [42/1000], Training Loss: 0.4295
Validation Loss: 0.4734
No improvement in validation loss. Early stop counter: 7/10
Epoch [43/1000], Training Loss: 0.4300
Validation Loss: 0.4874
No improvement in validation loss. Early stop counter: 8/10
Epoch [44/1000], Training Loss: 0.4264
Validation Loss: 0.4727
No improvement in validation loss. Early stop counter: 9/10
Epoch [45/1000], Training Loss: 0.4288
Validation Loss: 0.4744
No improvement in validation loss. Early stop counter: 10/10
Early stopping triggered after 45 epochs.
Best model for fold 4 saved successfully.

Starting Fold 5/5...
Initializing ClassificationModel with 1 GAT layers and residual connections...
Initializing MCModel with 1 GAT layers and 1 row attention layers...
Initializing CGModel with 1 GAT layers and residual connections...
Initializing CoreModel with 1 self-attention layers...
Using 4 GPUs with DataParallel.
Epoch [1/1000], Training Loss: 0.6950
Validation Loss: 0.6434
New best model found with validation loss: 0.6434
Epoch [2/1000], Training Loss: 0.6176
Validation Loss: 0.5566
New best model found with validation loss: 0.5566
Epoch [3/1000], Training Loss: 0.5638
Validation Loss: 0.5320
New best model found with validation loss: 0.5320
Epoch [4/1000], Training Loss: 0.5385
Validation Loss: 0.5292
New best model found with validation loss: 0.5292
Epoch [5/1000], Training Loss: 0.5205
Validation Loss: 0.5081
New best model found with validation loss: 0.5081
Epoch [6/1000], Training Loss: 0.5114
Validation Loss: 0.4900
New best model found with validation loss: 0.4900
Epoch [7/1000], Training Loss: 0.5044
Validation Loss: 0.5054
No improvement in validation loss. Early stop counter: 1/10
Epoch [8/1000], Training Loss: 0.4995
Validation Loss: 0.5028
No improvement in validation loss. Early stop counter: 2/10
Epoch [9/1000], Training Loss: 0.4927
Validation Loss: 0.5458
No improvement in validation loss. Early stop counter: 3/10
Epoch [10/1000], Training Loss: 0.4861
Validation Loss: 0.5204
No improvement in validation loss. Early stop counter: 4/10
Epoch [11/1000], Training Loss: 0.4789
Validation Loss: 0.4827
New best model found with validation loss: 0.4827
Epoch [12/1000], Training Loss: 0.4757
Validation Loss: 0.4710
New best model found with validation loss: 0.4710
Epoch [13/1000], Training Loss: 0.4696
Validation Loss: 0.4809
No improvement in validation loss. Early stop counter: 1/10
Epoch [14/1000], Training Loss: 0.4681
Validation Loss: 0.4730
No improvement in validation loss. Early stop counter: 2/10
Epoch [15/1000], Training Loss: 0.4654
Validation Loss: 0.4677
New best model found with validation loss: 0.4677
Epoch [16/1000], Training Loss: 0.4614
Validation Loss: 0.4693
No improvement in validation loss. Early stop counter: 1/10
Epoch [17/1000], Training Loss: 0.4572
Validation Loss: 0.4743
No improvement in validation loss. Early stop counter: 2/10
Epoch [18/1000], Training Loss: 0.4574
Validation Loss: 0.4688
No improvement in validation loss. Early stop counter: 3/10
Epoch [19/1000], Training Loss: 0.4549
Validation Loss: 0.4913
No improvement in validation loss. Early stop counter: 4/10
Epoch [20/1000], Training Loss: 0.4506
Validation Loss: 0.4639
New best model found with validation loss: 0.4639
Epoch [21/1000], Training Loss: 0.4459
Validation Loss: 0.4553
New best model found with validation loss: 0.4553
Epoch [22/1000], Training Loss: 0.4458
Validation Loss: 0.4696
No improvement in validation loss. Early stop counter: 1/10
Epoch [23/1000], Training Loss: 0.4444
Validation Loss: 0.4861
No improvement in validation loss. Early stop counter: 2/10
Epoch [24/1000], Training Loss: 0.4436
Validation Loss: 0.4711
No improvement in validation loss. Early stop counter: 3/10
Epoch [25/1000], Training Loss: 0.4428
Validation Loss: 0.4750
No improvement in validation loss. Early stop counter: 4/10
Epoch [26/1000], Training Loss: 0.4423
Validation Loss: 0.4822
No improvement in validation loss. Early stop counter: 5/10
Epoch [27/1000], Training Loss: 0.4391
Validation Loss: 0.4705
No improvement in validation loss. Early stop counter: 6/10
Epoch [28/1000], Training Loss: 0.4379
Validation Loss: 0.4600
No improvement in validation loss. Early stop counter: 7/10
Epoch [29/1000], Training Loss: 0.4383
Validation Loss: 0.4720
No improvement in validation loss. Early stop counter: 8/10
Epoch [30/1000], Training Loss: 0.4370
Validation Loss: 0.4667
No improvement in validation loss. Early stop counter: 9/10
Epoch [31/1000], Training Loss: 0.4341
Validation Loss: 0.4582
No improvement in validation loss. Early stop counter: 10/10
Early stopping triggered after 31 epochs.
Best model for fold 5 saved successfully.

Cross-validation results:
Fold 1: Validation Loss = 0.4821
Fold 2: Validation Loss = 0.4789
Fold 3: Validation Loss = 0.4501
Fold 4: Validation Loss = 0.4684
Fold 5: Validation Loss = 0.4553
Average Validation Loss: 0.4670
