{'batch_size': 4, 'sequence_file': 'padded_sequences_train_3000.npz', 'data_file': 'padded_interfaces_train_3000.npz', 'edge_file': 'padded_edges_train_3000.npz', 'max_len': 3000, 'vocab_size': 23, 'embed_dim': 256, 'num_heads': 16, 'dropout': 0.1, 'num_layers': 1, 'num_gnn_layers': 2, 'num_int_layers': 1, 'num_classes': 2, 'num_epochs': 1000, 'learning_rate': 0.0001, 'max_grad_norm': 0.1, 'validation_split': 0.1, 'early_stop_patience': 10, 'initial_gradient_noise_std': 0.05, 'accumulation_steps': 2}
Number of GPUs available: 4

Starting Fold 1/5...
Initializing ClassificationModel with 2 GAT layers and residual connections...
Initializing MCModel with 2 GAT layers and 1 row attention layers...
Initializing CGModel with 2 GAT layers and residual connections...
Initializing CoreModel with 1 self-attention layers...
Using 4 GPUs with DataParallel.
Epoch [1/1000], Training Loss: 0.6395
Validation Loss: 0.5812
New best model found with validation loss: 0.5812
Epoch [2/1000], Training Loss: 0.5527
Validation Loss: 0.5821
No improvement in validation loss. Early stop counter: 1/10
Epoch [3/1000], Training Loss: 0.5119
Validation Loss: 0.5314
New best model found with validation loss: 0.5314
Epoch [4/1000], Training Loss: 0.4877
Validation Loss: 0.5066
New best model found with validation loss: 0.5066
Epoch [5/1000], Training Loss: 0.4764
Validation Loss: 0.4826
New best model found with validation loss: 0.4826
Epoch [6/1000], Training Loss: 0.4630
Validation Loss: 0.4799
New best model found with validation loss: 0.4799
Epoch [7/1000], Training Loss: 0.4531
Validation Loss: 0.4913
No improvement in validation loss. Early stop counter: 1/10
Epoch [8/1000], Training Loss: 0.4535
Validation Loss: 0.4828
No improvement in validation loss. Early stop counter: 2/10
Epoch [9/1000], Training Loss: 0.4456
Validation Loss: 0.4668
New best model found with validation loss: 0.4668
Epoch [10/1000], Training Loss: 0.4390
Validation Loss: 0.4718
No improvement in validation loss. Early stop counter: 1/10
Epoch [11/1000], Training Loss: 0.4299
Validation Loss: 0.4621
New best model found with validation loss: 0.4621
Epoch [12/1000], Training Loss: 0.4266
Validation Loss: 0.4636
No improvement in validation loss. Early stop counter: 1/10
Epoch [13/1000], Training Loss: 0.4221
Validation Loss: 0.4711
No improvement in validation loss. Early stop counter: 2/10
Epoch [14/1000], Training Loss: 0.4237
Validation Loss: 0.4552
New best model found with validation loss: 0.4552
Epoch [15/1000], Training Loss: 0.4197
Validation Loss: 0.4609
No improvement in validation loss. Early stop counter: 1/10
Epoch [16/1000], Training Loss: 0.4180
Validation Loss: 0.4543
New best model found with validation loss: 0.4543
Epoch [17/1000], Training Loss: 0.4146
Validation Loss: 0.4577
No improvement in validation loss. Early stop counter: 1/10
Epoch [18/1000], Training Loss: 0.4168
Validation Loss: 0.4477
New best model found with validation loss: 0.4477
Epoch [19/1000], Training Loss: 0.4107
Validation Loss: 0.4557
No improvement in validation loss. Early stop counter: 1/10
Epoch [20/1000], Training Loss: 0.4120
Validation Loss: 0.4684
No improvement in validation loss. Early stop counter: 2/10
Epoch [21/1000], Training Loss: 0.4050
Validation Loss: 0.4439
New best model found with validation loss: 0.4439
Epoch [22/1000], Training Loss: 0.4047
Validation Loss: 0.4524
No improvement in validation loss. Early stop counter: 1/10
Epoch [23/1000], Training Loss: 0.4057
Validation Loss: 0.4467
No improvement in validation loss. Early stop counter: 2/10
Epoch [24/1000], Training Loss: 0.4018
Validation Loss: 0.4410
New best model found with validation loss: 0.4410
Epoch [25/1000], Training Loss: 0.4002
Validation Loss: 0.4530
No improvement in validation loss. Early stop counter: 1/10
Epoch [26/1000], Training Loss: 0.4022
Validation Loss: 0.4557
No improvement in validation loss. Early stop counter: 2/10
Epoch [27/1000], Training Loss: 0.3995
Validation Loss: 0.4473
No improvement in validation loss. Early stop counter: 3/10
Epoch [28/1000], Training Loss: 0.3994
Validation Loss: 0.4464
No improvement in validation loss. Early stop counter: 4/10
Epoch [29/1000], Training Loss: 0.3987
Validation Loss: 0.4412
No improvement in validation loss. Early stop counter: 5/10
Epoch [30/1000], Training Loss: 0.3973
Validation Loss: 0.4515
No improvement in validation loss. Early stop counter: 6/10
Epoch [31/1000], Training Loss: 0.3931
Validation Loss: 0.4479
No improvement in validation loss. Early stop counter: 7/10
Epoch [32/1000], Training Loss: 0.3947
Validation Loss: 0.4464
No improvement in validation loss. Early stop counter: 8/10
Epoch [33/1000], Training Loss: 0.3937
Validation Loss: 0.4475
No improvement in validation loss. Early stop counter: 9/10
Epoch [34/1000], Training Loss: 0.3943
Validation Loss: 0.4430
No improvement in validation loss. Early stop counter: 10/10
Early stopping triggered after 34 epochs.
Best model for fold 1 saved successfully.

Starting Fold 2/5...
Initializing ClassificationModel with 2 GAT layers and residual connections...
Initializing MCModel with 2 GAT layers and 1 row attention layers...
Initializing CGModel with 2 GAT layers and residual connections...
Initializing CoreModel with 1 self-attention layers...
Using 4 GPUs with DataParallel.
Epoch [1/1000], Training Loss: 0.6718
Validation Loss: 0.5438
New best model found with validation loss: 0.5438
Epoch [2/1000], Training Loss: 0.5535
Validation Loss: 0.5227
New best model found with validation loss: 0.5227
Epoch [3/1000], Training Loss: 0.5260
Validation Loss: 0.4992
New best model found with validation loss: 0.4992
Epoch [4/1000], Training Loss: 0.5009
Validation Loss: 0.4963
New best model found with validation loss: 0.4963
Epoch [5/1000], Training Loss: 0.4906
Validation Loss: 0.4913
New best model found with validation loss: 0.4913
Epoch [6/1000], Training Loss: 0.4790
Validation Loss: 0.4729
New best model found with validation loss: 0.4729
Epoch [7/1000], Training Loss: 0.4707
Validation Loss: 0.5183
No improvement in validation loss. Early stop counter: 1/10
Epoch [8/1000], Training Loss: 0.4625
Validation Loss: 0.4572
New best model found with validation loss: 0.4572
Epoch [9/1000], Training Loss: 0.4575
Validation Loss: 0.4628
No improvement in validation loss. Early stop counter: 1/10
Epoch [10/1000], Training Loss: 0.4527
Validation Loss: 0.4620
No improvement in validation loss. Early stop counter: 2/10
Epoch [11/1000], Training Loss: 0.4436
Validation Loss: 0.4555
New best model found with validation loss: 0.4555
Epoch [12/1000], Training Loss: 0.4387
Validation Loss: 0.4487
New best model found with validation loss: 0.4487
Epoch [13/1000], Training Loss: 0.4382
Validation Loss: 0.4900
No improvement in validation loss. Early stop counter: 1/10
Epoch [14/1000], Training Loss: 0.4377
Validation Loss: 0.4581
No improvement in validation loss. Early stop counter: 2/10
Epoch [15/1000], Training Loss: 0.4333
Validation Loss: 0.4545
No improvement in validation loss. Early stop counter: 3/10
Epoch [16/1000], Training Loss: 0.4287
Validation Loss: 0.4630
No improvement in validation loss. Early stop counter: 4/10
Epoch [17/1000], Training Loss: 0.4291
Validation Loss: 0.4563
No improvement in validation loss. Early stop counter: 5/10
Epoch [18/1000], Training Loss: 0.4300
Validation Loss: 0.4513
No improvement in validation loss. Early stop counter: 6/10
Epoch [19/1000], Training Loss: 0.4241
Validation Loss: 0.4483
New best model found with validation loss: 0.4483
Epoch [20/1000], Training Loss: 0.4252
Validation Loss: 0.4400
New best model found with validation loss: 0.4400
Epoch [21/1000], Training Loss: 0.4204
Validation Loss: 0.4450
No improvement in validation loss. Early stop counter: 1/10
Epoch [22/1000], Training Loss: 0.4193
Validation Loss: 0.4395
New best model found with validation loss: 0.4395
Epoch [23/1000], Training Loss: 0.4167
Validation Loss: 0.4656
No improvement in validation loss. Early stop counter: 1/10
Epoch [24/1000], Training Loss: 0.4169
Validation Loss: 0.4403
No improvement in validation loss. Early stop counter: 2/10
Epoch [25/1000], Training Loss: 0.4128
Validation Loss: 0.4409
No improvement in validation loss. Early stop counter: 3/10
Epoch [26/1000], Training Loss: 0.4145
Validation Loss: 0.4459
No improvement in validation loss. Early stop counter: 4/10
Epoch [27/1000], Training Loss: 0.4119
Validation Loss: 0.4572
No improvement in validation loss. Early stop counter: 5/10
Epoch [28/1000], Training Loss: 0.4106
Validation Loss: 0.4491
No improvement in validation loss. Early stop counter: 6/10
Epoch [29/1000], Training Loss: 0.4082
Validation Loss: 0.4428
No improvement in validation loss. Early stop counter: 7/10
Epoch [30/1000], Training Loss: 0.4101
Validation Loss: 0.4410
No improvement in validation loss. Early stop counter: 8/10
Epoch [31/1000], Training Loss: 0.4056
Validation Loss: 0.4355
New best model found with validation loss: 0.4355
Epoch [32/1000], Training Loss: 0.4071
Validation Loss: 0.4364
No improvement in validation loss. Early stop counter: 1/10
Epoch [33/1000], Training Loss: 0.4062
Validation Loss: 0.4378
No improvement in validation loss. Early stop counter: 2/10
Epoch [34/1000], Training Loss: 0.4042
Validation Loss: 0.4367
No improvement in validation loss. Early stop counter: 3/10
Epoch [35/1000], Training Loss: 0.4042
Validation Loss: 0.4307
New best model found with validation loss: 0.4307
Epoch [36/1000], Training Loss: 0.4041
Validation Loss: 0.4353
No improvement in validation loss. Early stop counter: 1/10
Epoch [37/1000], Training Loss: 0.4026
Validation Loss: 0.4406
No improvement in validation loss. Early stop counter: 2/10
Epoch [38/1000], Training Loss: 0.4025
Validation Loss: 0.4332
No improvement in validation loss. Early stop counter: 3/10
Epoch [39/1000], Training Loss: 0.4007
Validation Loss: 0.4316
No improvement in validation loss. Early stop counter: 4/10
Epoch [40/1000], Training Loss: 0.4013
Validation Loss: 0.4373
No improvement in validation loss. Early stop counter: 5/10
Epoch [41/1000], Training Loss: 0.3996
Validation Loss: 0.4370
No improvement in validation loss. Early stop counter: 6/10
Epoch [42/1000], Training Loss: 0.3988
Validation Loss: 0.4339
No improvement in validation loss. Early stop counter: 7/10
Epoch [43/1000], Training Loss: 0.3975
Validation Loss: 0.4363
No improvement in validation loss. Early stop counter: 8/10
Epoch [44/1000], Training Loss: 0.3989
Validation Loss: 0.4341
No improvement in validation loss. Early stop counter: 9/10
Epoch [45/1000], Training Loss: 0.3978
Validation Loss: 0.4306
New best model found with validation loss: 0.4306
Epoch [46/1000], Training Loss: 0.3978
Validation Loss: 0.4306
No improvement in validation loss. Early stop counter: 1/10
Epoch [47/1000], Training Loss: 0.3969
Validation Loss: 0.4366
No improvement in validation loss. Early stop counter: 2/10
Epoch [48/1000], Training Loss: 0.3977
Validation Loss: 0.4313
No improvement in validation loss. Early stop counter: 3/10
Epoch [49/1000], Training Loss: 0.3946
Validation Loss: 0.4318
No improvement in validation loss. Early stop counter: 4/10
Epoch [50/1000], Training Loss: 0.3968
Validation Loss: 0.4304
New best model found with validation loss: 0.4304
Epoch [51/1000], Training Loss: 0.3962
Validation Loss: 0.4304
New best model found with validation loss: 0.4304
Epoch [52/1000], Training Loss: 0.3951
Validation Loss: 0.4316
No improvement in validation loss. Early stop counter: 1/10
Epoch [53/1000], Training Loss: 0.3969
Validation Loss: 0.4313
No improvement in validation loss. Early stop counter: 2/10
Epoch [54/1000], Training Loss: 0.3934
Validation Loss: 0.4316
No improvement in validation loss. Early stop counter: 3/10
Epoch [55/1000], Training Loss: 0.3941
Validation Loss: 0.4291
New best model found with validation loss: 0.4291
Epoch [56/1000], Training Loss: 0.3945
Validation Loss: 0.4326
No improvement in validation loss. Early stop counter: 1/10
Epoch [57/1000], Training Loss: 0.3956
Validation Loss: 0.4309
No improvement in validation loss. Early stop counter: 2/10
Epoch [58/1000], Training Loss: 0.3938
Validation Loss: 0.4322
No improvement in validation loss. Early stop counter: 3/10
Epoch [59/1000], Training Loss: 0.3928
Validation Loss: 0.4332
No improvement in validation loss. Early stop counter: 4/10
Epoch [60/1000], Training Loss: 0.3943
Validation Loss: 0.4320
No improvement in validation loss. Early stop counter: 5/10
Epoch [61/1000], Training Loss: 0.3932
Validation Loss: 0.4312
No improvement in validation loss. Early stop counter: 6/10
Epoch [62/1000], Training Loss: 0.3943
Validation Loss: 0.4303
No improvement in validation loss. Early stop counter: 7/10
Epoch [63/1000], Training Loss: 0.3933
Validation Loss: 0.4322
No improvement in validation loss. Early stop counter: 8/10
Epoch [64/1000], Training Loss: 0.3941
Validation Loss: 0.4324
No improvement in validation loss. Early stop counter: 9/10
Epoch [65/1000], Training Loss: 0.3938
Validation Loss: 0.4315
No improvement in validation loss. Early stop counter: 10/10
Early stopping triggered after 65 epochs.
Best model for fold 2 saved successfully.

Starting Fold 3/5...
Initializing ClassificationModel with 2 GAT layers and residual connections...
Initializing MCModel with 2 GAT layers and 1 row attention layers...
Initializing CGModel with 2 GAT layers and residual connections...
Initializing CoreModel with 1 self-attention layers...
Using 4 GPUs with DataParallel.
Epoch [1/1000], Training Loss: 0.6542
Validation Loss: 0.5426
New best model found with validation loss: 0.5426
Epoch [2/1000], Training Loss: 0.5380
Validation Loss: 0.5000
New best model found with validation loss: 0.5000
Epoch [3/1000], Training Loss: 0.5111
Validation Loss: 0.4665
New best model found with validation loss: 0.4665
Epoch [4/1000], Training Loss: 0.4966
Validation Loss: 0.4617
New best model found with validation loss: 0.4617
Epoch [5/1000], Training Loss: 0.4761
Validation Loss: 0.4585
New best model found with validation loss: 0.4585
Epoch [6/1000], Training Loss: 0.4660
Validation Loss: 0.4443
New best model found with validation loss: 0.4443
Epoch [7/1000], Training Loss: 0.4641
Validation Loss: 0.4594
No improvement in validation loss. Early stop counter: 1/10
Epoch [8/1000], Training Loss: 0.4534
Validation Loss: 0.4624
No improvement in validation loss. Early stop counter: 2/10
Epoch [9/1000], Training Loss: 0.4507
Validation Loss: 0.4316
New best model found with validation loss: 0.4316
Epoch [10/1000], Training Loss: 0.4432
Validation Loss: 0.4337
No improvement in validation loss. Early stop counter: 1/10
Epoch [11/1000], Training Loss: 0.4353
Validation Loss: 0.4229
New best model found with validation loss: 0.4229
Epoch [12/1000], Training Loss: 0.4326
Validation Loss: 0.4162
New best model found with validation loss: 0.4162
Epoch [13/1000], Training Loss: 0.4308
Validation Loss: 0.4296
No improvement in validation loss. Early stop counter: 1/10
Epoch [14/1000], Training Loss: 0.4264
Validation Loss: 0.4187
No improvement in validation loss. Early stop counter: 2/10
Epoch [15/1000], Training Loss: 0.4226
Validation Loss: 0.4089
New best model found with validation loss: 0.4089
Epoch [16/1000], Training Loss: 0.4243
Validation Loss: 0.4132
No improvement in validation loss. Early stop counter: 1/10
Epoch [17/1000], Training Loss: 0.4225
Validation Loss: 0.4178
No improvement in validation loss. Early stop counter: 2/10
Epoch [18/1000], Training Loss: 0.4217
Validation Loss: 0.4190
No improvement in validation loss. Early stop counter: 3/10
Epoch [19/1000], Training Loss: 0.4180
Validation Loss: 0.4133
No improvement in validation loss. Early stop counter: 4/10
Epoch [20/1000], Training Loss: 0.4174
Validation Loss: 0.4133
No improvement in validation loss. Early stop counter: 5/10
Epoch [21/1000], Training Loss: 0.4142
Validation Loss: 0.4205
No improvement in validation loss. Early stop counter: 6/10
Epoch [22/1000], Training Loss: 0.4114
Validation Loss: 0.4098
No improvement in validation loss. Early stop counter: 7/10
Epoch [23/1000], Training Loss: 0.4110
Validation Loss: 0.4073
New best model found with validation loss: 0.4073
Epoch [24/1000], Training Loss: 0.4106
Validation Loss: 0.4050
New best model found with validation loss: 0.4050
Epoch [25/1000], Training Loss: 0.4104
Validation Loss: 0.4005
New best model found with validation loss: 0.4005
Epoch [26/1000], Training Loss: 0.4072
Validation Loss: 0.4067
No improvement in validation loss. Early stop counter: 1/10
Epoch [27/1000], Training Loss: 0.4070
Validation Loss: 0.4076
No improvement in validation loss. Early stop counter: 2/10
Epoch [28/1000], Training Loss: 0.4063
Validation Loss: 0.4143
No improvement in validation loss. Early stop counter: 3/10
Epoch [29/1000], Training Loss: 0.4046
Validation Loss: 0.4087
No improvement in validation loss. Early stop counter: 4/10
Epoch [30/1000], Training Loss: 0.4052
Validation Loss: 0.4004
New best model found with validation loss: 0.4004
Epoch [31/1000], Training Loss: 0.4021
Validation Loss: 0.4022
No improvement in validation loss. Early stop counter: 1/10
Epoch [32/1000], Training Loss: 0.4027
Validation Loss: 0.4056
No improvement in validation loss. Early stop counter: 2/10
Epoch [33/1000], Training Loss: 0.4019
Validation Loss: 0.4050
No improvement in validation loss. Early stop counter: 3/10
Epoch [34/1000], Training Loss: 0.4016
Validation Loss: 0.4045
No improvement in validation loss. Early stop counter: 4/10
Epoch [35/1000], Training Loss: 0.4019
Validation Loss: 0.4038
No improvement in validation loss. Early stop counter: 5/10
Epoch [36/1000], Training Loss: 0.4009
Validation Loss: 0.4035
No improvement in validation loss. Early stop counter: 6/10
Epoch [37/1000], Training Loss: 0.3999
Validation Loss: 0.4012
No improvement in validation loss. Early stop counter: 7/10
Epoch [38/1000], Training Loss: 0.3995
Validation Loss: 0.4019
No improvement in validation loss. Early stop counter: 8/10
Epoch [39/1000], Training Loss: 0.3981
Validation Loss: 0.4044
No improvement in validation loss. Early stop counter: 9/10
Epoch [40/1000], Training Loss: 0.3967
Validation Loss: 0.4071
No improvement in validation loss. Early stop counter: 10/10
Early stopping triggered after 40 epochs.
Best model for fold 3 saved successfully.

Starting Fold 4/5...
Initializing ClassificationModel with 2 GAT layers and residual connections...
Initializing MCModel with 2 GAT layers and 1 row attention layers...
Initializing CGModel with 2 GAT layers and residual connections...
Initializing CoreModel with 1 self-attention layers...
Using 4 GPUs with DataParallel.
Epoch [1/1000], Training Loss: 0.6657
Validation Loss: 0.5910
New best model found with validation loss: 0.5910
Epoch [2/1000], Training Loss: 0.5527
Validation Loss: 0.5742
New best model found with validation loss: 0.5742
Epoch [3/1000], Training Loss: 0.5122
Validation Loss: 0.5095
New best model found with validation loss: 0.5095
Epoch [4/1000], Training Loss: 0.4863
Validation Loss: 0.4762
New best model found with validation loss: 0.4762
Epoch [5/1000], Training Loss: 0.4744
Validation Loss: 0.4875
No improvement in validation loss. Early stop counter: 1/10
Epoch [6/1000], Training Loss: 0.4656
Validation Loss: 0.4715
New best model found with validation loss: 0.4715
Epoch [7/1000], Training Loss: 0.4590
Validation Loss: 0.4708
New best model found with validation loss: 0.4708
Epoch [8/1000], Training Loss: 0.4544
Validation Loss: 0.4682
New best model found with validation loss: 0.4682
Epoch [9/1000], Training Loss: 0.4492
Validation Loss: 0.4590
New best model found with validation loss: 0.4590
Epoch [10/1000], Training Loss: 0.4510
Validation Loss: 0.4490
New best model found with validation loss: 0.4490
Epoch [11/1000], Training Loss: 0.4361
Validation Loss: 0.4477
New best model found with validation loss: 0.4477
Epoch [12/1000], Training Loss: 0.4350
Validation Loss: 0.4466
New best model found with validation loss: 0.4466
Epoch [13/1000], Training Loss: 0.4281
Validation Loss: 0.4468
No improvement in validation loss. Early stop counter: 1/10
Epoch [14/1000], Training Loss: 0.4261
Validation Loss: 0.4516
No improvement in validation loss. Early stop counter: 2/10
Epoch [15/1000], Training Loss: 0.4275
Validation Loss: 0.4464
New best model found with validation loss: 0.4464
Epoch [16/1000], Training Loss: 0.4230
Validation Loss: 0.4621
No improvement in validation loss. Early stop counter: 1/10
Epoch [17/1000], Training Loss: 0.4250
Validation Loss: 0.4527
No improvement in validation loss. Early stop counter: 2/10
Epoch [18/1000], Training Loss: 0.4206
Validation Loss: 0.4499
No improvement in validation loss. Early stop counter: 3/10
Epoch [19/1000], Training Loss: 0.4177
Validation Loss: 0.4413
New best model found with validation loss: 0.4413
Epoch [20/1000], Training Loss: 0.4194
Validation Loss: 0.4455
No improvement in validation loss. Early stop counter: 1/10
Epoch [21/1000], Training Loss: 0.4110
Validation Loss: 0.4326
New best model found with validation loss: 0.4326
Epoch [22/1000], Training Loss: 0.4109
Validation Loss: 0.4391
No improvement in validation loss. Early stop counter: 1/10
Epoch [23/1000], Training Loss: 0.4107
Validation Loss: 0.4354
No improvement in validation loss. Early stop counter: 2/10
Epoch [24/1000], Training Loss: 0.4092
Validation Loss: 0.4417
No improvement in validation loss. Early stop counter: 3/10
Epoch [25/1000], Training Loss: 0.4095
Validation Loss: 0.4314
New best model found with validation loss: 0.4314
Epoch [26/1000], Training Loss: 0.4067
Validation Loss: 0.4364
No improvement in validation loss. Early stop counter: 1/10
Epoch [27/1000], Training Loss: 0.4054
Validation Loss: 0.4363
No improvement in validation loss. Early stop counter: 2/10
Epoch [28/1000], Training Loss: 0.4043
Validation Loss: 0.4405
No improvement in validation loss. Early stop counter: 3/10
Epoch [29/1000], Training Loss: 0.4046
Validation Loss: 0.4326
No improvement in validation loss. Early stop counter: 4/10
Epoch [30/1000], Training Loss: 0.4026
Validation Loss: 0.4357
No improvement in validation loss. Early stop counter: 5/10
Epoch [31/1000], Training Loss: 0.3998
Validation Loss: 0.4379
No improvement in validation loss. Early stop counter: 6/10
Epoch [32/1000], Training Loss: 0.4010
Validation Loss: 0.4407
No improvement in validation loss. Early stop counter: 7/10
Epoch [33/1000], Training Loss: 0.3991
Validation Loss: 0.4350
No improvement in validation loss. Early stop counter: 8/10
Epoch [34/1000], Training Loss: 0.4007
Validation Loss: 0.4374
No improvement in validation loss. Early stop counter: 9/10
Epoch [35/1000], Training Loss: 0.4006
Validation Loss: 0.4362
No improvement in validation loss. Early stop counter: 10/10
Early stopping triggered after 35 epochs.
Best model for fold 4 saved successfully.

Starting Fold 5/5...
Initializing ClassificationModel with 2 GAT layers and residual connections...
Initializing MCModel with 2 GAT layers and 1 row attention layers...
Initializing CGModel with 2 GAT layers and residual connections...
Initializing CoreModel with 1 self-attention layers...
Using 4 GPUs with DataParallel.
Epoch [1/1000], Training Loss: 0.6774
Validation Loss: 0.5638
New best model found with validation loss: 0.5638
Epoch [2/1000], Training Loss: 0.5447
Validation Loss: 0.5064
New best model found with validation loss: 0.5064
Epoch [3/1000], Training Loss: 0.5180
Validation Loss: 0.4890
New best model found with validation loss: 0.4890
Epoch [4/1000], Training Loss: 0.4945
Validation Loss: 0.4776
New best model found with validation loss: 0.4776
Epoch [5/1000], Training Loss: 0.4813
Validation Loss: 0.4585
New best model found with validation loss: 0.4585
Epoch [6/1000], Training Loss: 0.4706
Validation Loss: 0.5033
No improvement in validation loss. Early stop counter: 1/10
Epoch [7/1000], Training Loss: 0.4686
Validation Loss: 0.4537
New best model found with validation loss: 0.4537
Epoch [8/1000], Training Loss: 0.4564
Validation Loss: 0.4613
No improvement in validation loss. Early stop counter: 1/10
Epoch [9/1000], Training Loss: 0.4557
Validation Loss: 0.4740
No improvement in validation loss. Early stop counter: 2/10
Epoch [10/1000], Training Loss: 0.4470
Validation Loss: 0.4351
New best model found with validation loss: 0.4351
Epoch [11/1000], Training Loss: 0.4396
Validation Loss: 0.4497
No improvement in validation loss. Early stop counter: 1/10
Epoch [12/1000], Training Loss: 0.4361
Validation Loss: 0.4265
New best model found with validation loss: 0.4265
Epoch [13/1000], Training Loss: 0.4316
Validation Loss: 0.4306
No improvement in validation loss. Early stop counter: 1/10
Epoch [14/1000], Training Loss: 0.4315
Validation Loss: 0.4200
New best model found with validation loss: 0.4200
Epoch [15/1000], Training Loss: 0.4278
Validation Loss: 0.4292
No improvement in validation loss. Early stop counter: 1/10
Epoch [16/1000], Training Loss: 0.4291
Validation Loss: 0.4258
No improvement in validation loss. Early stop counter: 2/10
Epoch [17/1000], Training Loss: 0.4260
Validation Loss: 0.4196
New best model found with validation loss: 0.4196
Epoch [18/1000], Training Loss: 0.4239
Validation Loss: 0.4251
No improvement in validation loss. Early stop counter: 1/10
Epoch [19/1000], Training Loss: 0.4186
Validation Loss: 0.4286
No improvement in validation loss. Early stop counter: 2/10
Epoch [20/1000], Training Loss: 0.4199
Validation Loss: 0.4182
New best model found with validation loss: 0.4182
Epoch [21/1000], Training Loss: 0.4160
Validation Loss: 0.4150
New best model found with validation loss: 0.4150
Epoch [22/1000], Training Loss: 0.4127
Validation Loss: 0.4216
No improvement in validation loss. Early stop counter: 1/10
Epoch [23/1000], Training Loss: 0.4141
Validation Loss: 0.4144
New best model found with validation loss: 0.4144
Epoch [24/1000], Training Loss: 0.4131
Validation Loss: 0.4183
No improvement in validation loss. Early stop counter: 1/10
Epoch [25/1000], Training Loss: 0.4112
Validation Loss: 0.4133
New best model found with validation loss: 0.4133
Epoch [26/1000], Training Loss: 0.4073
Validation Loss: 0.4125
New best model found with validation loss: 0.4125
Epoch [27/1000], Training Loss: 0.4095
Validation Loss: 0.4142
No improvement in validation loss. Early stop counter: 1/10
Epoch [28/1000], Training Loss: 0.4089
Validation Loss: 0.4162
No improvement in validation loss. Early stop counter: 2/10
Epoch [29/1000], Training Loss: 0.4091
Validation Loss: 0.4252
No improvement in validation loss. Early stop counter: 3/10
Epoch [30/1000], Training Loss: 0.4049
Validation Loss: 0.4115
New best model found with validation loss: 0.4115
Epoch [31/1000], Training Loss: 0.4047
Validation Loss: 0.4147
No improvement in validation loss. Early stop counter: 1/10
Epoch [32/1000], Training Loss: 0.4006
Validation Loss: 0.4186
No improvement in validation loss. Early stop counter: 2/10
Epoch [33/1000], Training Loss: 0.4023
Validation Loss: 0.4147
No improvement in validation loss. Early stop counter: 3/10
Epoch [34/1000], Training Loss: 0.4006
Validation Loss: 0.4175
No improvement in validation loss. Early stop counter: 4/10
Epoch [35/1000], Training Loss: 0.3994
Validation Loss: 0.4147
No improvement in validation loss. Early stop counter: 5/10
Epoch [36/1000], Training Loss: 0.4001
Validation Loss: 0.4168
No improvement in validation loss. Early stop counter: 6/10
Epoch [37/1000], Training Loss: 0.4001
Validation Loss: 0.4156
No improvement in validation loss. Early stop counter: 7/10
Epoch [38/1000], Training Loss: 0.4003
Validation Loss: 0.4137
No improvement in validation loss. Early stop counter: 8/10
Epoch [39/1000], Training Loss: 0.3993
Validation Loss: 0.4131
No improvement in validation loss. Early stop counter: 9/10
Epoch [40/1000], Training Loss: 0.4019
Validation Loss: 0.4136
No improvement in validation loss. Early stop counter: 10/10
Early stopping triggered after 40 epochs.
Best model for fold 5 saved successfully.

Cross-validation results:
Fold 1: Validation Loss = 0.4410
Fold 2: Validation Loss = 0.4291
Fold 3: Validation Loss = 0.4004
Fold 4: Validation Loss = 0.4314
Fold 5: Validation Loss = 0.4115
Average Validation Loss: 0.4227
