{'batch_size': 4, 'sequence_file': 'padded_sequences_train_3000.npz', 'data_file': 'padded_interfaces_train_3000.npz', 'edge_file': 'padded_edges_train_3000.npz', 'max_len': 3000, 'vocab_size': 23, 'embed_dim': 256, 'num_heads': 16, 'dropout': 0.0, 'num_layers': 1, 'num_gnn_layers': 2, 'num_int_layers': 1, 'num_classes': 2, 'num_epochs': 1000, 'learning_rate': 0.0001, 'max_grad_norm': 0.1, 'validation_split': 0.1, 'early_stop_patience': 10, 'initial_gradient_noise_std': 0.05, 'accumulation_steps': 2}
Number of GPUs available: 4

Starting Fold 1/5...
Initializing ClassificationModel with 2 GAT layers and residual connections...
Initializing MCModel with 2 GAT layers and 1 row attention layers...
Initializing CGModel with 2 GAT layers and residual connections...
Initializing CoreModel with 1 self-attention layers...
Using 4 GPUs with DataParallel.
Epoch [1/1000], Training Loss: 0.4378
Validation Loss: 0.4186
New best model found with validation loss: 0.4186
Epoch [2/1000], Training Loss: 0.4179
Validation Loss: 0.4171
New best model found with validation loss: 0.4171
Epoch [3/1000], Training Loss: 0.4129
Validation Loss: 0.4162
New best model found with validation loss: 0.4162
Epoch [4/1000], Training Loss: 0.4107
Validation Loss: 0.4295
No improvement in validation loss. Early stop counter: 1/10
Epoch [5/1000], Training Loss: 0.4085
Validation Loss: 0.4072
New best model found with validation loss: 0.4072
Epoch [6/1000], Training Loss: 0.4039
Validation Loss: 0.4049
New best model found with validation loss: 0.4049
Epoch [7/1000], Training Loss: 0.4046
Validation Loss: 0.4030
New best model found with validation loss: 0.4030
Epoch [8/1000], Training Loss: 0.4009
Validation Loss: 0.4024
New best model found with validation loss: 0.4024
Epoch [9/1000], Training Loss: 0.3980
Validation Loss: 0.4001
New best model found with validation loss: 0.4001
Epoch [10/1000], Training Loss: 0.3946
Validation Loss: 0.3979
New best model found with validation loss: 0.3979
Epoch [11/1000], Training Loss: 0.3918
Validation Loss: 0.3989
No improvement in validation loss. Early stop counter: 1/10
Epoch [12/1000], Training Loss: 0.3917
Validation Loss: 0.3983
No improvement in validation loss. Early stop counter: 2/10
Epoch [13/1000], Training Loss: 0.3934
Validation Loss: 0.3970
New best model found with validation loss: 0.3970
Epoch [14/1000], Training Loss: 0.3923
Validation Loss: 0.3962
New best model found with validation loss: 0.3962
Epoch [15/1000], Training Loss: 0.3932
Validation Loss: 0.3963
No improvement in validation loss. Early stop counter: 1/10
Epoch [16/1000], Training Loss: 0.3908
Validation Loss: 0.3973
No improvement in validation loss. Early stop counter: 2/10
Epoch [17/1000], Training Loss: 0.3904
Validation Loss: 0.3981
No improvement in validation loss. Early stop counter: 3/10
Epoch [18/1000], Training Loss: 0.3899
Validation Loss: 0.3959
New best model found with validation loss: 0.3959
Epoch [19/1000], Training Loss: 0.3920
Validation Loss: 0.3982
No improvement in validation loss. Early stop counter: 1/10
Epoch [20/1000], Training Loss: 0.3902
Validation Loss: 0.3957
New best model found with validation loss: 0.3957
Epoch [21/1000], Training Loss: 0.3893
Validation Loss: 0.3954
New best model found with validation loss: 0.3954
Epoch [22/1000], Training Loss: 0.3881
Validation Loss: 0.3956
No improvement in validation loss. Early stop counter: 1/10
Epoch [23/1000], Training Loss: 0.3885
Validation Loss: 0.3956
No improvement in validation loss. Early stop counter: 2/10
Epoch [24/1000], Training Loss: 0.3873
Validation Loss: 0.3954
No improvement in validation loss. Early stop counter: 3/10
Epoch [25/1000], Training Loss: 0.3891
Validation Loss: 0.3955
No improvement in validation loss. Early stop counter: 4/10
Epoch [26/1000], Training Loss: 0.3883
Validation Loss: 0.3951
New best model found with validation loss: 0.3951
Epoch [27/1000], Training Loss: 0.3883
Validation Loss: 0.3954
No improvement in validation loss. Early stop counter: 1/10
Epoch [28/1000], Training Loss: 0.3892
Validation Loss: 0.3953
No improvement in validation loss. Early stop counter: 2/10
Epoch [29/1000], Training Loss: 0.3884
Validation Loss: 0.3964
No improvement in validation loss. Early stop counter: 3/10
Epoch [30/1000], Training Loss: 0.3885
Validation Loss: 0.3951
No improvement in validation loss. Early stop counter: 4/10
Epoch [31/1000], Training Loss: 0.3871
Validation Loss: 0.3957
No improvement in validation loss. Early stop counter: 5/10
Epoch [32/1000], Training Loss: 0.3876
Validation Loss: 0.3948
New best model found with validation loss: 0.3948
Epoch [33/1000], Training Loss: 0.3884
Validation Loss: 0.3949
No improvement in validation loss. Early stop counter: 1/10
Epoch [34/1000], Training Loss: 0.3863
Validation Loss: 0.3948
No improvement in validation loss. Early stop counter: 2/10
Epoch [35/1000], Training Loss: 0.3866
Validation Loss: 0.3946
New best model found with validation loss: 0.3946
Epoch [36/1000], Training Loss: 0.3870
Validation Loss: 0.3958
No improvement in validation loss. Early stop counter: 1/10
Epoch [37/1000], Training Loss: 0.3867
Validation Loss: 0.3948
No improvement in validation loss. Early stop counter: 2/10
Epoch [38/1000], Training Loss: 0.3854
Validation Loss: 0.3951
No improvement in validation loss. Early stop counter: 3/10
Epoch [39/1000], Training Loss: 0.3872
Validation Loss: 0.3949
No improvement in validation loss. Early stop counter: 4/10
Epoch [40/1000], Training Loss: 0.3882
Validation Loss: 0.3949
No improvement in validation loss. Early stop counter: 5/10
Epoch [41/1000], Training Loss: 0.3861
Validation Loss: 0.3946
No improvement in validation loss. Early stop counter: 6/10
Epoch [42/1000], Training Loss: 0.3867
Validation Loss: 0.3951
No improvement in validation loss. Early stop counter: 7/10
Epoch [43/1000], Training Loss: 0.3851
Validation Loss: 0.3946
No improvement in validation loss. Early stop counter: 8/10
Epoch [44/1000], Training Loss: 0.3858
Validation Loss: 0.3946
No improvement in validation loss. Early stop counter: 9/10
Epoch [45/1000], Training Loss: 0.3859
Validation Loss: 0.3946
No improvement in validation loss. Early stop counter: 10/10
Early stopping triggered after 45 epochs.
Best model for fold 1 saved successfully.

Starting Fold 2/5...
Initializing ClassificationModel with 2 GAT layers and residual connections...
Initializing MCModel with 2 GAT layers and 1 row attention layers...
Initializing CGModel with 2 GAT layers and residual connections...
Initializing CoreModel with 1 self-attention layers...
Using 4 GPUs with DataParallel.
Epoch [1/1000], Training Loss: 0.4325
Validation Loss: 0.4265
New best model found with validation loss: 0.4265
Epoch [2/1000], Training Loss: 0.4164
Validation Loss: 0.4183
New best model found with validation loss: 0.4183
Epoch [3/1000], Training Loss: 0.4107
Validation Loss: 0.4196
No improvement in validation loss. Early stop counter: 1/10
Epoch [4/1000], Training Loss: 0.4119
Validation Loss: 0.4178
New best model found with validation loss: 0.4178
Epoch [5/1000], Training Loss: 0.4084
Validation Loss: 0.4122
New best model found with validation loss: 0.4122
Epoch [6/1000], Training Loss: 0.4059
Validation Loss: 0.4128
No improvement in validation loss. Early stop counter: 1/10
Epoch [7/1000], Training Loss: 0.4029
Validation Loss: 0.4178
No improvement in validation loss. Early stop counter: 2/10
Epoch [8/1000], Training Loss: 0.4015
Validation Loss: 0.4065
New best model found with validation loss: 0.4065
Epoch [9/1000], Training Loss: 0.3998
Validation Loss: 0.4124
No improvement in validation loss. Early stop counter: 1/10
Epoch [10/1000], Training Loss: 0.3971
Validation Loss: 0.4047
New best model found with validation loss: 0.4047
Epoch [11/1000], Training Loss: 0.3948
Validation Loss: 0.4035
New best model found with validation loss: 0.4035
Epoch [12/1000], Training Loss: 0.3954
Validation Loss: 0.4045
No improvement in validation loss. Early stop counter: 1/10
Epoch [13/1000], Training Loss: 0.3940
Validation Loss: 0.4025
New best model found with validation loss: 0.4025
Epoch [14/1000], Training Loss: 0.3948
Validation Loss: 0.4080
No improvement in validation loss. Early stop counter: 1/10
Epoch [15/1000], Training Loss: 0.3952
Validation Loss: 0.4140
No improvement in validation loss. Early stop counter: 2/10
Epoch [16/1000], Training Loss: 0.3931
Validation Loss: 0.4060
No improvement in validation loss. Early stop counter: 3/10
Epoch [17/1000], Training Loss: 0.3930
Validation Loss: 0.4022
New best model found with validation loss: 0.4022
Epoch [18/1000], Training Loss: 0.3924
Validation Loss: 0.4079
No improvement in validation loss. Early stop counter: 1/10
Epoch [19/1000], Training Loss: 0.3923
Validation Loss: 0.4026
No improvement in validation loss. Early stop counter: 2/10
Epoch [20/1000], Training Loss: 0.3917
Validation Loss: 0.4029
No improvement in validation loss. Early stop counter: 3/10
Epoch [21/1000], Training Loss: 0.3885
Validation Loss: 0.4019
New best model found with validation loss: 0.4019
Epoch [22/1000], Training Loss: 0.3905
Validation Loss: 0.4017
New best model found with validation loss: 0.4017
Epoch [23/1000], Training Loss: 0.3903
Validation Loss: 0.4017
New best model found with validation loss: 0.4017
Epoch [24/1000], Training Loss: 0.3904
Validation Loss: 0.4026
No improvement in validation loss. Early stop counter: 1/10
Epoch [25/1000], Training Loss: 0.3888
Validation Loss: 0.4028
No improvement in validation loss. Early stop counter: 2/10
Epoch [26/1000], Training Loss: 0.3885
Validation Loss: 0.4022
No improvement in validation loss. Early stop counter: 3/10
Epoch [27/1000], Training Loss: 0.3899
Validation Loss: 0.4018
No improvement in validation loss. Early stop counter: 4/10
Epoch [28/1000], Training Loss: 0.3901
Validation Loss: 0.4015
New best model found with validation loss: 0.4015
Epoch [29/1000], Training Loss: 0.3885
Validation Loss: 0.4016
No improvement in validation loss. Early stop counter: 1/10
Epoch [30/1000], Training Loss: 0.3883
Validation Loss: 0.4077
No improvement in validation loss. Early stop counter: 2/10
Epoch [31/1000], Training Loss: 0.3875
Validation Loss: 0.4014
New best model found with validation loss: 0.4014
Epoch [32/1000], Training Loss: 0.3879
Validation Loss: 0.4014
New best model found with validation loss: 0.4014
Epoch [33/1000], Training Loss: 0.3870
Validation Loss: 0.4014
No improvement in validation loss. Early stop counter: 1/10
Epoch [34/1000], Training Loss: 0.3895
Validation Loss: 0.4013
New best model found with validation loss: 0.4013
Epoch [35/1000], Training Loss: 0.3887
Validation Loss: 0.4011
New best model found with validation loss: 0.4011
Epoch [36/1000], Training Loss: 0.3891
Validation Loss: 0.4012
No improvement in validation loss. Early stop counter: 1/10
Epoch [37/1000], Training Loss: 0.3882
Validation Loss: 0.4014
No improvement in validation loss. Early stop counter: 2/10
Epoch [38/1000], Training Loss: 0.3873
Validation Loss: 0.4011
New best model found with validation loss: 0.4011
Epoch [39/1000], Training Loss: 0.3884
Validation Loss: 0.4017
No improvement in validation loss. Early stop counter: 1/10
Epoch [40/1000], Training Loss: 0.3889
Validation Loss: 0.4010
New best model found with validation loss: 0.4010
Epoch [41/1000], Training Loss: 0.3877
Validation Loss: 0.4011
No improvement in validation loss. Early stop counter: 1/10
Epoch [42/1000], Training Loss: 0.3861
Validation Loss: 0.4010
New best model found with validation loss: 0.4010
Epoch [43/1000], Training Loss: 0.3869
Validation Loss: 0.4009
New best model found with validation loss: 0.4009
Epoch [44/1000], Training Loss: 0.3876
Validation Loss: 0.4022
No improvement in validation loss. Early stop counter: 1/10
Epoch [45/1000], Training Loss: 0.3861
Validation Loss: 0.4014
No improvement in validation loss. Early stop counter: 2/10
Epoch [46/1000], Training Loss: 0.3862
Validation Loss: 0.4010
No improvement in validation loss. Early stop counter: 3/10
Epoch [47/1000], Training Loss: 0.3870
Validation Loss: 0.4010
No improvement in validation loss. Early stop counter: 4/10
Epoch [48/1000], Training Loss: 0.3859
Validation Loss: 0.4015
No improvement in validation loss. Early stop counter: 5/10
Epoch [49/1000], Training Loss: 0.3877
Validation Loss: 0.4010
No improvement in validation loss. Early stop counter: 6/10
Epoch [50/1000], Training Loss: 0.3871
Validation Loss: 0.4014
No improvement in validation loss. Early stop counter: 7/10
Epoch [51/1000], Training Loss: 0.3869
Validation Loss: 0.4011
No improvement in validation loss. Early stop counter: 8/10
Epoch [52/1000], Training Loss: 0.3876
Validation Loss: 0.4014
No improvement in validation loss. Early stop counter: 9/10
Epoch [53/1000], Training Loss: 0.3868
Validation Loss: 0.4012
No improvement in validation loss. Early stop counter: 10/10
Early stopping triggered after 53 epochs.
Best model for fold 2 saved successfully.

Starting Fold 3/5...
Initializing ClassificationModel with 2 GAT layers and residual connections...
Initializing MCModel with 2 GAT layers and 1 row attention layers...
Initializing CGModel with 2 GAT layers and residual connections...
Initializing CoreModel with 1 self-attention layers...
Using 4 GPUs with DataParallel.
Epoch [1/1000], Training Loss: 0.4301
Validation Loss: 0.4130
New best model found with validation loss: 0.4130
Epoch [2/1000], Training Loss: 0.4180
Validation Loss: 0.4300
No improvement in validation loss. Early stop counter: 1/10
Epoch [3/1000], Training Loss: 0.4156
Validation Loss: 0.4076
New best model found with validation loss: 0.4076
Epoch [4/1000], Training Loss: 0.4086
Validation Loss: 0.4024
New best model found with validation loss: 0.4024
Epoch [5/1000], Training Loss: 0.4072
Validation Loss: 0.4054
No improvement in validation loss. Early stop counter: 1/10
Epoch [6/1000], Training Loss: 0.4073
Validation Loss: 0.3983
New best model found with validation loss: 0.3983
Epoch [7/1000], Training Loss: 0.4016
Validation Loss: 0.4058
No improvement in validation loss. Early stop counter: 1/10
Epoch [8/1000], Training Loss: 0.4022
Validation Loss: 0.3951
New best model found with validation loss: 0.3951
Epoch [9/1000], Training Loss: 0.3962
Validation Loss: 0.3963
No improvement in validation loss. Early stop counter: 1/10
Epoch [10/1000], Training Loss: 0.3977
Validation Loss: 0.3942
New best model found with validation loss: 0.3942
Epoch [11/1000], Training Loss: 0.3950
Validation Loss: 0.3935
New best model found with validation loss: 0.3935
Epoch [12/1000], Training Loss: 0.3963
Validation Loss: 0.3937
No improvement in validation loss. Early stop counter: 1/10
Epoch [13/1000], Training Loss: 0.3943
Validation Loss: 0.3926
New best model found with validation loss: 0.3926
Epoch [14/1000], Training Loss: 0.3939
Validation Loss: 0.3935
No improvement in validation loss. Early stop counter: 1/10
Epoch [15/1000], Training Loss: 0.3921
Validation Loss: 0.3946
No improvement in validation loss. Early stop counter: 2/10
Epoch [16/1000], Training Loss: 0.3946
Validation Loss: 0.3923
New best model found with validation loss: 0.3923
Epoch [17/1000], Training Loss: 0.3941
Validation Loss: 0.3929
No improvement in validation loss. Early stop counter: 1/10
Epoch [18/1000], Training Loss: 0.3947
Validation Loss: 0.3922
New best model found with validation loss: 0.3922
Epoch [19/1000], Training Loss: 0.3947
Validation Loss: 0.3923
No improvement in validation loss. Early stop counter: 1/10
Epoch [20/1000], Training Loss: 0.3904
Validation Loss: 0.3920
New best model found with validation loss: 0.3920
Epoch [21/1000], Training Loss: 0.3923
Validation Loss: 0.3921
No improvement in validation loss. Early stop counter: 1/10
Epoch [22/1000], Training Loss: 0.3912
Validation Loss: 0.3917
New best model found with validation loss: 0.3917
Epoch [23/1000], Training Loss: 0.3905
Validation Loss: 0.3924
No improvement in validation loss. Early stop counter: 1/10
Epoch [24/1000], Training Loss: 0.3932
Validation Loss: 0.3942
No improvement in validation loss. Early stop counter: 2/10
Epoch [25/1000], Training Loss: 0.3920
Validation Loss: 0.3917
No improvement in validation loss. Early stop counter: 3/10
Epoch [26/1000], Training Loss: 0.3915
Validation Loss: 0.3926
No improvement in validation loss. Early stop counter: 4/10
Epoch [27/1000], Training Loss: 0.3912
Validation Loss: 0.3915
New best model found with validation loss: 0.3915
Epoch [28/1000], Training Loss: 0.3917
Validation Loss: 0.3915
New best model found with validation loss: 0.3915
Epoch [29/1000], Training Loss: 0.3907
Validation Loss: 0.3920
No improvement in validation loss. Early stop counter: 1/10
Epoch [30/1000], Training Loss: 0.3935
Validation Loss: 0.3931
No improvement in validation loss. Early stop counter: 2/10
Epoch [31/1000], Training Loss: 0.3902
Validation Loss: 0.3926
No improvement in validation loss. Early stop counter: 3/10
Epoch [32/1000], Training Loss: 0.3902
Validation Loss: 0.3915
No improvement in validation loss. Early stop counter: 4/10
Epoch [33/1000], Training Loss: 0.3893
Validation Loss: 0.3915
New best model found with validation loss: 0.3915
Epoch [34/1000], Training Loss: 0.3898
Validation Loss: 0.3916
No improvement in validation loss. Early stop counter: 1/10
Epoch [35/1000], Training Loss: 0.3905
Validation Loss: 0.3912
New best model found with validation loss: 0.3912
Epoch [36/1000], Training Loss: 0.3884
Validation Loss: 0.3914
No improvement in validation loss. Early stop counter: 1/10
Epoch [37/1000], Training Loss: 0.3898
Validation Loss: 0.3919
No improvement in validation loss. Early stop counter: 2/10
Epoch [38/1000], Training Loss: 0.3900
Validation Loss: 0.3913
No improvement in validation loss. Early stop counter: 3/10
Epoch [39/1000], Training Loss: 0.3895
Validation Loss: 0.3915
No improvement in validation loss. Early stop counter: 4/10
Epoch [40/1000], Training Loss: 0.3913
Validation Loss: 0.3913
No improvement in validation loss. Early stop counter: 5/10
Epoch [41/1000], Training Loss: 0.3894
Validation Loss: 0.3913
No improvement in validation loss. Early stop counter: 6/10
Epoch [42/1000], Training Loss: 0.3883
Validation Loss: 0.3912
New best model found with validation loss: 0.3912
Epoch [43/1000], Training Loss: 0.3890
Validation Loss: 0.3913
No improvement in validation loss. Early stop counter: 1/10
Epoch [44/1000], Training Loss: 0.3884
Validation Loss: 0.3912
No improvement in validation loss. Early stop counter: 2/10
Epoch [45/1000], Training Loss: 0.3887
Validation Loss: 0.3915
No improvement in validation loss. Early stop counter: 3/10
Epoch [46/1000], Training Loss: 0.3892
Validation Loss: 0.3914
No improvement in validation loss. Early stop counter: 4/10
Epoch [47/1000], Training Loss: 0.3904
Validation Loss: 0.3922
No improvement in validation loss. Early stop counter: 5/10
Epoch [48/1000], Training Loss: 0.3889
Validation Loss: 0.3914
No improvement in validation loss. Early stop counter: 6/10
Epoch [49/1000], Training Loss: 0.3890
Validation Loss: 0.3911
New best model found with validation loss: 0.3911
Epoch [50/1000], Training Loss: 0.3889
Validation Loss: 0.3912
No improvement in validation loss. Early stop counter: 1/10
Epoch [51/1000], Training Loss: 0.3883
Validation Loss: 0.3911
No improvement in validation loss. Early stop counter: 2/10
Epoch [52/1000], Training Loss: 0.3881
Validation Loss: 0.3913
No improvement in validation loss. Early stop counter: 3/10
Epoch [53/1000], Training Loss: 0.3892
Validation Loss: 0.3913
No improvement in validation loss. Early stop counter: 4/10
Epoch [54/1000], Training Loss: 0.3881
Validation Loss: 0.3914
No improvement in validation loss. Early stop counter: 5/10
Epoch [55/1000], Training Loss: 0.3881
Validation Loss: 0.3911
No improvement in validation loss. Early stop counter: 6/10
Epoch [56/1000], Training Loss: 0.3878
Validation Loss: 0.3912
No improvement in validation loss. Early stop counter: 7/10
Epoch [57/1000], Training Loss: 0.3885
Validation Loss: 0.3911
No improvement in validation loss. Early stop counter: 8/10
Epoch [58/1000], Training Loss: 0.3882
Validation Loss: 0.3911
New best model found with validation loss: 0.3911
Epoch [59/1000], Training Loss: 0.3888
Validation Loss: 0.3915
No improvement in validation loss. Early stop counter: 1/10
Epoch [60/1000], Training Loss: 0.3889
Validation Loss: 0.3911
No improvement in validation loss. Early stop counter: 2/10
Epoch [61/1000], Training Loss: 0.3879
Validation Loss: 0.3912
No improvement in validation loss. Early stop counter: 3/10
Epoch [62/1000], Training Loss: 0.3878
Validation Loss: 0.3913
No improvement in validation loss. Early stop counter: 4/10
Epoch [63/1000], Training Loss: 0.3887
Validation Loss: 0.3911
New best model found with validation loss: 0.3911
Epoch [64/1000], Training Loss: 0.3884
Validation Loss: 0.3911
No improvement in validation loss. Early stop counter: 1/10
Epoch [65/1000], Training Loss: 0.3890
Validation Loss: 0.3912
No improvement in validation loss. Early stop counter: 2/10
Epoch [66/1000], Training Loss: 0.3891
Validation Loss: 0.3911
No improvement in validation loss. Early stop counter: 3/10
Epoch [67/1000], Training Loss: 0.3877
Validation Loss: 0.3911
No improvement in validation loss. Early stop counter: 4/10
Epoch [68/1000], Training Loss: 0.3894
Validation Loss: 0.3911
No improvement in validation loss. Early stop counter: 5/10
Epoch [69/1000], Training Loss: 0.3896
Validation Loss: 0.3911
No improvement in validation loss. Early stop counter: 6/10
Epoch [70/1000], Training Loss: 0.3875
Validation Loss: 0.3911
No improvement in validation loss. Early stop counter: 7/10
Epoch [71/1000], Training Loss: 0.3874
Validation Loss: 0.3911
No improvement in validation loss. Early stop counter: 8/10
Epoch [72/1000], Training Loss: 0.3885
Validation Loss: 0.3911
No improvement in validation loss. Early stop counter: 9/10
Epoch [73/1000], Training Loss: 0.3893
Validation Loss: 0.3911
No improvement in validation loss. Early stop counter: 10/10
Early stopping triggered after 73 epochs.
Best model for fold 3 saved successfully.

Starting Fold 4/5...
Initializing ClassificationModel with 2 GAT layers and residual connections...
Initializing MCModel with 2 GAT layers and 1 row attention layers...
Initializing CGModel with 2 GAT layers and residual connections...
Initializing CoreModel with 1 self-attention layers...
Using 4 GPUs with DataParallel.
Epoch [1/1000], Training Loss: 0.4304
Validation Loss: 0.4273
New best model found with validation loss: 0.4273
Epoch [2/1000], Training Loss: 0.4148
Validation Loss: 0.4227
New best model found with validation loss: 0.4227
Epoch [3/1000], Training Loss: 0.4106
Validation Loss: 0.4243
No improvement in validation loss. Early stop counter: 1/10
Epoch [4/1000], Training Loss: 0.4078
Validation Loss: 0.4182
New best model found with validation loss: 0.4182
Epoch [5/1000], Training Loss: 0.4075
Validation Loss: 0.4169
New best model found with validation loss: 0.4169
Epoch [6/1000], Training Loss: 0.4038
Validation Loss: 0.4152
New best model found with validation loss: 0.4152
Epoch [7/1000], Training Loss: 0.4029
Validation Loss: 0.4136
New best model found with validation loss: 0.4136
Epoch [8/1000], Training Loss: 0.3998
Validation Loss: 0.4112
New best model found with validation loss: 0.4112
Epoch [9/1000], Training Loss: 0.3949
Validation Loss: 0.4128
No improvement in validation loss. Early stop counter: 1/10
Epoch [10/1000], Training Loss: 0.3953
Validation Loss: 0.4118
No improvement in validation loss. Early stop counter: 2/10
Epoch [11/1000], Training Loss: 0.3935
Validation Loss: 0.4082
New best model found with validation loss: 0.4082
Epoch [12/1000], Training Loss: 0.3894
Validation Loss: 0.4082
New best model found with validation loss: 0.4082
Epoch [13/1000], Training Loss: 0.3929
Validation Loss: 0.4080
New best model found with validation loss: 0.4080
Epoch [14/1000], Training Loss: 0.3904
Validation Loss: 0.4086
No improvement in validation loss. Early stop counter: 1/10
Epoch [15/1000], Training Loss: 0.3888
Validation Loss: 0.4077
New best model found with validation loss: 0.4077
Epoch [16/1000], Training Loss: 0.3913
Validation Loss: 0.4088
No improvement in validation loss. Early stop counter: 1/10
Epoch [17/1000], Training Loss: 0.3910
Validation Loss: 0.4134
No improvement in validation loss. Early stop counter: 2/10
Epoch [18/1000], Training Loss: 0.3897
Validation Loss: 0.4094
No improvement in validation loss. Early stop counter: 3/10
Epoch [19/1000], Training Loss: 0.3897
Validation Loss: 0.4075
New best model found with validation loss: 0.4075
Epoch [20/1000], Training Loss: 0.3885
Validation Loss: 0.4069
New best model found with validation loss: 0.4069
Epoch [21/1000], Training Loss: 0.3885
Validation Loss: 0.4068
New best model found with validation loss: 0.4068
Epoch [22/1000], Training Loss: 0.3878
Validation Loss: 0.4085
No improvement in validation loss. Early stop counter: 1/10
Epoch [23/1000], Training Loss: 0.3884
Validation Loss: 0.4095
No improvement in validation loss. Early stop counter: 2/10
Epoch [24/1000], Training Loss: 0.3884
Validation Loss: 0.4069
No improvement in validation loss. Early stop counter: 3/10
Epoch [25/1000], Training Loss: 0.3870
Validation Loss: 0.4078
No improvement in validation loss. Early stop counter: 4/10
Epoch [26/1000], Training Loss: 0.3871
Validation Loss: 0.4066
New best model found with validation loss: 0.4066
Epoch [27/1000], Training Loss: 0.3869
Validation Loss: 0.4079
No improvement in validation loss. Early stop counter: 1/10
Epoch [28/1000], Training Loss: 0.3859
Validation Loss: 0.4070
No improvement in validation loss. Early stop counter: 2/10
Epoch [29/1000], Training Loss: 0.3872
Validation Loss: 0.4070
No improvement in validation loss. Early stop counter: 3/10
Epoch [30/1000], Training Loss: 0.3866
Validation Loss: 0.4075
No improvement in validation loss. Early stop counter: 4/10
Epoch [31/1000], Training Loss: 0.3858
Validation Loss: 0.4075
No improvement in validation loss. Early stop counter: 5/10
Epoch [32/1000], Training Loss: 0.3854
Validation Loss: 0.4073
No improvement in validation loss. Early stop counter: 6/10
Epoch [33/1000], Training Loss: 0.3861
Validation Loss: 0.4070
No improvement in validation loss. Early stop counter: 7/10
Epoch [34/1000], Training Loss: 0.3862
Validation Loss: 0.4072
No improvement in validation loss. Early stop counter: 8/10
Epoch [35/1000], Training Loss: 0.3856
Validation Loss: 0.4068
No improvement in validation loss. Early stop counter: 9/10
Epoch [36/1000], Training Loss: 0.3855
Validation Loss: 0.4086
No improvement in validation loss. Early stop counter: 10/10
Early stopping triggered after 36 epochs.
Best model for fold 4 saved successfully.

Starting Fold 5/5...
Initializing ClassificationModel with 2 GAT layers and residual connections...
Initializing MCModel with 2 GAT layers and 1 row attention layers...
Initializing CGModel with 2 GAT layers and residual connections...
Initializing CoreModel with 1 self-attention layers...
Using 4 GPUs with DataParallel.
Epoch [1/1000], Training Loss: 0.4386
Validation Loss: 0.4110
New best model found with validation loss: 0.4110
Epoch [2/1000], Training Loss: 0.4168
Validation Loss: 0.4082
New best model found with validation loss: 0.4082
Epoch [3/1000], Training Loss: 0.4123
Validation Loss: 0.4024
New best model found with validation loss: 0.4024
Epoch [4/1000], Training Loss: 0.4110
Validation Loss: 0.4005
New best model found with validation loss: 0.4005
Epoch [5/1000], Training Loss: 0.4077
Validation Loss: 0.4006
No improvement in validation loss. Early stop counter: 1/10
Epoch [6/1000], Training Loss: 0.4068
Validation Loss: 0.3978
New best model found with validation loss: 0.3978
Epoch [7/1000], Training Loss: 0.4039
Validation Loss: 0.3953
New best model found with validation loss: 0.3953
Epoch [8/1000], Training Loss: 0.4041
Validation Loss: 0.3974
No improvement in validation loss. Early stop counter: 1/10
Epoch [9/1000], Training Loss: 0.4045
Validation Loss: 0.3942
New best model found with validation loss: 0.3942
Epoch [10/1000], Training Loss: 0.3987
Validation Loss: 0.3959
No improvement in validation loss. Early stop counter: 1/10
Epoch [11/1000], Training Loss: 0.3987
Validation Loss: 0.3962
No improvement in validation loss. Early stop counter: 2/10
Epoch [12/1000], Training Loss: 0.3977
Validation Loss: 0.3919
New best model found with validation loss: 0.3919
Epoch [13/1000], Training Loss: 0.3974
Validation Loss: 0.3922
No improvement in validation loss. Early stop counter: 1/10
Epoch [14/1000], Training Loss: 0.3961
Validation Loss: 0.3913
New best model found with validation loss: 0.3913
Epoch [15/1000], Training Loss: 0.3964
Validation Loss: 0.3910
New best model found with validation loss: 0.3910
Epoch [16/1000], Training Loss: 0.3955
Validation Loss: 0.3911
No improvement in validation loss. Early stop counter: 1/10
Epoch [17/1000], Training Loss: 0.3957
Validation Loss: 0.3936
No improvement in validation loss. Early stop counter: 2/10
Epoch [18/1000], Training Loss: 0.3950
Validation Loss: 0.3914
No improvement in validation loss. Early stop counter: 3/10
Epoch [19/1000], Training Loss: 0.3946
Validation Loss: 0.3909
New best model found with validation loss: 0.3909
Epoch [20/1000], Training Loss: 0.3928
Validation Loss: 0.3930
No improvement in validation loss. Early stop counter: 1/10
Epoch [21/1000], Training Loss: 0.3932
Validation Loss: 0.3906
New best model found with validation loss: 0.3906
Epoch [22/1000], Training Loss: 0.3928
Validation Loss: 0.3902
New best model found with validation loss: 0.3902
Epoch [23/1000], Training Loss: 0.3922
Validation Loss: 0.3902
No improvement in validation loss. Early stop counter: 1/10
Epoch [24/1000], Training Loss: 0.3916
Validation Loss: 0.3907
No improvement in validation loss. Early stop counter: 2/10
Epoch [25/1000], Training Loss: 0.3906
Validation Loss: 0.3900
New best model found with validation loss: 0.3900
Epoch [26/1000], Training Loss: 0.3926
Validation Loss: 0.3914
No improvement in validation loss. Early stop counter: 1/10
Epoch [27/1000], Training Loss: 0.3918
Validation Loss: 0.3914
No improvement in validation loss. Early stop counter: 2/10
Epoch [28/1000], Training Loss: 0.3920
Validation Loss: 0.3899
New best model found with validation loss: 0.3899
Epoch [29/1000], Training Loss: 0.3901
Validation Loss: 0.3899
No improvement in validation loss. Early stop counter: 1/10
Epoch [30/1000], Training Loss: 0.3918
Validation Loss: 0.3925
No improvement in validation loss. Early stop counter: 2/10
Epoch [31/1000], Training Loss: 0.3912
Validation Loss: 0.3897
New best model found with validation loss: 0.3897
Epoch [32/1000], Training Loss: 0.3901
Validation Loss: 0.3902
No improvement in validation loss. Early stop counter: 1/10
Epoch [33/1000], Training Loss: 0.3911
Validation Loss: 0.3900
No improvement in validation loss. Early stop counter: 2/10
Epoch [34/1000], Training Loss: 0.3915
Validation Loss: 0.3899
No improvement in validation loss. Early stop counter: 3/10
Epoch [35/1000], Training Loss: 0.3887
Validation Loss: 0.3905
No improvement in validation loss. Early stop counter: 4/10
Epoch [36/1000], Training Loss: 0.3895
Validation Loss: 0.3897
New best model found with validation loss: 0.3897
Epoch [37/1000], Training Loss: 0.3903
Validation Loss: 0.3901
No improvement in validation loss. Early stop counter: 1/10
Epoch [38/1000], Training Loss: 0.3900
Validation Loss: 0.3911
No improvement in validation loss. Early stop counter: 2/10
Epoch [39/1000], Training Loss: 0.3896
Validation Loss: 0.3910
No improvement in validation loss. Early stop counter: 3/10
Epoch [40/1000], Training Loss: 0.3898
Validation Loss: 0.3894
New best model found with validation loss: 0.3894
Epoch [41/1000], Training Loss: 0.3903
Validation Loss: 0.3895
No improvement in validation loss. Early stop counter: 1/10
Epoch [42/1000], Training Loss: 0.3906
Validation Loss: 0.3897
No improvement in validation loss. Early stop counter: 2/10
Epoch [43/1000], Training Loss: 0.3886
Validation Loss: 0.3892
New best model found with validation loss: 0.3892
Epoch [44/1000], Training Loss: 0.3903
Validation Loss: 0.3893
No improvement in validation loss. Early stop counter: 1/10
Epoch [45/1000], Training Loss: 0.3901
Validation Loss: 0.3895
No improvement in validation loss. Early stop counter: 2/10
Epoch [46/1000], Training Loss: 0.3903
Validation Loss: 0.3892
No improvement in validation loss. Early stop counter: 3/10
Epoch [47/1000], Training Loss: 0.3887
Validation Loss: 0.3899
No improvement in validation loss. Early stop counter: 4/10
Epoch [48/1000], Training Loss: 0.3886
Validation Loss: 0.3896
No improvement in validation loss. Early stop counter: 5/10
Epoch [49/1000], Training Loss: 0.3877
Validation Loss: 0.3895
No improvement in validation loss. Early stop counter: 6/10
Epoch [50/1000], Training Loss: 0.3880
Validation Loss: 0.3893
No improvement in validation loss. Early stop counter: 7/10
Epoch [51/1000], Training Loss: 0.3883
Validation Loss: 0.3892
No improvement in validation loss. Early stop counter: 8/10
Epoch [52/1000], Training Loss: 0.3889
Validation Loss: 0.3891
New best model found with validation loss: 0.3891
Epoch [53/1000], Training Loss: 0.3879
Validation Loss: 0.3894
No improvement in validation loss. Early stop counter: 1/10
Epoch [54/1000], Training Loss: 0.3898
Validation Loss: 0.3890
New best model found with validation loss: 0.3890
Epoch [55/1000], Training Loss: 0.3896
Validation Loss: 0.3893
No improvement in validation loss. Early stop counter: 1/10
Epoch [56/1000], Training Loss: 0.3898
Validation Loss: 0.3896
No improvement in validation loss. Early stop counter: 2/10
Epoch [57/1000], Training Loss: 0.3889
Validation Loss: 0.3891
No improvement in validation loss. Early stop counter: 3/10
Epoch [58/1000], Training Loss: 0.3885
Validation Loss: 0.3890
New best model found with validation loss: 0.3890
Epoch [59/1000], Training Loss: 0.3883
Validation Loss: 0.3890
No improvement in validation loss. Early stop counter: 1/10
Epoch [60/1000], Training Loss: 0.3889
Validation Loss: 0.3890
No improvement in validation loss. Early stop counter: 2/10
Epoch [61/1000], Training Loss: 0.3895
Validation Loss: 0.3890
No improvement in validation loss. Early stop counter: 3/10
Epoch [62/1000], Training Loss: 0.3865
Validation Loss: 0.3890
No improvement in validation loss. Early stop counter: 4/10
Epoch [63/1000], Training Loss: 0.3879
Validation Loss: 0.3892
No improvement in validation loss. Early stop counter: 5/10
Epoch [64/1000], Training Loss: 0.3869
Validation Loss: 0.3891
No improvement in validation loss. Early stop counter: 6/10
Epoch [65/1000], Training Loss: 0.3883
Validation Loss: 0.3890
New best model found with validation loss: 0.3890
Epoch [66/1000], Training Loss: 0.3886
Validation Loss: 0.3890
No improvement in validation loss. Early stop counter: 1/10
Epoch [67/1000], Training Loss: 0.3902
Validation Loss: 0.3890
No improvement in validation loss. Early stop counter: 2/10
Epoch [68/1000], Training Loss: 0.3877
Validation Loss: 0.3895
No improvement in validation loss. Early stop counter: 3/10
Epoch [69/1000], Training Loss: 0.3908
Validation Loss: 0.3888
New best model found with validation loss: 0.3888
Epoch [70/1000], Training Loss: 0.3883
Validation Loss: 0.3889
No improvement in validation loss. Early stop counter: 1/10
Epoch [71/1000], Training Loss: 0.3889
Validation Loss: 0.3889
No improvement in validation loss. Early stop counter: 2/10
Epoch [72/1000], Training Loss: 0.3878
Validation Loss: 0.3889
No improvement in validation loss. Early stop counter: 3/10
Epoch [73/1000], Training Loss: 0.3887
Validation Loss: 0.3890
No improvement in validation loss. Early stop counter: 4/10
Epoch [74/1000], Training Loss: 0.3871
Validation Loss: 0.3891
No improvement in validation loss. Early stop counter: 5/10
Epoch [75/1000], Training Loss: 0.3878
Validation Loss: 0.3889
No improvement in validation loss. Early stop counter: 6/10
Epoch [76/1000], Training Loss: 0.3889
Validation Loss: 0.3889
No improvement in validation loss. Early stop counter: 7/10
Epoch [77/1000], Training Loss: 0.3886
Validation Loss: 0.3890
No improvement in validation loss. Early stop counter: 8/10
Epoch [78/1000], Training Loss: 0.3878
Validation Loss: 0.3889
No improvement in validation loss. Early stop counter: 9/10
Epoch [79/1000], Training Loss: 0.3893
Validation Loss: 0.3888
New best model found with validation loss: 0.3888
Epoch [80/1000], Training Loss: 0.3872
Validation Loss: 0.3889
No improvement in validation loss. Early stop counter: 1/10
Epoch [81/1000], Training Loss: 0.3873
Validation Loss: 0.3889
No improvement in validation loss. Early stop counter: 2/10
Epoch [82/1000], Training Loss: 0.3877
Validation Loss: 0.3889
No improvement in validation loss. Early stop counter: 3/10
Epoch [83/1000], Training Loss: 0.3875
Validation Loss: 0.3890
No improvement in validation loss. Early stop counter: 4/10
Epoch [84/1000], Training Loss: 0.3876
Validation Loss: 0.3889
No improvement in validation loss. Early stop counter: 5/10
Epoch [85/1000], Training Loss: 0.3884
Validation Loss: 0.3890
No improvement in validation loss. Early stop counter: 6/10
Epoch [86/1000], Training Loss: 0.3898
Validation Loss: 0.3889
No improvement in validation loss. Early stop counter: 7/10
Epoch [87/1000], Training Loss: 0.3877
Validation Loss: 0.3889
No improvement in validation loss. Early stop counter: 8/10
Epoch [88/1000], Training Loss: 0.3889
Validation Loss: 0.3888
New best model found with validation loss: 0.3888
Epoch [89/1000], Training Loss: 0.3890
Validation Loss: 0.3888
No improvement in validation loss. Early stop counter: 1/10
Epoch [90/1000], Training Loss: 0.3873
Validation Loss: 0.3889
No improvement in validation loss. Early stop counter: 2/10
Epoch [91/1000], Training Loss: 0.3885
Validation Loss: 0.3889
No improvement in validation loss. Early stop counter: 3/10
Epoch [92/1000], Training Loss: 0.3873
Validation Loss: 0.3889
No improvement in validation loss. Early stop counter: 4/10
Epoch [93/1000], Training Loss: 0.3893
Validation Loss: 0.3888
No improvement in validation loss. Early stop counter: 5/10
Epoch [94/1000], Training Loss: 0.3867
Validation Loss: 0.3888
No improvement in validation loss. Early stop counter: 6/10
Epoch [95/1000], Training Loss: 0.3883
Validation Loss: 0.3889
No improvement in validation loss. Early stop counter: 7/10
Epoch [96/1000], Training Loss: 0.3878
Validation Loss: 0.3888
No improvement in validation loss. Early stop counter: 8/10
Epoch [97/1000], Training Loss: 0.3875
Validation Loss: 0.3888
No improvement in validation loss. Early stop counter: 9/10
Epoch [98/1000], Training Loss: 0.3889
Validation Loss: 0.3889
No improvement in validation loss. Early stop counter: 10/10
Early stopping triggered after 98 epochs.
Best model for fold 5 saved successfully.

Cross-validation results:
Fold 1: Validation Loss = 0.3946
Fold 2: Validation Loss = 0.4009
Fold 3: Validation Loss = 0.3911
Fold 4: Validation Loss = 0.4066
Fold 5: Validation Loss = 0.3888
Average Validation Loss: 0.3964
