{'batch_size': 4, 'sequence_file': 'padded_sequences_train_3000.npz', 'data_file': 'padded_interfaces_train_3000.npz', 'edge_file': 'padded_edges_train_3000.npz', 'max_len': 3000, 'vocab_size': 23, 'embed_dim': 256, 'num_heads': 16, 'dropout': 0.2, 'num_layers': 1, 'num_gnn_layers': 1, 'num_int_layers': 2, 'num_classes': 2, 'num_epochs': 1000, 'learning_rate': 0.0001, 'max_grad_norm': 0.1, 'validation_split': 0.1, 'early_stop_patience': 10, 'initial_gradient_noise_std': 0.05, 'accumulation_steps': 2}
Number of GPUs available: 4

Starting Fold 1/5...
Initializing ClassificationModel with 1 GAT layers and residual connections...
Initializing MCModel with 1 GAT layers and 2 row attention layers...
Initializing CGModel with 1 GAT layers and residual connections...
Initializing CoreModel with 1 self-attention layers...
Using 4 GPUs with DataParallel.
Epoch [1/1000], Training Loss: 0.6885
Validation Loss: 0.6291
New best model found with validation loss: 0.6291
Epoch [2/1000], Training Loss: 0.6090
Validation Loss: 0.5788
New best model found with validation loss: 0.5788
Epoch [3/1000], Training Loss: 0.5714
Validation Loss: 0.5592
New best model found with validation loss: 0.5592
Epoch [4/1000], Training Loss: 0.5308
Validation Loss: 0.5528
New best model found with validation loss: 0.5528
Epoch [5/1000], Training Loss: 0.5178
Validation Loss: 0.5394
New best model found with validation loss: 0.5394
Epoch [6/1000], Training Loss: 0.5028
Validation Loss: 0.5765
No improvement in validation loss. Early stop counter: 1/10
Epoch [7/1000], Training Loss: 0.4963
Validation Loss: 0.5267
New best model found with validation loss: 0.5267
Epoch [8/1000], Training Loss: 0.4853
Validation Loss: 0.5419
No improvement in validation loss. Early stop counter: 1/10
Epoch [9/1000], Training Loss: 0.4844
Validation Loss: 0.5287
No improvement in validation loss. Early stop counter: 2/10
Epoch [10/1000], Training Loss: 0.4741
Validation Loss: 0.5368
No improvement in validation loss. Early stop counter: 3/10
Epoch [11/1000], Training Loss: 0.4661
Validation Loss: 0.5090
New best model found with validation loss: 0.5090
Epoch [12/1000], Training Loss: 0.4611
Validation Loss: 0.5146
No improvement in validation loss. Early stop counter: 1/10
Epoch [13/1000], Training Loss: 0.4578
Validation Loss: 0.5288
No improvement in validation loss. Early stop counter: 2/10
Epoch [14/1000], Training Loss: 0.4558
Validation Loss: 0.5056
New best model found with validation loss: 0.5056
Epoch [15/1000], Training Loss: 0.4505
Validation Loss: 0.4946
New best model found with validation loss: 0.4946
Epoch [16/1000], Training Loss: 0.4488
Validation Loss: 0.4879
New best model found with validation loss: 0.4879
Epoch [17/1000], Training Loss: 0.4471
Validation Loss: 0.4850
New best model found with validation loss: 0.4850
Epoch [18/1000], Training Loss: 0.4443
Validation Loss: 0.4815
New best model found with validation loss: 0.4815
Epoch [19/1000], Training Loss: 0.4416
Validation Loss: 0.4956
No improvement in validation loss. Early stop counter: 1/10
Epoch [20/1000], Training Loss: 0.4412
Validation Loss: 0.4785
New best model found with validation loss: 0.4785
Epoch [21/1000], Training Loss: 0.4352
Validation Loss: 0.4850
No improvement in validation loss. Early stop counter: 1/10
Epoch [22/1000], Training Loss: 0.4339
Validation Loss: 0.4865
No improvement in validation loss. Early stop counter: 2/10
Epoch [23/1000], Training Loss: 0.4301
Validation Loss: 0.4835
No improvement in validation loss. Early stop counter: 3/10
Epoch [24/1000], Training Loss: 0.4308
Validation Loss: 0.4849
No improvement in validation loss. Early stop counter: 4/10
Epoch [25/1000], Training Loss: 0.4310
Validation Loss: 0.4817
No improvement in validation loss. Early stop counter: 5/10
Epoch [26/1000], Training Loss: 0.4286
Validation Loss: 0.4763
New best model found with validation loss: 0.4763
Epoch [27/1000], Training Loss: 0.4295
Validation Loss: 0.4791
No improvement in validation loss. Early stop counter: 1/10
Epoch [28/1000], Training Loss: 0.4267
Validation Loss: 0.4710
New best model found with validation loss: 0.4710
Epoch [29/1000], Training Loss: 0.4247
Validation Loss: 0.4786
No improvement in validation loss. Early stop counter: 1/10
Epoch [30/1000], Training Loss: 0.4251
Validation Loss: 0.4724
No improvement in validation loss. Early stop counter: 2/10
Epoch [31/1000], Training Loss: 0.4214
Validation Loss: 0.4720
No improvement in validation loss. Early stop counter: 3/10
Epoch [32/1000], Training Loss: 0.4214
Validation Loss: 0.4797
No improvement in validation loss. Early stop counter: 4/10
Epoch [33/1000], Training Loss: 0.4225
Validation Loss: 0.4761
No improvement in validation loss. Early stop counter: 5/10
Epoch [34/1000], Training Loss: 0.4187
Validation Loss: 0.4690
New best model found with validation loss: 0.4690
Epoch [35/1000], Training Loss: 0.4197
Validation Loss: 0.4646
New best model found with validation loss: 0.4646
Epoch [36/1000], Training Loss: 0.4178
Validation Loss: 0.4711
No improvement in validation loss. Early stop counter: 1/10
Epoch [37/1000], Training Loss: 0.4186
Validation Loss: 0.4680
No improvement in validation loss. Early stop counter: 2/10
Epoch [38/1000], Training Loss: 0.4193
Validation Loss: 0.4654
No improvement in validation loss. Early stop counter: 3/10
Epoch [39/1000], Training Loss: 0.4182
Validation Loss: 0.4694
No improvement in validation loss. Early stop counter: 4/10
Epoch [40/1000], Training Loss: 0.4173
Validation Loss: 0.4615
New best model found with validation loss: 0.4615
Epoch [41/1000], Training Loss: 0.4156
Validation Loss: 0.4686
No improvement in validation loss. Early stop counter: 1/10
Epoch [42/1000], Training Loss: 0.4146
Validation Loss: 0.4762
No improvement in validation loss. Early stop counter: 2/10
Epoch [43/1000], Training Loss: 0.4134
Validation Loss: 0.4650
No improvement in validation loss. Early stop counter: 3/10
Epoch [44/1000], Training Loss: 0.4135
Validation Loss: 0.4727
No improvement in validation loss. Early stop counter: 4/10
Epoch [45/1000], Training Loss: 0.4144
Validation Loss: 0.4658
No improvement in validation loss. Early stop counter: 5/10
Epoch [46/1000], Training Loss: 0.4143
Validation Loss: 0.4671
No improvement in validation loss. Early stop counter: 6/10
Epoch [47/1000], Training Loss: 0.4142
Validation Loss: 0.4650
No improvement in validation loss. Early stop counter: 7/10
Epoch [48/1000], Training Loss: 0.4144
Validation Loss: 0.4649
No improvement in validation loss. Early stop counter: 8/10
Epoch [49/1000], Training Loss: 0.4140
Validation Loss: 0.4638
No improvement in validation loss. Early stop counter: 9/10
Epoch [50/1000], Training Loss: 0.4145
Validation Loss: 0.4614
New best model found with validation loss: 0.4614
Epoch [51/1000], Training Loss: 0.4118
Validation Loss: 0.4684
No improvement in validation loss. Early stop counter: 1/10
Epoch [52/1000], Training Loss: 0.4127
Validation Loss: 0.4637
No improvement in validation loss. Early stop counter: 2/10
Epoch [53/1000], Training Loss: 0.4132
Validation Loss: 0.4702
No improvement in validation loss. Early stop counter: 3/10
Epoch [54/1000], Training Loss: 0.4118
Validation Loss: 0.4670
No improvement in validation loss. Early stop counter: 4/10
Epoch [55/1000], Training Loss: 0.4125
Validation Loss: 0.4684
No improvement in validation loss. Early stop counter: 5/10
Epoch [56/1000], Training Loss: 0.4099
Validation Loss: 0.4609
New best model found with validation loss: 0.4609
Epoch [57/1000], Training Loss: 0.4123
Validation Loss: 0.4736
No improvement in validation loss. Early stop counter: 1/10
Epoch [58/1000], Training Loss: 0.4122
Validation Loss: 0.4696
No improvement in validation loss. Early stop counter: 2/10
Epoch [59/1000], Training Loss: 0.4097
Validation Loss: 0.4632
No improvement in validation loss. Early stop counter: 3/10
Epoch [60/1000], Training Loss: 0.4114
Validation Loss: 0.4640
No improvement in validation loss. Early stop counter: 4/10
Epoch [61/1000], Training Loss: 0.4106
Validation Loss: 0.4645
No improvement in validation loss. Early stop counter: 5/10
Epoch [62/1000], Training Loss: 0.4108
Validation Loss: 0.4642
No improvement in validation loss. Early stop counter: 6/10
Epoch [63/1000], Training Loss: 0.4103
Validation Loss: 0.4633
No improvement in validation loss. Early stop counter: 7/10
Epoch [64/1000], Training Loss: 0.4107
Validation Loss: 0.4633
No improvement in validation loss. Early stop counter: 8/10
Epoch [65/1000], Training Loss: 0.4095
Validation Loss: 0.4645
No improvement in validation loss. Early stop counter: 9/10
Epoch [66/1000], Training Loss: 0.4111
Validation Loss: 0.4647
No improvement in validation loss. Early stop counter: 10/10
Early stopping triggered after 66 epochs.
Best model for fold 1 saved successfully.

Starting Fold 2/5...
Initializing ClassificationModel with 1 GAT layers and residual connections...
Initializing MCModel with 1 GAT layers and 2 row attention layers...
Initializing CGModel with 1 GAT layers and residual connections...
Initializing CoreModel with 1 self-attention layers...
Using 4 GPUs with DataParallel.
Epoch [1/1000], Training Loss: 0.6901
Validation Loss: 0.6207
New best model found with validation loss: 0.6207
Epoch [2/1000], Training Loss: 0.6206
Validation Loss: 0.6288
No improvement in validation loss. Early stop counter: 1/10
Epoch [3/1000], Training Loss: 0.5925
Validation Loss: 0.5572
New best model found with validation loss: 0.5572
Epoch [4/1000], Training Loss: 0.5498
Validation Loss: 0.5108
New best model found with validation loss: 0.5108
Epoch [5/1000], Training Loss: 0.5226
Validation Loss: 0.5182
No improvement in validation loss. Early stop counter: 1/10
Epoch [6/1000], Training Loss: 0.5049
Validation Loss: 0.4953
New best model found with validation loss: 0.4953
Epoch [7/1000], Training Loss: 0.4924
Validation Loss: 0.4966
No improvement in validation loss. Early stop counter: 1/10
Epoch [8/1000], Training Loss: 0.4837
Validation Loss: 0.4946
New best model found with validation loss: 0.4946
Epoch [9/1000], Training Loss: 0.4796
Validation Loss: 0.4972
No improvement in validation loss. Early stop counter: 1/10
Epoch [10/1000], Training Loss: 0.4722
Validation Loss: 0.5153
No improvement in validation loss. Early stop counter: 2/10
Epoch [11/1000], Training Loss: 0.4625
Validation Loss: 0.4824
New best model found with validation loss: 0.4824
Epoch [12/1000], Training Loss: 0.4573
Validation Loss: 0.4759
New best model found with validation loss: 0.4759
Epoch [13/1000], Training Loss: 0.4550
Validation Loss: 0.4651
New best model found with validation loss: 0.4651
Epoch [14/1000], Training Loss: 0.4525
Validation Loss: 0.4759
No improvement in validation loss. Early stop counter: 1/10
Epoch [15/1000], Training Loss: 0.4514
Validation Loss: 0.4678
No improvement in validation loss. Early stop counter: 2/10
Epoch [16/1000], Training Loss: 0.4472
Validation Loss: 0.4971
No improvement in validation loss. Early stop counter: 3/10
Epoch [17/1000], Training Loss: 0.4441
Validation Loss: 0.4646
New best model found with validation loss: 0.4646
Epoch [18/1000], Training Loss: 0.4411
Validation Loss: 0.4762
No improvement in validation loss. Early stop counter: 1/10
Epoch [19/1000], Training Loss: 0.4403
Validation Loss: 0.4551
New best model found with validation loss: 0.4551
Epoch [20/1000], Training Loss: 0.4394
Validation Loss: 0.4945
No improvement in validation loss. Early stop counter: 1/10
Epoch [21/1000], Training Loss: 0.4340
Validation Loss: 0.4692
No improvement in validation loss. Early stop counter: 2/10
Epoch [22/1000], Training Loss: 0.4350
Validation Loss: 0.4514
New best model found with validation loss: 0.4514
Epoch [23/1000], Training Loss: 0.4329
Validation Loss: 0.4626
No improvement in validation loss. Early stop counter: 1/10
Epoch [24/1000], Training Loss: 0.4300
Validation Loss: 0.4636
No improvement in validation loss. Early stop counter: 2/10
Epoch [25/1000], Training Loss: 0.4304
Validation Loss: 0.4499
New best model found with validation loss: 0.4499
Epoch [26/1000], Training Loss: 0.4296
Validation Loss: 0.4759
No improvement in validation loss. Early stop counter: 1/10
Epoch [27/1000], Training Loss: 0.4275
Validation Loss: 0.4578
No improvement in validation loss. Early stop counter: 2/10
Epoch [28/1000], Training Loss: 0.4285
Validation Loss: 0.4706
No improvement in validation loss. Early stop counter: 3/10
Epoch [29/1000], Training Loss: 0.4269
Validation Loss: 0.4674
No improvement in validation loss. Early stop counter: 4/10
Epoch [30/1000], Training Loss: 0.4255
Validation Loss: 0.4581
No improvement in validation loss. Early stop counter: 5/10
Epoch [31/1000], Training Loss: 0.4241
Validation Loss: 0.4608
No improvement in validation loss. Early stop counter: 6/10
Epoch [32/1000], Training Loss: 0.4210
Validation Loss: 0.4570
No improvement in validation loss. Early stop counter: 7/10
Epoch [33/1000], Training Loss: 0.4215
Validation Loss: 0.4690
No improvement in validation loss. Early stop counter: 8/10
Epoch [34/1000], Training Loss: 0.4214
Validation Loss: 0.4624
No improvement in validation loss. Early stop counter: 9/10
Epoch [35/1000], Training Loss: 0.4194
Validation Loss: 0.4650
No improvement in validation loss. Early stop counter: 10/10
Early stopping triggered after 35 epochs.
Best model for fold 2 saved successfully.

Starting Fold 3/5...
Initializing ClassificationModel with 1 GAT layers and residual connections...
Initializing MCModel with 1 GAT layers and 2 row attention layers...
Initializing CGModel with 1 GAT layers and residual connections...
Initializing CoreModel with 1 self-attention layers...
Using 4 GPUs with DataParallel.
Epoch [1/1000], Training Loss: 0.6952
Validation Loss: 0.6206
New best model found with validation loss: 0.6206
Epoch [2/1000], Training Loss: 0.6284
Validation Loss: 0.6134
New best model found with validation loss: 0.6134
Epoch [3/1000], Training Loss: 0.5784
Validation Loss: 0.6117
New best model found with validation loss: 0.6117
Epoch [4/1000], Training Loss: 0.5477
Validation Loss: 0.5066
New best model found with validation loss: 0.5066
Epoch [5/1000], Training Loss: 0.5350
Validation Loss: 0.4890
New best model found with validation loss: 0.4890
Epoch [6/1000], Training Loss: 0.5134
Validation Loss: 0.4888
New best model found with validation loss: 0.4888
Epoch [7/1000], Training Loss: 0.5099
Validation Loss: 0.4795
New best model found with validation loss: 0.4795
Epoch [8/1000], Training Loss: 0.5050
Validation Loss: 0.4699
New best model found with validation loss: 0.4699
Epoch [9/1000], Training Loss: 0.4879
Validation Loss: 0.4922
No improvement in validation loss. Early stop counter: 1/10
Epoch [10/1000], Training Loss: 0.4809
Validation Loss: 0.4751
No improvement in validation loss. Early stop counter: 2/10
Epoch [11/1000], Training Loss: 0.4688
Validation Loss: 0.4379
New best model found with validation loss: 0.4379
Epoch [12/1000], Training Loss: 0.4624
Validation Loss: 0.4546
No improvement in validation loss. Early stop counter: 1/10
Epoch [13/1000], Training Loss: 0.4596
Validation Loss: 0.4527
No improvement in validation loss. Early stop counter: 2/10
Epoch [14/1000], Training Loss: 0.4553
Validation Loss: 0.4391
No improvement in validation loss. Early stop counter: 3/10
Epoch [15/1000], Training Loss: 0.4547
Validation Loss: 0.4295
New best model found with validation loss: 0.4295
Epoch [16/1000], Training Loss: 0.4521
Validation Loss: 0.4540
No improvement in validation loss. Early stop counter: 1/10
Epoch [17/1000], Training Loss: 0.4483
Validation Loss: 0.4429
No improvement in validation loss. Early stop counter: 2/10
Epoch [18/1000], Training Loss: 0.4495
Validation Loss: 0.4394
No improvement in validation loss. Early stop counter: 3/10
Epoch [19/1000], Training Loss: 0.4464
Validation Loss: 0.4513
No improvement in validation loss. Early stop counter: 4/10
Epoch [20/1000], Training Loss: 0.4450
Validation Loss: 0.4308
No improvement in validation loss. Early stop counter: 5/10
Epoch [21/1000], Training Loss: 0.4391
Validation Loss: 0.4377
No improvement in validation loss. Early stop counter: 6/10
Epoch [22/1000], Training Loss: 0.4366
Validation Loss: 0.4352
No improvement in validation loss. Early stop counter: 7/10
Epoch [23/1000], Training Loss: 0.4386
Validation Loss: 0.4321
No improvement in validation loss. Early stop counter: 8/10
Epoch [24/1000], Training Loss: 0.4330
Validation Loss: 0.4338
No improvement in validation loss. Early stop counter: 9/10
Epoch [25/1000], Training Loss: 0.4347
Validation Loss: 0.4369
No improvement in validation loss. Early stop counter: 10/10
Early stopping triggered after 25 epochs.
Best model for fold 3 saved successfully.

Starting Fold 4/5...
Initializing ClassificationModel with 1 GAT layers and residual connections...
Initializing MCModel with 1 GAT layers and 2 row attention layers...
Initializing CGModel with 1 GAT layers and residual connections...
Initializing CoreModel with 1 self-attention layers...
Using 4 GPUs with DataParallel.
Epoch [1/1000], Training Loss: 0.6991
Validation Loss: 0.6211
New best model found with validation loss: 0.6211
Epoch [2/1000], Training Loss: 0.6249
Validation Loss: 0.5845
New best model found with validation loss: 0.5845
Epoch [3/1000], Training Loss: 0.5790
Validation Loss: 0.5394
New best model found with validation loss: 0.5394
Epoch [4/1000], Training Loss: 0.5368
Validation Loss: 0.5240
New best model found with validation loss: 0.5240
Epoch [5/1000], Training Loss: 0.5165
Validation Loss: 0.4950
New best model found with validation loss: 0.4950
Epoch [6/1000], Training Loss: 0.5000
Validation Loss: 0.5048
No improvement in validation loss. Early stop counter: 1/10
Epoch [7/1000], Training Loss: 0.4938
Validation Loss: 0.5161
No improvement in validation loss. Early stop counter: 2/10
Epoch [8/1000], Training Loss: 0.4877
Validation Loss: 0.4804
New best model found with validation loss: 0.4804
Epoch [9/1000], Training Loss: 0.4785
Validation Loss: 0.5053
No improvement in validation loss. Early stop counter: 1/10
Epoch [10/1000], Training Loss: 0.4802
Validation Loss: 0.4969
No improvement in validation loss. Early stop counter: 2/10
Epoch [11/1000], Training Loss: 0.4589
Validation Loss: 0.5113
No improvement in validation loss. Early stop counter: 3/10
Epoch [12/1000], Training Loss: 0.4596
Validation Loss: 0.5088
No improvement in validation loss. Early stop counter: 4/10
Epoch [13/1000], Training Loss: 0.4540
Validation Loss: 0.4776
New best model found with validation loss: 0.4776
Epoch [14/1000], Training Loss: 0.4523
Validation Loss: 0.4781
No improvement in validation loss. Early stop counter: 1/10
Epoch [15/1000], Training Loss: 0.4533
Validation Loss: 0.4940
No improvement in validation loss. Early stop counter: 2/10
Epoch [16/1000], Training Loss: 0.4483
Validation Loss: 0.4895
No improvement in validation loss. Early stop counter: 3/10
Epoch [17/1000], Training Loss: 0.4441
Validation Loss: 0.4688
New best model found with validation loss: 0.4688
Epoch [18/1000], Training Loss: 0.4418
Validation Loss: 0.4636
New best model found with validation loss: 0.4636
Epoch [19/1000], Training Loss: 0.4390
Validation Loss: 0.4782
No improvement in validation loss. Early stop counter: 1/10
Epoch [20/1000], Training Loss: 0.4404
Validation Loss: 0.4765
No improvement in validation loss. Early stop counter: 2/10
Epoch [21/1000], Training Loss: 0.4324
Validation Loss: 0.4738
No improvement in validation loss. Early stop counter: 3/10
Epoch [22/1000], Training Loss: 0.4328
Validation Loss: 0.4583
New best model found with validation loss: 0.4583
Epoch [23/1000], Training Loss: 0.4287
Validation Loss: 0.4637
No improvement in validation loss. Early stop counter: 1/10
Epoch [24/1000], Training Loss: 0.4296
Validation Loss: 0.4600
No improvement in validation loss. Early stop counter: 2/10
Epoch [25/1000], Training Loss: 0.4308
Validation Loss: 0.4594
No improvement in validation loss. Early stop counter: 3/10
Epoch [26/1000], Training Loss: 0.4277
Validation Loss: 0.4643
No improvement in validation loss. Early stop counter: 4/10
Epoch [27/1000], Training Loss: 0.4260
Validation Loss: 0.4599
No improvement in validation loss. Early stop counter: 5/10
Epoch [28/1000], Training Loss: 0.4258
Validation Loss: 0.4701
No improvement in validation loss. Early stop counter: 6/10
Epoch [29/1000], Training Loss: 0.4250
Validation Loss: 0.4698
No improvement in validation loss. Early stop counter: 7/10
Epoch [30/1000], Training Loss: 0.4245
Validation Loss: 0.4604
No improvement in validation loss. Early stop counter: 8/10
Epoch [31/1000], Training Loss: 0.4210
Validation Loss: 0.4625
No improvement in validation loss. Early stop counter: 9/10
Epoch [32/1000], Training Loss: 0.4213
Validation Loss: 0.4677
No improvement in validation loss. Early stop counter: 10/10
Early stopping triggered after 32 epochs.
Best model for fold 4 saved successfully.

Starting Fold 5/5...
Initializing ClassificationModel with 1 GAT layers and residual connections...
Initializing MCModel with 1 GAT layers and 2 row attention layers...
Initializing CGModel with 1 GAT layers and residual connections...
Initializing CoreModel with 1 self-attention layers...
Using 4 GPUs with DataParallel.
Epoch [1/1000], Training Loss: 0.6873
Validation Loss: 0.6088
New best model found with validation loss: 0.6088
Epoch [2/1000], Training Loss: 0.6204
Validation Loss: 0.5786
New best model found with validation loss: 0.5786
Epoch [3/1000], Training Loss: 0.5835
Validation Loss: 0.5583
New best model found with validation loss: 0.5583
Epoch [4/1000], Training Loss: 0.5541
Validation Loss: 0.5181
New best model found with validation loss: 0.5181
Epoch [5/1000], Training Loss: 0.5230
Validation Loss: 0.4870
New best model found with validation loss: 0.4870
Epoch [6/1000], Training Loss: 0.5096
Validation Loss: 0.4950
No improvement in validation loss. Early stop counter: 1/10
Epoch [7/1000], Training Loss: 0.4991
Validation Loss: 0.4720
New best model found with validation loss: 0.4720
Epoch [8/1000], Training Loss: 0.4940
Validation Loss: 0.4995
No improvement in validation loss. Early stop counter: 1/10
Epoch [9/1000], Training Loss: 0.4856
Validation Loss: 0.4585
New best model found with validation loss: 0.4585
Epoch [10/1000], Training Loss: 0.4834
Validation Loss: 0.4555
New best model found with validation loss: 0.4555
Epoch [11/1000], Training Loss: 0.4672
Validation Loss: 0.4640
No improvement in validation loss. Early stop counter: 1/10
Epoch [12/1000], Training Loss: 0.4615
Validation Loss: 0.4576
No improvement in validation loss. Early stop counter: 2/10
Epoch [13/1000], Training Loss: 0.4615
Validation Loss: 0.4612
No improvement in validation loss. Early stop counter: 3/10
Epoch [14/1000], Training Loss: 0.4585
Validation Loss: 0.4470
New best model found with validation loss: 0.4470
Epoch [15/1000], Training Loss: 0.4536
Validation Loss: 0.4461
New best model found with validation loss: 0.4461
Epoch [16/1000], Training Loss: 0.4492
Validation Loss: 0.4480
No improvement in validation loss. Early stop counter: 1/10
Epoch [17/1000], Training Loss: 0.4522
Validation Loss: 0.4853
No improvement in validation loss. Early stop counter: 2/10
Epoch [18/1000], Training Loss: 0.4496
Validation Loss: 0.4494
No improvement in validation loss. Early stop counter: 3/10
Epoch [19/1000], Training Loss: 0.4425
Validation Loss: 0.4491
No improvement in validation loss. Early stop counter: 4/10
Epoch [20/1000], Training Loss: 0.4442
Validation Loss: 0.4535
No improvement in validation loss. Early stop counter: 5/10
Epoch [21/1000], Training Loss: 0.4377
Validation Loss: 0.4538
No improvement in validation loss. Early stop counter: 6/10
Epoch [22/1000], Training Loss: 0.4376
Validation Loss: 0.4412
New best model found with validation loss: 0.4412
Epoch [23/1000], Training Loss: 0.4357
Validation Loss: 0.4448
No improvement in validation loss. Early stop counter: 1/10
Epoch [24/1000], Training Loss: 0.4352
Validation Loss: 0.4610
No improvement in validation loss. Early stop counter: 2/10
Epoch [25/1000], Training Loss: 0.4340
Validation Loss: 0.4443
No improvement in validation loss. Early stop counter: 3/10
Epoch [26/1000], Training Loss: 0.4318
Validation Loss: 0.4425
No improvement in validation loss. Early stop counter: 4/10
Epoch [27/1000], Training Loss: 0.4334
Validation Loss: 0.4521
No improvement in validation loss. Early stop counter: 5/10
Epoch [28/1000], Training Loss: 0.4310
Validation Loss: 0.4392
New best model found with validation loss: 0.4392
Epoch [29/1000], Training Loss: 0.4304
Validation Loss: 0.4533
No improvement in validation loss. Early stop counter: 1/10
Epoch [30/1000], Training Loss: 0.4274
Validation Loss: 0.4570
No improvement in validation loss. Early stop counter: 2/10
Epoch [31/1000], Training Loss: 0.4272
Validation Loss: 0.4375
New best model found with validation loss: 0.4375
Epoch [32/1000], Training Loss: 0.4269
Validation Loss: 0.4379
No improvement in validation loss. Early stop counter: 1/10
Epoch [33/1000], Training Loss: 0.4258
Validation Loss: 0.4426
No improvement in validation loss. Early stop counter: 2/10
Epoch [34/1000], Training Loss: 0.4254
Validation Loss: 0.4504
No improvement in validation loss. Early stop counter: 3/10
Epoch [35/1000], Training Loss: 0.4246
Validation Loss: 0.4510
No improvement in validation loss. Early stop counter: 4/10
Epoch [36/1000], Training Loss: 0.4253
Validation Loss: 0.4410
No improvement in validation loss. Early stop counter: 5/10
Epoch [37/1000], Training Loss: 0.4237
Validation Loss: 0.4578
No improvement in validation loss. Early stop counter: 6/10
Epoch [38/1000], Training Loss: 0.4222
Validation Loss: 0.4453
No improvement in validation loss. Early stop counter: 7/10
Epoch [39/1000], Training Loss: 0.4255
Validation Loss: 0.4427
No improvement in validation loss. Early stop counter: 8/10
Epoch [40/1000], Training Loss: 0.4236
Validation Loss: 0.4418
No improvement in validation loss. Early stop counter: 9/10
Epoch [41/1000], Training Loss: 0.4225
Validation Loss: 0.4409
No improvement in validation loss. Early stop counter: 10/10
Early stopping triggered after 41 epochs.
Best model for fold 5 saved successfully.

Cross-validation results:
Fold 1: Validation Loss = 0.4609
Fold 2: Validation Loss = 0.4499
Fold 3: Validation Loss = 0.4295
Fold 4: Validation Loss = 0.4583
Fold 5: Validation Loss = 0.4375
Average Validation Loss: 0.4472
