{'batch_size': 4, 'sequence_file': 'padded_sequences_train_3000.npz', 'data_file': 'padded_interfaces_train_3000.npz', 'edge_file': 'padded_edges_train_3000.npz', 'max_len': 3000, 'vocab_size': 23, 'embed_dim': 256, 'num_heads': 16, 'dropout': 0.0, 'num_layers': 0, 'num_gnn_layers': 3, 'num_int_layers': 1, 'num_classes': 2, 'num_epochs': 1000, 'learning_rate': 0.0001, 'max_grad_norm': 0.1, 'validation_split': 0.1, 'early_stop_patience': 10, 'initial_gradient_noise_std': 0.05, 'accumulation_steps': 2}
Number of GPUs available: 4

Starting Fold 1/5...
Initializing ClassificationModel with 3 GAT layers and residual connections...
Initializing MCModel with 3 GAT layers and 1 row attention layers...
Initializing CGModel with 3 GAT layers and residual connections...
Initializing CoreModel with 0 self-attention layers...
Using 4 GPUs with DataParallel.
Epoch [1/1000], Training Loss: 0.3747
Validation Loss: 0.3572
New best model found with validation loss: 0.3572
Epoch [2/1000], Training Loss: 0.3227
Validation Loss: 0.3499
New best model found with validation loss: 0.3499
Epoch [3/1000], Training Loss: 0.3074
Validation Loss: 0.3343
New best model found with validation loss: 0.3343
Epoch [4/1000], Training Loss: 0.3019
Validation Loss: 0.3260
New best model found with validation loss: 0.3260
Epoch [5/1000], Training Loss: 0.2936
Validation Loss: 0.3311
No improvement in validation loss. Early stop counter: 1/10
Epoch [6/1000], Training Loss: 0.2861
Validation Loss: 0.3250
New best model found with validation loss: 0.3250
Epoch [7/1000], Training Loss: 0.2836
Validation Loss: 0.3205
New best model found with validation loss: 0.3205
Epoch [8/1000], Training Loss: 0.2842
Validation Loss: 0.3158
New best model found with validation loss: 0.3158
Epoch [9/1000], Training Loss: 0.2813
Validation Loss: 0.3217
No improvement in validation loss. Early stop counter: 1/10
Epoch [10/1000], Training Loss: 0.2768
Validation Loss: 0.3145
New best model found with validation loss: 0.3145
Epoch [11/1000], Training Loss: 0.2701
Validation Loss: 0.3158
No improvement in validation loss. Early stop counter: 1/10
Epoch [12/1000], Training Loss: 0.2699
Validation Loss: 0.3121
New best model found with validation loss: 0.3121
Epoch [13/1000], Training Loss: 0.2648
Validation Loss: 0.3053
New best model found with validation loss: 0.3053
Epoch [14/1000], Training Loss: 0.2650
Validation Loss: 0.3042
New best model found with validation loss: 0.3042
Epoch [15/1000], Training Loss: 0.2623
Validation Loss: 0.3038
New best model found with validation loss: 0.3038
Epoch [16/1000], Training Loss: 0.2617
Validation Loss: 0.3119
No improvement in validation loss. Early stop counter: 1/10
Epoch [17/1000], Training Loss: 0.2611
Validation Loss: 0.3090
No improvement in validation loss. Early stop counter: 2/10
Epoch [18/1000], Training Loss: 0.2594
Validation Loss: 0.3066
No improvement in validation loss. Early stop counter: 3/10
Epoch [19/1000], Training Loss: 0.2592
Validation Loss: 0.3056
No improvement in validation loss. Early stop counter: 4/10
Epoch [20/1000], Training Loss: 0.2579
Validation Loss: 0.3079
No improvement in validation loss. Early stop counter: 5/10
Epoch [21/1000], Training Loss: 0.2530
Validation Loss: 0.3058
No improvement in validation loss. Early stop counter: 6/10
Epoch [22/1000], Training Loss: 0.2531
Validation Loss: 0.3066
No improvement in validation loss. Early stop counter: 7/10
Epoch [23/1000], Training Loss: 0.2542
Validation Loss: 0.3040
No improvement in validation loss. Early stop counter: 8/10
Epoch [24/1000], Training Loss: 0.2521
Validation Loss: 0.3046
No improvement in validation loss. Early stop counter: 9/10
Epoch [25/1000], Training Loss: 0.2508
Validation Loss: 0.3061
No improvement in validation loss. Early stop counter: 10/10
Early stopping triggered after 25 epochs.
Best model for fold 1 saved successfully.

Starting Fold 2/5...
Initializing ClassificationModel with 3 GAT layers and residual connections...
Initializing MCModel with 3 GAT layers and 1 row attention layers...
Initializing CGModel with 3 GAT layers and residual connections...
Initializing CoreModel with 0 self-attention layers...
Using 4 GPUs with DataParallel.
Epoch [1/1000], Training Loss: 0.3784
Validation Loss: 0.3377
New best model found with validation loss: 0.3377
Epoch [2/1000], Training Loss: 0.3279
Validation Loss: 0.3232
New best model found with validation loss: 0.3232
Epoch [3/1000], Training Loss: 0.3204
Validation Loss: 0.3115
New best model found with validation loss: 0.3115
Epoch [4/1000], Training Loss: 0.3075
Validation Loss: 0.3037
New best model found with validation loss: 0.3037
Epoch [5/1000], Training Loss: 0.3024
Validation Loss: 0.2980
New best model found with validation loss: 0.2980
Epoch [6/1000], Training Loss: 0.2990
Validation Loss: 0.2987
No improvement in validation loss. Early stop counter: 1/10
Epoch [7/1000], Training Loss: 0.2963
Validation Loss: 0.2927
New best model found with validation loss: 0.2927
Epoch [8/1000], Training Loss: 0.2929
Validation Loss: 0.2925
New best model found with validation loss: 0.2925
Epoch [9/1000], Training Loss: 0.2876
Validation Loss: 0.2904
New best model found with validation loss: 0.2904
Epoch [10/1000], Training Loss: 0.2816
Validation Loss: 0.3069
No improvement in validation loss. Early stop counter: 1/10
Epoch [11/1000], Training Loss: 0.2780
Validation Loss: 0.2859
New best model found with validation loss: 0.2859
Epoch [12/1000], Training Loss: 0.2745
Validation Loss: 0.2912
No improvement in validation loss. Early stop counter: 1/10
Epoch [13/1000], Training Loss: 0.2736
Validation Loss: 0.2870
No improvement in validation loss. Early stop counter: 2/10
Epoch [14/1000], Training Loss: 0.2706
Validation Loss: 0.2868
No improvement in validation loss. Early stop counter: 3/10
Epoch [15/1000], Training Loss: 0.2688
Validation Loss: 0.2898
No improvement in validation loss. Early stop counter: 4/10
Epoch [16/1000], Training Loss: 0.2701
Validation Loss: 0.2836
New best model found with validation loss: 0.2836
Epoch [17/1000], Training Loss: 0.2670
Validation Loss: 0.2804
New best model found with validation loss: 0.2804
Epoch [18/1000], Training Loss: 0.2643
Validation Loss: 0.2823
No improvement in validation loss. Early stop counter: 1/10
Epoch [19/1000], Training Loss: 0.2696
Validation Loss: 0.2799
New best model found with validation loss: 0.2799
Epoch [20/1000], Training Loss: 0.2641
Validation Loss: 0.2867
No improvement in validation loss. Early stop counter: 1/10
Epoch [21/1000], Training Loss: 0.2588
Validation Loss: 0.2816
No improvement in validation loss. Early stop counter: 2/10
Epoch [22/1000], Training Loss: 0.2570
Validation Loss: 0.2797
New best model found with validation loss: 0.2797
Epoch [23/1000], Training Loss: 0.2573
Validation Loss: 0.2798
No improvement in validation loss. Early stop counter: 1/10
Epoch [24/1000], Training Loss: 0.2579
Validation Loss: 0.2813
No improvement in validation loss. Early stop counter: 2/10
Epoch [25/1000], Training Loss: 0.2573
Validation Loss: 0.2793
New best model found with validation loss: 0.2793
Epoch [26/1000], Training Loss: 0.2546
Validation Loss: 0.2811
No improvement in validation loss. Early stop counter: 1/10
Epoch [27/1000], Training Loss: 0.2545
Validation Loss: 0.2796
No improvement in validation loss. Early stop counter: 2/10
Epoch [28/1000], Training Loss: 0.2562
Validation Loss: 0.2829
No improvement in validation loss. Early stop counter: 3/10
Epoch [29/1000], Training Loss: 0.2535
Validation Loss: 0.2836
No improvement in validation loss. Early stop counter: 4/10
Epoch [30/1000], Training Loss: 0.2532
Validation Loss: 0.2998
No improvement in validation loss. Early stop counter: 5/10
Epoch [31/1000], Training Loss: 0.2524
Validation Loss: 0.2791
New best model found with validation loss: 0.2791
Epoch [32/1000], Training Loss: 0.2488
Validation Loss: 0.2793
No improvement in validation loss. Early stop counter: 1/10
Epoch [33/1000], Training Loss: 0.2513
Validation Loss: 0.2829
No improvement in validation loss. Early stop counter: 2/10
Epoch [34/1000], Training Loss: 0.2501
Validation Loss: 0.2809
No improvement in validation loss. Early stop counter: 3/10
Epoch [35/1000], Training Loss: 0.2503
Validation Loss: 0.2837
No improvement in validation loss. Early stop counter: 4/10
Epoch [36/1000], Training Loss: 0.2498
Validation Loss: 0.2826
No improvement in validation loss. Early stop counter: 5/10
Epoch [37/1000], Training Loss: 0.2492
Validation Loss: 0.2815
No improvement in validation loss. Early stop counter: 6/10
Epoch [38/1000], Training Loss: 0.2489
Validation Loss: 0.2803
No improvement in validation loss. Early stop counter: 7/10
Epoch [39/1000], Training Loss: 0.2485
Validation Loss: 0.2817
No improvement in validation loss. Early stop counter: 8/10
Epoch [40/1000], Training Loss: 0.2481
Validation Loss: 0.2830
No improvement in validation loss. Early stop counter: 9/10
Epoch [41/1000], Training Loss: 0.2457
Validation Loss: 0.2812
No improvement in validation loss. Early stop counter: 10/10
Early stopping triggered after 41 epochs.
Best model for fold 2 saved successfully.

Starting Fold 3/5...
Initializing ClassificationModel with 3 GAT layers and residual connections...
Initializing MCModel with 3 GAT layers and 1 row attention layers...
Initializing CGModel with 3 GAT layers and residual connections...
Initializing CoreModel with 0 self-attention layers...
Using 4 GPUs with DataParallel.
Epoch [1/1000], Training Loss: 0.3653
Validation Loss: 0.3214
New best model found with validation loss: 0.3214
Epoch [2/1000], Training Loss: 0.3297
Validation Loss: 0.3136
New best model found with validation loss: 0.3136
Epoch [3/1000], Training Loss: 0.3167
Validation Loss: 0.2992
New best model found with validation loss: 0.2992
Epoch [4/1000], Training Loss: 0.3126
Validation Loss: 0.2935
New best model found with validation loss: 0.2935
Epoch [5/1000], Training Loss: 0.3020
Validation Loss: 0.2900
New best model found with validation loss: 0.2900
Epoch [6/1000], Training Loss: 0.3010
Validation Loss: 0.2964
No improvement in validation loss. Early stop counter: 1/10
Epoch [7/1000], Training Loss: 0.3008
Validation Loss: 0.2817
New best model found with validation loss: 0.2817
Epoch [8/1000], Training Loss: 0.2916
Validation Loss: 0.2849
No improvement in validation loss. Early stop counter: 1/10
Epoch [9/1000], Training Loss: 0.2884
Validation Loss: 0.2734
New best model found with validation loss: 0.2734
Epoch [10/1000], Training Loss: 0.2865
Validation Loss: 0.2769
No improvement in validation loss. Early stop counter: 1/10
Epoch [11/1000], Training Loss: 0.2816
Validation Loss: 0.2732
New best model found with validation loss: 0.2732
Epoch [12/1000], Training Loss: 0.2787
Validation Loss: 0.2726
New best model found with validation loss: 0.2726
Epoch [13/1000], Training Loss: 0.2786
Validation Loss: 0.2693
New best model found with validation loss: 0.2693
Epoch [14/1000], Training Loss: 0.2781
Validation Loss: 0.2696
No improvement in validation loss. Early stop counter: 1/10
Epoch [15/1000], Training Loss: 0.2750
Validation Loss: 0.2710
No improvement in validation loss. Early stop counter: 2/10
Epoch [16/1000], Training Loss: 0.2739
Validation Loss: 0.2734
No improvement in validation loss. Early stop counter: 3/10
Epoch [17/1000], Training Loss: 0.2732
Validation Loss: 0.2666
New best model found with validation loss: 0.2666
Epoch [18/1000], Training Loss: 0.2712
Validation Loss: 0.2683
No improvement in validation loss. Early stop counter: 1/10
Epoch [19/1000], Training Loss: 0.2716
Validation Loss: 0.2668
No improvement in validation loss. Early stop counter: 2/10
Epoch [20/1000], Training Loss: 0.2712
Validation Loss: 0.2670
No improvement in validation loss. Early stop counter: 3/10
Epoch [21/1000], Training Loss: 0.2691
Validation Loss: 0.2659
New best model found with validation loss: 0.2659
Epoch [22/1000], Training Loss: 0.2664
Validation Loss: 0.2652
New best model found with validation loss: 0.2652
Epoch [23/1000], Training Loss: 0.2638
Validation Loss: 0.2672
No improvement in validation loss. Early stop counter: 1/10
Epoch [24/1000], Training Loss: 0.2627
Validation Loss: 0.2643
New best model found with validation loss: 0.2643
Epoch [25/1000], Training Loss: 0.2630
Validation Loss: 0.2646
No improvement in validation loss. Early stop counter: 1/10
Epoch [26/1000], Training Loss: 0.2622
Validation Loss: 0.2634
New best model found with validation loss: 0.2634
Epoch [27/1000], Training Loss: 0.2620
Validation Loss: 0.2731
No improvement in validation loss. Early stop counter: 1/10
Epoch [28/1000], Training Loss: 0.2590
Validation Loss: 0.2650
No improvement in validation loss. Early stop counter: 2/10
Epoch [29/1000], Training Loss: 0.2598
Validation Loss: 0.2643
No improvement in validation loss. Early stop counter: 3/10
Epoch [30/1000], Training Loss: 0.2612
Validation Loss: 0.2640
No improvement in validation loss. Early stop counter: 4/10
Epoch [31/1000], Training Loss: 0.2576
Validation Loss: 0.2665
No improvement in validation loss. Early stop counter: 5/10
Epoch [32/1000], Training Loss: 0.2587
Validation Loss: 0.2644
No improvement in validation loss. Early stop counter: 6/10
Epoch [33/1000], Training Loss: 0.2569
Validation Loss: 0.2643
No improvement in validation loss. Early stop counter: 7/10
Epoch [34/1000], Training Loss: 0.2577
Validation Loss: 0.2631
New best model found with validation loss: 0.2631
Epoch [35/1000], Training Loss: 0.2565
Validation Loss: 0.2645
No improvement in validation loss. Early stop counter: 1/10
Epoch [36/1000], Training Loss: 0.2564
Validation Loss: 0.2643
No improvement in validation loss. Early stop counter: 2/10
Epoch [37/1000], Training Loss: 0.2568
Validation Loss: 0.2633
No improvement in validation loss. Early stop counter: 3/10
Epoch [38/1000], Training Loss: 0.2560
Validation Loss: 0.2656
No improvement in validation loss. Early stop counter: 4/10
Epoch [39/1000], Training Loss: 0.2561
Validation Loss: 0.2692
No improvement in validation loss. Early stop counter: 5/10
Epoch [40/1000], Training Loss: 0.2563
Validation Loss: 0.2636
No improvement in validation loss. Early stop counter: 6/10
Epoch [41/1000], Training Loss: 0.2544
Validation Loss: 0.2643
No improvement in validation loss. Early stop counter: 7/10
Epoch [42/1000], Training Loss: 0.2539
Validation Loss: 0.2639
No improvement in validation loss. Early stop counter: 8/10
Epoch [43/1000], Training Loss: 0.2539
Validation Loss: 0.2639
No improvement in validation loss. Early stop counter: 9/10
Epoch [44/1000], Training Loss: 0.2519
Validation Loss: 0.2639
No improvement in validation loss. Early stop counter: 10/10
Early stopping triggered after 44 epochs.
Best model for fold 3 saved successfully.

Starting Fold 4/5...
Initializing ClassificationModel with 3 GAT layers and residual connections...
Initializing MCModel with 3 GAT layers and 1 row attention layers...
Initializing CGModel with 3 GAT layers and residual connections...
Initializing CoreModel with 0 self-attention layers...
Using 4 GPUs with DataParallel.
Epoch [1/1000], Training Loss: 0.3686
Validation Loss: 0.3229
New best model found with validation loss: 0.3229
Epoch [2/1000], Training Loss: 0.3210
Validation Loss: 0.3169
New best model found with validation loss: 0.3169
Epoch [3/1000], Training Loss: 0.3135
Validation Loss: 0.3087
New best model found with validation loss: 0.3087
Epoch [4/1000], Training Loss: 0.3039
Validation Loss: 0.3071
New best model found with validation loss: 0.3071
Epoch [5/1000], Training Loss: 0.2968
Validation Loss: 0.3053
New best model found with validation loss: 0.3053
Epoch [6/1000], Training Loss: 0.2944
Validation Loss: 0.3376
No improvement in validation loss. Early stop counter: 1/10
Epoch [7/1000], Training Loss: 0.2963
Validation Loss: 0.2948
New best model found with validation loss: 0.2948
Epoch [8/1000], Training Loss: 0.2885
Validation Loss: 0.3112
No improvement in validation loss. Early stop counter: 1/10
Epoch [9/1000], Training Loss: 0.2838
Validation Loss: 0.2935
New best model found with validation loss: 0.2935
Epoch [10/1000], Training Loss: 0.2831
Validation Loss: 0.2930
New best model found with validation loss: 0.2930
Epoch [11/1000], Training Loss: 0.2785
Validation Loss: 0.2899
New best model found with validation loss: 0.2899
Epoch [12/1000], Training Loss: 0.2751
Validation Loss: 0.2950
No improvement in validation loss. Early stop counter: 1/10
Epoch [13/1000], Training Loss: 0.2728
Validation Loss: 0.2886
New best model found with validation loss: 0.2886
Epoch [14/1000], Training Loss: 0.2721
Validation Loss: 0.2864
New best model found with validation loss: 0.2864
Epoch [15/1000], Training Loss: 0.2702
Validation Loss: 0.2844
New best model found with validation loss: 0.2844
Epoch [16/1000], Training Loss: 0.2694
Validation Loss: 0.2878
No improvement in validation loss. Early stop counter: 1/10
Epoch [17/1000], Training Loss: 0.2665
Validation Loss: 0.2903
No improvement in validation loss. Early stop counter: 2/10
Epoch [18/1000], Training Loss: 0.2668
Validation Loss: 0.2939
No improvement in validation loss. Early stop counter: 3/10
Epoch [19/1000], Training Loss: 0.2630
Validation Loss: 0.2819
New best model found with validation loss: 0.2819
Epoch [20/1000], Training Loss: 0.2610
Validation Loss: 0.2850
No improvement in validation loss. Early stop counter: 1/10
Epoch [21/1000], Training Loss: 0.2599
Validation Loss: 0.2842
No improvement in validation loss. Early stop counter: 2/10
Epoch [22/1000], Training Loss: 0.2575
Validation Loss: 0.2841
No improvement in validation loss. Early stop counter: 3/10
Epoch [23/1000], Training Loss: 0.2575
Validation Loss: 0.2840
No improvement in validation loss. Early stop counter: 4/10
Epoch [24/1000], Training Loss: 0.2561
Validation Loss: 0.2823
No improvement in validation loss. Early stop counter: 5/10
Epoch [25/1000], Training Loss: 0.2543
Validation Loss: 0.2848
No improvement in validation loss. Early stop counter: 6/10
Epoch [26/1000], Training Loss: 0.2544
Validation Loss: 0.2869
No improvement in validation loss. Early stop counter: 7/10
Epoch [27/1000], Training Loss: 0.2526
Validation Loss: 0.2839
No improvement in validation loss. Early stop counter: 8/10
Epoch [28/1000], Training Loss: 0.2542
Validation Loss: 0.2870
No improvement in validation loss. Early stop counter: 9/10
Epoch [29/1000], Training Loss: 0.2524
Validation Loss: 0.2854
No improvement in validation loss. Early stop counter: 10/10
Early stopping triggered after 29 epochs.
Best model for fold 4 saved successfully.

Starting Fold 5/5...
Initializing ClassificationModel with 3 GAT layers and residual connections...
Initializing MCModel with 3 GAT layers and 1 row attention layers...
Initializing CGModel with 3 GAT layers and residual connections...
Initializing CoreModel with 0 self-attention layers...
Using 4 GPUs with DataParallel.
Epoch [1/1000], Training Loss: 0.3626
Validation Loss: 0.3298
New best model found with validation loss: 0.3298
Epoch [2/1000], Training Loss: 0.3186
Validation Loss: 0.3162
New best model found with validation loss: 0.3162
Epoch [3/1000], Training Loss: 0.3098
Validation Loss: 0.3187
No improvement in validation loss. Early stop counter: 1/10
Epoch [4/1000], Training Loss: 0.3026
Validation Loss: 0.3011
New best model found with validation loss: 0.3011
Epoch [5/1000], Training Loss: 0.2982
Validation Loss: 0.2995
New best model found with validation loss: 0.2995
Epoch [6/1000], Training Loss: 0.2936
Validation Loss: 0.2938
New best model found with validation loss: 0.2938
Epoch [7/1000], Training Loss: 0.2873
Validation Loss: 0.2996
No improvement in validation loss. Early stop counter: 1/10
Epoch [8/1000], Training Loss: 0.2845
Validation Loss: 0.2924
New best model found with validation loss: 0.2924
Epoch [9/1000], Training Loss: 0.2821
Validation Loss: 0.2886
New best model found with validation loss: 0.2886
Epoch [10/1000], Training Loss: 0.2784
Validation Loss: 0.2904
No improvement in validation loss. Early stop counter: 1/10
Epoch [11/1000], Training Loss: 0.2749
Validation Loss: 0.2933
No improvement in validation loss. Early stop counter: 2/10
Epoch [12/1000], Training Loss: 0.2718
Validation Loss: 0.2857
New best model found with validation loss: 0.2857
Epoch [13/1000], Training Loss: 0.2717
Validation Loss: 0.2996
No improvement in validation loss. Early stop counter: 1/10
Epoch [14/1000], Training Loss: 0.2687
Validation Loss: 0.2837
New best model found with validation loss: 0.2837
Epoch [15/1000], Training Loss: 0.2684
Validation Loss: 0.2839
No improvement in validation loss. Early stop counter: 1/10
Epoch [16/1000], Training Loss: 0.2670
Validation Loss: 0.2827
New best model found with validation loss: 0.2827
Epoch [17/1000], Training Loss: 0.2668
Validation Loss: 0.2833
No improvement in validation loss. Early stop counter: 1/10
Epoch [18/1000], Training Loss: 0.2654
Validation Loss: 0.2848
No improvement in validation loss. Early stop counter: 2/10
Epoch [19/1000], Training Loss: 0.2642
Validation Loss: 0.2842
No improvement in validation loss. Early stop counter: 3/10
Epoch [20/1000], Training Loss: 0.2625
Validation Loss: 0.2826
New best model found with validation loss: 0.2826
Epoch [21/1000], Training Loss: 0.2579
Validation Loss: 0.2816
New best model found with validation loss: 0.2816
Epoch [22/1000], Training Loss: 0.2573
Validation Loss: 0.2818
No improvement in validation loss. Early stop counter: 1/10
Epoch [23/1000], Training Loss: 0.2558
Validation Loss: 0.2882
No improvement in validation loss. Early stop counter: 2/10
Epoch [24/1000], Training Loss: 0.2550
Validation Loss: 0.2831
No improvement in validation loss. Early stop counter: 3/10
Epoch [25/1000], Training Loss: 0.2553
Validation Loss: 0.2846
No improvement in validation loss. Early stop counter: 4/10
Epoch [26/1000], Training Loss: 0.2546
Validation Loss: 0.2879
No improvement in validation loss. Early stop counter: 5/10
Epoch [27/1000], Training Loss: 0.2535
Validation Loss: 0.2837
No improvement in validation loss. Early stop counter: 6/10
Epoch [28/1000], Training Loss: 0.2538
Validation Loss: 0.2818
No improvement in validation loss. Early stop counter: 7/10
Epoch [29/1000], Training Loss: 0.2516
Validation Loss: 0.2844
No improvement in validation loss. Early stop counter: 8/10
Epoch [30/1000], Training Loss: 0.2510
Validation Loss: 0.2828
No improvement in validation loss. Early stop counter: 9/10
Epoch [31/1000], Training Loss: 0.2503
Validation Loss: 0.2833
No improvement in validation loss. Early stop counter: 10/10
Early stopping triggered after 31 epochs.
Best model for fold 5 saved successfully.

Cross-validation results:
Fold 1: Validation Loss = 0.3038
Fold 2: Validation Loss = 0.2791
Fold 3: Validation Loss = 0.2631
Fold 4: Validation Loss = 0.2819
Fold 5: Validation Loss = 0.2816
Average Validation Loss: 0.2819
