{'batch_size': 4, 'sequence_file': 'padded_sequences_train_3000.npz', 'data_file': 'padded_interfaces_train_3000.npz', 'edge_file': 'padded_edges_train_3000.npz', 'max_len': 3000, 'vocab_size': 23, 'embed_dim': 256, 'num_heads': 16, 'dropout': 0.2, 'num_layers': 1, 'num_gnn_layers': 2, 'num_int_layers': 1, 'num_classes': 2, 'num_epochs': 1000, 'learning_rate': 0.0001, 'max_grad_norm': 0.1, 'validation_split': 0.1, 'early_stop_patience': 10, 'initial_gradient_noise_std': 0.05, 'accumulation_steps': 2}
Number of GPUs available: 4

Starting Fold 1/5...
Initializing ClassificationModel with 2 GAT layers and residual connections...
Initializing MCModel with 2 GAT layers and 1 row attention layers...
Initializing CGModel with 2 GAT layers and residual connections...
Initializing CoreModel with 1 self-attention layers...
Using 4 GPUs with DataParallel.
Epoch [1/1000], Training Loss: 0.3931
Validation Loss: 0.3389
New best model found with validation loss: 0.3389
Epoch [2/1000], Training Loss: 0.3443
Validation Loss: 0.3209
New best model found with validation loss: 0.3209
Epoch [3/1000], Training Loss: 0.3276
Validation Loss: 0.3081
New best model found with validation loss: 0.3081
Epoch [4/1000], Training Loss: 0.3123
Validation Loss: 0.3070
New best model found with validation loss: 0.3070
Epoch [5/1000], Training Loss: 0.3099
Validation Loss: 0.3436
No improvement in validation loss. Early stop counter: 1/10
Epoch [6/1000], Training Loss: 0.3007
Validation Loss: 0.3009
New best model found with validation loss: 0.3009
Epoch [7/1000], Training Loss: 0.2951
Validation Loss: 0.2902
New best model found with validation loss: 0.2902
Epoch [8/1000], Training Loss: 0.2924
Validation Loss: 0.3043
No improvement in validation loss. Early stop counter: 1/10
Epoch [9/1000], Training Loss: 0.2887
Validation Loss: 0.2758
New best model found with validation loss: 0.2758
Epoch [10/1000], Training Loss: 0.2889
Validation Loss: 0.3162
No improvement in validation loss. Early stop counter: 1/10
Epoch [11/1000], Training Loss: 0.2798
Validation Loss: 0.2794
No improvement in validation loss. Early stop counter: 2/10
Epoch [12/1000], Training Loss: 0.2764
Validation Loss: 0.2767
No improvement in validation loss. Early stop counter: 3/10
Epoch [13/1000], Training Loss: 0.2772
Validation Loss: 0.2750
New best model found with validation loss: 0.2750
Epoch [14/1000], Training Loss: 0.2759
Validation Loss: 0.2705
New best model found with validation loss: 0.2705
Epoch [15/1000], Training Loss: 0.2735
Validation Loss: 0.2741
No improvement in validation loss. Early stop counter: 1/10
Epoch [16/1000], Training Loss: 0.2720
Validation Loss: 0.2706
No improvement in validation loss. Early stop counter: 2/10
Epoch [17/1000], Training Loss: 0.2747
Validation Loss: 0.2757
No improvement in validation loss. Early stop counter: 3/10
Epoch [18/1000], Training Loss: 0.2708
Validation Loss: 0.2766
No improvement in validation loss. Early stop counter: 4/10
Epoch [19/1000], Training Loss: 0.2703
Validation Loss: 0.2693
New best model found with validation loss: 0.2693
Epoch [20/1000], Training Loss: 0.2703
Validation Loss: 0.2674
New best model found with validation loss: 0.2674
Epoch [21/1000], Training Loss: 0.2658
Validation Loss: 0.2713
No improvement in validation loss. Early stop counter: 1/10
Epoch [22/1000], Training Loss: 0.2661
Validation Loss: 0.2701
No improvement in validation loss. Early stop counter: 2/10
Epoch [23/1000], Training Loss: 0.2648
Validation Loss: 0.2651
New best model found with validation loss: 0.2651
Epoch [24/1000], Training Loss: 0.2642
Validation Loss: 0.2669
No improvement in validation loss. Early stop counter: 1/10
Epoch [25/1000], Training Loss: 0.2645
Validation Loss: 0.2658
No improvement in validation loss. Early stop counter: 2/10
Epoch [26/1000], Training Loss: 0.2638
Validation Loss: 0.2696
No improvement in validation loss. Early stop counter: 3/10
Epoch [27/1000], Training Loss: 0.2650
Validation Loss: 0.2672
No improvement in validation loss. Early stop counter: 4/10
Epoch [28/1000], Training Loss: 0.2624
Validation Loss: 0.2649
New best model found with validation loss: 0.2649
Epoch [29/1000], Training Loss: 0.2627
Validation Loss: 0.2661
No improvement in validation loss. Early stop counter: 1/10
Epoch [30/1000], Training Loss: 0.2640
Validation Loss: 0.2653
No improvement in validation loss. Early stop counter: 2/10
Epoch [31/1000], Training Loss: 0.2617
Validation Loss: 0.2648
New best model found with validation loss: 0.2648
Epoch [32/1000], Training Loss: 0.2603
Validation Loss: 0.2703
No improvement in validation loss. Early stop counter: 1/10
Epoch [33/1000], Training Loss: 0.2595
Validation Loss: 0.2661
No improvement in validation loss. Early stop counter: 2/10
Epoch [34/1000], Training Loss: 0.2611
Validation Loss: 0.2692
No improvement in validation loss. Early stop counter: 3/10
Epoch [35/1000], Training Loss: 0.2593
Validation Loss: 0.2704
No improvement in validation loss. Early stop counter: 4/10
Epoch [36/1000], Training Loss: 0.2609
Validation Loss: 0.2705
No improvement in validation loss. Early stop counter: 5/10
Epoch [37/1000], Training Loss: 0.2608
Validation Loss: 0.2674
No improvement in validation loss. Early stop counter: 6/10
Epoch [38/1000], Training Loss: 0.2593
Validation Loss: 0.2652
No improvement in validation loss. Early stop counter: 7/10
Epoch [39/1000], Training Loss: 0.2595
Validation Loss: 0.2695
No improvement in validation loss. Early stop counter: 8/10
Epoch [40/1000], Training Loss: 0.2594
Validation Loss: 0.2643
New best model found with validation loss: 0.2643
Epoch [41/1000], Training Loss: 0.2583
Validation Loss: 0.2684
No improvement in validation loss. Early stop counter: 1/10
Epoch [42/1000], Training Loss: 0.2576
Validation Loss: 0.2666
No improvement in validation loss. Early stop counter: 2/10
Epoch [43/1000], Training Loss: 0.2590
Validation Loss: 0.2662
No improvement in validation loss. Early stop counter: 3/10
Epoch [44/1000], Training Loss: 0.2593
Validation Loss: 0.2647
No improvement in validation loss. Early stop counter: 4/10
Epoch [45/1000], Training Loss: 0.2576
Validation Loss: 0.2683
No improvement in validation loss. Early stop counter: 5/10
Epoch [46/1000], Training Loss: 0.2584
Validation Loss: 0.2690
No improvement in validation loss. Early stop counter: 6/10
Epoch [47/1000], Training Loss: 0.2577
Validation Loss: 0.2652
No improvement in validation loss. Early stop counter: 7/10
Epoch [48/1000], Training Loss: 0.2575
Validation Loss: 0.2681
No improvement in validation loss. Early stop counter: 8/10
Epoch [49/1000], Training Loss: 0.2568
Validation Loss: 0.2677
No improvement in validation loss. Early stop counter: 9/10
Epoch [50/1000], Training Loss: 0.2564
Validation Loss: 0.2646
No improvement in validation loss. Early stop counter: 10/10
Early stopping triggered after 50 epochs.
Best model for fold 1 saved successfully.

Starting Fold 2/5...
Initializing ClassificationModel with 2 GAT layers and residual connections...
Initializing MCModel with 2 GAT layers and 1 row attention layers...
Initializing CGModel with 2 GAT layers and residual connections...
Initializing CoreModel with 1 self-attention layers...
Using 4 GPUs with DataParallel.
Epoch [1/1000], Training Loss: 0.3937
Validation Loss: 0.3458
New best model found with validation loss: 0.3458
Epoch [2/1000], Training Loss: 0.3459
Validation Loss: 0.3793
No improvement in validation loss. Early stop counter: 1/10
Epoch [3/1000], Training Loss: 0.3303
Validation Loss: 0.3188
New best model found with validation loss: 0.3188
Epoch [4/1000], Training Loss: 0.3132
Validation Loss: 0.3138
New best model found with validation loss: 0.3138
Epoch [5/1000], Training Loss: 0.3048
Validation Loss: 0.3145
No improvement in validation loss. Early stop counter: 1/10
Epoch [6/1000], Training Loss: 0.2967
Validation Loss: 0.3015
New best model found with validation loss: 0.3015
Epoch [7/1000], Training Loss: 0.2927
Validation Loss: 0.2982
New best model found with validation loss: 0.2982
Epoch [8/1000], Training Loss: 0.2895
Validation Loss: 0.2922
New best model found with validation loss: 0.2922
Epoch [9/1000], Training Loss: 0.2888
Validation Loss: 0.2957
No improvement in validation loss. Early stop counter: 1/10
Epoch [10/1000], Training Loss: 0.2854
Validation Loss: 0.2998
No improvement in validation loss. Early stop counter: 2/10
Epoch [11/1000], Training Loss: 0.2773
Validation Loss: 0.2886
New best model found with validation loss: 0.2886
Epoch [12/1000], Training Loss: 0.2787
Validation Loss: 0.2956
No improvement in validation loss. Early stop counter: 1/10
Epoch [13/1000], Training Loss: 0.2780
Validation Loss: 0.2871
New best model found with validation loss: 0.2871
Epoch [14/1000], Training Loss: 0.2752
Validation Loss: 0.2903
No improvement in validation loss. Early stop counter: 1/10
Epoch [15/1000], Training Loss: 0.2747
Validation Loss: 0.2965
No improvement in validation loss. Early stop counter: 2/10
Epoch [16/1000], Training Loss: 0.2750
Validation Loss: 0.2963
No improvement in validation loss. Early stop counter: 3/10
Epoch [17/1000], Training Loss: 0.2722
Validation Loss: 0.2894
No improvement in validation loss. Early stop counter: 4/10
Epoch [18/1000], Training Loss: 0.2720
Validation Loss: 0.2851
New best model found with validation loss: 0.2851
Epoch [19/1000], Training Loss: 0.2709
Validation Loss: 0.2895
No improvement in validation loss. Early stop counter: 1/10
Epoch [20/1000], Training Loss: 0.2672
Validation Loss: 0.2993
No improvement in validation loss. Early stop counter: 2/10
Epoch [21/1000], Training Loss: 0.2658
Validation Loss: 0.2830
New best model found with validation loss: 0.2830
Epoch [22/1000], Training Loss: 0.2667
Validation Loss: 0.2843
No improvement in validation loss. Early stop counter: 1/10
Epoch [23/1000], Training Loss: 0.2646
Validation Loss: 0.2835
No improvement in validation loss. Early stop counter: 2/10
Epoch [24/1000], Training Loss: 0.2645
Validation Loss: 0.2845
No improvement in validation loss. Early stop counter: 3/10
Epoch [25/1000], Training Loss: 0.2627
Validation Loss: 0.2916
No improvement in validation loss. Early stop counter: 4/10
Epoch [26/1000], Training Loss: 0.2631
Validation Loss: 0.2817
New best model found with validation loss: 0.2817
Epoch [27/1000], Training Loss: 0.2631
Validation Loss: 0.2807
New best model found with validation loss: 0.2807
Epoch [28/1000], Training Loss: 0.2621
Validation Loss: 0.2859
No improvement in validation loss. Early stop counter: 1/10
Epoch [29/1000], Training Loss: 0.2631
Validation Loss: 0.2796
New best model found with validation loss: 0.2796
Epoch [30/1000], Training Loss: 0.2619
Validation Loss: 0.2786
New best model found with validation loss: 0.2786
Epoch [31/1000], Training Loss: 0.2596
Validation Loss: 0.2788
No improvement in validation loss. Early stop counter: 1/10
Epoch [32/1000], Training Loss: 0.2601
Validation Loss: 0.2801
No improvement in validation loss. Early stop counter: 2/10
Epoch [33/1000], Training Loss: 0.2603
Validation Loss: 0.2801
No improvement in validation loss. Early stop counter: 3/10
Epoch [34/1000], Training Loss: 0.2602
Validation Loss: 0.2806
No improvement in validation loss. Early stop counter: 4/10
Epoch [35/1000], Training Loss: 0.2588
Validation Loss: 0.2771
New best model found with validation loss: 0.2771
Epoch [36/1000], Training Loss: 0.2583
Validation Loss: 0.2799
No improvement in validation loss. Early stop counter: 1/10
Epoch [37/1000], Training Loss: 0.2578
Validation Loss: 0.2821
No improvement in validation loss. Early stop counter: 2/10
Epoch [38/1000], Training Loss: 0.2582
Validation Loss: 0.2788
No improvement in validation loss. Early stop counter: 3/10
Epoch [39/1000], Training Loss: 0.2600
Validation Loss: 0.2788
No improvement in validation loss. Early stop counter: 4/10
Epoch [40/1000], Training Loss: 0.2575
Validation Loss: 0.2799
No improvement in validation loss. Early stop counter: 5/10
Epoch [41/1000], Training Loss: 0.2573
Validation Loss: 0.2779
No improvement in validation loss. Early stop counter: 6/10
Epoch [42/1000], Training Loss: 0.2559
Validation Loss: 0.2811
No improvement in validation loss. Early stop counter: 7/10
Epoch [43/1000], Training Loss: 0.2575
Validation Loss: 0.2784
No improvement in validation loss. Early stop counter: 8/10
Epoch [44/1000], Training Loss: 0.2559
Validation Loss: 0.2816
No improvement in validation loss. Early stop counter: 9/10
Epoch [45/1000], Training Loss: 0.2581
Validation Loss: 0.2789
No improvement in validation loss. Early stop counter: 10/10
Early stopping triggered after 45 epochs.
Best model for fold 2 saved successfully.

Starting Fold 3/5...
Initializing ClassificationModel with 2 GAT layers and residual connections...
Initializing MCModel with 2 GAT layers and 1 row attention layers...
Initializing CGModel with 2 GAT layers and residual connections...
Initializing CoreModel with 1 self-attention layers...
Using 4 GPUs with DataParallel.
Epoch [1/1000], Training Loss: 0.3906
Validation Loss: 0.3332
New best model found with validation loss: 0.3332
Epoch [2/1000], Training Loss: 0.3442
Validation Loss: 0.3314
New best model found with validation loss: 0.3314
Epoch [3/1000], Training Loss: 0.3236
Validation Loss: 0.3115
New best model found with validation loss: 0.3115
Epoch [4/1000], Training Loss: 0.3185
Validation Loss: 0.3057
New best model found with validation loss: 0.3057
Epoch [5/1000], Training Loss: 0.3079
Validation Loss: 0.3175
No improvement in validation loss. Early stop counter: 1/10
Epoch [6/1000], Training Loss: 0.3042
Validation Loss: 0.3116
No improvement in validation loss. Early stop counter: 2/10
Epoch [7/1000], Training Loss: 0.2961
Validation Loss: 0.2873
New best model found with validation loss: 0.2873
Epoch [8/1000], Training Loss: 0.2933
Validation Loss: 0.3216
No improvement in validation loss. Early stop counter: 1/10
Epoch [9/1000], Training Loss: 0.2901
Validation Loss: 0.3065
No improvement in validation loss. Early stop counter: 2/10
Epoch [10/1000], Training Loss: 0.2865
Validation Loss: 0.2860
New best model found with validation loss: 0.2860
Epoch [11/1000], Training Loss: 0.2813
Validation Loss: 0.2782
New best model found with validation loss: 0.2782
Epoch [12/1000], Training Loss: 0.2792
Validation Loss: 0.2773
New best model found with validation loss: 0.2773
Epoch [13/1000], Training Loss: 0.2784
Validation Loss: 0.2762
New best model found with validation loss: 0.2762
Epoch [14/1000], Training Loss: 0.2775
Validation Loss: 0.2762
New best model found with validation loss: 0.2762
Epoch [15/1000], Training Loss: 0.2765
Validation Loss: 0.2735
New best model found with validation loss: 0.2735
Epoch [16/1000], Training Loss: 0.2745
Validation Loss: 0.2747
No improvement in validation loss. Early stop counter: 1/10
Epoch [17/1000], Training Loss: 0.2754
Validation Loss: 0.2749
No improvement in validation loss. Early stop counter: 2/10
Epoch [18/1000], Training Loss: 0.2738
Validation Loss: 0.2713
New best model found with validation loss: 0.2713
Epoch [19/1000], Training Loss: 0.2718
Validation Loss: 0.2731
No improvement in validation loss. Early stop counter: 1/10
Epoch [20/1000], Training Loss: 0.2715
Validation Loss: 0.2727
No improvement in validation loss. Early stop counter: 2/10
Epoch [21/1000], Training Loss: 0.2683
Validation Loss: 0.2739
No improvement in validation loss. Early stop counter: 3/10
Epoch [22/1000], Training Loss: 0.2696
Validation Loss: 0.2743
No improvement in validation loss. Early stop counter: 4/10
Epoch [23/1000], Training Loss: 0.2679
Validation Loss: 0.2712
New best model found with validation loss: 0.2712
Epoch [24/1000], Training Loss: 0.2684
Validation Loss: 0.2705
New best model found with validation loss: 0.2705
Epoch [25/1000], Training Loss: 0.2673
Validation Loss: 0.2730
No improvement in validation loss. Early stop counter: 1/10
Epoch [26/1000], Training Loss: 0.2684
Validation Loss: 0.2702
New best model found with validation loss: 0.2702
Epoch [27/1000], Training Loss: 0.2654
Validation Loss: 0.2729
No improvement in validation loss. Early stop counter: 1/10
Epoch [28/1000], Training Loss: 0.2661
Validation Loss: 0.2657
New best model found with validation loss: 0.2657
Epoch [29/1000], Training Loss: 0.2666
Validation Loss: 0.2689
No improvement in validation loss. Early stop counter: 1/10
Epoch [30/1000], Training Loss: 0.2662
Validation Loss: 0.2683
No improvement in validation loss. Early stop counter: 2/10
Epoch [31/1000], Training Loss: 0.2641
Validation Loss: 0.2674
No improvement in validation loss. Early stop counter: 3/10
Epoch [32/1000], Training Loss: 0.2642
Validation Loss: 0.2668
No improvement in validation loss. Early stop counter: 4/10
Epoch [33/1000], Training Loss: 0.2631
Validation Loss: 0.2651
New best model found with validation loss: 0.2651
Epoch [34/1000], Training Loss: 0.2640
Validation Loss: 0.2651
No improvement in validation loss. Early stop counter: 1/10
Epoch [35/1000], Training Loss: 0.2636
Validation Loss: 0.2697
No improvement in validation loss. Early stop counter: 2/10
Epoch [36/1000], Training Loss: 0.2627
Validation Loss: 0.2667
No improvement in validation loss. Early stop counter: 3/10
Epoch [37/1000], Training Loss: 0.2625
Validation Loss: 0.2652
No improvement in validation loss. Early stop counter: 4/10
Epoch [38/1000], Training Loss: 0.2643
Validation Loss: 0.2647
New best model found with validation loss: 0.2647
Epoch [39/1000], Training Loss: 0.2619
Validation Loss: 0.2655
No improvement in validation loss. Early stop counter: 1/10
Epoch [40/1000], Training Loss: 0.2618
Validation Loss: 0.2696
No improvement in validation loss. Early stop counter: 2/10
Epoch [41/1000], Training Loss: 0.2623
Validation Loss: 0.2646
New best model found with validation loss: 0.2646
Epoch [42/1000], Training Loss: 0.2619
Validation Loss: 0.2625
New best model found with validation loss: 0.2625
Epoch [43/1000], Training Loss: 0.2609
Validation Loss: 0.2634
No improvement in validation loss. Early stop counter: 1/10
Epoch [44/1000], Training Loss: 0.2600
Validation Loss: 0.2635
No improvement in validation loss. Early stop counter: 2/10
Epoch [45/1000], Training Loss: 0.2597
Validation Loss: 0.2641
No improvement in validation loss. Early stop counter: 3/10
Epoch [46/1000], Training Loss: 0.2602
Validation Loss: 0.2650
No improvement in validation loss. Early stop counter: 4/10
Epoch [47/1000], Training Loss: 0.2617
Validation Loss: 0.2649
No improvement in validation loss. Early stop counter: 5/10
Epoch [48/1000], Training Loss: 0.2613
Validation Loss: 0.2646
No improvement in validation loss. Early stop counter: 6/10
Epoch [49/1000], Training Loss: 0.2592
Validation Loss: 0.2636
No improvement in validation loss. Early stop counter: 7/10
Epoch [50/1000], Training Loss: 0.2602
Validation Loss: 0.2637
No improvement in validation loss. Early stop counter: 8/10
Epoch [51/1000], Training Loss: 0.2601
Validation Loss: 0.2652
No improvement in validation loss. Early stop counter: 9/10
Epoch [52/1000], Training Loss: 0.2593
Validation Loss: 0.2645
No improvement in validation loss. Early stop counter: 10/10
Early stopping triggered after 52 epochs.
Best model for fold 3 saved successfully.

Starting Fold 4/5...
Initializing ClassificationModel with 2 GAT layers and residual connections...
Initializing MCModel with 2 GAT layers and 1 row attention layers...
Initializing CGModel with 2 GAT layers and residual connections...
Initializing CoreModel with 1 self-attention layers...
Using 4 GPUs with DataParallel.
Epoch [1/1000], Training Loss: 0.3959
Validation Loss: 0.3414
New best model found with validation loss: 0.3414
Epoch [2/1000], Training Loss: 0.3309
Validation Loss: 0.3408
New best model found with validation loss: 0.3408
Epoch [3/1000], Training Loss: 0.3124
Validation Loss: 0.3188
New best model found with validation loss: 0.3188
Epoch [4/1000], Training Loss: 0.3009
Validation Loss: 0.3141
New best model found with validation loss: 0.3141
Epoch [5/1000], Training Loss: 0.2945
Validation Loss: 0.3008
New best model found with validation loss: 0.3008
Epoch [6/1000], Training Loss: 0.2924
Validation Loss: 0.3121
No improvement in validation loss. Early stop counter: 1/10
Epoch [7/1000], Training Loss: 0.2851
Validation Loss: 0.3024
No improvement in validation loss. Early stop counter: 2/10
Epoch [8/1000], Training Loss: 0.2844
Validation Loss: 0.2920
New best model found with validation loss: 0.2920
Epoch [9/1000], Training Loss: 0.2819
Validation Loss: 0.3027
No improvement in validation loss. Early stop counter: 1/10
Epoch [10/1000], Training Loss: 0.2795
Validation Loss: 0.2963
No improvement in validation loss. Early stop counter: 2/10
Epoch [11/1000], Training Loss: 0.2736
Validation Loss: 0.2912
New best model found with validation loss: 0.2912
Epoch [12/1000], Training Loss: 0.2715
Validation Loss: 0.2896
New best model found with validation loss: 0.2896
Epoch [13/1000], Training Loss: 0.2696
Validation Loss: 0.2819
New best model found with validation loss: 0.2819
Epoch [14/1000], Training Loss: 0.2702
Validation Loss: 0.2844
No improvement in validation loss. Early stop counter: 1/10
Epoch [15/1000], Training Loss: 0.2690
Validation Loss: 0.2899
No improvement in validation loss. Early stop counter: 2/10
Epoch [16/1000], Training Loss: 0.2669
Validation Loss: 0.2846
No improvement in validation loss. Early stop counter: 3/10
Epoch [17/1000], Training Loss: 0.2657
Validation Loss: 0.2845
No improvement in validation loss. Early stop counter: 4/10
Epoch [18/1000], Training Loss: 0.2637
Validation Loss: 0.2824
No improvement in validation loss. Early stop counter: 5/10
Epoch [19/1000], Training Loss: 0.2640
Validation Loss: 0.2796
New best model found with validation loss: 0.2796
Epoch [20/1000], Training Loss: 0.2658
Validation Loss: 0.2818
No improvement in validation loss. Early stop counter: 1/10
Epoch [21/1000], Training Loss: 0.2630
Validation Loss: 0.2778
New best model found with validation loss: 0.2778
Epoch [22/1000], Training Loss: 0.2610
Validation Loss: 0.2801
No improvement in validation loss. Early stop counter: 1/10
Epoch [23/1000], Training Loss: 0.2612
Validation Loss: 0.2815
No improvement in validation loss. Early stop counter: 2/10
Epoch [24/1000], Training Loss: 0.2615
Validation Loss: 0.2834
No improvement in validation loss. Early stop counter: 3/10
Epoch [25/1000], Training Loss: 0.2601
Validation Loss: 0.2846
No improvement in validation loss. Early stop counter: 4/10
Epoch [26/1000], Training Loss: 0.2601
Validation Loss: 0.2834
No improvement in validation loss. Early stop counter: 5/10
Epoch [27/1000], Training Loss: 0.2588
Validation Loss: 0.2821
No improvement in validation loss. Early stop counter: 6/10
Epoch [28/1000], Training Loss: 0.2601
Validation Loss: 0.2876
No improvement in validation loss. Early stop counter: 7/10
Epoch [29/1000], Training Loss: 0.2597
Validation Loss: 0.2796
No improvement in validation loss. Early stop counter: 8/10
Epoch [30/1000], Training Loss: 0.2587
Validation Loss: 0.2763
New best model found with validation loss: 0.2763
Epoch [31/1000], Training Loss: 0.2580
Validation Loss: 0.2814
No improvement in validation loss. Early stop counter: 1/10
Epoch [32/1000], Training Loss: 0.2559
Validation Loss: 0.2794
No improvement in validation loss. Early stop counter: 2/10
Epoch [33/1000], Training Loss: 0.2553
Validation Loss: 0.2818
No improvement in validation loss. Early stop counter: 3/10
Epoch [34/1000], Training Loss: 0.2563
Validation Loss: 0.2807
No improvement in validation loss. Early stop counter: 4/10
Epoch [35/1000], Training Loss: 0.2561
Validation Loss: 0.2767
No improvement in validation loss. Early stop counter: 5/10
Epoch [36/1000], Training Loss: 0.2543
Validation Loss: 0.2848
No improvement in validation loss. Early stop counter: 6/10
Epoch [37/1000], Training Loss: 0.2566
Validation Loss: 0.2782
No improvement in validation loss. Early stop counter: 7/10
Epoch [38/1000], Training Loss: 0.2547
Validation Loss: 0.2776
No improvement in validation loss. Early stop counter: 8/10
Epoch [39/1000], Training Loss: 0.2557
Validation Loss: 0.2791
No improvement in validation loss. Early stop counter: 9/10
Epoch [40/1000], Training Loss: 0.2540
Validation Loss: 0.2777
No improvement in validation loss. Early stop counter: 10/10
Early stopping triggered after 40 epochs.
Best model for fold 4 saved successfully.

Starting Fold 5/5...
Initializing ClassificationModel with 2 GAT layers and residual connections...
Initializing MCModel with 2 GAT layers and 1 row attention layers...
Initializing CGModel with 2 GAT layers and residual connections...
Initializing CoreModel with 1 self-attention layers...
Using 4 GPUs with DataParallel.
Epoch [1/1000], Training Loss: 0.4061
Validation Loss: 0.3360
New best model found with validation loss: 0.3360
Epoch [2/1000], Training Loss: 0.3419
Validation Loss: 0.3170
New best model found with validation loss: 0.3170
Epoch [3/1000], Training Loss: 0.3221
Validation Loss: 0.3164
New best model found with validation loss: 0.3164
Epoch [4/1000], Training Loss: 0.3099
Validation Loss: 0.2988
New best model found with validation loss: 0.2988
Epoch [5/1000], Training Loss: 0.3000
Validation Loss: 0.2943
New best model found with validation loss: 0.2943
Epoch [6/1000], Training Loss: 0.2997
Validation Loss: 0.2980
No improvement in validation loss. Early stop counter: 1/10
Epoch [7/1000], Training Loss: 0.2928
Validation Loss: 0.2864
New best model found with validation loss: 0.2864
Epoch [8/1000], Training Loss: 0.2888
Validation Loss: 0.2856
New best model found with validation loss: 0.2856
Epoch [9/1000], Training Loss: 0.2910
Validation Loss: 0.2897
No improvement in validation loss. Early stop counter: 1/10
Epoch [10/1000], Training Loss: 0.2828
Validation Loss: 0.2831
New best model found with validation loss: 0.2831
Epoch [11/1000], Training Loss: 0.2819
Validation Loss: 0.2844
No improvement in validation loss. Early stop counter: 1/10
Epoch [12/1000], Training Loss: 0.2794
Validation Loss: 0.2875
No improvement in validation loss. Early stop counter: 2/10
Epoch [13/1000], Training Loss: 0.2782
Validation Loss: 0.2763
New best model found with validation loss: 0.2763
Epoch [14/1000], Training Loss: 0.2783
Validation Loss: 0.2812
No improvement in validation loss. Early stop counter: 1/10
Epoch [15/1000], Training Loss: 0.2775
Validation Loss: 0.2762
New best model found with validation loss: 0.2762
Epoch [16/1000], Training Loss: 0.2748
Validation Loss: 0.2785
No improvement in validation loss. Early stop counter: 1/10
Epoch [17/1000], Training Loss: 0.2734
Validation Loss: 0.2702
New best model found with validation loss: 0.2702
Epoch [18/1000], Training Loss: 0.2727
Validation Loss: 0.2718
No improvement in validation loss. Early stop counter: 1/10
Epoch [19/1000], Training Loss: 0.2723
Validation Loss: 0.2760
No improvement in validation loss. Early stop counter: 2/10
Epoch [20/1000], Training Loss: 0.2720
Validation Loss: 0.2754
No improvement in validation loss. Early stop counter: 3/10
Epoch [21/1000], Training Loss: 0.2696
Validation Loss: 0.2692
New best model found with validation loss: 0.2692
Epoch [22/1000], Training Loss: 0.2690
Validation Loss: 0.2678
New best model found with validation loss: 0.2678
Epoch [23/1000], Training Loss: 0.2685
Validation Loss: 0.2671
New best model found with validation loss: 0.2671
Epoch [24/1000], Training Loss: 0.2675
Validation Loss: 0.2755
No improvement in validation loss. Early stop counter: 1/10
Epoch [25/1000], Training Loss: 0.2677
Validation Loss: 0.2698
No improvement in validation loss. Early stop counter: 2/10
Epoch [26/1000], Training Loss: 0.2670
Validation Loss: 0.2656
New best model found with validation loss: 0.2656
Epoch [27/1000], Training Loss: 0.2672
Validation Loss: 0.2668
No improvement in validation loss. Early stop counter: 1/10
Epoch [28/1000], Training Loss: 0.2678
Validation Loss: 0.2742
No improvement in validation loss. Early stop counter: 2/10
Epoch [29/1000], Training Loss: 0.2647
Validation Loss: 0.2664
No improvement in validation loss. Early stop counter: 3/10
Epoch [30/1000], Training Loss: 0.2646
Validation Loss: 0.2676
No improvement in validation loss. Early stop counter: 4/10
Epoch [31/1000], Training Loss: 0.2655
Validation Loss: 0.2658
No improvement in validation loss. Early stop counter: 5/10
Epoch [32/1000], Training Loss: 0.2652
Validation Loss: 0.2643
New best model found with validation loss: 0.2643
Epoch [33/1000], Training Loss: 0.2626
Validation Loss: 0.2660
No improvement in validation loss. Early stop counter: 1/10
Epoch [34/1000], Training Loss: 0.2617
Validation Loss: 0.2671
No improvement in validation loss. Early stop counter: 2/10
Epoch [35/1000], Training Loss: 0.2635
Validation Loss: 0.2700
No improvement in validation loss. Early stop counter: 3/10
Epoch [36/1000], Training Loss: 0.2622
Validation Loss: 0.2678
No improvement in validation loss. Early stop counter: 4/10
Epoch [37/1000], Training Loss: 0.2624
Validation Loss: 0.2697
No improvement in validation loss. Early stop counter: 5/10
Epoch [38/1000], Training Loss: 0.2604
Validation Loss: 0.2638
New best model found with validation loss: 0.2638
Epoch [39/1000], Training Loss: 0.2619
Validation Loss: 0.2676
No improvement in validation loss. Early stop counter: 1/10
Epoch [40/1000], Training Loss: 0.2626
Validation Loss: 0.2676
No improvement in validation loss. Early stop counter: 2/10
Epoch [41/1000], Training Loss: 0.2601
Validation Loss: 0.2670
No improvement in validation loss. Early stop counter: 3/10
Epoch [42/1000], Training Loss: 0.2611
Validation Loss: 0.2651
No improvement in validation loss. Early stop counter: 4/10
Epoch [43/1000], Training Loss: 0.2602
Validation Loss: 0.2646
No improvement in validation loss. Early stop counter: 5/10
Epoch [44/1000], Training Loss: 0.2595
Validation Loss: 0.2686
No improvement in validation loss. Early stop counter: 6/10
Epoch [45/1000], Training Loss: 0.2603
Validation Loss: 0.2690
No improvement in validation loss. Early stop counter: 7/10
Epoch [46/1000], Training Loss: 0.2610
Validation Loss: 0.2646
No improvement in validation loss. Early stop counter: 8/10
Epoch [47/1000], Training Loss: 0.2605
Validation Loss: 0.2642
No improvement in validation loss. Early stop counter: 9/10
Epoch [48/1000], Training Loss: 0.2582
Validation Loss: 0.2664
No improvement in validation loss. Early stop counter: 10/10
Early stopping triggered after 48 epochs.
Best model for fold 5 saved successfully.

Cross-validation results:
Fold 1: Validation Loss = 0.2643
Fold 2: Validation Loss = 0.2771
Fold 3: Validation Loss = 0.2625
Fold 4: Validation Loss = 0.2763
Fold 5: Validation Loss = 0.2638
Average Validation Loss: 0.2688
