{'batch_size': 4, 'sequence_file': 'padded_sequences_train_3000.npz', 'data_file': 'padded_interfaces_train_3000.npz', 'edge_file': 'padded_edges_train_3000.npz', 'max_len': 3000, 'vocab_size': 23, 'embed_dim': 256, 'num_heads': 16, 'dropout': 0.1, 'num_layers': 1, 'num_gnn_layers': 2, 'num_int_layers': 1, 'num_classes': 2, 'num_epochs': 1000, 'learning_rate': 0.0001, 'max_grad_norm': 0.1, 'validation_split': 0.1, 'early_stop_patience': 10, 'initial_gradient_noise_std': 0.05, 'accumulation_steps': 2}
Number of GPUs available: 4

Starting Fold 1/5...
Initializing ClassificationModel with 2 GAT layers and residual connections...
Initializing MCModel with 2 GAT layers and 1 row attention layers...
Initializing CGModel with 2 GAT layers and residual connections...
Initializing CoreModel with 1 self-attention layers...
Using 4 GPUs with DataParallel.
Epoch [1/1000], Training Loss: 0.2795
Validation Loss: 0.2408
New best model found with validation loss: 0.2408
Epoch [2/1000], Training Loss: 0.2378
Validation Loss: 0.2320
New best model found with validation loss: 0.2320
Epoch [3/1000], Training Loss: 0.2237
Validation Loss: 0.2163
New best model found with validation loss: 0.2163
Epoch [4/1000], Training Loss: 0.2198
Validation Loss: 0.2175
No improvement in validation loss. Early stop counter: 1/10
Epoch [5/1000], Training Loss: 0.2175
Validation Loss: 0.2140
New best model found with validation loss: 0.2140
Epoch [6/1000], Training Loss: 0.2159
Validation Loss: 0.2284
No improvement in validation loss. Early stop counter: 1/10
Epoch [7/1000], Training Loss: 0.2117
Validation Loss: 0.2314
No improvement in validation loss. Early stop counter: 2/10
Epoch [8/1000], Training Loss: 0.2158
Validation Loss: 0.2165
No improvement in validation loss. Early stop counter: 3/10
Epoch [9/1000], Training Loss: 0.2113
Validation Loss: 0.2330
No improvement in validation loss. Early stop counter: 4/10
Epoch [10/1000], Training Loss: 0.2127
Validation Loss: 0.2162
No improvement in validation loss. Early stop counter: 5/10
Epoch [11/1000], Training Loss: 0.1990
Validation Loss: 0.2195
No improvement in validation loss. Early stop counter: 6/10
Epoch [12/1000], Training Loss: 0.1974
Validation Loss: 0.2156
No improvement in validation loss. Early stop counter: 7/10
Epoch [13/1000], Training Loss: 0.1981
Validation Loss: 0.2160
No improvement in validation loss. Early stop counter: 8/10
Epoch [14/1000], Training Loss: 0.1963
Validation Loss: 0.2164
No improvement in validation loss. Early stop counter: 9/10
Epoch [15/1000], Training Loss: 0.1962
Validation Loss: 0.2199
No improvement in validation loss. Early stop counter: 10/10
Early stopping triggered after 15 epochs.
Best model for fold 1 saved successfully.

Starting Fold 2/5...
Initializing ClassificationModel with 2 GAT layers and residual connections...
Initializing MCModel with 2 GAT layers and 1 row attention layers...
Initializing CGModel with 2 GAT layers and residual connections...
Initializing CoreModel with 1 self-attention layers...
Using 4 GPUs with DataParallel.
Epoch [1/1000], Training Loss: 0.2794
Validation Loss: 0.2567
New best model found with validation loss: 0.2567
Epoch [2/1000], Training Loss: 0.2299
Validation Loss: 0.2366
New best model found with validation loss: 0.2366
Epoch [3/1000], Training Loss: 0.2254
Validation Loss: 0.2547
No improvement in validation loss. Early stop counter: 1/10
Epoch [4/1000], Training Loss: 0.2185
Validation Loss: 0.2295
New best model found with validation loss: 0.2295
Epoch [5/1000], Training Loss: 0.2136
Validation Loss: 0.2354
No improvement in validation loss. Early stop counter: 1/10
Epoch [6/1000], Training Loss: 0.2137
Validation Loss: 0.2279
New best model found with validation loss: 0.2279
Epoch [7/1000], Training Loss: 0.2107
Validation Loss: 0.2299
No improvement in validation loss. Early stop counter: 1/10
Epoch [8/1000], Training Loss: 0.2097
Validation Loss: 0.2301
No improvement in validation loss. Early stop counter: 2/10
Epoch [9/1000], Training Loss: 0.2106
Validation Loss: 0.2356
No improvement in validation loss. Early stop counter: 3/10
Epoch [10/1000], Training Loss: 0.2085
Validation Loss: 0.2310
No improvement in validation loss. Early stop counter: 4/10
Epoch [11/1000], Training Loss: 0.2007
Validation Loss: 0.2337
No improvement in validation loss. Early stop counter: 5/10
Epoch [12/1000], Training Loss: 0.1985
Validation Loss: 0.2305
No improvement in validation loss. Early stop counter: 6/10
Epoch [13/1000], Training Loss: 0.1951
Validation Loss: 0.2418
No improvement in validation loss. Early stop counter: 7/10
Epoch [14/1000], Training Loss: 0.1952
Validation Loss: 0.2428
No improvement in validation loss. Early stop counter: 8/10
Epoch [15/1000], Training Loss: 0.1956
Validation Loss: 0.2315
No improvement in validation loss. Early stop counter: 9/10
Epoch [16/1000], Training Loss: 0.1961
Validation Loss: 0.2284
No improvement in validation loss. Early stop counter: 10/10
Early stopping triggered after 16 epochs.
Best model for fold 2 saved successfully.

Starting Fold 3/5...
Initializing ClassificationModel with 2 GAT layers and residual connections...
Initializing MCModel with 2 GAT layers and 1 row attention layers...
Initializing CGModel with 2 GAT layers and residual connections...
Initializing CoreModel with 1 self-attention layers...
Using 4 GPUs with DataParallel.
Epoch [1/1000], Training Loss: 0.2976
Validation Loss: 0.2389
New best model found with validation loss: 0.2389
Epoch [2/1000], Training Loss: 0.2439
Validation Loss: 0.2239
New best model found with validation loss: 0.2239
Epoch [3/1000], Training Loss: 0.2303
Validation Loss: 0.2145
New best model found with validation loss: 0.2145
Epoch [4/1000], Training Loss: 0.2224
Validation Loss: 0.2055
New best model found with validation loss: 0.2055
Epoch [5/1000], Training Loss: 0.2195
Validation Loss: 0.2053
New best model found with validation loss: 0.2053
Epoch [6/1000], Training Loss: 0.2197
Validation Loss: 0.2195
No improvement in validation loss. Early stop counter: 1/10
Epoch [7/1000], Training Loss: 0.2165
Validation Loss: 0.2099
No improvement in validation loss. Early stop counter: 2/10
Epoch [8/1000], Training Loss: 0.2182
Validation Loss: 0.2045
New best model found with validation loss: 0.2045
Epoch [9/1000], Training Loss: 0.2134
Validation Loss: 0.2033
New best model found with validation loss: 0.2033
Epoch [10/1000], Training Loss: 0.2103
Validation Loss: 0.2022
New best model found with validation loss: 0.2022
Epoch [11/1000], Training Loss: 0.2043
Validation Loss: 0.2017
New best model found with validation loss: 0.2017
Epoch [12/1000], Training Loss: 0.2024
Validation Loss: 0.2025
No improvement in validation loss. Early stop counter: 1/10
Epoch [13/1000], Training Loss: 0.2007
Validation Loss: 0.2019
No improvement in validation loss. Early stop counter: 2/10
Epoch [14/1000], Training Loss: 0.1987
Validation Loss: 0.2082
No improvement in validation loss. Early stop counter: 3/10
Epoch [15/1000], Training Loss: 0.1993
Validation Loss: 0.2013
New best model found with validation loss: 0.2013
Epoch [16/1000], Training Loss: 0.1967
Validation Loss: 0.2094
No improvement in validation loss. Early stop counter: 1/10
Epoch [17/1000], Training Loss: 0.1981
Validation Loss: 0.2078
No improvement in validation loss. Early stop counter: 2/10
Epoch [18/1000], Training Loss: 0.1978
Validation Loss: 0.2128
No improvement in validation loss. Early stop counter: 3/10
Epoch [19/1000], Training Loss: 0.1956
Validation Loss: 0.2018
No improvement in validation loss. Early stop counter: 4/10
Epoch [20/1000], Training Loss: 0.1951
Validation Loss: 0.2055
No improvement in validation loss. Early stop counter: 5/10
Epoch [21/1000], Training Loss: 0.1923
Validation Loss: 0.2077
No improvement in validation loss. Early stop counter: 6/10
Epoch [22/1000], Training Loss: 0.1901
Validation Loss: 0.2041
No improvement in validation loss. Early stop counter: 7/10
Epoch [23/1000], Training Loss: 0.1880
Validation Loss: 0.2076
No improvement in validation loss. Early stop counter: 8/10
Epoch [24/1000], Training Loss: 0.1891
Validation Loss: 0.2073
No improvement in validation loss. Early stop counter: 9/10
Epoch [25/1000], Training Loss: 0.1895
Validation Loss: 0.2055
No improvement in validation loss. Early stop counter: 10/10
Early stopping triggered after 25 epochs.
Best model for fold 3 saved successfully.

Starting Fold 4/5...
Initializing ClassificationModel with 2 GAT layers and residual connections...
Initializing MCModel with 2 GAT layers and 1 row attention layers...
Initializing CGModel with 2 GAT layers and residual connections...
Initializing CoreModel with 1 self-attention layers...
Using 4 GPUs with DataParallel.
Epoch [1/1000], Training Loss: 0.2805
Validation Loss: 0.2642
New best model found with validation loss: 0.2642
Epoch [2/1000], Training Loss: 0.2319
Validation Loss: 0.2297
New best model found with validation loss: 0.2297
Epoch [3/1000], Training Loss: 0.2271
Validation Loss: 0.2255
New best model found with validation loss: 0.2255
Epoch [4/1000], Training Loss: 0.2237
Validation Loss: 0.2258
No improvement in validation loss. Early stop counter: 1/10
Epoch [5/1000], Training Loss: 0.2194
Validation Loss: 0.2332
No improvement in validation loss. Early stop counter: 2/10
Epoch [6/1000], Training Loss: 0.2159
Validation Loss: 0.2172
New best model found with validation loss: 0.2172
Epoch [7/1000], Training Loss: 0.2126
Validation Loss: 0.2200
No improvement in validation loss. Early stop counter: 1/10
Epoch [8/1000], Training Loss: 0.2086
Validation Loss: 0.2198
No improvement in validation loss. Early stop counter: 2/10
Epoch [9/1000], Training Loss: 0.2088
Validation Loss: 0.2178
No improvement in validation loss. Early stop counter: 3/10
Epoch [10/1000], Training Loss: 0.2098
Validation Loss: 0.2192
No improvement in validation loss. Early stop counter: 4/10
Epoch [11/1000], Training Loss: 0.1989
Validation Loss: 0.2140
New best model found with validation loss: 0.2140
Epoch [12/1000], Training Loss: 0.1989
Validation Loss: 0.2171
No improvement in validation loss. Early stop counter: 1/10
Epoch [13/1000], Training Loss: 0.1978
Validation Loss: 0.2190
No improvement in validation loss. Early stop counter: 2/10
Epoch [14/1000], Training Loss: 0.1959
Validation Loss: 0.2163
No improvement in validation loss. Early stop counter: 3/10
Epoch [15/1000], Training Loss: 0.1942
Validation Loss: 0.2169
No improvement in validation loss. Early stop counter: 4/10
Epoch [16/1000], Training Loss: 0.1926
Validation Loss: 0.2200
No improvement in validation loss. Early stop counter: 5/10
Epoch [17/1000], Training Loss: 0.1938
Validation Loss: 0.2174
No improvement in validation loss. Early stop counter: 6/10
Epoch [18/1000], Training Loss: 0.1923
Validation Loss: 0.2150
No improvement in validation loss. Early stop counter: 7/10
Epoch [19/1000], Training Loss: 0.1947
Validation Loss: 0.2215
No improvement in validation loss. Early stop counter: 8/10
Epoch [20/1000], Training Loss: 0.1902
Validation Loss: 0.2326
No improvement in validation loss. Early stop counter: 9/10
Epoch [21/1000], Training Loss: 0.1864
Validation Loss: 0.2188
No improvement in validation loss. Early stop counter: 10/10
Early stopping triggered after 21 epochs.
Best model for fold 4 saved successfully.

Starting Fold 5/5...
Initializing ClassificationModel with 2 GAT layers and residual connections...
Initializing MCModel with 2 GAT layers and 1 row attention layers...
Initializing CGModel with 2 GAT layers and residual connections...
Initializing CoreModel with 1 self-attention layers...
Using 4 GPUs with DataParallel.
Epoch [1/1000], Training Loss: 0.2857
Validation Loss: 0.2551
New best model found with validation loss: 0.2551
Epoch [2/1000], Training Loss: 0.2356
Validation Loss: 0.2188
New best model found with validation loss: 0.2188
Epoch [3/1000], Training Loss: 0.2277
Validation Loss: 0.2260
No improvement in validation loss. Early stop counter: 1/10
Epoch [4/1000], Training Loss: 0.2238
Validation Loss: 0.2146
New best model found with validation loss: 0.2146
Epoch [5/1000], Training Loss: 0.2211
Validation Loss: 0.2086
New best model found with validation loss: 0.2086
Epoch [6/1000], Training Loss: 0.2162
Validation Loss: 0.2166
No improvement in validation loss. Early stop counter: 1/10
Epoch [7/1000], Training Loss: 0.2133
Validation Loss: 0.2138
No improvement in validation loss. Early stop counter: 2/10
Epoch [8/1000], Training Loss: 0.2113
Validation Loss: 0.2125
No improvement in validation loss. Early stop counter: 3/10
Epoch [9/1000], Training Loss: 0.2125
Validation Loss: 0.2165
No improvement in validation loss. Early stop counter: 4/10
Epoch [10/1000], Training Loss: 0.2094
Validation Loss: 0.2106
No improvement in validation loss. Early stop counter: 5/10
Epoch [11/1000], Training Loss: 0.2038
Validation Loss: 0.2091
No improvement in validation loss. Early stop counter: 6/10
Epoch [12/1000], Training Loss: 0.2004
Validation Loss: 0.2125
No improvement in validation loss. Early stop counter: 7/10
Epoch [13/1000], Training Loss: 0.2015
Validation Loss: 0.2062
New best model found with validation loss: 0.2062
Epoch [14/1000], Training Loss: 0.1980
Validation Loss: 0.2087
No improvement in validation loss. Early stop counter: 1/10
Epoch [15/1000], Training Loss: 0.1980
Validation Loss: 0.2054
New best model found with validation loss: 0.2054
Epoch [16/1000], Training Loss: 0.1971
Validation Loss: 0.2092
No improvement in validation loss. Early stop counter: 1/10
Epoch [17/1000], Training Loss: 0.1974
Validation Loss: 0.2095
No improvement in validation loss. Early stop counter: 2/10
Epoch [18/1000], Training Loss: 0.1967
Validation Loss: 0.2057
No improvement in validation loss. Early stop counter: 3/10
Epoch [19/1000], Training Loss: 0.1941
Validation Loss: 0.2098
No improvement in validation loss. Early stop counter: 4/10
Epoch [20/1000], Training Loss: 0.1915
Validation Loss: 0.2109
No improvement in validation loss. Early stop counter: 5/10
Epoch [21/1000], Training Loss: 0.1898
Validation Loss: 0.2159
No improvement in validation loss. Early stop counter: 6/10
Epoch [22/1000], Training Loss: 0.1892
Validation Loss: 0.2113
No improvement in validation loss. Early stop counter: 7/10
Epoch [23/1000], Training Loss: 0.1891
Validation Loss: 0.2136
No improvement in validation loss. Early stop counter: 8/10
Epoch [24/1000], Training Loss: 0.1868
Validation Loss: 0.2186
No improvement in validation loss. Early stop counter: 9/10
Epoch [25/1000], Training Loss: 0.1878
Validation Loss: 0.2077
No improvement in validation loss. Early stop counter: 10/10
Early stopping triggered after 25 epochs.
Best model for fold 5 saved successfully.

Cross-validation results:
Fold 1: Validation Loss = 0.2140
Fold 2: Validation Loss = 0.2279
Fold 3: Validation Loss = 0.2013
Fold 4: Validation Loss = 0.2140
Fold 5: Validation Loss = 0.2054
Average Validation Loss: 0.2125
