{'batch_size': 4, 'sequence_file_train': 'para_train_ab_sequences_3000.npz', 'data_file_train': 'para_train_ab_interfaces_3000.npz', 'edge_file_train': 'para_train_ab_edges_3000.npz', 'sequence_file_val': 'para_val_ab_sequences_3000.npz', 'data_file_val': 'para_val_ab_interfaces_3000.npz', 'edge_file_val': 'para_val_ab_edges_3000.npz', 'max_len': 3000, 'vocab_size': 23, 'embed_dim': 256, 'num_heads': 16, 'dropout': 0.1, 'num_layers': 1, 'num_gnn_layers': 2, 'num_int_layers': 1, 'num_classes': 2, 'num_epochs': 1000, 'learning_rate': 0.0001, 'max_grad_norm': 0.1, 'early_stop_patience': 10, 'initial_gradient_noise_std': 0.05, 'accumulation_steps': 2}
Number of GPUs available: 4
Initializing ClassificationModel with 2 GAT layers and residual connections...
Initializing MCModel with 2 GAT layers and 1 row attention layers...
Initializing CGModel with 2 GAT layers and residual connections...
Initializing CoreModel with 1 self-attention layers...
Using 4 GPUs with DataParallel.
Epoch [1/1000], Training Loss: 0.3450
Validation Loss: 0.2885
New best model saved with validation loss: 0.2885
Epoch [2/1000], Training Loss: 0.2721
Validation Loss: 0.2397
New best model saved with validation loss: 0.2397
Epoch [3/1000], Training Loss: 0.2362
Validation Loss: 0.2098
New best model saved with validation loss: 0.2098
Epoch [4/1000], Training Loss: 0.2185
Validation Loss: 0.2106
No improvement in validation loss. Early stop counter: 1/10
Epoch [5/1000], Training Loss: 0.2062
Validation Loss: 0.1938
New best model saved with validation loss: 0.1938
Epoch [6/1000], Training Loss: 0.1890
Validation Loss: 0.2110
No improvement in validation loss. Early stop counter: 1/10
Epoch [7/1000], Training Loss: 0.1911
Validation Loss: 0.1831
New best model saved with validation loss: 0.1831
Epoch [8/1000], Training Loss: 0.1818
Validation Loss: 0.1945
No improvement in validation loss. Early stop counter: 1/10
Epoch [9/1000], Training Loss: 0.1823
Validation Loss: 0.1814
New best model saved with validation loss: 0.1814
Epoch [10/1000], Training Loss: 0.1773
Validation Loss: 0.1776
New best model saved with validation loss: 0.1776
Epoch [11/1000], Training Loss: 0.1685
Validation Loss: 0.1737
New best model saved with validation loss: 0.1737
Epoch [12/1000], Training Loss: 0.1698
Validation Loss: 0.1754
No improvement in validation loss. Early stop counter: 1/10
Epoch [13/1000], Training Loss: 0.1685
Validation Loss: 0.1740
No improvement in validation loss. Early stop counter: 2/10
Epoch [14/1000], Training Loss: 0.1653
Validation Loss: 0.1729
New best model saved with validation loss: 0.1729
Epoch [15/1000], Training Loss: 0.1630
Validation Loss: 0.1740
No improvement in validation loss. Early stop counter: 1/10
Epoch [16/1000], Training Loss: 0.1673
Validation Loss: 0.1924
No improvement in validation loss. Early stop counter: 2/10
Epoch [17/1000], Training Loss: 0.1645
Validation Loss: 0.1739
No improvement in validation loss. Early stop counter: 3/10
Epoch [18/1000], Training Loss: 0.1632
Validation Loss: 0.1801
No improvement in validation loss. Early stop counter: 4/10
Epoch [19/1000], Training Loss: 0.1596
Validation Loss: 0.1711
New best model saved with validation loss: 0.1711
Epoch [20/1000], Training Loss: 0.1583
Validation Loss: 0.1699
New best model saved with validation loss: 0.1699
Epoch [21/1000], Training Loss: 0.1575
Validation Loss: 0.1725
No improvement in validation loss. Early stop counter: 1/10
Epoch [22/1000], Training Loss: 0.1589
Validation Loss: 0.1688
New best model saved with validation loss: 0.1688
Epoch [23/1000], Training Loss: 0.1595
Validation Loss: 0.1699
No improvement in validation loss. Early stop counter: 1/10
Epoch [24/1000], Training Loss: 0.1564
Validation Loss: 0.1689
No improvement in validation loss. Early stop counter: 2/10
Epoch [25/1000], Training Loss: 0.1543
Validation Loss: 0.1688
No improvement in validation loss. Early stop counter: 3/10
Epoch [26/1000], Training Loss: 0.1555
Validation Loss: 0.1721
No improvement in validation loss. Early stop counter: 4/10
Epoch [27/1000], Training Loss: 0.1557
Validation Loss: 0.1714
No improvement in validation loss. Early stop counter: 5/10
Epoch [28/1000], Training Loss: 0.1548
Validation Loss: 0.1701
No improvement in validation loss. Early stop counter: 6/10
Epoch [29/1000], Training Loss: 0.1558
Validation Loss: 0.1704
No improvement in validation loss. Early stop counter: 7/10
Epoch [30/1000], Training Loss: 0.1528
Validation Loss: 0.1677
New best model saved with validation loss: 0.1677
Epoch [31/1000], Training Loss: 0.1531
Validation Loss: 0.1684
No improvement in validation loss. Early stop counter: 1/10
Epoch [32/1000], Training Loss: 0.1523
Validation Loss: 0.1700
No improvement in validation loss. Early stop counter: 2/10
Epoch [33/1000], Training Loss: 0.1525
Validation Loss: 0.1736
No improvement in validation loss. Early stop counter: 3/10
Epoch [34/1000], Training Loss: 0.1518
Validation Loss: 0.1691
No improvement in validation loss. Early stop counter: 4/10
Epoch [35/1000], Training Loss: 0.1521
Validation Loss: 0.1686
No improvement in validation loss. Early stop counter: 5/10
Epoch [36/1000], Training Loss: 0.1526
Validation Loss: 0.1675
New best model saved with validation loss: 0.1675
Epoch [37/1000], Training Loss: 0.1507
Validation Loss: 0.1675
No improvement in validation loss. Early stop counter: 1/10
Epoch [38/1000], Training Loss: 0.1509
Validation Loss: 0.1673
New best model saved with validation loss: 0.1673
Epoch [39/1000], Training Loss: 0.1511
Validation Loss: 0.1674
No improvement in validation loss. Early stop counter: 1/10
Epoch [40/1000], Training Loss: 0.1513
Validation Loss: 0.1658
New best model saved with validation loss: 0.1658
Epoch [41/1000], Training Loss: 0.1504
Validation Loss: 0.1653
New best model saved with validation loss: 0.1653
Epoch [42/1000], Training Loss: 0.1500
Validation Loss: 0.1660
No improvement in validation loss. Early stop counter: 1/10
Epoch [43/1000], Training Loss: 0.1502
Validation Loss: 0.1653
No improvement in validation loss. Early stop counter: 2/10
Epoch [44/1000], Training Loss: 0.1496
Validation Loss: 0.1658
No improvement in validation loss. Early stop counter: 3/10
Epoch [45/1000], Training Loss: 0.1499
Validation Loss: 0.1660
No improvement in validation loss. Early stop counter: 4/10
Epoch [46/1000], Training Loss: 0.1499
Validation Loss: 0.1658
No improvement in validation loss. Early stop counter: 5/10
Epoch [47/1000], Training Loss: 0.1505
Validation Loss: 0.1663
No improvement in validation loss. Early stop counter: 6/10
Epoch [48/1000], Training Loss: 0.1493
Validation Loss: 0.1654
No improvement in validation loss. Early stop counter: 7/10
Epoch [49/1000], Training Loss: 0.1499
Validation Loss: 0.1649
New best model saved with validation loss: 0.1649
Epoch [50/1000], Training Loss: 0.1499
Validation Loss: 0.1658
No improvement in validation loss. Early stop counter: 1/10
Epoch [51/1000], Training Loss: 0.1490
Validation Loss: 0.1651
No improvement in validation loss. Early stop counter: 2/10
Epoch [52/1000], Training Loss: 0.1483
Validation Loss: 0.1658
No improvement in validation loss. Early stop counter: 3/10
Epoch [53/1000], Training Loss: 0.1494
Validation Loss: 0.1653
No improvement in validation loss. Early stop counter: 4/10
Epoch [54/1000], Training Loss: 0.1489
Validation Loss: 0.1652
No improvement in validation loss. Early stop counter: 5/10
Epoch [55/1000], Training Loss: 0.1486
Validation Loss: 0.1652
No improvement in validation loss. Early stop counter: 6/10
Epoch [56/1000], Training Loss: 0.1486
Validation Loss: 0.1648
New best model saved with validation loss: 0.1648
Epoch [57/1000], Training Loss: 0.1489
Validation Loss: 0.1656
No improvement in validation loss. Early stop counter: 1/10
Epoch [58/1000], Training Loss: 0.1482
Validation Loss: 0.1646
New best model saved with validation loss: 0.1646
Epoch [59/1000], Training Loss: 0.1478
Validation Loss: 0.1658
No improvement in validation loss. Early stop counter: 1/10
Epoch [60/1000], Training Loss: 0.1491
Validation Loss: 0.1654
No improvement in validation loss. Early stop counter: 2/10
Epoch [61/1000], Training Loss: 0.1486
Validation Loss: 0.1651
No improvement in validation loss. Early stop counter: 3/10
Epoch [62/1000], Training Loss: 0.1481
Validation Loss: 0.1650
No improvement in validation loss. Early stop counter: 4/10
Epoch [63/1000], Training Loss: 0.1486
Validation Loss: 0.1652
No improvement in validation loss. Early stop counter: 5/10
Epoch [64/1000], Training Loss: 0.1484
Validation Loss: 0.1651
No improvement in validation loss. Early stop counter: 6/10
Epoch [65/1000], Training Loss: 0.1490
Validation Loss: 0.1652
No improvement in validation loss. Early stop counter: 7/10
Epoch [66/1000], Training Loss: 0.1486
Validation Loss: 0.1649
No improvement in validation loss. Early stop counter: 8/10
Epoch [67/1000], Training Loss: 0.1476
Validation Loss: 0.1648
No improvement in validation loss. Early stop counter: 9/10
Epoch [68/1000], Training Loss: 0.1480
Validation Loss: 0.1652
No improvement in validation loss. Early stop counter: 10/10
Early stopping triggered after 68 epochs.
