
Testing model: mcmodel_fold1_l1_g1_i1.pth
Initializing ClassificationModel with 1 GAT layers and residual connections...
Initializing MCModel with 1 GAT layers and 1 row attention layers...
Initializing CoreModel with 1 self-attention layers...

Metrics for Lchain:
  Accuracy: 80.88%
  Precision: 0.5232
  Recall: 0.7041
  AUC-ROC: 0.8574
  AUC-PR: 0.5966

Metrics for Hchain:
  Accuracy: 72.53%
  Precision: 0.4812
  Recall: 0.7881
  AUC-ROC: 0.8189
  AUC-PR: 0.5982

Metrics for AGchain_0:
  Accuracy: 87.90%
  Precision: 0.3592
  Recall: 0.0873
  AUC-ROC: 0.8311
  AUC-PR: 0.3080

Metrics for AGchain_1:
  Accuracy: 84.35%
  Precision: 0.1031
  Recall: 0.1188
  AUC-ROC: 0.4947
  AUC-PR: 0.0954

Metrics for AGchain_2:
  Accuracy: 75.10%
  Precision: 0.0400
  Recall: 0.1333
  AUC-ROC: 0.3939
  AUC-PR: 0.0568

Testing model: mcmodel_fold1_l1_g1_i2.pth
Initializing ClassificationModel with 1 GAT layers and residual connections...
Initializing MCModel with 1 GAT layers and 2 row attention layers...
Initializing CoreModel with 1 self-attention layers...

Metrics for Lchain:
  Accuracy: 80.83%
  Precision: 0.5221
  Recall: 0.7062
  AUC-ROC: 0.8583
  AUC-PR: 0.5988

Metrics for Hchain:
  Accuracy: 69.83%
  Precision: 0.4513
  Recall: 0.7688
  AUC-ROC: 0.7933
  AUC-PR: 0.5499

Metrics for AGchain_0:
  Accuracy: 87.70%
  Precision: 0.3427
  Recall: 0.0941
  AUC-ROC: 0.8229
  AUC-PR: 0.2916

Metrics for AGchain_1:
  Accuracy: 83.26%
  Precision: 0.1138
  Recall: 0.1544
  AUC-ROC: 0.5229
  AUC-PR: 0.0935

Metrics for AGchain_2:
  Accuracy: 80.41%
  Precision: 0.0286
  Recall: 0.0667
  AUC-ROC: 0.4577
  AUC-PR: 0.0538

Testing model: mcmodel_fold1_l1_g2_i1.pth
Initializing ClassificationModel with 2 GAT layers and residual connections...
Initializing MCModel with 2 GAT layers and 1 row attention layers...
Initializing CoreModel with 1 self-attention layers...

Metrics for Lchain:
  Accuracy: 82.08%
  Precision: 0.5566
  Recall: 0.5944
  AUC-ROC: 0.8519
  AUC-PR: 0.5731

Metrics for Hchain:
  Accuracy: 74.16%
  Precision: 0.5005
  Recall: 0.6910
  AUC-ROC: 0.8007
  AUC-PR: 0.5564

Metrics for AGchain_0:
  Accuracy: 87.32%
  Precision: 0.3839
  Recall: 0.1978
  AUC-ROC: 0.8368
  AUC-PR: 0.3322

Metrics for AGchain_1:
  Accuracy: 86.29%
  Precision: 0.1260
  Recall: 0.1140
  AUC-ROC: 0.5378
  AUC-PR: 0.1060

Metrics for AGchain_2:
  Accuracy: 88.16%
  Precision: 0.0625
  Recall: 0.0667
  AUC-ROC: 0.3929
  AUC-PR: 0.0526

Testing model: mcmodel_fold1_l2_g1_i1.pth
Initializing ClassificationModel with 1 GAT layers and residual connections...
Initializing MCModel with 1 GAT layers and 1 row attention layers...
Initializing CoreModel with 2 self-attention layers...

Metrics for Lchain:
  Accuracy: 82.79%
  Precision: 0.5692
  Recall: 0.6403
  AUC-ROC: 0.8614
  AUC-PR: 0.6049

Metrics for Hchain:
  Accuracy: 76.20%
  Precision: 0.5320
  Recall: 0.6666
  AUC-ROC: 0.8117
  AUC-PR: 0.5794

Metrics for AGchain_0:
  Accuracy: 87.51%
  Precision: 0.3611
  Recall: 0.1335
  AUC-ROC: 0.8241
  AUC-PR: 0.3047

Metrics for AGchain_1:
  Accuracy: 78.36%
  Precision: 0.1022
  Recall: 0.2114
  AUC-ROC: 0.5191
  AUC-PR: 0.0943

Metrics for AGchain_2:
  Accuracy: 70.61%
  Precision: 0.0328
  Recall: 0.1333
  AUC-ROC: 0.3942
  AUC-PR: 0.0471

Testing model: mcmodel_fold2_l1_g1_i1.pth
Initializing ClassificationModel with 1 GAT layers and residual connections...
Initializing MCModel with 1 GAT layers and 1 row attention layers...
Initializing CoreModel with 1 self-attention layers...

Metrics for Lchain:
  Accuracy: 79.66%
  Precision: 0.5007
  Recall: 0.7470
  AUC-ROC: 0.8598
  AUC-PR: 0.5911

Metrics for Hchain:
  Accuracy: 68.45%
  Precision: 0.4409
  Recall: 0.8184
  AUC-ROC: 0.8011
  AUC-PR: 0.5569

Metrics for AGchain_0:
  Accuracy: 87.85%
  Precision: 0.3331
  Recall: 0.0727
  AUC-ROC: 0.8206
  AUC-PR: 0.2904

Metrics for AGchain_1:
  Accuracy: 86.00%
  Precision: 0.1212
  Recall: 0.1140
  AUC-ROC: 0.5187
  AUC-PR: 0.0878

Metrics for AGchain_2:
  Accuracy: 83.27%
  Precision: 0.0667
  Recall: 0.1333
  AUC-ROC: 0.3742
  AUC-PR: 0.0496

Testing model: mcmodel_fold2_l1_g1_i2.pth
Initializing ClassificationModel with 1 GAT layers and residual connections...
Initializing MCModel with 1 GAT layers and 2 row attention layers...
Initializing CoreModel with 1 self-attention layers...

Metrics for Lchain:
  Accuracy: 80.63%
  Precision: 0.5181
  Recall: 0.7152
  AUC-ROC: 0.8579
  AUC-PR: 0.5978

Metrics for Hchain:
  Accuracy: 71.21%
  Precision: 0.4661
  Recall: 0.7732
  AUC-ROC: 0.8064
  AUC-PR: 0.5690

Metrics for AGchain_0:
  Accuracy: 88.06%
  Precision: 0.3541
  Recall: 0.0667
  AUC-ROC: 0.8232
  AUC-PR: 0.2929

Metrics for AGchain_1:
  Accuracy: 84.89%
  Precision: 0.1289
  Recall: 0.1473
  AUC-ROC: 0.5006
  AUC-PR: 0.1075

Metrics for AGchain_2:
  Accuracy: 84.08%
  Precision: 0.0714
  Recall: 0.1333
  AUC-ROC: 0.4413
  AUC-PR: 0.1197

Testing model: mcmodel_fold2_l1_g2_i1.pth
Initializing ClassificationModel with 2 GAT layers and residual connections...
Initializing MCModel with 2 GAT layers and 1 row attention layers...
Initializing CoreModel with 1 self-attention layers...

Metrics for Lchain:
  Accuracy: 81.21%
  Precision: 0.5391
  Recall: 0.5429
  AUC-ROC: 0.8344
  AUC-PR: 0.5503

Metrics for Hchain:
  Accuracy: 76.80%
  Precision: 0.5459
  Recall: 0.6155
  AUC-ROC: 0.8181
  AUC-PR: 0.5864

Metrics for AGchain_0:
  Accuracy: 88.32%
  Precision: 0.2280
  Recall: 0.0131
  AUC-ROC: 0.7945
  AUC-PR: 0.2509

Metrics for AGchain_1:
  Accuracy: 88.85%
  Precision: 0.0473
  Recall: 0.0190
  AUC-ROC: 0.5209
  AUC-PR: 0.0809

Metrics for AGchain_2:
  Accuracy: 92.24%
  Precision: 0.1667
  Recall: 0.0667
  AUC-ROC: 0.5520
  AUC-PR: 0.1401

Testing model: mcmodel_fold3_l1_g1_i1.pth
Initializing ClassificationModel with 1 GAT layers and residual connections...
Initializing MCModel with 1 GAT layers and 1 row attention layers...
Initializing CoreModel with 1 self-attention layers...

Metrics for Lchain:
  Accuracy: 81.86%
  Precision: 0.5443
  Recall: 0.6787
  AUC-ROC: 0.8592
  AUC-PR: 0.6074

Metrics for Hchain:
  Accuracy: 73.87%
  Precision: 0.4965
  Recall: 0.6971
  AUC-ROC: 0.7995
  AUC-PR: 0.5535

Metrics for AGchain_0:
  Accuracy: 88.29%
  Precision: 0.3695
  Recall: 0.0479
  AUC-ROC: 0.8179
  AUC-PR: 0.2957

Metrics for AGchain_1:
  Accuracy: 86.41%
  Precision: 0.1280
  Recall: 0.1140
  AUC-ROC: 0.5309
  AUC-PR: 0.0977

Metrics for AGchain_2:
  Accuracy: 78.78%
  Precision: 0.0698
  Recall: 0.2000
  AUC-ROC: 0.4075
  AUC-PR: 0.0510

Testing model: mcmodel_fold3_l1_g1_i2.pth
Initializing ClassificationModel with 1 GAT layers and residual connections...
Initializing MCModel with 1 GAT layers and 2 row attention layers...
Initializing CoreModel with 1 self-attention layers...

Metrics for Lchain:
  Accuracy: 79.82%
  Precision: 0.5037
  Recall: 0.7068
  AUC-ROC: 0.8537
  AUC-PR: 0.5771

Metrics for Hchain:
  Accuracy: 71.07%
  Precision: 0.4638
  Recall: 0.7569
  AUC-ROC: 0.7926
  AUC-PR: 0.5404

Metrics for AGchain_0:
  Accuracy: 87.56%
  Precision: 0.3417
  Recall: 0.1066
  AUC-ROC: 0.8211
  AUC-PR: 0.2921

Metrics for AGchain_1:
  Accuracy: 83.84%
  Precision: 0.1243
  Recall: 0.1615
  AUC-ROC: 0.5142
  AUC-PR: 0.1025

Metrics for AGchain_2:
  Accuracy: 82.45%
  Precision: 0.0333
  Recall: 0.0667
  AUC-ROC: 0.3617
  AUC-PR: 0.0441

Testing model: mcmodel_fold3_l1_g2_i1.pth
Initializing ClassificationModel with 2 GAT layers and residual connections...
Initializing MCModel with 2 GAT layers and 1 row attention layers...
Initializing CoreModel with 1 self-attention layers...

Metrics for Lchain:
  Accuracy: 81.50%
  Precision: 0.5401
  Recall: 0.6259
  AUC-ROC: 0.8469
  AUC-PR: 0.5729

Metrics for Hchain:
  Accuracy: 75.29%
  Precision: 0.5166
  Recall: 0.7025
  AUC-ROC: 0.8161
  AUC-PR: 0.5798

Metrics for AGchain_0:
  Accuracy: 86.41%
  Precision: 0.3556
  Recall: 0.2467
  AUC-ROC: 0.8314
  AUC-PR: 0.3136

Metrics for AGchain_1:
  Accuracy: 89.10%
  Precision: 0.1635
  Recall: 0.0808
  AUC-ROC: 0.6165
  AUC-PR: 0.1224

Metrics for AGchain_2:
  Accuracy: 91.84%
  Precision: 0.0000
  Recall: 0.0000
  AUC-ROC: 0.2649
  AUC-PR: 0.0387

Testing model: mcmodel_fold4_l1_g1_i1.pth
Initializing ClassificationModel with 1 GAT layers and residual connections...
Initializing MCModel with 1 GAT layers and 1 row attention layers...
Initializing CoreModel with 1 self-attention layers...

Metrics for Lchain:
  Accuracy: 80.97%
  Precision: 0.5255
  Recall: 0.6860
  AUC-ROC: 0.8556
  AUC-PR: 0.5861

Metrics for Hchain:
  Accuracy: 73.50%
  Precision: 0.4919
  Recall: 0.7373
  AUC-ROC: 0.8100
  AUC-PR: 0.5754

Metrics for AGchain_0:
  Accuracy: 87.64%
  Precision: 0.2963
  Recall: 0.0665
  AUC-ROC: 0.8196
  AUC-PR: 0.2860

Metrics for AGchain_1:
  Accuracy: 75.30%
  Precision: 0.0689
  Recall: 0.1615
  AUC-ROC: 0.4410
  AUC-PR: 0.0688

Metrics for AGchain_2:
  Accuracy: 75.92%
  Precision: 0.0417
  Recall: 0.1333
  AUC-ROC: 0.4477
  AUC-PR: 0.0536

Testing model: mcmodel_fold4_l1_g1_i2.pth
Initializing ClassificationModel with 1 GAT layers and residual connections...
Initializing MCModel with 1 GAT layers and 2 row attention layers...
Initializing CoreModel with 1 self-attention layers...

Metrics for Lchain:
  Accuracy: 83.02%
  Precision: 0.5823
  Recall: 0.5921
  AUC-ROC: 0.8550
  AUC-PR: 0.5921

Metrics for Hchain:
  Accuracy: 76.70%
  Precision: 0.5451
  Recall: 0.6013
  AUC-ROC: 0.8073
  AUC-PR: 0.5654

Metrics for AGchain_0:
  Accuracy: 88.40%
  Precision: 0.3884
  Recall: 0.0426
  AUC-ROC: 0.8234
  AUC-PR: 0.2991

Metrics for AGchain_1:
  Accuracy: 86.41%
  Precision: 0.0957
  Recall: 0.0784
  AUC-ROC: 0.5046
  AUC-PR: 0.0840

Metrics for AGchain_2:
  Accuracy: 80.82%
  Precision: 0.0294
  Recall: 0.0667
  AUC-ROC: 0.3597
  AUC-PR: 0.0444

Testing model: mcmodel_fold4_l1_g2_i1.pth
Initializing ClassificationModel with 2 GAT layers and residual connections...
Initializing MCModel with 2 GAT layers and 1 row attention layers...
Initializing CoreModel with 1 self-attention layers...

Metrics for Lchain:
  Accuracy: 81.55%
  Precision: 0.5510
  Recall: 0.5139
  AUC-ROC: 0.8285
  AUC-PR: 0.5348

Metrics for Hchain:
  Accuracy: 76.91%
  Precision: 0.5509
  Recall: 0.5816
  AUC-ROC: 0.8006
  AUC-PR: 0.5520

Metrics for AGchain_0:
  Accuracy: 87.12%
  Precision: 0.3834
  Recall: 0.2270
  AUC-ROC: 0.8378
  AUC-PR: 0.3322

Metrics for AGchain_1:
  Accuracy: 89.63%
  Precision: 0.1258
  Recall: 0.0451
  AUC-ROC: 0.5790
  AUC-PR: 0.1004

Metrics for AGchain_2:
  Accuracy: 90.61%
  Precision: 0.0000
  Recall: 0.0000
  AUC-ROC: 0.3352
  AUC-PR: 0.0429

Testing model: mcmodel_fold5_l1_g1_i2.pth
Initializing ClassificationModel with 1 GAT layers and residual connections...
Initializing MCModel with 1 GAT layers and 2 row attention layers...
Initializing CoreModel with 1 self-attention layers...

Metrics for Lchain:
  Accuracy: 80.47%
  Precision: 0.5157
  Recall: 0.6924
  AUC-ROC: 0.8493
  AUC-PR: 0.5878

Metrics for Hchain:
  Accuracy: 71.09%
  Precision: 0.4618
  Recall: 0.7088
  AUC-ROC: 0.7838
  AUC-PR: 0.5312

Metrics for AGchain_0:
  Accuracy: 88.28%
  Precision: 0.3566
  Recall: 0.0438
  AUC-ROC: 0.8127
  AUC-PR: 0.2820

Metrics for AGchain_1:
  Accuracy: 84.77%
  Precision: 0.1211
  Recall: 0.1378
  AUC-ROC: 0.5241
  AUC-PR: 0.1107

Metrics for AGchain_2:
  Accuracy: 84.49%
  Precision: 0.0741
  Recall: 0.1333
  AUC-ROC: 0.3701
  AUC-PR: 0.0521
