
Testing model: mcmodel_fold1_l1_g1_i1.pth
Initializing ClassificationModel with 1 GAT layers and residual connections...
Initializing MCModel with 1 GAT layers and 1 row attention layers...
Initializing CGModel with 1 GAT layers and residual connections...
Initializing CoreModel with 1 self-attention layers...

Metrics for Lchain:
  Accuracy: 83.75%
  Precision: 0.6029
  Recall: 0.5955
  AUC-ROC: 0.8745
  AUC-PR: 0.6147

Metrics for Hchain:
  Accuracy: 81.44%
  Precision: 0.6346
  Recall: 0.6663
  AUC-ROC: 0.8675
  AUC-PR: 0.6777

Metrics for Antibody:
  Accuracy: 82.55%
  Precision: 0.6217
  Recall: 0.6365
  AUC-ROC: 0.8697
  AUC-PR: 0.6488

Metrics for Antigen:
  Accuracy: 86.73%
  Precision: 0.3776
  Recall: 0.2925
  AUC-ROC: 0.8333
  AUC-PR: 0.3188

Metrics for AGchain_0:
  Accuracy: 87.39%
  Precision: 0.4198
  Recall: 0.2971
  AUC-ROC: 0.8478
  AUC-PR: 0.3635

Metrics for AGchain_1:
  Accuracy: 73.94%
  Precision: 0.0700
  Recall: 0.1781
  AUC-ROC: 0.5310
  AUC-PR: 0.0816

Metrics for AGchain_2:
  Accuracy: 80.82%
  Precision: 0.0000
  Recall: 0.0000
  AUC-ROC: 0.4359
  AUC-PR: 0.0500

Testing model: mcmodel_fold1_l1_g1_i2.pth
Initializing ClassificationModel with 1 GAT layers and residual connections...
Initializing MCModel with 1 GAT layers and 2 row attention layers...
Initializing CGModel with 1 GAT layers and residual connections...
Initializing CoreModel with 1 self-attention layers...

Metrics for Lchain:
  Accuracy: 84.59%
  Precision: 0.6293
  Recall: 0.5944
  AUC-ROC: 0.8782
  AUC-PR: 0.6403

Metrics for Hchain:
  Accuracy: 81.68%
  Precision: 0.6394
  Recall: 0.6700
  AUC-ROC: 0.8693
  AUC-PR: 0.6868

Metrics for Antibody:
  Accuracy: 83.08%
  Precision: 0.6354
  Recall: 0.6382
  AUC-ROC: 0.8717
  AUC-PR: 0.6647

Metrics for Antigen:
  Accuracy: 87.38%
  Precision: 0.3766
  Recall: 0.2001
  AUC-ROC: 0.8372
  AUC-PR: 0.3190

Metrics for AGchain_0:
  Accuracy: 87.85%
  Precision: 0.4226
  Recall: 0.2006
  AUC-ROC: 0.8514
  AUC-PR: 0.3592

Metrics for AGchain_1:
  Accuracy: 78.25%
  Precision: 0.0950
  Recall: 0.1948
  AUC-ROC: 0.5373
  AUC-PR: 0.0856

Metrics for AGchain_2:
  Accuracy: 86.94%
  Precision: 0.0000
  Recall: 0.0000
  AUC-ROC: 0.4388
  AUC-PR: 0.0510

Testing model: mcmodel_fold1_l1_g2_i1.pth
Initializing ClassificationModel with 2 GAT layers and residual connections...
Initializing MCModel with 2 GAT layers and 1 row attention layers...
Initializing CGModel with 2 GAT layers and residual connections...
Initializing CoreModel with 1 self-attention layers...

Metrics for Lchain:
  Accuracy: 84.76%
  Precision: 0.6405
  Recall: 0.5760
  AUC-ROC: 0.8820
  AUC-PR: 0.6461

Metrics for Hchain:
  Accuracy: 82.03%
  Precision: 0.6651
  Recall: 0.6151
  AUC-ROC: 0.8703
  AUC-PR: 0.6820

Metrics for Antibody:
  Accuracy: 83.34%
  Precision: 0.6549
  Recall: 0.5986
  AUC-ROC: 0.8751
  AUC-PR: 0.6648

Metrics for Antigen:
  Accuracy: 87.86%
  Precision: 0.4240
  Recall: 0.2451
  AUC-ROC: 0.8404
  AUC-PR: 0.3485

Metrics for AGchain_0:
  Accuracy: 88.05%
  Precision: 0.4505
  Recall: 0.2526
  AUC-ROC: 0.8519
  AUC-PR: 0.3837

Metrics for AGchain_1:
  Accuracy: 84.11%
  Precision: 0.0499
  Recall: 0.0523
  AUC-ROC: 0.5319
  AUC-PR: 0.0824

Metrics for AGchain_2:
  Accuracy: 88.98%
  Precision: 0.0000
  Recall: 0.0000
  AUC-ROC: 0.4422
  AUC-PR: 0.0512

Testing model: mcmodel_fold1_l2_g1_i1.pth
Initializing ClassificationModel with 1 GAT layers and residual connections...
Initializing MCModel with 1 GAT layers and 1 row attention layers...
Initializing CGModel with 1 GAT layers and residual connections...
Initializing CoreModel with 2 self-attention layers...

Metrics for Lchain:
  Accuracy: 83.36%
  Precision: 0.5819
  Recall: 0.6538
  AUC-ROC: 0.8753
  AUC-PR: 0.6202

Metrics for Hchain:
  Accuracy: 78.69%
  Precision: 0.5677
  Recall: 0.7395
  AUC-ROC: 0.8622
  AUC-PR: 0.6736

Metrics for Antibody:
  Accuracy: 80.93%
  Precision: 0.5732
  Recall: 0.7034
  AUC-ROC: 0.8658
  AUC-PR: 0.6449

Metrics for Antigen:
  Accuracy: 86.13%
  Precision: 0.3645
  Recall: 0.3265
  AUC-ROC: 0.8289
  AUC-PR: 0.3130

Metrics for AGchain_0:
  Accuracy: 87.02%
  Precision: 0.4087
  Recall: 0.3282
  AUC-ROC: 0.8445
  AUC-PR: 0.3659

Metrics for AGchain_1:
  Accuracy: 69.80%
  Precision: 0.0855
  Recall: 0.2779
  AUC-ROC: 0.5445
  AUC-PR: 0.0850

Metrics for AGchain_2:
  Accuracy: 63.67%
  Precision: 0.0698
  Recall: 0.4000
  AUC-ROC: 0.4787
  AUC-PR: 0.0602

Testing model: mcmodel_fold2_l1_g1_i1.pth
Initializing ClassificationModel with 1 GAT layers and residual connections...
Initializing MCModel with 1 GAT layers and 1 row attention layers...
Initializing CGModel with 1 GAT layers and residual connections...
Initializing CoreModel with 1 self-attention layers...

Metrics for Lchain:
  Accuracy: 83.99%
  Precision: 0.6110
  Recall: 0.5915
  AUC-ROC: 0.8761
  AUC-PR: 0.6196

Metrics for Hchain:
  Accuracy: 81.34%
  Precision: 0.6317
  Recall: 0.6690
  AUC-ROC: 0.8669
  AUC-PR: 0.6791

Metrics for Antibody:
  Accuracy: 82.61%
  Precision: 0.6234
  Recall: 0.6363
  AUC-ROC: 0.8700
  AUC-PR: 0.6516

Metrics for Antigen:
  Accuracy: 86.62%
  Precision: 0.3845
  Recall: 0.3320
  AUC-ROC: 0.8376
  AUC-PR: 0.3413

Metrics for AGchain_0:
  Accuracy: 87.15%
  Precision: 0.4168
  Recall: 0.3388
  AUC-ROC: 0.8511
  AUC-PR: 0.3749

Metrics for AGchain_1:
  Accuracy: 76.56%
  Precision: 0.0728
  Recall: 0.1591
  AUC-ROC: 0.5157
  AUC-PR: 0.0799

Metrics for AGchain_2:
  Accuracy: 79.59%
  Precision: 0.0000
  Recall: 0.0000
  AUC-ROC: 0.4012
  AUC-PR: 0.0464

Testing model: mcmodel_fold2_l1_g1_i2.pth
Initializing ClassificationModel with 1 GAT layers and residual connections...
Initializing MCModel with 1 GAT layers and 2 row attention layers...
Initializing CGModel with 1 GAT layers and residual connections...
Initializing CoreModel with 1 self-attention layers...

Metrics for Lchain:
  Accuracy: 83.88%
  Precision: 0.6052
  Recall: 0.6030
  AUC-ROC: 0.8738
  AUC-PR: 0.6215

Metrics for Hchain:
  Accuracy: 80.66%
  Precision: 0.6091
  Recall: 0.7046
  AUC-ROC: 0.8665
  AUC-PR: 0.6877

Metrics for Antibody:
  Accuracy: 82.21%
  Precision: 0.6076
  Recall: 0.6618
  AUC-ROC: 0.8690
  AUC-PR: 0.6576

Metrics for Antigen:
  Accuracy: 87.34%
  Precision: 0.3844
  Recall: 0.2240
  AUC-ROC: 0.8378
  AUC-PR: 0.3307

Metrics for AGchain_0:
  Accuracy: 87.71%
  Precision: 0.4208
  Recall: 0.2271
  AUC-ROC: 0.8501
  AUC-PR: 0.3637

Metrics for AGchain_1:
  Accuracy: 80.38%
  Precision: 0.0858
  Recall: 0.1449
  AUC-ROC: 0.5356
  AUC-PR: 0.0840

Metrics for AGchain_2:
  Accuracy: 80.41%
  Precision: 0.0286
  Recall: 0.0667
  AUC-ROC: 0.4201
  AUC-PR: 0.0505

Testing model: mcmodel_fold2_l1_g2_i1.pth
Initializing ClassificationModel with 2 GAT layers and residual connections...
Initializing MCModel with 2 GAT layers and 1 row attention layers...
Initializing CGModel with 2 GAT layers and residual connections...
Initializing CoreModel with 1 self-attention layers...

Metrics for Lchain:
  Accuracy: 83.74%
  Precision: 0.5899
  Recall: 0.6647
  AUC-ROC: 0.8823
  AUC-PR: 0.6379

Metrics for Hchain:
  Accuracy: 80.55%
  Precision: 0.5986
  Recall: 0.7534
  AUC-ROC: 0.8729
  AUC-PR: 0.6877

Metrics for Antibody:
  Accuracy: 82.08%
  Precision: 0.5952
  Recall: 0.7161
  AUC-ROC: 0.8751
  AUC-PR: 0.6619

Metrics for Antigen:
  Accuracy: 87.68%
  Precision: 0.4325
  Recall: 0.3339
  AUC-ROC: 0.8495
  AUC-PR: 0.3878

Metrics for AGchain_0:
  Accuracy: 87.90%
  Precision: 0.4548
  Recall: 0.3436
  AUC-ROC: 0.8612
  AUC-PR: 0.4120

Metrics for AGchain_1:
  Accuracy: 83.18%
  Precision: 0.0646
  Recall: 0.0784
  AUC-ROC: 0.5349
  AUC-PR: 0.0846

Metrics for AGchain_2:
  Accuracy: 89.39%
  Precision: 0.0769
  Recall: 0.0667
  AUC-ROC: 0.4371
  AUC-PR: 0.0511

Testing model: mcmodel_fold2_l2_g1_i1.pth
Initializing ClassificationModel with 1 GAT layers and residual connections...
Initializing MCModel with 1 GAT layers and 1 row attention layers...
Initializing CGModel with 1 GAT layers and residual connections...
Initializing CoreModel with 2 self-attention layers...

Metrics for Lchain:
  Accuracy: 83.70%
  Precision: 0.5951
  Recall: 0.6268
  AUC-ROC: 0.8749
  AUC-PR: 0.6244

Metrics for Hchain:
  Accuracy: 79.87%
  Precision: 0.5922
  Recall: 0.7127
  AUC-ROC: 0.8631
  AUC-PR: 0.6692

Metrics for Antibody:
  Accuracy: 81.71%
  Precision: 0.5933
  Recall: 0.6765
  AUC-ROC: 0.8665
  AUC-PR: 0.6477

Metrics for Antigen:
  Accuracy: 86.63%
  Precision: 0.3743
  Recall: 0.2951
  AUC-ROC: 0.8383
  AUC-PR: 0.3242

Metrics for AGchain_0:
  Accuracy: 87.30%
  Precision: 0.4150
  Recall: 0.2975
  AUC-ROC: 0.8520
  AUC-PR: 0.3701

Metrics for AGchain_1:
  Accuracy: 74.42%
  Precision: 0.0875
  Recall: 0.2257
  AUC-ROC: 0.5512
  AUC-PR: 0.0875

Metrics for AGchain_2:
  Accuracy: 67.76%
  Precision: 0.0789
  Recall: 0.4000
  AUC-ROC: 0.5025
  AUC-PR: 0.0600

Testing model: mcmodel_fold3_l1_g1_i1.pth
Initializing ClassificationModel with 1 GAT layers and residual connections...
Initializing MCModel with 1 GAT layers and 1 row attention layers...
Initializing CGModel with 1 GAT layers and residual connections...
Initializing CoreModel with 1 self-attention layers...

Metrics for Lchain:
  Accuracy: 84.69%
  Precision: 0.6552
  Recall: 0.5260
  AUC-ROC: 0.8782
  AUC-PR: 0.6307

Metrics for Hchain:
  Accuracy: 82.10%
  Precision: 0.6674
  Recall: 0.6146
  AUC-ROC: 0.8686
  AUC-PR: 0.6843

Metrics for Antibody:
  Accuracy: 83.35%
  Precision: 0.6627
  Recall: 0.5772
  AUC-ROC: 0.8717
  AUC-PR: 0.6595

Metrics for Antigen:
  Accuracy: 87.27%
  Precision: 0.3839
  Recall: 0.2332
  AUC-ROC: 0.8358
  AUC-PR: 0.3244

Metrics for AGchain_0:
  Accuracy: 87.79%
  Precision: 0.4288
  Recall: 0.2361
  AUC-ROC: 0.8495
  AUC-PR: 0.3648

Metrics for AGchain_1:
  Accuracy: 77.53%
  Precision: 0.0780
  Recall: 0.1615
  AUC-ROC: 0.5405
  AUC-PR: 0.0841

Metrics for AGchain_2:
  Accuracy: 76.73%
  Precision: 0.0000
  Recall: 0.0000
  AUC-ROC: 0.3846
  AUC-PR: 0.0450

Testing model: mcmodel_fold3_l1_g1_i2.pth
Initializing ClassificationModel with 1 GAT layers and residual connections...
Initializing MCModel with 1 GAT layers and 2 row attention layers...
Initializing CGModel with 1 GAT layers and residual connections...
Initializing CoreModel with 1 self-attention layers...

Metrics for Lchain:
  Accuracy: 83.49%
  Precision: 0.5893
  Recall: 0.6283
  AUC-ROC: 0.8730
  AUC-PR: 0.6125

Metrics for Hchain:
  Accuracy: 79.93%
  Precision: 0.5953
  Recall: 0.7016
  AUC-ROC: 0.8616
  AUC-PR: 0.6725

Metrics for Antibody:
  Accuracy: 81.64%
  Precision: 0.5929
  Recall: 0.6707
  AUC-ROC: 0.8654
  AUC-PR: 0.6427

Metrics for Antigen:
  Accuracy: 87.55%
  Precision: 0.3725
  Recall: 0.1693
  AUC-ROC: 0.8339
  AUC-PR: 0.3129

Metrics for AGchain_0:
  Accuracy: 87.76%
  Precision: 0.4050
  Recall: 0.1722
  AUC-ROC: 0.8455
  AUC-PR: 0.3415

Metrics for AGchain_1:
  Accuracy: 83.12%
  Precision: 0.0758
  Recall: 0.0950
  AUC-ROC: 0.5499
  AUC-PR: 0.0876

Metrics for AGchain_2:
  Accuracy: 92.65%
  Precision: 0.0000
  Recall: 0.0000
  AUC-ROC: 0.4623
  AUC-PR: 0.0568

Testing model: mcmodel_fold3_l1_g2_i1.pth
Initializing ClassificationModel with 2 GAT layers and residual connections...
Initializing MCModel with 2 GAT layers and 1 row attention layers...
Initializing CGModel with 2 GAT layers and residual connections...
Initializing CoreModel with 1 self-attention layers...

Metrics for Lchain:
  Accuracy: 84.06%
  Precision: 0.6092
  Recall: 0.6092
  AUC-ROC: 0.8795
  AUC-PR: 0.6292

Metrics for Hchain:
  Accuracy: 80.66%
  Precision: 0.6101
  Recall: 0.6995
  AUC-ROC: 0.8682
  AUC-PR: 0.6785

Metrics for Antibody:
  Accuracy: 82.29%
  Precision: 0.6098
  Recall: 0.6614
  AUC-ROC: 0.8713
  AUC-PR: 0.6525

Metrics for Antigen:
  Accuracy: 87.95%
  Precision: 0.4239
  Recall: 0.2231
  AUC-ROC: 0.8461
  AUC-PR: 0.3594

Metrics for AGchain_0:
  Accuracy: 88.23%
  Precision: 0.4604
  Recall: 0.2292
  AUC-ROC: 0.8590
  AUC-PR: 0.3959

Metrics for AGchain_1:
  Accuracy: 82.35%
  Precision: 0.0481
  Recall: 0.0618
  AUC-ROC: 0.5277
  AUC-PR: 0.0819

Metrics for AGchain_2:
  Accuracy: 88.57%
  Precision: 0.0667
  Recall: 0.0667
  AUC-ROC: 0.4039
  AUC-PR: 0.0474

Testing model: mcmodel_fold3_l2_g1_i1.pth
Initializing ClassificationModel with 1 GAT layers and residual connections...
Initializing MCModel with 1 GAT layers and 1 row attention layers...
Initializing CGModel with 1 GAT layers and residual connections...
Initializing CoreModel with 2 self-attention layers...

Metrics for Lchain:
  Accuracy: 84.50%
  Precision: 0.6477
  Recall: 0.5263
  AUC-ROC: 0.8764
  AUC-PR: 0.6243

Metrics for Hchain:
  Accuracy: 81.61%
  Precision: 0.6866
  Recall: 0.5325
  AUC-ROC: 0.8546
  AUC-PR: 0.6540

Metrics for Antibody:
  Accuracy: 83.00%
  Precision: 0.6697
  Recall: 0.5299
  AUC-ROC: 0.8626
  AUC-PR: 0.6382

Metrics for Antigen:
  Accuracy: 86.49%
  Precision: 0.3688
  Recall: 0.2958
  AUC-ROC: 0.8304
  AUC-PR: 0.3119

Metrics for AGchain_0:
  Accuracy: 87.44%
  Precision: 0.4219
  Recall: 0.2955
  AUC-ROC: 0.8463
  AUC-PR: 0.3658

Metrics for AGchain_1:
  Accuracy: 68.77%
  Precision: 0.0910
  Recall: 0.3135
  AUC-ROC: 0.5490
  AUC-PR: 0.0884

Metrics for AGchain_2:
  Accuracy: 68.57%
  Precision: 0.0156
  Recall: 0.0667
  AUC-ROC: 0.3771
  AUC-PR: 0.0447

Testing model: mcmodel_fold4_l1_g1_i1.pth
Initializing ClassificationModel with 1 GAT layers and residual connections...
Initializing MCModel with 1 GAT layers and 1 row attention layers...
Initializing CGModel with 1 GAT layers and residual connections...
Initializing CoreModel with 1 self-attention layers...

Metrics for Lchain:
  Accuracy: 83.65%
  Precision: 0.5970
  Recall: 0.6092
  AUC-ROC: 0.8716
  AUC-PR: 0.6106

Metrics for Hchain:
  Accuracy: 80.45%
  Precision: 0.6073
  Recall: 0.6914
  AUC-ROC: 0.8655
  AUC-PR: 0.6870

Metrics for Antibody:
  Accuracy: 81.98%
  Precision: 0.6032
  Recall: 0.6567
  AUC-ROC: 0.8666
  AUC-PR: 0.6479

Metrics for Antigen:
  Accuracy: 87.51%
  Precision: 0.4029
  Recall: 0.2479
  AUC-ROC: 0.8370
  AUC-PR: 0.3357

Metrics for AGchain_0:
  Accuracy: 87.93%
  Precision: 0.4424
  Recall: 0.2536
  AUC-ROC: 0.8519
  AUC-PR: 0.3773

Metrics for AGchain_1:
  Accuracy: 79.32%
  Precision: 0.0589
  Recall: 0.1021
  AUC-ROC: 0.4922
  AUC-PR: 0.0744

Metrics for AGchain_2:
  Accuracy: 85.71%
  Precision: 0.0000
  Recall: 0.0000
  AUC-ROC: 0.4410
  AUC-PR: 0.0502

Testing model: mcmodel_fold4_l1_g1_i2.pth
Initializing ClassificationModel with 1 GAT layers and residual connections...
Initializing MCModel with 1 GAT layers and 2 row attention layers...
Initializing CGModel with 1 GAT layers and residual connections...
Initializing CoreModel with 1 self-attention layers...

Metrics for Lchain:
  Accuracy: 82.86%
  Precision: 0.5694
  Recall: 0.6536
  AUC-ROC: 0.8720
  AUC-PR: 0.6281

Metrics for Hchain:
  Accuracy: 79.90%
  Precision: 0.5922
  Recall: 0.7167
  AUC-ROC: 0.8653
  AUC-PR: 0.6795

Metrics for Antibody:
  Accuracy: 81.32%
  Precision: 0.5829
  Recall: 0.6901
  AUC-ROC: 0.8676
  AUC-PR: 0.6546

Metrics for Antigen:
  Accuracy: 87.50%
  Precision: 0.4108
  Recall: 0.2777
  AUC-ROC: 0.8445
  AUC-PR: 0.3523

Metrics for AGchain_0:
  Accuracy: 87.72%
  Precision: 0.4352
  Recall: 0.2849
  AUC-ROC: 0.8555
  AUC-PR: 0.3779

Metrics for AGchain_1:
  Accuracy: 83.12%
  Precision: 0.0741
  Recall: 0.0926
  AUC-ROC: 0.5426
  AUC-PR: 0.0848

Metrics for AGchain_2:
  Accuracy: 87.76%
  Precision: 0.0000
  Recall: 0.0000
  AUC-ROC: 0.4452
  AUC-PR: 0.0506

Testing model: mcmodel_fold4_l1_g2_i1.pth
Initializing ClassificationModel with 2 GAT layers and residual connections...
Initializing MCModel with 2 GAT layers and 1 row attention layers...
Initializing CGModel with 2 GAT layers and residual connections...
Initializing CoreModel with 1 self-attention layers...

Metrics for Lchain:
  Accuracy: 83.61%
  Precision: 0.5867
  Recall: 0.6634
  AUC-ROC: 0.8802
  AUC-PR: 0.6409

Metrics for Hchain:
  Accuracy: 81.11%
  Precision: 0.6114
  Recall: 0.7412
  AUC-ROC: 0.8799
  AUC-PR: 0.7003

Metrics for Antibody:
  Accuracy: 82.31%
  Precision: 0.6014
  Recall: 0.7085
  AUC-ROC: 0.8783
  AUC-PR: 0.6723

Metrics for Antigen:
  Accuracy: 88.36%
  Precision: 0.4544
  Recall: 0.2163
  AUC-ROC: 0.8498
  AUC-PR: 0.3755

Metrics for AGchain_0:
  Accuracy: 88.33%
  Precision: 0.4679
  Recall: 0.2239
  AUC-ROC: 0.8607
  AUC-PR: 0.3986

Metrics for AGchain_1:
  Accuracy: 88.62%
  Precision: 0.0391
  Recall: 0.0166
  AUC-ROC: 0.5313
  AUC-PR: 0.0849

Metrics for AGchain_2:
  Accuracy: 93.88%
  Precision: 0.0000
  Recall: 0.0000
  AUC-ROC: 0.3878
  AUC-PR: 0.0453

Testing model: mcmodel_fold4_l2_g1_i1.pth
Initializing ClassificationModel with 1 GAT layers and residual connections...
Initializing MCModel with 1 GAT layers and 1 row attention layers...
Initializing CGModel with 1 GAT layers and residual connections...
Initializing CoreModel with 2 self-attention layers...

Metrics for Lchain:
  Accuracy: 83.23%
  Precision: 0.5749
  Recall: 0.6815
  AUC-ROC: 0.8737
  AUC-PR: 0.6343

Metrics for Hchain:
  Accuracy: 78.82%
  Precision: 0.5714
  Recall: 0.7263
  AUC-ROC: 0.8564
  AUC-PR: 0.6597

Metrics for Antibody:
  Accuracy: 80.94%
  Precision: 0.5728
  Recall: 0.7074
  AUC-ROC: 0.8630
  AUC-PR: 0.6462

Metrics for Antigen:
  Accuracy: 85.46%
  Precision: 0.3386
  Recall: 0.3184
  AUC-ROC: 0.8224
  AUC-PR: 0.2963

Metrics for AGchain_0:
  Accuracy: 86.39%
  Precision: 0.3798
  Recall: 0.3192
  AUC-ROC: 0.8378
  AUC-PR: 0.3404

Metrics for AGchain_1:
  Accuracy: 68.03%
  Precision: 0.0853
  Recall: 0.2993
  AUC-ROC: 0.5399
  AUC-PR: 0.0860

Metrics for AGchain_2:
  Accuracy: 65.71%
  Precision: 0.0400
  Recall: 0.2000
  AUC-ROC: 0.4357
  AUC-PR: 0.0493

Testing model: mcmodel_fold5_l1_g1_i1.pth
Initializing ClassificationModel with 1 GAT layers and residual connections...
Initializing MCModel with 1 GAT layers and 1 row attention layers...
Initializing CGModel with 1 GAT layers and residual connections...
Initializing CoreModel with 1 self-attention layers...

Metrics for Lchain:
  Accuracy: 84.18%
  Precision: 0.6114
  Recall: 0.6150
  AUC-ROC: 0.8794
  AUC-PR: 0.6303

Metrics for Hchain:
  Accuracy: 80.90%
  Precision: 0.6228
  Recall: 0.6641
  AUC-ROC: 0.8605
  AUC-PR: 0.6792

Metrics for Antibody:
  Accuracy: 82.48%
  Precision: 0.6182
  Recall: 0.6434
  AUC-ROC: 0.8668
  AUC-PR: 0.6534

Metrics for Antigen:
  Accuracy: 86.25%
  Precision: 0.3544
  Recall: 0.2823
  AUC-ROC: 0.8269
  AUC-PR: 0.3087

Metrics for AGchain_0:
  Accuracy: 87.00%
  Precision: 0.3967
  Recall: 0.2846
  AUC-ROC: 0.8421
  AUC-PR: 0.3523

Metrics for AGchain_1:
  Accuracy: 72.09%
  Precision: 0.0795
  Recall: 0.2280
  AUC-ROC: 0.5278
  AUC-PR: 0.0826

Metrics for AGchain_2:
  Accuracy: 76.73%
  Precision: 0.0000
  Recall: 0.0000
  AUC-ROC: 0.4128
  AUC-PR: 0.0473

Testing model: mcmodel_fold5_l1_g1_i2.pth
Initializing ClassificationModel with 1 GAT layers and residual connections...
Initializing MCModel with 1 GAT layers and 2 row attention layers...
Initializing CGModel with 1 GAT layers and residual connections...
Initializing CoreModel with 1 self-attention layers...

Metrics for Lchain:
  Accuracy: 84.22%
  Precision: 0.6237
  Recall: 0.5704
  AUC-ROC: 0.8724
  AUC-PR: 0.6211

Metrics for Hchain:
  Accuracy: 81.19%
  Precision: 0.6350
  Recall: 0.6419
  AUC-ROC: 0.8611
  AUC-PR: 0.6741

Metrics for Antibody:
  Accuracy: 82.64%
  Precision: 0.6305
  Recall: 0.6118
  AUC-ROC: 0.8648
  AUC-PR: 0.6477

Metrics for Antigen:
  Accuracy: 87.73%
  Precision: 0.3901
  Recall: 0.1765
  AUC-ROC: 0.8386
  AUC-PR: 0.3267

Metrics for AGchain_0:
  Accuracy: 88.01%
  Precision: 0.4293
  Recall: 0.1795
  AUC-ROC: 0.8505
  AUC-PR: 0.3582

Metrics for AGchain_1:
  Accuracy: 82.09%
  Precision: 0.0733
  Recall: 0.1021
  AUC-ROC: 0.5412
  AUC-PR: 0.0851

Metrics for AGchain_2:
  Accuracy: 92.65%
  Precision: 0.0000
  Recall: 0.0000
  AUC-ROC: 0.4593
  AUC-PR: 0.0562

Testing model: mcmodel_fold5_l1_g2_i1.pth
Initializing ClassificationModel with 2 GAT layers and residual connections...
Initializing MCModel with 2 GAT layers and 1 row attention layers...
Initializing CGModel with 2 GAT layers and residual connections...
Initializing CoreModel with 1 self-attention layers...

Metrics for Lchain:
  Accuracy: 82.76%
  Precision: 0.5686
  Recall: 0.6401
  AUC-ROC: 0.8726
  AUC-PR: 0.6129

Metrics for Hchain:
  Accuracy: 80.62%
  Precision: 0.6037
  Recall: 0.7309
  AUC-ROC: 0.8741
  AUC-PR: 0.6838

Metrics for Antibody:
  Accuracy: 81.65%
  Precision: 0.5895
  Recall: 0.6927
  AUC-ROC: 0.8735
  AUC-PR: 0.6552

Metrics for Antigen:
  Accuracy: 87.86%
  Precision: 0.4437
  Recall: 0.3451
  AUC-ROC: 0.8520
  AUC-PR: 0.3982

Metrics for AGchain_0:
  Accuracy: 88.01%
  Precision: 0.4616
  Recall: 0.3545
  AUC-ROC: 0.8626
  AUC-PR: 0.4174

Metrics for AGchain_1:
  Accuracy: 84.97%
  Precision: 0.0998
  Recall: 0.1045
  AUC-ROC: 0.5400
  AUC-PR: 0.0886

Metrics for AGchain_2:
  Accuracy: 88.98%
  Precision: 0.0000
  Recall: 0.0000
  AUC-ROC: 0.3390
  AUC-PR: 0.0422

Testing model: mcmodel_fold5_l2_g1_i1.pth
Initializing ClassificationModel with 1 GAT layers and residual connections...
Initializing MCModel with 1 GAT layers and 1 row attention layers...
Initializing CGModel with 1 GAT layers and residual connections...
Initializing CoreModel with 2 self-attention layers...

Metrics for Lchain:
  Accuracy: 83.16%
  Precision: 0.5735
  Recall: 0.6802
  AUC-ROC: 0.8771
  AUC-PR: 0.6339

Metrics for Hchain:
  Accuracy: 78.81%
  Precision: 0.5700
  Recall: 0.7375
  AUC-ROC: 0.8569
  AUC-PR: 0.6670

Metrics for Antibody:
  Accuracy: 80.90%
  Precision: 0.5714
  Recall: 0.7134
  AUC-ROC: 0.8633
  AUC-PR: 0.6477

Metrics for Antigen:
  Accuracy: 85.38%
  Precision: 0.3553
  Recall: 0.3813
  AUC-ROC: 0.8320
  AUC-PR: 0.3163

Metrics for AGchain_0:
  Accuracy: 86.20%
  Precision: 0.3891
  Recall: 0.3831
  AUC-ROC: 0.8460
  AUC-PR: 0.3577

Metrics for AGchain_1:
  Accuracy: 70.17%
  Precision: 0.1015
  Recall: 0.3373
  AUC-ROC: 0.5604
  AUC-PR: 0.0944

Metrics for AGchain_2:
  Accuracy: 63.27%
  Precision: 0.0482
  Recall: 0.2667
  AUC-ROC: 0.3906
  AUC-PR: 0.0460
