
Testing model: mcmodel_fold1_l1_g2_i1_dp0.1.pth
Initializing ClassificationModel with 2 GAT layers and residual connections...
Initializing MCModel with 2 GAT layers and 1 row attention layers...
Initializing CGModel with 2 GAT layers and residual connections...
Initializing CoreModel with 1 self-attention layers...

Metrics for Lchain:
  Accuracy: 86.52%
  Precision: 0.6953
  Recall: 0.5601
  AUC-ROC: 0.9071
  AUC-PR: 0.6985

Metrics for Hchain:
  Accuracy: 87.30%
  Precision: 0.7847
  Recall: 0.7177
  AUC-ROC: 0.9347
  AUC-PR: 0.8371

Metrics for Antibody:
  Accuracy: 86.93%
  Precision: 0.7516
  Recall: 0.6546
  AUC-ROC: 0.9228
  AUC-PR: 0.7881

Metrics for Antigen:
  Accuracy: 89.43%
  Precision: 0.5349
  Recall: 0.1847
  AUC-ROC: 0.8652
  AUC-PR: 0.4136

Metrics for AGchain_0:
  Accuracy: 89.30%
  Precision: 0.5366
  Recall: 0.1896
  AUC-ROC: 0.8736
  AUC-PR: 0.4273

Metrics for AGchain_1:
  Accuracy: 91.88%
  Precision: 0.4468
  Recall: 0.0540
  AUC-ROC: 0.5815
  AUC-PR: 0.1292

Metrics for AGchain_2:
  Accuracy: 92.24%
  Precision: 0.0000
  Recall: 0.0000
  AUC-ROC: 0.6641
  AUC-PR: 0.0842

Testing model: itfssitfmodel_fold3_l1_g2_i1_dp0.1.pth
Initializing ClassificationModel with 2 GAT layers and residual connections...
Initializing MCModel with 2 GAT layers and 1 row attention layers...
Initializing CGModel with 2 GAT layers and residual connections...
Initializing CoreModel with 1 self-attention layers...

Metrics for Lchain:
  Accuracy: 87.32%
  Precision: 0.6944
  Recall: 0.6352
  AUC-ROC: 0.9183
  AUC-PR: 0.7126

Metrics for Hchain:
  Accuracy: 87.86%
  Precision: 0.7872
  Recall: 0.7427
  AUC-ROC: 0.9393
  AUC-PR: 0.8458

Metrics for Antibody:
  Accuracy: 87.60%
  Precision: 0.7507
  Recall: 0.6997
  AUC-ROC: 0.9309
  AUC-PR: 0.8009

Metrics for Antigen:
  Accuracy: 89.62%
  Precision: 0.5503
  Recall: 0.2286
  AUC-ROC: 0.8704
  AUC-PR: 0.4295

Metrics for AGchain_0:
  Accuracy: 89.57%
  Precision: 0.5600
  Recall: 0.2346
  AUC-ROC: 0.8791
  AUC-PR: 0.4457

Metrics for AGchain_1:
  Accuracy: 90.60%
  Precision: 0.2276
  Recall: 0.0720
  AUC-ROC: 0.5980
  AUC-PR: 0.1338

Metrics for AGchain_2:
  Accuracy: 91.02%
  Precision: 0.0000
  Recall: 0.0000
  AUC-ROC: 0.4642
  AUC-PR: 0.0514

Testing model: itfssitfsaitfmodel_fold5_l1_g2_i1_dp0.1.pth
Initializing ClassificationModel with 2 GAT layers and residual connections...
Initializing MCModel with 2 GAT layers and 1 row attention layers...
Initializing CGModel with 2 GAT layers and residual connections...
Initializing CoreModel with 1 self-attention layers...

Metrics for Lchain:
  Accuracy: 87.32%
  Precision: 0.6941
  Recall: 0.6356
  AUC-ROC: 0.9175
  AUC-PR: 0.7106

Metrics for Hchain:
  Accuracy: 87.77%
  Precision: 0.7681
  Recall: 0.7715
  AUC-ROC: 0.9398
  AUC-PR: 0.8497

Metrics for Antibody:
  Accuracy: 87.56%
  Precision: 0.7401
  Recall: 0.7171
  AUC-ROC: 0.9305
  AUC-PR: 0.8034

Metrics for Antigen:
  Accuracy: 89.46%
  Precision: 0.5236
  Recall: 0.3054
  AUC-ROC: 0.8670
  AUC-PR: 0.4297

Metrics for AGchain_0:
  Accuracy: 89.39%
  Precision: 0.5289
  Recall: 0.3128
  AUC-ROC: 0.8762
  AUC-PR: 0.4437

Metrics for AGchain_1:
  Accuracy: 90.72%
  Precision: 0.2953
  Recall: 0.1131
  AUC-ROC: 0.5567
  AUC-PR: 0.1490

Metrics for AGchain_2:
  Accuracy: 93.88%
  Precision: 0.0000
  Recall: 0.0000
  AUC-ROC: 0.6968
  AUC-PR: 0.0885
