
Testing model: mcmodel_fold1_l0_g2_i1_dp0.0.pth
Initializing ClassificationModel with 2 GAT layers and residual connections...
Initializing MCModel with 2 GAT layers and 1 row attention layers...
Initializing CGModel with 2 GAT layers and residual connections...
Initializing CoreModel with 0 self-attention layers...

Metrics for Lchain:
  Accuracy: 79.96%
  Precision: 0.4013
  Recall: 0.0378
  AUC-ROC: 0.6007
  AUC-PR: 0.2604

Metrics for Hchain:
  Accuracy: 73.17%
  Precision: 0.3103
  Recall: 0.0101
  AUC-ROC: 0.5796
  AUC-PR: 0.3088

Metrics for Antibody:
  Accuracy: 76.39%
  Precision: 0.3704
  Recall: 0.0212
  AUC-ROC: 0.5999
  AUC-PR: 0.2939

Metrics for Antigen:
  Accuracy: 89.16%
  Precision: 0.4062
  Recall: 0.0012
  AUC-ROC: 0.7186
  AUC-PR: 0.2401

Metrics for AGchain_0:
  Accuracy: 89.01%
  Precision: 0.4062
  Recall: 0.0012
  AUC-ROC: 0.7239
  AUC-PR: 0.2467

Metrics for AGchain_1:
  Accuracy: 91.98%
  Precision: 0.0000
  Recall: 0.0000
  AUC-ROC: 0.5423
  AUC-PR: 0.0875

Metrics for AGchain_2:
  Accuracy: 93.88%
  Precision: 0.0000
  Recall: 0.0000
  AUC-ROC: 0.4854
  AUC-PR: 0.0645

Testing model: mcmodel_fold1_l0_g2_i1_dp0.1.pth
Initializing ClassificationModel with 2 GAT layers and residual connections...
Initializing MCModel with 2 GAT layers and 1 row attention layers...
Initializing CGModel with 2 GAT layers and residual connections...
Initializing CoreModel with 0 self-attention layers...

Metrics for Lchain:
  Accuracy: 80.38%
  Precision: 0.6875
  Recall: 0.0046
  AUC-ROC: 0.6025
  AUC-PR: 0.2554

Metrics for Hchain:
  Accuracy: 73.50%
  Precision: 0.5714
  Recall: 0.0011
  AUC-ROC: 0.5690
  AUC-PR: 0.3029

Metrics for Antibody:
  Accuracy: 76.76%
  Precision: 0.6522
  Recall: 0.0025
  AUC-ROC: 0.5978
  AUC-PR: 0.2906

Metrics for Antigen:
  Accuracy: 89.17%
  Precision: 1.0000
  Recall: 0.0004
  AUC-ROC: 0.7261
  AUC-PR: 0.2480

Metrics for AGchain_0:
  Accuracy: 89.02%
  Precision: 1.0000
  Recall: 0.0004
  AUC-ROC: 0.7308
  AUC-PR: 0.2540

Metrics for AGchain_1:
  Accuracy: 91.98%
  Precision: 0.0000
  Recall: 0.0000
  AUC-ROC: 0.5334
  AUC-PR: 0.0896

Metrics for AGchain_2:
  Accuracy: 93.88%
  Precision: 0.0000
  Recall: 0.0000
  AUC-ROC: 0.5614
  AUC-PR: 0.0729

Testing model: mcmodel_fold1_l0_g3_i1_dp0.0.pth
Initializing ClassificationModel with 3 GAT layers and residual connections...
Initializing MCModel with 3 GAT layers and 1 row attention layers...
Initializing CGModel with 3 GAT layers and residual connections...
Initializing CoreModel with 0 self-attention layers...

Metrics for Lchain:
  Accuracy: 79.31%
  Precision: 0.3342
  Recall: 0.0521
  AUC-ROC: 0.6032
  AUC-PR: 0.2555

Metrics for Hchain:
  Accuracy: 73.30%
  Precision: 0.4008
  Recall: 0.0147
  AUC-ROC: 0.5819
  AUC-PR: 0.3148

Metrics for Antibody:
  Accuracy: 76.15%
  Precision: 0.3515
  Recall: 0.0296
  AUC-ROC: 0.6013
  AUC-PR: 0.2929

Metrics for Antigen:
  Accuracy: 89.16%
  Precision: 0.3636
  Recall: 0.0011
  AUC-ROC: 0.7209
  AUC-PR: 0.2465

Metrics for AGchain_0:
  Accuracy: 89.00%
  Precision: 0.3636
  Recall: 0.0011
  AUC-ROC: 0.7263
  AUC-PR: 0.2532

Metrics for AGchain_1:
  Accuracy: 91.98%
  Precision: 0.0000
  Recall: 0.0000
  AUC-ROC: 0.5339
  AUC-PR: 0.0910

Metrics for AGchain_2:
  Accuracy: 93.88%
  Precision: 0.0000
  Recall: 0.0000
  AUC-ROC: 0.5161
  AUC-PR: 0.0668

Testing model: mcmodel_fold1_l1_g1_i1_dp0.0.pth
Initializing ClassificationModel with 1 GAT layers and residual connections...
Initializing MCModel with 1 GAT layers and 1 row attention layers...
Initializing CGModel with 1 GAT layers and residual connections...
Initializing CoreModel with 1 self-attention layers...

Metrics for Lchain:
  Accuracy: 80.07%
  Precision: 0.4282
  Recall: 0.0387
  AUC-ROC: 0.5957
  AUC-PR: 0.2586

Metrics for Hchain:
  Accuracy: 73.20%
  Precision: 0.3386
  Recall: 0.0119
  AUC-ROC: 0.5734
  AUC-PR: 0.3094

Metrics for Antibody:
  Accuracy: 76.45%
  Precision: 0.3953
  Recall: 0.0226
  AUC-ROC: 0.5936
  AUC-PR: 0.2940

Metrics for Antigen:
  Accuracy: 89.16%
  Precision: 0.2727
  Recall: 0.0003
  AUC-ROC: 0.7122
  AUC-PR: 0.2230

Metrics for AGchain_0:
  Accuracy: 89.01%
  Precision: 0.3750
  Recall: 0.0003
  AUC-ROC: 0.7199
  AUC-PR: 0.2392

Metrics for AGchain_1:
  Accuracy: 91.92%
  Precision: 0.0000
  Recall: 0.0000
  AUC-ROC: 0.5198
  AUC-PR: 0.0803

Metrics for AGchain_2:
  Accuracy: 93.88%
  Precision: 0.0000
  Recall: 0.0000
  AUC-ROC: 0.5304
  AUC-PR: 0.0616

Testing model: mcmodel_fold1_l1_g2_i1_dp0.0.pth
Initializing ClassificationModel with 2 GAT layers and residual connections...
Initializing MCModel with 2 GAT layers and 1 row attention layers...
Initializing CGModel with 2 GAT layers and residual connections...
Initializing CoreModel with 1 self-attention layers...

Metrics for Lchain:
  Accuracy: 79.86%
  Precision: 0.3874
  Recall: 0.0410
  AUC-ROC: 0.5968
  AUC-PR: 0.2605

Metrics for Hchain:
  Accuracy: 73.27%
  Precision: 0.4056
  Recall: 0.0183
  AUC-ROC: 0.5944
  AUC-PR: 0.3293

Metrics for Antibody:
  Accuracy: 76.39%
  Precision: 0.3945
  Recall: 0.0274
  AUC-ROC: 0.6041
  AUC-PR: 0.3050

Metrics for Antigen:
  Accuracy: 89.15%
  Precision: 0.2727
  Recall: 0.0005
  AUC-ROC: 0.7203
  AUC-PR: 0.2284

Metrics for AGchain_0:
  Accuracy: 89.01%
  Precision: 0.3750
  Recall: 0.0006
  AUC-ROC: 0.7285
  AUC-PR: 0.2433

Metrics for AGchain_1:
  Accuracy: 91.86%
  Precision: 0.0000
  Recall: 0.0000
  AUC-ROC: 0.5339
  AUC-PR: 0.0825

Metrics for AGchain_2:
  Accuracy: 93.88%
  Precision: 0.0000
  Recall: 0.0000
  AUC-ROC: 0.5420
  AUC-PR: 0.0680

Testing model: mcmodel_fold1_l2_g0_i1_dp0.0.pth
Initializing ClassificationModel with 0 GAT layers and residual connections...
Initializing MCModel with 0 GAT layers and 1 row attention layers...
Initializing CGModel with 0 GAT layers and residual connections...
Initializing CoreModel with 2 self-attention layers...
