
Testing model: mcmodel_fold1_l1_g2_i1_dp0.1.pth
Initializing ClassificationModel with 2 GAT layers and residual connections...
Initializing MCModel with 2 GAT layers and 1 row attention layers...
Initializing CGModel with 2 GAT layers and residual connections...
Initializing CoreModel with 1 self-attention layers...

Metrics for Lchain:
  Accuracy: 86.51%
  Precision: 0.6952
  Recall: 0.5599
  AUC-ROC: 0.9071
  AUC-PR: 0.6985

Metrics for Hchain:
  Accuracy: 87.30%
  Precision: 0.7847
  Recall: 0.7177
  AUC-ROC: 0.9347
  AUC-PR: 0.8371

Metrics for Antibody:
  Accuracy: 86.93%
  Precision: 0.7516
  Recall: 0.6545
  AUC-ROC: 0.9228
  AUC-PR: 0.7882

Metrics for Antigen:
  Accuracy: 89.43%
  Precision: 0.5348
  Recall: 0.1846
  AUC-ROC: 0.8652
  AUC-PR: 0.4136

Metrics for AGchain_0:
  Accuracy: 89.30%
  Precision: 0.5365
  Recall: 0.1895
  AUC-ROC: 0.8736
  AUC-PR: 0.4273

Metrics for AGchain_1:
  Accuracy: 91.88%
  Precision: 0.4468
  Recall: 0.0540
  AUC-ROC: 0.5815
  AUC-PR: 0.1292

Metrics for AGchain_2:
  Accuracy: 92.24%
  Precision: 0.0000
  Recall: 0.0000
  AUC-ROC: 0.6639
  AUC-PR: 0.0841

Testing model: itfssitfmodel_fold3_l1_g2_i1_dp0.1.pth
Initializing ClassificationModel with 2 GAT layers and residual connections...
Initializing MCModel with 2 GAT layers and 1 row attention layers...
Initializing CGModel with 2 GAT layers and residual connections...
Initializing CoreModel with 1 self-attention layers...

Metrics for Lchain:
  Accuracy: 87.32%
  Precision: 0.6944
  Recall: 0.6352
  AUC-ROC: 0.9183
  AUC-PR: 0.7126

Metrics for Hchain:
  Accuracy: 87.86%
  Precision: 0.7872
  Recall: 0.7427
  AUC-ROC: 0.9393
  AUC-PR: 0.8458

Metrics for Antibody:
  Accuracy: 87.60%
  Precision: 0.7507
  Recall: 0.6997
  AUC-ROC: 0.9309
  AUC-PR: 0.8009

Metrics for Antigen:
  Accuracy: 89.62%
  Precision: 0.5504
  Recall: 0.2286
  AUC-ROC: 0.8704
  AUC-PR: 0.4295

Metrics for AGchain_0:
  Accuracy: 89.57%
  Precision: 0.5600
  Recall: 0.2346
  AUC-ROC: 0.8791
  AUC-PR: 0.4457

Metrics for AGchain_1:
  Accuracy: 90.62%
  Precision: 0.2295
  Recall: 0.0720
  AUC-ROC: 0.5980
  AUC-PR: 0.1338

Metrics for AGchain_2:
  Accuracy: 91.02%
  Precision: 0.0000
  Recall: 0.0000
  AUC-ROC: 0.4642
  AUC-PR: 0.0514

Testing model: itfssitfsaitfmodel_fold4_l1_g2_i1_dp0.1.pth
Initializing ClassificationModel with 2 GAT layers and residual connections...
Initializing MCModel with 2 GAT layers and 1 row attention layers...
Initializing CGModel with 2 GAT layers and residual connections...
Initializing CoreModel with 1 self-attention layers...

Metrics for Lchain:
  Accuracy: 87.14%
  Precision: 0.6758
  Recall: 0.6655
  AUC-ROC: 0.9164
  AUC-PR: 0.7125

Metrics for Hchain:
  Accuracy: 87.88%
  Precision: 0.7610
  Recall: 0.7915
  AUC-ROC: 0.9408
  AUC-PR: 0.8494

Metrics for Antibody:
  Accuracy: 87.53%
  Precision: 0.7280
  Recall: 0.7410
  AUC-ROC: 0.9305
  AUC-PR: 0.8029

Metrics for Antigen:
  Accuracy: 89.58%
  Precision: 0.5355
  Recall: 0.2876
  AUC-ROC: 0.8758
  AUC-PR: 0.4456

Metrics for AGchain_0:
  Accuracy: 89.57%
  Precision: 0.5471
  Recall: 0.2948
  AUC-ROC: 0.8844
  AUC-PR: 0.4631

Metrics for AGchain_1:
  Accuracy: 89.63%
  Precision: 0.2000
  Recall: 0.0977
  AUC-ROC: 0.6072
  AUC-PR: 0.1259

Metrics for AGchain_2:
  Accuracy: 91.02%
  Precision: 0.0000
  Recall: 0.0000
  AUC-ROC: 0.6662
  AUC-PR: 0.0816
