
Testing model: mcmodel_fold1_l1_g1_i1.pth
Initializing ClassificationModel with 1 GAT layers and residual connections...
Initializing MCModel with 1 GAT layers and 1 row attention layers...
Initializing CGModel with 1 GAT layers and residual connections...
Initializing CoreModel with 1 self-attention layers...

Metrics for Lchain:
  Accuracy: 71.69%
  Precision: 0.4057
  Recall: 0.8354
  AUC-ROC: 0.8356
  AUC-PR: 0.5507

Metrics for Hchain:
  Accuracy: 65.00%
  Precision: 0.4167
  Recall: 0.8818
  AUC-ROC: 0.8252
  AUC-PR: 0.6171

Metrics for Antibody:
  Accuracy: 68.21%
  Precision: 0.4121
  Recall: 0.8623
  AUC-ROC: 0.8313
  AUC-PR: 0.5910

Metrics for Antigen:
  Accuracy: 76.47%
  Precision: 0.2646
  Recall: 0.6231
  AUC-ROC: 0.8068
  AUC-PR: 0.2643

Metrics for AGchain_0:
  Accuracy: 77.81%
  Precision: 0.2831
  Recall: 0.6262
  AUC-ROC: 0.8241
  AUC-PR: 0.3142

Metrics for AGchain_1:
  Accuracy: 51.76%
  Precision: 0.0908
  Recall: 0.5439
  AUC-ROC: 0.5327
  AUC-PR: 0.0860

Metrics for AGchain_2:
  Accuracy: 41.63%
  Precision: 0.0493
  Recall: 0.4667
  AUC-ROC: 0.4323
  AUC-PR: 0.0491

Testing model: mcmodel_fold1_l1_g1_i2.pth
Initializing ClassificationModel with 1 GAT layers and residual connections...
Initializing MCModel with 1 GAT layers and 2 row attention layers...
Initializing CGModel with 1 GAT layers and residual connections...
Initializing CoreModel with 1 self-attention layers...

Metrics for Lchain:
  Accuracy: 69.37%
  Precision: 0.3894
  Recall: 0.8842
  AUC-ROC: 0.8427
  AUC-PR: 0.5444

Metrics for Hchain:
  Accuracy: 65.33%
  Precision: 0.4213
  Recall: 0.9099
  AUC-ROC: 0.8399
  AUC-PR: 0.6291

Metrics for Antibody:
  Accuracy: 67.27%
  Precision: 0.4075
  Recall: 0.8991
  AUC-ROC: 0.8424
  AUC-PR: 0.5958

Metrics for Antigen:
  Accuracy: 74.91%
  Precision: 0.2667
  Recall: 0.7134
  AUC-ROC: 0.8105
  AUC-PR: 0.2731

Metrics for AGchain_0:
  Accuracy: 76.02%
  Precision: 0.2813
  Recall: 0.7190
  AUC-ROC: 0.8255
  AUC-PR: 0.3105

Metrics for AGchain_1:
  Accuracy: 54.46%
  Precision: 0.0998
  Recall: 0.5701
  AUC-ROC: 0.5485
  AUC-PR: 0.0924

Metrics for AGchain_2:
  Accuracy: 47.35%
  Precision: 0.0476
  Recall: 0.4000
  AUC-ROC: 0.3881
  AUC-PR: 0.0458

Testing model: mcmodel_fold1_l1_g2_i1.pth
Initializing ClassificationModel with 2 GAT layers and residual connections...
Initializing MCModel with 2 GAT layers and 1 row attention layers...
Initializing CGModel with 2 GAT layers and residual connections...
Initializing CoreModel with 1 self-attention layers...

Metrics for Lchain:
  Accuracy: 72.91%
  Precision: 0.4217
  Recall: 0.8849
  AUC-ROC: 0.8604
  AUC-PR: 0.5710

Metrics for Hchain:
  Accuracy: 65.38%
  Precision: 0.4239
  Recall: 0.9410
  AUC-ROC: 0.8492
  AUC-PR: 0.6340

Metrics for Antibody:
  Accuracy: 69.00%
  Precision: 0.4230
  Recall: 0.9174
  AUC-ROC: 0.8548
  AUC-PR: 0.6073

Metrics for Antigen:
  Accuracy: 71.18%
  Precision: 0.2484
  Recall: 0.7818
  AUC-ROC: 0.8157
  AUC-PR: 0.2892

Metrics for AGchain_0:
  Accuracy: 72.67%
  Precision: 0.2634
  Recall: 0.7871
  AUC-ROC: 0.8326
  AUC-PR: 0.3483

Metrics for AGchain_1:
  Accuracy: 43.19%
  Precision: 0.0890
  Recall: 0.6437
  AUC-ROC: 0.5101
  AUC-PR: 0.0784

Metrics for AGchain_2:
  Accuracy: 43.67%
  Precision: 0.0638
  Recall: 0.6000
  AUC-ROC: 0.4625
  AUC-PR: 0.0581

Testing model: mcmodel_fold1_l2_g1_i1.pth
Initializing ClassificationModel with 1 GAT layers and residual connections...
Initializing MCModel with 1 GAT layers and 1 row attention layers...
Initializing CGModel with 1 GAT layers and residual connections...
Initializing CoreModel with 2 self-attention layers...

Metrics for Lchain:
  Accuracy: 72.10%
  Precision: 0.4124
  Recall: 0.8669
  AUC-ROC: 0.8569
  AUC-PR: 0.5644

Metrics for Hchain:
  Accuracy: 61.10%
  Precision: 0.3954
  Recall: 0.9516
  AUC-ROC: 0.8493
  AUC-PR: 0.6379

Metrics for Antibody:
  Accuracy: 66.38%
  Precision: 0.4020
  Recall: 0.9159
  AUC-ROC: 0.8518
  AUC-PR: 0.6020

Metrics for Antigen:
  Accuracy: 70.19%
  Precision: 0.2497
  Recall: 0.8336
  AUC-ROC: 0.8188
  AUC-PR: 0.2778

Metrics for AGchain_0:
  Accuracy: 71.75%
  Precision: 0.2644
  Recall: 0.8389
  AUC-ROC: 0.8334
  AUC-PR: 0.3182

Metrics for AGchain_1:
  Accuracy: 41.43%
  Precision: 0.0926
  Recall: 0.7007
  AUC-ROC: 0.5308
  AUC-PR: 0.0796

Metrics for AGchain_2:
  Accuracy: 31.43%
  Precision: 0.0419
  Recall: 0.4667
  AUC-ROC: 0.3739
  AUC-PR: 0.0450

Testing model: mcmodel_fold2_l1_g1_i1.pth
Initializing ClassificationModel with 1 GAT layers and residual connections...
Initializing MCModel with 1 GAT layers and 1 row attention layers...
Initializing CGModel with 1 GAT layers and residual connections...
Initializing CoreModel with 1 self-attention layers...

Metrics for Lchain:
  Accuracy: 79.14%
  Precision: 0.4924
  Recall: 0.7489
  AUC-ROC: 0.8615
  AUC-PR: 0.5909

Metrics for Hchain:
  Accuracy: 72.41%
  Precision: 0.4814
  Recall: 0.8544
  AUC-ROC: 0.8528
  AUC-PR: 0.6496

Metrics for Antibody:
  Accuracy: 75.64%
  Precision: 0.4856
  Recall: 0.8099
  AUC-ROC: 0.8560
  AUC-PR: 0.6253

Metrics for Antigen:
  Accuracy: 79.18%
  Precision: 0.2872
  Recall: 0.5845
  AUC-ROC: 0.8239
  AUC-PR: 0.2861

Metrics for AGchain_0:
  Accuracy: 80.36%
  Precision: 0.3082
  Recall: 0.5903
  AUC-ROC: 0.8399
  AUC-PR: 0.3423

Metrics for AGchain_1:
  Accuracy: 57.29%
  Precision: 0.0850
  Recall: 0.4323
  AUC-ROC: 0.5338
  AUC-PR: 0.0839

Metrics for AGchain_2:
  Accuracy: 53.88%
  Precision: 0.0545
  Recall: 0.4000
  AUC-ROC: 0.4506
  AUC-PR: 0.0505

Testing model: mcmodel_fold2_l1_g1_i2.pth
Initializing ClassificationModel with 1 GAT layers and residual connections...
Initializing MCModel with 1 GAT layers and 2 row attention layers...
Initializing CGModel with 1 GAT layers and residual connections...
Initializing CoreModel with 1 self-attention layers...

Metrics for Lchain:
  Accuracy: 75.72%
  Precision: 0.4461
  Recall: 0.7893
  AUC-ROC: 0.8514
  AUC-PR: 0.5710

Metrics for Hchain:
  Accuracy: 67.33%
  Precision: 0.4361
  Recall: 0.8963
  AUC-ROC: 0.8471
  AUC-PR: 0.6354

Metrics for Antibody:
  Accuracy: 71.36%
  Precision: 0.4400
  Recall: 0.8512
  AUC-ROC: 0.8481
  AUC-PR: 0.6079

Metrics for Antigen:
  Accuracy: 71.01%
  Precision: 0.2516
  Recall: 0.8090
  AUC-ROC: 0.8252
  AUC-PR: 0.2970

Metrics for AGchain_0:
  Accuracy: 72.19%
  Precision: 0.2645
  Recall: 0.8177
  AUC-ROC: 0.8390
  AUC-PR: 0.3353

Metrics for AGchain_1:
  Accuracy: 49.12%
  Precision: 0.0923
  Recall: 0.5914
  AUC-ROC: 0.5373
  AUC-PR: 0.0816

Metrics for AGchain_2:
  Accuracy: 43.67%
  Precision: 0.0305
  Recall: 0.2667
  AUC-ROC: 0.3717
  AUC-PR: 0.0446

Testing model: mcmodel_fold2_l1_g2_i1.pth
Initializing ClassificationModel with 2 GAT layers and residual connections...
Initializing MCModel with 2 GAT layers and 1 row attention layers...
Initializing CGModel with 2 GAT layers and residual connections...
Initializing CoreModel with 1 self-attention layers...

Metrics for Lchain:
  Accuracy: 75.20%
  Precision: 0.4434
  Recall: 0.8472
  AUC-ROC: 0.8509
  AUC-PR: 0.5495

Metrics for Hchain:
  Accuracy: 69.69%
  Precision: 0.4561
  Recall: 0.8903
  AUC-ROC: 0.8396
  AUC-PR: 0.6169

Metrics for Antibody:
  Accuracy: 72.34%
  Precision: 0.4508
  Recall: 0.8722
  AUC-ROC: 0.8456
  AUC-PR: 0.5907

Metrics for Antigen:
  Accuracy: 74.91%
  Precision: 0.2646
  Recall: 0.7019
  AUC-ROC: 0.8177
  AUC-PR: 0.2823

Metrics for AGchain_0:
  Accuracy: 75.95%
  Precision: 0.2793
  Recall: 0.7116
  AUC-ROC: 0.8334
  AUC-PR: 0.3426

Metrics for AGchain_1:
  Accuracy: 55.56%
  Precision: 0.0842
  Recall: 0.4489
  AUC-ROC: 0.5213
  AUC-PR: 0.0838

Metrics for AGchain_2:
  Accuracy: 53.47%
  Precision: 0.0541
  Recall: 0.4000
  AUC-ROC: 0.4465
  AUC-PR: 0.0519

Testing model: mcmodel_fold2_l2_g1_i1.pth
Initializing ClassificationModel with 1 GAT layers and residual connections...
Initializing MCModel with 1 GAT layers and 1 row attention layers...
Initializing CGModel with 1 GAT layers and residual connections...
Initializing CoreModel with 2 self-attention layers...

Metrics for Lchain:
  Accuracy: 69.46%
  Precision: 0.3911
  Recall: 0.8942
  AUC-ROC: 0.8545
  AUC-PR: 0.5860

Metrics for Hchain:
  Accuracy: 59.08%
  Precision: 0.3836
  Recall: 0.9584
  AUC-ROC: 0.8450
  AUC-PR: 0.6362

Metrics for Antibody:
  Accuracy: 64.06%
  Precision: 0.3866
  Recall: 0.9313
  AUC-ROC: 0.8499
  AUC-PR: 0.6145

Metrics for Antigen:
  Accuracy: 68.38%
  Precision: 0.2459
  Recall: 0.8870
  AUC-ROC: 0.8237
  AUC-PR: 0.2763

Metrics for AGchain_0:
  Accuracy: 69.55%
  Precision: 0.2580
  Recall: 0.9001
  AUC-ROC: 0.8393
  AUC-PR: 0.3131

Metrics for AGchain_1:
  Accuracy: 46.38%
  Precision: 0.0827
  Recall: 0.5511
  AUC-ROC: 0.5059
  AUC-PR: 0.0756

Metrics for AGchain_2:
  Accuracy: 46.94%
  Precision: 0.0400
  Recall: 0.3333
  AUC-ROC: 0.3438
  AUC-PR: 0.0426

Testing model: mcmodel_fold3_l1_g1_i1.pth
Initializing ClassificationModel with 1 GAT layers and residual connections...
Initializing MCModel with 1 GAT layers and 1 row attention layers...
Initializing CGModel with 1 GAT layers and residual connections...
Initializing CoreModel with 1 self-attention layers...

Metrics for Lchain:
  Accuracy: 68.31%
  Precision: 0.3822
  Recall: 0.8989
  AUC-ROC: 0.8495
  AUC-PR: 0.5588

Metrics for Hchain:
  Accuracy: 60.81%
  Precision: 0.3922
  Recall: 0.9365
  AUC-ROC: 0.8355
  AUC-PR: 0.6290

Metrics for Antibody:
  Accuracy: 64.41%
  Precision: 0.3880
  Recall: 0.9207
  AUC-ROC: 0.8430
  AUC-PR: 0.6010

Metrics for Antigen:
  Accuracy: 75.97%
  Precision: 0.2679
  Recall: 0.6656
  AUC-ROC: 0.8106
  AUC-PR: 0.2734

Metrics for AGchain_0:
  Accuracy: 77.15%
  Precision: 0.2844
  Recall: 0.6712
  AUC-ROC: 0.8263
  AUC-PR: 0.3162

Metrics for AGchain_1:
  Accuracy: 54.26%
  Precision: 0.0927
  Recall: 0.5226
  AUC-ROC: 0.5396
  AUC-PR: 0.0859

Metrics for AGchain_2:
  Accuracy: 44.49%
  Precision: 0.0451
  Recall: 0.4000
  AUC-ROC: 0.4052
  AUC-PR: 0.0470

Testing model: mcmodel_fold3_l1_g1_i2.pth
Initializing ClassificationModel with 1 GAT layers and residual connections...
Initializing MCModel with 1 GAT layers and 2 row attention layers...
Initializing CGModel with 1 GAT layers and residual connections...
Initializing CoreModel with 1 self-attention layers...

Metrics for Lchain:
  Accuracy: 76.15%
  Precision: 0.4505
  Recall: 0.7716
  AUC-ROC: 0.8511
  AUC-PR: 0.5961

Metrics for Hchain:
  Accuracy: 70.88%
  Precision: 0.4665
  Recall: 0.8720
  AUC-ROC: 0.8481
  AUC-PR: 0.6518

Metrics for Antibody:
  Accuracy: 73.41%
  Precision: 0.4601
  Recall: 0.8297
  AUC-ROC: 0.8502
  AUC-PR: 0.6288

Metrics for Antigen:
  Accuracy: 71.29%
  Precision: 0.2569
  Recall: 0.8310
  AUC-ROC: 0.8223
  AUC-PR: 0.2858

Metrics for AGchain_0:
  Accuracy: 72.70%
  Precision: 0.2716
  Recall: 0.8393
  AUC-ROC: 0.8370
  AUC-PR: 0.3235

Metrics for AGchain_1:
  Accuracy: 44.98%
  Precision: 0.0898
  Recall: 0.6271
  AUC-ROC: 0.5387
  AUC-PR: 0.0817

Metrics for AGchain_2:
  Accuracy: 43.67%
  Precision: 0.0305
  Recall: 0.2667
  AUC-ROC: 0.3472
  AUC-PR: 0.0429

Testing model: mcmodel_fold3_l1_g2_i1.pth
Initializing ClassificationModel with 2 GAT layers and residual connections...
Initializing MCModel with 2 GAT layers and 1 row attention layers...
Initializing CGModel with 2 GAT layers and residual connections...
Initializing CoreModel with 1 self-attention layers...

Metrics for Lchain:
  Accuracy: 75.99%
  Precision: 0.4528
  Recall: 0.8532
  AUC-ROC: 0.8700
  AUC-PR: 0.6048

Metrics for Hchain:
  Accuracy: 67.61%
  Precision: 0.4390
  Recall: 0.9068
  AUC-ROC: 0.8384
  AUC-PR: 0.6154

Metrics for Antibody:
  Accuracy: 71.63%
  Precision: 0.4445
  Recall: 0.8842
  AUC-ROC: 0.8540
  AUC-PR: 0.6101

Metrics for Antigen:
  Accuracy: 75.92%
  Precision: 0.2660
  Recall: 0.6581
  AUC-ROC: 0.8169
  AUC-PR: 0.2855

Metrics for AGchain_0:
  Accuracy: 77.26%
  Precision: 0.2838
  Recall: 0.6618
  AUC-ROC: 0.8332
  AUC-PR: 0.3469

Metrics for AGchain_1:
  Accuracy: 50.94%
  Precision: 0.0922
  Recall: 0.5653
  AUC-ROC: 0.5228
  AUC-PR: 0.0855

Metrics for AGchain_2:
  Accuracy: 44.90%
  Precision: 0.0522
  Recall: 0.4667
  AUC-ROC: 0.4425
  AUC-PR: 0.0511

Testing model: mcmodel_fold3_l2_g1_i1.pth
Initializing ClassificationModel with 1 GAT layers and residual connections...
Initializing MCModel with 1 GAT layers and 1 row attention layers...
Initializing CGModel with 1 GAT layers and residual connections...
Initializing CoreModel with 2 self-attention layers...

Metrics for Lchain:
  Accuracy: 72.30%
  Precision: 0.4138
  Recall: 0.8601
  AUC-ROC: 0.8523
  AUC-PR: 0.5614

Metrics for Hchain:
  Accuracy: 62.98%
  Precision: 0.4067
  Recall: 0.9381
  AUC-ROC: 0.8466
  AUC-PR: 0.6331

Metrics for Antibody:
  Accuracy: 67.46%
  Precision: 0.4095
  Recall: 0.9052
  AUC-ROC: 0.8491
  AUC-PR: 0.6038

Metrics for Antigen:
  Accuracy: 68.85%
  Precision: 0.2386
  Recall: 0.8177
  AUC-ROC: 0.8172
  AUC-PR: 0.3025

Metrics for AGchain_0:
  Accuracy: 69.67%
  Precision: 0.2486
  Recall: 0.8301
  AUC-ROC: 0.8311
  AUC-PR: 0.3478

Metrics for AGchain_1:
  Accuracy: 53.95%
  Precision: 0.0883
  Recall: 0.4964
  AUC-ROC: 0.5453
  AUC-PR: 0.0876

Metrics for AGchain_2:
  Accuracy: 41.22%
  Precision: 0.0426
  Recall: 0.4000
  AUC-ROC: 0.4184
  AUC-PR: 0.0480

Testing model: mcmodel_fold4_l1_g1_i1.pth
Initializing ClassificationModel with 1 GAT layers and residual connections...
Initializing MCModel with 1 GAT layers and 1 row attention layers...
Initializing CGModel with 1 GAT layers and residual connections...
Initializing CoreModel with 1 self-attention layers...

Metrics for Lchain:
  Accuracy: 70.73%
  Precision: 0.3972
  Recall: 0.8417
  AUC-ROC: 0.8355
  AUC-PR: 0.5265

Metrics for Hchain:
  Accuracy: 62.46%
  Precision: 0.4028
  Recall: 0.9336
  AUC-ROC: 0.8367
  AUC-PR: 0.6141

Metrics for Antibody:
  Accuracy: 66.43%
  Precision: 0.4005
  Recall: 0.8949
  AUC-ROC: 0.8359
  AUC-PR: 0.5779

Metrics for Antigen:
  Accuracy: 70.30%
  Precision: 0.2499
  Recall: 0.8301
  AUC-ROC: 0.8280
  AUC-PR: 0.3032

Metrics for AGchain_0:
  Accuracy: 71.49%
  Precision: 0.2626
  Recall: 0.8396
  AUC-ROC: 0.8431
  AUC-PR: 0.3498

Metrics for AGchain_1:
  Accuracy: 48.48%
  Precision: 0.0906
  Recall: 0.5867
  AUC-ROC: 0.5292
  AUC-PR: 0.0818

Metrics for AGchain_2:
  Accuracy: 37.14%
  Precision: 0.0397
  Recall: 0.4000
  AUC-ROC: 0.3594
  AUC-PR: 0.0437

Testing model: mcmodel_fold4_l1_g1_i2.pth
Initializing ClassificationModel with 1 GAT layers and residual connections...
Initializing MCModel with 1 GAT layers and 2 row attention layers...
Initializing CGModel with 1 GAT layers and residual connections...
Initializing CoreModel with 1 self-attention layers...

Metrics for Lchain:
  Accuracy: 77.24%
  Precision: 0.4658
  Recall: 0.7909
  AUC-ROC: 0.8635
  AUC-PR: 0.5993

Metrics for Hchain:
  Accuracy: 68.71%
  Precision: 0.4483
  Recall: 0.9074
  AUC-ROC: 0.8548
  AUC-PR: 0.6565

Metrics for Antibody:
  Accuracy: 72.81%
  Precision: 0.4549
  Recall: 0.8583
  AUC-ROC: 0.8579
  AUC-PR: 0.6315

Metrics for Antigen:
  Accuracy: 75.37%
  Precision: 0.2739
  Recall: 0.7314
  AUC-ROC: 0.8226
  AUC-PR: 0.2885

Metrics for AGchain_0:
  Accuracy: 76.57%
  Precision: 0.2900
  Recall: 0.7385
  AUC-ROC: 0.8350
  AUC-PR: 0.3197

Metrics for AGchain_1:
  Accuracy: 53.21%
  Precision: 0.0943
  Recall: 0.5487
  AUC-ROC: 0.5483
  AUC-PR: 0.0852

Metrics for AGchain_2:
  Accuracy: 48.57%
  Precision: 0.0488
  Recall: 0.4000
  AUC-ROC: 0.4367
  AUC-PR: 0.0562

Testing model: mcmodel_fold4_l1_g2_i1.pth
Initializing ClassificationModel with 2 GAT layers and residual connections...
Initializing MCModel with 2 GAT layers and 1 row attention layers...
Initializing CGModel with 2 GAT layers and residual connections...
Initializing CoreModel with 1 self-attention layers...

Metrics for Lchain:
  Accuracy: 71.72%
  Precision: 0.4130
  Recall: 0.9191
  AUC-ROC: 0.8694
  AUC-PR: 0.5852

Metrics for Hchain:
  Accuracy: 60.27%
  Precision: 0.3916
  Recall: 0.9676
  AUC-ROC: 0.8476
  AUC-PR: 0.6133

Metrics for Antibody:
  Accuracy: 65.77%
  Precision: 0.4001
  Recall: 0.9472
  AUC-ROC: 0.8582
  AUC-PR: 0.6011

Metrics for Antigen:
  Accuracy: 71.24%
  Precision: 0.2596
  Recall: 0.8515
  AUC-ROC: 0.8268
  AUC-PR: 0.2999

Metrics for AGchain_0:
  Accuracy: 72.40%
  Precision: 0.2728
  Recall: 0.8631
  AUC-ROC: 0.8437
  AUC-PR: 0.3623

Metrics for AGchain_1:
  Accuracy: 50.01%
  Precision: 0.0887
  Recall: 0.5511
  AUC-ROC: 0.5247
  AUC-PR: 0.0833

Metrics for AGchain_2:
  Accuracy: 42.04%
  Precision: 0.0496
  Recall: 0.4667
  AUC-ROC: 0.4699
  AUC-PR: 0.0539

Testing model: mcmodel_fold4_l2_g1_i1.pth
Initializing ClassificationModel with 1 GAT layers and residual connections...
Initializing MCModel with 1 GAT layers and 1 row attention layers...
Initializing CGModel with 1 GAT layers and residual connections...
Initializing CoreModel with 2 self-attention layers...

Metrics for Lchain:
  Accuracy: 74.36%
  Precision: 0.4342
  Recall: 0.8487
  AUC-ROC: 0.8613
  AUC-PR: 0.5835

Metrics for Hchain:
  Accuracy: 63.64%
  Precision: 0.4114
  Recall: 0.9402
  AUC-ROC: 0.8517
  AUC-PR: 0.6451

Metrics for Antibody:
  Accuracy: 68.79%
  Precision: 0.4201
  Recall: 0.9016
  AUC-ROC: 0.8553
  AUC-PR: 0.6184

Metrics for Antigen:
  Accuracy: 71.20%
  Precision: 0.2571
  Recall: 0.8367
  AUC-ROC: 0.8299
  AUC-PR: 0.3043

Metrics for AGchain_0:
  Accuracy: 72.31%
  Precision: 0.2700
  Recall: 0.8486
  AUC-ROC: 0.8459
  AUC-PR: 0.3509

Metrics for AGchain_1:
  Accuracy: 50.75%
  Precision: 0.0871
  Recall: 0.5297
  AUC-ROC: 0.5261
  AUC-PR: 0.0815

Metrics for AGchain_2:
  Accuracy: 42.86%
  Precision: 0.0438
  Recall: 0.4000
  AUC-ROC: 0.4459
  AUC-PR: 0.0507

Testing model: mcmodel_fold5_l1_g1_i1.pth
Initializing ClassificationModel with 1 GAT layers and residual connections...
Initializing MCModel with 1 GAT layers and 1 row attention layers...
Initializing CGModel with 1 GAT layers and residual connections...
Initializing CoreModel with 1 self-attention layers...

Metrics for Lchain:
  Accuracy: 66.71%
  Precision: 0.3721
  Recall: 0.9199
  AUC-ROC: 0.8590
  AUC-PR: 0.5838

Metrics for Hchain:
  Accuracy: 52.29%
  Precision: 0.3500
  Recall: 0.9847
  AUC-ROC: 0.8535
  AUC-PR: 0.6511

Metrics for Antibody:
  Accuracy: 59.22%
  Precision: 0.3586
  Recall: 0.9574
  AUC-ROC: 0.8548
  AUC-PR: 0.6204

Metrics for Antigen:
  Accuracy: 67.38%
  Precision: 0.2390
  Recall: 0.8807
  AUC-ROC: 0.8259
  AUC-PR: 0.2947

Metrics for AGchain_0:
  Accuracy: 68.52%
  Precision: 0.2502
  Recall: 0.8915
  AUC-ROC: 0.8399
  AUC-PR: 0.3328

Metrics for AGchain_1:
  Accuracy: 46.44%
  Precision: 0.0890
  Recall: 0.6010
  AUC-ROC: 0.5314
  AUC-PR: 0.0810

Metrics for AGchain_2:
  Accuracy: 37.55%
  Precision: 0.0519
  Recall: 0.5333
  AUC-ROC: 0.4800
  AUC-PR: 0.0559

Testing model: mcmodel_fold5_l1_g1_i2.pth
Initializing ClassificationModel with 1 GAT layers and residual connections...
Initializing MCModel with 1 GAT layers and 2 row attention layers...
Initializing CGModel with 1 GAT layers and residual connections...
Initializing CoreModel with 1 self-attention layers...

Metrics for Lchain:
  Accuracy: 69.08%
  Precision: 0.3884
  Recall: 0.8984
  AUC-ROC: 0.8495
  AUC-PR: 0.5485

Metrics for Hchain:
  Accuracy: 58.87%
  Precision: 0.3834
  Recall: 0.9688
  AUC-ROC: 0.8494
  AUC-PR: 0.6333

Metrics for Antibody:
  Accuracy: 63.78%
  Precision: 0.3854
  Recall: 0.9391
  AUC-ROC: 0.8489
  AUC-PR: 0.5974

Metrics for Antigen:
  Accuracy: 70.44%
  Precision: 0.2534
  Recall: 0.8474
  AUC-ROC: 0.8304
  AUC-PR: 0.3059

Metrics for AGchain_0:
  Accuracy: 71.56%
  Precision: 0.2658
  Recall: 0.8580
  AUC-ROC: 0.8438
  AUC-PR: 0.3414

Metrics for AGchain_1:
  Accuracy: 49.76%
  Precision: 0.0919
  Recall: 0.5796
  AUC-ROC: 0.5366
  AUC-PR: 0.0839

Metrics for AGchain_2:
  Accuracy: 44.49%
  Precision: 0.0310
  Recall: 0.2667
  AUC-ROC: 0.3788
  AUC-PR: 0.0449

Testing model: mcmodel_fold5_l1_g2_i1.pth
Initializing ClassificationModel with 2 GAT layers and residual connections...
Initializing MCModel with 2 GAT layers and 1 row attention layers...
Initializing CGModel with 2 GAT layers and residual connections...
Initializing CoreModel with 1 self-attention layers...

Metrics for Lchain:
  Accuracy: 72.20%
  Precision: 0.4138
  Recall: 0.8734
  AUC-ROC: 0.8572
  AUC-PR: 0.5932

Metrics for Hchain:
  Accuracy: 61.10%
  Precision: 0.3922
  Recall: 0.9155
  AUC-ROC: 0.8223
  AUC-PR: 0.6094

Metrics for Antibody:
  Accuracy: 66.43%
  Precision: 0.4008
  Recall: 0.8978
  AUC-ROC: 0.8397
  AUC-PR: 0.6019

Metrics for Antigen:
  Accuracy: 72.59%
  Precision: 0.2643
  Recall: 0.8162
  AUC-ROC: 0.8233
  AUC-PR: 0.2869

Metrics for AGchain_0:
  Accuracy: 73.76%
  Precision: 0.2783
  Recall: 0.8271
  AUC-ROC: 0.8399
  AUC-PR: 0.3469

Metrics for AGchain_1:
  Accuracy: 51.06%
  Precision: 0.0879
  Recall: 0.5321
  AUC-ROC: 0.5219
  AUC-PR: 0.0835

Metrics for AGchain_2:
  Accuracy: 43.67%
  Precision: 0.0511
  Recall: 0.4667
  AUC-ROC: 0.4723
  AUC-PR: 0.0543

Testing model: mcmodel_fold5_l2_g1_i1.pth
Initializing ClassificationModel with 1 GAT layers and residual connections...
Initializing MCModel with 1 GAT layers and 1 row attention layers...
Initializing CGModel with 1 GAT layers and residual connections...
Initializing CoreModel with 2 self-attention layers...

Metrics for Lchain:
  Accuracy: 69.47%
  Precision: 0.3925
  Recall: 0.9077
  AUC-ROC: 0.8604
  AUC-PR: 0.5708

Metrics for Hchain:
  Accuracy: 55.65%
  Precision: 0.3659
  Recall: 0.9741
  AUC-ROC: 0.8486
  AUC-PR: 0.6380

Metrics for Antibody:
  Accuracy: 62.29%
  Precision: 0.3762
  Recall: 0.9461
  AUC-ROC: 0.8531
  AUC-PR: 0.6087

Metrics for Antigen:
  Accuracy: 67.70%
  Precision: 0.2407
  Recall: 0.8795
  AUC-ROC: 0.8298
  AUC-PR: 0.3065

Metrics for AGchain_0:
  Accuracy: 68.86%
  Precision: 0.2521
  Recall: 0.8900
  AUC-ROC: 0.8447
  AUC-PR: 0.3490

Metrics for AGchain_1:
  Accuracy: 46.61%
  Precision: 0.0899
  Recall: 0.6057
  AUC-ROC: 0.5484
  AUC-PR: 0.0867

Metrics for AGchain_2:
  Accuracy: 32.65%
  Precision: 0.0482
  Recall: 0.5333
  AUC-ROC: 0.3933
  AUC-PR: 0.0459
