
Testing model: mcmodel_fold1_l1_g1_i1.pth
Initializing ClassificationModel with 1 GAT layers and residual connections...
Initializing MCModel with 1 GAT layers and 1 row attention layers...
Initializing CoreModel with 1 self-attention layers...
Results saved to mcmodel_fold1_l1_g1_i1.pth_predictions.csv

Metrics for Lchain:
  Accuracy: 0.00%
  Precision: 0.0000
  Recall: 0.0000
  AUC-ROC: 0.0000
  AUC-PR: 0.0000

Metrics for Hchain:
  Accuracy: 0.00%
  Precision: 0.0000
  Recall: 0.0000
  AUC-ROC: 0.0000
  AUC-PR: 0.0000

Metrics for AGchain_0:
  Accuracy: 0.00%
  Precision: 0.0000
  Recall: 0.0000
  AUC-ROC: 0.0000
  AUC-PR: 0.0000

Metrics for AGchain_1:
  Accuracy: 66.67%
  Precision: 0.4259
  Recall: 0.4035
  AUC-ROC: 0.6427
  AUC-PR: 0.4287

Metrics for AGchain_2:
  Accuracy: 71.43%
  Precision: 1.0000
  Recall: 0.2000
  AUC-ROC: 0.6000
  AUC-PR: 0.5442
