
Testing model: mcmodel_fold1_l1_g1_i1.pth
Initializing ClassificationModel with 1 GAT layers and residual connections...
Initializing MCModel with 1 GAT layers and 1 row attention layers...
Initializing CGModel with 1 GAT layers and residual connections...
Initializing CoreModel with 1 self-attention layers...

Metrics for Lchain:
  Accuracy: 83.75%
  Precision: 0.6029
  Recall: 0.5955
  AUC-ROC: 0.8745
  AUC-PR: 0.6147

Metrics for Hchain:
  Accuracy: 81.44%
  Precision: 0.6346
  Recall: 0.6663
  AUC-ROC: 0.8675
  AUC-PR: 0.6777

Metrics for AGchain_0:
  Accuracy: 87.39%
  Precision: 0.4198
  Recall: 0.2971
  AUC-ROC: 0.8478
  AUC-PR: 0.3635

Metrics for AGchain_1:
  Accuracy: 73.94%
  Precision: 0.0700
  Recall: 0.1781
  AUC-ROC: 0.5310
  AUC-PR: 0.0816

Metrics for AGchain_2:
  Accuracy: 80.82%
  Precision: 0.0000
  Recall: 0.0000
  AUC-ROC: 0.4359
  AUC-PR: 0.0500

Testing model: mcmodel_fold2_l1_g1_i1.pth
Initializing ClassificationModel with 1 GAT layers and residual connections...
Initializing MCModel with 1 GAT layers and 1 row attention layers...
Initializing CGModel with 1 GAT layers and residual connections...
Initializing CoreModel with 1 self-attention layers...

Metrics for Lchain:
  Accuracy: 83.99%
  Precision: 0.6110
  Recall: 0.5915
  AUC-ROC: 0.8761
  AUC-PR: 0.6196

Metrics for Hchain:
  Accuracy: 81.34%
  Precision: 0.6317
  Recall: 0.6690
  AUC-ROC: 0.8669
  AUC-PR: 0.6791

Metrics for AGchain_0:
  Accuracy: 87.15%
  Precision: 0.4168
  Recall: 0.3388
  AUC-ROC: 0.8511
  AUC-PR: 0.3749

Metrics for AGchain_1:
  Accuracy: 76.56%
  Precision: 0.0728
  Recall: 0.1591
  AUC-ROC: 0.5157
  AUC-PR: 0.0799

Metrics for AGchain_2:
  Accuracy: 79.59%
  Precision: 0.0000
  Recall: 0.0000
  AUC-ROC: 0.4012
  AUC-PR: 0.0464

Testing model: mcmodel_fold3_l1_g1_i1.pth
Initializing ClassificationModel with 1 GAT layers and residual connections...
Initializing MCModel with 1 GAT layers and 1 row attention layers...
Initializing CGModel with 1 GAT layers and residual connections...
Initializing CoreModel with 1 self-attention layers...

Metrics for Lchain:
  Accuracy: 84.69%
  Precision: 0.6552
  Recall: 0.5260
  AUC-ROC: 0.8782
  AUC-PR: 0.6307

Metrics for Hchain:
  Accuracy: 82.10%
  Precision: 0.6674
  Recall: 0.6146
  AUC-ROC: 0.8686
  AUC-PR: 0.6843

Metrics for AGchain_0:
  Accuracy: 87.79%
  Precision: 0.4288
  Recall: 0.2361
  AUC-ROC: 0.8495
  AUC-PR: 0.3648

Metrics for AGchain_1:
  Accuracy: 77.53%
  Precision: 0.0780
  Recall: 0.1615
  AUC-ROC: 0.5405
  AUC-PR: 0.0841

Metrics for AGchain_2:
  Accuracy: 76.73%
  Precision: 0.0000
  Recall: 0.0000
  AUC-ROC: 0.3846
  AUC-PR: 0.0450

Testing model: mcmodel_fold4_l1_g1_i1.pth
Initializing ClassificationModel with 1 GAT layers and residual connections...
Initializing MCModel with 1 GAT layers and 1 row attention layers...
Initializing CGModel with 1 GAT layers and residual connections...
Initializing CoreModel with 1 self-attention layers...

Metrics for Lchain:
  Accuracy: 83.65%
  Precision: 0.5970
  Recall: 0.6092
  AUC-ROC: 0.8716
  AUC-PR: 0.6106

Metrics for Hchain:
  Accuracy: 80.45%
  Precision: 0.6073
  Recall: 0.6914
  AUC-ROC: 0.8655
  AUC-PR: 0.6870

Metrics for AGchain_0:
  Accuracy: 87.93%
  Precision: 0.4424
  Recall: 0.2536
  AUC-ROC: 0.8519
  AUC-PR: 0.3773

Metrics for AGchain_1:
  Accuracy: 79.32%
  Precision: 0.0589
  Recall: 0.1021
  AUC-ROC: 0.4922
  AUC-PR: 0.0744

Metrics for AGchain_2:
  Accuracy: 85.71%
  Precision: 0.0000
  Recall: 0.0000
  AUC-ROC: 0.4410
  AUC-PR: 0.0502

Testing model: mcmodel_fold5_l1_g1_i1.pth
Initializing ClassificationModel with 1 GAT layers and residual connections...
Initializing MCModel with 1 GAT layers and 1 row attention layers...
Initializing CGModel with 1 GAT layers and residual connections...
Initializing CoreModel with 1 self-attention layers...

Metrics for Lchain:
  Accuracy: 84.18%
  Precision: 0.6114
  Recall: 0.6150
  AUC-ROC: 0.8794
  AUC-PR: 0.6303

Metrics for Hchain:
  Accuracy: 80.90%
  Precision: 0.6228
  Recall: 0.6641
  AUC-ROC: 0.8605
  AUC-PR: 0.6792

Metrics for AGchain_0:
  Accuracy: 87.00%
  Precision: 0.3967
  Recall: 0.2846
  AUC-ROC: 0.8421
  AUC-PR: 0.3523

Metrics for AGchain_1:
  Accuracy: 72.09%
  Precision: 0.0795
  Recall: 0.2280
  AUC-ROC: 0.5278
  AUC-PR: 0.0826

Metrics for AGchain_2:
  Accuracy: 76.73%
  Precision: 0.0000
  Recall: 0.0000
  AUC-ROC: 0.4128
  AUC-PR: 0.0473
