
Testing model: mcmodel_fold1_l1_g1_i1_dp0.0.pth
Initializing ClassificationModel with 1 GAT layers and residual connections...
Initializing MCModel with 1 GAT layers and 1 row attention layers...
Initializing CGModel with 1 GAT layers and residual connections...
Initializing CoreModel with 1 self-attention layers...

Metrics for Lchain:
  Accuracy: 79.22%
  Precision: 0.4941
  Recall: 0.7940
  AUC-ROC: 0.8758
  AUC-PR: 0.6327

Metrics for Hchain:
  Accuracy: 73.84%
  Precision: 0.4968
  Recall: 0.8769
  AUC-ROC: 0.8779
  AUC-PR: 0.6964

Metrics for Antibody:
  Accuracy: 76.42%
  Precision: 0.4958
  Recall: 0.8420
  AUC-ROC: 0.8745
  AUC-PR: 0.6625

Metrics for Antigen:
  Accuracy: 78.85%
  Precision: 0.3080
  Recall: 0.7180
  AUC-ROC: 0.8521
  AUC-PR: 0.3723

Metrics for AGchain_0:
  Accuracy: 79.39%
  Precision: 0.3204
  Recall: 0.7321
  AUC-ROC: 0.8611
  AUC-PR: 0.3902

Metrics for AGchain_1:
  Accuracy: 69.10%
  Precision: 0.1020
  Recall: 0.3563
  AUC-ROC: 0.5587
  AUC-PR: 0.0982

Metrics for AGchain_2:
  Accuracy: 62.86%
  Precision: 0.0250
  Recall: 0.1333
  AUC-ROC: 0.4026
  AUC-PR: 0.0463

Testing model: mcmodel_fold1_l1_g1_i1_dp0.1.pth
Initializing ClassificationModel with 1 GAT layers and residual connections...
Initializing MCModel with 1 GAT layers and 1 row attention layers...
Initializing CGModel with 1 GAT layers and residual connections...
Initializing CoreModel with 1 self-attention layers...

Metrics for Lchain:
  Accuracy: 79.60%
  Precision: 0.4998
  Recall: 0.8048
  AUC-ROC: 0.8783
  AUC-PR: 0.6301

Metrics for Hchain:
  Accuracy: 73.32%
  Precision: 0.4916
  Recall: 0.9040
  AUC-ROC: 0.8857
  AUC-PR: 0.7113

Metrics for Antibody:
  Accuracy: 76.34%
  Precision: 0.4948
  Recall: 0.8622
  AUC-ROC: 0.8805
  AUC-PR: 0.6745

Metrics for Antigen:
  Accuracy: 75.72%
  Precision: 0.2842
  Recall: 0.7742
  AUC-ROC: 0.8454
  AUC-PR: 0.3325

Metrics for AGchain_0:
  Accuracy: 76.58%
  Precision: 0.2976
  Recall: 0.7850
  AUC-ROC: 0.8570
  AUC-PR: 0.3752

Metrics for AGchain_1:
  Accuracy: 59.51%
  Precision: 0.1015
  Recall: 0.5036
  AUC-ROC: 0.5667
  AUC-PR: 0.0898

Metrics for AGchain_2:
  Accuracy: 60.82%
  Precision: 0.0235
  Recall: 0.1333
  AUC-ROC: 0.3890
  AUC-PR: 0.0457

Testing model: mcmodel_fold1_l1_g1_i1_dp0.3.pth
Initializing ClassificationModel with 1 GAT layers and residual connections...
Initializing MCModel with 1 GAT layers and 1 row attention layers...
Initializing CGModel with 1 GAT layers and residual connections...
Initializing CoreModel with 1 self-attention layers...

Metrics for Lchain:
  Accuracy: 76.91%
  Precision: 0.4624
  Recall: 0.8141
  AUC-ROC: 0.8690
  AUC-PR: 0.6021

Metrics for Hchain:
  Accuracy: 70.92%
  Precision: 0.4686
  Recall: 0.9241
  AUC-ROC: 0.8830
  AUC-PR: 0.7071

Metrics for Antibody:
  Accuracy: 73.80%
  Precision: 0.4662
  Recall: 0.8778
  AUC-ROC: 0.8744
  AUC-PR: 0.6596

Metrics for Antigen:
  Accuracy: 75.94%
  Precision: 0.2851
  Recall: 0.7672
  AUC-ROC: 0.8409
  AUC-PR: 0.3226

Metrics for AGchain_0:
  Accuracy: 77.17%
  Precision: 0.3024
  Recall: 0.7775
  AUC-ROC: 0.8550
  AUC-PR: 0.3674

Metrics for AGchain_1:
  Accuracy: 53.16%
  Precision: 0.0874
  Recall: 0.5012
  AUC-ROC: 0.5322
  AUC-PR: 0.0826

Metrics for AGchain_2:
  Accuracy: 46.94%
  Precision: 0.0400
  Recall: 0.3333
  AUC-ROC: 0.4690
  AUC-PR: 0.0683

Testing model: mcmodel_fold1_l1_g1_i2_dp0.0.pth
Initializing ClassificationModel with 1 GAT layers and residual connections...
Initializing MCModel with 1 GAT layers and 2 row attention layers...
Initializing CGModel with 1 GAT layers and residual connections...
Initializing CoreModel with 1 self-attention layers...

Metrics for Lchain:
  Accuracy: 79.03%
  Precision: 0.4913
  Recall: 0.8110
  AUC-ROC: 0.8781
  AUC-PR: 0.6368

Metrics for Hchain:
  Accuracy: 71.62%
  Precision: 0.4746
  Recall: 0.9073
  AUC-ROC: 0.8734
  AUC-PR: 0.6832

Metrics for Antibody:
  Accuracy: 75.18%
  Precision: 0.4811
  Recall: 0.8667
  AUC-ROC: 0.8736
  AUC-PR: 0.6565

Metrics for Antigen:
  Accuracy: 76.35%
  Precision: 0.2850
  Recall: 0.7418
  AUC-ROC: 0.8435
  AUC-PR: 0.3455

Metrics for AGchain_0:
  Accuracy: 77.01%
  Precision: 0.2971
  Recall: 0.7543
  AUC-ROC: 0.8528
  AUC-PR: 0.3708

Metrics for AGchain_1:
  Accuracy: 63.74%
  Precision: 0.0988
  Recall: 0.4228
  AUC-ROC: 0.5598
  AUC-PR: 0.0934

Metrics for AGchain_2:
  Accuracy: 70.20%
  Precision: 0.0469
  Recall: 0.2000
  AUC-ROC: 0.4993
  AUC-PR: 0.0566

Testing model: mcmodel_fold1_l1_g1_i2_dp0.1.pth
Initializing ClassificationModel with 1 GAT layers and residual connections...
Initializing MCModel with 1 GAT layers and 2 row attention layers...
Initializing CGModel with 1 GAT layers and residual connections...
Initializing CoreModel with 1 self-attention layers...

Metrics for Lchain:
  Accuracy: 77.05%
  Precision: 0.4653
  Recall: 0.8421
  AUC-ROC: 0.8764
  AUC-PR: 0.6260

Metrics for Hchain:
  Accuracy: 69.64%
  Precision: 0.4573
  Recall: 0.9282
  AUC-ROC: 0.8787
  AUC-PR: 0.6911

Metrics for Antibody:
  Accuracy: 73.20%
  Precision: 0.4605
  Recall: 0.8919
  AUC-ROC: 0.8761
  AUC-PR: 0.6590

Metrics for Antigen:
  Accuracy: 74.99%
  Precision: 0.2830
  Recall: 0.8097
  AUC-ROC: 0.8479
  AUC-PR: 0.3364

Metrics for AGchain_0:
  Accuracy: 76.06%
  Precision: 0.2978
  Recall: 0.8205
  AUC-ROC: 0.8590
  AUC-PR: 0.3705

Metrics for AGchain_1:
  Accuracy: 54.96%
  Precision: 0.0962
  Recall: 0.5368
  AUC-ROC: 0.5691
  AUC-PR: 0.0930

Metrics for AGchain_2:
  Accuracy: 53.47%
  Precision: 0.0286
  Recall: 0.2000
  AUC-ROC: 0.3713
  AUC-PR: 0.0440

Testing model: mcmodel_fold1_l1_g1_i2_dp0.3.pth
Initializing ClassificationModel with 1 GAT layers and residual connections...
Initializing MCModel with 1 GAT layers and 2 row attention layers...
Initializing CGModel with 1 GAT layers and residual connections...
Initializing CoreModel with 1 self-attention layers...

Metrics for Lchain:
  Accuracy: 73.67%
  Precision: 0.4289
  Recall: 0.8789
  AUC-ROC: 0.8738
  AUC-PR: 0.6137

Metrics for Hchain:
  Accuracy: 64.38%
  Precision: 0.4181
  Recall: 0.9613
  AUC-ROC: 0.8802
  AUC-PR: 0.7002

Metrics for Antibody:
  Accuracy: 68.85%
  Precision: 0.4224
  Recall: 0.9266
  AUC-ROC: 0.8754
  AUC-PR: 0.6600

Metrics for Antigen:
  Accuracy: 72.22%
  Precision: 0.2672
  Recall: 0.8545
  AUC-ROC: 0.8413
  AUC-PR: 0.3140

Metrics for AGchain_0:
  Accuracy: 73.26%
  Precision: 0.2801
  Recall: 0.8675
  AUC-ROC: 0.8531
  AUC-PR: 0.3439

Metrics for AGchain_1:
  Accuracy: 52.96%
  Precision: 0.0901
  Recall: 0.5226
  AUC-ROC: 0.5236
  AUC-PR: 0.0817

Metrics for AGchain_2:
  Accuracy: 48.57%
  Precision: 0.0336
  Recall: 0.2667
  AUC-ROC: 0.4203
  AUC-PR: 0.0501

Testing model: mcmodel_fold1_l1_g2_i1_dp0.0.pth
Initializing ClassificationModel with 2 GAT layers and residual connections...
Initializing MCModel with 2 GAT layers and 1 row attention layers...
Initializing CGModel with 2 GAT layers and residual connections...
Initializing CoreModel with 1 self-attention layers...

Metrics for Lchain:
  Accuracy: 80.02%
  Precision: 0.5064
  Recall: 0.7957
  AUC-ROC: 0.8719
  AUC-PR: 0.6259

Metrics for Hchain:
  Accuracy: 75.93%
  Precision: 0.5202
  Recall: 0.9000
  AUC-ROC: 0.8869
  AUC-PR: 0.7001

Metrics for Antibody:
  Accuracy: 77.90%
  Precision: 0.5147
  Recall: 0.8560
  AUC-ROC: 0.8771
  AUC-PR: 0.6615

Metrics for Antigen:
  Accuracy: 81.91%
  Precision: 0.3392
  Recall: 0.6551
  AUC-ROC: 0.8522
  AUC-PR: 0.3893

Metrics for AGchain_0:
  Accuracy: 82.20%
  Precision: 0.3505
  Recall: 0.6701
  AUC-ROC: 0.8612
  AUC-PR: 0.4066

Metrics for AGchain_1:
  Accuracy: 76.31%
  Precision: 0.1087
  Recall: 0.2637
  AUC-ROC: 0.5402
  AUC-PR: 0.0911

Metrics for AGchain_2:
  Accuracy: 80.41%
  Precision: 0.0769
  Recall: 0.2000
  AUC-ROC: 0.4907
  AUC-PR: 0.0558

Testing model: mcmodel_fold1_l1_g2_i1_dp0.1.pth
Initializing ClassificationModel with 2 GAT layers and residual connections...
Initializing MCModel with 2 GAT layers and 1 row attention layers...
Initializing CGModel with 2 GAT layers and residual connections...
Initializing CoreModel with 1 self-attention layers...

Metrics for Lchain:
  Accuracy: 75.46%
  Precision: 0.4476
  Recall: 0.8702
  AUC-ROC: 0.8759
  AUC-PR: 0.6149

Metrics for Hchain:
  Accuracy: 73.13%
  Precision: 0.4900
  Recall: 0.9426
  AUC-ROC: 0.8961
  AUC-PR: 0.7166

Metrics for Antibody:
  Accuracy: 74.25%
  Precision: 0.4720
  Recall: 0.9121
  AUC-ROC: 0.8864
  AUC-PR: 0.6740

Metrics for Antigen:
  Accuracy: 77.28%
  Precision: 0.3028
  Recall: 0.7956
  AUC-ROC: 0.8636
  AUC-PR: 0.4108

Metrics for AGchain_0:
  Accuracy: 77.66%
  Precision: 0.3131
  Recall: 0.8150
  AUC-ROC: 0.8716
  AUC-PR: 0.4232

Metrics for AGchain_1:
  Accuracy: 70.19%
  Precision: 0.0904
  Recall: 0.2922
  AUC-ROC: 0.5316
  AUC-PR: 0.0866

Metrics for AGchain_2:
  Accuracy: 71.84%
  Precision: 0.0345
  Recall: 0.1333
  AUC-ROC: 0.4261
  AUC-PR: 0.0487

Testing model: mcmodel_fold1_l1_g2_i1_dp0.3.pth
Initializing ClassificationModel with 2 GAT layers and residual connections...
Initializing MCModel with 2 GAT layers and 1 row attention layers...
Initializing CGModel with 2 GAT layers and residual connections...
Initializing CoreModel with 1 self-attention layers...

Metrics for Lchain:
  Accuracy: 76.87%
  Precision: 0.4632
  Recall: 0.8465
  AUC-ROC: 0.8748
  AUC-PR: 0.6239

Metrics for Hchain:
  Accuracy: 72.17%
  Precision: 0.4809
  Recall: 0.9519
  AUC-ROC: 0.8897
  AUC-PR: 0.7062

Metrics for Antibody:
  Accuracy: 74.43%
  Precision: 0.4738
  Recall: 0.9075
  AUC-ROC: 0.8817
  AUC-PR: 0.6682

Metrics for Antigen:
  Accuracy: 73.33%
  Precision: 0.2727
  Recall: 0.8338
  AUC-ROC: 0.8491
  AUC-PR: 0.3525

Metrics for AGchain_0:
  Accuracy: 74.34%
  Precision: 0.2861
  Recall: 0.8469
  AUC-ROC: 0.8642
  AUC-PR: 0.4028

Metrics for AGchain_1:
  Accuracy: 54.36%
  Precision: 0.0890
  Recall: 0.4964
  AUC-ROC: 0.5152
  AUC-PR: 0.0787

Metrics for AGchain_2:
  Accuracy: 57.55%
  Precision: 0.0505
  Recall: 0.3333
  AUC-ROC: 0.4433
  AUC-PR: 0.0501

Testing model: mcmodel_fold1_l2_g1_i1_dp0.0.pth
Initializing ClassificationModel with 1 GAT layers and residual connections...
Initializing MCModel with 1 GAT layers and 1 row attention layers...
Initializing CGModel with 1 GAT layers and residual connections...
Initializing CoreModel with 2 self-attention layers...

Metrics for Lchain:
  Accuracy: 80.32%
  Precision: 0.5112
  Recall: 0.7871
  AUC-ROC: 0.8733
  AUC-PR: 0.6360

Metrics for Hchain:
  Accuracy: 72.93%
  Precision: 0.4873
  Recall: 0.8874
  AUC-ROC: 0.8738
  AUC-PR: 0.7006

Metrics for Antibody:
  Accuracy: 76.48%
  Precision: 0.4964
  Recall: 0.8451
  AUC-ROC: 0.8711
  AUC-PR: 0.6647

Metrics for Antigen:
  Accuracy: 78.38%
  Precision: 0.3005
  Recall: 0.7065
  AUC-ROC: 0.8451
  AUC-PR: 0.3638

Metrics for AGchain_0:
  Accuracy: 78.99%
  Precision: 0.3136
  Recall: 0.7203
  AUC-ROC: 0.8547
  AUC-PR: 0.3837

Metrics for AGchain_1:
  Accuracy: 66.89%
  Precision: 0.0942
  Recall: 0.3539
  AUC-ROC: 0.5545
  AUC-PR: 0.0891

Metrics for AGchain_2:
  Accuracy: 68.98%
  Precision: 0.0159
  Recall: 0.0667
  AUC-ROC: 0.4146
  AUC-PR: 0.0474

Testing model: mcmodel_fold1_l2_g1_i1_dp0.1.pth
Initializing ClassificationModel with 1 GAT layers and residual connections...
Initializing MCModel with 1 GAT layers and 1 row attention layers...
Initializing CGModel with 1 GAT layers and residual connections...
Initializing CoreModel with 2 self-attention layers...

Metrics for Lchain:
  Accuracy: 78.82%
  Precision: 0.4885
  Recall: 0.8270
  AUC-ROC: 0.8812
  AUC-PR: 0.6283

Metrics for Hchain:
  Accuracy: 70.45%
  Precision: 0.4644
  Recall: 0.9256
  AUC-ROC: 0.8831
  AUC-PR: 0.7033

Metrics for Antibody:
  Accuracy: 74.47%
  Precision: 0.4736
  Recall: 0.8840
  AUC-ROC: 0.8787
  AUC-PR: 0.6613

Metrics for Antigen:
  Accuracy: 76.24%
  Precision: 0.2877
  Recall: 0.7650
  AUC-ROC: 0.8469
  AUC-PR: 0.3460

Metrics for AGchain_0:
  Accuracy: 77.48%
  Precision: 0.3051
  Recall: 0.7737
  AUC-ROC: 0.8597
  AUC-PR: 0.3852

Metrics for AGchain_1:
  Accuracy: 53.12%
  Precision: 0.0941
  Recall: 0.5487
  AUC-ROC: 0.5511
  AUC-PR: 0.0867

Metrics for AGchain_2:
  Accuracy: 50.61%
  Precision: 0.0268
  Recall: 0.2000
  AUC-ROC: 0.4283
  AUC-PR: 0.0491

Testing model: mcmodel_fold1_l2_g1_i1_dp0.3.pth
Initializing ClassificationModel with 1 GAT layers and residual connections...
Initializing MCModel with 1 GAT layers and 1 row attention layers...
Initializing CGModel with 1 GAT layers and residual connections...
Initializing CoreModel with 2 self-attention layers...

Metrics for Lchain:
  Accuracy: 77.65%
  Precision: 0.4724
  Recall: 0.8208
  AUC-ROC: 0.8767
  AUC-PR: 0.6224

Metrics for Hchain:
  Accuracy: 70.65%
  Precision: 0.4664
  Recall: 0.9314
  AUC-ROC: 0.8834
  AUC-PR: 0.6995

Metrics for Antibody:
  Accuracy: 74.01%
  Precision: 0.4687
  Recall: 0.8848
  AUC-ROC: 0.8778
  AUC-PR: 0.6612

Metrics for Antigen:
  Accuracy: 76.77%
  Precision: 0.2923
  Recall: 0.7613
  AUC-ROC: 0.8415
  AUC-PR: 0.3185

Metrics for AGchain_0:
  Accuracy: 78.08%
  Precision: 0.3113
  Recall: 0.7717
  AUC-ROC: 0.8570
  AUC-PR: 0.3698

Metrics for AGchain_1:
  Accuracy: 52.30%
  Precision: 0.0849
  Recall: 0.4941
  AUC-ROC: 0.5199
  AUC-PR: 0.0802

Metrics for AGchain_2:
  Accuracy: 50.20%
  Precision: 0.0427
  Recall: 0.3333
  AUC-ROC: 0.4413
  AUC-PR: 0.0518

Testing model: mcmodel_fold2_l1_g1_i1_dp0.0.pth
Initializing ClassificationModel with 1 GAT layers and residual connections...
Initializing MCModel with 1 GAT layers and 1 row attention layers...
Initializing CGModel with 1 GAT layers and residual connections...
Initializing CoreModel with 1 self-attention layers...

Metrics for Lchain:
  Accuracy: 80.25%
  Precision: 0.5102
  Recall: 0.7813
  AUC-ROC: 0.8752
  AUC-PR: 0.6351

Metrics for Hchain:
  Accuracy: 74.56%
  Precision: 0.5049
  Recall: 0.8634
  AUC-ROC: 0.8695
  AUC-PR: 0.6930

Metrics for Antibody:
  Accuracy: 77.29%
  Precision: 0.5070
  Recall: 0.8288
  AUC-ROC: 0.8710
  AUC-PR: 0.6608

Metrics for Antigen:
  Accuracy: 78.01%
  Precision: 0.2989
  Recall: 0.7209
  AUC-ROC: 0.8461
  AUC-PR: 0.3572

Metrics for AGchain_0:
  Accuracy: 78.48%
  Precision: 0.3097
  Recall: 0.7327
  AUC-ROC: 0.8542
  AUC-PR: 0.3699

Metrics for AGchain_1:
  Accuracy: 69.35%
  Precision: 0.1171
  Recall: 0.4204
  AUC-ROC: 0.5895
  AUC-PR: 0.1069

Metrics for AGchain_2:
  Accuracy: 68.57%
  Precision: 0.0303
  Recall: 0.1333
  AUC-ROC: 0.3914
  AUC-PR: 0.0465

Testing model: mcmodel_fold2_l1_g1_i1_dp0.1.pth
Initializing ClassificationModel with 1 GAT layers and residual connections...
Initializing MCModel with 1 GAT layers and 1 row attention layers...
Initializing CGModel with 1 GAT layers and residual connections...
Initializing CoreModel with 1 self-attention layers...

Metrics for Lchain:
  Accuracy: 76.84%
  Precision: 0.4623
  Recall: 0.8321
  AUC-ROC: 0.8758
  AUC-PR: 0.6224

Metrics for Hchain:
  Accuracy: 70.02%
  Precision: 0.4609
  Recall: 0.9357
  AUC-ROC: 0.8848
  AUC-PR: 0.7043

Metrics for Antibody:
  Accuracy: 73.30%
  Precision: 0.4615
  Recall: 0.8920
  AUC-ROC: 0.8789
  AUC-PR: 0.6654

Metrics for Antigen:
  Accuracy: 76.05%
  Precision: 0.2900
  Recall: 0.7914
  AUC-ROC: 0.8490
  AUC-PR: 0.3373

Metrics for AGchain_0:
  Accuracy: 76.99%
  Precision: 0.3045
  Recall: 0.8035
  AUC-ROC: 0.8604
  AUC-PR: 0.3742

Metrics for AGchain_1:
  Accuracy: 58.94%
  Precision: 0.0967
  Recall: 0.4822
  AUC-ROC: 0.5563
  AUC-PR: 0.0866

Metrics for AGchain_2:
  Accuracy: 48.57%
  Precision: 0.0256
  Recall: 0.2000
  AUC-ROC: 0.3623
  AUC-PR: 0.0458

Testing model: mcmodel_fold2_l1_g1_i1_dp0.3.pth
Initializing ClassificationModel with 1 GAT layers and residual connections...
Initializing MCModel with 1 GAT layers and 1 row attention layers...
Initializing CGModel with 1 GAT layers and residual connections...
Initializing CoreModel with 1 self-attention layers...

Metrics for Lchain:
  Accuracy: 74.61%
  Precision: 0.4364
  Recall: 0.8416
  AUC-ROC: 0.8670
  AUC-PR: 0.6033

Metrics for Hchain:
  Accuracy: 68.46%
  Precision: 0.4481
  Recall: 0.9435
  AUC-ROC: 0.8819
  AUC-PR: 0.6962

Metrics for Antibody:
  Accuracy: 71.42%
  Precision: 0.4434
  Recall: 0.9005
  AUC-ROC: 0.8738
  AUC-PR: 0.6578

Metrics for Antigen:
  Accuracy: 76.27%
  Precision: 0.2891
  Recall: 0.7719
  AUC-ROC: 0.8434
  AUC-PR: 0.3198

Metrics for AGchain_0:
  Accuracy: 77.41%
  Precision: 0.3055
  Recall: 0.7815
  AUC-ROC: 0.8571
  AUC-PR: 0.3673

Metrics for AGchain_1:
  Accuracy: 55.41%
  Precision: 0.0947
  Recall: 0.5202
  AUC-ROC: 0.5464
  AUC-PR: 0.0845

Metrics for AGchain_2:
  Accuracy: 45.71%
  Precision: 0.0530
  Recall: 0.4667
  AUC-ROC: 0.4823
  AUC-PR: 0.0537

Testing model: mcmodel_fold2_l1_g1_i2_dp0.0.pth
Initializing ClassificationModel with 1 GAT layers and residual connections...
Initializing MCModel with 1 GAT layers and 2 row attention layers...
Initializing CGModel with 1 GAT layers and residual connections...
Initializing CoreModel with 1 self-attention layers...

Metrics for Lchain:
  Accuracy: 77.30%
  Precision: 0.4681
  Recall: 0.8323
  AUC-ROC: 0.8736
  AUC-PR: 0.6286

Metrics for Hchain:
  Accuracy: 70.00%
  Precision: 0.4604
  Recall: 0.9268
  AUC-ROC: 0.8778
  AUC-PR: 0.6908

Metrics for Antibody:
  Accuracy: 73.51%
  Precision: 0.4634
  Recall: 0.8870
  AUC-ROC: 0.8737
  AUC-PR: 0.6594

Metrics for Antigen:
  Accuracy: 76.88%
  Precision: 0.2940
  Recall: 0.7652
  AUC-ROC: 0.8506
  AUC-PR: 0.3674

Metrics for AGchain_0:
  Accuracy: 77.41%
  Precision: 0.3055
  Recall: 0.7816
  AUC-ROC: 0.8588
  AUC-PR: 0.3812

Metrics for AGchain_1:
  Accuracy: 67.18%
  Precision: 0.0930
  Recall: 0.3444
  AUC-ROC: 0.5601
  AUC-PR: 0.0893

Metrics for AGchain_2:
  Accuracy: 60.41%
  Precision: 0.0119
  Recall: 0.0667
  AUC-ROC: 0.3674
  AUC-PR: 0.0440

Testing model: mcmodel_fold2_l1_g1_i2_dp0.1.pth
Initializing ClassificationModel with 1 GAT layers and residual connections...
Initializing MCModel with 1 GAT layers and 2 row attention layers...
Initializing CGModel with 1 GAT layers and residual connections...
Initializing CoreModel with 1 self-attention layers...

Metrics for Lchain:
  Accuracy: 73.30%
  Precision: 0.4253
  Recall: 0.8814
  AUC-ROC: 0.8769
  AUC-PR: 0.6267

Metrics for Hchain:
  Accuracy: 61.65%
  Precision: 0.3999
  Recall: 0.9630
  AUC-ROC: 0.8711
  AUC-PR: 0.6834

Metrics for Antibody:
  Accuracy: 67.25%
  Precision: 0.4097
  Recall: 0.9286
  AUC-ROC: 0.8717
  AUC-PR: 0.6525

Metrics for Antigen:
  Accuracy: 72.84%
  Precision: 0.2689
  Recall: 0.8344
  AUC-ROC: 0.8381
  AUC-PR: 0.3236

Metrics for AGchain_0:
  Accuracy: 73.67%
  Precision: 0.2808
  Recall: 0.8492
  AUC-ROC: 0.8472
  AUC-PR: 0.3386

Metrics for AGchain_1:
  Accuracy: 57.06%
  Precision: 0.0868
  Recall: 0.4466
  AUC-ROC: 0.5259
  AUC-PR: 0.0807

Metrics for AGchain_2:
  Accuracy: 61.22%
  Precision: 0.0745
  Recall: 0.4667
  AUC-ROC: 0.5043
  AUC-PR: 0.0636

Testing model: mcmodel_fold2_l1_g1_i2_dp0.3.pth
Initializing ClassificationModel with 1 GAT layers and residual connections...
Initializing MCModel with 1 GAT layers and 2 row attention layers...
Initializing CGModel with 1 GAT layers and residual connections...
Initializing CoreModel with 1 self-attention layers...

Metrics for Lchain:
  Accuracy: 76.38%
  Precision: 0.4575
  Recall: 0.8523
  AUC-ROC: 0.8766
  AUC-PR: 0.6174

Metrics for Hchain:
  Accuracy: 67.43%
  Precision: 0.4401
  Recall: 0.9515
  AUC-ROC: 0.8800
  AUC-PR: 0.7006

Metrics for Antibody:
  Accuracy: 71.73%
  Precision: 0.4468
  Recall: 0.9097
  AUC-ROC: 0.8766
  AUC-PR: 0.6627

Metrics for Antigen:
  Accuracy: 74.42%
  Precision: 0.2761
  Recall: 0.7970
  AUC-ROC: 0.8416
  AUC-PR: 0.3301

Metrics for AGchain_0:
  Accuracy: 75.48%
  Precision: 0.2909
  Recall: 0.8107
  AUC-ROC: 0.8540
  AUC-PR: 0.3657

Metrics for AGchain_1:
  Accuracy: 54.26%
  Precision: 0.0803
  Recall: 0.4394
  AUC-ROC: 0.5068
  AUC-PR: 0.0768

Metrics for AGchain_2:
  Accuracy: 61.22%
  Precision: 0.0652
  Recall: 0.4000
  AUC-ROC: 0.4888
  AUC-PR: 0.0629

Testing model: mcmodel_fold2_l1_g2_i1_dp0.0.pth
Initializing ClassificationModel with 2 GAT layers and residual connections...
Initializing MCModel with 2 GAT layers and 1 row attention layers...
Initializing CGModel with 2 GAT layers and residual connections...
Initializing CoreModel with 1 self-attention layers...

Metrics for Lchain:
  Accuracy: 78.42%
  Precision: 0.4836
  Recall: 0.8600
  AUC-ROC: 0.8844
  AUC-PR: 0.6330

Metrics for Hchain:
  Accuracy: 72.14%
  Precision: 0.4802
  Recall: 0.9273
  AUC-ROC: 0.8853
  AUC-PR: 0.7020

Metrics for Antibody:
  Accuracy: 75.16%
  Precision: 0.4815
  Recall: 0.8989
  AUC-ROC: 0.8842
  AUC-PR: 0.6707

Metrics for Antigen:
  Accuracy: 77.25%
  Precision: 0.2961
  Recall: 0.7542
  AUC-ROC: 0.8476
  AUC-PR: 0.3558

Metrics for AGchain_0:
  Accuracy: 77.85%
  Precision: 0.3082
  Recall: 0.7681
  AUC-ROC: 0.8554
  AUC-PR: 0.3719

Metrics for AGchain_1:
  Accuracy: 66.05%
  Precision: 0.1010
  Recall: 0.3990
  AUC-ROC: 0.5692
  AUC-PR: 0.0959

Metrics for AGchain_2:
  Accuracy: 64.49%
  Precision: 0.0263
  Recall: 0.1333
  AUC-ROC: 0.4467
  AUC-PR: 0.0506

Testing model: mcmodel_fold2_l1_g2_i1_dp0.1.pth
Initializing ClassificationModel with 2 GAT layers and residual connections...
Initializing MCModel with 2 GAT layers and 1 row attention layers...
Initializing CGModel with 2 GAT layers and residual connections...
Initializing CoreModel with 1 self-attention layers...

Metrics for Lchain:
  Accuracy: 78.60%
  Precision: 0.4858
  Recall: 0.8456
  AUC-ROC: 0.8849
  AUC-PR: 0.6258

Metrics for Hchain:
  Accuracy: 71.77%
  Precision: 0.4767
  Recall: 0.9340
  AUC-ROC: 0.8855
  AUC-PR: 0.7036

Metrics for Antibody:
  Accuracy: 75.05%
  Precision: 0.4803
  Recall: 0.8967
  AUC-ROC: 0.8841
  AUC-PR: 0.6663

Metrics for Antigen:
  Accuracy: 77.65%
  Precision: 0.3020
  Recall: 0.7650
  AUC-ROC: 0.8579
  AUC-PR: 0.3860

Metrics for AGchain_0:
  Accuracy: 78.43%
  Precision: 0.3161
  Recall: 0.7774
  AUC-ROC: 0.8673
  AUC-PR: 0.4076

Metrics for AGchain_1:
  Accuracy: 62.83%
  Precision: 0.1010
  Recall: 0.4489
  AUC-ROC: 0.5567
  AUC-PR: 0.0864

Metrics for AGchain_2:
  Accuracy: 67.35%
  Precision: 0.0423
  Recall: 0.2000
  AUC-ROC: 0.3899
  AUC-PR: 0.0467

Testing model: mcmodel_fold2_l1_g2_i1_dp0.3.pth
Initializing ClassificationModel with 2 GAT layers and residual connections...
Initializing MCModel with 2 GAT layers and 1 row attention layers...
Initializing CGModel with 2 GAT layers and residual connections...
Initializing CoreModel with 1 self-attention layers...

Metrics for Lchain:
  Accuracy: 71.67%
  Precision: 0.4116
  Recall: 0.9058
  AUC-ROC: 0.8718
  AUC-PR: 0.6078

Metrics for Hchain:
  Accuracy: 66.76%
  Precision: 0.4359
  Recall: 0.9678
  AUC-ROC: 0.8824
  AUC-PR: 0.6858

Metrics for Antibody:
  Accuracy: 69.12%
  Precision: 0.4257
  Recall: 0.9417
  AUC-ROC: 0.8773
  AUC-PR: 0.6542

Metrics for Antigen:
  Accuracy: 73.36%
  Precision: 0.2741
  Recall: 0.8415
  AUC-ROC: 0.8506
  AUC-PR: 0.3525

Metrics for AGchain_0:
  Accuracy: 74.45%
  Precision: 0.2880
  Recall: 0.8535
  AUC-ROC: 0.8634
  AUC-PR: 0.4052

Metrics for AGchain_1:
  Accuracy: 53.16%
  Precision: 0.0908
  Recall: 0.5249
  AUC-ROC: 0.5150
  AUC-PR: 0.0798

Metrics for AGchain_2:
  Accuracy: 49.80%
  Precision: 0.0645
  Recall: 0.5333
  AUC-ROC: 0.5451
  AUC-PR: 0.0668

Testing model: mcmodel_fold2_l2_g1_i1_dp0.0.pth
Initializing ClassificationModel with 1 GAT layers and residual connections...
Initializing MCModel with 1 GAT layers and 1 row attention layers...
Initializing CGModel with 1 GAT layers and residual connections...
Initializing CoreModel with 2 self-attention layers...

Metrics for Lchain:
  Accuracy: 80.36%
  Precision: 0.5124
  Recall: 0.7665
  AUC-ROC: 0.8728
  AUC-PR: 0.6360

Metrics for Hchain:
  Accuracy: 73.16%
  Precision: 0.4896
  Recall: 0.8825
  AUC-ROC: 0.8726
  AUC-PR: 0.6928

Metrics for Antibody:
  Accuracy: 76.62%
  Precision: 0.4982
  Recall: 0.8336
  AUC-ROC: 0.8706
  AUC-PR: 0.6628

Metrics for Antigen:
  Accuracy: 77.92%
  Precision: 0.2974
  Recall: 0.7187
  AUC-ROC: 0.8449
  AUC-PR: 0.3578

Metrics for AGchain_0:
  Accuracy: 78.53%
  Precision: 0.3104
  Recall: 0.7333
  AUC-ROC: 0.8544
  AUC-PR: 0.3799

Metrics for AGchain_1:
  Accuracy: 66.60%
  Precision: 0.0913
  Recall: 0.3444
  AUC-ROC: 0.5443
  AUC-PR: 0.0838

Metrics for AGchain_2:
  Accuracy: 62.86%
  Precision: 0.0250
  Recall: 0.1333
  AUC-ROC: 0.4654
  AUC-PR: 0.0515

Testing model: mcmodel_fold2_l2_g1_i1_dp0.3.pth
Initializing ClassificationModel with 1 GAT layers and residual connections...
Initializing MCModel with 1 GAT layers and 1 row attention layers...
Initializing CGModel with 1 GAT layers and residual connections...
Initializing CoreModel with 2 self-attention layers...

Metrics for Lchain:
  Accuracy: 77.27%
  Precision: 0.4678
  Recall: 0.8361
  AUC-ROC: 0.8757
  AUC-PR: 0.6153

Metrics for Hchain:
  Accuracy: 69.34%
  Precision: 0.4555
  Recall: 0.9458
  AUC-ROC: 0.8848
  AUC-PR: 0.7051

Metrics for Antibody:
  Accuracy: 73.15%
  Precision: 0.4603
  Recall: 0.8995
  AUC-ROC: 0.8782
  AUC-PR: 0.6624

Metrics for Antigen:
  Accuracy: 73.59%
  Precision: 0.2719
  Recall: 0.8145
  AUC-ROC: 0.8450
  AUC-PR: 0.3387

Metrics for AGchain_0:
  Accuracy: 74.94%
  Precision: 0.2878
  Recall: 0.8226
  AUC-ROC: 0.8592
  AUC-PR: 0.3860

Metrics for AGchain_1:
  Accuracy: 48.65%
  Precision: 0.0930
  Recall: 0.6033
  AUC-ROC: 0.5366
  AUC-PR: 0.0835

Metrics for AGchain_2:
  Accuracy: 40.82%
  Precision: 0.0548
  Recall: 0.5333
  AUC-ROC: 0.5088
  AUC-PR: 0.0623

Testing model: mcmodel_fold3_l1_g1_i1_dp0.1.pth
Initializing ClassificationModel with 1 GAT layers and residual connections...
Initializing MCModel with 1 GAT layers and 1 row attention layers...
Initializing CGModel with 1 GAT layers and residual connections...
Initializing CoreModel with 1 self-attention layers...

Metrics for Lchain:
  Accuracy: 77.99%
  Precision: 0.4768
  Recall: 0.8164
  AUC-ROC: 0.8795
  AUC-PR: 0.6511

Metrics for Hchain:
  Accuracy: 71.07%
  Precision: 0.4701
  Recall: 0.9275
  AUC-ROC: 0.8861
  AUC-PR: 0.7120

Metrics for Antibody:
  Accuracy: 74.39%
  Precision: 0.4727
  Recall: 0.8807
  AUC-ROC: 0.8813
  AUC-PR: 0.6815

Metrics for Antigen:
  Accuracy: 73.79%
  Precision: 0.2735
  Recall: 0.8141
  AUC-ROC: 0.8446
  AUC-PR: 0.3415

Metrics for AGchain_0:
  Accuracy: 74.39%
  Precision: 0.2837
  Recall: 0.8277
  AUC-ROC: 0.8526
  AUC-PR: 0.3645

Metrics for AGchain_1:
  Accuracy: 62.96%
  Precision: 0.1052
  Recall: 0.4703
  AUC-ROC: 0.6051
  AUC-PR: 0.0965

Metrics for AGchain_2:
  Accuracy: 53.47%
  Precision: 0.0194
  Recall: 0.1333
  AUC-ROC: 0.3310
  AUC-PR: 0.0420

Testing model: mcmodel_fold3_l1_g1_i1_dp0.3.pth
Initializing ClassificationModel with 1 GAT layers and residual connections...
Initializing MCModel with 1 GAT layers and 1 row attention layers...
Initializing CGModel with 1 GAT layers and residual connections...
Initializing CoreModel with 1 self-attention layers...

Metrics for Lchain:
  Accuracy: 74.43%
  Precision: 0.4359
  Recall: 0.8632
  AUC-ROC: 0.8687
  AUC-PR: 0.5994

Metrics for Hchain:
  Accuracy: 67.54%
  Precision: 0.4406
  Recall: 0.9434
  AUC-ROC: 0.8742
  AUC-PR: 0.6923

Metrics for Antibody:
  Accuracy: 70.85%
  Precision: 0.4387
  Recall: 0.9096
  AUC-ROC: 0.8708
  AUC-PR: 0.6472

Metrics for Antigen:
  Accuracy: 77.12%
  Precision: 0.2866
  Recall: 0.7053
  AUC-ROC: 0.8314
  AUC-PR: 0.3124

Metrics for AGchain_0:
  Accuracy: 78.05%
  Precision: 0.3024
  Recall: 0.7182
  AUC-ROC: 0.8443
  AUC-PR: 0.3487

Metrics for AGchain_1:
  Accuracy: 59.78%
  Precision: 0.0791
  Recall: 0.3682
  AUC-ROC: 0.5134
  AUC-PR: 0.0798

Metrics for AGchain_2:
  Accuracy: 57.96%
  Precision: 0.0510
  Recall: 0.3333
  AUC-ROC: 0.4423
  AUC-PR: 0.0519

Testing model: mcmodel_fold3_l1_g1_i2_dp0.0.pth
Initializing ClassificationModel with 1 GAT layers and residual connections...
Initializing MCModel with 1 GAT layers and 2 row attention layers...
Initializing CGModel with 1 GAT layers and residual connections...
Initializing CoreModel with 1 self-attention layers...

Metrics for Lchain:
  Accuracy: 80.01%
  Precision: 0.5062
  Recall: 0.7898
  AUC-ROC: 0.8761
  AUC-PR: 0.6383

Metrics for Hchain:
  Accuracy: 72.47%
  Precision: 0.4826
  Recall: 0.8869
  AUC-ROC: 0.8691
  AUC-PR: 0.6886

Metrics for Antibody:
  Accuracy: 76.09%
  Precision: 0.4916
  Recall: 0.8460
  AUC-ROC: 0.8692
  AUC-PR: 0.6600

Metrics for Antigen:
  Accuracy: 76.04%
  Precision: 0.2839
  Recall: 0.7539
  AUC-ROC: 0.8438
  AUC-PR: 0.3605

Metrics for AGchain_0:
  Accuracy: 76.78%
  Precision: 0.2969
  Recall: 0.7680
  AUC-ROC: 0.8545
  AUC-PR: 0.3860

Metrics for AGchain_1:
  Accuracy: 61.86%
  Precision: 0.0885
  Recall: 0.3943
  AUC-ROC: 0.5387
  AUC-PR: 0.0832

Metrics for AGchain_2:
  Accuracy: 66.12%
  Precision: 0.0278
  Recall: 0.1333
  AUC-ROC: 0.3626
  AUC-PR: 0.0438

Testing model: mcmodel_fold3_l1_g1_i2_dp0.1.pth
Initializing ClassificationModel with 1 GAT layers and residual connections...
Initializing MCModel with 1 GAT layers and 2 row attention layers...
Initializing CGModel with 1 GAT layers and residual connections...
Initializing CoreModel with 1 self-attention layers...

Metrics for Lchain:
  Accuracy: 77.65%
  Precision: 0.4729
  Recall: 0.8392
  AUC-ROC: 0.8809
  AUC-PR: 0.6353

Metrics for Hchain:
  Accuracy: 70.40%
  Precision: 0.4641
  Recall: 0.9308
  AUC-ROC: 0.8840
  AUC-PR: 0.7054

Metrics for Antibody:
  Accuracy: 73.88%
  Precision: 0.4676
  Recall: 0.8922
  AUC-ROC: 0.8799
  AUC-PR: 0.6684

Metrics for Antigen:
  Accuracy: 74.53%
  Precision: 0.2804
  Recall: 0.8189
  AUC-ROC: 0.8502
  AUC-PR: 0.3466

Metrics for AGchain_0:
  Accuracy: 75.46%
  Precision: 0.2938
  Recall: 0.8317
  AUC-ROC: 0.8610
  AUC-PR: 0.3823

Metrics for AGchain_1:
  Accuracy: 57.02%
  Precision: 0.0949
  Recall: 0.4988
  AUC-ROC: 0.5636
  AUC-PR: 0.0873

Metrics for AGchain_2:
  Accuracy: 60.00%
  Precision: 0.0118
  Recall: 0.0667
  AUC-ROC: 0.3403
  AUC-PR: 0.0422

Testing model: mcmodel_fold3_l1_g1_i2_dp0.3.pth
Initializing ClassificationModel with 1 GAT layers and residual connections...
Initializing MCModel with 1 GAT layers and 2 row attention layers...
Initializing CGModel with 1 GAT layers and residual connections...
Initializing CoreModel with 1 self-attention layers...

Metrics for Lchain:
  Accuracy: 76.00%
  Precision: 0.4519
  Recall: 0.8326
  AUC-ROC: 0.8729
  AUC-PR: 0.6184

Metrics for Hchain:
  Accuracy: 70.14%
  Precision: 0.4619
  Recall: 0.9328
  AUC-ROC: 0.8821
  AUC-PR: 0.7113

Metrics for Antibody:
  Accuracy: 72.96%
  Precision: 0.4579
  Recall: 0.8906
  AUC-ROC: 0.8765
  AUC-PR: 0.6683

Metrics for Antigen:
  Accuracy: 76.43%
  Precision: 0.2839
  Recall: 0.7306
  AUC-ROC: 0.8330
  AUC-PR: 0.3057

Metrics for AGchain_0:
  Accuracy: 77.51%
  Precision: 0.3003
  Recall: 0.7413
  AUC-ROC: 0.8445
  AUC-PR: 0.3386

Metrics for AGchain_1:
  Accuracy: 56.13%
  Precision: 0.0853
  Recall: 0.4489
  AUC-ROC: 0.5393
  AUC-PR: 0.0819

Metrics for AGchain_2:
  Accuracy: 57.96%
  Precision: 0.0686
  Recall: 0.4667
  AUC-ROC: 0.4896
  AUC-PR: 0.1379

Testing model: mcmodel_fold3_l1_g2_i1_dp0.0.pth
Initializing ClassificationModel with 2 GAT layers and residual connections...
Initializing MCModel with 2 GAT layers and 1 row attention layers...
Initializing CGModel with 2 GAT layers and residual connections...
Initializing CoreModel with 1 self-attention layers...

Metrics for Lchain:
  Accuracy: 79.80%
  Precision: 0.5029
  Recall: 0.7962
  AUC-ROC: 0.8821
  AUC-PR: 0.6445

Metrics for Hchain:
  Accuracy: 75.57%
  Precision: 0.5160
  Recall: 0.9045
  AUC-ROC: 0.8909
  AUC-PR: 0.7124

Metrics for Antibody:
  Accuracy: 77.60%
  Precision: 0.5108
  Recall: 0.8589
  AUC-ROC: 0.8866
  AUC-PR: 0.6838

Metrics for Antigen:
  Accuracy: 80.81%
  Precision: 0.3246
  Recall: 0.6658
  AUC-ROC: 0.8520
  AUC-PR: 0.3951

Metrics for AGchain_0:
  Accuracy: 81.00%
  Precision: 0.3336
  Recall: 0.6802
  AUC-ROC: 0.8586
  AUC-PR: 0.4043

Metrics for AGchain_1:
  Accuracy: 76.79%
  Precision: 0.1221
  Recall: 0.2969
  AUC-ROC: 0.6248
  AUC-PR: 0.1161

Metrics for AGchain_2:
  Accuracy: 87.76%
  Precision: 0.0588
  Recall: 0.0667
  AUC-ROC: 0.3664
  AUC-PR: 0.0447

Testing model: mcmodel_fold3_l1_g2_i1_dp0.1.pth
Initializing ClassificationModel with 2 GAT layers and residual connections...
Initializing MCModel with 2 GAT layers and 1 row attention layers...
Initializing CGModel with 2 GAT layers and residual connections...
Initializing CoreModel with 1 self-attention layers...

Metrics for Lchain:
  Accuracy: 75.09%
  Precision: 0.4433
  Recall: 0.8672
  AUC-ROC: 0.8759
  AUC-PR: 0.6181

Metrics for Hchain:
  Accuracy: 73.66%
  Precision: 0.4952
  Recall: 0.9341
  AUC-ROC: 0.8936
  AUC-PR: 0.7134

Metrics for Antibody:
  Accuracy: 74.34%
  Precision: 0.4729
  Recall: 0.9059
  AUC-ROC: 0.8859
  AUC-PR: 0.6761

Metrics for Antigen:
  Accuracy: 76.15%
  Precision: 0.2937
  Recall: 0.8097
  AUC-ROC: 0.8657
  AUC-PR: 0.4236

Metrics for AGchain_0:
  Accuracy: 76.97%
  Precision: 0.3072
  Recall: 0.8234
  AUC-ROC: 0.8726
  AUC-PR: 0.4342

Metrics for AGchain_1:
  Accuracy: 60.57%
  Precision: 0.0975
  Recall: 0.4632
  AUC-ROC: 0.5766
  AUC-PR: 0.1028

Metrics for AGchain_2:
  Accuracy: 63.27%
  Precision: 0.0130
  Recall: 0.0667
  AUC-ROC: 0.3667
  AUC-PR: 0.0438

Testing model: mcmodel_fold3_l1_g2_i1_dp0.3.pth
Initializing ClassificationModel with 2 GAT layers and residual connections...
Initializing MCModel with 2 GAT layers and 1 row attention layers...
Initializing CGModel with 2 GAT layers and residual connections...
Initializing CoreModel with 1 self-attention layers...

Metrics for Lchain:
  Accuracy: 73.77%
  Precision: 0.4307
  Recall: 0.8902
  AUC-ROC: 0.8765
  AUC-PR: 0.6239

Metrics for Hchain:
  Accuracy: 69.48%
  Precision: 0.4573
  Recall: 0.9613
  AUC-ROC: 0.8859
  AUC-PR: 0.6960

Metrics for Antibody:
  Accuracy: 71.54%
  Precision: 0.4462
  Recall: 0.9313
  AUC-ROC: 0.8819
  AUC-PR: 0.6667

Metrics for Antigen:
  Accuracy: 75.69%
  Precision: 0.2897
  Recall: 0.8118
  AUC-ROC: 0.8519
  AUC-PR: 0.3481

Metrics for AGchain_0:
  Accuracy: 76.90%
  Precision: 0.3063
  Recall: 0.8224
  AUC-ROC: 0.8656
  AUC-PR: 0.4055

Metrics for AGchain_1:
  Accuracy: 53.56%
  Precision: 0.0933
  Recall: 0.5368
  AUC-ROC: 0.5340
  AUC-PR: 0.0841

Metrics for AGchain_2:
  Accuracy: 43.67%
  Precision: 0.0444
  Recall: 0.4000
  AUC-ROC: 0.4545
  AUC-PR: 0.0522

Testing model: mcmodel_fold3_l2_g1_i1_dp0.3.pth
Initializing ClassificationModel with 1 GAT layers and residual connections...
Initializing MCModel with 1 GAT layers and 1 row attention layers...
Initializing CGModel with 1 GAT layers and residual connections...
Initializing CoreModel with 2 self-attention layers...

Metrics for Lchain:
  Accuracy: 73.11%
  Precision: 0.4230
  Recall: 0.8762
  AUC-ROC: 0.8696
  AUC-PR: 0.6040

Metrics for Hchain:
  Accuracy: 61.16%
  Precision: 0.3968
  Recall: 0.9629
  AUC-ROC: 0.8702
  AUC-PR: 0.6868

Metrics for Antibody:
  Accuracy: 66.90%
  Precision: 0.4068
  Recall: 0.9263
  AUC-ROC: 0.8678
  AUC-PR: 0.6478

Metrics for Antigen:
  Accuracy: 74.33%
  Precision: 0.2772
  Recall: 0.8092
  AUC-ROC: 0.8366
  AUC-PR: 0.3092

Metrics for AGchain_0:
  Accuracy: 75.40%
  Precision: 0.2916
  Recall: 0.8203
  AUC-ROC: 0.8493
  AUC-PR: 0.3453

Metrics for AGchain_1:
  Accuracy: 54.65%
  Precision: 0.0931
  Recall: 0.5202
  AUC-ROC: 0.5566
  AUC-PR: 0.0883

Metrics for AGchain_2:
  Accuracy: 45.71%
  Precision: 0.0462
  Recall: 0.4000
  AUC-ROC: 0.4816
  AUC-PR: 0.0589

Testing model: mcmodel_fold4_l1_g1_i1_dp0.1.pth
Initializing ClassificationModel with 1 GAT layers and residual connections...
Initializing MCModel with 1 GAT layers and 1 row attention layers...
Initializing CGModel with 1 GAT layers and residual connections...
Initializing CoreModel with 1 self-attention layers...

Metrics for Lchain:
  Accuracy: 78.64%
  Precision: 0.4859
  Recall: 0.8215
  AUC-ROC: 0.8783
  AUC-PR: 0.6336

Metrics for Hchain:
  Accuracy: 70.09%
  Precision: 0.4614
  Recall: 0.9312
  AUC-ROC: 0.8849
  AUC-PR: 0.7115

Metrics for Antibody:
  Accuracy: 74.20%
  Precision: 0.4707
  Recall: 0.8850
  AUC-ROC: 0.8793
  AUC-PR: 0.6711

Metrics for Antigen:
  Accuracy: 75.51%
  Precision: 0.2862
  Recall: 0.7997
  AUC-ROC: 0.8512
  AUC-PR: 0.3607

Metrics for AGchain_0:
  Accuracy: 76.47%
  Precision: 0.3010
  Recall: 0.8153
  AUC-ROC: 0.8630
  AUC-PR: 0.3956

Metrics for AGchain_1:
  Accuracy: 57.27%
  Precision: 0.0782
  Recall: 0.3919
  AUC-ROC: 0.4918
  AUC-PR: 0.0778

Metrics for AGchain_2:
  Accuracy: 61.63%
  Precision: 0.0562
  Recall: 0.3333
  AUC-ROC: 0.4422
  AUC-PR: 0.0506

Testing model: mcmodel_fold4_l1_g1_i1_dp0.3.pth
Initializing ClassificationModel with 1 GAT layers and residual connections...
Initializing MCModel with 1 GAT layers and 1 row attention layers...
Initializing CGModel with 1 GAT layers and residual connections...
Initializing CoreModel with 1 self-attention layers...

Metrics for Lchain:
  Accuracy: 76.93%
  Precision: 0.4628
  Recall: 0.8159
  AUC-ROC: 0.8682
  AUC-PR: 0.5992

Metrics for Hchain:
  Accuracy: 70.30%
  Precision: 0.4631
  Recall: 0.9257
  AUC-ROC: 0.8770
  AUC-PR: 0.6901

Metrics for Antibody:
  Accuracy: 73.49%
  Precision: 0.4630
  Recall: 0.8794
  AUC-ROC: 0.8714
  AUC-PR: 0.6493

Metrics for Antigen:
  Accuracy: 73.85%
  Precision: 0.2712
  Recall: 0.7966
  AUC-ROC: 0.8394
  AUC-PR: 0.3147

Metrics for AGchain_0:
  Accuracy: 75.12%
  Precision: 0.2871
  Recall: 0.8073
  AUC-ROC: 0.8542
  AUC-PR: 0.3659

Metrics for AGchain_1:
  Accuracy: 49.91%
  Precision: 0.0850
  Recall: 0.5249
  AUC-ROC: 0.5206
  AUC-PR: 0.0787

Metrics for AGchain_2:
  Accuracy: 51.43%
  Precision: 0.0357
  Recall: 0.2667
  AUC-ROC: 0.4191
  AUC-PR: 0.1154

Testing model: mcmodel_fold4_l1_g1_i2_dp0.0.pth
Initializing ClassificationModel with 1 GAT layers and residual connections...
Initializing MCModel with 1 GAT layers and 2 row attention layers...
Initializing CGModel with 1 GAT layers and residual connections...
Initializing CoreModel with 1 self-attention layers...

Metrics for Lchain:
  Accuracy: 76.97%
  Precision: 0.4636
  Recall: 0.8257
  AUC-ROC: 0.8683
  AUC-PR: 0.6364

Metrics for Hchain:
  Accuracy: 66.35%
  Precision: 0.4306
  Recall: 0.9314
  AUC-ROC: 0.8703
  AUC-PR: 0.6896

Metrics for Antibody:
  Accuracy: 71.45%
  Precision: 0.4430
  Recall: 0.8869
  AUC-ROC: 0.8661
  AUC-PR: 0.6560

Metrics for Antigen:
  Accuracy: 76.46%
  Precision: 0.2936
  Recall: 0.7891
  AUC-ROC: 0.8545
  AUC-PR: 0.3665

Metrics for AGchain_0:
  Accuracy: 76.99%
  Precision: 0.3049
  Recall: 0.8070
  AUC-ROC: 0.8642
  AUC-PR: 0.3877

Metrics for AGchain_1:
  Accuracy: 66.48%
  Precision: 0.0868
  Recall: 0.3254
  AUC-ROC: 0.5287
  AUC-PR: 0.0820

Metrics for AGchain_2:
  Accuracy: 70.61%
  Precision: 0.0328
  Recall: 0.1333
  AUC-ROC: 0.4228
  AUC-PR: 0.0482

Testing model: mcmodel_fold4_l1_g1_i2_dp0.1.pth
Initializing ClassificationModel with 1 GAT layers and residual connections...
Initializing MCModel with 1 GAT layers and 2 row attention layers...
Initializing CGModel with 1 GAT layers and residual connections...
Initializing CoreModel with 1 self-attention layers...

Metrics for Lchain:
  Accuracy: 77.79%
  Precision: 0.4745
  Recall: 0.8292
  AUC-ROC: 0.8778
  AUC-PR: 0.6378

Metrics for Hchain:
  Accuracy: 70.25%
  Precision: 0.4627
  Recall: 0.9289
  AUC-ROC: 0.8806
  AUC-PR: 0.7035

Metrics for Antibody:
  Accuracy: 73.87%
  Precision: 0.4673
  Recall: 0.8869
  AUC-ROC: 0.8773
  AUC-PR: 0.6692

Metrics for Antigen:
  Accuracy: 76.12%
  Precision: 0.2921
  Recall: 0.8007
  AUC-ROC: 0.8559
  AUC-PR: 0.3725

Metrics for AGchain_0:
  Accuracy: 76.85%
  Precision: 0.3045
  Recall: 0.8135
  AUC-ROC: 0.8655
  AUC-PR: 0.4016

Metrics for AGchain_1:
  Accuracy: 62.69%
  Precision: 0.1057
  Recall: 0.4774
  AUC-ROC: 0.5806
  AUC-PR: 0.0928

Metrics for AGchain_2:
  Accuracy: 58.37%
  Precision: 0.0220
  Recall: 0.1333
  AUC-ROC: 0.3487
  AUC-PR: 0.0427

Testing model: mcmodel_fold4_l1_g1_i2_dp0.3.pth
Initializing ClassificationModel with 1 GAT layers and residual connections...
Initializing MCModel with 1 GAT layers and 2 row attention layers...
Initializing CGModel with 1 GAT layers and residual connections...
Initializing CoreModel with 1 self-attention layers...

Metrics for Lchain:
  Accuracy: 80.04%
  Precision: 0.5070
  Recall: 0.7563
  AUC-ROC: 0.8703
  AUC-PR: 0.6164

Metrics for Hchain:
  Accuracy: 74.59%
  Precision: 0.5052
  Recall: 0.8706
  AUC-ROC: 0.8740
  AUC-PR: 0.6950

Metrics for Antibody:
  Accuracy: 77.21%
  Precision: 0.5059
  Recall: 0.8224
  AUC-ROC: 0.8702
  AUC-PR: 0.6594

Metrics for Antigen:
  Accuracy: 78.67%
  Precision: 0.3005
  Recall: 0.6865
  AUC-ROC: 0.8364
  AUC-PR: 0.3252

Metrics for AGchain_0:
  Accuracy: 79.50%
  Precision: 0.3163
  Recall: 0.6978
  AUC-ROC: 0.8470
  AUC-PR: 0.3574

Metrics for AGchain_1:
  Accuracy: 63.27%
  Precision: 0.0912
  Recall: 0.3895
  AUC-ROC: 0.5670
  AUC-PR: 0.0880

Metrics for AGchain_2:
  Accuracy: 61.22%
  Precision: 0.0652
  Recall: 0.4000
  AUC-ROC: 0.4994
  AUC-PR: 0.0890

Testing model: mcmodel_fold4_l1_g2_i1_dp0.0.pth
Initializing ClassificationModel with 2 GAT layers and residual connections...
Initializing MCModel with 2 GAT layers and 1 row attention layers...
Initializing CGModel with 2 GAT layers and residual connections...
Initializing CoreModel with 1 self-attention layers...

Metrics for Lchain:
  Accuracy: 80.70%
  Precision: 0.5170
  Recall: 0.8070
  AUC-ROC: 0.8849
  AUC-PR: 0.6292

Metrics for Hchain:
  Accuracy: 73.88%
  Precision: 0.4974
  Recall: 0.8874
  AUC-ROC: 0.8722
  AUC-PR: 0.6780

Metrics for Antibody:
  Accuracy: 77.16%
  Precision: 0.5050
  Recall: 0.8535
  AUC-ROC: 0.8773
  AUC-PR: 0.6533

Metrics for Antigen:
  Accuracy: 79.81%
  Precision: 0.3178
  Recall: 0.7063
  AUC-ROC: 0.8535
  AUC-PR: 0.3872

Metrics for AGchain_0:
  Accuracy: 79.88%
  Precision: 0.3251
  Recall: 0.7218
  AUC-ROC: 0.8594
  AUC-PR: 0.3969

Metrics for AGchain_1:
  Accuracy: 78.40%
  Precision: 0.1367
  Recall: 0.3088
  AUC-ROC: 0.6376
  AUC-PR: 0.1175

Metrics for AGchain_2:
  Accuracy: 77.55%
  Precision: 0.0000
  Recall: 0.0000
  AUC-ROC: 0.3800
  AUC-PR: 0.0452

Testing model: mcmodel_fold4_l1_g2_i1_dp0.1.pth
Initializing ClassificationModel with 2 GAT layers and residual connections...
Initializing MCModel with 2 GAT layers and 1 row attention layers...
Initializing CGModel with 2 GAT layers and residual connections...
Initializing CoreModel with 1 self-attention layers...

Metrics for Lchain:
  Accuracy: 78.70%
  Precision: 0.4868
  Recall: 0.8221
  AUC-ROC: 0.8803
  AUC-PR: 0.6394

Metrics for Hchain:
  Accuracy: 73.35%
  Precision: 0.4920
  Recall: 0.9233
  AUC-ROC: 0.8829
  AUC-PR: 0.7050

Metrics for Antibody:
  Accuracy: 75.92%
  Precision: 0.4900
  Recall: 0.8807
  AUC-ROC: 0.8811
  AUC-PR: 0.6763

Metrics for Antigen:
  Accuracy: 77.87%
  Precision: 0.3012
  Recall: 0.7453
  AUC-ROC: 0.8498
  AUC-PR: 0.3589

Metrics for AGchain_0:
  Accuracy: 78.36%
  Precision: 0.3126
  Recall: 0.7603
  AUC-ROC: 0.8584
  AUC-PR: 0.3817

Metrics for AGchain_1:
  Accuracy: 68.81%
  Precision: 0.1026
  Recall: 0.3634
  AUC-ROC: 0.5573
  AUC-PR: 0.0900

Metrics for AGchain_2:
  Accuracy: 67.35%
  Precision: 0.0000
  Recall: 0.0000
  AUC-ROC: 0.2374
  AUC-PR: 0.0377

Testing model: mcmodel_fold4_l1_g2_i1_dp0.3.pth
Initializing ClassificationModel with 2 GAT layers and residual connections...
Initializing MCModel with 2 GAT layers and 1 row attention layers...
Initializing CGModel with 2 GAT layers and residual connections...
Initializing CoreModel with 1 self-attention layers...

Metrics for Lchain:
  Accuracy: 77.38%
  Precision: 0.4699
  Recall: 0.8518
  AUC-ROC: 0.8777
  AUC-PR: 0.6254

Metrics for Hchain:
  Accuracy: 72.40%
  Precision: 0.4830
  Recall: 0.9422
  AUC-ROC: 0.8903
  AUC-PR: 0.7033

Metrics for Antibody:
  Accuracy: 74.80%
  Precision: 0.4777
  Recall: 0.9041
  AUC-ROC: 0.8840
  AUC-PR: 0.6715

Metrics for Antigen:
  Accuracy: 76.39%
  Precision: 0.2944
  Recall: 0.7990
  AUC-ROC: 0.8521
  AUC-PR: 0.3617

Metrics for AGchain_0:
  Accuracy: 77.67%
  Precision: 0.3126
  Recall: 0.8112
  AUC-ROC: 0.8649
  AUC-PR: 0.3983

Metrics for AGchain_1:
  Accuracy: 52.73%
  Precision: 0.0832
  Recall: 0.4774
  AUC-ROC: 0.5034
  AUC-PR: 0.0785

Metrics for AGchain_2:
  Accuracy: 46.94%
  Precision: 0.0543
  Recall: 0.4667
  AUC-ROC: 0.5070
  AUC-PR: 0.0601

Testing model: mcmodel_fold4_l2_g1_i1_dp0.3.pth
Initializing ClassificationModel with 1 GAT layers and residual connections...
Initializing MCModel with 1 GAT layers and 1 row attention layers...
Initializing CGModel with 1 GAT layers and residual connections...
Initializing CoreModel with 2 self-attention layers...

Metrics for Lchain:
  Accuracy: 78.38%
  Precision: 0.4822
  Recall: 0.8148
  AUC-ROC: 0.8751
  AUC-PR: 0.6205

Metrics for Hchain:
  Accuracy: 70.41%
  Precision: 0.4640
  Recall: 0.9259
  AUC-ROC: 0.8796
  AUC-PR: 0.7044

Metrics for Antibody:
  Accuracy: 74.24%
  Precision: 0.4709
  Recall: 0.8791
  AUC-ROC: 0.8752
  AUC-PR: 0.6619

Metrics for Antigen:
  Accuracy: 74.25%
  Precision: 0.2762
  Recall: 0.8073
  AUC-ROC: 0.8410
  AUC-PR: 0.3198

Metrics for AGchain_0:
  Accuracy: 75.29%
  Precision: 0.2903
  Recall: 0.8184
  AUC-ROC: 0.8548
  AUC-PR: 0.3715

Metrics for AGchain_1:
  Accuracy: 55.27%
  Precision: 0.0940
  Recall: 0.5178
  AUC-ROC: 0.5540
  AUC-PR: 0.0855

Metrics for AGchain_2:
  Accuracy: 41.22%
  Precision: 0.0490
  Recall: 0.4667
  AUC-ROC: 0.4329
  AUC-PR: 0.0624

Testing model: mcmodel_fold5_l1_g1_i1_dp0.1.pth
Initializing ClassificationModel with 1 GAT layers and residual connections...
Initializing MCModel with 1 GAT layers and 1 row attention layers...
Initializing CGModel with 1 GAT layers and residual connections...
Initializing CoreModel with 1 self-attention layers...

Metrics for Lchain:
  Accuracy: 77.74%
  Precision: 0.4741
  Recall: 0.8412
  AUC-ROC: 0.8810
  AUC-PR: 0.6325

Metrics for Hchain:
  Accuracy: 71.38%
  Precision: 0.4730
  Recall: 0.9310
  AUC-ROC: 0.8856
  AUC-PR: 0.7158

Metrics for Antibody:
  Accuracy: 74.43%
  Precision: 0.4735
  Recall: 0.8932
  AUC-ROC: 0.8816
  AUC-PR: 0.6724

Metrics for Antigen:
  Accuracy: 75.80%
  Precision: 0.2860
  Recall: 0.7809
  AUC-ROC: 0.8425
  AUC-PR: 0.3378

Metrics for AGchain_0:
  Accuracy: 76.45%
  Precision: 0.2975
  Recall: 0.7932
  AUC-ROC: 0.8508
  AUC-PR: 0.3594

Metrics for AGchain_1:
  Accuracy: 64.17%
  Precision: 0.1079
  Recall: 0.4656
  AUC-ROC: 0.5988
  AUC-PR: 0.0994

Metrics for AGchain_2:
  Accuracy: 55.10%
  Precision: 0.0297
  Recall: 0.2000
  AUC-ROC: 0.3559
  AUC-PR: 0.0433

Testing model: mcmodel_fold5_l1_g1_i1_dp0.3.pth
Initializing ClassificationModel with 1 GAT layers and residual connections...
Initializing MCModel with 1 GAT layers and 1 row attention layers...
Initializing CGModel with 1 GAT layers and residual connections...
Initializing CoreModel with 1 self-attention layers...

Metrics for Lchain:
  Accuracy: 75.01%
  Precision: 0.4413
  Recall: 0.8496
  AUC-ROC: 0.8713
  AUC-PR: 0.6076

Metrics for Hchain:
  Accuracy: 68.61%
  Precision: 0.4493
  Recall: 0.9444
  AUC-ROC: 0.8848
  AUC-PR: 0.7053

Metrics for Antibody:
  Accuracy: 71.68%
  Precision: 0.4461
  Recall: 0.9045
  AUC-ROC: 0.8770
  AUC-PR: 0.6632

Metrics for Antigen:
  Accuracy: 74.93%
  Precision: 0.2799
  Recall: 0.7931
  AUC-ROC: 0.8412
  AUC-PR: 0.3251

Metrics for AGchain_0:
  Accuracy: 75.92%
  Precision: 0.2943
  Recall: 0.8061
  AUC-ROC: 0.8543
  AUC-PR: 0.3695

Metrics for AGchain_1:
  Accuracy: 56.65%
  Precision: 0.0875
  Recall: 0.4561
  AUC-ROC: 0.5417
  AUC-PR: 0.0833

Metrics for AGchain_2:
  Accuracy: 49.80%
  Precision: 0.0424
  Recall: 0.3333
  AUC-ROC: 0.4355
  AUC-PR: 0.0564

Testing model: mcmodel_fold5_l1_g1_i2_dp0.0.pth
Initializing ClassificationModel with 1 GAT layers and residual connections...
Initializing MCModel with 1 GAT layers and 2 row attention layers...
Initializing CGModel with 1 GAT layers and residual connections...
Initializing CoreModel with 1 self-attention layers...

Metrics for Lchain:
  Accuracy: 80.98%
  Precision: 0.5227
  Recall: 0.7745
  AUC-ROC: 0.8767
  AUC-PR: 0.6376

Metrics for Hchain:
  Accuracy: 75.83%
  Precision: 0.5200
  Recall: 0.8544
  AUC-ROC: 0.8740
  AUC-PR: 0.6909

Metrics for Antibody:
  Accuracy: 78.30%
  Precision: 0.5211
  Recall: 0.8207
  AUC-ROC: 0.8719
  AUC-PR: 0.6601

Metrics for Antigen:
  Accuracy: 79.49%
  Precision: 0.3092
  Recall: 0.6788
  AUC-ROC: 0.8476
  AUC-PR: 0.3701

Metrics for AGchain_0:
  Accuracy: 80.18%
  Precision: 0.3240
  Recall: 0.6913
  AUC-ROC: 0.8573
  AUC-PR: 0.3902

Metrics for AGchain_1:
  Accuracy: 66.75%
  Precision: 0.0953
  Recall: 0.3610
  AUC-ROC: 0.5543
  AUC-PR: 0.0913

Metrics for AGchain_2:
  Accuracy: 64.90%
  Precision: 0.0137
  Recall: 0.0667
  AUC-ROC: 0.4388
  AUC-PR: 0.0497

Testing model: mcmodel_fold5_l1_g1_i2_dp0.1.pth
Initializing ClassificationModel with 1 GAT layers and residual connections...
Initializing MCModel with 1 GAT layers and 2 row attention layers...
Initializing CGModel with 1 GAT layers and residual connections...
Initializing CoreModel with 1 self-attention layers...

Metrics for Lchain:
  Accuracy: 77.18%
  Precision: 0.4660
  Recall: 0.8150
  AUC-ROC: 0.8711
  AUC-PR: 0.6176

Metrics for Hchain:
  Accuracy: 71.29%
  Precision: 0.4715
  Recall: 0.9072
  AUC-ROC: 0.8766
  AUC-PR: 0.6947

Metrics for Antibody:
  Accuracy: 74.12%
  Precision: 0.4693
  Recall: 0.8683
  AUC-ROC: 0.8716
  AUC-PR: 0.6535

Metrics for Antigen:
  Accuracy: 75.45%
  Precision: 0.2818
  Recall: 0.7751
  AUC-ROC: 0.8443
  AUC-PR: 0.3520

Metrics for AGchain_0:
  Accuracy: 76.10%
  Precision: 0.2934
  Recall: 0.7886
  AUC-ROC: 0.8527
  AUC-PR: 0.3700

Metrics for AGchain_1:
  Accuracy: 63.20%
  Precision: 0.0986
  Recall: 0.4299
  AUC-ROC: 0.5699
  AUC-PR: 0.0996

Metrics for AGchain_2:
  Accuracy: 64.90%
  Precision: 0.0267
  Recall: 0.1333
  AUC-ROC: 0.4048
  AUC-PR: 0.0469

Testing model: mcmodel_fold5_l1_g1_i2_dp0.3.pth
Initializing ClassificationModel with 1 GAT layers and residual connections...
Initializing MCModel with 1 GAT layers and 2 row attention layers...
Initializing CGModel with 1 GAT layers and residual connections...
Initializing CoreModel with 1 self-attention layers...

Metrics for Lchain:
  Accuracy: 74.94%
  Precision: 0.4414
  Recall: 0.8627
  AUC-ROC: 0.8744
  AUC-PR: 0.6065

Metrics for Hchain:
  Accuracy: 67.22%
  Precision: 0.4383
  Recall: 0.9469
  AUC-ROC: 0.8789
  AUC-PR: 0.6991

Metrics for Antibody:
  Accuracy: 70.93%
  Precision: 0.4395
  Recall: 0.9114
  AUC-ROC: 0.8755
  AUC-PR: 0.6575

Metrics for Antigen:
  Accuracy: 74.87%
  Precision: 0.2803
  Recall: 0.7989
  AUC-ROC: 0.8391
  AUC-PR: 0.3126

Metrics for AGchain_0:
  Accuracy: 75.97%
  Precision: 0.2952
  Recall: 0.8090
  AUC-ROC: 0.8509
  AUC-PR: 0.3481

Metrics for AGchain_1:
  Accuracy: 54.44%
  Precision: 0.0958
  Recall: 0.5416
  AUC-ROC: 0.5508
  AUC-PR: 0.0845

Metrics for AGchain_2:
  Accuracy: 50.61%
  Precision: 0.0431
  Recall: 0.3333
  AUC-ROC: 0.4639
  AUC-PR: 0.0621

Testing model: mcmodel_fold5_l1_g2_i1_dp0.0.pth
Initializing ClassificationModel with 2 GAT layers and residual connections...
Initializing MCModel with 2 GAT layers and 1 row attention layers...
Initializing CGModel with 2 GAT layers and residual connections...
Initializing CoreModel with 1 self-attention layers...

Metrics for Lchain:
  Accuracy: 80.88%
  Precision: 0.5196
  Recall: 0.8250
  AUC-ROC: 0.8872
  AUC-PR: 0.6483

Metrics for Hchain:
  Accuracy: 76.25%
  Precision: 0.5239
  Recall: 0.9005
  AUC-ROC: 0.8891
  AUC-PR: 0.7038

Metrics for Antibody:
  Accuracy: 78.47%
  Precision: 0.5222
  Recall: 0.8687
  AUC-ROC: 0.8872
  AUC-PR: 0.6749

Metrics for Antigen:
  Accuracy: 81.12%
  Precision: 0.3267
  Recall: 0.6526
  AUC-ROC: 0.8483
  AUC-PR: 0.3780

Metrics for AGchain_0:
  Accuracy: 80.95%
  Precision: 0.3318
  Recall: 0.6733
  AUC-ROC: 0.8547
  AUC-PR: 0.3872

Metrics for AGchain_1:
  Accuracy: 84.13%
  Precision: 0.0976
  Recall: 0.1140
  AUC-ROC: 0.5886
  AUC-PR: 0.1023

Metrics for AGchain_2:
  Accuracy: 88.16%
  Precision: 0.0000
  Recall: 0.0000
  AUC-ROC: 0.3120
  AUC-PR: 0.0413

Testing model: mcmodel_fold5_l1_g2_i1_dp0.1.pth
Initializing ClassificationModel with 2 GAT layers and residual connections...
Initializing MCModel with 2 GAT layers and 1 row attention layers...
Initializing CGModel with 2 GAT layers and residual connections...
Initializing CoreModel with 1 self-attention layers...

Metrics for Lchain:
  Accuracy: 75.55%
  Precision: 0.4491
  Recall: 0.8785
  AUC-ROC: 0.8784
  AUC-PR: 0.6230

Metrics for Hchain:
  Accuracy: 72.27%
  Precision: 0.4817
  Recall: 0.9452
  AUC-ROC: 0.8936
  AUC-PR: 0.7147

Metrics for Antibody:
  Accuracy: 73.84%
  Precision: 0.4680
  Recall: 0.9171
  AUC-ROC: 0.8865
  AUC-PR: 0.6768

Metrics for Antigen:
  Accuracy: 76.50%
  Precision: 0.2936
  Recall: 0.7864
  AUC-ROC: 0.8564
  AUC-PR: 0.4043

Metrics for AGchain_0:
  Accuracy: 76.53%
  Precision: 0.3001
  Recall: 0.8054
  AUC-ROC: 0.8623
  AUC-PR: 0.4124

Metrics for AGchain_1:
  Accuracy: 75.76%
  Precision: 0.1168
  Recall: 0.2993
  AUC-ROC: 0.5857
  AUC-PR: 0.1019

Metrics for AGchain_2:
  Accuracy: 79.59%
  Precision: 0.0000
  Recall: 0.0000
  AUC-ROC: 0.3346
  AUC-PR: 0.0419

Testing model: mcmodel_fold5_l1_g2_i1_dp0.3.pth
Initializing ClassificationModel with 2 GAT layers and residual connections...
Initializing MCModel with 2 GAT layers and 1 row attention layers...
Initializing CGModel with 2 GAT layers and residual connections...
Initializing CoreModel with 1 self-attention layers...

Metrics for Lchain:
  Accuracy: 73.37%
  Precision: 0.4270
  Recall: 0.8955
  AUC-ROC: 0.8687
  AUC-PR: 0.5940

Metrics for Hchain:
  Accuracy: 68.99%
  Precision: 0.4528
  Recall: 0.9532
  AUC-ROC: 0.8816
  AUC-PR: 0.7047

Metrics for Antibody:
  Accuracy: 71.09%
  Precision: 0.4420
  Recall: 0.9289
  AUC-ROC: 0.8753
  AUC-PR: 0.6528

Metrics for Antigen:
  Accuracy: 74.78%
  Precision: 0.2830
  Recall: 0.8220
  AUC-ROC: 0.8498
  AUC-PR: 0.3730

Metrics for AGchain_0:
  Accuracy: 75.93%
  Precision: 0.2984
  Recall: 0.8339
  AUC-ROC: 0.8612
  AUC-PR: 0.3956

Metrics for AGchain_1:
  Accuracy: 53.39%
  Precision: 0.0903
  Recall: 0.5178
  AUC-ROC: 0.5192
  AUC-PR: 0.0806

Metrics for AGchain_2:
  Accuracy: 51.43%
  Precision: 0.0357
  Recall: 0.2667
  AUC-ROC: 0.4165
  AUC-PR: 0.0476

Testing model: mcmodel_fold5_l2_g1_i1_dp0.3.pth
Initializing ClassificationModel with 1 GAT layers and residual connections...
Initializing MCModel with 1 GAT layers and 1 row attention layers...
Initializing CGModel with 1 GAT layers and residual connections...
Initializing CoreModel with 2 self-attention layers...

Metrics for Lchain:
  Accuracy: 78.30%
  Precision: 0.4808
  Recall: 0.8033
  AUC-ROC: 0.8718
  AUC-PR: 0.6064

Metrics for Hchain:
  Accuracy: 72.02%
  Precision: 0.4785
  Recall: 0.9081
  AUC-ROC: 0.8775
  AUC-PR: 0.6867

Metrics for Antibody:
  Accuracy: 75.03%
  Precision: 0.4794
  Recall: 0.8639
  AUC-ROC: 0.8724
  AUC-PR: 0.6490

Metrics for Antigen:
  Accuracy: 79.10%
  Precision: 0.3058
  Recall: 0.6874
  AUC-ROC: 0.8377
  AUC-PR: 0.3202

Metrics for AGchain_0:
  Accuracy: 80.15%
  Precision: 0.3245
  Recall: 0.6964
  AUC-ROC: 0.8515
  AUC-PR: 0.3674

Metrics for AGchain_1:
  Accuracy: 59.95%
  Precision: 0.0948
  Recall: 0.4561
  AUC-ROC: 0.5517
  AUC-PR: 0.0863

Metrics for AGchain_2:
  Accuracy: 48.57%
  Precision: 0.0413
  Recall: 0.3333
  AUC-ROC: 0.4370
  AUC-PR: 0.0517
