
Testing model: mcmodel_fold1_l1_g1_i1.pth
Initializing ClassificationModel with 1 GAT layers and residual connections...
Initializing MCModel with 1 GAT layers and 1 row attention layers...
Initializing CGModel with 1 GAT layers and residual connections...
Initializing CoreModel with 1 self-attention layers...

Metrics for Lchain:
  Accuracy: 83.75%
  Precision: 0.6029
  Recall: 0.5955
  AUC-ROC: 0.8745
  AUC-PR: 0.6147

Metrics for Hchain:
  Accuracy: 81.44%
  Precision: 0.6346
  Recall: 0.6663
  AUC-ROC: 0.8675
  AUC-PR: 0.6777

Metrics for Antibody:
  Accuracy: 82.55%
  Precision: 0.6217
  Recall: 0.6365
  AUC-ROC: 0.8697
  AUC-PR: 0.6488

Metrics for Antigen:
  Accuracy: 86.73%
  Precision: 0.3776
  Recall: 0.2925
  AUC-ROC: 0.8333
  AUC-PR: 0.3188

Metrics for AGchain_0:
  Accuracy: 87.39%
  Precision: 0.4198
  Recall: 0.2971
  AUC-ROC: 0.8478
  AUC-PR: 0.3635

Metrics for AGchain_1:
  Accuracy: 73.94%
  Precision: 0.0700
  Recall: 0.1781
  AUC-ROC: 0.5310
  AUC-PR: 0.0816

Metrics for AGchain_2:
  Accuracy: 80.82%
  Precision: 0.0000
  Recall: 0.0000
  AUC-ROC: 0.4359
  AUC-PR: 0.0500

Testing model: mcmodel_fold1_l1_g1_i2.pth
Initializing ClassificationModel with 1 GAT layers and residual connections...
Initializing MCModel with 1 GAT layers and 2 row attention layers...
Initializing CGModel with 1 GAT layers and residual connections...
Initializing CoreModel with 1 self-attention layers...

Metrics for Lchain:
  Accuracy: 76.13%
  Precision: 0.4537
  Recall: 0.8370
  AUC-ROC: 0.8703
  AUC-PR: 0.6172

Metrics for Hchain:
  Accuracy: 67.37%
  Precision: 0.4379
  Recall: 0.9195
  AUC-ROC: 0.8601
  AUC-PR: 0.6643

Metrics for Antibody:
  Accuracy: 71.58%
  Precision: 0.4440
  Recall: 0.8847
  AUC-ROC: 0.8644
  AUC-PR: 0.6432

Metrics for Antigen:
  Accuracy: 75.91%
  Precision: 0.2880
  Recall: 0.7872
  AUC-ROC: 0.8375
  AUC-PR: 0.3029

Metrics for AGchain_0:
  Accuracy: 77.05%
  Precision: 0.3044
  Recall: 0.7987
  AUC-ROC: 0.8501
  AUC-PR: 0.3332

Metrics for AGchain_1:
  Accuracy: 54.52%
  Precision: 0.0887
  Recall: 0.4917
  AUC-ROC: 0.5178
  AUC-PR: 0.0795

Metrics for AGchain_2:
  Accuracy: 54.29%
  Precision: 0.0467
  Recall: 0.3333
  AUC-ROC: 0.3955
  AUC-PR: 0.0460

Testing model: mcmodel_fold1_l1_g2_i1.pth
Initializing ClassificationModel with 2 GAT layers and residual connections...
Initializing MCModel with 2 GAT layers and 1 row attention layers...
Initializing CGModel with 2 GAT layers and residual connections...
Initializing CoreModel with 1 self-attention layers...

Metrics for Lchain:
  Accuracy: 78.06%
  Precision: 0.4775
  Recall: 0.8068
  AUC-ROC: 0.8702
  AUC-PR: 0.6038

Metrics for Hchain:
  Accuracy: 73.56%
  Precision: 0.4939
  Recall: 0.8790
  AUC-ROC: 0.8655
  AUC-PR: 0.6598

Metrics for Antibody:
  Accuracy: 75.72%
  Precision: 0.4872
  Recall: 0.8486
  AUC-ROC: 0.8684
  AUC-PR: 0.6366

Metrics for Antigen:
  Accuracy: 77.72%
  Precision: 0.2986
  Recall: 0.7388
  AUC-ROC: 0.8457
  AUC-PR: 0.3493

Metrics for AGchain_0:
  Accuracy: 78.95%
  Precision: 0.3175
  Recall: 0.7476
  AUC-ROC: 0.8586
  AUC-PR: 0.3895

Metrics for AGchain_1:
  Accuracy: 54.75%
  Precision: 0.0930
  Recall: 0.5178
  AUC-ROC: 0.5386
  AUC-PR: 0.0841

Metrics for AGchain_2:
  Accuracy: 56.33%
  Precision: 0.0306
  Recall: 0.2000
  AUC-ROC: 0.3371
  AUC-PR: 0.0419

Testing model: mcmodel_fold1_l2_g1_i1.pth
Initializing ClassificationModel with 1 GAT layers and residual connections...
Initializing MCModel with 1 GAT layers and 1 row attention layers...
Initializing CGModel with 1 GAT layers and residual connections...
Initializing CoreModel with 2 self-attention layers...

Metrics for Lchain:
  Accuracy: 78.74%
  Precision: 0.4868
  Recall: 0.7882
  AUC-ROC: 0.8717
  AUC-PR: 0.6216

Metrics for Hchain:
  Accuracy: 70.28%
  Precision: 0.4617
  Recall: 0.8959
  AUC-ROC: 0.8576
  AUC-PR: 0.6573

Metrics for Antibody:
  Accuracy: 74.34%
  Precision: 0.4712
  Recall: 0.8505
  AUC-ROC: 0.8636
  AUC-PR: 0.6391

Metrics for Antigen:
  Accuracy: 74.69%
  Precision: 0.2731
  Recall: 0.7631
  AUC-ROC: 0.8295
  AUC-PR: 0.2983

Metrics for AGchain_0:
  Accuracy: 75.77%
  Precision: 0.2878
  Recall: 0.7734
  AUC-ROC: 0.8438
  AUC-PR: 0.3454

Metrics for AGchain_1:
  Accuracy: 55.00%
  Precision: 0.0910
  Recall: 0.5012
  AUC-ROC: 0.5326
  AUC-PR: 0.0803

Metrics for AGchain_2:
  Accuracy: 44.08%
  Precision: 0.0308
  Recall: 0.2667
  AUC-ROC: 0.3323
  AUC-PR: 0.0416

Testing model: mcmodel_fold2_l1_g1_i1.pth
Initializing ClassificationModel with 1 GAT layers and residual connections...
Initializing MCModel with 1 GAT layers and 1 row attention layers...
Initializing CGModel with 1 GAT layers and residual connections...
Initializing CoreModel with 1 self-attention layers...

Metrics for Lchain:
  Accuracy: 83.99%
  Precision: 0.6110
  Recall: 0.5915
  AUC-ROC: 0.8761
  AUC-PR: 0.6196

Metrics for Hchain:
  Accuracy: 81.34%
  Precision: 0.6317
  Recall: 0.6690
  AUC-ROC: 0.8669
  AUC-PR: 0.6791

Metrics for Antibody:
  Accuracy: 82.61%
  Precision: 0.6234
  Recall: 0.6363
  AUC-ROC: 0.8700
  AUC-PR: 0.6516

Metrics for Antigen:
  Accuracy: 86.62%
  Precision: 0.3845
  Recall: 0.3320
  AUC-ROC: 0.8376
  AUC-PR: 0.3413

Metrics for AGchain_0:
  Accuracy: 87.15%
  Precision: 0.4168
  Recall: 0.3388
  AUC-ROC: 0.8511
  AUC-PR: 0.3749

Metrics for AGchain_1:
  Accuracy: 76.56%
  Precision: 0.0728
  Recall: 0.1591
  AUC-ROC: 0.5157
  AUC-PR: 0.0799

Metrics for AGchain_2:
  Accuracy: 79.59%
  Precision: 0.0000
  Recall: 0.0000
  AUC-ROC: 0.4012
  AUC-PR: 0.0464

Testing model: mcmodel_fold2_l1_g1_i2.pth
Initializing ClassificationModel with 1 GAT layers and residual connections...
Initializing MCModel with 1 GAT layers and 2 row attention layers...
Initializing CGModel with 1 GAT layers and residual connections...
Initializing CoreModel with 1 self-attention layers...

Metrics for Lchain:
  Accuracy: 74.42%
  Precision: 0.4354
  Recall: 0.8567
  AUC-ROC: 0.8675
  AUC-PR: 0.5999

Metrics for Hchain:
  Accuracy: 63.28%
  Precision: 0.4093
  Recall: 0.9466
  AUC-ROC: 0.8586
  AUC-PR: 0.6592

Metrics for Antibody:
  Accuracy: 68.63%
  Precision: 0.4193
  Recall: 0.9087
  AUC-ROC: 0.8614
  AUC-PR: 0.6332

Metrics for Antigen:
  Accuracy: 73.20%
  Precision: 0.2699
  Recall: 0.8226
  AUC-ROC: 0.8349
  AUC-PR: 0.3086

Metrics for AGchain_0:
  Accuracy: 74.27%
  Precision: 0.2836
  Recall: 0.8340
  AUC-ROC: 0.8464
  AUC-PR: 0.3413

Metrics for AGchain_1:
  Accuracy: 53.27%
  Precision: 0.0911
  Recall: 0.5249
  AUC-ROC: 0.5395
  AUC-PR: 0.0843

Metrics for AGchain_2:
  Accuracy: 49.39%
  Precision: 0.0569
  Recall: 0.4667
  AUC-ROC: 0.5358
  AUC-PR: 0.0639

Testing model: mcmodel_fold2_l1_g2_i1.pth
Initializing ClassificationModel with 2 GAT layers and residual connections...
Initializing MCModel with 2 GAT layers and 1 row attention layers...
Initializing CGModel with 2 GAT layers and residual connections...
Initializing CoreModel with 1 self-attention layers...

Metrics for Lchain:
  Accuracy: 77.90%
  Precision: 0.4762
  Recall: 0.8397
  AUC-ROC: 0.8799
  AUC-PR: 0.6310

Metrics for Hchain:
  Accuracy: 69.79%
  Precision: 0.4590
  Recall: 0.9379
  AUC-ROC: 0.8728
  AUC-PR: 0.6818

Metrics for Antibody:
  Accuracy: 73.69%
  Precision: 0.4657
  Recall: 0.8966
  AUC-ROC: 0.8743
  AUC-PR: 0.6564

Metrics for Antigen:
  Accuracy: 75.32%
  Precision: 0.2830
  Recall: 0.7902
  AUC-ROC: 0.8462
  AUC-PR: 0.3559

Metrics for AGchain_0:
  Accuracy: 76.48%
  Precision: 0.2992
  Recall: 0.8022
  AUC-ROC: 0.8586
  AUC-PR: 0.3917

Metrics for AGchain_1:
  Accuracy: 53.99%
  Precision: 0.0855
  Recall: 0.4774
  AUC-ROC: 0.5143
  AUC-PR: 0.0778

Metrics for AGchain_2:
  Accuracy: 46.12%
  Precision: 0.0465
  Recall: 0.4000
  AUC-ROC: 0.4204
  AUC-PR: 0.0485

Testing model: mcmodel_fold2_l2_g1_i1.pth
Initializing ClassificationModel with 1 GAT layers and residual connections...
Initializing MCModel with 1 GAT layers and 1 row attention layers...
Initializing CGModel with 1 GAT layers and residual connections...
Initializing CoreModel with 2 self-attention layers...

Metrics for Lchain:
  Accuracy: 83.70%
  Precision: 0.5951
  Recall: 0.6268
  AUC-ROC: 0.8749
  AUC-PR: 0.6244

Metrics for Hchain:
  Accuracy: 79.87%
  Precision: 0.5922
  Recall: 0.7127
  AUC-ROC: 0.8631
  AUC-PR: 0.6692

Metrics for Antibody:
  Accuracy: 81.71%
  Precision: 0.5933
  Recall: 0.6765
  AUC-ROC: 0.8665
  AUC-PR: 0.6477

Metrics for Antigen:
  Accuracy: 86.63%
  Precision: 0.3743
  Recall: 0.2951
  AUC-ROC: 0.8383
  AUC-PR: 0.3242

Metrics for AGchain_0:
  Accuracy: 87.30%
  Precision: 0.4150
  Recall: 0.2975
  AUC-ROC: 0.8520
  AUC-PR: 0.3701

Metrics for AGchain_1:
  Accuracy: 74.42%
  Precision: 0.0875
  Recall: 0.2257
  AUC-ROC: 0.5512
  AUC-PR: 0.0875

Metrics for AGchain_2:
  Accuracy: 67.76%
  Precision: 0.0789
  Recall: 0.4000
  AUC-ROC: 0.5025
  AUC-PR: 0.0600

Testing model: mcmodel_fold3_l1_g1_i1.pth
Initializing ClassificationModel with 1 GAT layers and residual connections...
Initializing MCModel with 1 GAT layers and 1 row attention layers...
Initializing CGModel with 1 GAT layers and residual connections...
Initializing CoreModel with 1 self-attention layers...

Metrics for Lchain:
  Accuracy: 84.69%
  Precision: 0.6552
  Recall: 0.5260
  AUC-ROC: 0.8782
  AUC-PR: 0.6307

Metrics for Hchain:
  Accuracy: 82.10%
  Precision: 0.6674
  Recall: 0.6146
  AUC-ROC: 0.8686
  AUC-PR: 0.6843

Metrics for Antibody:
  Accuracy: 83.35%
  Precision: 0.6627
  Recall: 0.5772
  AUC-ROC: 0.8717
  AUC-PR: 0.6596

Metrics for Antigen:
  Accuracy: 87.27%
  Precision: 0.3839
  Recall: 0.2332
  AUC-ROC: 0.8358
  AUC-PR: 0.3244

Metrics for AGchain_0:
  Accuracy: 87.79%
  Precision: 0.4288
  Recall: 0.2361
  AUC-ROC: 0.8495
  AUC-PR: 0.3648

Metrics for AGchain_1:
  Accuracy: 77.53%
  Precision: 0.0780
  Recall: 0.1615
  AUC-ROC: 0.5405
  AUC-PR: 0.0841

Metrics for AGchain_2:
  Accuracy: 76.73%
  Precision: 0.0000
  Recall: 0.0000
  AUC-ROC: 0.3846
  AUC-PR: 0.0450

Testing model: mcmodel_fold3_l1_g1_i2.pth
Initializing ClassificationModel with 1 GAT layers and residual connections...
Initializing MCModel with 1 GAT layers and 2 row attention layers...
Initializing CGModel with 1 GAT layers and residual connections...
Initializing CoreModel with 1 self-attention layers...

Metrics for Lchain:
  Accuracy: 71.87%
  Precision: 0.4128
  Recall: 0.8984
  AUC-ROC: 0.8677
  AUC-PR: 0.6072

Metrics for Hchain:
  Accuracy: 61.94%
  Precision: 0.4015
  Recall: 0.9602
  AUC-ROC: 0.8609
  AUC-PR: 0.6665

Metrics for Antibody:
  Accuracy: 66.71%
  Precision: 0.4060
  Recall: 0.9342
  AUC-ROC: 0.8636
  AUC-PR: 0.6383

Metrics for Antigen:
  Accuracy: 73.25%
  Precision: 0.2688
  Recall: 0.8125
  AUC-ROC: 0.8328
  AUC-PR: 0.2980

Metrics for AGchain_0:
  Accuracy: 74.30%
  Precision: 0.2825
  Recall: 0.8246
  AUC-ROC: 0.8440
  AUC-PR: 0.3218

Metrics for AGchain_1:
  Accuracy: 53.43%
  Precision: 0.0883
  Recall: 0.5036
  AUC-ROC: 0.5308
  AUC-PR: 0.0800

Metrics for AGchain_2:
  Accuracy: 56.33%
  Precision: 0.0400
  Recall: 0.2667
  AUC-ROC: 0.3528
  AUC-PR: 0.0431

Testing model: mcmodel_fold3_l1_g2_i1.pth
Initializing ClassificationModel with 2 GAT layers and residual connections...
Initializing MCModel with 2 GAT layers and 1 row attention layers...
Initializing CGModel with 2 GAT layers and residual connections...
Initializing CoreModel with 1 self-attention layers...

Metrics for Lchain:
  Accuracy: 75.33%
  Precision: 0.4462
  Recall: 0.8711
  AUC-ROC: 0.8754
  AUC-PR: 0.6170

Metrics for Hchain:
  Accuracy: 68.68%
  Precision: 0.4495
  Recall: 0.9365
  AUC-ROC: 0.8653
  AUC-PR: 0.6554

Metrics for Antibody:
  Accuracy: 71.87%
  Precision: 0.4482
  Recall: 0.9089
  AUC-ROC: 0.8702
  AUC-PR: 0.6390

Metrics for Antigen:
  Accuracy: 76.19%
  Precision: 0.2896
  Recall: 0.7805
  AUC-ROC: 0.8482
  AUC-PR: 0.3451

Metrics for AGchain_0:
  Accuracy: 77.59%
  Precision: 0.3085
  Recall: 0.7886
  AUC-ROC: 0.8618
  AUC-PR: 0.4000

Metrics for AGchain_1:
  Accuracy: 50.28%
  Precision: 0.0923
  Recall: 0.5748
  AUC-ROC: 0.5361
  AUC-PR: 0.0850

Metrics for AGchain_2:
  Accuracy: 43.27%
  Precision: 0.0373
  Recall: 0.3333
  AUC-ROC: 0.3636
  AUC-PR: 0.0438

Testing model: mcmodel_fold3_l2_g1_i1.pth
Initializing ClassificationModel with 1 GAT layers and residual connections...
Initializing MCModel with 1 GAT layers and 1 row attention layers...
Initializing CGModel with 1 GAT layers and residual connections...
Initializing CoreModel with 2 self-attention layers...

Metrics for Lchain:
  Accuracy: 84.50%
  Precision: 0.6477
  Recall: 0.5263
  AUC-ROC: 0.8764
  AUC-PR: 0.6243

Metrics for Hchain:
  Accuracy: 81.61%
  Precision: 0.6866
  Recall: 0.5325
  AUC-ROC: 0.8546
  AUC-PR: 0.6540

Metrics for Antibody:
  Accuracy: 83.00%
  Precision: 0.6697
  Recall: 0.5299
  AUC-ROC: 0.8626
  AUC-PR: 0.6382

Metrics for Antigen:
  Accuracy: 86.49%
  Precision: 0.3688
  Recall: 0.2958
  AUC-ROC: 0.8304
  AUC-PR: 0.3119

Metrics for AGchain_0:
  Accuracy: 87.44%
  Precision: 0.4219
  Recall: 0.2955
  AUC-ROC: 0.8463
  AUC-PR: 0.3658

Metrics for AGchain_1:
  Accuracy: 68.77%
  Precision: 0.0910
  Recall: 0.3135
  AUC-ROC: 0.5490
  AUC-PR: 0.0884

Metrics for AGchain_2:
  Accuracy: 68.57%
  Precision: 0.0156
  Recall: 0.0667
  AUC-ROC: 0.3771
  AUC-PR: 0.0447

Testing model: mcmodel_fold4_l1_g1_i1.pth
Initializing ClassificationModel with 1 GAT layers and residual connections...
Initializing MCModel with 1 GAT layers and 1 row attention layers...
Initializing CGModel with 1 GAT layers and residual connections...
Initializing CoreModel with 1 self-attention layers...

Metrics for Lchain:
  Accuracy: 83.65%
  Precision: 0.5970
  Recall: 0.6092
  AUC-ROC: 0.8716
  AUC-PR: 0.6106

Metrics for Hchain:
  Accuracy: 80.45%
  Precision: 0.6073
  Recall: 0.6914
  AUC-ROC: 0.8655
  AUC-PR: 0.6870

Metrics for Antibody:
  Accuracy: 81.98%
  Precision: 0.6032
  Recall: 0.6567
  AUC-ROC: 0.8666
  AUC-PR: 0.6479

Metrics for Antigen:
  Accuracy: 87.51%
  Precision: 0.4029
  Recall: 0.2479
  AUC-ROC: 0.8370
  AUC-PR: 0.3357

Metrics for AGchain_0:
  Accuracy: 87.93%
  Precision: 0.4424
  Recall: 0.2536
  AUC-ROC: 0.8519
  AUC-PR: 0.3773

Metrics for AGchain_1:
  Accuracy: 79.32%
  Precision: 0.0589
  Recall: 0.1021
  AUC-ROC: 0.4922
  AUC-PR: 0.0744

Metrics for AGchain_2:
  Accuracy: 85.71%
  Precision: 0.0000
  Recall: 0.0000
  AUC-ROC: 0.4410
  AUC-PR: 0.0502

Testing model: mcmodel_fold4_l1_g1_i2.pth
Initializing ClassificationModel with 1 GAT layers and residual connections...
Initializing MCModel with 1 GAT layers and 2 row attention layers...
Initializing CGModel with 1 GAT layers and residual connections...
Initializing CoreModel with 1 self-attention layers...

Metrics for Lchain:
  Accuracy: 77.95%
  Precision: 0.4762
  Recall: 0.8113
  AUC-ROC: 0.8753
  AUC-PR: 0.6302

Metrics for Hchain:
  Accuracy: 69.49%
  Precision: 0.4554
  Recall: 0.9130
  AUC-ROC: 0.8668
  AUC-PR: 0.6730

Metrics for Antibody:
  Accuracy: 73.56%
  Precision: 0.4633
  Recall: 0.8702
  AUC-ROC: 0.8694
  AUC-PR: 0.6534

Metrics for Antigen:
  Accuracy: 74.36%
  Precision: 0.2780
  Recall: 0.8127
  AUC-ROC: 0.8444
  AUC-PR: 0.3260

Metrics for AGchain_0:
  Accuracy: 75.41%
  Precision: 0.2923
  Recall: 0.8243
  AUC-ROC: 0.8577
  AUC-PR: 0.3645

Metrics for AGchain_1:
  Accuracy: 54.55%
  Precision: 0.0926
  Recall: 0.5178
  AUC-ROC: 0.5336
  AUC-PR: 0.0812

Metrics for AGchain_2:
  Accuracy: 56.33%
  Precision: 0.0400
  Recall: 0.2667
  AUC-ROC: 0.4529
  AUC-PR: 0.0516

Testing model: mcmodel_fold4_l1_g2_i1.pth
Initializing ClassificationModel with 2 GAT layers and residual connections...
Initializing MCModel with 2 GAT layers and 1 row attention layers...
Initializing CGModel with 2 GAT layers and residual connections...
Initializing CoreModel with 1 self-attention layers...

Metrics for Lchain:
  Accuracy: 74.21%
  Precision: 0.4352
  Recall: 0.8902
  AUC-ROC: 0.8729
  AUC-PR: 0.6072

Metrics for Hchain:
  Accuracy: 67.21%
  Precision: 0.4386
  Recall: 0.9545
  AUC-ROC: 0.8695
  AUC-PR: 0.6688

Metrics for Antibody:
  Accuracy: 70.57%
  Precision: 0.4372
  Recall: 0.9274
  AUC-ROC: 0.8710
  AUC-PR: 0.6434

Metrics for Antigen:
  Accuracy: 73.69%
  Precision: 0.2760
  Recall: 0.8364
  AUC-ROC: 0.8559
  AUC-PR: 0.3872

Metrics for AGchain_0:
  Accuracy: 74.72%
  Precision: 0.2899
  Recall: 0.8504
  AUC-ROC: 0.8659
  AUC-PR: 0.4051

Metrics for AGchain_1:
  Accuracy: 54.52%
  Precision: 0.0865
  Recall: 0.4774
  AUC-ROC: 0.5207
  AUC-PR: 0.0802

Metrics for AGchain_2:
  Accuracy: 49.80%
  Precision: 0.0345
  Recall: 0.2667
  AUC-ROC: 0.4181
  AUC-PR: 0.0478

Testing model: mcmodel_fold4_l2_g1_i1.pth
Initializing ClassificationModel with 1 GAT layers and residual connections...
Initializing MCModel with 1 GAT layers and 1 row attention layers...
Initializing CGModel with 1 GAT layers and residual connections...
Initializing CoreModel with 2 self-attention layers...

Metrics for Lchain:
  Accuracy: 83.23%
  Precision: 0.5749
  Recall: 0.6815
  AUC-ROC: 0.8737
  AUC-PR: 0.6343

Metrics for Hchain:
  Accuracy: 78.82%
  Precision: 0.5714
  Recall: 0.7263
  AUC-ROC: 0.8564
  AUC-PR: 0.6597

Metrics for Antibody:
  Accuracy: 80.94%
  Precision: 0.5728
  Recall: 0.7074
  AUC-ROC: 0.8630
  AUC-PR: 0.6462

Metrics for Antigen:
  Accuracy: 85.46%
  Precision: 0.3386
  Recall: 0.3184
  AUC-ROC: 0.8224
  AUC-PR: 0.2963

Metrics for AGchain_0:
  Accuracy: 86.39%
  Precision: 0.3798
  Recall: 0.3192
  AUC-ROC: 0.8378
  AUC-PR: 0.3404

Metrics for AGchain_1:
  Accuracy: 68.03%
  Precision: 0.0853
  Recall: 0.2993
  AUC-ROC: 0.5399
  AUC-PR: 0.0860

Metrics for AGchain_2:
  Accuracy: 65.71%
  Precision: 0.0400
  Recall: 0.2000
  AUC-ROC: 0.4357
  AUC-PR: 0.0493

Testing model: mcmodel_fold5_l1_g1_i1.pth
Initializing ClassificationModel with 1 GAT layers and residual connections...
Initializing MCModel with 1 GAT layers and 1 row attention layers...
Initializing CGModel with 1 GAT layers and residual connections...
Initializing CoreModel with 1 self-attention layers...

Metrics for Lchain:
  Accuracy: 84.18%
  Precision: 0.6114
  Recall: 0.6150
  AUC-ROC: 0.8794
  AUC-PR: 0.6303

Metrics for Hchain:
  Accuracy: 80.90%
  Precision: 0.6228
  Recall: 0.6641
  AUC-ROC: 0.8605
  AUC-PR: 0.6792

Metrics for Antibody:
  Accuracy: 82.48%
  Precision: 0.6182
  Recall: 0.6434
  AUC-ROC: 0.8668
  AUC-PR: 0.6534

Metrics for Antigen:
  Accuracy: 86.25%
  Precision: 0.3544
  Recall: 0.2823
  AUC-ROC: 0.8269
  AUC-PR: 0.3087

Metrics for AGchain_0:
  Accuracy: 87.00%
  Precision: 0.3967
  Recall: 0.2846
  AUC-ROC: 0.8421
  AUC-PR: 0.3523

Metrics for AGchain_1:
  Accuracy: 72.09%
  Precision: 0.0795
  Recall: 0.2280
  AUC-ROC: 0.5278
  AUC-PR: 0.0826

Metrics for AGchain_2:
  Accuracy: 76.73%
  Precision: 0.0000
  Recall: 0.0000
  AUC-ROC: 0.4128
  AUC-PR: 0.0473

Testing model: mcmodel_fold5_l1_g1_i2.pth
Initializing ClassificationModel with 1 GAT layers and residual connections...
Initializing MCModel with 1 GAT layers and 2 row attention layers...
Initializing CGModel with 1 GAT layers and residual connections...
Initializing CoreModel with 1 self-attention layers...

Metrics for Lchain:
  Accuracy: 84.22%
  Precision: 0.6237
  Recall: 0.5704
  AUC-ROC: 0.8724
  AUC-PR: 0.6211

Metrics for Hchain:
  Accuracy: 81.19%
  Precision: 0.6350
  Recall: 0.6419
  AUC-ROC: 0.8611
  AUC-PR: 0.6741

Metrics for Antibody:
  Accuracy: 82.64%
  Precision: 0.6305
  Recall: 0.6118
  AUC-ROC: 0.8648
  AUC-PR: 0.6477

Metrics for Antigen:
  Accuracy: 87.73%
  Precision: 0.3901
  Recall: 0.1765
  AUC-ROC: 0.8386
  AUC-PR: 0.3267

Metrics for AGchain_0:
  Accuracy: 88.01%
  Precision: 0.4293
  Recall: 0.1795
  AUC-ROC: 0.8505
  AUC-PR: 0.3582

Metrics for AGchain_1:
  Accuracy: 82.09%
  Precision: 0.0733
  Recall: 0.1021
  AUC-ROC: 0.5412
  AUC-PR: 0.0851

Metrics for AGchain_2:
  Accuracy: 92.65%
  Precision: 0.0000
  Recall: 0.0000
  AUC-ROC: 0.4593
  AUC-PR: 0.0562

Testing model: mcmodel_fold5_l1_g2_i1.pth
Initializing ClassificationModel with 2 GAT layers and residual connections...
Initializing MCModel with 2 GAT layers and 1 row attention layers...
Initializing CGModel with 2 GAT layers and residual connections...
Initializing CoreModel with 1 self-attention layers...

Metrics for Lchain:
  Accuracy: 71.09%
  Precision: 0.4064
  Recall: 0.9080
  AUC-ROC: 0.8643
  AUC-PR: 0.5790

Metrics for Hchain:
  Accuracy: 62.49%
  Precision: 0.4058
  Recall: 0.9675
  AUC-ROC: 0.8586
  AUC-PR: 0.6584

Metrics for Antibody:
  Accuracy: 66.62%
  Precision: 0.4060
  Recall: 0.9424
  AUC-ROC: 0.8614
  AUC-PR: 0.6259

Metrics for Antigen:
  Accuracy: 66.83%
  Precision: 0.2390
  Recall: 0.9033
  AUC-ROC: 0.8393
  AUC-PR: 0.3390

Metrics for AGchain_0:
  Accuracy: 67.52%
  Precision: 0.2478
  Recall: 0.9179
  AUC-ROC: 0.8487
  AUC-PR: 0.3658

Metrics for AGchain_1:
  Accuracy: 53.84%
  Precision: 0.0932
  Recall: 0.5321
  AUC-ROC: 0.5413
  AUC-PR: 0.0845

Metrics for AGchain_2:
  Accuracy: 51.84%
  Precision: 0.0275
  Recall: 0.2000
  AUC-ROC: 0.3441
  AUC-PR: 0.0425

Testing model: mcmodel_fold5_l2_g1_i1.pth
Initializing ClassificationModel with 1 GAT layers and residual connections...
Initializing MCModel with 1 GAT layers and 1 row attention layers...
Initializing CGModel with 1 GAT layers and residual connections...
Initializing CoreModel with 2 self-attention layers...

Metrics for Lchain:
  Accuracy: 83.16%
  Precision: 0.5735
  Recall: 0.6802
  AUC-ROC: 0.8771
  AUC-PR: 0.6339

Metrics for Hchain:
  Accuracy: 78.81%
  Precision: 0.5700
  Recall: 0.7375
  AUC-ROC: 0.8569
  AUC-PR: 0.6671

Metrics for Antibody:
  Accuracy: 80.90%
  Precision: 0.5714
  Recall: 0.7134
  AUC-ROC: 0.8633
  AUC-PR: 0.6477

Metrics for Antigen:
  Accuracy: 85.38%
  Precision: 0.3553
  Recall: 0.3813
  AUC-ROC: 0.8320
  AUC-PR: 0.3163

Metrics for AGchain_0:
  Accuracy: 86.20%
  Precision: 0.3891
  Recall: 0.3831
  AUC-ROC: 0.8460
  AUC-PR: 0.3577

Metrics for AGchain_1:
  Accuracy: 70.17%
  Precision: 0.1015
  Recall: 0.3373
  AUC-ROC: 0.5604
  AUC-PR: 0.0944

Metrics for AGchain_2:
  Accuracy: 63.27%
  Precision: 0.0482
  Recall: 0.2667
  AUC-ROC: 0.3906
  AUC-PR: 0.0460
