
Testing model: mcabmodel_fold1_l1_g1_i1_dp0.0.pth
Initializing ClassificationModel with 1 GAT layers and residual connections...
Initializing MCModel with 1 GAT layers and 1 row attention layers...
Initializing CGModel with 1 GAT layers and residual connections...
Initializing CoreModel with 1 self-attention layers...

Metrics for Lchain:
  Accuracy: 80.68%
  Precision: 0.5182
  Recall: 0.8019
  AUC-ROC: 0.8860
  AUC-PR: 0.6679

Metrics for Hchain:
  Accuracy: 77.21%
  Precision: 0.5378
  Recall: 0.8954
  AUC-ROC: 0.8980
  AUC-PR: 0.7424

Metrics for Antibody:
  Accuracy: 78.88%
  Precision: 0.5299
  Recall: 0.8560
  AUC-ROC: 0.8922
  AUC-PR: 0.7079
No data available for Antigen

Testing model: mcabmodel_fold2_l1_g1_i1_dp0.0.pth
Initializing ClassificationModel with 1 GAT layers and residual connections...
Initializing MCModel with 1 GAT layers and 1 row attention layers...
Initializing CGModel with 1 GAT layers and residual connections...
Initializing CoreModel with 1 self-attention layers...

Metrics for Lchain:
  Accuracy: 78.97%
  Precision: 0.4921
  Recall: 0.8295
  AUC-ROC: 0.8846
  AUC-PR: 0.6533

Metrics for Hchain:
  Accuracy: 77.44%
  Precision: 0.5404
  Recall: 0.8982
  AUC-ROC: 0.9040
  AUC-PR: 0.7541

Metrics for Antibody:
  Accuracy: 78.17%
  Precision: 0.5199
  Recall: 0.8693
  AUC-ROC: 0.8951
  AUC-PR: 0.7057
No data available for Antigen

Testing model: mcabmodel_fold3_l1_g1_i1_dp0.0.pth
Initializing ClassificationModel with 1 GAT layers and residual connections...
Initializing MCModel with 1 GAT layers and 1 row attention layers...
Initializing CGModel with 1 GAT layers and residual connections...
Initializing CoreModel with 1 self-attention layers...

Metrics for Lchain:
  Accuracy: 80.94%
  Precision: 0.5227
  Recall: 0.7949
  AUC-ROC: 0.8840
  AUC-PR: 0.6679

Metrics for Hchain:
  Accuracy: 77.28%
  Precision: 0.5388
  Recall: 0.8916
  AUC-ROC: 0.8955
  AUC-PR: 0.7282

Metrics for Antibody:
  Accuracy: 79.04%
  Precision: 0.5324
  Recall: 0.8509
  AUC-ROC: 0.8903
  AUC-PR: 0.7019
No data available for Antigen

Testing model: mcabmodel_fold4_l1_g1_i1_dp0.0.pth
Initializing ClassificationModel with 1 GAT layers and residual connections...
Initializing MCModel with 1 GAT layers and 1 row attention layers...
Initializing CGModel with 1 GAT layers and residual connections...
Initializing CoreModel with 1 self-attention layers...

Metrics for Lchain:
  Accuracy: 79.85%
  Precision: 0.5052
  Recall: 0.7986
  AUC-ROC: 0.8781
  AUC-PR: 0.6471

Metrics for Hchain:
  Accuracy: 77.24%
  Precision: 0.5387
  Recall: 0.8835
  AUC-ROC: 0.8931
  AUC-PR: 0.7314

Metrics for Antibody:
  Accuracy: 78.50%
  Precision: 0.5249
  Recall: 0.8478
  AUC-ROC: 0.8862
  AUC-PR: 0.6897
No data available for Antigen

Testing model: mcabmodel_fold5_l1_g1_i1_dp0.0.pth
Initializing ClassificationModel with 1 GAT layers and residual connections...
Initializing MCModel with 1 GAT layers and 1 row attention layers...
Initializing CGModel with 1 GAT layers and residual connections...
Initializing CoreModel with 1 self-attention layers...

Metrics for Lchain:
  Accuracy: 80.87%
  Precision: 0.5218
  Recall: 0.7886
  AUC-ROC: 0.8849
  AUC-PR: 0.6557

Metrics for Hchain:
  Accuracy: 78.68%
  Precision: 0.5580
  Recall: 0.8760
  AUC-ROC: 0.8981
  AUC-PR: 0.7422

Metrics for Antibody:
  Accuracy: 79.73%
  Precision: 0.5431
  Recall: 0.8392
  AUC-ROC: 0.8916
  AUC-PR: 0.7007
No data available for Antigen
