{'batch_size': 4, 'sequence_file': 'padded_sequences_train_filtered_3000.npz', 'data_file': 'padded_train_secondary_structure_filtered_3000.npz', 'edge_file': 'padded_edges_train_filtered_3000.npz', 'max_len': 3000, 'vocab_size': 23, 'embed_dim': 256, 'num_heads': 16, 'dropout': 0.1, 'num_layers': 1, 'num_gnn_layers': 2, 'num_int_layers': 1, 'num_classes': 8, 'num_epochs': 1000, 'learning_rate': 0.0001, 'max_grad_norm': 0.1, 'validation_split': 0.1, 'early_stop_patience': 10, 'initial_gradient_noise_std': 0.05, 'accumulation_steps': 2}
Number of GPUs available: 4

Starting Fold 1/5...
Initializing ClassificationModel with 2 GAT layers and residual connections...
Initializing MCModel with 2 GAT layers and 1 row attention layers...
Initializing CGModel with 2 GAT layers and residual connections...
Initializing CoreModel with 1 self-attention layers...
Using 4 GPUs with DataParallel.
Epoch [1/1000], Training Loss: 1.3555
Validation Loss: 1.2075
New best model found with validation loss: 1.2075
Epoch [2/1000], Training Loss: 1.1926
Validation Loss: 1.1397
New best model found with validation loss: 1.1397
Epoch [3/1000], Training Loss: 1.1455
Validation Loss: 1.1137
New best model found with validation loss: 1.1137
Epoch [4/1000], Training Loss: 1.1102
Validation Loss: 1.0770
New best model found with validation loss: 1.0770
Epoch [5/1000], Training Loss: 1.0871
Validation Loss: 1.0686
New best model found with validation loss: 1.0686
Epoch [6/1000], Training Loss: 1.0695
Validation Loss: 1.0518
New best model found with validation loss: 1.0518
Epoch [7/1000], Training Loss: 1.0526
Validation Loss: 1.0484
New best model found with validation loss: 1.0484
Epoch [8/1000], Training Loss: 1.0395
Validation Loss: 1.0192
New best model found with validation loss: 1.0192
Epoch [9/1000], Training Loss: 1.0276
Validation Loss: 0.9998
New best model found with validation loss: 0.9998
Epoch [10/1000], Training Loss: 1.0179
Validation Loss: 0.9848
New best model found with validation loss: 0.9848
Epoch [11/1000], Training Loss: 1.0026
Validation Loss: 0.9747
New best model found with validation loss: 0.9747
Epoch [12/1000], Training Loss: 0.9947
Validation Loss: 0.9687
New best model found with validation loss: 0.9687
Epoch [13/1000], Training Loss: 0.9850
Validation Loss: 0.9746
No improvement in validation loss. Early stop counter: 1/10
Epoch [14/1000], Training Loss: 0.9823
Validation Loss: 0.9613
New best model found with validation loss: 0.9613
Epoch [15/1000], Training Loss: 0.9736
Validation Loss: 0.9498
New best model found with validation loss: 0.9498
Epoch [16/1000], Training Loss: 0.9651
Validation Loss: 0.9412
New best model found with validation loss: 0.9412
Epoch [17/1000], Training Loss: 0.9623
Validation Loss: 0.9378
New best model found with validation loss: 0.9378
Epoch [18/1000], Training Loss: 0.9600
Validation Loss: 0.9496
No improvement in validation loss. Early stop counter: 1/10
Epoch [19/1000], Training Loss: 0.9524
Validation Loss: 0.9451
No improvement in validation loss. Early stop counter: 2/10
Epoch [20/1000], Training Loss: 0.9501
Validation Loss: 0.9197
New best model found with validation loss: 0.9197
Epoch [21/1000], Training Loss: 0.9391
Validation Loss: 0.9262
No improvement in validation loss. Early stop counter: 1/10
Epoch [22/1000], Training Loss: 0.9343
Validation Loss: 0.9175
New best model found with validation loss: 0.9175
Epoch [23/1000], Training Loss: 0.9334
Validation Loss: 0.9170
New best model found with validation loss: 0.9170
Epoch [24/1000], Training Loss: 0.9307
Validation Loss: 0.9197
No improvement in validation loss. Early stop counter: 1/10
Epoch [25/1000], Training Loss: 0.9286
Validation Loss: 0.9059
New best model found with validation loss: 0.9059
Epoch [26/1000], Training Loss: 0.9231
Validation Loss: 0.9197
No improvement in validation loss. Early stop counter: 1/10
Epoch [27/1000], Training Loss: 0.9220
Validation Loss: 0.9015
New best model found with validation loss: 0.9015
Epoch [28/1000], Training Loss: 0.9195
Validation Loss: 0.9050
No improvement in validation loss. Early stop counter: 1/10
Epoch [29/1000], Training Loss: 0.9166
Validation Loss: 0.8997
New best model found with validation loss: 0.8997
Epoch [30/1000], Training Loss: 0.9128
Validation Loss: 0.8904
New best model found with validation loss: 0.8904
Epoch [31/1000], Training Loss: 0.9083
Validation Loss: 0.8885
New best model found with validation loss: 0.8885
Epoch [32/1000], Training Loss: 0.9071
Validation Loss: 0.8974
No improvement in validation loss. Early stop counter: 1/10
Epoch [33/1000], Training Loss: 0.9049
Validation Loss: 0.8940
No improvement in validation loss. Early stop counter: 2/10
Epoch [34/1000], Training Loss: 0.9060
Validation Loss: 0.8937
No improvement in validation loss. Early stop counter: 3/10
Epoch [35/1000], Training Loss: 0.9025
Validation Loss: 0.8964
No improvement in validation loss. Early stop counter: 4/10
Epoch [36/1000], Training Loss: 0.9027
Validation Loss: 0.8890
No improvement in validation loss. Early stop counter: 5/10
Epoch [37/1000], Training Loss: 0.8997
Validation Loss: 0.8910
No improvement in validation loss. Early stop counter: 6/10
Epoch [38/1000], Training Loss: 0.8990
Validation Loss: 0.8769
New best model found with validation loss: 0.8769
Epoch [39/1000], Training Loss: 0.8982
Validation Loss: 0.8882
No improvement in validation loss. Early stop counter: 1/10
Epoch [40/1000], Training Loss: 0.8967
Validation Loss: 0.8817
No improvement in validation loss. Early stop counter: 2/10
Epoch [41/1000], Training Loss: 0.8963
Validation Loss: 0.8765
New best model found with validation loss: 0.8765
Epoch [42/1000], Training Loss: 0.8938
Validation Loss: 0.8806
No improvement in validation loss. Early stop counter: 1/10
Epoch [43/1000], Training Loss: 0.8941
Validation Loss: 0.8821
No improvement in validation loss. Early stop counter: 2/10
Epoch [44/1000], Training Loss: 0.8927
Validation Loss: 0.8775
No improvement in validation loss. Early stop counter: 3/10
Epoch [45/1000], Training Loss: 0.8903
Validation Loss: 0.8843
No improvement in validation loss. Early stop counter: 4/10
Epoch [46/1000], Training Loss: 0.8887
Validation Loss: 0.8815
No improvement in validation loss. Early stop counter: 5/10
Epoch [47/1000], Training Loss: 0.8911
Validation Loss: 0.8848
No improvement in validation loss. Early stop counter: 6/10
Epoch [48/1000], Training Loss: 0.8880
Validation Loss: 0.8824
No improvement in validation loss. Early stop counter: 7/10
Epoch [49/1000], Training Loss: 0.8875
Validation Loss: 0.8800
No improvement in validation loss. Early stop counter: 8/10
Epoch [50/1000], Training Loss: 0.8876
Validation Loss: 0.8747
New best model found with validation loss: 0.8747
Epoch [51/1000], Training Loss: 0.8881
Validation Loss: 0.8772
No improvement in validation loss. Early stop counter: 1/10
Epoch [52/1000], Training Loss: 0.8847
Validation Loss: 0.8701
New best model found with validation loss: 0.8701
Epoch [53/1000], Training Loss: 0.8860
Validation Loss: 0.8745
No improvement in validation loss. Early stop counter: 1/10
Epoch [54/1000], Training Loss: 0.8841
Validation Loss: 0.8709
No improvement in validation loss. Early stop counter: 2/10
Epoch [55/1000], Training Loss: 0.8851
Validation Loss: 0.8777
No improvement in validation loss. Early stop counter: 3/10
Epoch [56/1000], Training Loss: 0.8858
Validation Loss: 0.8797
No improvement in validation loss. Early stop counter: 4/10
Epoch [57/1000], Training Loss: 0.8855
Validation Loss: 0.8741
No improvement in validation loss. Early stop counter: 5/10
Epoch [58/1000], Training Loss: 0.8862
Validation Loss: 0.8786
No improvement in validation loss. Early stop counter: 6/10
Epoch [59/1000], Training Loss: 0.8841
Validation Loss: 0.8739
No improvement in validation loss. Early stop counter: 7/10
Epoch [60/1000], Training Loss: 0.8838
Validation Loss: 0.8712
No improvement in validation loss. Early stop counter: 8/10
Epoch [61/1000], Training Loss: 0.8831
Validation Loss: 0.8708
No improvement in validation loss. Early stop counter: 9/10
Epoch [62/1000], Training Loss: 0.8832
Validation Loss: 0.8721
No improvement in validation loss. Early stop counter: 10/10
Early stopping triggered after 62 epochs.
Best model for fold 1 saved successfully.

Starting Fold 2/5...
Initializing ClassificationModel with 2 GAT layers and residual connections...
Initializing MCModel with 2 GAT layers and 1 row attention layers...
Initializing CGModel with 2 GAT layers and residual connections...
Initializing CoreModel with 1 self-attention layers...
Using 4 GPUs with DataParallel.
Epoch [1/1000], Training Loss: 1.3469
Validation Loss: 1.2079
New best model found with validation loss: 1.2079
Epoch [2/1000], Training Loss: 1.1937
Validation Loss: 1.1422
New best model found with validation loss: 1.1422
Epoch [3/1000], Training Loss: 1.1358
Validation Loss: 1.0983
New best model found with validation loss: 1.0983
Epoch [4/1000], Training Loss: 1.0953
Validation Loss: 1.0663
New best model found with validation loss: 1.0663
Epoch [5/1000], Training Loss: 1.0755
Validation Loss: 1.0541
New best model found with validation loss: 1.0541
Epoch [6/1000], Training Loss: 1.0608
Validation Loss: 1.0557
No improvement in validation loss. Early stop counter: 1/10
Epoch [7/1000], Training Loss: 1.0465
Validation Loss: 1.0215
New best model found with validation loss: 1.0215
Epoch [8/1000], Training Loss: 1.0345
Validation Loss: 1.0144
New best model found with validation loss: 1.0144
Epoch [9/1000], Training Loss: 1.0225
Validation Loss: 1.0148
No improvement in validation loss. Early stop counter: 1/10
Epoch [10/1000], Training Loss: 1.0119
Validation Loss: 1.0123
New best model found with validation loss: 1.0123
Epoch [11/1000], Training Loss: 0.9954
Validation Loss: 0.9848
New best model found with validation loss: 0.9848
Epoch [12/1000], Training Loss: 0.9915
Validation Loss: 0.9707
New best model found with validation loss: 0.9707
Epoch [13/1000], Training Loss: 0.9811
Validation Loss: 0.9700
New best model found with validation loss: 0.9700
Epoch [14/1000], Training Loss: 0.9750
Validation Loss: 0.9625
New best model found with validation loss: 0.9625
Epoch [15/1000], Training Loss: 0.9695
Validation Loss: 0.9603
New best model found with validation loss: 0.9603
Epoch [16/1000], Training Loss: 0.9658
Validation Loss: 0.9519
New best model found with validation loss: 0.9519
Epoch [17/1000], Training Loss: 0.9619
Validation Loss: 0.9478
New best model found with validation loss: 0.9478
Epoch [18/1000], Training Loss: 0.9574
Validation Loss: 0.9452
New best model found with validation loss: 0.9452
Epoch [19/1000], Training Loss: 0.9516
Validation Loss: 0.9369
New best model found with validation loss: 0.9369
Epoch [20/1000], Training Loss: 0.9450
Validation Loss: 0.9407
No improvement in validation loss. Early stop counter: 1/10
Epoch [21/1000], Training Loss: 0.9375
Validation Loss: 0.9251
New best model found with validation loss: 0.9251
Epoch [22/1000], Training Loss: 0.9326
Validation Loss: 0.9208
New best model found with validation loss: 0.9208
Epoch [23/1000], Training Loss: 0.9324
Validation Loss: 0.9158
New best model found with validation loss: 0.9158
Epoch [24/1000], Training Loss: 0.9303
Validation Loss: 0.9231
No improvement in validation loss. Early stop counter: 1/10
Epoch [25/1000], Training Loss: 0.9258
Validation Loss: 0.9155
New best model found with validation loss: 0.9155
Epoch [26/1000], Training Loss: 0.9243
Validation Loss: 0.9093
New best model found with validation loss: 0.9093
Epoch [27/1000], Training Loss: 0.9213
Validation Loss: 0.9176
No improvement in validation loss. Early stop counter: 1/10
Epoch [28/1000], Training Loss: 0.9205
Validation Loss: 0.9070
New best model found with validation loss: 0.9070
Epoch [29/1000], Training Loss: 0.9187
Validation Loss: 0.9017
New best model found with validation loss: 0.9017
Epoch [30/1000], Training Loss: 0.9130
Validation Loss: 0.9017
No improvement in validation loss. Early stop counter: 1/10
Epoch [31/1000], Training Loss: 0.9122
Validation Loss: 0.8994
New best model found with validation loss: 0.8994
Epoch [32/1000], Training Loss: 0.9100
Validation Loss: 0.9008
No improvement in validation loss. Early stop counter: 1/10
Epoch [33/1000], Training Loss: 0.9061
Validation Loss: 0.8927
New best model found with validation loss: 0.8927
Epoch [34/1000], Training Loss: 0.9080
Validation Loss: 0.9023
No improvement in validation loss. Early stop counter: 1/10
Epoch [35/1000], Training Loss: 0.9066
Validation Loss: 0.8932
No improvement in validation loss. Early stop counter: 2/10
Epoch [36/1000], Training Loss: 0.9043
Validation Loss: 0.8941
No improvement in validation loss. Early stop counter: 3/10
Epoch [37/1000], Training Loss: 0.9013
Validation Loss: 0.8919
New best model found with validation loss: 0.8919
Epoch [38/1000], Training Loss: 0.9009
Validation Loss: 0.8864
New best model found with validation loss: 0.8864
Epoch [39/1000], Training Loss: 0.9022
Validation Loss: 0.8892
No improvement in validation loss. Early stop counter: 1/10
Epoch [40/1000], Training Loss: 0.8988
Validation Loss: 0.8958
No improvement in validation loss. Early stop counter: 2/10
Epoch [41/1000], Training Loss: 0.8971
Validation Loss: 0.8868
No improvement in validation loss. Early stop counter: 3/10
Epoch [42/1000], Training Loss: 0.8958
Validation Loss: 0.8868
No improvement in validation loss. Early stop counter: 4/10
Epoch [43/1000], Training Loss: 0.8960
Validation Loss: 0.8890
No improvement in validation loss. Early stop counter: 5/10
Epoch [44/1000], Training Loss: 0.8945
Validation Loss: 0.8887
No improvement in validation loss. Early stop counter: 6/10
Epoch [45/1000], Training Loss: 0.8939
Validation Loss: 0.8896
No improvement in validation loss. Early stop counter: 7/10
Epoch [46/1000], Training Loss: 0.8938
Validation Loss: 0.8955
No improvement in validation loss. Early stop counter: 8/10
Epoch [47/1000], Training Loss: 0.8927
Validation Loss: 0.8837
New best model found with validation loss: 0.8837
Epoch [48/1000], Training Loss: 0.8920
Validation Loss: 0.8898
No improvement in validation loss. Early stop counter: 1/10
Epoch [49/1000], Training Loss: 0.8923
Validation Loss: 0.8886
No improvement in validation loss. Early stop counter: 2/10
Epoch [50/1000], Training Loss: 0.8909
Validation Loss: 0.8892
No improvement in validation loss. Early stop counter: 3/10
Epoch [51/1000], Training Loss: 0.8886
Validation Loss: 0.8830
New best model found with validation loss: 0.8830
Epoch [52/1000], Training Loss: 0.8887
Validation Loss: 0.8798
New best model found with validation loss: 0.8798
Epoch [53/1000], Training Loss: 0.8880
Validation Loss: 0.8810
No improvement in validation loss. Early stop counter: 1/10
Epoch [54/1000], Training Loss: 0.8887
Validation Loss: 0.8763
New best model found with validation loss: 0.8763
Epoch [55/1000], Training Loss: 0.8879
Validation Loss: 0.8869
No improvement in validation loss. Early stop counter: 1/10
Epoch [56/1000], Training Loss: 0.8882
Validation Loss: 0.8864
No improvement in validation loss. Early stop counter: 2/10
Epoch [57/1000], Training Loss: 0.8875
Validation Loss: 0.8831
No improvement in validation loss. Early stop counter: 3/10
Epoch [58/1000], Training Loss: 0.8889
Validation Loss: 0.8817
No improvement in validation loss. Early stop counter: 4/10
Epoch [59/1000], Training Loss: 0.8875
Validation Loss: 0.8781
No improvement in validation loss. Early stop counter: 5/10
Epoch [60/1000], Training Loss: 0.8865
Validation Loss: 0.8789
No improvement in validation loss. Early stop counter: 6/10
Epoch [61/1000], Training Loss: 0.8858
Validation Loss: 0.8758
New best model found with validation loss: 0.8758
Epoch [62/1000], Training Loss: 0.8823
Validation Loss: 0.8807
No improvement in validation loss. Early stop counter: 1/10
Epoch [63/1000], Training Loss: 0.8861
Validation Loss: 0.8798
No improvement in validation loss. Early stop counter: 2/10
Epoch [64/1000], Training Loss: 0.8838
Validation Loss: 0.8783
No improvement in validation loss. Early stop counter: 3/10
Epoch [65/1000], Training Loss: 0.8860
Validation Loss: 0.8777
No improvement in validation loss. Early stop counter: 4/10
Epoch [66/1000], Training Loss: 0.8833
Validation Loss: 0.8781
No improvement in validation loss. Early stop counter: 5/10
Epoch [67/1000], Training Loss: 0.8852
Validation Loss: 0.8771
No improvement in validation loss. Early stop counter: 6/10
Epoch [68/1000], Training Loss: 0.8829
Validation Loss: 0.8795
No improvement in validation loss. Early stop counter: 7/10
Epoch [69/1000], Training Loss: 0.8855
Validation Loss: 0.8754
New best model found with validation loss: 0.8754
Epoch [70/1000], Training Loss: 0.8825
Validation Loss: 0.8803
No improvement in validation loss. Early stop counter: 1/10
Epoch [71/1000], Training Loss: 0.8818
Validation Loss: 0.8812
No improvement in validation loss. Early stop counter: 2/10
Epoch [72/1000], Training Loss: 0.8846
Validation Loss: 0.8780
No improvement in validation loss. Early stop counter: 3/10
Epoch [73/1000], Training Loss: 0.8848
Validation Loss: 0.8773
No improvement in validation loss. Early stop counter: 4/10
Epoch [74/1000], Training Loss: 0.8845
Validation Loss: 0.8755
No improvement in validation loss. Early stop counter: 5/10
Epoch [75/1000], Training Loss: 0.8838
Validation Loss: 0.8786
No improvement in validation loss. Early stop counter: 6/10
Epoch [76/1000], Training Loss: 0.8833
Validation Loss: 0.8761
No improvement in validation loss. Early stop counter: 7/10
Epoch [77/1000], Training Loss: 0.8852
Validation Loss: 0.8748
New best model found with validation loss: 0.8748
Epoch [78/1000], Training Loss: 0.8842
Validation Loss: 0.8735
New best model found with validation loss: 0.8735
Epoch [79/1000], Training Loss: 0.8830
Validation Loss: 0.8781
No improvement in validation loss. Early stop counter: 1/10
Epoch [80/1000], Training Loss: 0.8835
Validation Loss: 0.8762
No improvement in validation loss. Early stop counter: 2/10
Epoch [81/1000], Training Loss: 0.8812
Validation Loss: 0.8763
No improvement in validation loss. Early stop counter: 3/10
Epoch [82/1000], Training Loss: 0.8854
Validation Loss: 0.8753
No improvement in validation loss. Early stop counter: 4/10
Epoch [83/1000], Training Loss: 0.8833
Validation Loss: 0.8767
No improvement in validation loss. Early stop counter: 5/10
Epoch [84/1000], Training Loss: 0.8839
Validation Loss: 0.8750
No improvement in validation loss. Early stop counter: 6/10
Epoch [85/1000], Training Loss: 0.8830
Validation Loss: 0.8772
No improvement in validation loss. Early stop counter: 7/10
Epoch [86/1000], Training Loss: 0.8832
Validation Loss: 0.8771
No improvement in validation loss. Early stop counter: 8/10
Epoch [87/1000], Training Loss: 0.8837
Validation Loss: 0.8779
No improvement in validation loss. Early stop counter: 9/10
Epoch [88/1000], Training Loss: 0.8848
Validation Loss: 0.8767
No improvement in validation loss. Early stop counter: 10/10
Early stopping triggered after 88 epochs.
Best model for fold 2 saved successfully.

Starting Fold 3/5...
Initializing ClassificationModel with 2 GAT layers and residual connections...
Initializing MCModel with 2 GAT layers and 1 row attention layers...
Initializing CGModel with 2 GAT layers and residual connections...
Initializing CoreModel with 1 self-attention layers...
Using 4 GPUs with DataParallel.
Epoch [1/1000], Training Loss: 1.3305
Validation Loss: 1.2005
New best model found with validation loss: 1.2005
Epoch [2/1000], Training Loss: 1.1860
Validation Loss: 1.1399
New best model found with validation loss: 1.1399
Epoch [3/1000], Training Loss: 1.1500
Validation Loss: 1.1124
New best model found with validation loss: 1.1124
Epoch [4/1000], Training Loss: 1.1117
Validation Loss: 1.1072
New best model found with validation loss: 1.1072
Epoch [5/1000], Training Loss: 1.0869
Validation Loss: 1.0685
New best model found with validation loss: 1.0685
Epoch [6/1000], Training Loss: 1.0677
Validation Loss: 1.0356
New best model found with validation loss: 1.0356
Epoch [7/1000], Training Loss: 1.0521
Validation Loss: 1.0410
No improvement in validation loss. Early stop counter: 1/10
Epoch [8/1000], Training Loss: 1.0422
Validation Loss: 1.0343
New best model found with validation loss: 1.0343
Epoch [9/1000], Training Loss: 1.0287
Validation Loss: 1.0134
New best model found with validation loss: 1.0134
Epoch [10/1000], Training Loss: 1.0209
Validation Loss: 0.9945
New best model found with validation loss: 0.9945
Epoch [11/1000], Training Loss: 1.0007
Validation Loss: 0.9900
New best model found with validation loss: 0.9900
Epoch [12/1000], Training Loss: 0.9896
Validation Loss: 0.9758
New best model found with validation loss: 0.9758
Epoch [13/1000], Training Loss: 0.9839
Validation Loss: 0.9796
No improvement in validation loss. Early stop counter: 1/10
Epoch [14/1000], Training Loss: 0.9762
Validation Loss: 0.9697
New best model found with validation loss: 0.9697
Epoch [15/1000], Training Loss: 0.9682
Validation Loss: 0.9472
New best model found with validation loss: 0.9472
Epoch [16/1000], Training Loss: 0.9640
Validation Loss: 0.9450
New best model found with validation loss: 0.9450
Epoch [17/1000], Training Loss: 0.9573
Validation Loss: 0.9340
New best model found with validation loss: 0.9340
Epoch [18/1000], Training Loss: 0.9522
Validation Loss: 0.9402
No improvement in validation loss. Early stop counter: 1/10
Epoch [19/1000], Training Loss: 0.9462
Validation Loss: 0.9510
No improvement in validation loss. Early stop counter: 2/10
Epoch [20/1000], Training Loss: 0.9421
Validation Loss: 0.9290
New best model found with validation loss: 0.9290
Epoch [21/1000], Training Loss: 0.9311
Validation Loss: 0.9249
New best model found with validation loss: 0.9249
Epoch [22/1000], Training Loss: 0.9299
Validation Loss: 0.9201
New best model found with validation loss: 0.9201
Epoch [23/1000], Training Loss: 0.9285
Validation Loss: 0.9082
New best model found with validation loss: 0.9082
Epoch [24/1000], Training Loss: 0.9243
Validation Loss: 0.9158
No improvement in validation loss. Early stop counter: 1/10
Epoch [25/1000], Training Loss: 0.9191
Validation Loss: 0.9091
No improvement in validation loss. Early stop counter: 2/10
Epoch [26/1000], Training Loss: 0.9175
Validation Loss: 0.8991
New best model found with validation loss: 0.8991
Epoch [27/1000], Training Loss: 0.9153
Validation Loss: 0.8978
New best model found with validation loss: 0.8978
Epoch [28/1000], Training Loss: 0.9149
Validation Loss: 0.9054
No improvement in validation loss. Early stop counter: 1/10
Epoch [29/1000], Training Loss: 0.9116
Validation Loss: 0.8988
No improvement in validation loss. Early stop counter: 2/10
Epoch [30/1000], Training Loss: 0.9068
Validation Loss: 0.8934
New best model found with validation loss: 0.8934
Epoch [31/1000], Training Loss: 0.9027
Validation Loss: 0.8862
New best model found with validation loss: 0.8862
Epoch [32/1000], Training Loss: 0.9008
Validation Loss: 0.8936
No improvement in validation loss. Early stop counter: 1/10
Epoch [33/1000], Training Loss: 0.9001
Validation Loss: 0.8875
No improvement in validation loss. Early stop counter: 2/10
Epoch [34/1000], Training Loss: 0.8993
Validation Loss: 0.8890
No improvement in validation loss. Early stop counter: 3/10
Epoch [35/1000], Training Loss: 0.8965
Validation Loss: 0.8875
No improvement in validation loss. Early stop counter: 4/10
Epoch [36/1000], Training Loss: 0.8951
Validation Loss: 0.8941
No improvement in validation loss. Early stop counter: 5/10
Epoch [37/1000], Training Loss: 0.8962
Validation Loss: 0.8908
No improvement in validation loss. Early stop counter: 6/10
Epoch [38/1000], Training Loss: 0.8941
Validation Loss: 0.8963
No improvement in validation loss. Early stop counter: 7/10
Epoch [39/1000], Training Loss: 0.8915
Validation Loss: 0.8862
No improvement in validation loss. Early stop counter: 8/10
Epoch [40/1000], Training Loss: 0.8914
Validation Loss: 0.8740
New best model found with validation loss: 0.8740
Epoch [41/1000], Training Loss: 0.8895
Validation Loss: 0.8750
No improvement in validation loss. Early stop counter: 1/10
Epoch [42/1000], Training Loss: 0.8872
Validation Loss: 0.8776
No improvement in validation loss. Early stop counter: 2/10
Epoch [43/1000], Training Loss: 0.8887
Validation Loss: 0.8984
No improvement in validation loss. Early stop counter: 3/10
Epoch [44/1000], Training Loss: 0.8856
Validation Loss: 0.8782
No improvement in validation loss. Early stop counter: 4/10
Epoch [45/1000], Training Loss: 0.8872
Validation Loss: 0.8785
No improvement in validation loss. Early stop counter: 5/10
Epoch [46/1000], Training Loss: 0.8847
Validation Loss: 0.8806
No improvement in validation loss. Early stop counter: 6/10
Epoch [47/1000], Training Loss: 0.8833
Validation Loss: 0.8860
No improvement in validation loss. Early stop counter: 7/10
Epoch [48/1000], Training Loss: 0.8833
Validation Loss: 0.8826
No improvement in validation loss. Early stop counter: 8/10
Epoch [49/1000], Training Loss: 0.8850
Validation Loss: 0.8752
No improvement in validation loss. Early stop counter: 9/10
Epoch [50/1000], Training Loss: 0.8813
Validation Loss: 0.8805
No improvement in validation loss. Early stop counter: 10/10
Early stopping triggered after 50 epochs.
Best model for fold 3 saved successfully.

Starting Fold 4/5...
Initializing ClassificationModel with 2 GAT layers and residual connections...
Initializing MCModel with 2 GAT layers and 1 row attention layers...
Initializing CGModel with 2 GAT layers and residual connections...
Initializing CoreModel with 1 self-attention layers...
Using 4 GPUs with DataParallel.
Epoch [1/1000], Training Loss: 1.3434
Validation Loss: 1.2144
New best model found with validation loss: 1.2144
Epoch [2/1000], Training Loss: 1.1891
Validation Loss: 1.1418
New best model found with validation loss: 1.1418
Epoch [3/1000], Training Loss: 1.1387
Validation Loss: 1.1316
New best model found with validation loss: 1.1316
Epoch [4/1000], Training Loss: 1.1105
Validation Loss: 1.0846
New best model found with validation loss: 1.0846
Epoch [5/1000], Training Loss: 1.0850
Validation Loss: 1.0719
New best model found with validation loss: 1.0719
Epoch [6/1000], Training Loss: 1.0731
Validation Loss: 1.0550
New best model found with validation loss: 1.0550
Epoch [7/1000], Training Loss: 1.0594
Validation Loss: 1.0596
No improvement in validation loss. Early stop counter: 1/10
Epoch [8/1000], Training Loss: 1.0442
Validation Loss: 1.0262
New best model found with validation loss: 1.0262
Epoch [9/1000], Training Loss: 1.0316
Validation Loss: 1.0062
New best model found with validation loss: 1.0062
Epoch [10/1000], Training Loss: 1.0198
Validation Loss: 1.0057
New best model found with validation loss: 1.0057
Epoch [11/1000], Training Loss: 1.0031
Validation Loss: 0.9890
New best model found with validation loss: 0.9890
Epoch [12/1000], Training Loss: 0.9964
Validation Loss: 0.9840
New best model found with validation loss: 0.9840
Epoch [13/1000], Training Loss: 0.9859
Validation Loss: 0.9745
New best model found with validation loss: 0.9745
Epoch [14/1000], Training Loss: 0.9801
Validation Loss: 0.9654
New best model found with validation loss: 0.9654
Epoch [15/1000], Training Loss: 0.9769
Validation Loss: 0.9680
No improvement in validation loss. Early stop counter: 1/10
Epoch [16/1000], Training Loss: 0.9692
Validation Loss: 0.9497
New best model found with validation loss: 0.9497
Epoch [17/1000], Training Loss: 0.9622
Validation Loss: 0.9419
New best model found with validation loss: 0.9419
Epoch [18/1000], Training Loss: 0.9582
Validation Loss: 0.9497
No improvement in validation loss. Early stop counter: 1/10
Epoch [19/1000], Training Loss: 0.9562
Validation Loss: 0.9376
New best model found with validation loss: 0.9376
Epoch [20/1000], Training Loss: 0.9506
Validation Loss: 0.9327
New best model found with validation loss: 0.9327
Epoch [21/1000], Training Loss: 0.9393
Validation Loss: 0.9240
New best model found with validation loss: 0.9240
Epoch [22/1000], Training Loss: 0.9386
Validation Loss: 0.9182
New best model found with validation loss: 0.9182
Epoch [23/1000], Training Loss: 0.9344
Validation Loss: 0.9130
New best model found with validation loss: 0.9130
Epoch [24/1000], Training Loss: 0.9319
Validation Loss: 0.9226
No improvement in validation loss. Early stop counter: 1/10
Epoch [25/1000], Training Loss: 0.9301
Validation Loss: 0.9070
New best model found with validation loss: 0.9070
Epoch [26/1000], Training Loss: 0.9306
Validation Loss: 0.9159
No improvement in validation loss. Early stop counter: 1/10
Epoch [27/1000], Training Loss: 0.9257
Validation Loss: 0.9097
No improvement in validation loss. Early stop counter: 2/10
Epoch [28/1000], Training Loss: 0.9228
Validation Loss: 0.9151
No improvement in validation loss. Early stop counter: 3/10
Epoch [29/1000], Training Loss: 0.9217
Validation Loss: 0.9025
New best model found with validation loss: 0.9025
Epoch [30/1000], Training Loss: 0.9198
Validation Loss: 0.9091
No improvement in validation loss. Early stop counter: 1/10
Epoch [31/1000], Training Loss: 0.9119
Validation Loss: 0.8992
New best model found with validation loss: 0.8992
Epoch [32/1000], Training Loss: 0.9103
Validation Loss: 0.8950
New best model found with validation loss: 0.8950
Epoch [33/1000], Training Loss: 0.9104
Validation Loss: 0.8926
New best model found with validation loss: 0.8926
Epoch [34/1000], Training Loss: 0.9063
Validation Loss: 0.8892
New best model found with validation loss: 0.8892
Epoch [35/1000], Training Loss: 0.9083
Validation Loss: 0.8907
No improvement in validation loss. Early stop counter: 1/10
Epoch [36/1000], Training Loss: 0.9048
Validation Loss: 0.8929
No improvement in validation loss. Early stop counter: 2/10
Epoch [37/1000], Training Loss: 0.9063
Validation Loss: 0.8908
No improvement in validation loss. Early stop counter: 3/10
Epoch [38/1000], Training Loss: 0.9039
Validation Loss: 0.8884
New best model found with validation loss: 0.8884
Epoch [39/1000], Training Loss: 0.9014
Validation Loss: 0.8945
No improvement in validation loss. Early stop counter: 1/10
Epoch [40/1000], Training Loss: 0.9004
Validation Loss: 0.8867
New best model found with validation loss: 0.8867
Epoch [41/1000], Training Loss: 0.9013
Validation Loss: 0.8831
New best model found with validation loss: 0.8831
Epoch [42/1000], Training Loss: 0.8986
Validation Loss: 0.8903
No improvement in validation loss. Early stop counter: 1/10
Epoch [43/1000], Training Loss: 0.8976
Validation Loss: 0.8813
New best model found with validation loss: 0.8813
Epoch [44/1000], Training Loss: 0.8954
Validation Loss: 0.8821
No improvement in validation loss. Early stop counter: 1/10
Epoch [45/1000], Training Loss: 0.8945
Validation Loss: 0.8810
New best model found with validation loss: 0.8810
Epoch [46/1000], Training Loss: 0.8958
Validation Loss: 0.8876
No improvement in validation loss. Early stop counter: 1/10
Epoch [47/1000], Training Loss: 0.8926
Validation Loss: 0.8896
No improvement in validation loss. Early stop counter: 2/10
Epoch [48/1000], Training Loss: 0.8937
Validation Loss: 0.8781
New best model found with validation loss: 0.8781
Epoch [49/1000], Training Loss: 0.8935
Validation Loss: 0.8778
New best model found with validation loss: 0.8778
Epoch [50/1000], Training Loss: 0.8930
Validation Loss: 0.8804
No improvement in validation loss. Early stop counter: 1/10
Epoch [51/1000], Training Loss: 0.8909
Validation Loss: 0.8811
No improvement in validation loss. Early stop counter: 2/10
Epoch [52/1000], Training Loss: 0.8905
Validation Loss: 0.8759
New best model found with validation loss: 0.8759
Epoch [53/1000], Training Loss: 0.8909
Validation Loss: 0.8761
No improvement in validation loss. Early stop counter: 1/10
Epoch [54/1000], Training Loss: 0.8908
Validation Loss: 0.8817
No improvement in validation loss. Early stop counter: 2/10
Epoch [55/1000], Training Loss: 0.8907
Validation Loss: 0.8791
No improvement in validation loss. Early stop counter: 3/10
Epoch [56/1000], Training Loss: 0.8904
Validation Loss: 0.8731
New best model found with validation loss: 0.8731
Epoch [57/1000], Training Loss: 0.8867
Validation Loss: 0.8757
No improvement in validation loss. Early stop counter: 1/10
Epoch [58/1000], Training Loss: 0.8895
Validation Loss: 0.8788
No improvement in validation loss. Early stop counter: 2/10
Epoch [59/1000], Training Loss: 0.8879
Validation Loss: 0.8728
New best model found with validation loss: 0.8728
Epoch [60/1000], Training Loss: 0.8895
Validation Loss: 0.8773
No improvement in validation loss. Early stop counter: 1/10
Epoch [61/1000], Training Loss: 0.8883
Validation Loss: 0.8753
No improvement in validation loss. Early stop counter: 2/10
Epoch [62/1000], Training Loss: 0.8868
Validation Loss: 0.8752
No improvement in validation loss. Early stop counter: 3/10
Epoch [63/1000], Training Loss: 0.8847
Validation Loss: 0.8721
New best model found with validation loss: 0.8721
Epoch [64/1000], Training Loss: 0.8876
Validation Loss: 0.8751
No improvement in validation loss. Early stop counter: 1/10
Epoch [65/1000], Training Loss: 0.8856
Validation Loss: 0.8722
No improvement in validation loss. Early stop counter: 2/10
Epoch [66/1000], Training Loss: 0.8868
Validation Loss: 0.8724
No improvement in validation loss. Early stop counter: 3/10
Epoch [67/1000], Training Loss: 0.8893
Validation Loss: 0.8734
No improvement in validation loss. Early stop counter: 4/10
Epoch [68/1000], Training Loss: 0.8866
Validation Loss: 0.8735
No improvement in validation loss. Early stop counter: 5/10
Epoch [69/1000], Training Loss: 0.8845
Validation Loss: 0.8727
No improvement in validation loss. Early stop counter: 6/10
Epoch [70/1000], Training Loss: 0.8857
Validation Loss: 0.8733
No improvement in validation loss. Early stop counter: 7/10
Epoch [71/1000], Training Loss: 0.8863
Validation Loss: 0.8716
New best model found with validation loss: 0.8716
Epoch [72/1000], Training Loss: 0.8838
Validation Loss: 0.8722
No improvement in validation loss. Early stop counter: 1/10
Epoch [73/1000], Training Loss: 0.8862
Validation Loss: 0.8723
No improvement in validation loss. Early stop counter: 2/10
Epoch [74/1000], Training Loss: 0.8842
Validation Loss: 0.8714
New best model found with validation loss: 0.8714
Epoch [75/1000], Training Loss: 0.8841
Validation Loss: 0.8713
New best model found with validation loss: 0.8713
Epoch [76/1000], Training Loss: 0.8859
Validation Loss: 0.8722
No improvement in validation loss. Early stop counter: 1/10
Epoch [77/1000], Training Loss: 0.8846
Validation Loss: 0.8721
No improvement in validation loss. Early stop counter: 2/10
Epoch [78/1000], Training Loss: 0.8848
Validation Loss: 0.8708
New best model found with validation loss: 0.8708
Epoch [79/1000], Training Loss: 0.8851
Validation Loss: 0.8714
No improvement in validation loss. Early stop counter: 1/10
Epoch [80/1000], Training Loss: 0.8854
Validation Loss: 0.8701
New best model found with validation loss: 0.8701
Epoch [81/1000], Training Loss: 0.8842
Validation Loss: 0.8721
No improvement in validation loss. Early stop counter: 1/10
Epoch [82/1000], Training Loss: 0.8822
Validation Loss: 0.8714
No improvement in validation loss. Early stop counter: 2/10
Epoch [83/1000], Training Loss: 0.8851
Validation Loss: 0.8726
No improvement in validation loss. Early stop counter: 3/10
Epoch [84/1000], Training Loss: 0.8841
Validation Loss: 0.8717
No improvement in validation loss. Early stop counter: 4/10
Epoch [85/1000], Training Loss: 0.8852
Validation Loss: 0.8710
No improvement in validation loss. Early stop counter: 5/10
Epoch [86/1000], Training Loss: 0.8841
Validation Loss: 0.8711
No improvement in validation loss. Early stop counter: 6/10
Epoch [87/1000], Training Loss: 0.8817
Validation Loss: 0.8702
No improvement in validation loss. Early stop counter: 7/10
Epoch [88/1000], Training Loss: 0.8817
Validation Loss: 0.8697
New best model found with validation loss: 0.8697
Epoch [89/1000], Training Loss: 0.8835
Validation Loss: 0.8703
No improvement in validation loss. Early stop counter: 1/10
Epoch [90/1000], Training Loss: 0.8844
Validation Loss: 0.8709
No improvement in validation loss. Early stop counter: 2/10
Epoch [91/1000], Training Loss: 0.8834
Validation Loss: 0.8703
No improvement in validation loss. Early stop counter: 3/10
Epoch [92/1000], Training Loss: 0.8831
Validation Loss: 0.8706
No improvement in validation loss. Early stop counter: 4/10
Epoch [93/1000], Training Loss: 0.8828
Validation Loss: 0.8707
No improvement in validation loss. Early stop counter: 5/10
Epoch [94/1000], Training Loss: 0.8828
Validation Loss: 0.8714
No improvement in validation loss. Early stop counter: 6/10
Epoch [95/1000], Training Loss: 0.8834
Validation Loss: 0.8713
No improvement in validation loss. Early stop counter: 7/10
Epoch [96/1000], Training Loss: 0.8818
Validation Loss: 0.8708
No improvement in validation loss. Early stop counter: 8/10
Epoch [97/1000], Training Loss: 0.8827
Validation Loss: 0.8711
No improvement in validation loss. Early stop counter: 9/10
Epoch [98/1000], Training Loss: 0.8831
Validation Loss: 0.8701
No improvement in validation loss. Early stop counter: 10/10
Early stopping triggered after 98 epochs.
Best model for fold 4 saved successfully.

Starting Fold 5/5...
Initializing ClassificationModel with 2 GAT layers and residual connections...
Initializing MCModel with 2 GAT layers and 1 row attention layers...
Initializing CGModel with 2 GAT layers and residual connections...
Initializing CoreModel with 1 self-attention layers...
Using 4 GPUs with DataParallel.
Epoch [1/1000], Training Loss: 1.3231
Validation Loss: 1.2128
New best model found with validation loss: 1.2128
Epoch [2/1000], Training Loss: 1.1921
Validation Loss: 1.1734
New best model found with validation loss: 1.1734
Epoch [3/1000], Training Loss: 1.1523
Validation Loss: 1.1150
New best model found with validation loss: 1.1150
Epoch [4/1000], Training Loss: 1.1177
Validation Loss: 1.0863
New best model found with validation loss: 1.0863
Epoch [5/1000], Training Loss: 1.0912
Validation Loss: 1.0687
New best model found with validation loss: 1.0687
Epoch [6/1000], Training Loss: 1.0668
Validation Loss: 1.0535
New best model found with validation loss: 1.0535
Epoch [7/1000], Training Loss: 1.0494
Validation Loss: 1.0320
New best model found with validation loss: 1.0320
Epoch [8/1000], Training Loss: 1.0345
Validation Loss: 1.0240
New best model found with validation loss: 1.0240
Epoch [9/1000], Training Loss: 1.0219
Validation Loss: 1.0045
New best model found with validation loss: 1.0045
Epoch [10/1000], Training Loss: 1.0089
Validation Loss: 0.9939
New best model found with validation loss: 0.9939
Epoch [11/1000], Training Loss: 0.9891
Validation Loss: 0.9957
No improvement in validation loss. Early stop counter: 1/10
Epoch [12/1000], Training Loss: 0.9820
Validation Loss: 0.9647
New best model found with validation loss: 0.9647
Epoch [13/1000], Training Loss: 0.9753
Validation Loss: 0.9618
New best model found with validation loss: 0.9618
Epoch [14/1000], Training Loss: 0.9699
Validation Loss: 0.9476
New best model found with validation loss: 0.9476
Epoch [15/1000], Training Loss: 0.9624
Validation Loss: 0.9550
No improvement in validation loss. Early stop counter: 1/10
Epoch [16/1000], Training Loss: 0.9539
Validation Loss: 0.9365
New best model found with validation loss: 0.9365
Epoch [17/1000], Training Loss: 0.9491
Validation Loss: 0.9337
New best model found with validation loss: 0.9337
Epoch [18/1000], Training Loss: 0.9438
Validation Loss: 0.9308
New best model found with validation loss: 0.9308
Epoch [19/1000], Training Loss: 0.9367
Validation Loss: 0.9233
New best model found with validation loss: 0.9233
Epoch [20/1000], Training Loss: 0.9340
Validation Loss: 0.9260
No improvement in validation loss. Early stop counter: 1/10
Epoch [21/1000], Training Loss: 0.9233
Validation Loss: 0.9166
New best model found with validation loss: 0.9166
Epoch [22/1000], Training Loss: 0.9205
Validation Loss: 0.9056
New best model found with validation loss: 0.9056
Epoch [23/1000], Training Loss: 0.9155
Validation Loss: 0.9079
No improvement in validation loss. Early stop counter: 1/10
Epoch [24/1000], Training Loss: 0.9148
Validation Loss: 0.9042
New best model found with validation loss: 0.9042
Epoch [25/1000], Training Loss: 0.9121
Validation Loss: 0.8925
New best model found with validation loss: 0.8925
Epoch [26/1000], Training Loss: 0.9083
Validation Loss: 0.9064
No improvement in validation loss. Early stop counter: 1/10
Epoch [27/1000], Training Loss: 0.9040
Validation Loss: 0.8924
New best model found with validation loss: 0.8924
Epoch [28/1000], Training Loss: 0.9032
Validation Loss: 0.8911
New best model found with validation loss: 0.8911
Epoch [29/1000], Training Loss: 0.9010
Validation Loss: 0.8824
New best model found with validation loss: 0.8824
Epoch [30/1000], Training Loss: 0.8989
Validation Loss: 0.8871
No improvement in validation loss. Early stop counter: 1/10
Epoch [31/1000], Training Loss: 0.8922
Validation Loss: 0.8843
No improvement in validation loss. Early stop counter: 2/10
Epoch [32/1000], Training Loss: 0.8911
Validation Loss: 0.8909
No improvement in validation loss. Early stop counter: 3/10
Epoch [33/1000], Training Loss: 0.8909
Validation Loss: 0.8876
No improvement in validation loss. Early stop counter: 4/10
Epoch [34/1000], Training Loss: 0.8880
Validation Loss: 0.8844
No improvement in validation loss. Early stop counter: 5/10
Epoch [35/1000], Training Loss: 0.8877
Validation Loss: 0.8749
New best model found with validation loss: 0.8749
Epoch [36/1000], Training Loss: 0.8855
Validation Loss: 0.8803
No improvement in validation loss. Early stop counter: 1/10
Epoch [37/1000], Training Loss: 0.8859
Validation Loss: 0.8899
No improvement in validation loss. Early stop counter: 2/10
Epoch [38/1000], Training Loss: 0.8852
Validation Loss: 0.8740
New best model found with validation loss: 0.8740
Epoch [39/1000], Training Loss: 0.8826
Validation Loss: 0.8812
No improvement in validation loss. Early stop counter: 1/10
Epoch [40/1000], Training Loss: 0.8819
Validation Loss: 0.8694
New best model found with validation loss: 0.8694
Epoch [41/1000], Training Loss: 0.8762
Validation Loss: 0.8756
No improvement in validation loss. Early stop counter: 1/10
Epoch [42/1000], Training Loss: 0.8771
Validation Loss: 0.8745
No improvement in validation loss. Early stop counter: 2/10
Epoch [43/1000], Training Loss: 0.8768
Validation Loss: 0.8643
New best model found with validation loss: 0.8643
Epoch [44/1000], Training Loss: 0.8750
Validation Loss: 0.8713
No improvement in validation loss. Early stop counter: 1/10
Epoch [45/1000], Training Loss: 0.8756
Validation Loss: 0.8765
No improvement in validation loss. Early stop counter: 2/10
Epoch [46/1000], Training Loss: 0.8748
Validation Loss: 0.8645
No improvement in validation loss. Early stop counter: 3/10
Epoch [47/1000], Training Loss: 0.8733
Validation Loss: 0.8666
No improvement in validation loss. Early stop counter: 4/10
Epoch [48/1000], Training Loss: 0.8734
Validation Loss: 0.8711
No improvement in validation loss. Early stop counter: 5/10
Epoch [49/1000], Training Loss: 0.8718
Validation Loss: 0.8682
No improvement in validation loss. Early stop counter: 6/10
Epoch [50/1000], Training Loss: 0.8707
Validation Loss: 0.8680
No improvement in validation loss. Early stop counter: 7/10
Epoch [51/1000], Training Loss: 0.8686
Validation Loss: 0.8653
No improvement in validation loss. Early stop counter: 8/10
Epoch [52/1000], Training Loss: 0.8707
Validation Loss: 0.8620
New best model found with validation loss: 0.8620
Epoch [53/1000], Training Loss: 0.8692
Validation Loss: 0.8598
New best model found with validation loss: 0.8598
Epoch [54/1000], Training Loss: 0.8714
Validation Loss: 0.8704
No improvement in validation loss. Early stop counter: 1/10
Epoch [55/1000], Training Loss: 0.8686
Validation Loss: 0.8631
No improvement in validation loss. Early stop counter: 2/10
Epoch [56/1000], Training Loss: 0.8696
Validation Loss: 0.8641
No improvement in validation loss. Early stop counter: 3/10
Epoch [57/1000], Training Loss: 0.8702
Validation Loss: 0.8643
No improvement in validation loss. Early stop counter: 4/10
Epoch [58/1000], Training Loss: 0.8686
Validation Loss: 0.8660
No improvement in validation loss. Early stop counter: 5/10
Epoch [59/1000], Training Loss: 0.8681
Validation Loss: 0.8613
No improvement in validation loss. Early stop counter: 6/10
Epoch [60/1000], Training Loss: 0.8657
Validation Loss: 0.8602
No improvement in validation loss. Early stop counter: 7/10
Epoch [61/1000], Training Loss: 0.8662
Validation Loss: 0.8605
No improvement in validation loss. Early stop counter: 8/10
Epoch [62/1000], Training Loss: 0.8658
Validation Loss: 0.8632
No improvement in validation loss. Early stop counter: 9/10
Epoch [63/1000], Training Loss: 0.8665
Validation Loss: 0.8638
No improvement in validation loss. Early stop counter: 10/10
Early stopping triggered after 63 epochs.
Best model for fold 5 saved successfully.

Cross-validation results:
Fold 1: Validation Loss = 0.8701
Fold 2: Validation Loss = 0.8735
Fold 3: Validation Loss = 0.8740
Fold 4: Validation Loss = 0.8697
Fold 5: Validation Loss = 0.8598
Average Validation Loss: 0.8694
