{'batch_size': 4, 'sequence_file': 'padded_sequences_train_3000.npz', 'data_file': 'padded_train_secondary_structure_3000.npz', 'edge_file': 'padded_edges_train_3000.npz', 'max_len': 3000, 'vocab_size': 23, 'embed_dim': 256, 'num_heads': 16, 'dropout': 0.0, 'num_layers': 1, 'num_gnn_layers': 1, 'num_int_layers': 1, 'num_classes': 8, 'num_epochs': 1000, 'learning_rate': 0.0001, 'max_grad_norm': 0.1, 'validation_split': 0.1, 'early_stop_patience': 10, 'initial_gradient_noise_std': 0.05, 'accumulation_steps': 2}
Number of GPUs available: 4

Starting Fold 1/5...
Initializing ClassificationModel with 1 GAT layers and residual connections...
Initializing MCModel with 1 GAT layers and 1 row attention layers...
Initializing CGModel with 1 GAT layers and residual connections...
Initializing CoreModel with 1 self-attention layers...
Using 4 GPUs with DataParallel.
Epoch [1/1000], Training Loss: 1.5476
Validation Loss: 1.5007
New best model found with validation loss: 1.5007
Epoch [2/1000], Training Loss: 1.4299
Validation Loss: 1.3864
New best model found with validation loss: 1.3864
Epoch [3/1000], Training Loss: 1.3662
Validation Loss: 1.3504
New best model found with validation loss: 1.3504
Epoch [4/1000], Training Loss: 1.3304
Validation Loss: 1.3293
New best model found with validation loss: 1.3293
Epoch [5/1000], Training Loss: 1.2979
Validation Loss: 1.2968
New best model found with validation loss: 1.2968
Epoch [6/1000], Training Loss: 1.2706
Validation Loss: 1.2573
New best model found with validation loss: 1.2573
Epoch [7/1000], Training Loss: 1.2414
Validation Loss: 1.2875
No improvement in validation loss. Early stop counter: 1/10
Epoch [8/1000], Training Loss: 1.2280
Validation Loss: 1.2382
New best model found with validation loss: 1.2382
Epoch [9/1000], Training Loss: 1.2122
Validation Loss: 1.2332
New best model found with validation loss: 1.2332
Epoch [10/1000], Training Loss: 1.1979
Validation Loss: 1.1965
New best model found with validation loss: 1.1965
Epoch [11/1000], Training Loss: 1.1733
Validation Loss: 1.1887
New best model found with validation loss: 1.1887
Epoch [12/1000], Training Loss: 1.1607
Validation Loss: 1.1850
New best model found with validation loss: 1.1850
Epoch [13/1000], Training Loss: 1.1558
Validation Loss: 1.1640
New best model found with validation loss: 1.1640
Epoch [14/1000], Training Loss: 1.1443
Validation Loss: 1.1619
New best model found with validation loss: 1.1619
Epoch [15/1000], Training Loss: 1.1379
Validation Loss: 1.1490
New best model found with validation loss: 1.1490
Epoch [16/1000], Training Loss: 1.1297
Validation Loss: 1.1436
New best model found with validation loss: 1.1436
Epoch [17/1000], Training Loss: 1.1223
Validation Loss: 1.1381
New best model found with validation loss: 1.1381
Epoch [18/1000], Training Loss: 1.1164
Validation Loss: 1.1421
No improvement in validation loss. Early stop counter: 1/10
Epoch [19/1000], Training Loss: 1.1138
Validation Loss: 1.1239
New best model found with validation loss: 1.1239
Epoch [20/1000], Training Loss: 1.1027
Validation Loss: 1.1265
No improvement in validation loss. Early stop counter: 1/10
Epoch [21/1000], Training Loss: 1.0906
Validation Loss: 1.1100
New best model found with validation loss: 1.1100
Epoch [22/1000], Training Loss: 1.0870
Validation Loss: 1.1066
New best model found with validation loss: 1.1066
Epoch [23/1000], Training Loss: 1.0787
Validation Loss: 1.1075
No improvement in validation loss. Early stop counter: 1/10
Epoch [24/1000], Training Loss: 1.0765
Validation Loss: 1.0966
New best model found with validation loss: 1.0966
Epoch [25/1000], Training Loss: 1.0720
Validation Loss: 1.0933
New best model found with validation loss: 1.0933
Epoch [26/1000], Training Loss: 1.0666
Validation Loss: 1.0961
No improvement in validation loss. Early stop counter: 1/10
Epoch [27/1000], Training Loss: 1.0640
Validation Loss: 1.0856
New best model found with validation loss: 1.0856
Epoch [28/1000], Training Loss: 1.0589
Validation Loss: 1.0859
No improvement in validation loss. Early stop counter: 1/10
Epoch [29/1000], Training Loss: 1.0583
Validation Loss: 1.0807
New best model found with validation loss: 1.0807
Epoch [30/1000], Training Loss: 1.0547
Validation Loss: 1.0910
No improvement in validation loss. Early stop counter: 1/10
Epoch [31/1000], Training Loss: 1.0449
Validation Loss: 1.0737
New best model found with validation loss: 1.0737
Epoch [32/1000], Training Loss: 1.0422
Validation Loss: 1.0738
No improvement in validation loss. Early stop counter: 1/10
Epoch [33/1000], Training Loss: 1.0390
Validation Loss: 1.0680
New best model found with validation loss: 1.0680
Epoch [34/1000], Training Loss: 1.0384
Validation Loss: 1.0669
New best model found with validation loss: 1.0669
Epoch [35/1000], Training Loss: 1.0318
Validation Loss: 1.0709
No improvement in validation loss. Early stop counter: 1/10
Epoch [36/1000], Training Loss: 1.0339
Validation Loss: 1.0604
New best model found with validation loss: 1.0604
Epoch [37/1000], Training Loss: 1.0328
Validation Loss: 1.0790
No improvement in validation loss. Early stop counter: 1/10
Epoch [38/1000], Training Loss: 1.0337
Validation Loss: 1.0702
No improvement in validation loss. Early stop counter: 2/10
Epoch [39/1000], Training Loss: 1.0294
Validation Loss: 1.0603
New best model found with validation loss: 1.0603
Epoch [40/1000], Training Loss: 1.0285
Validation Loss: 1.0561
New best model found with validation loss: 1.0561
Epoch [41/1000], Training Loss: 1.0216
Validation Loss: 1.0523
New best model found with validation loss: 1.0523
Epoch [42/1000], Training Loss: 1.0209
Validation Loss: 1.0519
New best model found with validation loss: 1.0519
Epoch [43/1000], Training Loss: 1.0145
Validation Loss: 1.0507
New best model found with validation loss: 1.0507
Epoch [44/1000], Training Loss: 1.0152
Validation Loss: 1.0485
New best model found with validation loss: 1.0485
Epoch [45/1000], Training Loss: 1.0155
Validation Loss: 1.0505
No improvement in validation loss. Early stop counter: 1/10
Epoch [46/1000], Training Loss: 1.0153
Validation Loss: 1.0535
No improvement in validation loss. Early stop counter: 2/10
Epoch [47/1000], Training Loss: 1.0131
Validation Loss: 1.0499
No improvement in validation loss. Early stop counter: 3/10
Epoch [48/1000], Training Loss: 1.0117
Validation Loss: 1.0440
New best model found with validation loss: 1.0440
Epoch [49/1000], Training Loss: 1.0114
Validation Loss: 1.0464
No improvement in validation loss. Early stop counter: 1/10
Epoch [50/1000], Training Loss: 1.0080
Validation Loss: 1.0437
New best model found with validation loss: 1.0437
Epoch [51/1000], Training Loss: 1.0083
Validation Loss: 1.0409
New best model found with validation loss: 1.0409
Epoch [52/1000], Training Loss: 1.0074
Validation Loss: 1.0405
New best model found with validation loss: 1.0405
Epoch [53/1000], Training Loss: 1.0034
Validation Loss: 1.0405
New best model found with validation loss: 1.0405
Epoch [54/1000], Training Loss: 1.0023
Validation Loss: 1.0387
New best model found with validation loss: 1.0387
Epoch [55/1000], Training Loss: 1.0052
Validation Loss: 1.0386
New best model found with validation loss: 1.0386
Epoch [56/1000], Training Loss: 1.0019
Validation Loss: 1.0411
No improvement in validation loss. Early stop counter: 1/10
Epoch [57/1000], Training Loss: 1.0056
Validation Loss: 1.0381
New best model found with validation loss: 1.0381
Epoch [58/1000], Training Loss: 0.9993
Validation Loss: 1.0363
New best model found with validation loss: 1.0363
Epoch [59/1000], Training Loss: 0.9999
Validation Loss: 1.0358
New best model found with validation loss: 1.0358
Epoch [60/1000], Training Loss: 1.0009
Validation Loss: 1.0353
New best model found with validation loss: 1.0353
Epoch [61/1000], Training Loss: 1.0010
Validation Loss: 1.0350
New best model found with validation loss: 1.0350
Epoch [62/1000], Training Loss: 0.9984
Validation Loss: 1.0348
New best model found with validation loss: 1.0348
Epoch [63/1000], Training Loss: 0.9985
Validation Loss: 1.0339
New best model found with validation loss: 1.0339
Epoch [64/1000], Training Loss: 0.9985
Validation Loss: 1.0346
No improvement in validation loss. Early stop counter: 1/10
Epoch [65/1000], Training Loss: 0.9974
Validation Loss: 1.0332
New best model found with validation loss: 1.0332
Epoch [66/1000], Training Loss: 1.0002
Validation Loss: 1.0342
No improvement in validation loss. Early stop counter: 1/10
Epoch [67/1000], Training Loss: 0.9956
Validation Loss: 1.0334
No improvement in validation loss. Early stop counter: 2/10
Epoch [68/1000], Training Loss: 0.9975
Validation Loss: 1.0326
New best model found with validation loss: 1.0326
Epoch [69/1000], Training Loss: 0.9942
Validation Loss: 1.0342
No improvement in validation loss. Early stop counter: 1/10
Epoch [70/1000], Training Loss: 0.9958
Validation Loss: 1.0335
No improvement in validation loss. Early stop counter: 2/10
Epoch [71/1000], Training Loss: 0.9966
Validation Loss: 1.0314
New best model found with validation loss: 1.0314
Epoch [72/1000], Training Loss: 0.9940
Validation Loss: 1.0319
No improvement in validation loss. Early stop counter: 1/10
Epoch [73/1000], Training Loss: 0.9942
Validation Loss: 1.0312
New best model found with validation loss: 1.0312
Epoch [74/1000], Training Loss: 0.9935
Validation Loss: 1.0313
No improvement in validation loss. Early stop counter: 1/10
Epoch [75/1000], Training Loss: 0.9912
Validation Loss: 1.0306
New best model found with validation loss: 1.0306
Epoch [76/1000], Training Loss: 0.9931
Validation Loss: 1.0302
New best model found with validation loss: 1.0302
Epoch [77/1000], Training Loss: 0.9941
Validation Loss: 1.0308
No improvement in validation loss. Early stop counter: 1/10
Epoch [78/1000], Training Loss: 0.9919
Validation Loss: 1.0309
No improvement in validation loss. Early stop counter: 2/10
Epoch [79/1000], Training Loss: 0.9949
Validation Loss: 1.0305
No improvement in validation loss. Early stop counter: 3/10
Epoch [80/1000], Training Loss: 0.9899
Validation Loss: 1.0301
New best model found with validation loss: 1.0301
Epoch [81/1000], Training Loss: 0.9910
Validation Loss: 1.0301
No improvement in validation loss. Early stop counter: 1/10
Epoch [82/1000], Training Loss: 0.9915
Validation Loss: 1.0295
New best model found with validation loss: 1.0295
Epoch [83/1000], Training Loss: 0.9938
Validation Loss: 1.0294
New best model found with validation loss: 1.0294
Epoch [84/1000], Training Loss: 0.9914
Validation Loss: 1.0297
No improvement in validation loss. Early stop counter: 1/10
Epoch [85/1000], Training Loss: 0.9935
Validation Loss: 1.0293
New best model found with validation loss: 1.0293
Epoch [86/1000], Training Loss: 0.9941
Validation Loss: 1.0290
New best model found with validation loss: 1.0290
Epoch [87/1000], Training Loss: 0.9902
Validation Loss: 1.0291
No improvement in validation loss. Early stop counter: 1/10
Epoch [88/1000], Training Loss: 0.9935
Validation Loss: 1.0292
No improvement in validation loss. Early stop counter: 2/10
Epoch [89/1000], Training Loss: 0.9909
Validation Loss: 1.0289
New best model found with validation loss: 1.0289
Epoch [90/1000], Training Loss: 0.9946
Validation Loss: 1.0292
No improvement in validation loss. Early stop counter: 1/10
Epoch [91/1000], Training Loss: 0.9893
Validation Loss: 1.0288
New best model found with validation loss: 1.0288
Epoch [92/1000], Training Loss: 0.9899
Validation Loss: 1.0288
New best model found with validation loss: 1.0288
Epoch [93/1000], Training Loss: 0.9901
Validation Loss: 1.0293
No improvement in validation loss. Early stop counter: 1/10
Epoch [94/1000], Training Loss: 0.9937
Validation Loss: 1.0285
New best model found with validation loss: 1.0285
Epoch [95/1000], Training Loss: 0.9899
Validation Loss: 1.0285
New best model found with validation loss: 1.0285
Epoch [96/1000], Training Loss: 0.9897
Validation Loss: 1.0287
No improvement in validation loss. Early stop counter: 1/10
Epoch [97/1000], Training Loss: 0.9907
Validation Loss: 1.0285
No improvement in validation loss. Early stop counter: 2/10
Epoch [98/1000], Training Loss: 0.9925
Validation Loss: 1.0286
No improvement in validation loss. Early stop counter: 3/10
Epoch [99/1000], Training Loss: 0.9908
Validation Loss: 1.0286
No improvement in validation loss. Early stop counter: 4/10
Epoch [100/1000], Training Loss: 0.9898
Validation Loss: 1.0284
New best model found with validation loss: 1.0284
Epoch [101/1000], Training Loss: 0.9903
Validation Loss: 1.0282
New best model found with validation loss: 1.0282
Epoch [102/1000], Training Loss: 0.9922
Validation Loss: 1.0282
No improvement in validation loss. Early stop counter: 1/10
Epoch [103/1000], Training Loss: 0.9901
Validation Loss: 1.0284
No improvement in validation loss. Early stop counter: 2/10
Epoch [104/1000], Training Loss: 0.9905
Validation Loss: 1.0286
No improvement in validation loss. Early stop counter: 3/10
Epoch [105/1000], Training Loss: 0.9913
Validation Loss: 1.0283
No improvement in validation loss. Early stop counter: 4/10
Epoch [106/1000], Training Loss: 0.9888
Validation Loss: 1.0284
No improvement in validation loss. Early stop counter: 5/10
Epoch [107/1000], Training Loss: 0.9917
Validation Loss: 1.0280
New best model found with validation loss: 1.0280
Epoch [108/1000], Training Loss: 0.9913
Validation Loss: 1.0281
No improvement in validation loss. Early stop counter: 1/10
Epoch [109/1000], Training Loss: 0.9898
Validation Loss: 1.0282
No improvement in validation loss. Early stop counter: 2/10
Epoch [110/1000], Training Loss: 0.9897
Validation Loss: 1.0283
No improvement in validation loss. Early stop counter: 3/10
Epoch [111/1000], Training Loss: 0.9921
Validation Loss: 1.0282
No improvement in validation loss. Early stop counter: 4/10
Epoch [112/1000], Training Loss: 0.9926
Validation Loss: 1.0281
No improvement in validation loss. Early stop counter: 5/10
Epoch [113/1000], Training Loss: 0.9921
Validation Loss: 1.0280
New best model found with validation loss: 1.0280
Epoch [114/1000], Training Loss: 0.9915
Validation Loss: 1.0281
No improvement in validation loss. Early stop counter: 1/10
Epoch [115/1000], Training Loss: 0.9903
Validation Loss: 1.0280
New best model found with validation loss: 1.0280
Epoch [116/1000], Training Loss: 0.9896
Validation Loss: 1.0280
No improvement in validation loss. Early stop counter: 1/10
Epoch [117/1000], Training Loss: 0.9889
Validation Loss: 1.0281
No improvement in validation loss. Early stop counter: 2/10
Epoch [118/1000], Training Loss: 0.9907
Validation Loss: 1.0279
New best model found with validation loss: 1.0279
Epoch [119/1000], Training Loss: 0.9892
Validation Loss: 1.0280
No improvement in validation loss. Early stop counter: 1/10
Epoch [120/1000], Training Loss: 0.9909
Validation Loss: 1.0280
No improvement in validation loss. Early stop counter: 2/10
Epoch [121/1000], Training Loss: 0.9911
Validation Loss: 1.0281
No improvement in validation loss. Early stop counter: 3/10
Epoch [122/1000], Training Loss: 0.9899
Validation Loss: 1.0280
No improvement in validation loss. Early stop counter: 4/10
Epoch [123/1000], Training Loss: 0.9905
Validation Loss: 1.0280
No improvement in validation loss. Early stop counter: 5/10
Epoch [124/1000], Training Loss: 0.9913
Validation Loss: 1.0279
No improvement in validation loss. Early stop counter: 6/10
Epoch [125/1000], Training Loss: 0.9886
Validation Loss: 1.0280
No improvement in validation loss. Early stop counter: 7/10
Epoch [126/1000], Training Loss: 0.9928
Validation Loss: 1.0280
No improvement in validation loss. Early stop counter: 8/10
Epoch [127/1000], Training Loss: 0.9911
Validation Loss: 1.0280
No improvement in validation loss. Early stop counter: 9/10
Epoch [128/1000], Training Loss: 0.9900
Validation Loss: 1.0280
No improvement in validation loss. Early stop counter: 10/10
Early stopping triggered after 128 epochs.
Best model for fold 1 saved successfully.

Starting Fold 2/5...
Initializing ClassificationModel with 1 GAT layers and residual connections...
Initializing MCModel with 1 GAT layers and 1 row attention layers...
Initializing CGModel with 1 GAT layers and residual connections...
Initializing CoreModel with 1 self-attention layers...
Using 4 GPUs with DataParallel.
Epoch [1/1000], Training Loss: 1.5501
Validation Loss: 1.4808
New best model found with validation loss: 1.4808
Epoch [2/1000], Training Loss: 1.4531
Validation Loss: 1.4330
New best model found with validation loss: 1.4330
Epoch [3/1000], Training Loss: 1.4088
Validation Loss: 1.3643
New best model found with validation loss: 1.3643
Epoch [4/1000], Training Loss: 1.3495
Validation Loss: 1.3127
New best model found with validation loss: 1.3127
Epoch [5/1000], Training Loss: 1.3136
Validation Loss: 1.2741
New best model found with validation loss: 1.2741
Epoch [6/1000], Training Loss: 1.2809
Validation Loss: 1.2500
New best model found with validation loss: 1.2500
Epoch [7/1000], Training Loss: 1.2560
Validation Loss: 1.2483
New best model found with validation loss: 1.2483
Epoch [8/1000], Training Loss: 1.2457
Validation Loss: 1.2234
New best model found with validation loss: 1.2234
Epoch [9/1000], Training Loss: 1.2275
Validation Loss: 1.2186
New best model found with validation loss: 1.2186
Epoch [10/1000], Training Loss: 1.2154
Validation Loss: 1.1978
New best model found with validation loss: 1.1978
Epoch [11/1000], Training Loss: 1.1902
Validation Loss: 1.1899
New best model found with validation loss: 1.1899
Epoch [12/1000], Training Loss: 1.1725
Validation Loss: 1.1759
New best model found with validation loss: 1.1759
Epoch [13/1000], Training Loss: 1.1661
Validation Loss: 1.1626
New best model found with validation loss: 1.1626
Epoch [14/1000], Training Loss: 1.1527
Validation Loss: 1.1493
New best model found with validation loss: 1.1493
Epoch [15/1000], Training Loss: 1.1439
Validation Loss: 1.1457
New best model found with validation loss: 1.1457
Epoch [16/1000], Training Loss: 1.1376
Validation Loss: 1.1331
New best model found with validation loss: 1.1331
Epoch [17/1000], Training Loss: 1.1270
Validation Loss: 1.1255
New best model found with validation loss: 1.1255
Epoch [18/1000], Training Loss: 1.1197
Validation Loss: 1.1159
New best model found with validation loss: 1.1159
Epoch [19/1000], Training Loss: 1.1132
Validation Loss: 1.1182
No improvement in validation loss. Early stop counter: 1/10
Epoch [20/1000], Training Loss: 1.1079
Validation Loss: 1.1092
New best model found with validation loss: 1.1092
Epoch [21/1000], Training Loss: 1.0930
Validation Loss: 1.0918
New best model found with validation loss: 1.0918
Epoch [22/1000], Training Loss: 1.0888
Validation Loss: 1.0985
No improvement in validation loss. Early stop counter: 1/10
Epoch [23/1000], Training Loss: 1.0852
Validation Loss: 1.0850
New best model found with validation loss: 1.0850
Epoch [24/1000], Training Loss: 1.0829
Validation Loss: 1.0905
No improvement in validation loss. Early stop counter: 1/10
Epoch [25/1000], Training Loss: 1.0816
Validation Loss: 1.0839
New best model found with validation loss: 1.0839
Epoch [26/1000], Training Loss: 1.0766
Validation Loss: 1.0815
New best model found with validation loss: 1.0815
Epoch [27/1000], Training Loss: 1.0701
Validation Loss: 1.0809
New best model found with validation loss: 1.0809
Epoch [28/1000], Training Loss: 1.0688
Validation Loss: 1.0735
New best model found with validation loss: 1.0735
Epoch [29/1000], Training Loss: 1.0658
Validation Loss: 1.0684
New best model found with validation loss: 1.0684
Epoch [30/1000], Training Loss: 1.0615
Validation Loss: 1.0696
No improvement in validation loss. Early stop counter: 1/10
Epoch [31/1000], Training Loss: 1.0503
Validation Loss: 1.0573
New best model found with validation loss: 1.0573
Epoch [32/1000], Training Loss: 1.0495
Validation Loss: 1.0574
No improvement in validation loss. Early stop counter: 1/10
Epoch [33/1000], Training Loss: 1.0478
Validation Loss: 1.0591
No improvement in validation loss. Early stop counter: 2/10
Epoch [34/1000], Training Loss: 1.0409
Validation Loss: 1.0543
New best model found with validation loss: 1.0543
Epoch [35/1000], Training Loss: 1.0438
Validation Loss: 1.0486
New best model found with validation loss: 1.0486
Epoch [36/1000], Training Loss: 1.0406
Validation Loss: 1.0472
New best model found with validation loss: 1.0472
Epoch [37/1000], Training Loss: 1.0378
Validation Loss: 1.0455
New best model found with validation loss: 1.0455
Epoch [38/1000], Training Loss: 1.0352
Validation Loss: 1.0431
New best model found with validation loss: 1.0431
Epoch [39/1000], Training Loss: 1.0313
Validation Loss: 1.0404
New best model found with validation loss: 1.0404
Epoch [40/1000], Training Loss: 1.0349
Validation Loss: 1.0419
No improvement in validation loss. Early stop counter: 1/10
Epoch [41/1000], Training Loss: 1.0269
Validation Loss: 1.0367
New best model found with validation loss: 1.0367
Epoch [42/1000], Training Loss: 1.0243
Validation Loss: 1.0352
New best model found with validation loss: 1.0352
Epoch [43/1000], Training Loss: 1.0224
Validation Loss: 1.0353
No improvement in validation loss. Early stop counter: 1/10
Epoch [44/1000], Training Loss: 1.0234
Validation Loss: 1.0340
New best model found with validation loss: 1.0340
Epoch [45/1000], Training Loss: 1.0220
Validation Loss: 1.0360
No improvement in validation loss. Early stop counter: 1/10
Epoch [46/1000], Training Loss: 1.0205
Validation Loss: 1.0325
New best model found with validation loss: 1.0325
Epoch [47/1000], Training Loss: 1.0212
Validation Loss: 1.0295
New best model found with validation loss: 1.0295
Epoch [48/1000], Training Loss: 1.0180
Validation Loss: 1.0281
New best model found with validation loss: 1.0281
Epoch [49/1000], Training Loss: 1.0172
Validation Loss: 1.0272
New best model found with validation loss: 1.0272
Epoch [50/1000], Training Loss: 1.0175
Validation Loss: 1.0332
No improvement in validation loss. Early stop counter: 1/10
Epoch [51/1000], Training Loss: 1.0138
Validation Loss: 1.0269
New best model found with validation loss: 1.0269
Epoch [52/1000], Training Loss: 1.0131
Validation Loss: 1.0236
New best model found with validation loss: 1.0236
Epoch [53/1000], Training Loss: 1.0104
Validation Loss: 1.0228
New best model found with validation loss: 1.0228
Epoch [54/1000], Training Loss: 1.0124
Validation Loss: 1.0222
New best model found with validation loss: 1.0222
Epoch [55/1000], Training Loss: 1.0111
Validation Loss: 1.0205
New best model found with validation loss: 1.0205
Epoch [56/1000], Training Loss: 1.0099
Validation Loss: 1.0245
No improvement in validation loss. Early stop counter: 1/10
Epoch [57/1000], Training Loss: 1.0072
Validation Loss: 1.0196
New best model found with validation loss: 1.0196
Epoch [58/1000], Training Loss: 1.0082
Validation Loss: 1.0197
No improvement in validation loss. Early stop counter: 1/10
Epoch [59/1000], Training Loss: 1.0068
Validation Loss: 1.0209
No improvement in validation loss. Early stop counter: 2/10
Epoch [60/1000], Training Loss: 1.0083
Validation Loss: 1.0183
New best model found with validation loss: 1.0183
Epoch [61/1000], Training Loss: 1.0054
Validation Loss: 1.0169
New best model found with validation loss: 1.0169
Epoch [62/1000], Training Loss: 1.0041
Validation Loss: 1.0168
New best model found with validation loss: 1.0168
Epoch [63/1000], Training Loss: 1.0031
Validation Loss: 1.0164
New best model found with validation loss: 1.0164
Epoch [64/1000], Training Loss: 1.0059
Validation Loss: 1.0166
No improvement in validation loss. Early stop counter: 1/10
Epoch [65/1000], Training Loss: 1.0025
Validation Loss: 1.0149
New best model found with validation loss: 1.0149
Epoch [66/1000], Training Loss: 1.0027
Validation Loss: 1.0176
No improvement in validation loss. Early stop counter: 1/10
Epoch [67/1000], Training Loss: 1.0037
Validation Loss: 1.0150
No improvement in validation loss. Early stop counter: 2/10
Epoch [68/1000], Training Loss: 1.0050
Validation Loss: 1.0165
No improvement in validation loss. Early stop counter: 3/10
Epoch [69/1000], Training Loss: 1.0021
Validation Loss: 1.0150
No improvement in validation loss. Early stop counter: 4/10
Epoch [70/1000], Training Loss: 1.0001
Validation Loss: 1.0164
No improvement in validation loss. Early stop counter: 5/10
Epoch [71/1000], Training Loss: 1.0014
Validation Loss: 1.0145
New best model found with validation loss: 1.0145
Epoch [72/1000], Training Loss: 0.9989
Validation Loss: 1.0138
New best model found with validation loss: 1.0138
Epoch [73/1000], Training Loss: 1.0018
Validation Loss: 1.0128
New best model found with validation loss: 1.0128
Epoch [74/1000], Training Loss: 1.0006
Validation Loss: 1.0135
No improvement in validation loss. Early stop counter: 1/10
Epoch [75/1000], Training Loss: 0.9998
Validation Loss: 1.0128
No improvement in validation loss. Early stop counter: 2/10
Epoch [76/1000], Training Loss: 0.9987
Validation Loss: 1.0121
New best model found with validation loss: 1.0121
Epoch [77/1000], Training Loss: 1.0003
Validation Loss: 1.0122
No improvement in validation loss. Early stop counter: 1/10
Epoch [78/1000], Training Loss: 0.9992
Validation Loss: 1.0128
No improvement in validation loss. Early stop counter: 2/10
Epoch [79/1000], Training Loss: 0.9994
Validation Loss: 1.0130
No improvement in validation loss. Early stop counter: 3/10
Epoch [80/1000], Training Loss: 0.9977
Validation Loss: 1.0122
No improvement in validation loss. Early stop counter: 4/10
Epoch [81/1000], Training Loss: 1.0011
Validation Loss: 1.0124
No improvement in validation loss. Early stop counter: 5/10
Epoch [82/1000], Training Loss: 1.0002
Validation Loss: 1.0115
New best model found with validation loss: 1.0115
Epoch [83/1000], Training Loss: 0.9986
Validation Loss: 1.0123
No improvement in validation loss. Early stop counter: 1/10
Epoch [84/1000], Training Loss: 1.0021
Validation Loss: 1.0116
No improvement in validation loss. Early stop counter: 2/10
Epoch [85/1000], Training Loss: 0.9994
Validation Loss: 1.0114
New best model found with validation loss: 1.0114
Epoch [86/1000], Training Loss: 0.9978
Validation Loss: 1.0115
No improvement in validation loss. Early stop counter: 1/10
Epoch [87/1000], Training Loss: 0.9979
Validation Loss: 1.0111
New best model found with validation loss: 1.0111
Epoch [88/1000], Training Loss: 0.9991
Validation Loss: 1.0119
No improvement in validation loss. Early stop counter: 1/10
Epoch [89/1000], Training Loss: 0.9971
Validation Loss: 1.0115
No improvement in validation loss. Early stop counter: 2/10
Epoch [90/1000], Training Loss: 0.9974
Validation Loss: 1.0107
New best model found with validation loss: 1.0107
Epoch [91/1000], Training Loss: 0.9971
Validation Loss: 1.0108
No improvement in validation loss. Early stop counter: 1/10
Epoch [92/1000], Training Loss: 0.9992
Validation Loss: 1.0109
No improvement in validation loss. Early stop counter: 2/10
Epoch [93/1000], Training Loss: 0.9971
Validation Loss: 1.0110
No improvement in validation loss. Early stop counter: 3/10
Epoch [94/1000], Training Loss: 0.9982
Validation Loss: 1.0108
No improvement in validation loss. Early stop counter: 4/10
Epoch [95/1000], Training Loss: 0.9935
Validation Loss: 1.0110
No improvement in validation loss. Early stop counter: 5/10
Epoch [96/1000], Training Loss: 0.9943
Validation Loss: 1.0111
No improvement in validation loss. Early stop counter: 6/10
Epoch [97/1000], Training Loss: 0.9969
Validation Loss: 1.0110
No improvement in validation loss. Early stop counter: 7/10
Epoch [98/1000], Training Loss: 0.9951
Validation Loss: 1.0108
No improvement in validation loss. Early stop counter: 8/10
Epoch [99/1000], Training Loss: 0.9964
Validation Loss: 1.0107
No improvement in validation loss. Early stop counter: 9/10
Epoch [100/1000], Training Loss: 0.9981
Validation Loss: 1.0108
No improvement in validation loss. Early stop counter: 10/10
Early stopping triggered after 100 epochs.
Best model for fold 2 saved successfully.

Starting Fold 3/5...
Initializing ClassificationModel with 1 GAT layers and residual connections...
Initializing MCModel with 1 GAT layers and 1 row attention layers...
Initializing CGModel with 1 GAT layers and residual connections...
Initializing CoreModel with 1 self-attention layers...
Using 4 GPUs with DataParallel.
Epoch [1/1000], Training Loss: 1.5493
Validation Loss: 1.4538
New best model found with validation loss: 1.4538
Epoch [2/1000], Training Loss: 1.4363
Validation Loss: 1.4041
New best model found with validation loss: 1.4041
Epoch [3/1000], Training Loss: 1.3877
Validation Loss: 1.4255
No improvement in validation loss. Early stop counter: 1/10
Epoch [4/1000], Training Loss: 1.3518
Validation Loss: 1.3185
New best model found with validation loss: 1.3185
Epoch [5/1000], Training Loss: 1.3137
Validation Loss: 1.3380
No improvement in validation loss. Early stop counter: 1/10
Epoch [6/1000], Training Loss: 1.2960
Validation Loss: 1.2619
New best model found with validation loss: 1.2619
Epoch [7/1000], Training Loss: 1.2595
Validation Loss: 1.2480
New best model found with validation loss: 1.2480
Epoch [8/1000], Training Loss: 1.2426
Validation Loss: 1.2316
New best model found with validation loss: 1.2316
Epoch [9/1000], Training Loss: 1.2188
Validation Loss: 1.1993
New best model found with validation loss: 1.1993
Epoch [10/1000], Training Loss: 1.2033
Validation Loss: 1.1997
No improvement in validation loss. Early stop counter: 1/10
Epoch [11/1000], Training Loss: 1.1763
Validation Loss: 1.1614
New best model found with validation loss: 1.1614
Epoch [12/1000], Training Loss: 1.1671
Validation Loss: 1.1607
New best model found with validation loss: 1.1607
Epoch [13/1000], Training Loss: 1.1604
Validation Loss: 1.1575
New best model found with validation loss: 1.1575
Epoch [14/1000], Training Loss: 1.1486
Validation Loss: 1.1551
New best model found with validation loss: 1.1551
Epoch [15/1000], Training Loss: 1.1399
Validation Loss: 1.1366
New best model found with validation loss: 1.1366
Epoch [16/1000], Training Loss: 1.1340
Validation Loss: 1.1288
New best model found with validation loss: 1.1288
Epoch [17/1000], Training Loss: 1.1253
Validation Loss: 1.1164
New best model found with validation loss: 1.1164
Epoch [18/1000], Training Loss: 1.1177
Validation Loss: 1.1459
No improvement in validation loss. Early stop counter: 1/10
Epoch [19/1000], Training Loss: 1.1094
Validation Loss: 1.1267
No improvement in validation loss. Early stop counter: 2/10
Epoch [20/1000], Training Loss: 1.1064
Validation Loss: 1.1098
New best model found with validation loss: 1.1098
Epoch [21/1000], Training Loss: 1.0960
Validation Loss: 1.0955
New best model found with validation loss: 1.0955
Epoch [22/1000], Training Loss: 1.0911
Validation Loss: 1.0845
New best model found with validation loss: 1.0845
Epoch [23/1000], Training Loss: 1.0853
Validation Loss: 1.0856
No improvement in validation loss. Early stop counter: 1/10
Epoch [24/1000], Training Loss: 1.0825
Validation Loss: 1.0915
No improvement in validation loss. Early stop counter: 2/10
Epoch [25/1000], Training Loss: 1.0756
Validation Loss: 1.0806
New best model found with validation loss: 1.0806
Epoch [26/1000], Training Loss: 1.0743
Validation Loss: 1.0733
New best model found with validation loss: 1.0733
Epoch [27/1000], Training Loss: 1.0703
Validation Loss: 1.0756
No improvement in validation loss. Early stop counter: 1/10
Epoch [28/1000], Training Loss: 1.0691
Validation Loss: 1.0667
New best model found with validation loss: 1.0667
Epoch [29/1000], Training Loss: 1.0613
Validation Loss: 1.0665
New best model found with validation loss: 1.0665
Epoch [30/1000], Training Loss: 1.0639
Validation Loss: 1.0602
New best model found with validation loss: 1.0602
Epoch [31/1000], Training Loss: 1.0549
Validation Loss: 1.0644
No improvement in validation loss. Early stop counter: 1/10
Epoch [32/1000], Training Loss: 1.0519
Validation Loss: 1.0542
New best model found with validation loss: 1.0542
Epoch [33/1000], Training Loss: 1.0477
Validation Loss: 1.0543
No improvement in validation loss. Early stop counter: 1/10
Epoch [34/1000], Training Loss: 1.0455
Validation Loss: 1.0483
New best model found with validation loss: 1.0483
Epoch [35/1000], Training Loss: 1.0416
Validation Loss: 1.0528
No improvement in validation loss. Early stop counter: 1/10
Epoch [36/1000], Training Loss: 1.0424
Validation Loss: 1.0461
New best model found with validation loss: 1.0461
Epoch [37/1000], Training Loss: 1.0390
Validation Loss: 1.0443
New best model found with validation loss: 1.0443
Epoch [38/1000], Training Loss: 1.0384
Validation Loss: 1.0404
New best model found with validation loss: 1.0404
Epoch [39/1000], Training Loss: 1.0358
Validation Loss: 1.0495
No improvement in validation loss. Early stop counter: 1/10
Epoch [40/1000], Training Loss: 1.0368
Validation Loss: 1.0381
New best model found with validation loss: 1.0381
Epoch [41/1000], Training Loss: 1.0277
Validation Loss: 1.0357
New best model found with validation loss: 1.0357
Epoch [42/1000], Training Loss: 1.0300
Validation Loss: 1.0339
New best model found with validation loss: 1.0339
Epoch [43/1000], Training Loss: 1.0235
Validation Loss: 1.0378
No improvement in validation loss. Early stop counter: 1/10
Epoch [44/1000], Training Loss: 1.0256
Validation Loss: 1.0309
New best model found with validation loss: 1.0309
Epoch [45/1000], Training Loss: 1.0236
Validation Loss: 1.0326
No improvement in validation loss. Early stop counter: 1/10
Epoch [46/1000], Training Loss: 1.0236
Validation Loss: 1.0313
No improvement in validation loss. Early stop counter: 2/10
Epoch [47/1000], Training Loss: 1.0221
Validation Loss: 1.0268
New best model found with validation loss: 1.0268
Epoch [48/1000], Training Loss: 1.0233
Validation Loss: 1.0272
No improvement in validation loss. Early stop counter: 1/10
Epoch [49/1000], Training Loss: 1.0225
Validation Loss: 1.0250
New best model found with validation loss: 1.0250
Epoch [50/1000], Training Loss: 1.0186
Validation Loss: 1.0309
No improvement in validation loss. Early stop counter: 1/10
Epoch [51/1000], Training Loss: 1.0178
Validation Loss: 1.0228
New best model found with validation loss: 1.0228
Epoch [52/1000], Training Loss: 1.0144
Validation Loss: 1.0234
No improvement in validation loss. Early stop counter: 1/10
Epoch [53/1000], Training Loss: 1.0138
Validation Loss: 1.0276
No improvement in validation loss. Early stop counter: 2/10
Epoch [54/1000], Training Loss: 1.0127
Validation Loss: 1.0209
New best model found with validation loss: 1.0209
Epoch [55/1000], Training Loss: 1.0180
Validation Loss: 1.0250
No improvement in validation loss. Early stop counter: 1/10
Epoch [56/1000], Training Loss: 1.0137
Validation Loss: 1.0212
No improvement in validation loss. Early stop counter: 2/10
Epoch [57/1000], Training Loss: 1.0119
Validation Loss: 1.0186
New best model found with validation loss: 1.0186
Epoch [58/1000], Training Loss: 1.0139
Validation Loss: 1.0206
No improvement in validation loss. Early stop counter: 1/10
Epoch [59/1000], Training Loss: 1.0137
Validation Loss: 1.0181
New best model found with validation loss: 1.0181
Epoch [60/1000], Training Loss: 1.0137
Validation Loss: 1.0173
New best model found with validation loss: 1.0173
Epoch [61/1000], Training Loss: 1.0117
Validation Loss: 1.0156
New best model found with validation loss: 1.0156
Epoch [62/1000], Training Loss: 1.0086
Validation Loss: 1.0158
No improvement in validation loss. Early stop counter: 1/10
Epoch [63/1000], Training Loss: 1.0086
Validation Loss: 1.0164
No improvement in validation loss. Early stop counter: 2/10
Epoch [64/1000], Training Loss: 1.0077
Validation Loss: 1.0148
New best model found with validation loss: 1.0148
Epoch [65/1000], Training Loss: 1.0103
Validation Loss: 1.0159
No improvement in validation loss. Early stop counter: 1/10
Epoch [66/1000], Training Loss: 1.0082
Validation Loss: 1.0146
New best model found with validation loss: 1.0146
Epoch [67/1000], Training Loss: 1.0069
Validation Loss: 1.0143
New best model found with validation loss: 1.0143
Epoch [68/1000], Training Loss: 1.0082
Validation Loss: 1.0156
No improvement in validation loss. Early stop counter: 1/10
Epoch [69/1000], Training Loss: 1.0066
Validation Loss: 1.0135
New best model found with validation loss: 1.0135
Epoch [70/1000], Training Loss: 1.0060
Validation Loss: 1.0136
No improvement in validation loss. Early stop counter: 1/10
Epoch [71/1000], Training Loss: 1.0027
Validation Loss: 1.0123
New best model found with validation loss: 1.0123
Epoch [72/1000], Training Loss: 1.0047
Validation Loss: 1.0127
No improvement in validation loss. Early stop counter: 1/10
Epoch [73/1000], Training Loss: 1.0047
Validation Loss: 1.0120
New best model found with validation loss: 1.0120
Epoch [74/1000], Training Loss: 1.0036
Validation Loss: 1.0117
New best model found with validation loss: 1.0117
Epoch [75/1000], Training Loss: 1.0073
Validation Loss: 1.0119
No improvement in validation loss. Early stop counter: 1/10
Epoch [76/1000], Training Loss: 1.0035
Validation Loss: 1.0125
No improvement in validation loss. Early stop counter: 2/10
Epoch [77/1000], Training Loss: 1.0048
Validation Loss: 1.0120
No improvement in validation loss. Early stop counter: 3/10
Epoch [78/1000], Training Loss: 1.0019
Validation Loss: 1.0128
No improvement in validation loss. Early stop counter: 4/10
Epoch [79/1000], Training Loss: 1.0043
Validation Loss: 1.0118
No improvement in validation loss. Early stop counter: 5/10
Epoch [80/1000], Training Loss: 1.0023
Validation Loss: 1.0107
New best model found with validation loss: 1.0107
Epoch [81/1000], Training Loss: 1.0017
Validation Loss: 1.0115
No improvement in validation loss. Early stop counter: 1/10
Epoch [82/1000], Training Loss: 1.0044
Validation Loss: 1.0109
No improvement in validation loss. Early stop counter: 2/10
Epoch [83/1000], Training Loss: 1.0027
Validation Loss: 1.0111
No improvement in validation loss. Early stop counter: 3/10
Epoch [84/1000], Training Loss: 1.0013
Validation Loss: 1.0103
New best model found with validation loss: 1.0103
Epoch [85/1000], Training Loss: 1.0047
Validation Loss: 1.0104
No improvement in validation loss. Early stop counter: 1/10
Epoch [86/1000], Training Loss: 1.0034
Validation Loss: 1.0100
New best model found with validation loss: 1.0100
Epoch [87/1000], Training Loss: 1.0026
Validation Loss: 1.0103
No improvement in validation loss. Early stop counter: 1/10
Epoch [88/1000], Training Loss: 1.0008
Validation Loss: 1.0098
New best model found with validation loss: 1.0098
Epoch [89/1000], Training Loss: 1.0009
Validation Loss: 1.0097
New best model found with validation loss: 1.0097
Epoch [90/1000], Training Loss: 1.0043
Validation Loss: 1.0103
No improvement in validation loss. Early stop counter: 1/10
Epoch [91/1000], Training Loss: 1.0008
Validation Loss: 1.0098
No improvement in validation loss. Early stop counter: 2/10
Epoch [92/1000], Training Loss: 1.0004
Validation Loss: 1.0097
No improvement in validation loss. Early stop counter: 3/10
Epoch [93/1000], Training Loss: 1.0005
Validation Loss: 1.0095
New best model found with validation loss: 1.0095
Epoch [94/1000], Training Loss: 1.0012
Validation Loss: 1.0097
No improvement in validation loss. Early stop counter: 1/10
Epoch [95/1000], Training Loss: 1.0040
Validation Loss: 1.0097
No improvement in validation loss. Early stop counter: 2/10
Epoch [96/1000], Training Loss: 1.0029
Validation Loss: 1.0095
No improvement in validation loss. Early stop counter: 3/10
Epoch [97/1000], Training Loss: 1.0017
Validation Loss: 1.0095
No improvement in validation loss. Early stop counter: 4/10
Epoch [98/1000], Training Loss: 1.0029
Validation Loss: 1.0095
New best model found with validation loss: 1.0095
Epoch [99/1000], Training Loss: 1.0010
Validation Loss: 1.0098
No improvement in validation loss. Early stop counter: 1/10
Epoch [100/1000], Training Loss: 1.0012
Validation Loss: 1.0091
New best model found with validation loss: 1.0091
Epoch [101/1000], Training Loss: 1.0009
Validation Loss: 1.0096
No improvement in validation loss. Early stop counter: 1/10
Epoch [102/1000], Training Loss: 0.9984
Validation Loss: 1.0093
No improvement in validation loss. Early stop counter: 2/10
Epoch [103/1000], Training Loss: 0.9997
Validation Loss: 1.0094
No improvement in validation loss. Early stop counter: 3/10
Epoch [104/1000], Training Loss: 1.0006
Validation Loss: 1.0094
No improvement in validation loss. Early stop counter: 4/10
Epoch [105/1000], Training Loss: 0.9992
Validation Loss: 1.0093
No improvement in validation loss. Early stop counter: 5/10
Epoch [106/1000], Training Loss: 1.0013
Validation Loss: 1.0094
No improvement in validation loss. Early stop counter: 6/10
Epoch [107/1000], Training Loss: 0.9991
Validation Loss: 1.0096
No improvement in validation loss. Early stop counter: 7/10
Epoch [108/1000], Training Loss: 1.0009
Validation Loss: 1.0091
New best model found with validation loss: 1.0091
Epoch [109/1000], Training Loss: 1.0013
Validation Loss: 1.0093
No improvement in validation loss. Early stop counter: 1/10
Epoch [110/1000], Training Loss: 1.0025
Validation Loss: 1.0092
No improvement in validation loss. Early stop counter: 2/10
Epoch [111/1000], Training Loss: 1.0023
Validation Loss: 1.0090
New best model found with validation loss: 1.0090
Epoch [112/1000], Training Loss: 1.0002
Validation Loss: 1.0091
No improvement in validation loss. Early stop counter: 1/10
Epoch [113/1000], Training Loss: 1.0009
Validation Loss: 1.0090
New best model found with validation loss: 1.0090
Epoch [114/1000], Training Loss: 0.9989
Validation Loss: 1.0091
No improvement in validation loss. Early stop counter: 1/10
Epoch [115/1000], Training Loss: 1.0031
Validation Loss: 1.0090
No improvement in validation loss. Early stop counter: 2/10
Epoch [116/1000], Training Loss: 1.0002
Validation Loss: 1.0091
No improvement in validation loss. Early stop counter: 3/10
Epoch [117/1000], Training Loss: 0.9988
Validation Loss: 1.0091
No improvement in validation loss. Early stop counter: 4/10
Epoch [118/1000], Training Loss: 1.0023
Validation Loss: 1.0090
No improvement in validation loss. Early stop counter: 5/10
Epoch [119/1000], Training Loss: 1.0043
Validation Loss: 1.0090
No improvement in validation loss. Early stop counter: 6/10
Epoch [120/1000], Training Loss: 1.0009
Validation Loss: 1.0090
No improvement in validation loss. Early stop counter: 7/10
Epoch [121/1000], Training Loss: 0.9987
Validation Loss: 1.0090
No improvement in validation loss. Early stop counter: 8/10
Epoch [122/1000], Training Loss: 1.0025
Validation Loss: 1.0090
No improvement in validation loss. Early stop counter: 9/10
Epoch [123/1000], Training Loss: 1.0016
Validation Loss: 1.0090
New best model found with validation loss: 1.0090
Epoch [124/1000], Training Loss: 1.0021
Validation Loss: 1.0090
No improvement in validation loss. Early stop counter: 1/10
Epoch [125/1000], Training Loss: 1.0017
Validation Loss: 1.0089
New best model found with validation loss: 1.0089
Epoch [126/1000], Training Loss: 1.0015
Validation Loss: 1.0090
No improvement in validation loss. Early stop counter: 1/10
Epoch [127/1000], Training Loss: 1.0009
Validation Loss: 1.0090
No improvement in validation loss. Early stop counter: 2/10
Epoch [128/1000], Training Loss: 0.9995
Validation Loss: 1.0090
No improvement in validation loss. Early stop counter: 3/10
Epoch [129/1000], Training Loss: 0.9998
Validation Loss: 1.0090
No improvement in validation loss. Early stop counter: 4/10
Epoch [130/1000], Training Loss: 0.9995
Validation Loss: 1.0090
No improvement in validation loss. Early stop counter: 5/10
Epoch [131/1000], Training Loss: 1.0040
Validation Loss: 1.0090
No improvement in validation loss. Early stop counter: 6/10
Epoch [132/1000], Training Loss: 1.0022
Validation Loss: 1.0090
No improvement in validation loss. Early stop counter: 7/10
Epoch [133/1000], Training Loss: 1.0006
Validation Loss: 1.0090
No improvement in validation loss. Early stop counter: 8/10
Epoch [134/1000], Training Loss: 1.0002
Validation Loss: 1.0090
No improvement in validation loss. Early stop counter: 9/10
Epoch [135/1000], Training Loss: 0.9983
Validation Loss: 1.0090
No improvement in validation loss. Early stop counter: 10/10
Early stopping triggered after 135 epochs.
Best model for fold 3 saved successfully.

Starting Fold 4/5...
Initializing ClassificationModel with 1 GAT layers and residual connections...
Initializing MCModel with 1 GAT layers and 1 row attention layers...
Initializing CGModel with 1 GAT layers and residual connections...
Initializing CoreModel with 1 self-attention layers...
Using 4 GPUs with DataParallel.
Epoch [1/1000], Training Loss: 1.5654
Validation Loss: 1.5280
New best model found with validation loss: 1.5280
Epoch [2/1000], Training Loss: 1.4474
Validation Loss: 1.4122
New best model found with validation loss: 1.4122
Epoch [3/1000], Training Loss: 1.3700
Validation Loss: 1.3459
New best model found with validation loss: 1.3459
Epoch [4/1000], Training Loss: 1.3116
Validation Loss: 1.2864
New best model found with validation loss: 1.2864
Epoch [5/1000], Training Loss: 1.2714
Validation Loss: 1.2770
New best model found with validation loss: 1.2770
Epoch [6/1000], Training Loss: 1.2480
Validation Loss: 1.2545
New best model found with validation loss: 1.2545
Epoch [7/1000], Training Loss: 1.2222
Validation Loss: 1.2252
New best model found with validation loss: 1.2252
Epoch [8/1000], Training Loss: 1.2055
Validation Loss: 1.2083
New best model found with validation loss: 1.2083
Epoch [9/1000], Training Loss: 1.1937
Validation Loss: 1.2207
No improvement in validation loss. Early stop counter: 1/10
Epoch [10/1000], Training Loss: 1.1804
Validation Loss: 1.2016
New best model found with validation loss: 1.2016
Epoch [11/1000], Training Loss: 1.1565
Validation Loss: 1.1664
New best model found with validation loss: 1.1664
Epoch [12/1000], Training Loss: 1.1435
Validation Loss: 1.1581
New best model found with validation loss: 1.1581
Epoch [13/1000], Training Loss: 1.1329
Validation Loss: 1.1566
New best model found with validation loss: 1.1566
Epoch [14/1000], Training Loss: 1.1244
Validation Loss: 1.1487
New best model found with validation loss: 1.1487
Epoch [15/1000], Training Loss: 1.1229
Validation Loss: 1.1434
New best model found with validation loss: 1.1434
Epoch [16/1000], Training Loss: 1.1095
Validation Loss: 1.1343
New best model found with validation loss: 1.1343
Epoch [17/1000], Training Loss: 1.1063
Validation Loss: 1.1216
New best model found with validation loss: 1.1216
Epoch [18/1000], Training Loss: 1.0976
Validation Loss: 1.1171
New best model found with validation loss: 1.1171
Epoch [19/1000], Training Loss: 1.0908
Validation Loss: 1.1423
No improvement in validation loss. Early stop counter: 1/10
Epoch [20/1000], Training Loss: 1.0857
Validation Loss: 1.1083
New best model found with validation loss: 1.1083
Epoch [21/1000], Training Loss: 1.0733
Validation Loss: 1.0998
New best model found with validation loss: 1.0998
Epoch [22/1000], Training Loss: 1.0662
Validation Loss: 1.0980
New best model found with validation loss: 1.0980
Epoch [23/1000], Training Loss: 1.0650
Validation Loss: 1.0936
New best model found with validation loss: 1.0936
Epoch [24/1000], Training Loss: 1.0609
Validation Loss: 1.0896
New best model found with validation loss: 1.0896
Epoch [25/1000], Training Loss: 1.0528
Validation Loss: 1.0843
New best model found with validation loss: 1.0843
Epoch [26/1000], Training Loss: 1.0517
Validation Loss: 1.0914
No improvement in validation loss. Early stop counter: 1/10
Epoch [27/1000], Training Loss: 1.0493
Validation Loss: 1.0959
No improvement in validation loss. Early stop counter: 2/10
Epoch [28/1000], Training Loss: 1.0447
Validation Loss: 1.0766
New best model found with validation loss: 1.0766
Epoch [29/1000], Training Loss: 1.0399
Validation Loss: 1.0706
New best model found with validation loss: 1.0706
Epoch [30/1000], Training Loss: 1.0376
Validation Loss: 1.0761
No improvement in validation loss. Early stop counter: 1/10
Epoch [31/1000], Training Loss: 1.0316
Validation Loss: 1.0622
New best model found with validation loss: 1.0622
Epoch [32/1000], Training Loss: 1.0283
Validation Loss: 1.0624
No improvement in validation loss. Early stop counter: 1/10
Epoch [33/1000], Training Loss: 1.0256
Validation Loss: 1.0812
No improvement in validation loss. Early stop counter: 2/10
Epoch [34/1000], Training Loss: 1.0249
Validation Loss: 1.0561
New best model found with validation loss: 1.0561
Epoch [35/1000], Training Loss: 1.0177
Validation Loss: 1.0556
New best model found with validation loss: 1.0556
Epoch [36/1000], Training Loss: 1.0175
Validation Loss: 1.0532
New best model found with validation loss: 1.0532
Epoch [37/1000], Training Loss: 1.0170
Validation Loss: 1.0637
No improvement in validation loss. Early stop counter: 1/10
Epoch [38/1000], Training Loss: 1.0192
Validation Loss: 1.0518
New best model found with validation loss: 1.0518
Epoch [39/1000], Training Loss: 1.0127
Validation Loss: 1.0526
No improvement in validation loss. Early stop counter: 1/10
Epoch [40/1000], Training Loss: 1.0143
Validation Loss: 1.0485
New best model found with validation loss: 1.0485
Epoch [41/1000], Training Loss: 1.0083
Validation Loss: 1.0433
New best model found with validation loss: 1.0433
Epoch [42/1000], Training Loss: 1.0071
Validation Loss: 1.0427
New best model found with validation loss: 1.0427
Epoch [43/1000], Training Loss: 1.0057
Validation Loss: 1.0428
No improvement in validation loss. Early stop counter: 1/10
Epoch [44/1000], Training Loss: 1.0029
Validation Loss: 1.0428
No improvement in validation loss. Early stop counter: 2/10
Epoch [45/1000], Training Loss: 1.0025
Validation Loss: 1.0407
New best model found with validation loss: 1.0407
Epoch [46/1000], Training Loss: 1.0031
Validation Loss: 1.0413
No improvement in validation loss. Early stop counter: 1/10
Epoch [47/1000], Training Loss: 1.0024
Validation Loss: 1.0396
New best model found with validation loss: 1.0396
Epoch [48/1000], Training Loss: 0.9992
Validation Loss: 1.0387
New best model found with validation loss: 1.0387
Epoch [49/1000], Training Loss: 0.9982
Validation Loss: 1.0402
No improvement in validation loss. Early stop counter: 1/10
Epoch [50/1000], Training Loss: 0.9982
Validation Loss: 1.0387
New best model found with validation loss: 1.0387
Epoch [51/1000], Training Loss: 0.9968
Validation Loss: 1.0363
New best model found with validation loss: 1.0363
Epoch [52/1000], Training Loss: 0.9950
Validation Loss: 1.0361
New best model found with validation loss: 1.0361
Epoch [53/1000], Training Loss: 0.9950
Validation Loss: 1.0345
New best model found with validation loss: 1.0345
Epoch [54/1000], Training Loss: 0.9948
Validation Loss: 1.0336
New best model found with validation loss: 1.0336
Epoch [55/1000], Training Loss: 0.9919
Validation Loss: 1.0338
No improvement in validation loss. Early stop counter: 1/10
Epoch [56/1000], Training Loss: 0.9927
Validation Loss: 1.0334
New best model found with validation loss: 1.0334
Epoch [57/1000], Training Loss: 0.9946
Validation Loss: 1.0323
New best model found with validation loss: 1.0323
Epoch [58/1000], Training Loss: 0.9917
Validation Loss: 1.0322
New best model found with validation loss: 1.0322
Epoch [59/1000], Training Loss: 0.9870
Validation Loss: 1.0349
No improvement in validation loss. Early stop counter: 1/10
Epoch [60/1000], Training Loss: 0.9923
Validation Loss: 1.0338
No improvement in validation loss. Early stop counter: 2/10
Epoch [61/1000], Training Loss: 0.9913
Validation Loss: 1.0301
New best model found with validation loss: 1.0301
Epoch [62/1000], Training Loss: 0.9888
Validation Loss: 1.0304
No improvement in validation loss. Early stop counter: 1/10
Epoch [63/1000], Training Loss: 0.9872
Validation Loss: 1.0316
No improvement in validation loss. Early stop counter: 2/10
Epoch [64/1000], Training Loss: 0.9903
Validation Loss: 1.0295
New best model found with validation loss: 1.0295
Epoch [65/1000], Training Loss: 0.9859
Validation Loss: 1.0295
No improvement in validation loss. Early stop counter: 1/10
Epoch [66/1000], Training Loss: 0.9878
Validation Loss: 1.0292
New best model found with validation loss: 1.0292
Epoch [67/1000], Training Loss: 0.9850
Validation Loss: 1.0290
New best model found with validation loss: 1.0290
Epoch [68/1000], Training Loss: 0.9878
Validation Loss: 1.0284
New best model found with validation loss: 1.0284
Epoch [69/1000], Training Loss: 0.9839
Validation Loss: 1.0283
New best model found with validation loss: 1.0283
Epoch [70/1000], Training Loss: 0.9842
Validation Loss: 1.0276
New best model found with validation loss: 1.0276
Epoch [71/1000], Training Loss: 0.9828
Validation Loss: 1.0275
New best model found with validation loss: 1.0275
Epoch [72/1000], Training Loss: 0.9865
Validation Loss: 1.0273
New best model found with validation loss: 1.0273
Epoch [73/1000], Training Loss: 0.9868
Validation Loss: 1.0272
New best model found with validation loss: 1.0272
Epoch [74/1000], Training Loss: 0.9835
Validation Loss: 1.0279
No improvement in validation loss. Early stop counter: 1/10
Epoch [75/1000], Training Loss: 0.9816
Validation Loss: 1.0268
New best model found with validation loss: 1.0268
Epoch [76/1000], Training Loss: 0.9829
Validation Loss: 1.0271
No improvement in validation loss. Early stop counter: 1/10
Epoch [77/1000], Training Loss: 0.9856
Validation Loss: 1.0266
New best model found with validation loss: 1.0266
Epoch [78/1000], Training Loss: 0.9842
Validation Loss: 1.0272
No improvement in validation loss. Early stop counter: 1/10
Epoch [79/1000], Training Loss: 0.9815
Validation Loss: 1.0269
No improvement in validation loss. Early stop counter: 2/10
Epoch [80/1000], Training Loss: 0.9820
Validation Loss: 1.0263
New best model found with validation loss: 1.0263
Epoch [81/1000], Training Loss: 0.9849
Validation Loss: 1.0260
New best model found with validation loss: 1.0260
Epoch [82/1000], Training Loss: 0.9819
Validation Loss: 1.0265
No improvement in validation loss. Early stop counter: 1/10
Epoch [83/1000], Training Loss: 0.9830
Validation Loss: 1.0259
New best model found with validation loss: 1.0259
Epoch [84/1000], Training Loss: 0.9820
Validation Loss: 1.0260
No improvement in validation loss. Early stop counter: 1/10
Epoch [85/1000], Training Loss: 0.9822
Validation Loss: 1.0258
New best model found with validation loss: 1.0258
Epoch [86/1000], Training Loss: 0.9861
Validation Loss: 1.0260
No improvement in validation loss. Early stop counter: 1/10
Epoch [87/1000], Training Loss: 0.9801
Validation Loss: 1.0256
New best model found with validation loss: 1.0256
Epoch [88/1000], Training Loss: 0.9814
Validation Loss: 1.0261
No improvement in validation loss. Early stop counter: 1/10
Epoch [89/1000], Training Loss: 0.9823
Validation Loss: 1.0259
No improvement in validation loss. Early stop counter: 2/10
Epoch [90/1000], Training Loss: 0.9807
Validation Loss: 1.0259
No improvement in validation loss. Early stop counter: 3/10
Epoch [91/1000], Training Loss: 0.9817
Validation Loss: 1.0253
New best model found with validation loss: 1.0253
Epoch [92/1000], Training Loss: 0.9800
Validation Loss: 1.0253
New best model found with validation loss: 1.0253
Epoch [93/1000], Training Loss: 0.9796
Validation Loss: 1.0252
New best model found with validation loss: 1.0252
Epoch [94/1000], Training Loss: 0.9804
Validation Loss: 1.0253
No improvement in validation loss. Early stop counter: 1/10
Epoch [95/1000], Training Loss: 0.9795
Validation Loss: 1.0250
New best model found with validation loss: 1.0250
Epoch [96/1000], Training Loss: 0.9809
Validation Loss: 1.0251
No improvement in validation loss. Early stop counter: 1/10
Epoch [97/1000], Training Loss: 0.9824
Validation Loss: 1.0250
No improvement in validation loss. Early stop counter: 2/10
Epoch [98/1000], Training Loss: 0.9841
Validation Loss: 1.0253
No improvement in validation loss. Early stop counter: 3/10
Epoch [99/1000], Training Loss: 0.9840
Validation Loss: 1.0253
No improvement in validation loss. Early stop counter: 4/10
Epoch [100/1000], Training Loss: 0.9836
Validation Loss: 1.0253
No improvement in validation loss. Early stop counter: 5/10
Epoch [101/1000], Training Loss: 0.9765
Validation Loss: 1.0250
New best model found with validation loss: 1.0250
Epoch [102/1000], Training Loss: 0.9791
Validation Loss: 1.0251
No improvement in validation loss. Early stop counter: 1/10
Epoch [103/1000], Training Loss: 0.9803
Validation Loss: 1.0250
No improvement in validation loss. Early stop counter: 2/10
Epoch [104/1000], Training Loss: 0.9833
Validation Loss: 1.0250
No improvement in validation loss. Early stop counter: 3/10
Epoch [105/1000], Training Loss: 0.9831
Validation Loss: 1.0249
New best model found with validation loss: 1.0249
Epoch [106/1000], Training Loss: 0.9830
Validation Loss: 1.0249
No improvement in validation loss. Early stop counter: 1/10
Epoch [107/1000], Training Loss: 0.9810
Validation Loss: 1.0249
New best model found with validation loss: 1.0249
Epoch [108/1000], Training Loss: 0.9803
Validation Loss: 1.0249
No improvement in validation loss. Early stop counter: 1/10
Epoch [109/1000], Training Loss: 0.9818
Validation Loss: 1.0249
No improvement in validation loss. Early stop counter: 2/10
Epoch [110/1000], Training Loss: 0.9801
Validation Loss: 1.0250
No improvement in validation loss. Early stop counter: 3/10
Epoch [111/1000], Training Loss: 0.9811
Validation Loss: 1.0249
No improvement in validation loss. Early stop counter: 4/10
Epoch [112/1000], Training Loss: 0.9816
Validation Loss: 1.0249
No improvement in validation loss. Early stop counter: 5/10
Epoch [113/1000], Training Loss: 0.9806
Validation Loss: 1.0249
No improvement in validation loss. Early stop counter: 6/10
Epoch [114/1000], Training Loss: 0.9805
Validation Loss: 1.0249
No improvement in validation loss. Early stop counter: 7/10
Epoch [115/1000], Training Loss: 0.9793
Validation Loss: 1.0248
New best model found with validation loss: 1.0248
Epoch [116/1000], Training Loss: 0.9843
Validation Loss: 1.0249
No improvement in validation loss. Early stop counter: 1/10
Epoch [117/1000], Training Loss: 0.9819
Validation Loss: 1.0248
New best model found with validation loss: 1.0248
Epoch [118/1000], Training Loss: 0.9804
Validation Loss: 1.0248
No improvement in validation loss. Early stop counter: 1/10
Epoch [119/1000], Training Loss: 0.9805
Validation Loss: 1.0249
No improvement in validation loss. Early stop counter: 2/10
Epoch [120/1000], Training Loss: 0.9845
Validation Loss: 1.0248
No improvement in validation loss. Early stop counter: 3/10
Epoch [121/1000], Training Loss: 0.9774
Validation Loss: 1.0248
No improvement in validation loss. Early stop counter: 4/10
Epoch [122/1000], Training Loss: 0.9812
Validation Loss: 1.0248
No improvement in validation loss. Early stop counter: 5/10
Epoch [123/1000], Training Loss: 0.9792
Validation Loss: 1.0248
No improvement in validation loss. Early stop counter: 6/10
Epoch [124/1000], Training Loss: 0.9788
Validation Loss: 1.0247
New best model found with validation loss: 1.0247
Epoch [125/1000], Training Loss: 0.9805
Validation Loss: 1.0248
No improvement in validation loss. Early stop counter: 1/10
Epoch [126/1000], Training Loss: 0.9766
Validation Loss: 1.0248
No improvement in validation loss. Early stop counter: 2/10
Epoch [127/1000], Training Loss: 0.9813
Validation Loss: 1.0248
No improvement in validation loss. Early stop counter: 3/10
Epoch [128/1000], Training Loss: 0.9796
Validation Loss: 1.0248
No improvement in validation loss. Early stop counter: 4/10
Epoch [129/1000], Training Loss: 0.9824
Validation Loss: 1.0248
No improvement in validation loss. Early stop counter: 5/10
Epoch [130/1000], Training Loss: 0.9802
Validation Loss: 1.0247
New best model found with validation loss: 1.0247
Epoch [131/1000], Training Loss: 0.9813
Validation Loss: 1.0247
No improvement in validation loss. Early stop counter: 1/10
Epoch [132/1000], Training Loss: 0.9781
Validation Loss: 1.0247
No improvement in validation loss. Early stop counter: 2/10
Epoch [133/1000], Training Loss: 0.9824
Validation Loss: 1.0247
New best model found with validation loss: 1.0247
Epoch [134/1000], Training Loss: 0.9825
Validation Loss: 1.0247
New best model found with validation loss: 1.0247
Epoch [135/1000], Training Loss: 0.9810
Validation Loss: 1.0247
New best model found with validation loss: 1.0247
Epoch [136/1000], Training Loss: 0.9798
Validation Loss: 1.0247
New best model found with validation loss: 1.0247
Epoch [137/1000], Training Loss: 0.9823
Validation Loss: 1.0247
New best model found with validation loss: 1.0247
Epoch [138/1000], Training Loss: 0.9813
Validation Loss: 1.0247
No improvement in validation loss. Early stop counter: 1/10
Epoch [139/1000], Training Loss: 0.9819
Validation Loss: 1.0247
No improvement in validation loss. Early stop counter: 2/10
Epoch [140/1000], Training Loss: 0.9803
Validation Loss: 1.0247
No improvement in validation loss. Early stop counter: 3/10
Epoch [141/1000], Training Loss: 0.9799
Validation Loss: 1.0247
No improvement in validation loss. Early stop counter: 4/10
Epoch [142/1000], Training Loss: 0.9802
Validation Loss: 1.0247
No improvement in validation loss. Early stop counter: 5/10
Epoch [143/1000], Training Loss: 0.9804
Validation Loss: 1.0247
No improvement in validation loss. Early stop counter: 6/10
Epoch [144/1000], Training Loss: 0.9807
Validation Loss: 1.0247
No improvement in validation loss. Early stop counter: 7/10
Epoch [145/1000], Training Loss: 0.9781
Validation Loss: 1.0247
No improvement in validation loss. Early stop counter: 8/10
Epoch [146/1000], Training Loss: 0.9787
Validation Loss: 1.0247
No improvement in validation loss. Early stop counter: 9/10
Epoch [147/1000], Training Loss: 0.9786
Validation Loss: 1.0247
No improvement in validation loss. Early stop counter: 10/10
Early stopping triggered after 147 epochs.
Best model for fold 4 saved successfully.

Starting Fold 5/5...
Initializing ClassificationModel with 1 GAT layers and residual connections...
Initializing MCModel with 1 GAT layers and 1 row attention layers...
Initializing CGModel with 1 GAT layers and residual connections...
Initializing CoreModel with 1 self-attention layers...
Using 4 GPUs with DataParallel.
Epoch [1/1000], Training Loss: 1.5281
Validation Loss: 1.4736
New best model found with validation loss: 1.4736
Epoch [2/1000], Training Loss: 1.4278
Validation Loss: 1.4139
New best model found with validation loss: 1.4139
Epoch [3/1000], Training Loss: 1.3724
Validation Loss: 1.3530
New best model found with validation loss: 1.3530
Epoch [4/1000], Training Loss: 1.3262
Validation Loss: 1.3103
New best model found with validation loss: 1.3103
Epoch [5/1000], Training Loss: 1.2928
Validation Loss: 1.2862
New best model found with validation loss: 1.2862
Epoch [6/1000], Training Loss: 1.2741
Validation Loss: 1.2903
No improvement in validation loss. Early stop counter: 1/10
Epoch [7/1000], Training Loss: 1.2554
Validation Loss: 1.2616
New best model found with validation loss: 1.2616
Epoch [8/1000], Training Loss: 1.2348
Validation Loss: 1.2594
New best model found with validation loss: 1.2594
Epoch [9/1000], Training Loss: 1.2136
Validation Loss: 1.2195
New best model found with validation loss: 1.2195
Epoch [10/1000], Training Loss: 1.1998
Validation Loss: 1.1992
New best model found with validation loss: 1.1992
Epoch [11/1000], Training Loss: 1.1768
Validation Loss: 1.1831
New best model found with validation loss: 1.1831
Epoch [12/1000], Training Loss: 1.1637
Validation Loss: 1.1761
New best model found with validation loss: 1.1761
Epoch [13/1000], Training Loss: 1.1531
Validation Loss: 1.1769
No improvement in validation loss. Early stop counter: 1/10
Epoch [14/1000], Training Loss: 1.1456
Validation Loss: 1.1565
New best model found with validation loss: 1.1565
Epoch [15/1000], Training Loss: 1.1396
Validation Loss: 1.1553
New best model found with validation loss: 1.1553
Epoch [16/1000], Training Loss: 1.1285
Validation Loss: 1.1440
New best model found with validation loss: 1.1440
Epoch [17/1000], Training Loss: 1.1166
Validation Loss: 1.1423
New best model found with validation loss: 1.1423
Epoch [18/1000], Training Loss: 1.1104
Validation Loss: 1.1239
New best model found with validation loss: 1.1239
Epoch [19/1000], Training Loss: 1.1029
Validation Loss: 1.1246
No improvement in validation loss. Early stop counter: 1/10
Epoch [20/1000], Training Loss: 1.1010
Validation Loss: 1.1256
No improvement in validation loss. Early stop counter: 2/10
Epoch [21/1000], Training Loss: 1.0847
Validation Loss: 1.1056
New best model found with validation loss: 1.1056
Epoch [22/1000], Training Loss: 1.0793
Validation Loss: 1.1053
New best model found with validation loss: 1.1053
Epoch [23/1000], Training Loss: 1.0710
Validation Loss: 1.1021
New best model found with validation loss: 1.1021
Epoch [24/1000], Training Loss: 1.0724
Validation Loss: 1.1055
No improvement in validation loss. Early stop counter: 1/10
Epoch [25/1000], Training Loss: 1.0664
Validation Loss: 1.0913
New best model found with validation loss: 1.0913
Epoch [26/1000], Training Loss: 1.0629
Validation Loss: 1.0928
No improvement in validation loss. Early stop counter: 1/10
Epoch [27/1000], Training Loss: 1.0601
Validation Loss: 1.0855
New best model found with validation loss: 1.0855
Epoch [28/1000], Training Loss: 1.0559
Validation Loss: 1.0888
No improvement in validation loss. Early stop counter: 1/10
Epoch [29/1000], Training Loss: 1.0545
Validation Loss: 1.0831
New best model found with validation loss: 1.0831
Epoch [30/1000], Training Loss: 1.0488
Validation Loss: 1.0815
New best model found with validation loss: 1.0815
Epoch [31/1000], Training Loss: 1.0397
Validation Loss: 1.0735
New best model found with validation loss: 1.0735
Epoch [32/1000], Training Loss: 1.0380
Validation Loss: 1.0700
New best model found with validation loss: 1.0700
Epoch [33/1000], Training Loss: 1.0351
Validation Loss: 1.0699
New best model found with validation loss: 1.0699
Epoch [34/1000], Training Loss: 1.0319
Validation Loss: 1.0682
New best model found with validation loss: 1.0682
Epoch [35/1000], Training Loss: 1.0328
Validation Loss: 1.0648
New best model found with validation loss: 1.0648
Epoch [36/1000], Training Loss: 1.0280
Validation Loss: 1.0627
New best model found with validation loss: 1.0627
Epoch [37/1000], Training Loss: 1.0294
Validation Loss: 1.0635
No improvement in validation loss. Early stop counter: 1/10
Epoch [38/1000], Training Loss: 1.0258
Validation Loss: 1.0541
New best model found with validation loss: 1.0541
Epoch [39/1000], Training Loss: 1.0210
Validation Loss: 1.0576
No improvement in validation loss. Early stop counter: 1/10
Epoch [40/1000], Training Loss: 1.0223
Validation Loss: 1.0549
No improvement in validation loss. Early stop counter: 2/10
Epoch [41/1000], Training Loss: 1.0179
Validation Loss: 1.0526
New best model found with validation loss: 1.0526
Epoch [42/1000], Training Loss: 1.0119
Validation Loss: 1.0482
New best model found with validation loss: 1.0482
Epoch [43/1000], Training Loss: 1.0118
Validation Loss: 1.0487
No improvement in validation loss. Early stop counter: 1/10
Epoch [44/1000], Training Loss: 1.0105
Validation Loss: 1.0592
No improvement in validation loss. Early stop counter: 2/10
Epoch [45/1000], Training Loss: 1.0112
Validation Loss: 1.0463
New best model found with validation loss: 1.0463
Epoch [46/1000], Training Loss: 1.0113
Validation Loss: 1.0472
No improvement in validation loss. Early stop counter: 1/10
Epoch [47/1000], Training Loss: 1.0080
Validation Loss: 1.0446
New best model found with validation loss: 1.0446
Epoch [48/1000], Training Loss: 1.0117
Validation Loss: 1.0443
New best model found with validation loss: 1.0443
Epoch [49/1000], Training Loss: 1.0059
Validation Loss: 1.0426
New best model found with validation loss: 1.0426
Epoch [50/1000], Training Loss: 1.0042
Validation Loss: 1.0455
No improvement in validation loss. Early stop counter: 1/10
Epoch [51/1000], Training Loss: 1.0024
Validation Loss: 1.0412
New best model found with validation loss: 1.0412
Epoch [52/1000], Training Loss: 1.0022
Validation Loss: 1.0392
New best model found with validation loss: 1.0392
Epoch [53/1000], Training Loss: 1.0005
Validation Loss: 1.0386
New best model found with validation loss: 1.0386
Epoch [54/1000], Training Loss: 0.9977
Validation Loss: 1.0384
New best model found with validation loss: 1.0384
Epoch [55/1000], Training Loss: 1.0001
Validation Loss: 1.0378
New best model found with validation loss: 1.0378
Epoch [56/1000], Training Loss: 0.9995
Validation Loss: 1.0395
No improvement in validation loss. Early stop counter: 1/10
Epoch [57/1000], Training Loss: 0.9978
Validation Loss: 1.0349
New best model found with validation loss: 1.0349
Epoch [58/1000], Training Loss: 0.9973
Validation Loss: 1.0362
No improvement in validation loss. Early stop counter: 1/10
Epoch [59/1000], Training Loss: 0.9978
Validation Loss: 1.0339
New best model found with validation loss: 1.0339
Epoch [60/1000], Training Loss: 0.9982
Validation Loss: 1.0367
No improvement in validation loss. Early stop counter: 1/10
Epoch [61/1000], Training Loss: 0.9977
Validation Loss: 1.0336
New best model found with validation loss: 1.0336
Epoch [62/1000], Training Loss: 0.9928
Validation Loss: 1.0329
New best model found with validation loss: 1.0329
Epoch [63/1000], Training Loss: 0.9941
Validation Loss: 1.0335
No improvement in validation loss. Early stop counter: 1/10
Epoch [64/1000], Training Loss: 0.9929
Validation Loss: 1.0330
No improvement in validation loss. Early stop counter: 2/10
Epoch [65/1000], Training Loss: 0.9933
Validation Loss: 1.0336
No improvement in validation loss. Early stop counter: 3/10
Epoch [66/1000], Training Loss: 0.9956
Validation Loss: 1.0328
New best model found with validation loss: 1.0328
Epoch [67/1000], Training Loss: 0.9918
Validation Loss: 1.0316
New best model found with validation loss: 1.0316
Epoch [68/1000], Training Loss: 0.9915
Validation Loss: 1.0330
No improvement in validation loss. Early stop counter: 1/10
Epoch [69/1000], Training Loss: 0.9907
Validation Loss: 1.0326
No improvement in validation loss. Early stop counter: 2/10
Epoch [70/1000], Training Loss: 0.9922
Validation Loss: 1.0313
New best model found with validation loss: 1.0313
Epoch [71/1000], Training Loss: 0.9876
Validation Loss: 1.0298
New best model found with validation loss: 1.0298
Epoch [72/1000], Training Loss: 0.9898
Validation Loss: 1.0297
New best model found with validation loss: 1.0297
Epoch [73/1000], Training Loss: 0.9887
Validation Loss: 1.0295
New best model found with validation loss: 1.0295
Epoch [74/1000], Training Loss: 0.9865
Validation Loss: 1.0292
New best model found with validation loss: 1.0292
Epoch [75/1000], Training Loss: 0.9896
Validation Loss: 1.0300
No improvement in validation loss. Early stop counter: 1/10
Epoch [76/1000], Training Loss: 0.9902
Validation Loss: 1.0296
No improvement in validation loss. Early stop counter: 2/10
Epoch [77/1000], Training Loss: 0.9908
Validation Loss: 1.0291
New best model found with validation loss: 1.0291
Epoch [78/1000], Training Loss: 0.9914
Validation Loss: 1.0298
No improvement in validation loss. Early stop counter: 1/10
Epoch [79/1000], Training Loss: 0.9893
Validation Loss: 1.0291
New best model found with validation loss: 1.0291
Epoch [80/1000], Training Loss: 0.9888
Validation Loss: 1.0288
New best model found with validation loss: 1.0288
Epoch [81/1000], Training Loss: 0.9888
Validation Loss: 1.0281
New best model found with validation loss: 1.0281
Epoch [82/1000], Training Loss: 0.9878
Validation Loss: 1.0285
No improvement in validation loss. Early stop counter: 1/10
Epoch [83/1000], Training Loss: 0.9890
Validation Loss: 1.0283
No improvement in validation loss. Early stop counter: 2/10
Epoch [84/1000], Training Loss: 0.9879
Validation Loss: 1.0282
No improvement in validation loss. Early stop counter: 3/10
Epoch [85/1000], Training Loss: 0.9879
Validation Loss: 1.0282
No improvement in validation loss. Early stop counter: 4/10
Epoch [86/1000], Training Loss: 0.9918
Validation Loss: 1.0279
New best model found with validation loss: 1.0279
Epoch [87/1000], Training Loss: 0.9863
Validation Loss: 1.0281
No improvement in validation loss. Early stop counter: 1/10
Epoch [88/1000], Training Loss: 0.9868
Validation Loss: 1.0281
No improvement in validation loss. Early stop counter: 2/10
Epoch [89/1000], Training Loss: 0.9874
Validation Loss: 1.0278
New best model found with validation loss: 1.0278
Epoch [90/1000], Training Loss: 0.9875
Validation Loss: 1.0278
No improvement in validation loss. Early stop counter: 1/10
Epoch [91/1000], Training Loss: 0.9864
Validation Loss: 1.0275
New best model found with validation loss: 1.0275
Epoch [92/1000], Training Loss: 0.9849
Validation Loss: 1.0275
New best model found with validation loss: 1.0275
Epoch [93/1000], Training Loss: 0.9847
Validation Loss: 1.0277
No improvement in validation loss. Early stop counter: 1/10
Epoch [94/1000], Training Loss: 0.9886
Validation Loss: 1.0277
No improvement in validation loss. Early stop counter: 2/10
Epoch [95/1000], Training Loss: 0.9860
Validation Loss: 1.0275
New best model found with validation loss: 1.0275
Epoch [96/1000], Training Loss: 0.9865
Validation Loss: 1.0274
New best model found with validation loss: 1.0274
Epoch [97/1000], Training Loss: 0.9829
Validation Loss: 1.0273
New best model found with validation loss: 1.0273
Epoch [98/1000], Training Loss: 0.9867
Validation Loss: 1.0271
New best model found with validation loss: 1.0271
Epoch [99/1000], Training Loss: 0.9871
Validation Loss: 1.0272
No improvement in validation loss. Early stop counter: 1/10
Epoch [100/1000], Training Loss: 0.9858
Validation Loss: 1.0272
No improvement in validation loss. Early stop counter: 2/10
Epoch [101/1000], Training Loss: 0.9857
Validation Loss: 1.0271
No improvement in validation loss. Early stop counter: 3/10
Epoch [102/1000], Training Loss: 0.9880
Validation Loss: 1.0271
New best model found with validation loss: 1.0271
Epoch [103/1000], Training Loss: 0.9872
Validation Loss: 1.0270
New best model found with validation loss: 1.0270
Epoch [104/1000], Training Loss: 0.9894
Validation Loss: 1.0270
New best model found with validation loss: 1.0270
Epoch [105/1000], Training Loss: 0.9873
Validation Loss: 1.0270
New best model found with validation loss: 1.0270
Epoch [106/1000], Training Loss: 0.9858
Validation Loss: 1.0269
New best model found with validation loss: 1.0269
Epoch [107/1000], Training Loss: 0.9885
Validation Loss: 1.0269
New best model found with validation loss: 1.0269
Epoch [108/1000], Training Loss: 0.9874
Validation Loss: 1.0270
No improvement in validation loss. Early stop counter: 1/10
Epoch [109/1000], Training Loss: 0.9896
Validation Loss: 1.0270
No improvement in validation loss. Early stop counter: 2/10
Epoch [110/1000], Training Loss: 0.9882
Validation Loss: 1.0269
No improvement in validation loss. Early stop counter: 3/10
Epoch [111/1000], Training Loss: 0.9876
Validation Loss: 1.0269
No improvement in validation loss. Early stop counter: 4/10
Epoch [112/1000], Training Loss: 0.9848
Validation Loss: 1.0270
No improvement in validation loss. Early stop counter: 5/10
Epoch [113/1000], Training Loss: 0.9841
Validation Loss: 1.0269
New best model found with validation loss: 1.0269
Epoch [114/1000], Training Loss: 0.9866
Validation Loss: 1.0268
New best model found with validation loss: 1.0268
Epoch [115/1000], Training Loss: 0.9861
Validation Loss: 1.0268
New best model found with validation loss: 1.0268
Epoch [116/1000], Training Loss: 0.9858
Validation Loss: 1.0268
No improvement in validation loss. Early stop counter: 1/10
Epoch [117/1000], Training Loss: 0.9852
Validation Loss: 1.0268
New best model found with validation loss: 1.0268
Epoch [118/1000], Training Loss: 0.9857
Validation Loss: 1.0267
New best model found with validation loss: 1.0267
Epoch [119/1000], Training Loss: 0.9841
Validation Loss: 1.0267
No improvement in validation loss. Early stop counter: 1/10
Epoch [120/1000], Training Loss: 0.9860
Validation Loss: 1.0268
No improvement in validation loss. Early stop counter: 2/10
Epoch [121/1000], Training Loss: 0.9865
Validation Loss: 1.0267
No improvement in validation loss. Early stop counter: 3/10
Epoch [122/1000], Training Loss: 0.9883
Validation Loss: 1.0268
No improvement in validation loss. Early stop counter: 4/10
Epoch [123/1000], Training Loss: 0.9832
Validation Loss: 1.0267
No improvement in validation loss. Early stop counter: 5/10
Epoch [124/1000], Training Loss: 0.9891
Validation Loss: 1.0268
No improvement in validation loss. Early stop counter: 6/10
Epoch [125/1000], Training Loss: 0.9851
Validation Loss: 1.0267
No improvement in validation loss. Early stop counter: 7/10
Epoch [126/1000], Training Loss: 0.9870
Validation Loss: 1.0268
No improvement in validation loss. Early stop counter: 8/10
Epoch [127/1000], Training Loss: 0.9855
Validation Loss: 1.0268
No improvement in validation loss. Early stop counter: 9/10
Epoch [128/1000], Training Loss: 0.9882
Validation Loss: 1.0267
New best model found with validation loss: 1.0267
Epoch [129/1000], Training Loss: 0.9859
Validation Loss: 1.0268
No improvement in validation loss. Early stop counter: 1/10
Epoch [130/1000], Training Loss: 0.9876
Validation Loss: 1.0267
New best model found with validation loss: 1.0267
Epoch [131/1000], Training Loss: 0.9830
Validation Loss: 1.0267
No improvement in validation loss. Early stop counter: 1/10
Epoch [132/1000], Training Loss: 0.9833
Validation Loss: 1.0267
New best model found with validation loss: 1.0267
Epoch [133/1000], Training Loss: 0.9860
Validation Loss: 1.0267
No improvement in validation loss. Early stop counter: 1/10
Epoch [134/1000], Training Loss: 0.9864
Validation Loss: 1.0267
No improvement in validation loss. Early stop counter: 2/10
Epoch [135/1000], Training Loss: 0.9857
Validation Loss: 1.0267
No improvement in validation loss. Early stop counter: 3/10
Epoch [136/1000], Training Loss: 0.9845
Validation Loss: 1.0267
No improvement in validation loss. Early stop counter: 4/10
Epoch [137/1000], Training Loss: 0.9846
Validation Loss: 1.0267
No improvement in validation loss. Early stop counter: 5/10
Epoch [138/1000], Training Loss: 0.9886
Validation Loss: 1.0267
No improvement in validation loss. Early stop counter: 6/10
Epoch [139/1000], Training Loss: 0.9859
Validation Loss: 1.0267
New best model found with validation loss: 1.0267
Epoch [140/1000], Training Loss: 0.9845
Validation Loss: 1.0267
No improvement in validation loss. Early stop counter: 1/10
Epoch [141/1000], Training Loss: 0.9850
Validation Loss: 1.0267
No improvement in validation loss. Early stop counter: 2/10
Epoch [142/1000], Training Loss: 0.9881
Validation Loss: 1.0267
No improvement in validation loss. Early stop counter: 3/10
Epoch [143/1000], Training Loss: 0.9865
Validation Loss: 1.0267
New best model found with validation loss: 1.0267
Epoch [144/1000], Training Loss: 0.9857
Validation Loss: 1.0267
No improvement in validation loss. Early stop counter: 1/10
Epoch [145/1000], Training Loss: 0.9868
Validation Loss: 1.0267
No improvement in validation loss. Early stop counter: 2/10
Epoch [146/1000], Training Loss: 0.9855
Validation Loss: 1.0267
No improvement in validation loss. Early stop counter: 3/10
Epoch [147/1000], Training Loss: 0.9858
Validation Loss: 1.0267
No improvement in validation loss. Early stop counter: 4/10
Epoch [148/1000], Training Loss: 0.9849
Validation Loss: 1.0267
No improvement in validation loss. Early stop counter: 5/10
Epoch [149/1000], Training Loss: 0.9867
Validation Loss: 1.0267
No improvement in validation loss. Early stop counter: 6/10
Epoch [150/1000], Training Loss: 0.9879
Validation Loss: 1.0267
New best model found with validation loss: 1.0267
Epoch [151/1000], Training Loss: 0.9865
Validation Loss: 1.0267
No improvement in validation loss. Early stop counter: 1/10
Epoch [152/1000], Training Loss: 0.9881
Validation Loss: 1.0267
No improvement in validation loss. Early stop counter: 2/10
Epoch [153/1000], Training Loss: 0.9895
Validation Loss: 1.0267
No improvement in validation loss. Early stop counter: 3/10
Epoch [154/1000], Training Loss: 0.9857
Validation Loss: 1.0267
No improvement in validation loss. Early stop counter: 4/10
Epoch [155/1000], Training Loss: 0.9849
Validation Loss: 1.0267
No improvement in validation loss. Early stop counter: 5/10
Epoch [156/1000], Training Loss: 0.9839
Validation Loss: 1.0267
No improvement in validation loss. Early stop counter: 6/10
Epoch [157/1000], Training Loss: 0.9855
Validation Loss: 1.0267
No improvement in validation loss. Early stop counter: 7/10
Epoch [158/1000], Training Loss: 0.9863
Validation Loss: 1.0267
No improvement in validation loss. Early stop counter: 8/10
Epoch [159/1000], Training Loss: 0.9847
Validation Loss: 1.0267
No improvement in validation loss. Early stop counter: 9/10
Epoch [160/1000], Training Loss: 0.9846
Validation Loss: 1.0267
No improvement in validation loss. Early stop counter: 10/10
Early stopping triggered after 160 epochs.
Best model for fold 5 saved successfully.

Cross-validation results:
Fold 1: Validation Loss = 1.0279
Fold 2: Validation Loss = 1.0107
Fold 3: Validation Loss = 1.0089
Fold 4: Validation Loss = 1.0247
Fold 5: Validation Loss = 1.0267
Average Validation Loss: 1.0198
