{'batch_size': 4, 'sequence_file': 'padded_sequences_train_filtered_3000.npz', 'data_file': 'padded_train_secondary_structure_filtered_3000.npz', 'edge_file': 'padded_edges_train_filtered_3000.npz', 'max_len': 3000, 'vocab_size': 23, 'embed_dim': 256, 'num_heads': 16, 'dropout': 0.1, 'num_layers': 1, 'num_gnn_layers': 2, 'num_int_layers': 1, 'num_classes': 8, 'num_epochs': 1000, 'learning_rate': 0.0001, 'max_grad_norm': 0.1, 'validation_split': 0.1, 'early_stop_patience': 10, 'initial_gradient_noise_std': 0.05, 'accumulation_steps': 2}
Number of GPUs available: 4

Starting Fold 1/5...
Initializing ClassificationModel with 2 GAT layers and residual connections...
Initializing MCModel with 2 GAT layers and 1 row attention layers...
Initializing CGModel with 2 GAT layers and residual connections...
Initializing CoreModel with 1 self-attention layers...
Using 4 GPUs with DataParallel.
Epoch [1/1000], Training Loss: 1.2772
Validation Loss: 1.1033
New best model found with validation loss: 1.1033
Epoch [2/1000], Training Loss: 1.0998
Validation Loss: 1.0385
New best model found with validation loss: 1.0385
Epoch [3/1000], Training Loss: 1.0397
Validation Loss: 1.0277
New best model found with validation loss: 1.0277
Epoch [4/1000], Training Loss: 1.0031
Validation Loss: 0.9617
New best model found with validation loss: 0.9617
Epoch [5/1000], Training Loss: 0.9731
Validation Loss: 0.9282
New best model found with validation loss: 0.9282
Epoch [6/1000], Training Loss: 0.9542
Validation Loss: 0.9716
No improvement in validation loss. Early stop counter: 1/10
Epoch [7/1000], Training Loss: 0.9383
Validation Loss: 0.9175
New best model found with validation loss: 0.9175
Epoch [8/1000], Training Loss: 0.9193
Validation Loss: 0.8938
New best model found with validation loss: 0.8938
Epoch [9/1000], Training Loss: 0.9037
Validation Loss: 0.8914
New best model found with validation loss: 0.8914
Epoch [10/1000], Training Loss: 0.8974
Validation Loss: 0.8666
New best model found with validation loss: 0.8666
Epoch [11/1000], Training Loss: 0.8785
Validation Loss: 0.8567
New best model found with validation loss: 0.8567
Epoch [12/1000], Training Loss: 0.8770
Validation Loss: 0.8486
New best model found with validation loss: 0.8486
Epoch [13/1000], Training Loss: 0.8643
Validation Loss: 0.8597
No improvement in validation loss. Early stop counter: 1/10
Epoch [14/1000], Training Loss: 0.8622
Validation Loss: 0.8360
New best model found with validation loss: 0.8360
Epoch [15/1000], Training Loss: 0.8554
Validation Loss: 0.8407
No improvement in validation loss. Early stop counter: 1/10
Epoch [16/1000], Training Loss: 0.8502
Validation Loss: 0.8231
New best model found with validation loss: 0.8231
Epoch [17/1000], Training Loss: 0.8462
Validation Loss: 0.8316
No improvement in validation loss. Early stop counter: 1/10
Epoch [18/1000], Training Loss: 0.8440
Validation Loss: 0.8182
New best model found with validation loss: 0.8182
Epoch [19/1000], Training Loss: 0.8374
Validation Loss: 0.8295
No improvement in validation loss. Early stop counter: 1/10
Epoch [20/1000], Training Loss: 0.8350
Validation Loss: 0.8193
No improvement in validation loss. Early stop counter: 2/10
Epoch [21/1000], Training Loss: 0.8262
Validation Loss: 0.8169
New best model found with validation loss: 0.8169
Epoch [22/1000], Training Loss: 0.8223
Validation Loss: 0.8102
New best model found with validation loss: 0.8102
Epoch [23/1000], Training Loss: 0.8218
Validation Loss: 0.8076
New best model found with validation loss: 0.8076
Epoch [24/1000], Training Loss: 0.8200
Validation Loss: 0.7987
New best model found with validation loss: 0.7987
Epoch [25/1000], Training Loss: 0.8182
Validation Loss: 0.8027
No improvement in validation loss. Early stop counter: 1/10
Epoch [26/1000], Training Loss: 0.8151
Validation Loss: 0.7949
New best model found with validation loss: 0.7949
Epoch [27/1000], Training Loss: 0.8143
Validation Loss: 0.7905
New best model found with validation loss: 0.7905
Epoch [28/1000], Training Loss: 0.8083
Validation Loss: 0.8092
No improvement in validation loss. Early stop counter: 1/10
Epoch [29/1000], Training Loss: 0.8054
Validation Loss: 0.8010
No improvement in validation loss. Early stop counter: 2/10
Epoch [30/1000], Training Loss: 0.8065
Validation Loss: 0.7971
No improvement in validation loss. Early stop counter: 3/10
Epoch [31/1000], Training Loss: 0.8031
Validation Loss: 0.7945
No improvement in validation loss. Early stop counter: 4/10
Epoch [32/1000], Training Loss: 0.7978
Validation Loss: 0.7970
No improvement in validation loss. Early stop counter: 5/10
Epoch [33/1000], Training Loss: 0.7981
Validation Loss: 0.7827
New best model found with validation loss: 0.7827
Epoch [34/1000], Training Loss: 0.7965
Validation Loss: 0.7831
No improvement in validation loss. Early stop counter: 1/10
Epoch [35/1000], Training Loss: 0.7960
Validation Loss: 0.8026
No improvement in validation loss. Early stop counter: 2/10
Epoch [36/1000], Training Loss: 0.7957
Validation Loss: 0.7843
No improvement in validation loss. Early stop counter: 3/10
Epoch [37/1000], Training Loss: 0.7929
Validation Loss: 0.7814
New best model found with validation loss: 0.7814
Epoch [38/1000], Training Loss: 0.7933
Validation Loss: 0.7867
No improvement in validation loss. Early stop counter: 1/10
Epoch [39/1000], Training Loss: 0.7913
Validation Loss: 0.7757
New best model found with validation loss: 0.7757
Epoch [40/1000], Training Loss: 0.7877
Validation Loss: 0.7794
No improvement in validation loss. Early stop counter: 1/10
Epoch [41/1000], Training Loss: 0.7871
Validation Loss: 0.7774
No improvement in validation loss. Early stop counter: 2/10
Epoch [42/1000], Training Loss: 0.7866
Validation Loss: 0.7717
New best model found with validation loss: 0.7717
Epoch [43/1000], Training Loss: 0.7845
Validation Loss: 0.7774
No improvement in validation loss. Early stop counter: 1/10
Epoch [44/1000], Training Loss: 0.7853
Validation Loss: 0.7707
New best model found with validation loss: 0.7707
Epoch [45/1000], Training Loss: 0.7839
Validation Loss: 0.7717
No improvement in validation loss. Early stop counter: 1/10
Epoch [46/1000], Training Loss: 0.7844
Validation Loss: 0.7781
No improvement in validation loss. Early stop counter: 2/10
Epoch [47/1000], Training Loss: 0.7834
Validation Loss: 0.7715
No improvement in validation loss. Early stop counter: 3/10
Epoch [48/1000], Training Loss: 0.7830
Validation Loss: 0.7805
No improvement in validation loss. Early stop counter: 4/10
Epoch [49/1000], Training Loss: 0.7845
Validation Loss: 0.7760
No improvement in validation loss. Early stop counter: 5/10
Epoch [50/1000], Training Loss: 0.7818
Validation Loss: 0.7757
No improvement in validation loss. Early stop counter: 6/10
Epoch [51/1000], Training Loss: 0.7797
Validation Loss: 0.7730
No improvement in validation loss. Early stop counter: 7/10
Epoch [52/1000], Training Loss: 0.7811
Validation Loss: 0.7695
New best model found with validation loss: 0.7695
Epoch [53/1000], Training Loss: 0.7804
Validation Loss: 0.7756
No improvement in validation loss. Early stop counter: 1/10
Epoch [54/1000], Training Loss: 0.7784
Validation Loss: 0.7753
No improvement in validation loss. Early stop counter: 2/10
Epoch [55/1000], Training Loss: 0.7763
Validation Loss: 0.7684
New best model found with validation loss: 0.7684
Epoch [56/1000], Training Loss: 0.7772
Validation Loss: 0.7688
No improvement in validation loss. Early stop counter: 1/10
Epoch [57/1000], Training Loss: 0.7765
Validation Loss: 0.7692
No improvement in validation loss. Early stop counter: 2/10
Epoch [58/1000], Training Loss: 0.7795
Validation Loss: 0.7666
New best model found with validation loss: 0.7666
Epoch [59/1000], Training Loss: 0.7766
Validation Loss: 0.7708
No improvement in validation loss. Early stop counter: 1/10
Epoch [60/1000], Training Loss: 0.7771
Validation Loss: 0.7663
New best model found with validation loss: 0.7663
Epoch [61/1000], Training Loss: 0.7785
Validation Loss: 0.7682
No improvement in validation loss. Early stop counter: 1/10
Epoch [62/1000], Training Loss: 0.7763
Validation Loss: 0.7674
No improvement in validation loss. Early stop counter: 2/10
Epoch [63/1000], Training Loss: 0.7777
Validation Loss: 0.7680
No improvement in validation loss. Early stop counter: 3/10
Epoch [64/1000], Training Loss: 0.7770
Validation Loss: 0.7728
No improvement in validation loss. Early stop counter: 4/10
Epoch [65/1000], Training Loss: 0.7758
Validation Loss: 0.7710
No improvement in validation loss. Early stop counter: 5/10
Epoch [66/1000], Training Loss: 0.7754
Validation Loss: 0.7722
No improvement in validation loss. Early stop counter: 6/10
Epoch [67/1000], Training Loss: 0.7760
Validation Loss: 0.7690
No improvement in validation loss. Early stop counter: 7/10
Epoch [68/1000], Training Loss: 0.7727
Validation Loss: 0.7689
No improvement in validation loss. Early stop counter: 8/10
Epoch [69/1000], Training Loss: 0.7758
Validation Loss: 0.7668
No improvement in validation loss. Early stop counter: 9/10
Epoch [70/1000], Training Loss: 0.7746
Validation Loss: 0.7684
No improvement in validation loss. Early stop counter: 10/10
Early stopping triggered after 70 epochs.
Best model for fold 1 saved successfully.

Starting Fold 2/5...
Initializing ClassificationModel with 2 GAT layers and residual connections...
Initializing MCModel with 2 GAT layers and 1 row attention layers...
Initializing CGModel with 2 GAT layers and residual connections...
Initializing CoreModel with 1 self-attention layers...
Using 4 GPUs with DataParallel.
Epoch [1/1000], Training Loss: 1.2520
Validation Loss: 1.1018
New best model found with validation loss: 1.1018
Epoch [2/1000], Training Loss: 1.0840
Validation Loss: 1.0372
New best model found with validation loss: 1.0372
Epoch [3/1000], Training Loss: 1.0295
Validation Loss: 0.9855
New best model found with validation loss: 0.9855
Epoch [4/1000], Training Loss: 0.9980
Validation Loss: 0.9500
New best model found with validation loss: 0.9500
Epoch [5/1000], Training Loss: 0.9721
Validation Loss: 0.9523
No improvement in validation loss. Early stop counter: 1/10
Epoch [6/1000], Training Loss: 0.9556
Validation Loss: 0.9386
New best model found with validation loss: 0.9386
Epoch [7/1000], Training Loss: 0.9387
Validation Loss: 0.9049
New best model found with validation loss: 0.9049
Epoch [8/1000], Training Loss: 0.9246
Validation Loss: 0.8912
New best model found with validation loss: 0.8912
Epoch [9/1000], Training Loss: 0.9128
Validation Loss: 0.8855
New best model found with validation loss: 0.8855
Epoch [10/1000], Training Loss: 0.9027
Validation Loss: 0.8734
New best model found with validation loss: 0.8734
Epoch [11/1000], Training Loss: 0.8839
Validation Loss: 0.8557
New best model found with validation loss: 0.8557
Epoch [12/1000], Training Loss: 0.8750
Validation Loss: 0.8533
New best model found with validation loss: 0.8533
Epoch [13/1000], Training Loss: 0.8691
Validation Loss: 0.8574
No improvement in validation loss. Early stop counter: 1/10
Epoch [14/1000], Training Loss: 0.8643
Validation Loss: 0.8549
No improvement in validation loss. Early stop counter: 2/10
Epoch [15/1000], Training Loss: 0.8586
Validation Loss: 0.8353
New best model found with validation loss: 0.8353
Epoch [16/1000], Training Loss: 0.8521
Validation Loss: 0.8495
No improvement in validation loss. Early stop counter: 1/10
Epoch [17/1000], Training Loss: 0.8487
Validation Loss: 0.8272
New best model found with validation loss: 0.8272
Epoch [18/1000], Training Loss: 0.8413
Validation Loss: 0.8267
New best model found with validation loss: 0.8267
Epoch [19/1000], Training Loss: 0.8384
Validation Loss: 0.8358
No improvement in validation loss. Early stop counter: 1/10
Epoch [20/1000], Training Loss: 0.8325
Validation Loss: 0.8092
New best model found with validation loss: 0.8092
Epoch [21/1000], Training Loss: 0.8265
Validation Loss: 0.8142
No improvement in validation loss. Early stop counter: 1/10
Epoch [22/1000], Training Loss: 0.8242
Validation Loss: 0.8143
No improvement in validation loss. Early stop counter: 2/10
Epoch [23/1000], Training Loss: 0.8210
Validation Loss: 0.8067
New best model found with validation loss: 0.8067
Epoch [24/1000], Training Loss: 0.8205
Validation Loss: 0.8089
No improvement in validation loss. Early stop counter: 1/10
Epoch [25/1000], Training Loss: 0.8154
Validation Loss: 0.7963
New best model found with validation loss: 0.7963
Epoch [26/1000], Training Loss: 0.8131
Validation Loss: 0.7894
New best model found with validation loss: 0.7894
Epoch [27/1000], Training Loss: 0.8107
Validation Loss: 0.7956
No improvement in validation loss. Early stop counter: 1/10
Epoch [28/1000], Training Loss: 0.8086
Validation Loss: 0.7888
New best model found with validation loss: 0.7888
Epoch [29/1000], Training Loss: 0.8066
Validation Loss: 0.7918
No improvement in validation loss. Early stop counter: 1/10
Epoch [30/1000], Training Loss: 0.8022
Validation Loss: 0.7923
No improvement in validation loss. Early stop counter: 2/10
Epoch [31/1000], Training Loss: 0.7985
Validation Loss: 0.7842
New best model found with validation loss: 0.7842
Epoch [32/1000], Training Loss: 0.7981
Validation Loss: 0.7773
New best model found with validation loss: 0.7773
Epoch [33/1000], Training Loss: 0.7965
Validation Loss: 0.7835
No improvement in validation loss. Early stop counter: 1/10
Epoch [34/1000], Training Loss: 0.7966
Validation Loss: 0.7893
No improvement in validation loss. Early stop counter: 2/10
Epoch [35/1000], Training Loss: 0.7923
Validation Loss: 0.7893
No improvement in validation loss. Early stop counter: 3/10
Epoch [36/1000], Training Loss: 0.7933
Validation Loss: 0.7819
No improvement in validation loss. Early stop counter: 4/10
Epoch [37/1000], Training Loss: 0.7931
Validation Loss: 0.7783
No improvement in validation loss. Early stop counter: 5/10
Epoch [38/1000], Training Loss: 0.7883
Validation Loss: 0.7852
No improvement in validation loss. Early stop counter: 6/10
Epoch [39/1000], Training Loss: 0.7890
Validation Loss: 0.7710
New best model found with validation loss: 0.7710
Epoch [40/1000], Training Loss: 0.7899
Validation Loss: 0.7705
New best model found with validation loss: 0.7705
Epoch [41/1000], Training Loss: 0.7875
Validation Loss: 0.7744
No improvement in validation loss. Early stop counter: 1/10
Epoch [42/1000], Training Loss: 0.7837
Validation Loss: 0.7722
No improvement in validation loss. Early stop counter: 2/10
Epoch [43/1000], Training Loss: 0.7815
Validation Loss: 0.7775
No improvement in validation loss. Early stop counter: 3/10
Epoch [44/1000], Training Loss: 0.7817
Validation Loss: 0.7710
No improvement in validation loss. Early stop counter: 4/10
Epoch [45/1000], Training Loss: 0.7790
Validation Loss: 0.7747
No improvement in validation loss. Early stop counter: 5/10
Epoch [46/1000], Training Loss: 0.7832
Validation Loss: 0.7737
No improvement in validation loss. Early stop counter: 6/10
Epoch [47/1000], Training Loss: 0.7823
Validation Loss: 0.7687
New best model found with validation loss: 0.7687
Epoch [48/1000], Training Loss: 0.7802
Validation Loss: 0.7734
No improvement in validation loss. Early stop counter: 1/10
Epoch [49/1000], Training Loss: 0.7821
Validation Loss: 0.7726
No improvement in validation loss. Early stop counter: 2/10
Epoch [50/1000], Training Loss: 0.7800
Validation Loss: 0.7750
No improvement in validation loss. Early stop counter: 3/10
Epoch [51/1000], Training Loss: 0.7775
Validation Loss: 0.7658
New best model found with validation loss: 0.7658
Epoch [52/1000], Training Loss: 0.7787
Validation Loss: 0.7699
No improvement in validation loss. Early stop counter: 1/10
Epoch [53/1000], Training Loss: 0.7776
Validation Loss: 0.7744
No improvement in validation loss. Early stop counter: 2/10
Epoch [54/1000], Training Loss: 0.7791
Validation Loss: 0.7716
No improvement in validation loss. Early stop counter: 3/10
Epoch [55/1000], Training Loss: 0.7784
Validation Loss: 0.7682
No improvement in validation loss. Early stop counter: 4/10
Epoch [56/1000], Training Loss: 0.7773
Validation Loss: 0.7682
No improvement in validation loss. Early stop counter: 5/10
Epoch [57/1000], Training Loss: 0.7753
Validation Loss: 0.7660
No improvement in validation loss. Early stop counter: 6/10
Epoch [58/1000], Training Loss: 0.7766
Validation Loss: 0.7656
New best model found with validation loss: 0.7656
Epoch [59/1000], Training Loss: 0.7775
Validation Loss: 0.7678
No improvement in validation loss. Early stop counter: 1/10
Epoch [60/1000], Training Loss: 0.7750
Validation Loss: 0.7674
No improvement in validation loss. Early stop counter: 2/10
Epoch [61/1000], Training Loss: 0.7722
Validation Loss: 0.7690
No improvement in validation loss. Early stop counter: 3/10
Epoch [62/1000], Training Loss: 0.7721
Validation Loss: 0.7671
No improvement in validation loss. Early stop counter: 4/10
Epoch [63/1000], Training Loss: 0.7750
Validation Loss: 0.7721
No improvement in validation loss. Early stop counter: 5/10
Epoch [64/1000], Training Loss: 0.7718
Validation Loss: 0.7670
No improvement in validation loss. Early stop counter: 6/10
Epoch [65/1000], Training Loss: 0.7757
Validation Loss: 0.7693
No improvement in validation loss. Early stop counter: 7/10
Epoch [66/1000], Training Loss: 0.7729
Validation Loss: 0.7634
New best model found with validation loss: 0.7634
Epoch [67/1000], Training Loss: 0.7759
Validation Loss: 0.7664
No improvement in validation loss. Early stop counter: 1/10
Epoch [68/1000], Training Loss: 0.7749
Validation Loss: 0.7692
No improvement in validation loss. Early stop counter: 2/10
Epoch [69/1000], Training Loss: 0.7752
Validation Loss: 0.7699
No improvement in validation loss. Early stop counter: 3/10
Epoch [70/1000], Training Loss: 0.7725
Validation Loss: 0.7664
No improvement in validation loss. Early stop counter: 4/10
Epoch [71/1000], Training Loss: 0.7749
Validation Loss: 0.7652
No improvement in validation loss. Early stop counter: 5/10
Epoch [72/1000], Training Loss: 0.7724
Validation Loss: 0.7664
No improvement in validation loss. Early stop counter: 6/10
Epoch [73/1000], Training Loss: 0.7735
Validation Loss: 0.7636
No improvement in validation loss. Early stop counter: 7/10
Epoch [74/1000], Training Loss: 0.7720
Validation Loss: 0.7648
No improvement in validation loss. Early stop counter: 8/10
Epoch [75/1000], Training Loss: 0.7735
Validation Loss: 0.7654
No improvement in validation loss. Early stop counter: 9/10
Epoch [76/1000], Training Loss: 0.7715
Validation Loss: 0.7640
No improvement in validation loss. Early stop counter: 10/10
Early stopping triggered after 76 epochs.
Best model for fold 2 saved successfully.

Starting Fold 3/5...
Initializing ClassificationModel with 2 GAT layers and residual connections...
Initializing MCModel with 2 GAT layers and 1 row attention layers...
Initializing CGModel with 2 GAT layers and residual connections...
Initializing CoreModel with 1 self-attention layers...
Using 4 GPUs with DataParallel.
Epoch [1/1000], Training Loss: 1.2907
Validation Loss: 1.1170
New best model found with validation loss: 1.1170
Epoch [2/1000], Training Loss: 1.0914
Validation Loss: 1.0554
New best model found with validation loss: 1.0554
Epoch [3/1000], Training Loss: 1.0270
Validation Loss: 0.9902
New best model found with validation loss: 0.9902
Epoch [4/1000], Training Loss: 0.9913
Validation Loss: 0.9487
New best model found with validation loss: 0.9487
Epoch [5/1000], Training Loss: 0.9631
Validation Loss: 0.9276
New best model found with validation loss: 0.9276
Epoch [6/1000], Training Loss: 0.9471
Validation Loss: 0.9162
New best model found with validation loss: 0.9162
Epoch [7/1000], Training Loss: 0.9269
Validation Loss: 0.9042
New best model found with validation loss: 0.9042
Epoch [8/1000], Training Loss: 0.9205
Validation Loss: 0.8871
New best model found with validation loss: 0.8871
Epoch [9/1000], Training Loss: 0.9073
Validation Loss: 0.9012
No improvement in validation loss. Early stop counter: 1/10
Epoch [10/1000], Training Loss: 0.8939
Validation Loss: 0.8666
New best model found with validation loss: 0.8666
Epoch [11/1000], Training Loss: 0.8758
Validation Loss: 0.8587
New best model found with validation loss: 0.8587
Epoch [12/1000], Training Loss: 0.8724
Validation Loss: 0.8480
New best model found with validation loss: 0.8480
Epoch [13/1000], Training Loss: 0.8625
Validation Loss: 0.8501
No improvement in validation loss. Early stop counter: 1/10
Epoch [14/1000], Training Loss: 0.8606
Validation Loss: 0.8368
New best model found with validation loss: 0.8368
Epoch [15/1000], Training Loss: 0.8557
Validation Loss: 0.8550
No improvement in validation loss. Early stop counter: 1/10
Epoch [16/1000], Training Loss: 0.8503
Validation Loss: 0.8312
New best model found with validation loss: 0.8312
Epoch [17/1000], Training Loss: 0.8440
Validation Loss: 0.8240
New best model found with validation loss: 0.8240
Epoch [18/1000], Training Loss: 0.8416
Validation Loss: 0.8314
No improvement in validation loss. Early stop counter: 1/10
Epoch [19/1000], Training Loss: 0.8377
Validation Loss: 0.8275
No improvement in validation loss. Early stop counter: 2/10
Epoch [20/1000], Training Loss: 0.8329
Validation Loss: 0.8207
New best model found with validation loss: 0.8207
Epoch [21/1000], Training Loss: 0.8222
Validation Loss: 0.8204
New best model found with validation loss: 0.8204
Epoch [22/1000], Training Loss: 0.8224
Validation Loss: 0.8167
New best model found with validation loss: 0.8167
Epoch [23/1000], Training Loss: 0.8187
Validation Loss: 0.8021
New best model found with validation loss: 0.8021
Epoch [24/1000], Training Loss: 0.8167
Validation Loss: 0.8053
No improvement in validation loss. Early stop counter: 1/10
Epoch [25/1000], Training Loss: 0.8150
Validation Loss: 0.8105
No improvement in validation loss. Early stop counter: 2/10
Epoch [26/1000], Training Loss: 0.8115
Validation Loss: 0.8017
New best model found with validation loss: 0.8017
Epoch [27/1000], Training Loss: 0.8097
Validation Loss: 0.8143
No improvement in validation loss. Early stop counter: 1/10
Epoch [28/1000], Training Loss: 0.8080
Validation Loss: 0.8120
No improvement in validation loss. Early stop counter: 2/10
Epoch [29/1000], Training Loss: 0.8064
Validation Loss: 0.7941
New best model found with validation loss: 0.7941
Epoch [30/1000], Training Loss: 0.8024
Validation Loss: 0.8000
No improvement in validation loss. Early stop counter: 1/10
Epoch [31/1000], Training Loss: 0.8004
Validation Loss: 0.8025
No improvement in validation loss. Early stop counter: 2/10
Epoch [32/1000], Training Loss: 0.7976
Validation Loss: 0.8060
No improvement in validation loss. Early stop counter: 3/10
Epoch [33/1000], Training Loss: 0.7956
Validation Loss: 0.7904
New best model found with validation loss: 0.7904
Epoch [34/1000], Training Loss: 0.7934
Validation Loss: 0.7882
New best model found with validation loss: 0.7882
Epoch [35/1000], Training Loss: 0.7970
Validation Loss: 0.7936
No improvement in validation loss. Early stop counter: 1/10
Epoch [36/1000], Training Loss: 0.7935
Validation Loss: 0.7904
No improvement in validation loss. Early stop counter: 2/10
Epoch [37/1000], Training Loss: 0.7908
Validation Loss: 0.7917
No improvement in validation loss. Early stop counter: 3/10
Epoch [38/1000], Training Loss: 0.7927
Validation Loss: 0.7878
New best model found with validation loss: 0.7878
Epoch [39/1000], Training Loss: 0.7899
Validation Loss: 0.7979
No improvement in validation loss. Early stop counter: 1/10
Epoch [40/1000], Training Loss: 0.7888
Validation Loss: 0.7875
New best model found with validation loss: 0.7875
Epoch [41/1000], Training Loss: 0.7854
Validation Loss: 0.7891
No improvement in validation loss. Early stop counter: 1/10
Epoch [42/1000], Training Loss: 0.7859
Validation Loss: 0.7809
New best model found with validation loss: 0.7809
Epoch [43/1000], Training Loss: 0.7835
Validation Loss: 0.7858
No improvement in validation loss. Early stop counter: 1/10
Epoch [44/1000], Training Loss: 0.7832
Validation Loss: 0.7852
No improvement in validation loss. Early stop counter: 2/10
Epoch [45/1000], Training Loss: 0.7849
Validation Loss: 0.7855
No improvement in validation loss. Early stop counter: 3/10
Epoch [46/1000], Training Loss: 0.7822
Validation Loss: 0.7810
No improvement in validation loss. Early stop counter: 4/10
Epoch [47/1000], Training Loss: 0.7827
Validation Loss: 0.7776
New best model found with validation loss: 0.7776
Epoch [48/1000], Training Loss: 0.7821
Validation Loss: 0.7834
No improvement in validation loss. Early stop counter: 1/10
Epoch [49/1000], Training Loss: 0.7816
Validation Loss: 0.7824
No improvement in validation loss. Early stop counter: 2/10
Epoch [50/1000], Training Loss: 0.7812
Validation Loss: 0.7806
No improvement in validation loss. Early stop counter: 3/10
Epoch [51/1000], Training Loss: 0.7775
Validation Loss: 0.7880
No improvement in validation loss. Early stop counter: 4/10
Epoch [52/1000], Training Loss: 0.7778
Validation Loss: 0.7809
No improvement in validation loss. Early stop counter: 5/10
Epoch [53/1000], Training Loss: 0.7778
Validation Loss: 0.7755
New best model found with validation loss: 0.7755
Epoch [54/1000], Training Loss: 0.7777
Validation Loss: 0.7792
No improvement in validation loss. Early stop counter: 1/10
Epoch [55/1000], Training Loss: 0.7777
Validation Loss: 0.7798
No improvement in validation loss. Early stop counter: 2/10
Epoch [56/1000], Training Loss: 0.7799
Validation Loss: 0.7768
No improvement in validation loss. Early stop counter: 3/10
Epoch [57/1000], Training Loss: 0.7774
Validation Loss: 0.7787
No improvement in validation loss. Early stop counter: 4/10
Epoch [58/1000], Training Loss: 0.7768
Validation Loss: 0.7763
No improvement in validation loss. Early stop counter: 5/10
Epoch [59/1000], Training Loss: 0.7779
Validation Loss: 0.7801
No improvement in validation loss. Early stop counter: 6/10
Epoch [60/1000], Training Loss: 0.7772
Validation Loss: 0.7744
New best model found with validation loss: 0.7744
Epoch [61/1000], Training Loss: 0.7724
Validation Loss: 0.7766
No improvement in validation loss. Early stop counter: 1/10
Epoch [62/1000], Training Loss: 0.7748
Validation Loss: 0.7770
No improvement in validation loss. Early stop counter: 2/10
Epoch [63/1000], Training Loss: 0.7755
Validation Loss: 0.7757
No improvement in validation loss. Early stop counter: 3/10
Epoch [64/1000], Training Loss: 0.7759
Validation Loss: 0.7761
No improvement in validation loss. Early stop counter: 4/10
Epoch [65/1000], Training Loss: 0.7757
Validation Loss: 0.7760
No improvement in validation loss. Early stop counter: 5/10
Epoch [66/1000], Training Loss: 0.7766
Validation Loss: 0.7773
No improvement in validation loss. Early stop counter: 6/10
Epoch [67/1000], Training Loss: 0.7756
Validation Loss: 0.7752
No improvement in validation loss. Early stop counter: 7/10
Epoch [68/1000], Training Loss: 0.7745
Validation Loss: 0.7767
No improvement in validation loss. Early stop counter: 8/10
Epoch [69/1000], Training Loss: 0.7770
Validation Loss: 0.7770
No improvement in validation loss. Early stop counter: 9/10
Epoch [70/1000], Training Loss: 0.7747
Validation Loss: 0.7746
No improvement in validation loss. Early stop counter: 10/10
Early stopping triggered after 70 epochs.
Best model for fold 3 saved successfully.

Starting Fold 4/5...
Initializing ClassificationModel with 2 GAT layers and residual connections...
Initializing MCModel with 2 GAT layers and 1 row attention layers...
Initializing CGModel with 2 GAT layers and residual connections...
Initializing CoreModel with 1 self-attention layers...
Using 4 GPUs with DataParallel.
Epoch [1/1000], Training Loss: 1.2845
Validation Loss: 1.1286
New best model found with validation loss: 1.1286
Epoch [2/1000], Training Loss: 1.0887
Validation Loss: 1.0274
New best model found with validation loss: 1.0274
Epoch [3/1000], Training Loss: 1.0255
Validation Loss: 0.9766
New best model found with validation loss: 0.9766
Epoch [4/1000], Training Loss: 0.9913
Validation Loss: 0.9423
New best model found with validation loss: 0.9423
Epoch [5/1000], Training Loss: 0.9643
Validation Loss: 0.9508
No improvement in validation loss. Early stop counter: 1/10
Epoch [6/1000], Training Loss: 0.9438
Validation Loss: 0.9143
New best model found with validation loss: 0.9143
Epoch [7/1000], Training Loss: 0.9326
Validation Loss: 0.8974
New best model found with validation loss: 0.8974
Epoch [8/1000], Training Loss: 0.9161
Validation Loss: 0.8856
New best model found with validation loss: 0.8856
Epoch [9/1000], Training Loss: 0.9057
Validation Loss: 0.8610
New best model found with validation loss: 0.8610
Epoch [10/1000], Training Loss: 0.8916
Validation Loss: 0.8644
No improvement in validation loss. Early stop counter: 1/10
Epoch [11/1000], Training Loss: 0.8763
Validation Loss: 0.8570
New best model found with validation loss: 0.8570
Epoch [12/1000], Training Loss: 0.8684
Validation Loss: 0.8489
New best model found with validation loss: 0.8489
Epoch [13/1000], Training Loss: 0.8636
Validation Loss: 0.8364
New best model found with validation loss: 0.8364
Epoch [14/1000], Training Loss: 0.8567
Validation Loss: 0.8228
New best model found with validation loss: 0.8228
Epoch [15/1000], Training Loss: 0.8489
Validation Loss: 0.8231
No improvement in validation loss. Early stop counter: 1/10
Epoch [16/1000], Training Loss: 0.8513
Validation Loss: 0.8550
No improvement in validation loss. Early stop counter: 2/10
Epoch [17/1000], Training Loss: 0.8450
Validation Loss: 0.8490
No improvement in validation loss. Early stop counter: 3/10
Epoch [18/1000], Training Loss: 0.8411
Validation Loss: 0.8326
No improvement in validation loss. Early stop counter: 4/10
Epoch [19/1000], Training Loss: 0.8387
Validation Loss: 0.8106
New best model found with validation loss: 0.8106
Epoch [20/1000], Training Loss: 0.8311
Validation Loss: 0.8016
New best model found with validation loss: 0.8016
Epoch [21/1000], Training Loss: 0.8257
Validation Loss: 0.8060
No improvement in validation loss. Early stop counter: 1/10
Epoch [22/1000], Training Loss: 0.8215
Validation Loss: 0.8074
No improvement in validation loss. Early stop counter: 2/10
Epoch [23/1000], Training Loss: 0.8184
Validation Loss: 0.8007
New best model found with validation loss: 0.8007
Epoch [24/1000], Training Loss: 0.8150
Validation Loss: 0.7911
New best model found with validation loss: 0.7911
Epoch [25/1000], Training Loss: 0.8134
Validation Loss: 0.7967
No improvement in validation loss. Early stop counter: 1/10
Epoch [26/1000], Training Loss: 0.8102
Validation Loss: 0.7985
No improvement in validation loss. Early stop counter: 2/10
Epoch [27/1000], Training Loss: 0.8076
Validation Loss: 0.8122
No improvement in validation loss. Early stop counter: 3/10
Epoch [28/1000], Training Loss: 0.8049
Validation Loss: 0.7834
New best model found with validation loss: 0.7834
Epoch [29/1000], Training Loss: 0.8076
Validation Loss: 0.7826
New best model found with validation loss: 0.7826
Epoch [30/1000], Training Loss: 0.8024
Validation Loss: 0.7889
No improvement in validation loss. Early stop counter: 1/10
Epoch [31/1000], Training Loss: 0.8005
Validation Loss: 0.7762
New best model found with validation loss: 0.7762
Epoch [32/1000], Training Loss: 0.7975
Validation Loss: 0.7874
No improvement in validation loss. Early stop counter: 1/10
Epoch [33/1000], Training Loss: 0.7941
Validation Loss: 0.7842
No improvement in validation loss. Early stop counter: 2/10
Epoch [34/1000], Training Loss: 0.7943
Validation Loss: 0.7721
New best model found with validation loss: 0.7721
Epoch [35/1000], Training Loss: 0.7920
Validation Loss: 0.7811
No improvement in validation loss. Early stop counter: 1/10
Epoch [36/1000], Training Loss: 0.7920
Validation Loss: 0.7766
No improvement in validation loss. Early stop counter: 2/10
Epoch [37/1000], Training Loss: 0.7901
Validation Loss: 0.7724
No improvement in validation loss. Early stop counter: 3/10
Epoch [38/1000], Training Loss: 0.7912
Validation Loss: 0.7678
New best model found with validation loss: 0.7678
Epoch [39/1000], Training Loss: 0.7872
Validation Loss: 0.7751
No improvement in validation loss. Early stop counter: 1/10
Epoch [40/1000], Training Loss: 0.7871
Validation Loss: 0.7785
No improvement in validation loss. Early stop counter: 2/10
Epoch [41/1000], Training Loss: 0.7831
Validation Loss: 0.7749
No improvement in validation loss. Early stop counter: 3/10
Epoch [42/1000], Training Loss: 0.7814
Validation Loss: 0.7673
New best model found with validation loss: 0.7673
Epoch [43/1000], Training Loss: 0.7820
Validation Loss: 0.7693
No improvement in validation loss. Early stop counter: 1/10
Epoch [44/1000], Training Loss: 0.7826
Validation Loss: 0.7645
New best model found with validation loss: 0.7645
Epoch [45/1000], Training Loss: 0.7824
Validation Loss: 0.7720
No improvement in validation loss. Early stop counter: 1/10
Epoch [46/1000], Training Loss: 0.7813
Validation Loss: 0.7689
No improvement in validation loss. Early stop counter: 2/10
Epoch [47/1000], Training Loss: 0.7799
Validation Loss: 0.7764
No improvement in validation loss. Early stop counter: 3/10
Epoch [48/1000], Training Loss: 0.7802
Validation Loss: 0.7635
New best model found with validation loss: 0.7635
Epoch [49/1000], Training Loss: 0.7800
Validation Loss: 0.7766
No improvement in validation loss. Early stop counter: 1/10
Epoch [50/1000], Training Loss: 0.7800
Validation Loss: 0.7650
No improvement in validation loss. Early stop counter: 2/10
Epoch [51/1000], Training Loss: 0.7759
Validation Loss: 0.7671
No improvement in validation loss. Early stop counter: 3/10
Epoch [52/1000], Training Loss: 0.7766
Validation Loss: 0.7677
No improvement in validation loss. Early stop counter: 4/10
Epoch [53/1000], Training Loss: 0.7761
Validation Loss: 0.7679
No improvement in validation loss. Early stop counter: 5/10
Epoch [54/1000], Training Loss: 0.7744
Validation Loss: 0.7681
No improvement in validation loss. Early stop counter: 6/10
Epoch [55/1000], Training Loss: 0.7776
Validation Loss: 0.7636
No improvement in validation loss. Early stop counter: 7/10
Epoch [56/1000], Training Loss: 0.7764
Validation Loss: 0.7645
No improvement in validation loss. Early stop counter: 8/10
Epoch [57/1000], Training Loss: 0.7760
Validation Loss: 0.7653
No improvement in validation loss. Early stop counter: 9/10
Epoch [58/1000], Training Loss: 0.7756
Validation Loss: 0.7649
No improvement in validation loss. Early stop counter: 10/10
Early stopping triggered after 58 epochs.
Best model for fold 4 saved successfully.

Starting Fold 5/5...
Initializing ClassificationModel with 2 GAT layers and residual connections...
Initializing MCModel with 2 GAT layers and 1 row attention layers...
Initializing CGModel with 2 GAT layers and residual connections...
Initializing CoreModel with 1 self-attention layers...
Using 4 GPUs with DataParallel.
Epoch [1/1000], Training Loss: 1.3046
Validation Loss: 1.1452
New best model found with validation loss: 1.1452
Epoch [2/1000], Training Loss: 1.1188
Validation Loss: 1.0656
New best model found with validation loss: 1.0656
Epoch [3/1000], Training Loss: 1.0576
Validation Loss: 1.0348
New best model found with validation loss: 1.0348
Epoch [4/1000], Training Loss: 1.0159
Validation Loss: 0.9881
New best model found with validation loss: 0.9881
Epoch [5/1000], Training Loss: 0.9888
Validation Loss: 0.9668
New best model found with validation loss: 0.9668
Epoch [6/1000], Training Loss: 0.9644
Validation Loss: 0.9305
New best model found with validation loss: 0.9305
Epoch [7/1000], Training Loss: 0.9442
Validation Loss: 0.9421
No improvement in validation loss. Early stop counter: 1/10
Epoch [8/1000], Training Loss: 0.9273
Validation Loss: 0.9102
New best model found with validation loss: 0.9102
Epoch [9/1000], Training Loss: 0.9171
Validation Loss: 0.9056
New best model found with validation loss: 0.9056
Epoch [10/1000], Training Loss: 0.9026
Validation Loss: 0.8877
New best model found with validation loss: 0.8877
Epoch [11/1000], Training Loss: 0.8868
Validation Loss: 0.8928
No improvement in validation loss. Early stop counter: 1/10
Epoch [12/1000], Training Loss: 0.8791
Validation Loss: 0.8694
New best model found with validation loss: 0.8694
Epoch [13/1000], Training Loss: 0.8725
Validation Loss: 0.8847
No improvement in validation loss. Early stop counter: 1/10
Epoch [14/1000], Training Loss: 0.8708
Validation Loss: 0.8515
New best model found with validation loss: 0.8515
Epoch [15/1000], Training Loss: 0.8618
Validation Loss: 0.8610
No improvement in validation loss. Early stop counter: 1/10
Epoch [16/1000], Training Loss: 0.8626
Validation Loss: 0.8423
New best model found with validation loss: 0.8423
Epoch [17/1000], Training Loss: 0.8510
Validation Loss: 0.8446
No improvement in validation loss. Early stop counter: 1/10
Epoch [18/1000], Training Loss: 0.8476
Validation Loss: 0.8305
New best model found with validation loss: 0.8305
Epoch [19/1000], Training Loss: 0.8417
Validation Loss: 0.8351
No improvement in validation loss. Early stop counter: 1/10
Epoch [20/1000], Training Loss: 0.8389
Validation Loss: 0.8203
New best model found with validation loss: 0.8203
Epoch [21/1000], Training Loss: 0.8308
Validation Loss: 0.8167
New best model found with validation loss: 0.8167
Epoch [22/1000], Training Loss: 0.8269
Validation Loss: 0.8204
No improvement in validation loss. Early stop counter: 1/10
Epoch [23/1000], Training Loss: 0.8250
Validation Loss: 0.8260
No improvement in validation loss. Early stop counter: 2/10
Epoch [24/1000], Training Loss: 0.8221
Validation Loss: 0.8146
New best model found with validation loss: 0.8146
Epoch [25/1000], Training Loss: 0.8179
Validation Loss: 0.8171
No improvement in validation loss. Early stop counter: 1/10
Epoch [26/1000], Training Loss: 0.8150
Validation Loss: 0.8104
New best model found with validation loss: 0.8104
Epoch [27/1000], Training Loss: 0.8126
Validation Loss: 0.8128
No improvement in validation loss. Early stop counter: 1/10
Epoch [28/1000], Training Loss: 0.8100
Validation Loss: 0.8083
New best model found with validation loss: 0.8083
Epoch [29/1000], Training Loss: 0.8113
Validation Loss: 0.8097
No improvement in validation loss. Early stop counter: 1/10
Epoch [30/1000], Training Loss: 0.8076
Validation Loss: 0.8085
No improvement in validation loss. Early stop counter: 2/10
Epoch [31/1000], Training Loss: 0.8029
Validation Loss: 0.7956
New best model found with validation loss: 0.7956
Epoch [32/1000], Training Loss: 0.8002
Validation Loss: 0.7992
No improvement in validation loss. Early stop counter: 1/10
Epoch [33/1000], Training Loss: 0.8010
Validation Loss: 0.7925
New best model found with validation loss: 0.7925
Epoch [34/1000], Training Loss: 0.8020
Validation Loss: 0.7990
No improvement in validation loss. Early stop counter: 1/10
Epoch [35/1000], Training Loss: 0.8002
Validation Loss: 0.7964
No improvement in validation loss. Early stop counter: 2/10
Epoch [36/1000], Training Loss: 0.7986
Validation Loss: 0.8024
No improvement in validation loss. Early stop counter: 3/10
Epoch [37/1000], Training Loss: 0.7969
Validation Loss: 0.7925
No improvement in validation loss. Early stop counter: 4/10
Epoch [38/1000], Training Loss: 0.7978
Validation Loss: 0.7851
New best model found with validation loss: 0.7851
Epoch [39/1000], Training Loss: 0.7916
Validation Loss: 0.7843
New best model found with validation loss: 0.7843
Epoch [40/1000], Training Loss: 0.7919
Validation Loss: 0.7922
No improvement in validation loss. Early stop counter: 1/10
Epoch [41/1000], Training Loss: 0.7911
Validation Loss: 0.7911
No improvement in validation loss. Early stop counter: 2/10
Epoch [42/1000], Training Loss: 0.7879
Validation Loss: 0.7882
No improvement in validation loss. Early stop counter: 3/10
Epoch [43/1000], Training Loss: 0.7913
Validation Loss: 0.7854
No improvement in validation loss. Early stop counter: 4/10
Epoch [44/1000], Training Loss: 0.7875
Validation Loss: 0.7821
New best model found with validation loss: 0.7821
Epoch [45/1000], Training Loss: 0.7852
Validation Loss: 0.7800
New best model found with validation loss: 0.7800
Epoch [46/1000], Training Loss: 0.7851
Validation Loss: 0.7856
No improvement in validation loss. Early stop counter: 1/10
Epoch [47/1000], Training Loss: 0.7854
Validation Loss: 0.7842
No improvement in validation loss. Early stop counter: 2/10
Epoch [48/1000], Training Loss: 0.7831
Validation Loss: 0.7905
No improvement in validation loss. Early stop counter: 3/10
Epoch [49/1000], Training Loss: 0.7843
Validation Loss: 0.7788
New best model found with validation loss: 0.7788
Epoch [50/1000], Training Loss: 0.7843
Validation Loss: 0.7849
No improvement in validation loss. Early stop counter: 1/10
Epoch [51/1000], Training Loss: 0.7823
Validation Loss: 0.7799
No improvement in validation loss. Early stop counter: 2/10
Epoch [52/1000], Training Loss: 0.7844
Validation Loss: 0.7785
New best model found with validation loss: 0.7785
Epoch [53/1000], Training Loss: 0.7824
Validation Loss: 0.7847
No improvement in validation loss. Early stop counter: 1/10
Epoch [54/1000], Training Loss: 0.7828
Validation Loss: 0.7847
No improvement in validation loss. Early stop counter: 2/10
Epoch [55/1000], Training Loss: 0.7800
Validation Loss: 0.7874
No improvement in validation loss. Early stop counter: 3/10
Epoch [56/1000], Training Loss: 0.7816
Validation Loss: 0.7814
No improvement in validation loss. Early stop counter: 4/10
Epoch [57/1000], Training Loss: 0.7783
Validation Loss: 0.7771
New best model found with validation loss: 0.7771
Epoch [58/1000], Training Loss: 0.7807
Validation Loss: 0.7762
New best model found with validation loss: 0.7762
Epoch [59/1000], Training Loss: 0.7794
Validation Loss: 0.7763
No improvement in validation loss. Early stop counter: 1/10
Epoch [60/1000], Training Loss: 0.7815
Validation Loss: 0.7872
No improvement in validation loss. Early stop counter: 2/10
Epoch [61/1000], Training Loss: 0.7781
Validation Loss: 0.7777
No improvement in validation loss. Early stop counter: 3/10
Epoch [62/1000], Training Loss: 0.7770
Validation Loss: 0.7808
No improvement in validation loss. Early stop counter: 4/10
Epoch [63/1000], Training Loss: 0.7777
Validation Loss: 0.7761
New best model found with validation loss: 0.7761
Epoch [64/1000], Training Loss: 0.7764
Validation Loss: 0.7762
No improvement in validation loss. Early stop counter: 1/10
Epoch [65/1000], Training Loss: 0.7762
Validation Loss: 0.7757
New best model found with validation loss: 0.7757
Epoch [66/1000], Training Loss: 0.7779
Validation Loss: 0.7836
No improvement in validation loss. Early stop counter: 1/10
Epoch [67/1000], Training Loss: 0.7786
Validation Loss: 0.7810
No improvement in validation loss. Early stop counter: 2/10
Epoch [68/1000], Training Loss: 0.7780
Validation Loss: 0.7812
No improvement in validation loss. Early stop counter: 3/10
Epoch [69/1000], Training Loss: 0.7773
Validation Loss: 0.7763
No improvement in validation loss. Early stop counter: 4/10
Epoch [70/1000], Training Loss: 0.7781
Validation Loss: 0.7804
No improvement in validation loss. Early stop counter: 5/10
Epoch [71/1000], Training Loss: 0.7768
Validation Loss: 0.7758
No improvement in validation loss. Early stop counter: 6/10
Epoch [72/1000], Training Loss: 0.7768
Validation Loss: 0.7782
No improvement in validation loss. Early stop counter: 7/10
Epoch [73/1000], Training Loss: 0.7751
Validation Loss: 0.7756
New best model found with validation loss: 0.7756
Epoch [74/1000], Training Loss: 0.7754
Validation Loss: 0.7776
No improvement in validation loss. Early stop counter: 1/10
Epoch [75/1000], Training Loss: 0.7750
Validation Loss: 0.7777
No improvement in validation loss. Early stop counter: 2/10
Epoch [76/1000], Training Loss: 0.7761
Validation Loss: 0.7805
No improvement in validation loss. Early stop counter: 3/10
Epoch [77/1000], Training Loss: 0.7785
Validation Loss: 0.7793
No improvement in validation loss. Early stop counter: 4/10
Epoch [78/1000], Training Loss: 0.7767
Validation Loss: 0.7781
No improvement in validation loss. Early stop counter: 5/10
Epoch [79/1000], Training Loss: 0.7769
Validation Loss: 0.7801
No improvement in validation loss. Early stop counter: 6/10
Epoch [80/1000], Training Loss: 0.7778
Validation Loss: 0.7770
No improvement in validation loss. Early stop counter: 7/10
Epoch [81/1000], Training Loss: 0.7758
Validation Loss: 0.7770
No improvement in validation loss. Early stop counter: 8/10
Epoch [82/1000], Training Loss: 0.7756
Validation Loss: 0.7797
No improvement in validation loss. Early stop counter: 9/10
Epoch [83/1000], Training Loss: 0.7773
Validation Loss: 0.7778
No improvement in validation loss. Early stop counter: 10/10
Early stopping triggered after 83 epochs.
Best model for fold 5 saved successfully.

Cross-validation results:
Fold 1: Validation Loss = 0.7663
Fold 2: Validation Loss = 0.7634
Fold 3: Validation Loss = 0.7744
Fold 4: Validation Loss = 0.7635
Fold 5: Validation Loss = 0.7756
Average Validation Loss: 0.7686
