{'batch_size': 4, 'sequence_file': 'padded_sequences_train_filtered_3000.npz', 'data_file': 'padded_train_secondary_structure_filtered_3000.npz', 'edge_file': 'padded_edges_train_filtered_3000.npz', 'max_len': 3000, 'vocab_size': 23, 'embed_dim': 256, 'num_heads': 16, 'dropout': 0.1, 'num_layers': 1, 'num_gnn_layers': 2, 'num_int_layers': 1, 'num_classes': 8, 'num_epochs': 1000, 'learning_rate': 0.0001, 'max_grad_norm': 0.1, 'validation_split': 0.1, 'early_stop_patience': 10, 'initial_gradient_noise_std': 0.05, 'accumulation_steps': 2}
Number of GPUs available: 4

Starting Fold 1/5...
Initializing ClassificationModel with 2 GAT layers and residual connections...
Initializing MCModel with 2 GAT layers and 1 row attention layers...
Initializing CGModel with 2 GAT layers and residual connections...
Initializing CoreModel with 1 self-attention layers...
Using 4 GPUs with DataParallel.
Epoch [1/1000], Training Loss: 1.2617
Validation Loss: 1.0584
New best model found with validation loss: 1.0584
Epoch [2/1000], Training Loss: 1.0220
Validation Loss: 0.9478
New best model found with validation loss: 0.9478
Epoch [3/1000], Training Loss: 0.9481
Validation Loss: 0.8816
New best model found with validation loss: 0.8816
Epoch [4/1000], Training Loss: 0.9071
Validation Loss: 0.8745
New best model found with validation loss: 0.8745
Epoch [5/1000], Training Loss: 0.8813
Validation Loss: 0.8360
New best model found with validation loss: 0.8360
Epoch [6/1000], Training Loss: 0.8616
Validation Loss: 0.8230
New best model found with validation loss: 0.8230
Epoch [7/1000], Training Loss: 0.8439
Validation Loss: 0.8162
New best model found with validation loss: 0.8162
Epoch [8/1000], Training Loss: 0.8298
Validation Loss: 0.7879
New best model found with validation loss: 0.7879
Epoch [9/1000], Training Loss: 0.8191
Validation Loss: 0.8003
No improvement in validation loss. Early stop counter: 1/10
Epoch [10/1000], Training Loss: 0.8075
Validation Loss: 0.7715
New best model found with validation loss: 0.7715
Epoch [11/1000], Training Loss: 0.7892
Validation Loss: 0.7776
No improvement in validation loss. Early stop counter: 1/10
Epoch [12/1000], Training Loss: 0.7843
Validation Loss: 0.7525
New best model found with validation loss: 0.7525
Epoch [13/1000], Training Loss: 0.7796
Validation Loss: 0.7500
New best model found with validation loss: 0.7500
Epoch [14/1000], Training Loss: 0.7752
Validation Loss: 0.7667
No improvement in validation loss. Early stop counter: 1/10
Epoch [15/1000], Training Loss: 0.7722
Validation Loss: 0.7422
New best model found with validation loss: 0.7422
Epoch [16/1000], Training Loss: 0.7654
Validation Loss: 0.7443
No improvement in validation loss. Early stop counter: 1/10
Epoch [17/1000], Training Loss: 0.7633
Validation Loss: 0.7402
New best model found with validation loss: 0.7402
Epoch [18/1000], Training Loss: 0.7577
Validation Loss: 0.7463
No improvement in validation loss. Early stop counter: 1/10
Epoch [19/1000], Training Loss: 0.7552
Validation Loss: 0.7337
New best model found with validation loss: 0.7337
Epoch [20/1000], Training Loss: 0.7483
Validation Loss: 0.7360
No improvement in validation loss. Early stop counter: 1/10
Epoch [21/1000], Training Loss: 0.7410
Validation Loss: 0.7335
New best model found with validation loss: 0.7335
Epoch [22/1000], Training Loss: 0.7413
Validation Loss: 0.7266
New best model found with validation loss: 0.7266
Epoch [23/1000], Training Loss: 0.7391
Validation Loss: 0.7325
No improvement in validation loss. Early stop counter: 1/10
Epoch [24/1000], Training Loss: 0.7357
Validation Loss: 0.7138
New best model found with validation loss: 0.7138
Epoch [25/1000], Training Loss: 0.7346
Validation Loss: 0.7270
No improvement in validation loss. Early stop counter: 1/10
Epoch [26/1000], Training Loss: 0.7320
Validation Loss: 0.7168
No improvement in validation loss. Early stop counter: 2/10
Epoch [27/1000], Training Loss: 0.7305
Validation Loss: 0.7182
No improvement in validation loss. Early stop counter: 3/10
Epoch [28/1000], Training Loss: 0.7284
Validation Loss: 0.7207
No improvement in validation loss. Early stop counter: 4/10
Epoch [29/1000], Training Loss: 0.7239
Validation Loss: 0.7167
No improvement in validation loss. Early stop counter: 5/10
Epoch [30/1000], Training Loss: 0.7238
Validation Loss: 0.7097
New best model found with validation loss: 0.7097
Epoch [31/1000], Training Loss: 0.7195
Validation Loss: 0.7088
New best model found with validation loss: 0.7088
Epoch [32/1000], Training Loss: 0.7191
Validation Loss: 0.7092
No improvement in validation loss. Early stop counter: 1/10
Epoch [33/1000], Training Loss: 0.7172
Validation Loss: 0.7084
New best model found with validation loss: 0.7084
Epoch [34/1000], Training Loss: 0.7182
Validation Loss: 0.7114
No improvement in validation loss. Early stop counter: 1/10
Epoch [35/1000], Training Loss: 0.7158
Validation Loss: 0.7029
New best model found with validation loss: 0.7029
Epoch [36/1000], Training Loss: 0.7145
Validation Loss: 0.7040
No improvement in validation loss. Early stop counter: 1/10
Epoch [37/1000], Training Loss: 0.7138
Validation Loss: 0.7025
New best model found with validation loss: 0.7025
Epoch [38/1000], Training Loss: 0.7121
Validation Loss: 0.7155
No improvement in validation loss. Early stop counter: 1/10
Epoch [39/1000], Training Loss: 0.7099
Validation Loss: 0.7002
New best model found with validation loss: 0.7002
Epoch [40/1000], Training Loss: 0.7114
Validation Loss: 0.7013
No improvement in validation loss. Early stop counter: 1/10
Epoch [41/1000], Training Loss: 0.7115
Validation Loss: 0.7010
No improvement in validation loss. Early stop counter: 2/10
Epoch [42/1000], Training Loss: 0.7088
Validation Loss: 0.6988
New best model found with validation loss: 0.6988
Epoch [43/1000], Training Loss: 0.7023
Validation Loss: 0.6991
No improvement in validation loss. Early stop counter: 1/10
Epoch [44/1000], Training Loss: 0.7063
Validation Loss: 0.6998
No improvement in validation loss. Early stop counter: 2/10
Epoch [45/1000], Training Loss: 0.7072
Validation Loss: 0.6990
No improvement in validation loss. Early stop counter: 3/10
Epoch [46/1000], Training Loss: 0.7061
Validation Loss: 0.6957
New best model found with validation loss: 0.6957
Epoch [47/1000], Training Loss: 0.7017
Validation Loss: 0.7031
No improvement in validation loss. Early stop counter: 1/10
Epoch [48/1000], Training Loss: 0.7063
Validation Loss: 0.6942
New best model found with validation loss: 0.6942
Epoch [49/1000], Training Loss: 0.7038
Validation Loss: 0.6987
No improvement in validation loss. Early stop counter: 1/10
Epoch [50/1000], Training Loss: 0.7010
Validation Loss: 0.6946
No improvement in validation loss. Early stop counter: 2/10
Epoch [51/1000], Training Loss: 0.7017
Validation Loss: 0.6973
No improvement in validation loss. Early stop counter: 3/10
Epoch [52/1000], Training Loss: 0.7019
Validation Loss: 0.6978
No improvement in validation loss. Early stop counter: 4/10
Epoch [53/1000], Training Loss: 0.7020
Validation Loss: 0.6969
No improvement in validation loss. Early stop counter: 5/10
Epoch [54/1000], Training Loss: 0.7002
Validation Loss: 0.6957
No improvement in validation loss. Early stop counter: 6/10
Epoch [55/1000], Training Loss: 0.6995
Validation Loss: 0.6952
No improvement in validation loss. Early stop counter: 7/10
Epoch [56/1000], Training Loss: 0.6994
Validation Loss: 0.7030
No improvement in validation loss. Early stop counter: 8/10
Epoch [57/1000], Training Loss: 0.7011
Validation Loss: 0.6933
New best model found with validation loss: 0.6933
Epoch [58/1000], Training Loss: 0.6992
Validation Loss: 0.6953
No improvement in validation loss. Early stop counter: 1/10
Epoch [59/1000], Training Loss: 0.7002
Validation Loss: 0.7015
No improvement in validation loss. Early stop counter: 2/10
Epoch [60/1000], Training Loss: 0.6988
Validation Loss: 0.6975
No improvement in validation loss. Early stop counter: 3/10
Epoch [61/1000], Training Loss: 0.6978
Validation Loss: 0.6924
New best model found with validation loss: 0.6924
Epoch [62/1000], Training Loss: 0.6979
Validation Loss: 0.6941
No improvement in validation loss. Early stop counter: 1/10
Epoch [63/1000], Training Loss: 0.6999
Validation Loss: 0.6938
No improvement in validation loss. Early stop counter: 2/10
Epoch [64/1000], Training Loss: 0.6981
Validation Loss: 0.6967
No improvement in validation loss. Early stop counter: 3/10
Epoch [65/1000], Training Loss: 0.6965
Validation Loss: 0.6962
No improvement in validation loss. Early stop counter: 4/10
Epoch [66/1000], Training Loss: 0.6978
Validation Loss: 0.6951
No improvement in validation loss. Early stop counter: 5/10
Epoch [67/1000], Training Loss: 0.6973
Validation Loss: 0.6929
No improvement in validation loss. Early stop counter: 6/10
Epoch [68/1000], Training Loss: 0.6994
Validation Loss: 0.6902
New best model found with validation loss: 0.6902
Epoch [69/1000], Training Loss: 0.6985
Validation Loss: 0.6940
No improvement in validation loss. Early stop counter: 1/10
Epoch [70/1000], Training Loss: 0.6984
Validation Loss: 0.6967
No improvement in validation loss. Early stop counter: 2/10
Epoch [71/1000], Training Loss: 0.6986
Validation Loss: 0.6945
No improvement in validation loss. Early stop counter: 3/10
Epoch [72/1000], Training Loss: 0.6964
Validation Loss: 0.6928
No improvement in validation loss. Early stop counter: 4/10
Epoch [73/1000], Training Loss: 0.6958
Validation Loss: 0.6939
No improvement in validation loss. Early stop counter: 5/10
Epoch [74/1000], Training Loss: 0.6974
Validation Loss: 0.6954
No improvement in validation loss. Early stop counter: 6/10
Epoch [75/1000], Training Loss: 0.6978
Validation Loss: 0.6914
No improvement in validation loss. Early stop counter: 7/10
Epoch [76/1000], Training Loss: 0.6983
Validation Loss: 0.6932
No improvement in validation loss. Early stop counter: 8/10
Epoch [77/1000], Training Loss: 0.6974
Validation Loss: 0.6931
No improvement in validation loss. Early stop counter: 9/10
Epoch [78/1000], Training Loss: 0.6966
Validation Loss: 0.6942
No improvement in validation loss. Early stop counter: 10/10
Early stopping triggered after 78 epochs.
Best model for fold 1 saved successfully.

Starting Fold 2/5...
Initializing ClassificationModel with 2 GAT layers and residual connections...
Initializing MCModel with 2 GAT layers and 1 row attention layers...
Initializing CGModel with 2 GAT layers and residual connections...
Initializing CoreModel with 1 self-attention layers...
Using 4 GPUs with DataParallel.
Epoch [1/1000], Training Loss: 1.2230
Validation Loss: 1.0588
New best model found with validation loss: 1.0588
Epoch [2/1000], Training Loss: 1.0192
Validation Loss: 0.9487
New best model found with validation loss: 0.9487
Epoch [3/1000], Training Loss: 0.9508
Validation Loss: 0.9074
New best model found with validation loss: 0.9074
Epoch [4/1000], Training Loss: 0.9086
Validation Loss: 0.8682
New best model found with validation loss: 0.8682
Epoch [5/1000], Training Loss: 0.8863
Validation Loss: 0.8670
New best model found with validation loss: 0.8670
Epoch [6/1000], Training Loss: 0.8717
Validation Loss: 0.8585
New best model found with validation loss: 0.8585
Epoch [7/1000], Training Loss: 0.8460
Validation Loss: 0.8211
New best model found with validation loss: 0.8211
Epoch [8/1000], Training Loss: 0.8362
Validation Loss: 0.8502
No improvement in validation loss. Early stop counter: 1/10
Epoch [9/1000], Training Loss: 0.8213
Validation Loss: 0.8043
New best model found with validation loss: 0.8043
Epoch [10/1000], Training Loss: 0.8082
Validation Loss: 0.8456
No improvement in validation loss. Early stop counter: 1/10
Epoch [11/1000], Training Loss: 0.7984
Validation Loss: 0.7853
New best model found with validation loss: 0.7853
Epoch [12/1000], Training Loss: 0.7858
Validation Loss: 0.7883
No improvement in validation loss. Early stop counter: 1/10
Epoch [13/1000], Training Loss: 0.7820
Validation Loss: 0.7792
New best model found with validation loss: 0.7792
Epoch [14/1000], Training Loss: 0.7790
Validation Loss: 0.7777
New best model found with validation loss: 0.7777
Epoch [15/1000], Training Loss: 0.7759
Validation Loss: 0.7692
New best model found with validation loss: 0.7692
Epoch [16/1000], Training Loss: 0.7672
Validation Loss: 0.7650
New best model found with validation loss: 0.7650
Epoch [17/1000], Training Loss: 0.7627
Validation Loss: 0.7611
New best model found with validation loss: 0.7611
Epoch [18/1000], Training Loss: 0.7643
Validation Loss: 0.7535
New best model found with validation loss: 0.7535
Epoch [19/1000], Training Loss: 0.7594
Validation Loss: 0.7472
New best model found with validation loss: 0.7472
Epoch [20/1000], Training Loss: 0.7572
Validation Loss: 0.7881
No improvement in validation loss. Early stop counter: 1/10
Epoch [21/1000], Training Loss: 0.7457
Validation Loss: 0.7474
No improvement in validation loss. Early stop counter: 2/10
Epoch [22/1000], Training Loss: 0.7445
Validation Loss: 0.7427
New best model found with validation loss: 0.7427
Epoch [23/1000], Training Loss: 0.7409
Validation Loss: 0.7398
New best model found with validation loss: 0.7398
Epoch [24/1000], Training Loss: 0.7372
Validation Loss: 0.7281
New best model found with validation loss: 0.7281
Epoch [25/1000], Training Loss: 0.7379
Validation Loss: 0.7325
No improvement in validation loss. Early stop counter: 1/10
Epoch [26/1000], Training Loss: 0.7343
Validation Loss: 0.7269
New best model found with validation loss: 0.7269
Epoch [27/1000], Training Loss: 0.7350
Validation Loss: 0.7409
No improvement in validation loss. Early stop counter: 1/10
Epoch [28/1000], Training Loss: 0.7282
Validation Loss: 0.7311
No improvement in validation loss. Early stop counter: 2/10
Epoch [29/1000], Training Loss: 0.7313
Validation Loss: 0.7277
No improvement in validation loss. Early stop counter: 3/10
Epoch [30/1000], Training Loss: 0.7259
Validation Loss: 0.7438
No improvement in validation loss. Early stop counter: 4/10
Epoch [31/1000], Training Loss: 0.7238
Validation Loss: 0.7381
No improvement in validation loss. Early stop counter: 5/10
Epoch [32/1000], Training Loss: 0.7227
Validation Loss: 0.7226
New best model found with validation loss: 0.7226
Epoch [33/1000], Training Loss: 0.7207
Validation Loss: 0.7353
No improvement in validation loss. Early stop counter: 1/10
Epoch [34/1000], Training Loss: 0.7173
Validation Loss: 0.7246
No improvement in validation loss. Early stop counter: 2/10
Epoch [35/1000], Training Loss: 0.7208
Validation Loss: 0.7257
No improvement in validation loss. Early stop counter: 3/10
Epoch [36/1000], Training Loss: 0.7172
Validation Loss: 0.7262
No improvement in validation loss. Early stop counter: 4/10
Epoch [37/1000], Training Loss: 0.7186
Validation Loss: 0.7172
New best model found with validation loss: 0.7172
Epoch [38/1000], Training Loss: 0.7155
Validation Loss: 0.7272
No improvement in validation loss. Early stop counter: 1/10
Epoch [39/1000], Training Loss: 0.7134
Validation Loss: 0.7239
No improvement in validation loss. Early stop counter: 2/10
Epoch [40/1000], Training Loss: 0.7170
Validation Loss: 0.7112
New best model found with validation loss: 0.7112
Epoch [41/1000], Training Loss: 0.7121
Validation Loss: 0.7159
No improvement in validation loss. Early stop counter: 1/10
Epoch [42/1000], Training Loss: 0.7131
Validation Loss: 0.7124
No improvement in validation loss. Early stop counter: 2/10
Epoch [43/1000], Training Loss: 0.7109
Validation Loss: 0.7214
No improvement in validation loss. Early stop counter: 3/10
Epoch [44/1000], Training Loss: 0.7094
Validation Loss: 0.7150
No improvement in validation loss. Early stop counter: 4/10
Epoch [45/1000], Training Loss: 0.7076
Validation Loss: 0.7069
New best model found with validation loss: 0.7069
Epoch [46/1000], Training Loss: 0.7112
Validation Loss: 0.7172
No improvement in validation loss. Early stop counter: 1/10
Epoch [47/1000], Training Loss: 0.7073
Validation Loss: 0.7113
No improvement in validation loss. Early stop counter: 2/10
Epoch [48/1000], Training Loss: 0.7096
Validation Loss: 0.7152
No improvement in validation loss. Early stop counter: 3/10
Epoch [49/1000], Training Loss: 0.7054
Validation Loss: 0.7159
No improvement in validation loss. Early stop counter: 4/10
Epoch [50/1000], Training Loss: 0.7056
Validation Loss: 0.7098
No improvement in validation loss. Early stop counter: 5/10
Epoch [51/1000], Training Loss: 0.7046
Validation Loss: 0.7095
No improvement in validation loss. Early stop counter: 6/10
Epoch [52/1000], Training Loss: 0.7047
Validation Loss: 0.7092
No improvement in validation loss. Early stop counter: 7/10
Epoch [53/1000], Training Loss: 0.7073
Validation Loss: 0.7166
No improvement in validation loss. Early stop counter: 8/10
Epoch [54/1000], Training Loss: 0.7046
Validation Loss: 0.7195
No improvement in validation loss. Early stop counter: 9/10
Epoch [55/1000], Training Loss: 0.7050
Validation Loss: 0.7120
No improvement in validation loss. Early stop counter: 10/10
Early stopping triggered after 55 epochs.
Best model for fold 2 saved successfully.

Starting Fold 3/5...
Initializing ClassificationModel with 2 GAT layers and residual connections...
Initializing MCModel with 2 GAT layers and 1 row attention layers...
Initializing CGModel with 2 GAT layers and residual connections...
Initializing CoreModel with 1 self-attention layers...
Using 4 GPUs with DataParallel.
Epoch [1/1000], Training Loss: 1.2663
Validation Loss: 1.0751
New best model found with validation loss: 1.0751
Epoch [2/1000], Training Loss: 1.0473
Validation Loss: 1.0078
New best model found with validation loss: 1.0078
Epoch [3/1000], Training Loss: 0.9791
Validation Loss: 0.9391
New best model found with validation loss: 0.9391
Epoch [4/1000], Training Loss: 0.9422
Validation Loss: 0.9160
New best model found with validation loss: 0.9160
Epoch [5/1000], Training Loss: 0.9137
Validation Loss: 0.8684
New best model found with validation loss: 0.8684
Epoch [6/1000], Training Loss: 0.8862
Validation Loss: 0.8763
No improvement in validation loss. Early stop counter: 1/10
Epoch [7/1000], Training Loss: 0.8671
Validation Loss: 0.8392
New best model found with validation loss: 0.8392
Epoch [8/1000], Training Loss: 0.8524
Validation Loss: 0.8323
New best model found with validation loss: 0.8323
Epoch [9/1000], Training Loss: 0.8352
Validation Loss: 0.8080
New best model found with validation loss: 0.8080
Epoch [10/1000], Training Loss: 0.8256
Validation Loss: 0.7997
New best model found with validation loss: 0.7997
Epoch [11/1000], Training Loss: 0.8102
Validation Loss: 0.7871
New best model found with validation loss: 0.7871
Epoch [12/1000], Training Loss: 0.8010
Validation Loss: 0.7982
No improvement in validation loss. Early stop counter: 1/10
Epoch [13/1000], Training Loss: 0.7963
Validation Loss: 0.7706
New best model found with validation loss: 0.7706
Epoch [14/1000], Training Loss: 0.7881
Validation Loss: 0.7708
No improvement in validation loss. Early stop counter: 1/10
Epoch [15/1000], Training Loss: 0.7871
Validation Loss: 0.7643
New best model found with validation loss: 0.7643
Epoch [16/1000], Training Loss: 0.7774
Validation Loss: 0.7554
New best model found with validation loss: 0.7554
Epoch [17/1000], Training Loss: 0.7735
Validation Loss: 0.7582
No improvement in validation loss. Early stop counter: 1/10
Epoch [18/1000], Training Loss: 0.7731
Validation Loss: 0.7529
New best model found with validation loss: 0.7529
Epoch [19/1000], Training Loss: 0.7684
Validation Loss: 0.7557
No improvement in validation loss. Early stop counter: 1/10
Epoch [20/1000], Training Loss: 0.7620
Validation Loss: 0.7517
New best model found with validation loss: 0.7517
Epoch [21/1000], Training Loss: 0.7548
Validation Loss: 0.7450
New best model found with validation loss: 0.7450
Epoch [22/1000], Training Loss: 0.7507
Validation Loss: 0.7560
No improvement in validation loss. Early stop counter: 1/10
Epoch [23/1000], Training Loss: 0.7441
Validation Loss: 0.7413
New best model found with validation loss: 0.7413
Epoch [24/1000], Training Loss: 0.7485
Validation Loss: 0.7333
New best model found with validation loss: 0.7333
Epoch [25/1000], Training Loss: 0.7446
Validation Loss: 0.7384
No improvement in validation loss. Early stop counter: 1/10
Epoch [26/1000], Training Loss: 0.7447
Validation Loss: 0.7396
No improvement in validation loss. Early stop counter: 2/10
Epoch [27/1000], Training Loss: 0.7410
Validation Loss: 0.7316
New best model found with validation loss: 0.7316
Epoch [28/1000], Training Loss: 0.7408
Validation Loss: 0.7371
No improvement in validation loss. Early stop counter: 1/10
Epoch [29/1000], Training Loss: 0.7340
Validation Loss: 0.7206
New best model found with validation loss: 0.7206
Epoch [30/1000], Training Loss: 0.7354
Validation Loss: 0.7290
No improvement in validation loss. Early stop counter: 1/10
Epoch [31/1000], Training Loss: 0.7306
Validation Loss: 0.7225
No improvement in validation loss. Early stop counter: 2/10
Epoch [32/1000], Training Loss: 0.7289
Validation Loss: 0.7344
No improvement in validation loss. Early stop counter: 3/10
Epoch [33/1000], Training Loss: 0.7260
Validation Loss: 0.7264
No improvement in validation loss. Early stop counter: 4/10
Epoch [34/1000], Training Loss: 0.7267
Validation Loss: 0.7118
New best model found with validation loss: 0.7118
Epoch [35/1000], Training Loss: 0.7244
Validation Loss: 0.7270
No improvement in validation loss. Early stop counter: 1/10
Epoch [36/1000], Training Loss: 0.7218
Validation Loss: 0.7333
No improvement in validation loss. Early stop counter: 2/10
Epoch [37/1000], Training Loss: 0.7228
Validation Loss: 0.7182
No improvement in validation loss. Early stop counter: 3/10
Epoch [38/1000], Training Loss: 0.7190
Validation Loss: 0.7186
No improvement in validation loss. Early stop counter: 4/10
Epoch [39/1000], Training Loss: 0.7199
Validation Loss: 0.7276
No improvement in validation loss. Early stop counter: 5/10
Epoch [40/1000], Training Loss: 0.7174
Validation Loss: 0.7217
No improvement in validation loss. Early stop counter: 6/10
Epoch [41/1000], Training Loss: 0.7157
Validation Loss: 0.7222
No improvement in validation loss. Early stop counter: 7/10
Epoch [42/1000], Training Loss: 0.7173
Validation Loss: 0.7133
No improvement in validation loss. Early stop counter: 8/10
Epoch [43/1000], Training Loss: 0.7158
Validation Loss: 0.7172
No improvement in validation loss. Early stop counter: 9/10
Epoch [44/1000], Training Loss: 0.7127
Validation Loss: 0.7140
No improvement in validation loss. Early stop counter: 10/10
Early stopping triggered after 44 epochs.
Best model for fold 3 saved successfully.

Starting Fold 4/5...
Initializing ClassificationModel with 2 GAT layers and residual connections...
Initializing MCModel with 2 GAT layers and 1 row attention layers...
Initializing CGModel with 2 GAT layers and residual connections...
Initializing CoreModel with 1 self-attention layers...
Using 4 GPUs with DataParallel.
Epoch [1/1000], Training Loss: 1.2378
Validation Loss: 1.0632
New best model found with validation loss: 1.0632
Epoch [2/1000], Training Loss: 1.0124
Validation Loss: 0.9496
New best model found with validation loss: 0.9496
Epoch [3/1000], Training Loss: 0.9499
Validation Loss: 0.8919
New best model found with validation loss: 0.8919
Epoch [4/1000], Training Loss: 0.9127
Validation Loss: 0.8808
New best model found with validation loss: 0.8808
Epoch [5/1000], Training Loss: 0.8820
Validation Loss: 0.8423
New best model found with validation loss: 0.8423
Epoch [6/1000], Training Loss: 0.8637
Validation Loss: 0.8197
New best model found with validation loss: 0.8197
Epoch [7/1000], Training Loss: 0.8466
Validation Loss: 0.8150
New best model found with validation loss: 0.8150
Epoch [8/1000], Training Loss: 0.8340
Validation Loss: 0.7859
New best model found with validation loss: 0.7859
Epoch [9/1000], Training Loss: 0.8203
Validation Loss: 0.7823
New best model found with validation loss: 0.7823
Epoch [10/1000], Training Loss: 0.8083
Validation Loss: 0.7650
New best model found with validation loss: 0.7650
Epoch [11/1000], Training Loss: 0.7943
Validation Loss: 0.7590
New best model found with validation loss: 0.7590
Epoch [12/1000], Training Loss: 0.7860
Validation Loss: 0.7644
No improvement in validation loss. Early stop counter: 1/10
Epoch [13/1000], Training Loss: 0.7799
Validation Loss: 0.7482
New best model found with validation loss: 0.7482
Epoch [14/1000], Training Loss: 0.7751
Validation Loss: 0.7547
No improvement in validation loss. Early stop counter: 1/10
Epoch [15/1000], Training Loss: 0.7746
Validation Loss: 0.7635
No improvement in validation loss. Early stop counter: 2/10
Epoch [16/1000], Training Loss: 0.7673
Validation Loss: 0.7338
New best model found with validation loss: 0.7338
Epoch [17/1000], Training Loss: 0.7635
Validation Loss: 0.7469
No improvement in validation loss. Early stop counter: 1/10
Epoch [18/1000], Training Loss: 0.7576
Validation Loss: 0.7439
No improvement in validation loss. Early stop counter: 2/10
Epoch [19/1000], Training Loss: 0.7566
Validation Loss: 0.7241
New best model found with validation loss: 0.7241
Epoch [20/1000], Training Loss: 0.7507
Validation Loss: 0.7372
No improvement in validation loss. Early stop counter: 1/10
Epoch [21/1000], Training Loss: 0.7441
Validation Loss: 0.7221
New best model found with validation loss: 0.7221
Epoch [22/1000], Training Loss: 0.7398
Validation Loss: 0.7319
No improvement in validation loss. Early stop counter: 1/10
Epoch [23/1000], Training Loss: 0.7383
Validation Loss: 0.7268
No improvement in validation loss. Early stop counter: 2/10
Epoch [24/1000], Training Loss: 0.7376
Validation Loss: 0.7167
New best model found with validation loss: 0.7167
Epoch [25/1000], Training Loss: 0.7305
Validation Loss: 0.7087
New best model found with validation loss: 0.7087
Epoch [26/1000], Training Loss: 0.7315
Validation Loss: 0.7078
New best model found with validation loss: 0.7078
Epoch [27/1000], Training Loss: 0.7309
Validation Loss: 0.7127
No improvement in validation loss. Early stop counter: 1/10
Epoch [28/1000], Training Loss: 0.7291
Validation Loss: 0.7074
New best model found with validation loss: 0.7074
Epoch [29/1000], Training Loss: 0.7242
Validation Loss: 0.7090
No improvement in validation loss. Early stop counter: 1/10
Epoch [30/1000], Training Loss: 0.7229
Validation Loss: 0.7024
New best model found with validation loss: 0.7024
Epoch [31/1000], Training Loss: 0.7194
Validation Loss: 0.7065
No improvement in validation loss. Early stop counter: 1/10
Epoch [32/1000], Training Loss: 0.7206
Validation Loss: 0.7068
No improvement in validation loss. Early stop counter: 2/10
Epoch [33/1000], Training Loss: 0.7175
Validation Loss: 0.7030
No improvement in validation loss. Early stop counter: 3/10
Epoch [34/1000], Training Loss: 0.7171
Validation Loss: 0.7074
No improvement in validation loss. Early stop counter: 4/10
Epoch [35/1000], Training Loss: 0.7137
Validation Loss: 0.7000
New best model found with validation loss: 0.7000
Epoch [36/1000], Training Loss: 0.7150
Validation Loss: 0.7061
No improvement in validation loss. Early stop counter: 1/10
Epoch [37/1000], Training Loss: 0.7135
Validation Loss: 0.7009
No improvement in validation loss. Early stop counter: 2/10
Epoch [38/1000], Training Loss: 0.7138
Validation Loss: 0.6960
New best model found with validation loss: 0.6960
Epoch [39/1000], Training Loss: 0.7117
Validation Loss: 0.6992
No improvement in validation loss. Early stop counter: 1/10
Epoch [40/1000], Training Loss: 0.7117
Validation Loss: 0.6996
No improvement in validation loss. Early stop counter: 2/10
Epoch [41/1000], Training Loss: 0.7089
Validation Loss: 0.7008
No improvement in validation loss. Early stop counter: 3/10
Epoch [42/1000], Training Loss: 0.7079
Validation Loss: 0.6996
No improvement in validation loss. Early stop counter: 4/10
Epoch [43/1000], Training Loss: 0.7093
Validation Loss: 0.7013
No improvement in validation loss. Early stop counter: 5/10
Epoch [44/1000], Training Loss: 0.7069
Validation Loss: 0.6991
No improvement in validation loss. Early stop counter: 6/10
Epoch [45/1000], Training Loss: 0.7047
Validation Loss: 0.7037
No improvement in validation loss. Early stop counter: 7/10
Epoch [46/1000], Training Loss: 0.7048
Validation Loss: 0.6932
New best model found with validation loss: 0.6932
Epoch [47/1000], Training Loss: 0.7041
Validation Loss: 0.7009
No improvement in validation loss. Early stop counter: 1/10
Epoch [48/1000], Training Loss: 0.7055
Validation Loss: 0.6944
No improvement in validation loss. Early stop counter: 2/10
Epoch [49/1000], Training Loss: 0.7053
Validation Loss: 0.6866
New best model found with validation loss: 0.6866
Epoch [50/1000], Training Loss: 0.7031
Validation Loss: 0.7014
No improvement in validation loss. Early stop counter: 1/10
Epoch [51/1000], Training Loss: 0.7004
Validation Loss: 0.6945
No improvement in validation loss. Early stop counter: 2/10
Epoch [52/1000], Training Loss: 0.7020
Validation Loss: 0.6976
No improvement in validation loss. Early stop counter: 3/10
Epoch [53/1000], Training Loss: 0.7019
Validation Loss: 0.6898
No improvement in validation loss. Early stop counter: 4/10
Epoch [54/1000], Training Loss: 0.7024
Validation Loss: 0.6952
No improvement in validation loss. Early stop counter: 5/10
Epoch [55/1000], Training Loss: 0.7003
Validation Loss: 0.6943
No improvement in validation loss. Early stop counter: 6/10
Epoch [56/1000], Training Loss: 0.7044
Validation Loss: 0.6925
No improvement in validation loss. Early stop counter: 7/10
Epoch [57/1000], Training Loss: 0.7032
Validation Loss: 0.6952
No improvement in validation loss. Early stop counter: 8/10
Epoch [58/1000], Training Loss: 0.6992
Validation Loss: 0.6882
No improvement in validation loss. Early stop counter: 9/10
Epoch [59/1000], Training Loss: 0.7030
Validation Loss: 0.6938
No improvement in validation loss. Early stop counter: 10/10
Early stopping triggered after 59 epochs.
Best model for fold 4 saved successfully.

Starting Fold 5/5...
Initializing ClassificationModel with 2 GAT layers and residual connections...
Initializing MCModel with 2 GAT layers and 1 row attention layers...
Initializing CGModel with 2 GAT layers and residual connections...
Initializing CoreModel with 1 self-attention layers...
Using 4 GPUs with DataParallel.
Epoch [1/1000], Training Loss: 1.1918
Validation Loss: 1.0188
New best model found with validation loss: 1.0188
Epoch [2/1000], Training Loss: 1.0019
Validation Loss: 0.9643
New best model found with validation loss: 0.9643
Epoch [3/1000], Training Loss: 0.9439
Validation Loss: 0.8906
New best model found with validation loss: 0.8906
Epoch [4/1000], Training Loss: 0.9006
Validation Loss: 0.8651
New best model found with validation loss: 0.8651
Epoch [5/1000], Training Loss: 0.8776
Validation Loss: 0.8488
New best model found with validation loss: 0.8488
Epoch [6/1000], Training Loss: 0.8562
Validation Loss: 0.8332
New best model found with validation loss: 0.8332
Epoch [7/1000], Training Loss: 0.8444
Validation Loss: 0.8320
New best model found with validation loss: 0.8320
Epoch [8/1000], Training Loss: 0.8287
Validation Loss: 0.8164
New best model found with validation loss: 0.8164
Epoch [9/1000], Training Loss: 0.8142
Validation Loss: 0.7926
New best model found with validation loss: 0.7926
Epoch [10/1000], Training Loss: 0.8075
Validation Loss: 0.7860
New best model found with validation loss: 0.7860
Epoch [11/1000], Training Loss: 0.7898
Validation Loss: 0.7709
New best model found with validation loss: 0.7709
Epoch [12/1000], Training Loss: 0.7849
Validation Loss: 0.7685
New best model found with validation loss: 0.7685
Epoch [13/1000], Training Loss: 0.7820
Validation Loss: 0.7621
New best model found with validation loss: 0.7621
Epoch [14/1000], Training Loss: 0.7775
Validation Loss: 0.7549
New best model found with validation loss: 0.7549
Epoch [15/1000], Training Loss: 0.7695
Validation Loss: 0.7537
New best model found with validation loss: 0.7537
Epoch [16/1000], Training Loss: 0.7643
Validation Loss: 0.7625
No improvement in validation loss. Early stop counter: 1/10
Epoch [17/1000], Training Loss: 0.7638
Validation Loss: 0.7434
New best model found with validation loss: 0.7434
Epoch [18/1000], Training Loss: 0.7580
Validation Loss: 0.7591
No improvement in validation loss. Early stop counter: 1/10
Epoch [19/1000], Training Loss: 0.7569
Validation Loss: 0.7326
New best model found with validation loss: 0.7326
Epoch [20/1000], Training Loss: 0.7517
Validation Loss: 0.7392
No improvement in validation loss. Early stop counter: 1/10
Epoch [21/1000], Training Loss: 0.7442
Validation Loss: 0.7337
No improvement in validation loss. Early stop counter: 2/10
Epoch [22/1000], Training Loss: 0.7399
Validation Loss: 0.7408
No improvement in validation loss. Early stop counter: 3/10
Epoch [23/1000], Training Loss: 0.7376
Validation Loss: 0.7338
No improvement in validation loss. Early stop counter: 4/10
Epoch [24/1000], Training Loss: 0.7396
Validation Loss: 0.7348
No improvement in validation loss. Early stop counter: 5/10
Epoch [25/1000], Training Loss: 0.7353
Validation Loss: 0.7267
New best model found with validation loss: 0.7267
Epoch [26/1000], Training Loss: 0.7321
Validation Loss: 0.7271
No improvement in validation loss. Early stop counter: 1/10
Epoch [27/1000], Training Loss: 0.7334
Validation Loss: 0.7259
New best model found with validation loss: 0.7259
Epoch [28/1000], Training Loss: 0.7309
Validation Loss: 0.7215
New best model found with validation loss: 0.7215
Epoch [29/1000], Training Loss: 0.7285
Validation Loss: 0.7135
New best model found with validation loss: 0.7135
Epoch [30/1000], Training Loss: 0.7251
Validation Loss: 0.7339
No improvement in validation loss. Early stop counter: 1/10
Epoch [31/1000], Training Loss: 0.7200
Validation Loss: 0.7254
No improvement in validation loss. Early stop counter: 2/10
Epoch [32/1000], Training Loss: 0.7178
Validation Loss: 0.7119
New best model found with validation loss: 0.7119
Epoch [33/1000], Training Loss: 0.7180
Validation Loss: 0.7169
No improvement in validation loss. Early stop counter: 1/10
Epoch [34/1000], Training Loss: 0.7180
Validation Loss: 0.7176
No improvement in validation loss. Early stop counter: 2/10
Epoch [35/1000], Training Loss: 0.7188
Validation Loss: 0.7193
No improvement in validation loss. Early stop counter: 3/10
Epoch [36/1000], Training Loss: 0.7166
Validation Loss: 0.7171
No improvement in validation loss. Early stop counter: 4/10
Epoch [37/1000], Training Loss: 0.7157
Validation Loss: 0.7044
New best model found with validation loss: 0.7044
Epoch [38/1000], Training Loss: 0.7137
Validation Loss: 0.7158
No improvement in validation loss. Early stop counter: 1/10
Epoch [39/1000], Training Loss: 0.7126
Validation Loss: 0.7170
No improvement in validation loss. Early stop counter: 2/10
Epoch [40/1000], Training Loss: 0.7114
Validation Loss: 0.7172
No improvement in validation loss. Early stop counter: 3/10
Epoch [41/1000], Training Loss: 0.7099
Validation Loss: 0.7090
No improvement in validation loss. Early stop counter: 4/10
Epoch [42/1000], Training Loss: 0.7063
Validation Loss: 0.7170
No improvement in validation loss. Early stop counter: 5/10
Epoch [43/1000], Training Loss: 0.7070
Validation Loss: 0.7033
New best model found with validation loss: 0.7033
Epoch [44/1000], Training Loss: 0.7069
Validation Loss: 0.7008
New best model found with validation loss: 0.7008
Epoch [45/1000], Training Loss: 0.7055
Validation Loss: 0.7025
No improvement in validation loss. Early stop counter: 1/10
Epoch [46/1000], Training Loss: 0.7063
Validation Loss: 0.7113
No improvement in validation loss. Early stop counter: 2/10
Epoch [47/1000], Training Loss: 0.7076
Validation Loss: 0.6951
New best model found with validation loss: 0.6951
Epoch [48/1000], Training Loss: 0.7038
Validation Loss: 0.7032
No improvement in validation loss. Early stop counter: 1/10
Epoch [49/1000], Training Loss: 0.7052
Validation Loss: 0.7141
No improvement in validation loss. Early stop counter: 2/10
Epoch [50/1000], Training Loss: 0.7048
Validation Loss: 0.7065
No improvement in validation loss. Early stop counter: 3/10
Epoch [51/1000], Training Loss: 0.7022
Validation Loss: 0.7021
No improvement in validation loss. Early stop counter: 4/10
Epoch [52/1000], Training Loss: 0.7057
Validation Loss: 0.7027
No improvement in validation loss. Early stop counter: 5/10
Epoch [53/1000], Training Loss: 0.7009
Validation Loss: 0.7081
No improvement in validation loss. Early stop counter: 6/10
Epoch [54/1000], Training Loss: 0.7021
Validation Loss: 0.7022
No improvement in validation loss. Early stop counter: 7/10
Epoch [55/1000], Training Loss: 0.7027
Validation Loss: 0.7042
No improvement in validation loss. Early stop counter: 8/10
Epoch [56/1000], Training Loss: 0.7016
Validation Loss: 0.7086
No improvement in validation loss. Early stop counter: 9/10
Epoch [57/1000], Training Loss: 0.7008
Validation Loss: 0.7014
No improvement in validation loss. Early stop counter: 10/10
Early stopping triggered after 57 epochs.
Best model for fold 5 saved successfully.

Cross-validation results:
Fold 1: Validation Loss = 0.6902
Fold 2: Validation Loss = 0.7069
Fold 3: Validation Loss = 0.7118
Fold 4: Validation Loss = 0.6866
Fold 5: Validation Loss = 0.6951
Average Validation Loss: 0.6981
