{'batch_size': 4, 'sequence_file': 'padded_sequences_train_filtered_3000.npz', 'data_file': 'padded_train_secondary_structure_filtered_3000.npz', 'edge_file': 'padded_edges_train_filtered_3000.npz', 'max_len': 3000, 'vocab_size': 23, 'embed_dim': 256, 'num_heads': 16, 'dropout': 0.0, 'num_layers': 1, 'num_gnn_layers': 1, 'num_int_layers': 1, 'num_classes': 8, 'num_epochs': 1000, 'learning_rate': 0.0001, 'max_grad_norm': 0.1, 'validation_split': 0.1, 'early_stop_patience': 10, 'initial_gradient_noise_std': 0.05, 'accumulation_steps': 2}
Number of GPUs available: 4

Starting Fold 1/5...
Initializing ClassificationModel with 1 GAT layers and residual connections...
Initializing MCModel with 1 GAT layers and 1 row attention layers...
Initializing CGModel with 1 GAT layers and residual connections...
Initializing CoreModel with 1 self-attention layers...
Using 4 GPUs with DataParallel.
Epoch [1/1000], Training Loss: 1.3758
Validation Loss: 1.3014
New best model found with validation loss: 1.3014
Epoch [2/1000], Training Loss: 1.2754
Validation Loss: 1.2577
New best model found with validation loss: 1.2577
Epoch [3/1000], Training Loss: 1.2178
Validation Loss: 1.1929
New best model found with validation loss: 1.1929
Epoch [4/1000], Training Loss: 1.1732
Validation Loss: 1.1612
New best model found with validation loss: 1.1612
Epoch [5/1000], Training Loss: 1.1391
Validation Loss: 1.1218
New best model found with validation loss: 1.1218
Epoch [6/1000], Training Loss: 1.1098
Validation Loss: 1.0946
New best model found with validation loss: 1.0946
Epoch [7/1000], Training Loss: 1.0854
Validation Loss: 1.0800
New best model found with validation loss: 1.0800
Epoch [8/1000], Training Loss: 1.0625
Validation Loss: 1.0527
New best model found with validation loss: 1.0527
Epoch [9/1000], Training Loss: 1.0335
Validation Loss: 1.0212
New best model found with validation loss: 1.0212
Epoch [10/1000], Training Loss: 1.0166
Validation Loss: 1.0198
New best model found with validation loss: 1.0198
Epoch [11/1000], Training Loss: 0.9929
Validation Loss: 0.9898
New best model found with validation loss: 0.9898
Epoch [12/1000], Training Loss: 0.9805
Validation Loss: 0.9912
No improvement in validation loss. Early stop counter: 1/10
Epoch [13/1000], Training Loss: 0.9773
Validation Loss: 0.9736
New best model found with validation loss: 0.9736
Epoch [14/1000], Training Loss: 0.9659
Validation Loss: 0.9828
No improvement in validation loss. Early stop counter: 1/10
Epoch [15/1000], Training Loss: 0.9601
Validation Loss: 0.9664
New best model found with validation loss: 0.9664
Epoch [16/1000], Training Loss: 0.9520
Validation Loss: 0.9726
No improvement in validation loss. Early stop counter: 1/10
Epoch [17/1000], Training Loss: 0.9472
Validation Loss: 0.9555
New best model found with validation loss: 0.9555
Epoch [18/1000], Training Loss: 0.9381
Validation Loss: 0.9464
New best model found with validation loss: 0.9464
Epoch [19/1000], Training Loss: 0.9313
Validation Loss: 0.9465
No improvement in validation loss. Early stop counter: 1/10
Epoch [20/1000], Training Loss: 0.9292
Validation Loss: 0.9350
New best model found with validation loss: 0.9350
Epoch [21/1000], Training Loss: 0.9123
Validation Loss: 0.9269
New best model found with validation loss: 0.9269
Epoch [22/1000], Training Loss: 0.9094
Validation Loss: 0.9221
New best model found with validation loss: 0.9221
Epoch [23/1000], Training Loss: 0.9049
Validation Loss: 0.9228
No improvement in validation loss. Early stop counter: 1/10
Epoch [24/1000], Training Loss: 0.9047
Validation Loss: 0.9241
No improvement in validation loss. Early stop counter: 2/10
Epoch [25/1000], Training Loss: 0.8992
Validation Loss: 0.9167
New best model found with validation loss: 0.9167
Epoch [26/1000], Training Loss: 0.8987
Validation Loss: 0.9121
New best model found with validation loss: 0.9121
Epoch [27/1000], Training Loss: 0.8948
Validation Loss: 0.9103
New best model found with validation loss: 0.9103
Epoch [28/1000], Training Loss: 0.8906
Validation Loss: 0.9098
New best model found with validation loss: 0.9098
Epoch [29/1000], Training Loss: 0.8849
Validation Loss: 0.9034
New best model found with validation loss: 0.9034
Epoch [30/1000], Training Loss: 0.8825
Validation Loss: 0.8989
New best model found with validation loss: 0.8989
Epoch [31/1000], Training Loss: 0.8737
Validation Loss: 0.9004
No improvement in validation loss. Early stop counter: 1/10
Epoch [32/1000], Training Loss: 0.8730
Validation Loss: 0.8954
New best model found with validation loss: 0.8954
Epoch [33/1000], Training Loss: 0.8706
Validation Loss: 0.8982
No improvement in validation loss. Early stop counter: 1/10
Epoch [34/1000], Training Loss: 0.8688
Validation Loss: 0.8922
New best model found with validation loss: 0.8922
Epoch [35/1000], Training Loss: 0.8686
Validation Loss: 0.8957
No improvement in validation loss. Early stop counter: 1/10
Epoch [36/1000], Training Loss: 0.8638
Validation Loss: 0.8907
New best model found with validation loss: 0.8907
Epoch [37/1000], Training Loss: 0.8639
Validation Loss: 0.8857
New best model found with validation loss: 0.8857
Epoch [38/1000], Training Loss: 0.8597
Validation Loss: 0.8837
New best model found with validation loss: 0.8837
Epoch [39/1000], Training Loss: 0.8600
Validation Loss: 0.8876
No improvement in validation loss. Early stop counter: 1/10
Epoch [40/1000], Training Loss: 0.8556
Validation Loss: 0.8827
New best model found with validation loss: 0.8827
Epoch [41/1000], Training Loss: 0.8526
Validation Loss: 0.8782
New best model found with validation loss: 0.8782
Epoch [42/1000], Training Loss: 0.8525
Validation Loss: 0.8853
No improvement in validation loss. Early stop counter: 1/10
Epoch [43/1000], Training Loss: 0.8514
Validation Loss: 0.8771
New best model found with validation loss: 0.8771
Epoch [44/1000], Training Loss: 0.8494
Validation Loss: 0.8750
New best model found with validation loss: 0.8750
Epoch [45/1000], Training Loss: 0.8483
Validation Loss: 0.8747
New best model found with validation loss: 0.8747
Epoch [46/1000], Training Loss: 0.8479
Validation Loss: 0.8759
No improvement in validation loss. Early stop counter: 1/10
Epoch [47/1000], Training Loss: 0.8470
Validation Loss: 0.8757
No improvement in validation loss. Early stop counter: 2/10
Epoch [48/1000], Training Loss: 0.8463
Validation Loss: 0.8764
No improvement in validation loss. Early stop counter: 3/10
Epoch [49/1000], Training Loss: 0.8451
Validation Loss: 0.8711
New best model found with validation loss: 0.8711
Epoch [50/1000], Training Loss: 0.8464
Validation Loss: 0.8737
No improvement in validation loss. Early stop counter: 1/10
Epoch [51/1000], Training Loss: 0.8419
Validation Loss: 0.8716
No improvement in validation loss. Early stop counter: 2/10
Epoch [52/1000], Training Loss: 0.8409
Validation Loss: 0.8701
New best model found with validation loss: 0.8701
Epoch [53/1000], Training Loss: 0.8424
Validation Loss: 0.8702
No improvement in validation loss. Early stop counter: 1/10
Epoch [54/1000], Training Loss: 0.8394
Validation Loss: 0.8685
New best model found with validation loss: 0.8685
Epoch [55/1000], Training Loss: 0.8373
Validation Loss: 0.8692
No improvement in validation loss. Early stop counter: 1/10
Epoch [56/1000], Training Loss: 0.8399
Validation Loss: 0.8703
No improvement in validation loss. Early stop counter: 2/10
Epoch [57/1000], Training Loss: 0.8369
Validation Loss: 0.8670
New best model found with validation loss: 0.8670
Epoch [58/1000], Training Loss: 0.8381
Validation Loss: 0.8661
New best model found with validation loss: 0.8661
Epoch [59/1000], Training Loss: 0.8357
Validation Loss: 0.8675
No improvement in validation loss. Early stop counter: 1/10
Epoch [60/1000], Training Loss: 0.8354
Validation Loss: 0.8668
No improvement in validation loss. Early stop counter: 2/10
Epoch [61/1000], Training Loss: 0.8352
Validation Loss: 0.8659
New best model found with validation loss: 0.8659
Epoch [62/1000], Training Loss: 0.8353
Validation Loss: 0.8651
New best model found with validation loss: 0.8651
Epoch [63/1000], Training Loss: 0.8340
Validation Loss: 0.8646
New best model found with validation loss: 0.8646
Epoch [64/1000], Training Loss: 0.8342
Validation Loss: 0.8642
New best model found with validation loss: 0.8642
Epoch [65/1000], Training Loss: 0.8311
Validation Loss: 0.8643
No improvement in validation loss. Early stop counter: 1/10
Epoch [66/1000], Training Loss: 0.8342
Validation Loss: 0.8636
New best model found with validation loss: 0.8636
Epoch [67/1000], Training Loss: 0.8316
Validation Loss: 0.8631
New best model found with validation loss: 0.8631
Epoch [68/1000], Training Loss: 0.8332
Validation Loss: 0.8650
No improvement in validation loss. Early stop counter: 1/10
Epoch [69/1000], Training Loss: 0.8319
Validation Loss: 0.8637
No improvement in validation loss. Early stop counter: 2/10
Epoch [70/1000], Training Loss: 0.8337
Validation Loss: 0.8638
No improvement in validation loss. Early stop counter: 3/10
Epoch [71/1000], Training Loss: 0.8314
Validation Loss: 0.8625
New best model found with validation loss: 0.8625
Epoch [72/1000], Training Loss: 0.8308
Validation Loss: 0.8628
No improvement in validation loss. Early stop counter: 1/10
Epoch [73/1000], Training Loss: 0.8317
Validation Loss: 0.8627
No improvement in validation loss. Early stop counter: 2/10
Epoch [74/1000], Training Loss: 0.8297
Validation Loss: 0.8624
New best model found with validation loss: 0.8624
Epoch [75/1000], Training Loss: 0.8311
Validation Loss: 0.8626
No improvement in validation loss. Early stop counter: 1/10
Epoch [76/1000], Training Loss: 0.8310
Validation Loss: 0.8614
New best model found with validation loss: 0.8614
Epoch [77/1000], Training Loss: 0.8320
Validation Loss: 0.8651
No improvement in validation loss. Early stop counter: 1/10
Epoch [78/1000], Training Loss: 0.8302
Validation Loss: 0.8613
New best model found with validation loss: 0.8613
Epoch [79/1000], Training Loss: 0.8308
Validation Loss: 0.8621
No improvement in validation loss. Early stop counter: 1/10
Epoch [80/1000], Training Loss: 0.8290
Validation Loss: 0.8617
No improvement in validation loss. Early stop counter: 2/10
Epoch [81/1000], Training Loss: 0.8308
Validation Loss: 0.8612
New best model found with validation loss: 0.8612
Epoch [82/1000], Training Loss: 0.8299
Validation Loss: 0.8613
No improvement in validation loss. Early stop counter: 1/10
Epoch [83/1000], Training Loss: 0.8294
Validation Loss: 0.8609
New best model found with validation loss: 0.8609
Epoch [84/1000], Training Loss: 0.8282
Validation Loss: 0.8618
No improvement in validation loss. Early stop counter: 1/10
Epoch [85/1000], Training Loss: 0.8269
Validation Loss: 0.8605
New best model found with validation loss: 0.8605
Epoch [86/1000], Training Loss: 0.8278
Validation Loss: 0.8607
No improvement in validation loss. Early stop counter: 1/10
Epoch [87/1000], Training Loss: 0.8270
Validation Loss: 0.8614
No improvement in validation loss. Early stop counter: 2/10
Epoch [88/1000], Training Loss: 0.8271
Validation Loss: 0.8605
New best model found with validation loss: 0.8605
Epoch [89/1000], Training Loss: 0.8279
Validation Loss: 0.8609
No improvement in validation loss. Early stop counter: 1/10
Epoch [90/1000], Training Loss: 0.8300
Validation Loss: 0.8605
No improvement in validation loss. Early stop counter: 2/10
Epoch [91/1000], Training Loss: 0.8281
Validation Loss: 0.8603
New best model found with validation loss: 0.8603
Epoch [92/1000], Training Loss: 0.8286
Validation Loss: 0.8605
No improvement in validation loss. Early stop counter: 1/10
Epoch [93/1000], Training Loss: 0.8268
Validation Loss: 0.8604
No improvement in validation loss. Early stop counter: 2/10
Epoch [94/1000], Training Loss: 0.8276
Validation Loss: 0.8602
New best model found with validation loss: 0.8602
Epoch [95/1000], Training Loss: 0.8295
Validation Loss: 0.8606
No improvement in validation loss. Early stop counter: 1/10
Epoch [96/1000], Training Loss: 0.8287
Validation Loss: 0.8608
No improvement in validation loss. Early stop counter: 2/10
Epoch [97/1000], Training Loss: 0.8281
Validation Loss: 0.8603
No improvement in validation loss. Early stop counter: 3/10
Epoch [98/1000], Training Loss: 0.8285
Validation Loss: 0.8603
No improvement in validation loss. Early stop counter: 4/10
Epoch [99/1000], Training Loss: 0.8295
Validation Loss: 0.8600
New best model found with validation loss: 0.8600
Epoch [100/1000], Training Loss: 0.8276
Validation Loss: 0.8604
No improvement in validation loss. Early stop counter: 1/10
Epoch [101/1000], Training Loss: 0.8279
Validation Loss: 0.8601
No improvement in validation loss. Early stop counter: 2/10
Epoch [102/1000], Training Loss: 0.8273
Validation Loss: 0.8601
No improvement in validation loss. Early stop counter: 3/10
Epoch [103/1000], Training Loss: 0.8282
Validation Loss: 0.8601
No improvement in validation loss. Early stop counter: 4/10
Epoch [104/1000], Training Loss: 0.8271
Validation Loss: 0.8600
No improvement in validation loss. Early stop counter: 5/10
Epoch [105/1000], Training Loss: 0.8301
Validation Loss: 0.8600
New best model found with validation loss: 0.8600
Epoch [106/1000], Training Loss: 0.8284
Validation Loss: 0.8601
No improvement in validation loss. Early stop counter: 1/10
Epoch [107/1000], Training Loss: 0.8270
Validation Loss: 0.8600
New best model found with validation loss: 0.8600
Epoch [108/1000], Training Loss: 0.8297
Validation Loss: 0.8599
New best model found with validation loss: 0.8599
Epoch [109/1000], Training Loss: 0.8279
Validation Loss: 0.8599
No improvement in validation loss. Early stop counter: 1/10
Epoch [110/1000], Training Loss: 0.8281
Validation Loss: 0.8599
No improvement in validation loss. Early stop counter: 2/10
Epoch [111/1000], Training Loss: 0.8279
Validation Loss: 0.8599
No improvement in validation loss. Early stop counter: 3/10
Epoch [112/1000], Training Loss: 0.8269
Validation Loss: 0.8599
No improvement in validation loss. Early stop counter: 4/10
Epoch [113/1000], Training Loss: 0.8291
Validation Loss: 0.8599
No improvement in validation loss. Early stop counter: 5/10
Epoch [114/1000], Training Loss: 0.8285
Validation Loss: 0.8599
No improvement in validation loss. Early stop counter: 6/10
Epoch [115/1000], Training Loss: 0.8286
Validation Loss: 0.8599
No improvement in validation loss. Early stop counter: 7/10
Epoch [116/1000], Training Loss: 0.8274
Validation Loss: 0.8599
No improvement in validation loss. Early stop counter: 8/10
Epoch [117/1000], Training Loss: 0.8287
Validation Loss: 0.8598
New best model found with validation loss: 0.8598
Epoch [118/1000], Training Loss: 0.8276
Validation Loss: 0.8598
New best model found with validation loss: 0.8598
Epoch [119/1000], Training Loss: 0.8286
Validation Loss: 0.8598
No improvement in validation loss. Early stop counter: 1/10
Epoch [120/1000], Training Loss: 0.8277
Validation Loss: 0.8598
No improvement in validation loss. Early stop counter: 2/10
Epoch [121/1000], Training Loss: 0.8275
Validation Loss: 0.8598
No improvement in validation loss. Early stop counter: 3/10
Epoch [122/1000], Training Loss: 0.8278
Validation Loss: 0.8599
No improvement in validation loss. Early stop counter: 4/10
Epoch [123/1000], Training Loss: 0.8280
Validation Loss: 0.8598
No improvement in validation loss. Early stop counter: 5/10
Epoch [124/1000], Training Loss: 0.8286
Validation Loss: 0.8598
No improvement in validation loss. Early stop counter: 6/10
Epoch [125/1000], Training Loss: 0.8275
Validation Loss: 0.8598
No improvement in validation loss. Early stop counter: 7/10
Epoch [126/1000], Training Loss: 0.8269
Validation Loss: 0.8598
No improvement in validation loss. Early stop counter: 8/10
Epoch [127/1000], Training Loss: 0.8278
Validation Loss: 0.8598
No improvement in validation loss. Early stop counter: 9/10
Epoch [128/1000], Training Loss: 0.8273
Validation Loss: 0.8598
No improvement in validation loss. Early stop counter: 10/10
Early stopping triggered after 128 epochs.
Best model for fold 1 saved successfully.

Starting Fold 2/5...
Initializing ClassificationModel with 1 GAT layers and residual connections...
Initializing MCModel with 1 GAT layers and 1 row attention layers...
Initializing CGModel with 1 GAT layers and residual connections...
Initializing CoreModel with 1 self-attention layers...
Using 4 GPUs with DataParallel.
Epoch [1/1000], Training Loss: 1.3741
Validation Loss: 1.2746
New best model found with validation loss: 1.2746
Epoch [2/1000], Training Loss: 1.2588
Validation Loss: 1.2345
New best model found with validation loss: 1.2345
Epoch [3/1000], Training Loss: 1.2027
Validation Loss: 1.1654
New best model found with validation loss: 1.1654
Epoch [4/1000], Training Loss: 1.1592
Validation Loss: 1.1370
New best model found with validation loss: 1.1370
Epoch [5/1000], Training Loss: 1.1288
Validation Loss: 1.1426
No improvement in validation loss. Early stop counter: 1/10
Epoch [6/1000], Training Loss: 1.1073
Validation Loss: 1.0891
New best model found with validation loss: 1.0891
Epoch [7/1000], Training Loss: 1.0779
Validation Loss: 1.0810
New best model found with validation loss: 1.0810
Epoch [8/1000], Training Loss: 1.0581
Validation Loss: 1.0422
New best model found with validation loss: 1.0422
Epoch [9/1000], Training Loss: 1.0440
Validation Loss: 1.0816
No improvement in validation loss. Early stop counter: 1/10
Epoch [10/1000], Training Loss: 1.0287
Validation Loss: 1.0419
New best model found with validation loss: 1.0419
Epoch [11/1000], Training Loss: 1.0047
Validation Loss: 1.0044
New best model found with validation loss: 1.0044
Epoch [12/1000], Training Loss: 0.9934
Validation Loss: 1.0184
No improvement in validation loss. Early stop counter: 1/10
Epoch [13/1000], Training Loss: 0.9901
Validation Loss: 0.9908
New best model found with validation loss: 0.9908
Epoch [14/1000], Training Loss: 0.9794
Validation Loss: 1.0039
No improvement in validation loss. Early stop counter: 1/10
Epoch [15/1000], Training Loss: 0.9735
Validation Loss: 0.9767
New best model found with validation loss: 0.9767
Epoch [16/1000], Training Loss: 0.9649
Validation Loss: 0.9928
No improvement in validation loss. Early stop counter: 1/10
Epoch [17/1000], Training Loss: 0.9603
Validation Loss: 0.9653
New best model found with validation loss: 0.9653
Epoch [18/1000], Training Loss: 0.9565
Validation Loss: 0.9694
No improvement in validation loss. Early stop counter: 1/10
Epoch [19/1000], Training Loss: 0.9483
Validation Loss: 0.9655
No improvement in validation loss. Early stop counter: 2/10
Epoch [20/1000], Training Loss: 0.9446
Validation Loss: 0.9545
New best model found with validation loss: 0.9545
Epoch [21/1000], Training Loss: 0.9335
Validation Loss: 0.9437
New best model found with validation loss: 0.9437
Epoch [22/1000], Training Loss: 0.9240
Validation Loss: 0.9346
New best model found with validation loss: 0.9346
Epoch [23/1000], Training Loss: 0.9186
Validation Loss: 0.9373
No improvement in validation loss. Early stop counter: 1/10
Epoch [24/1000], Training Loss: 0.9188
Validation Loss: 0.9347
No improvement in validation loss. Early stop counter: 2/10
Epoch [25/1000], Training Loss: 0.9132
Validation Loss: 0.9227
New best model found with validation loss: 0.9227
Epoch [26/1000], Training Loss: 0.9097
Validation Loss: 0.9240
No improvement in validation loss. Early stop counter: 1/10
Epoch [27/1000], Training Loss: 0.9079
Validation Loss: 0.9200
New best model found with validation loss: 0.9200
Epoch [28/1000], Training Loss: 0.9066
Validation Loss: 0.9194
New best model found with validation loss: 0.9194
Epoch [29/1000], Training Loss: 0.9001
Validation Loss: 0.9168
New best model found with validation loss: 0.9168
Epoch [30/1000], Training Loss: 0.8963
Validation Loss: 0.9103
New best model found with validation loss: 0.9103
Epoch [31/1000], Training Loss: 0.8907
Validation Loss: 0.9036
New best model found with validation loss: 0.9036
Epoch [32/1000], Training Loss: 0.8861
Validation Loss: 0.9069
No improvement in validation loss. Early stop counter: 1/10
Epoch [33/1000], Training Loss: 0.8843
Validation Loss: 0.9055
No improvement in validation loss. Early stop counter: 2/10
Epoch [34/1000], Training Loss: 0.8828
Validation Loss: 0.8979
New best model found with validation loss: 0.8979
Epoch [35/1000], Training Loss: 0.8820
Validation Loss: 0.9038
No improvement in validation loss. Early stop counter: 1/10
Epoch [36/1000], Training Loss: 0.8774
Validation Loss: 0.8968
New best model found with validation loss: 0.8968
Epoch [37/1000], Training Loss: 0.8761
Validation Loss: 0.8957
New best model found with validation loss: 0.8957
Epoch [38/1000], Training Loss: 0.8738
Validation Loss: 0.8951
New best model found with validation loss: 0.8951
Epoch [39/1000], Training Loss: 0.8746
Validation Loss: 0.8929
New best model found with validation loss: 0.8929
Epoch [40/1000], Training Loss: 0.8729
Validation Loss: 0.8913
New best model found with validation loss: 0.8913
Epoch [41/1000], Training Loss: 0.8660
Validation Loss: 0.8891
New best model found with validation loss: 0.8891
Epoch [42/1000], Training Loss: 0.8665
Validation Loss: 0.8871
New best model found with validation loss: 0.8871
Epoch [43/1000], Training Loss: 0.8646
Validation Loss: 0.8839
New best model found with validation loss: 0.8839
Epoch [44/1000], Training Loss: 0.8638
Validation Loss: 0.8859
No improvement in validation loss. Early stop counter: 1/10
Epoch [45/1000], Training Loss: 0.8635
Validation Loss: 0.8851
No improvement in validation loss. Early stop counter: 2/10
Epoch [46/1000], Training Loss: 0.8615
Validation Loss: 0.8829
New best model found with validation loss: 0.8829
Epoch [47/1000], Training Loss: 0.8607
Validation Loss: 0.8876
No improvement in validation loss. Early stop counter: 1/10
Epoch [48/1000], Training Loss: 0.8595
Validation Loss: 0.8800
New best model found with validation loss: 0.8800
Epoch [49/1000], Training Loss: 0.8586
Validation Loss: 0.8852
No improvement in validation loss. Early stop counter: 1/10
Epoch [50/1000], Training Loss: 0.8580
Validation Loss: 0.8797
New best model found with validation loss: 0.8797
Epoch [51/1000], Training Loss: 0.8551
Validation Loss: 0.8786
New best model found with validation loss: 0.8786
Epoch [52/1000], Training Loss: 0.8560
Validation Loss: 0.8775
New best model found with validation loss: 0.8775
Epoch [53/1000], Training Loss: 0.8524
Validation Loss: 0.8762
New best model found with validation loss: 0.8762
Epoch [54/1000], Training Loss: 0.8529
Validation Loss: 0.8755
New best model found with validation loss: 0.8755
Epoch [55/1000], Training Loss: 0.8514
Validation Loss: 0.8751
New best model found with validation loss: 0.8751
Epoch [56/1000], Training Loss: 0.8513
Validation Loss: 0.8756
No improvement in validation loss. Early stop counter: 1/10
Epoch [57/1000], Training Loss: 0.8494
Validation Loss: 0.8739
New best model found with validation loss: 0.8739
Epoch [58/1000], Training Loss: 0.8494
Validation Loss: 0.8755
No improvement in validation loss. Early stop counter: 1/10
Epoch [59/1000], Training Loss: 0.8505
Validation Loss: 0.8731
New best model found with validation loss: 0.8731
Epoch [60/1000], Training Loss: 0.8503
Validation Loss: 0.8764
No improvement in validation loss. Early stop counter: 1/10
Epoch [61/1000], Training Loss: 0.8502
Validation Loss: 0.8719
New best model found with validation loss: 0.8719
Epoch [62/1000], Training Loss: 0.8465
Validation Loss: 0.8720
No improvement in validation loss. Early stop counter: 1/10
Epoch [63/1000], Training Loss: 0.8481
Validation Loss: 0.8712
New best model found with validation loss: 0.8712
Epoch [64/1000], Training Loss: 0.8472
Validation Loss: 0.8709
New best model found with validation loss: 0.8709
Epoch [65/1000], Training Loss: 0.8463
Validation Loss: 0.8716
No improvement in validation loss. Early stop counter: 1/10
Epoch [66/1000], Training Loss: 0.8463
Validation Loss: 0.8705
New best model found with validation loss: 0.8705
Epoch [67/1000], Training Loss: 0.8478
Validation Loss: 0.8696
New best model found with validation loss: 0.8696
Epoch [68/1000], Training Loss: 0.8458
Validation Loss: 0.8699
No improvement in validation loss. Early stop counter: 1/10
Epoch [69/1000], Training Loss: 0.8467
Validation Loss: 0.8700
No improvement in validation loss. Early stop counter: 2/10
Epoch [70/1000], Training Loss: 0.8472
Validation Loss: 0.8707
No improvement in validation loss. Early stop counter: 3/10
Epoch [71/1000], Training Loss: 0.8449
Validation Loss: 0.8690
New best model found with validation loss: 0.8690
Epoch [72/1000], Training Loss: 0.8436
Validation Loss: 0.8690
New best model found with validation loss: 0.8690
Epoch [73/1000], Training Loss: 0.8466
Validation Loss: 0.8688
New best model found with validation loss: 0.8688
Epoch [74/1000], Training Loss: 0.8439
Validation Loss: 0.8691
No improvement in validation loss. Early stop counter: 1/10
Epoch [75/1000], Training Loss: 0.8428
Validation Loss: 0.8686
New best model found with validation loss: 0.8686
Epoch [76/1000], Training Loss: 0.8449
Validation Loss: 0.8682
New best model found with validation loss: 0.8682
Epoch [77/1000], Training Loss: 0.8443
Validation Loss: 0.8680
New best model found with validation loss: 0.8680
Epoch [78/1000], Training Loss: 0.8426
Validation Loss: 0.8676
New best model found with validation loss: 0.8676
Epoch [79/1000], Training Loss: 0.8432
Validation Loss: 0.8686
No improvement in validation loss. Early stop counter: 1/10
Epoch [80/1000], Training Loss: 0.8427
Validation Loss: 0.8686
No improvement in validation loss. Early stop counter: 2/10
Epoch [81/1000], Training Loss: 0.8427
Validation Loss: 0.8673
New best model found with validation loss: 0.8673
Epoch [82/1000], Training Loss: 0.8433
Validation Loss: 0.8678
No improvement in validation loss. Early stop counter: 1/10
Epoch [83/1000], Training Loss: 0.8418
Validation Loss: 0.8674
No improvement in validation loss. Early stop counter: 2/10
Epoch [84/1000], Training Loss: 0.8435
Validation Loss: 0.8671
New best model found with validation loss: 0.8671
Epoch [85/1000], Training Loss: 0.8424
Validation Loss: 0.8672
No improvement in validation loss. Early stop counter: 1/10
Epoch [86/1000], Training Loss: 0.8428
Validation Loss: 0.8672
No improvement in validation loss. Early stop counter: 2/10
Epoch [87/1000], Training Loss: 0.8424
Validation Loss: 0.8668
New best model found with validation loss: 0.8668
Epoch [88/1000], Training Loss: 0.8435
Validation Loss: 0.8673
No improvement in validation loss. Early stop counter: 1/10
Epoch [89/1000], Training Loss: 0.8428
Validation Loss: 0.8672
No improvement in validation loss. Early stop counter: 2/10
Epoch [90/1000], Training Loss: 0.8411
Validation Loss: 0.8667
New best model found with validation loss: 0.8667
Epoch [91/1000], Training Loss: 0.8426
Validation Loss: 0.8669
No improvement in validation loss. Early stop counter: 1/10
Epoch [92/1000], Training Loss: 0.8415
Validation Loss: 0.8667
No improvement in validation loss. Early stop counter: 2/10
Epoch [93/1000], Training Loss: 0.8433
Validation Loss: 0.8666
New best model found with validation loss: 0.8666
Epoch [94/1000], Training Loss: 0.8413
Validation Loss: 0.8666
No improvement in validation loss. Early stop counter: 1/10
Epoch [95/1000], Training Loss: 0.8419
Validation Loss: 0.8666
No improvement in validation loss. Early stop counter: 2/10
Epoch [96/1000], Training Loss: 0.8417
Validation Loss: 0.8666
New best model found with validation loss: 0.8666
Epoch [97/1000], Training Loss: 0.8425
Validation Loss: 0.8666
No improvement in validation loss. Early stop counter: 1/10
Epoch [98/1000], Training Loss: 0.8439
Validation Loss: 0.8664
New best model found with validation loss: 0.8664
Epoch [99/1000], Training Loss: 0.8435
Validation Loss: 0.8666
No improvement in validation loss. Early stop counter: 1/10
Epoch [100/1000], Training Loss: 0.8419
Validation Loss: 0.8665
No improvement in validation loss. Early stop counter: 2/10
Epoch [101/1000], Training Loss: 0.8418
Validation Loss: 0.8664
New best model found with validation loss: 0.8664
Epoch [102/1000], Training Loss: 0.8428
Validation Loss: 0.8665
No improvement in validation loss. Early stop counter: 1/10
Epoch [103/1000], Training Loss: 0.8425
Validation Loss: 0.8664
No improvement in validation loss. Early stop counter: 2/10
Epoch [104/1000], Training Loss: 0.8414
Validation Loss: 0.8663
New best model found with validation loss: 0.8663
Epoch [105/1000], Training Loss: 0.8407
Validation Loss: 0.8665
No improvement in validation loss. Early stop counter: 1/10
Epoch [106/1000], Training Loss: 0.8419
Validation Loss: 0.8663
New best model found with validation loss: 0.8663
Epoch [107/1000], Training Loss: 0.8434
Validation Loss: 0.8663
No improvement in validation loss. Early stop counter: 1/10
Epoch [108/1000], Training Loss: 0.8421
Validation Loss: 0.8663
New best model found with validation loss: 0.8663
Epoch [109/1000], Training Loss: 0.8417
Validation Loss: 0.8662
New best model found with validation loss: 0.8662
Epoch [110/1000], Training Loss: 0.8416
Validation Loss: 0.8662
New best model found with validation loss: 0.8662
Epoch [111/1000], Training Loss: 0.8405
Validation Loss: 0.8661
New best model found with validation loss: 0.8661
Epoch [112/1000], Training Loss: 0.8416
Validation Loss: 0.8662
No improvement in validation loss. Early stop counter: 1/10
Epoch [113/1000], Training Loss: 0.8411
Validation Loss: 0.8662
No improvement in validation loss. Early stop counter: 2/10
Epoch [114/1000], Training Loss: 0.8419
Validation Loss: 0.8662
No improvement in validation loss. Early stop counter: 3/10
Epoch [115/1000], Training Loss: 0.8402
Validation Loss: 0.8662
No improvement in validation loss. Early stop counter: 4/10
Epoch [116/1000], Training Loss: 0.8428
Validation Loss: 0.8662
No improvement in validation loss. Early stop counter: 5/10
Epoch [117/1000], Training Loss: 0.8404
Validation Loss: 0.8662
No improvement in validation loss. Early stop counter: 6/10
Epoch [118/1000], Training Loss: 0.8426
Validation Loss: 0.8662
No improvement in validation loss. Early stop counter: 7/10
Epoch [119/1000], Training Loss: 0.8422
Validation Loss: 0.8662
No improvement in validation loss. Early stop counter: 8/10
Epoch [120/1000], Training Loss: 0.8416
Validation Loss: 0.8662
No improvement in validation loss. Early stop counter: 9/10
Epoch [121/1000], Training Loss: 0.8423
Validation Loss: 0.8662
No improvement in validation loss. Early stop counter: 10/10
Early stopping triggered after 121 epochs.
Best model for fold 2 saved successfully.

Starting Fold 3/5...
Initializing ClassificationModel with 1 GAT layers and residual connections...
Initializing MCModel with 1 GAT layers and 1 row attention layers...
Initializing CGModel with 1 GAT layers and residual connections...
Initializing CoreModel with 1 self-attention layers...
Using 4 GPUs with DataParallel.
Epoch [1/1000], Training Loss: 1.3795
Validation Loss: 1.3074
New best model found with validation loss: 1.3074
Epoch [2/1000], Training Loss: 1.2890
Validation Loss: 1.2479
New best model found with validation loss: 1.2479
Epoch [3/1000], Training Loss: 1.2168
Validation Loss: 1.1667
New best model found with validation loss: 1.1667
Epoch [4/1000], Training Loss: 1.1512
Validation Loss: 1.1246
New best model found with validation loss: 1.1246
Epoch [5/1000], Training Loss: 1.1098
Validation Loss: 1.0975
New best model found with validation loss: 1.0975
Epoch [6/1000], Training Loss: 1.0942
Validation Loss: 1.0800
New best model found with validation loss: 1.0800
Epoch [7/1000], Training Loss: 1.0678
Validation Loss: 1.0488
New best model found with validation loss: 1.0488
Epoch [8/1000], Training Loss: 1.0441
Validation Loss: 1.0391
New best model found with validation loss: 1.0391
Epoch [9/1000], Training Loss: 1.0306
Validation Loss: 1.0314
New best model found with validation loss: 1.0314
Epoch [10/1000], Training Loss: 1.0146
Validation Loss: 1.0080
New best model found with validation loss: 1.0080
Epoch [11/1000], Training Loss: 0.9920
Validation Loss: 0.9960
New best model found with validation loss: 0.9960
Epoch [12/1000], Training Loss: 0.9816
Validation Loss: 0.9873
New best model found with validation loss: 0.9873
Epoch [13/1000], Training Loss: 0.9748
Validation Loss: 0.9928
No improvement in validation loss. Early stop counter: 1/10
Epoch [14/1000], Training Loss: 0.9678
Validation Loss: 0.9877
No improvement in validation loss. Early stop counter: 2/10
Epoch [15/1000], Training Loss: 0.9621
Validation Loss: 0.9704
New best model found with validation loss: 0.9704
Epoch [16/1000], Training Loss: 0.9545
Validation Loss: 0.9630
New best model found with validation loss: 0.9630
Epoch [17/1000], Training Loss: 0.9497
Validation Loss: 0.9597
New best model found with validation loss: 0.9597
Epoch [18/1000], Training Loss: 0.9446
Validation Loss: 0.9516
New best model found with validation loss: 0.9516
Epoch [19/1000], Training Loss: 0.9389
Validation Loss: 0.9544
No improvement in validation loss. Early stop counter: 1/10
Epoch [20/1000], Training Loss: 0.9398
Validation Loss: 0.9451
New best model found with validation loss: 0.9451
Epoch [21/1000], Training Loss: 0.9206
Validation Loss: 0.9339
New best model found with validation loss: 0.9339
Epoch [22/1000], Training Loss: 0.9183
Validation Loss: 0.9278
New best model found with validation loss: 0.9278
Epoch [23/1000], Training Loss: 0.9136
Validation Loss: 0.9288
No improvement in validation loss. Early stop counter: 1/10
Epoch [24/1000], Training Loss: 0.9107
Validation Loss: 0.9324
No improvement in validation loss. Early stop counter: 2/10
Epoch [25/1000], Training Loss: 0.9043
Validation Loss: 0.9277
New best model found with validation loss: 0.9277
Epoch [26/1000], Training Loss: 0.9049
Validation Loss: 0.9179
New best model found with validation loss: 0.9179
Epoch [27/1000], Training Loss: 0.8981
Validation Loss: 0.9154
New best model found with validation loss: 0.9154
Epoch [28/1000], Training Loss: 0.8976
Validation Loss: 0.9139
New best model found with validation loss: 0.9139
Epoch [29/1000], Training Loss: 0.8946
Validation Loss: 0.9087
New best model found with validation loss: 0.9087
Epoch [30/1000], Training Loss: 0.8920
Validation Loss: 0.9187
No improvement in validation loss. Early stop counter: 1/10
Epoch [31/1000], Training Loss: 0.8824
Validation Loss: 0.8996
New best model found with validation loss: 0.8996
Epoch [32/1000], Training Loss: 0.8807
Validation Loss: 0.9017
No improvement in validation loss. Early stop counter: 1/10
Epoch [33/1000], Training Loss: 0.8793
Validation Loss: 0.8989
New best model found with validation loss: 0.8989
Epoch [34/1000], Training Loss: 0.8767
Validation Loss: 0.8955
New best model found with validation loss: 0.8955
Epoch [35/1000], Training Loss: 0.8763
Validation Loss: 0.8966
No improvement in validation loss. Early stop counter: 1/10
Epoch [36/1000], Training Loss: 0.8736
Validation Loss: 0.8923
New best model found with validation loss: 0.8923
Epoch [37/1000], Training Loss: 0.8723
Validation Loss: 0.8901
New best model found with validation loss: 0.8901
Epoch [38/1000], Training Loss: 0.8700
Validation Loss: 0.8904
No improvement in validation loss. Early stop counter: 1/10
Epoch [39/1000], Training Loss: 0.8678
Validation Loss: 0.8897
New best model found with validation loss: 0.8897
Epoch [40/1000], Training Loss: 0.8679
Validation Loss: 0.8912
No improvement in validation loss. Early stop counter: 1/10
Epoch [41/1000], Training Loss: 0.8617
Validation Loss: 0.8835
New best model found with validation loss: 0.8835
Epoch [42/1000], Training Loss: 0.8608
Validation Loss: 0.8841
No improvement in validation loss. Early stop counter: 1/10
Epoch [43/1000], Training Loss: 0.8613
Validation Loss: 0.8826
New best model found with validation loss: 0.8826
Epoch [44/1000], Training Loss: 0.8575
Validation Loss: 0.8817
New best model found with validation loss: 0.8817
Epoch [45/1000], Training Loss: 0.8570
Validation Loss: 0.8786
New best model found with validation loss: 0.8786
Epoch [46/1000], Training Loss: 0.8556
Validation Loss: 0.8773
New best model found with validation loss: 0.8773
Epoch [47/1000], Training Loss: 0.8546
Validation Loss: 0.8776
No improvement in validation loss. Early stop counter: 1/10
Epoch [48/1000], Training Loss: 0.8545
Validation Loss: 0.8803
No improvement in validation loss. Early stop counter: 2/10
Epoch [49/1000], Training Loss: 0.8546
Validation Loss: 0.8760
New best model found with validation loss: 0.8760
Epoch [50/1000], Training Loss: 0.8556
Validation Loss: 0.8764
No improvement in validation loss. Early stop counter: 1/10
Epoch [51/1000], Training Loss: 0.8512
Validation Loss: 0.8732
New best model found with validation loss: 0.8732
Epoch [52/1000], Training Loss: 0.8493
Validation Loss: 0.8730
New best model found with validation loss: 0.8730
Epoch [53/1000], Training Loss: 0.8484
Validation Loss: 0.8737
No improvement in validation loss. Early stop counter: 1/10
Epoch [54/1000], Training Loss: 0.8480
Validation Loss: 0.8716
New best model found with validation loss: 0.8716
Epoch [55/1000], Training Loss: 0.8459
Validation Loss: 0.8741
No improvement in validation loss. Early stop counter: 1/10
Epoch [56/1000], Training Loss: 0.8455
Validation Loss: 0.8713
New best model found with validation loss: 0.8713
Epoch [57/1000], Training Loss: 0.8455
Validation Loss: 0.8704
New best model found with validation loss: 0.8704
Epoch [58/1000], Training Loss: 0.8455
Validation Loss: 0.8721
No improvement in validation loss. Early stop counter: 1/10
Epoch [59/1000], Training Loss: 0.8460
Validation Loss: 0.8692
New best model found with validation loss: 0.8692
Epoch [60/1000], Training Loss: 0.8452
Validation Loss: 0.8696
No improvement in validation loss. Early stop counter: 1/10
Epoch [61/1000], Training Loss: 0.8428
Validation Loss: 0.8687
New best model found with validation loss: 0.8687
Epoch [62/1000], Training Loss: 0.8440
Validation Loss: 0.8681
New best model found with validation loss: 0.8681
Epoch [63/1000], Training Loss: 0.8425
Validation Loss: 0.8678
New best model found with validation loss: 0.8678
Epoch [64/1000], Training Loss: 0.8448
Validation Loss: 0.8676
New best model found with validation loss: 0.8676
Epoch [65/1000], Training Loss: 0.8435
Validation Loss: 0.8700
No improvement in validation loss. Early stop counter: 1/10
Epoch [66/1000], Training Loss: 0.8417
Validation Loss: 0.8678
No improvement in validation loss. Early stop counter: 2/10
Epoch [67/1000], Training Loss: 0.8425
Validation Loss: 0.8679
No improvement in validation loss. Early stop counter: 3/10
Epoch [68/1000], Training Loss: 0.8424
Validation Loss: 0.8665
New best model found with validation loss: 0.8665
Epoch [69/1000], Training Loss: 0.8421
Validation Loss: 0.8668
No improvement in validation loss. Early stop counter: 1/10
Epoch [70/1000], Training Loss: 0.8408
Validation Loss: 0.8659
New best model found with validation loss: 0.8659
Epoch [71/1000], Training Loss: 0.8404
Validation Loss: 0.8662
No improvement in validation loss. Early stop counter: 1/10
Epoch [72/1000], Training Loss: 0.8404
Validation Loss: 0.8653
New best model found with validation loss: 0.8653
Epoch [73/1000], Training Loss: 0.8383
Validation Loss: 0.8657
No improvement in validation loss. Early stop counter: 1/10
Epoch [74/1000], Training Loss: 0.8398
Validation Loss: 0.8653
New best model found with validation loss: 0.8653
Epoch [75/1000], Training Loss: 0.8396
Validation Loss: 0.8665
No improvement in validation loss. Early stop counter: 1/10
Epoch [76/1000], Training Loss: 0.8399
Validation Loss: 0.8654
No improvement in validation loss. Early stop counter: 2/10
Epoch [77/1000], Training Loss: 0.8388
Validation Loss: 0.8651
New best model found with validation loss: 0.8651
Epoch [78/1000], Training Loss: 0.8397
Validation Loss: 0.8648
New best model found with validation loss: 0.8648
Epoch [79/1000], Training Loss: 0.8393
Validation Loss: 0.8646
New best model found with validation loss: 0.8646
Epoch [80/1000], Training Loss: 0.8384
Validation Loss: 0.8651
No improvement in validation loss. Early stop counter: 1/10
Epoch [81/1000], Training Loss: 0.8374
Validation Loss: 0.8639
New best model found with validation loss: 0.8639
Epoch [82/1000], Training Loss: 0.8391
Validation Loss: 0.8641
No improvement in validation loss. Early stop counter: 1/10
Epoch [83/1000], Training Loss: 0.8356
Validation Loss: 0.8640
No improvement in validation loss. Early stop counter: 2/10
Epoch [84/1000], Training Loss: 0.8386
Validation Loss: 0.8643
No improvement in validation loss. Early stop counter: 3/10
Epoch [85/1000], Training Loss: 0.8377
Validation Loss: 0.8642
No improvement in validation loss. Early stop counter: 4/10
Epoch [86/1000], Training Loss: 0.8369
Validation Loss: 0.8637
New best model found with validation loss: 0.8637
Epoch [87/1000], Training Loss: 0.8377
Validation Loss: 0.8639
No improvement in validation loss. Early stop counter: 1/10
Epoch [88/1000], Training Loss: 0.8364
Validation Loss: 0.8637
No improvement in validation loss. Early stop counter: 2/10
Epoch [89/1000], Training Loss: 0.8403
Validation Loss: 0.8636
New best model found with validation loss: 0.8636
Epoch [90/1000], Training Loss: 0.8381
Validation Loss: 0.8633
New best model found with validation loss: 0.8633
Epoch [91/1000], Training Loss: 0.8355
Validation Loss: 0.8632
New best model found with validation loss: 0.8632
Epoch [92/1000], Training Loss: 0.8362
Validation Loss: 0.8633
No improvement in validation loss. Early stop counter: 1/10
Epoch [93/1000], Training Loss: 0.8369
Validation Loss: 0.8631
New best model found with validation loss: 0.8631
Epoch [94/1000], Training Loss: 0.8373
Validation Loss: 0.8632
No improvement in validation loss. Early stop counter: 1/10
Epoch [95/1000], Training Loss: 0.8359
Validation Loss: 0.8632
No improvement in validation loss. Early stop counter: 2/10
Epoch [96/1000], Training Loss: 0.8384
Validation Loss: 0.8631
New best model found with validation loss: 0.8631
Epoch [97/1000], Training Loss: 0.8368
Validation Loss: 0.8631
New best model found with validation loss: 0.8631
Epoch [98/1000], Training Loss: 0.8375
Validation Loss: 0.8630
New best model found with validation loss: 0.8630
Epoch [99/1000], Training Loss: 0.8355
Validation Loss: 0.8630
No improvement in validation loss. Early stop counter: 1/10
Epoch [100/1000], Training Loss: 0.8376
Validation Loss: 0.8630
New best model found with validation loss: 0.8630
Epoch [101/1000], Training Loss: 0.8368
Validation Loss: 0.8630
New best model found with validation loss: 0.8630
Epoch [102/1000], Training Loss: 0.8369
Validation Loss: 0.8630
No improvement in validation loss. Early stop counter: 1/10
Epoch [103/1000], Training Loss: 0.8370
Validation Loss: 0.8630
No improvement in validation loss. Early stop counter: 2/10
Epoch [104/1000], Training Loss: 0.8355
Validation Loss: 0.8629
New best model found with validation loss: 0.8629
Epoch [105/1000], Training Loss: 0.8343
Validation Loss: 0.8629
New best model found with validation loss: 0.8629
Epoch [106/1000], Training Loss: 0.8359
Validation Loss: 0.8628
New best model found with validation loss: 0.8628
Epoch [107/1000], Training Loss: 0.8381
Validation Loss: 0.8629
No improvement in validation loss. Early stop counter: 1/10
Epoch [108/1000], Training Loss: 0.8366
Validation Loss: 0.8629
No improvement in validation loss. Early stop counter: 2/10
Epoch [109/1000], Training Loss: 0.8367
Validation Loss: 0.8629
No improvement in validation loss. Early stop counter: 3/10
Epoch [110/1000], Training Loss: 0.8375
Validation Loss: 0.8628
New best model found with validation loss: 0.8628
Epoch [111/1000], Training Loss: 0.8388
Validation Loss: 0.8628
No improvement in validation loss. Early stop counter: 1/10
Epoch [112/1000], Training Loss: 0.8377
Validation Loss: 0.8628
No improvement in validation loss. Early stop counter: 2/10
Epoch [113/1000], Training Loss: 0.8356
Validation Loss: 0.8628
No improvement in validation loss. Early stop counter: 3/10
Epoch [114/1000], Training Loss: 0.8358
Validation Loss: 0.8628
No improvement in validation loss. Early stop counter: 4/10
Epoch [115/1000], Training Loss: 0.8364
Validation Loss: 0.8628
No improvement in validation loss. Early stop counter: 5/10
Epoch [116/1000], Training Loss: 0.8359
Validation Loss: 0.8628
No improvement in validation loss. Early stop counter: 6/10
Epoch [117/1000], Training Loss: 0.8367
Validation Loss: 0.8628
No improvement in validation loss. Early stop counter: 7/10
Epoch [118/1000], Training Loss: 0.8351
Validation Loss: 0.8628
No improvement in validation loss. Early stop counter: 8/10
Epoch [119/1000], Training Loss: 0.8370
Validation Loss: 0.8627
New best model found with validation loss: 0.8627
Epoch [120/1000], Training Loss: 0.8369
Validation Loss: 0.8627
No improvement in validation loss. Early stop counter: 1/10
Epoch [121/1000], Training Loss: 0.8373
Validation Loss: 0.8627
New best model found with validation loss: 0.8627
Epoch [122/1000], Training Loss: 0.8371
Validation Loss: 0.8627
No improvement in validation loss. Early stop counter: 1/10
Epoch [123/1000], Training Loss: 0.8371
Validation Loss: 0.8627
New best model found with validation loss: 0.8627
Epoch [124/1000], Training Loss: 0.8370
Validation Loss: 0.8627
No improvement in validation loss. Early stop counter: 1/10
Epoch [125/1000], Training Loss: 0.8354
Validation Loss: 0.8627
No improvement in validation loss. Early stop counter: 2/10
Epoch [126/1000], Training Loss: 0.8361
Validation Loss: 0.8627
No improvement in validation loss. Early stop counter: 3/10
Epoch [127/1000], Training Loss: 0.8364
Validation Loss: 0.8627
No improvement in validation loss. Early stop counter: 4/10
Epoch [128/1000], Training Loss: 0.8365
Validation Loss: 0.8627
No improvement in validation loss. Early stop counter: 5/10
Epoch [129/1000], Training Loss: 0.8356
Validation Loss: 0.8627
No improvement in validation loss. Early stop counter: 6/10
Epoch [130/1000], Training Loss: 0.8388
Validation Loss: 0.8627
New best model found with validation loss: 0.8627
Epoch [131/1000], Training Loss: 0.8364
Validation Loss: 0.8627
No improvement in validation loss. Early stop counter: 1/10
Epoch [132/1000], Training Loss: 0.8352
Validation Loss: 0.8627
New best model found with validation loss: 0.8627
Epoch [133/1000], Training Loss: 0.8366
Validation Loss: 0.8627
No improvement in validation loss. Early stop counter: 1/10
Epoch [134/1000], Training Loss: 0.8369
Validation Loss: 0.8627
New best model found with validation loss: 0.8627
Epoch [135/1000], Training Loss: 0.8372
Validation Loss: 0.8627
New best model found with validation loss: 0.8627
Epoch [136/1000], Training Loss: 0.8355
Validation Loss: 0.8627
No improvement in validation loss. Early stop counter: 1/10
Epoch [137/1000], Training Loss: 0.8362
Validation Loss: 0.8627
New best model found with validation loss: 0.8627
Epoch [138/1000], Training Loss: 0.8351
Validation Loss: 0.8627
New best model found with validation loss: 0.8627
Epoch [139/1000], Training Loss: 0.8357
Validation Loss: 0.8627
No improvement in validation loss. Early stop counter: 1/10
Epoch [140/1000], Training Loss: 0.8366
Validation Loss: 0.8626
New best model found with validation loss: 0.8626
Epoch [141/1000], Training Loss: 0.8382
Validation Loss: 0.8626
No improvement in validation loss. Early stop counter: 1/10
Epoch [142/1000], Training Loss: 0.8361
Validation Loss: 0.8626
No improvement in validation loss. Early stop counter: 2/10
Epoch [143/1000], Training Loss: 0.8358
Validation Loss: 0.8626
No improvement in validation loss. Early stop counter: 3/10
Epoch [144/1000], Training Loss: 0.8370
Validation Loss: 0.8626
No improvement in validation loss. Early stop counter: 4/10
Epoch [145/1000], Training Loss: 0.8341
Validation Loss: 0.8627
No improvement in validation loss. Early stop counter: 5/10
Epoch [146/1000], Training Loss: 0.8369
Validation Loss: 0.8626
New best model found with validation loss: 0.8626
Epoch [147/1000], Training Loss: 0.8381
Validation Loss: 0.8626
No improvement in validation loss. Early stop counter: 1/10
Epoch [148/1000], Training Loss: 0.8370
Validation Loss: 0.8626
New best model found with validation loss: 0.8626
Epoch [149/1000], Training Loss: 0.8353
Validation Loss: 0.8626
No improvement in validation loss. Early stop counter: 1/10
Epoch [150/1000], Training Loss: 0.8364
Validation Loss: 0.8626
No improvement in validation loss. Early stop counter: 2/10
Epoch [151/1000], Training Loss: 0.8394
Validation Loss: 0.8626
No improvement in validation loss. Early stop counter: 3/10
Epoch [152/1000], Training Loss: 0.8367
Validation Loss: 0.8626
No improvement in validation loss. Early stop counter: 4/10
Epoch [153/1000], Training Loss: 0.8381
Validation Loss: 0.8626
No improvement in validation loss. Early stop counter: 5/10
Epoch [154/1000], Training Loss: 0.8372
Validation Loss: 0.8626
No improvement in validation loss. Early stop counter: 6/10
Epoch [155/1000], Training Loss: 0.8345
Validation Loss: 0.8626
New best model found with validation loss: 0.8626
Epoch [156/1000], Training Loss: 0.8358
Validation Loss: 0.8626
No improvement in validation loss. Early stop counter: 1/10
Epoch [157/1000], Training Loss: 0.8364
Validation Loss: 0.8626
No improvement in validation loss. Early stop counter: 2/10
Epoch [158/1000], Training Loss: 0.8383
Validation Loss: 0.8626
No improvement in validation loss. Early stop counter: 3/10
Epoch [159/1000], Training Loss: 0.8376
Validation Loss: 0.8626
No improvement in validation loss. Early stop counter: 4/10
Epoch [160/1000], Training Loss: 0.8373
Validation Loss: 0.8626
No improvement in validation loss. Early stop counter: 5/10
Epoch [161/1000], Training Loss: 0.8372
Validation Loss: 0.8626
No improvement in validation loss. Early stop counter: 6/10
Epoch [162/1000], Training Loss: 0.8365
Validation Loss: 0.8626
No improvement in validation loss. Early stop counter: 7/10
Epoch [163/1000], Training Loss: 0.8357
Validation Loss: 0.8626
No improvement in validation loss. Early stop counter: 8/10
Epoch [164/1000], Training Loss: 0.8356
Validation Loss: 0.8626
No improvement in validation loss. Early stop counter: 9/10
Epoch [165/1000], Training Loss: 0.8349
Validation Loss: 0.8626
No improvement in validation loss. Early stop counter: 10/10
Early stopping triggered after 165 epochs.
Best model for fold 3 saved successfully.

Starting Fold 4/5...
Initializing ClassificationModel with 1 GAT layers and residual connections...
Initializing MCModel with 1 GAT layers and 1 row attention layers...
Initializing CGModel with 1 GAT layers and residual connections...
Initializing CoreModel with 1 self-attention layers...
Using 4 GPUs with DataParallel.
Epoch [1/1000], Training Loss: 1.3780
Validation Loss: 1.3412
New best model found with validation loss: 1.3412
Epoch [2/1000], Training Loss: 1.2798
Validation Loss: 1.2588
New best model found with validation loss: 1.2588
Epoch [3/1000], Training Loss: 1.2080
Validation Loss: 1.1808
New best model found with validation loss: 1.1808
Epoch [4/1000], Training Loss: 1.1592
Validation Loss: 1.1511
New best model found with validation loss: 1.1511
Epoch [5/1000], Training Loss: 1.1302
Validation Loss: 1.1108
New best model found with validation loss: 1.1108
Epoch [6/1000], Training Loss: 1.1007
Validation Loss: 1.0829
New best model found with validation loss: 1.0829
Epoch [7/1000], Training Loss: 1.0804
Validation Loss: 1.0833
No improvement in validation loss. Early stop counter: 1/10
Epoch [8/1000], Training Loss: 1.0740
Validation Loss: 1.0561
New best model found with validation loss: 1.0561
Epoch [9/1000], Training Loss: 1.0439
Validation Loss: 1.0412
New best model found with validation loss: 1.0412
Epoch [10/1000], Training Loss: 1.0276
Validation Loss: 1.0208
New best model found with validation loss: 1.0208
Epoch [11/1000], Training Loss: 1.0067
Validation Loss: 1.0108
New best model found with validation loss: 1.0108
Epoch [12/1000], Training Loss: 0.9964
Validation Loss: 1.0106
New best model found with validation loss: 1.0106
Epoch [13/1000], Training Loss: 0.9867
Validation Loss: 0.9868
New best model found with validation loss: 0.9868
Epoch [14/1000], Training Loss: 0.9770
Validation Loss: 0.9815
New best model found with validation loss: 0.9815
Epoch [15/1000], Training Loss: 0.9715
Validation Loss: 0.9721
New best model found with validation loss: 0.9721
Epoch [16/1000], Training Loss: 0.9657
Validation Loss: 0.9759
No improvement in validation loss. Early stop counter: 1/10
Epoch [17/1000], Training Loss: 0.9613
Validation Loss: 0.9792
No improvement in validation loss. Early stop counter: 2/10
Epoch [18/1000], Training Loss: 0.9554
Validation Loss: 0.9702
New best model found with validation loss: 0.9702
Epoch [19/1000], Training Loss: 0.9542
Validation Loss: 0.9643
New best model found with validation loss: 0.9643
Epoch [20/1000], Training Loss: 0.9424
Validation Loss: 0.9517
New best model found with validation loss: 0.9517
Epoch [21/1000], Training Loss: 0.9335
Validation Loss: 0.9439
New best model found with validation loss: 0.9439
Epoch [22/1000], Training Loss: 0.9288
Validation Loss: 0.9413
New best model found with validation loss: 0.9413
Epoch [23/1000], Training Loss: 0.9242
Validation Loss: 0.9341
New best model found with validation loss: 0.9341
Epoch [24/1000], Training Loss: 0.9213
Validation Loss: 0.9362
No improvement in validation loss. Early stop counter: 1/10
Epoch [25/1000], Training Loss: 0.9160
Validation Loss: 0.9258
New best model found with validation loss: 0.9258
Epoch [26/1000], Training Loss: 0.9118
Validation Loss: 0.9283
No improvement in validation loss. Early stop counter: 1/10
Epoch [27/1000], Training Loss: 0.9103
Validation Loss: 0.9238
New best model found with validation loss: 0.9238
Epoch [28/1000], Training Loss: 0.9057
Validation Loss: 0.9175
New best model found with validation loss: 0.9175
Epoch [29/1000], Training Loss: 0.9037
Validation Loss: 0.9149
New best model found with validation loss: 0.9149
Epoch [30/1000], Training Loss: 0.8996
Validation Loss: 0.9212
No improvement in validation loss. Early stop counter: 1/10
Epoch [31/1000], Training Loss: 0.8918
Validation Loss: 0.9042
New best model found with validation loss: 0.9042
Epoch [32/1000], Training Loss: 0.8898
Validation Loss: 0.9053
No improvement in validation loss. Early stop counter: 1/10
Epoch [33/1000], Training Loss: 0.8872
Validation Loss: 0.9086
No improvement in validation loss. Early stop counter: 2/10
Epoch [34/1000], Training Loss: 0.8869
Validation Loss: 0.9010
New best model found with validation loss: 0.9010
Epoch [35/1000], Training Loss: 0.8833
Validation Loss: 0.9071
No improvement in validation loss. Early stop counter: 1/10
Epoch [36/1000], Training Loss: 0.8825
Validation Loss: 0.8969
New best model found with validation loss: 0.8969
Epoch [37/1000], Training Loss: 0.8799
Validation Loss: 0.8955
New best model found with validation loss: 0.8955
Epoch [38/1000], Training Loss: 0.8782
Validation Loss: 0.8935
New best model found with validation loss: 0.8935
Epoch [39/1000], Training Loss: 0.8788
Validation Loss: 0.8946
No improvement in validation loss. Early stop counter: 1/10
Epoch [40/1000], Training Loss: 0.8753
Validation Loss: 0.8917
New best model found with validation loss: 0.8917
Epoch [41/1000], Training Loss: 0.8717
Validation Loss: 0.8866
New best model found with validation loss: 0.8866
Epoch [42/1000], Training Loss: 0.8668
Validation Loss: 0.8852
New best model found with validation loss: 0.8852
Epoch [43/1000], Training Loss: 0.8694
Validation Loss: 0.8867
No improvement in validation loss. Early stop counter: 1/10
Epoch [44/1000], Training Loss: 0.8665
Validation Loss: 0.8841
New best model found with validation loss: 0.8841
Epoch [45/1000], Training Loss: 0.8654
Validation Loss: 0.8848
No improvement in validation loss. Early stop counter: 1/10
Epoch [46/1000], Training Loss: 0.8646
Validation Loss: 0.8818
New best model found with validation loss: 0.8818
Epoch [47/1000], Training Loss: 0.8647
Validation Loss: 0.8808
New best model found with validation loss: 0.8808
Epoch [48/1000], Training Loss: 0.8645
Validation Loss: 0.8840
No improvement in validation loss. Early stop counter: 1/10
Epoch [49/1000], Training Loss: 0.8616
Validation Loss: 0.8804
New best model found with validation loss: 0.8804
Epoch [50/1000], Training Loss: 0.8627
Validation Loss: 0.8785
New best model found with validation loss: 0.8785
Epoch [51/1000], Training Loss: 0.8593
Validation Loss: 0.8788
No improvement in validation loss. Early stop counter: 1/10
Epoch [52/1000], Training Loss: 0.8585
Validation Loss: 0.8788
No improvement in validation loss. Early stop counter: 2/10
Epoch [53/1000], Training Loss: 0.8571
Validation Loss: 0.8792
No improvement in validation loss. Early stop counter: 3/10
Epoch [54/1000], Training Loss: 0.8557
Validation Loss: 0.8776
New best model found with validation loss: 0.8776
Epoch [55/1000], Training Loss: 0.8566
Validation Loss: 0.8746
New best model found with validation loss: 0.8746
Epoch [56/1000], Training Loss: 0.8552
Validation Loss: 0.8755
No improvement in validation loss. Early stop counter: 1/10
Epoch [57/1000], Training Loss: 0.8538
Validation Loss: 0.8739
New best model found with validation loss: 0.8739
Epoch [58/1000], Training Loss: 0.8545
Validation Loss: 0.8742
No improvement in validation loss. Early stop counter: 1/10
Epoch [59/1000], Training Loss: 0.8534
Validation Loss: 0.8726
New best model found with validation loss: 0.8726
Epoch [60/1000], Training Loss: 0.8517
Validation Loss: 0.8725
New best model found with validation loss: 0.8725
Epoch [61/1000], Training Loss: 0.8499
Validation Loss: 0.8726
No improvement in validation loss. Early stop counter: 1/10
Epoch [62/1000], Training Loss: 0.8516
Validation Loss: 0.8713
New best model found with validation loss: 0.8713
Epoch [63/1000], Training Loss: 0.8528
Validation Loss: 0.8729
No improvement in validation loss. Early stop counter: 1/10
Epoch [64/1000], Training Loss: 0.8528
Validation Loss: 0.8705
New best model found with validation loss: 0.8705
Epoch [65/1000], Training Loss: 0.8505
Validation Loss: 0.8718
No improvement in validation loss. Early stop counter: 1/10
Epoch [66/1000], Training Loss: 0.8507
Validation Loss: 0.8702
New best model found with validation loss: 0.8702
Epoch [67/1000], Training Loss: 0.8488
Validation Loss: 0.8708
No improvement in validation loss. Early stop counter: 1/10
Epoch [68/1000], Training Loss: 0.8494
Validation Loss: 0.8697
New best model found with validation loss: 0.8697
Epoch [69/1000], Training Loss: 0.8495
Validation Loss: 0.8696
New best model found with validation loss: 0.8696
Epoch [70/1000], Training Loss: 0.8498
Validation Loss: 0.8692
New best model found with validation loss: 0.8692
Epoch [71/1000], Training Loss: 0.8489
Validation Loss: 0.8691
New best model found with validation loss: 0.8691
Epoch [72/1000], Training Loss: 0.8487
Validation Loss: 0.8687
New best model found with validation loss: 0.8687
Epoch [73/1000], Training Loss: 0.8490
Validation Loss: 0.8692
No improvement in validation loss. Early stop counter: 1/10
Epoch [74/1000], Training Loss: 0.8471
Validation Loss: 0.8690
No improvement in validation loss. Early stop counter: 2/10
Epoch [75/1000], Training Loss: 0.8469
Validation Loss: 0.8682
New best model found with validation loss: 0.8682
Epoch [76/1000], Training Loss: 0.8460
Validation Loss: 0.8677
New best model found with validation loss: 0.8677
Epoch [77/1000], Training Loss: 0.8455
Validation Loss: 0.8674
New best model found with validation loss: 0.8674
Epoch [78/1000], Training Loss: 0.8454
Validation Loss: 0.8672
New best model found with validation loss: 0.8672
Epoch [79/1000], Training Loss: 0.8479
Validation Loss: 0.8678
No improvement in validation loss. Early stop counter: 1/10
Epoch [80/1000], Training Loss: 0.8481
Validation Loss: 0.8684
No improvement in validation loss. Early stop counter: 2/10
Epoch [81/1000], Training Loss: 0.8463
Validation Loss: 0.8681
No improvement in validation loss. Early stop counter: 3/10
Epoch [82/1000], Training Loss: 0.8460
Validation Loss: 0.8670
New best model found with validation loss: 0.8670
Epoch [83/1000], Training Loss: 0.8455
Validation Loss: 0.8671
No improvement in validation loss. Early stop counter: 1/10
Epoch [84/1000], Training Loss: 0.8460
Validation Loss: 0.8672
No improvement in validation loss. Early stop counter: 2/10
Epoch [85/1000], Training Loss: 0.8443
Validation Loss: 0.8676
No improvement in validation loss. Early stop counter: 3/10
Epoch [86/1000], Training Loss: 0.8461
Validation Loss: 0.8669
New best model found with validation loss: 0.8669
Epoch [87/1000], Training Loss: 0.8453
Validation Loss: 0.8671
No improvement in validation loss. Early stop counter: 1/10
Epoch [88/1000], Training Loss: 0.8461
Validation Loss: 0.8668
New best model found with validation loss: 0.8668
Epoch [89/1000], Training Loss: 0.8467
Validation Loss: 0.8667
New best model found with validation loss: 0.8667
Epoch [90/1000], Training Loss: 0.8454
Validation Loss: 0.8666
New best model found with validation loss: 0.8666
Epoch [91/1000], Training Loss: 0.8457
Validation Loss: 0.8664
New best model found with validation loss: 0.8664
Epoch [92/1000], Training Loss: 0.8446
Validation Loss: 0.8664
New best model found with validation loss: 0.8664
Epoch [93/1000], Training Loss: 0.8446
Validation Loss: 0.8668
No improvement in validation loss. Early stop counter: 1/10
Epoch [94/1000], Training Loss: 0.8466
Validation Loss: 0.8662
New best model found with validation loss: 0.8662
Epoch [95/1000], Training Loss: 0.8453
Validation Loss: 0.8666
No improvement in validation loss. Early stop counter: 1/10
Epoch [96/1000], Training Loss: 0.8460
Validation Loss: 0.8665
No improvement in validation loss. Early stop counter: 2/10
Epoch [97/1000], Training Loss: 0.8441
Validation Loss: 0.8664
No improvement in validation loss. Early stop counter: 3/10
Epoch [98/1000], Training Loss: 0.8455
Validation Loss: 0.8663
No improvement in validation loss. Early stop counter: 4/10
Epoch [99/1000], Training Loss: 0.8468
Validation Loss: 0.8663
No improvement in validation loss. Early stop counter: 5/10
Epoch [100/1000], Training Loss: 0.8453
Validation Loss: 0.8661
New best model found with validation loss: 0.8661
Epoch [101/1000], Training Loss: 0.8440
Validation Loss: 0.8661
No improvement in validation loss. Early stop counter: 1/10
Epoch [102/1000], Training Loss: 0.8453
Validation Loss: 0.8661
New best model found with validation loss: 0.8661
Epoch [103/1000], Training Loss: 0.8449
Validation Loss: 0.8661
No improvement in validation loss. Early stop counter: 1/10
Epoch [104/1000], Training Loss: 0.8428
Validation Loss: 0.8660
New best model found with validation loss: 0.8660
Epoch [105/1000], Training Loss: 0.8457
Validation Loss: 0.8661
No improvement in validation loss. Early stop counter: 1/10
Epoch [106/1000], Training Loss: 0.8453
Validation Loss: 0.8661
No improvement in validation loss. Early stop counter: 2/10
Epoch [107/1000], Training Loss: 0.8453
Validation Loss: 0.8660
No improvement in validation loss. Early stop counter: 3/10
Epoch [108/1000], Training Loss: 0.8454
Validation Loss: 0.8660
New best model found with validation loss: 0.8660
Epoch [109/1000], Training Loss: 0.8440
Validation Loss: 0.8659
New best model found with validation loss: 0.8659
Epoch [110/1000], Training Loss: 0.8446
Validation Loss: 0.8659
New best model found with validation loss: 0.8659
Epoch [111/1000], Training Loss: 0.8448
Validation Loss: 0.8659
New best model found with validation loss: 0.8659
Epoch [112/1000], Training Loss: 0.8455
Validation Loss: 0.8659
No improvement in validation loss. Early stop counter: 1/10
Epoch [113/1000], Training Loss: 0.8448
Validation Loss: 0.8659
New best model found with validation loss: 0.8659
Epoch [114/1000], Training Loss: 0.8453
Validation Loss: 0.8659
No improvement in validation loss. Early stop counter: 1/10
Epoch [115/1000], Training Loss: 0.8418
Validation Loss: 0.8659
New best model found with validation loss: 0.8659
Epoch [116/1000], Training Loss: 0.8441
Validation Loss: 0.8659
No improvement in validation loss. Early stop counter: 1/10
Epoch [117/1000], Training Loss: 0.8427
Validation Loss: 0.8659
New best model found with validation loss: 0.8659
Epoch [118/1000], Training Loss: 0.8438
Validation Loss: 0.8659
No improvement in validation loss. Early stop counter: 1/10
Epoch [119/1000], Training Loss: 0.8439
Validation Loss: 0.8659
No improvement in validation loss. Early stop counter: 2/10
Epoch [120/1000], Training Loss: 0.8457
Validation Loss: 0.8659
No improvement in validation loss. Early stop counter: 3/10
Epoch [121/1000], Training Loss: 0.8447
Validation Loss: 0.8658
New best model found with validation loss: 0.8658
Epoch [122/1000], Training Loss: 0.8448
Validation Loss: 0.8658
New best model found with validation loss: 0.8658
Epoch [123/1000], Training Loss: 0.8434
Validation Loss: 0.8658
No improvement in validation loss. Early stop counter: 1/10
Epoch [124/1000], Training Loss: 0.8468
Validation Loss: 0.8658
New best model found with validation loss: 0.8658
Epoch [125/1000], Training Loss: 0.8439
Validation Loss: 0.8658
No improvement in validation loss. Early stop counter: 1/10
Epoch [126/1000], Training Loss: 0.8444
Validation Loss: 0.8658
New best model found with validation loss: 0.8658
Epoch [127/1000], Training Loss: 0.8446
Validation Loss: 0.8658
New best model found with validation loss: 0.8658
Epoch [128/1000], Training Loss: 0.8459
Validation Loss: 0.8658
No improvement in validation loss. Early stop counter: 1/10
Epoch [129/1000], Training Loss: 0.8450
Validation Loss: 0.8658
New best model found with validation loss: 0.8658
Epoch [130/1000], Training Loss: 0.8422
Validation Loss: 0.8657
New best model found with validation loss: 0.8657
Epoch [131/1000], Training Loss: 0.8426
Validation Loss: 0.8657
New best model found with validation loss: 0.8657
Epoch [132/1000], Training Loss: 0.8445
Validation Loss: 0.8658
No improvement in validation loss. Early stop counter: 1/10
Epoch [133/1000], Training Loss: 0.8440
Validation Loss: 0.8658
No improvement in validation loss. Early stop counter: 2/10
Epoch [134/1000], Training Loss: 0.8459
Validation Loss: 0.8658
No improvement in validation loss. Early stop counter: 3/10
Epoch [135/1000], Training Loss: 0.8442
Validation Loss: 0.8658
No improvement in validation loss. Early stop counter: 4/10
Epoch [136/1000], Training Loss: 0.8450
Validation Loss: 0.8658
No improvement in validation loss. Early stop counter: 5/10
Epoch [137/1000], Training Loss: 0.8443
Validation Loss: 0.8658
No improvement in validation loss. Early stop counter: 6/10
Epoch [138/1000], Training Loss: 0.8422
Validation Loss: 0.8658
No improvement in validation loss. Early stop counter: 7/10
Epoch [139/1000], Training Loss: 0.8451
Validation Loss: 0.8658
No improvement in validation loss. Early stop counter: 8/10
Epoch [140/1000], Training Loss: 0.8450
Validation Loss: 0.8658
No improvement in validation loss. Early stop counter: 9/10
Epoch [141/1000], Training Loss: 0.8439
Validation Loss: 0.8658
No improvement in validation loss. Early stop counter: 10/10
Early stopping triggered after 141 epochs.
Best model for fold 4 saved successfully.

Starting Fold 5/5...
Initializing ClassificationModel with 1 GAT layers and residual connections...
Initializing MCModel with 1 GAT layers and 1 row attention layers...
Initializing CGModel with 1 GAT layers and residual connections...
Initializing CoreModel with 1 self-attention layers...
Using 4 GPUs with DataParallel.
Epoch [1/1000], Training Loss: 1.3755
Validation Loss: 1.3114
New best model found with validation loss: 1.3114
Epoch [2/1000], Training Loss: 1.2851
Validation Loss: 1.2478
New best model found with validation loss: 1.2478
Epoch [3/1000], Training Loss: 1.2221
Validation Loss: 1.1969
New best model found with validation loss: 1.1969
Epoch [4/1000], Training Loss: 1.1728
Validation Loss: 1.1699
New best model found with validation loss: 1.1699
Epoch [5/1000], Training Loss: 1.1428
Validation Loss: 1.1207
New best model found with validation loss: 1.1207
Epoch [6/1000], Training Loss: 1.1148
Validation Loss: 1.1010
New best model found with validation loss: 1.1010
Epoch [7/1000], Training Loss: 1.0902
Validation Loss: 1.0714
New best model found with validation loss: 1.0714
Epoch [8/1000], Training Loss: 1.0662
Validation Loss: 1.0600
New best model found with validation loss: 1.0600
Epoch [9/1000], Training Loss: 1.0491
Validation Loss: 1.0468
New best model found with validation loss: 1.0468
Epoch [10/1000], Training Loss: 1.0394
Validation Loss: 1.0339
New best model found with validation loss: 1.0339
Epoch [11/1000], Training Loss: 1.0118
Validation Loss: 1.0157
New best model found with validation loss: 1.0157
Epoch [12/1000], Training Loss: 1.0013
Validation Loss: 0.9996
New best model found with validation loss: 0.9996
Epoch [13/1000], Training Loss: 0.9906
Validation Loss: 0.9936
New best model found with validation loss: 0.9936
Epoch [14/1000], Training Loss: 0.9818
Validation Loss: 0.9921
New best model found with validation loss: 0.9921
Epoch [15/1000], Training Loss: 0.9753
Validation Loss: 0.9913
New best model found with validation loss: 0.9913
Epoch [16/1000], Training Loss: 0.9689
Validation Loss: 0.9693
New best model found with validation loss: 0.9693
Epoch [17/1000], Training Loss: 0.9608
Validation Loss: 0.9778
No improvement in validation loss. Early stop counter: 1/10
Epoch [18/1000], Training Loss: 0.9520
Validation Loss: 0.9614
New best model found with validation loss: 0.9614
Epoch [19/1000], Training Loss: 0.9456
Validation Loss: 0.9524
New best model found with validation loss: 0.9524
Epoch [20/1000], Training Loss: 0.9398
Validation Loss: 0.9409
New best model found with validation loss: 0.9409
Epoch [21/1000], Training Loss: 0.9281
Validation Loss: 0.9395
New best model found with validation loss: 0.9395
Epoch [22/1000], Training Loss: 0.9219
Validation Loss: 0.9329
New best model found with validation loss: 0.9329
Epoch [23/1000], Training Loss: 0.9206
Validation Loss: 0.9441
No improvement in validation loss. Early stop counter: 1/10
Epoch [24/1000], Training Loss: 0.9206
Validation Loss: 0.9256
New best model found with validation loss: 0.9256
Epoch [25/1000], Training Loss: 0.9096
Validation Loss: 0.9224
New best model found with validation loss: 0.9224
Epoch [26/1000], Training Loss: 0.9072
Validation Loss: 0.9264
No improvement in validation loss. Early stop counter: 1/10
Epoch [27/1000], Training Loss: 0.9069
Validation Loss: 0.9176
New best model found with validation loss: 0.9176
Epoch [28/1000], Training Loss: 0.9017
Validation Loss: 0.9234
No improvement in validation loss. Early stop counter: 1/10
Epoch [29/1000], Training Loss: 0.8989
Validation Loss: 0.9093
New best model found with validation loss: 0.9093
Epoch [30/1000], Training Loss: 0.8953
Validation Loss: 0.9147
No improvement in validation loss. Early stop counter: 1/10
Epoch [31/1000], Training Loss: 0.8901
Validation Loss: 0.9026
New best model found with validation loss: 0.9026
Epoch [32/1000], Training Loss: 0.8853
Validation Loss: 0.9013
New best model found with validation loss: 0.9013
Epoch [33/1000], Training Loss: 0.8834
Validation Loss: 0.9082
No improvement in validation loss. Early stop counter: 1/10
Epoch [34/1000], Training Loss: 0.8801
Validation Loss: 0.9045
No improvement in validation loss. Early stop counter: 2/10
Epoch [35/1000], Training Loss: 0.8800
Validation Loss: 0.8997
New best model found with validation loss: 0.8997
Epoch [36/1000], Training Loss: 0.8797
Validation Loss: 0.8923
New best model found with validation loss: 0.8923
Epoch [37/1000], Training Loss: 0.8764
Validation Loss: 0.8923
No improvement in validation loss. Early stop counter: 1/10
Epoch [38/1000], Training Loss: 0.8735
Validation Loss: 0.8937
No improvement in validation loss. Early stop counter: 2/10
Epoch [39/1000], Training Loss: 0.8723
Validation Loss: 0.8945
No improvement in validation loss. Early stop counter: 3/10
Epoch [40/1000], Training Loss: 0.8698
Validation Loss: 0.8865
New best model found with validation loss: 0.8865
Epoch [41/1000], Training Loss: 0.8658
Validation Loss: 0.8864
New best model found with validation loss: 0.8864
Epoch [42/1000], Training Loss: 0.8652
Validation Loss: 0.8837
New best model found with validation loss: 0.8837
Epoch [43/1000], Training Loss: 0.8639
Validation Loss: 0.8838
No improvement in validation loss. Early stop counter: 1/10
Epoch [44/1000], Training Loss: 0.8606
Validation Loss: 0.8832
New best model found with validation loss: 0.8832
Epoch [45/1000], Training Loss: 0.8613
Validation Loss: 0.8840
No improvement in validation loss. Early stop counter: 1/10
Epoch [46/1000], Training Loss: 0.8613
Validation Loss: 0.8802
New best model found with validation loss: 0.8802
Epoch [47/1000], Training Loss: 0.8601
Validation Loss: 0.8790
New best model found with validation loss: 0.8790
Epoch [48/1000], Training Loss: 0.8577
Validation Loss: 0.8796
No improvement in validation loss. Early stop counter: 1/10
Epoch [49/1000], Training Loss: 0.8579
Validation Loss: 0.8792
No improvement in validation loss. Early stop counter: 2/10
Epoch [50/1000], Training Loss: 0.8559
Validation Loss: 0.8801
No improvement in validation loss. Early stop counter: 3/10
Epoch [51/1000], Training Loss: 0.8531
Validation Loss: 0.8767
New best model found with validation loss: 0.8767
Epoch [52/1000], Training Loss: 0.8537
Validation Loss: 0.8756
New best model found with validation loss: 0.8756
Epoch [53/1000], Training Loss: 0.8528
Validation Loss: 0.8758
No improvement in validation loss. Early stop counter: 1/10
Epoch [54/1000], Training Loss: 0.8509
Validation Loss: 0.8753
New best model found with validation loss: 0.8753
Epoch [55/1000], Training Loss: 0.8527
Validation Loss: 0.8737
New best model found with validation loss: 0.8737
Epoch [56/1000], Training Loss: 0.8500
Validation Loss: 0.8729
New best model found with validation loss: 0.8729
Epoch [57/1000], Training Loss: 0.8511
Validation Loss: 0.8721
New best model found with validation loss: 0.8721
Epoch [58/1000], Training Loss: 0.8513
Validation Loss: 0.8716
New best model found with validation loss: 0.8716
Epoch [59/1000], Training Loss: 0.8477
Validation Loss: 0.8742
No improvement in validation loss. Early stop counter: 1/10
Epoch [60/1000], Training Loss: 0.8496
Validation Loss: 0.8708
New best model found with validation loss: 0.8708
Epoch [61/1000], Training Loss: 0.8482
Validation Loss: 0.8703
New best model found with validation loss: 0.8703
Epoch [62/1000], Training Loss: 0.8471
Validation Loss: 0.8696
New best model found with validation loss: 0.8696
Epoch [63/1000], Training Loss: 0.8462
Validation Loss: 0.8696
No improvement in validation loss. Early stop counter: 1/10
Epoch [64/1000], Training Loss: 0.8472
Validation Loss: 0.8695
New best model found with validation loss: 0.8695
Epoch [65/1000], Training Loss: 0.8486
Validation Loss: 0.8696
No improvement in validation loss. Early stop counter: 1/10
Epoch [66/1000], Training Loss: 0.8469
Validation Loss: 0.8683
New best model found with validation loss: 0.8683
Epoch [67/1000], Training Loss: 0.8453
Validation Loss: 0.8702
No improvement in validation loss. Early stop counter: 1/10
Epoch [68/1000], Training Loss: 0.8438
Validation Loss: 0.8686
No improvement in validation loss. Early stop counter: 2/10
Epoch [69/1000], Training Loss: 0.8451
Validation Loss: 0.8681
New best model found with validation loss: 0.8681
Epoch [70/1000], Training Loss: 0.8447
Validation Loss: 0.8682
No improvement in validation loss. Early stop counter: 1/10
Epoch [71/1000], Training Loss: 0.8437
Validation Loss: 0.8684
No improvement in validation loss. Early stop counter: 2/10
Epoch [72/1000], Training Loss: 0.8450
Validation Loss: 0.8675
New best model found with validation loss: 0.8675
Epoch [73/1000], Training Loss: 0.8445
Validation Loss: 0.8671
New best model found with validation loss: 0.8671
Epoch [74/1000], Training Loss: 0.8422
Validation Loss: 0.8667
New best model found with validation loss: 0.8667
Epoch [75/1000], Training Loss: 0.8437
Validation Loss: 0.8667
New best model found with validation loss: 0.8667
Epoch [76/1000], Training Loss: 0.8430
Validation Loss: 0.8672
No improvement in validation loss. Early stop counter: 1/10
Epoch [77/1000], Training Loss: 0.8443
Validation Loss: 0.8664
New best model found with validation loss: 0.8664
Epoch [78/1000], Training Loss: 0.8431
Validation Loss: 0.8661
New best model found with validation loss: 0.8661
Epoch [79/1000], Training Loss: 0.8435
Validation Loss: 0.8666
No improvement in validation loss. Early stop counter: 1/10
Epoch [80/1000], Training Loss: 0.8417
Validation Loss: 0.8664
No improvement in validation loss. Early stop counter: 2/10
Epoch [81/1000], Training Loss: 0.8414
Validation Loss: 0.8660
New best model found with validation loss: 0.8660
Epoch [82/1000], Training Loss: 0.8428
Validation Loss: 0.8662
No improvement in validation loss. Early stop counter: 1/10
Epoch [83/1000], Training Loss: 0.8428
Validation Loss: 0.8656
New best model found with validation loss: 0.8656
Epoch [84/1000], Training Loss: 0.8422
Validation Loss: 0.8656
No improvement in validation loss. Early stop counter: 1/10
Epoch [85/1000], Training Loss: 0.8406
Validation Loss: 0.8660
No improvement in validation loss. Early stop counter: 2/10
Epoch [86/1000], Training Loss: 0.8428
Validation Loss: 0.8657
No improvement in validation loss. Early stop counter: 3/10
Epoch [87/1000], Training Loss: 0.8417
Validation Loss: 0.8654
New best model found with validation loss: 0.8654
Epoch [88/1000], Training Loss: 0.8389
Validation Loss: 0.8660
No improvement in validation loss. Early stop counter: 1/10
Epoch [89/1000], Training Loss: 0.8402
Validation Loss: 0.8654
No improvement in validation loss. Early stop counter: 2/10
Epoch [90/1000], Training Loss: 0.8409
Validation Loss: 0.8655
No improvement in validation loss. Early stop counter: 3/10
Epoch [91/1000], Training Loss: 0.8422
Validation Loss: 0.8655
No improvement in validation loss. Early stop counter: 4/10
Epoch [92/1000], Training Loss: 0.8408
Validation Loss: 0.8653
New best model found with validation loss: 0.8653
Epoch [93/1000], Training Loss: 0.8418
Validation Loss: 0.8651
New best model found with validation loss: 0.8651
Epoch [94/1000], Training Loss: 0.8401
Validation Loss: 0.8650
New best model found with validation loss: 0.8650
Epoch [95/1000], Training Loss: 0.8414
Validation Loss: 0.8650
New best model found with validation loss: 0.8650
Epoch [96/1000], Training Loss: 0.8413
Validation Loss: 0.8651
No improvement in validation loss. Early stop counter: 1/10
Epoch [97/1000], Training Loss: 0.8404
Validation Loss: 0.8653
No improvement in validation loss. Early stop counter: 2/10
Epoch [98/1000], Training Loss: 0.8403
Validation Loss: 0.8649
New best model found with validation loss: 0.8649
Epoch [99/1000], Training Loss: 0.8407
Validation Loss: 0.8649
New best model found with validation loss: 0.8649
Epoch [100/1000], Training Loss: 0.8412
Validation Loss: 0.8649
No improvement in validation loss. Early stop counter: 1/10
Epoch [101/1000], Training Loss: 0.8418
Validation Loss: 0.8648
New best model found with validation loss: 0.8648
Epoch [102/1000], Training Loss: 0.8407
Validation Loss: 0.8648
No improvement in validation loss. Early stop counter: 1/10
Epoch [103/1000], Training Loss: 0.8416
Validation Loss: 0.8649
No improvement in validation loss. Early stop counter: 2/10
Epoch [104/1000], Training Loss: 0.8406
Validation Loss: 0.8651
No improvement in validation loss. Early stop counter: 3/10
Epoch [105/1000], Training Loss: 0.8408
Validation Loss: 0.8648
New best model found with validation loss: 0.8648
Epoch [106/1000], Training Loss: 0.8401
Validation Loss: 0.8648
No improvement in validation loss. Early stop counter: 1/10
Epoch [107/1000], Training Loss: 0.8409
Validation Loss: 0.8647
New best model found with validation loss: 0.8647
Epoch [108/1000], Training Loss: 0.8409
Validation Loss: 0.8649
No improvement in validation loss. Early stop counter: 1/10
Epoch [109/1000], Training Loss: 0.8420
Validation Loss: 0.8648
No improvement in validation loss. Early stop counter: 2/10
Epoch [110/1000], Training Loss: 0.8416
Validation Loss: 0.8646
New best model found with validation loss: 0.8646
Epoch [111/1000], Training Loss: 0.8395
Validation Loss: 0.8647
No improvement in validation loss. Early stop counter: 1/10
Epoch [112/1000], Training Loss: 0.8426
Validation Loss: 0.8646
No improvement in validation loss. Early stop counter: 2/10
Epoch [113/1000], Training Loss: 0.8394
Validation Loss: 0.8647
No improvement in validation loss. Early stop counter: 3/10
Epoch [114/1000], Training Loss: 0.8406
Validation Loss: 0.8646
No improvement in validation loss. Early stop counter: 4/10
Epoch [115/1000], Training Loss: 0.8402
Validation Loss: 0.8647
No improvement in validation loss. Early stop counter: 5/10
Epoch [116/1000], Training Loss: 0.8389
Validation Loss: 0.8647
No improvement in validation loss. Early stop counter: 6/10
Epoch [117/1000], Training Loss: 0.8403
Validation Loss: 0.8646
No improvement in validation loss. Early stop counter: 7/10
Epoch [118/1000], Training Loss: 0.8396
Validation Loss: 0.8647
No improvement in validation loss. Early stop counter: 8/10
Epoch [119/1000], Training Loss: 0.8414
Validation Loss: 0.8646
No improvement in validation loss. Early stop counter: 9/10
Epoch [120/1000], Training Loss: 0.8410
Validation Loss: 0.8646
No improvement in validation loss. Early stop counter: 10/10
Early stopping triggered after 120 epochs.
Best model for fold 5 saved successfully.

Cross-validation results:
Fold 1: Validation Loss = 0.8598
Fold 2: Validation Loss = 0.8661
Fold 3: Validation Loss = 0.8626
Fold 4: Validation Loss = 0.8657
Fold 5: Validation Loss = 0.8646
Average Validation Loss: 0.8638
